[2023-01-19T20:21:28.870+0000] {processor.py:153} INFO - Started process (PID=57) to work on /home/airflow/.local/lib/python3.7/site-packages/airflow/example_dags/example_short_circuit_operator.py
[2023-01-19T20:21:28.871+0000] {processor.py:743} INFO - Processing file /home/airflow/.local/lib/python3.7/site-packages/airflow/example_dags/example_short_circuit_operator.py for tasks to queue
[2023-01-19T20:21:28.872+0000] {logging_mixin.py:137} INFO - [2023-01-19T20:21:28.871+0000] {dagbag.py:538} INFO - Filling up the DagBag from /home/airflow/.local/lib/python3.7/site-packages/airflow/example_dags/example_short_circuit_operator.py
[2023-01-19T20:21:28.896+0000] {processor.py:753} INFO - DAG(s) dict_keys(['example_short_circuit_operator']) retrieved from /home/airflow/.local/lib/python3.7/site-packages/airflow/example_dags/example_short_circuit_operator.py
[2023-01-19T20:21:28.928+0000] {logging_mixin.py:137} INFO - [2023-01-19T20:21:28.928+0000] {dag.py:2676} INFO - Sync 1 DAGs
[2023-01-19T20:21:28.962+0000] {logging_mixin.py:137} INFO - [2023-01-19T20:21:28.962+0000] {dag.py:3427} INFO - Setting next_dagrun for example_short_circuit_operator to 2023-01-18T20:21:28.962225+00:00, run_after=2023-01-19T20:21:28.962225+00:00
[2023-01-19T20:21:28.991+0000] {processor.py:175} INFO - Processing /home/airflow/.local/lib/python3.7/site-packages/airflow/example_dags/example_short_circuit_operator.py took 0.126 seconds
[2023-01-19T20:21:59.883+0000] {processor.py:153} INFO - Started process (PID=129) to work on /home/airflow/.local/lib/python3.7/site-packages/airflow/example_dags/example_short_circuit_operator.py
[2023-01-19T20:21:59.885+0000] {processor.py:743} INFO - Processing file /home/airflow/.local/lib/python3.7/site-packages/airflow/example_dags/example_short_circuit_operator.py for tasks to queue
[2023-01-19T20:21:59.885+0000] {logging_mixin.py:137} INFO - [2023-01-19T20:21:59.885+0000] {dagbag.py:538} INFO - Filling up the DagBag from /home/airflow/.local/lib/python3.7/site-packages/airflow/example_dags/example_short_circuit_operator.py
[2023-01-19T20:21:59.913+0000] {processor.py:753} INFO - DAG(s) dict_keys(['example_short_circuit_operator']) retrieved from /home/airflow/.local/lib/python3.7/site-packages/airflow/example_dags/example_short_circuit_operator.py
[2023-01-19T20:21:59.964+0000] {logging_mixin.py:137} INFO - [2023-01-19T20:21:59.964+0000] {dag.py:2676} INFO - Sync 1 DAGs
[2023-01-19T20:22:00.000+0000] {logging_mixin.py:137} INFO - [2023-01-19T20:22:00.000+0000] {dag.py:3427} INFO - Setting next_dagrun for example_short_circuit_operator to 2023-01-18T20:21:59.999624+00:00, run_after=2023-01-19T20:21:59.999624+00:00
[2023-01-19T20:22:00.039+0000] {processor.py:175} INFO - Processing /home/airflow/.local/lib/python3.7/site-packages/airflow/example_dags/example_short_circuit_operator.py took 0.160 seconds
[2023-01-19T20:22:45.145+0000] {processor.py:153} INFO - Started process (PID=40) to work on /home/airflow/.local/lib/python3.7/site-packages/airflow/example_dags/example_short_circuit_operator.py
[2023-01-19T20:22:45.146+0000] {processor.py:743} INFO - Processing file /home/airflow/.local/lib/python3.7/site-packages/airflow/example_dags/example_short_circuit_operator.py for tasks to queue
[2023-01-19T20:22:45.147+0000] {logging_mixin.py:137} INFO - [2023-01-19T20:22:45.147+0000] {dagbag.py:538} INFO - Filling up the DagBag from /home/airflow/.local/lib/python3.7/site-packages/airflow/example_dags/example_short_circuit_operator.py
[2023-01-19T20:22:45.179+0000] {processor.py:753} INFO - DAG(s) dict_keys(['example_short_circuit_operator']) retrieved from /home/airflow/.local/lib/python3.7/site-packages/airflow/example_dags/example_short_circuit_operator.py
[2023-01-19T20:22:45.235+0000] {logging_mixin.py:137} INFO - [2023-01-19T20:22:45.235+0000] {dag.py:2676} INFO - Sync 1 DAGs
[2023-01-19T20:22:45.276+0000] {logging_mixin.py:137} INFO - [2023-01-19T20:22:45.276+0000] {dag.py:3427} INFO - Setting next_dagrun for example_short_circuit_operator to 2023-01-18T20:22:45.275716+00:00, run_after=2023-01-19T20:22:45.275716+00:00
[2023-01-19T20:22:45.315+0000] {processor.py:175} INFO - Processing /home/airflow/.local/lib/python3.7/site-packages/airflow/example_dags/example_short_circuit_operator.py took 0.174 seconds
[2023-01-19T20:23:15.947+0000] {processor.py:153} INFO - Started process (PID=129) to work on /home/airflow/.local/lib/python3.7/site-packages/airflow/example_dags/example_short_circuit_operator.py
[2023-01-19T20:23:15.949+0000] {processor.py:743} INFO - Processing file /home/airflow/.local/lib/python3.7/site-packages/airflow/example_dags/example_short_circuit_operator.py for tasks to queue
[2023-01-19T20:23:15.950+0000] {logging_mixin.py:137} INFO - [2023-01-19T20:23:15.950+0000] {dagbag.py:538} INFO - Filling up the DagBag from /home/airflow/.local/lib/python3.7/site-packages/airflow/example_dags/example_short_circuit_operator.py
[2023-01-19T20:23:15.977+0000] {processor.py:753} INFO - DAG(s) dict_keys(['example_short_circuit_operator']) retrieved from /home/airflow/.local/lib/python3.7/site-packages/airflow/example_dags/example_short_circuit_operator.py
[2023-01-19T20:23:16.044+0000] {logging_mixin.py:137} INFO - [2023-01-19T20:23:16.044+0000] {dag.py:2676} INFO - Sync 1 DAGs
[2023-01-19T20:23:16.087+0000] {logging_mixin.py:137} INFO - [2023-01-19T20:23:16.087+0000] {dag.py:3427} INFO - Setting next_dagrun for example_short_circuit_operator to 2023-01-18T20:23:16.086790+00:00, run_after=2023-01-19T20:23:16.086790+00:00
[2023-01-19T20:23:16.122+0000] {processor.py:175} INFO - Processing /home/airflow/.local/lib/python3.7/site-packages/airflow/example_dags/example_short_circuit_operator.py took 0.179 seconds
[2023-01-19T20:23:46.655+0000] {processor.py:153} INFO - Started process (PID=201) to work on /home/airflow/.local/lib/python3.7/site-packages/airflow/example_dags/example_short_circuit_operator.py
[2023-01-19T20:23:46.656+0000] {processor.py:743} INFO - Processing file /home/airflow/.local/lib/python3.7/site-packages/airflow/example_dags/example_short_circuit_operator.py for tasks to queue
[2023-01-19T20:23:46.658+0000] {logging_mixin.py:137} INFO - [2023-01-19T20:23:46.657+0000] {dagbag.py:538} INFO - Filling up the DagBag from /home/airflow/.local/lib/python3.7/site-packages/airflow/example_dags/example_short_circuit_operator.py
[2023-01-19T20:23:46.684+0000] {processor.py:753} INFO - DAG(s) dict_keys(['example_short_circuit_operator']) retrieved from /home/airflow/.local/lib/python3.7/site-packages/airflow/example_dags/example_short_circuit_operator.py
[2023-01-19T20:23:46.796+0000] {logging_mixin.py:137} INFO - [2023-01-19T20:23:46.796+0000] {dag.py:2676} INFO - Sync 1 DAGs
[2023-01-19T20:23:46.835+0000] {logging_mixin.py:137} INFO - [2023-01-19T20:23:46.835+0000] {dag.py:3427} INFO - Setting next_dagrun for example_short_circuit_operator to 2023-01-18T20:23:46.835006+00:00, run_after=2023-01-19T20:23:46.835006+00:00
[2023-01-19T20:23:46.864+0000] {processor.py:175} INFO - Processing /home/airflow/.local/lib/python3.7/site-packages/airflow/example_dags/example_short_circuit_operator.py took 0.214 seconds
[2023-01-19T20:24:16.969+0000] {processor.py:153} INFO - Started process (PID=274) to work on /home/airflow/.local/lib/python3.7/site-packages/airflow/example_dags/example_short_circuit_operator.py
[2023-01-19T20:24:16.970+0000] {processor.py:743} INFO - Processing file /home/airflow/.local/lib/python3.7/site-packages/airflow/example_dags/example_short_circuit_operator.py for tasks to queue
[2023-01-19T20:24:16.971+0000] {logging_mixin.py:137} INFO - [2023-01-19T20:24:16.971+0000] {dagbag.py:538} INFO - Filling up the DagBag from /home/airflow/.local/lib/python3.7/site-packages/airflow/example_dags/example_short_circuit_operator.py
[2023-01-19T20:24:16.995+0000] {processor.py:753} INFO - DAG(s) dict_keys(['example_short_circuit_operator']) retrieved from /home/airflow/.local/lib/python3.7/site-packages/airflow/example_dags/example_short_circuit_operator.py
[2023-01-19T20:24:17.049+0000] {logging_mixin.py:137} INFO - [2023-01-19T20:24:17.048+0000] {dag.py:2676} INFO - Sync 1 DAGs
[2023-01-19T20:24:17.084+0000] {logging_mixin.py:137} INFO - [2023-01-19T20:24:17.084+0000] {dag.py:3427} INFO - Setting next_dagrun for example_short_circuit_operator to 2023-01-18T20:24:17.084548+00:00, run_after=2023-01-19T20:24:17.084548+00:00
[2023-01-19T20:24:17.113+0000] {processor.py:175} INFO - Processing /home/airflow/.local/lib/python3.7/site-packages/airflow/example_dags/example_short_circuit_operator.py took 0.148 seconds
[2023-01-19T20:24:47.442+0000] {processor.py:153} INFO - Started process (PID=362) to work on /home/airflow/.local/lib/python3.7/site-packages/airflow/example_dags/example_short_circuit_operator.py
[2023-01-19T20:24:47.443+0000] {processor.py:743} INFO - Processing file /home/airflow/.local/lib/python3.7/site-packages/airflow/example_dags/example_short_circuit_operator.py for tasks to queue
[2023-01-19T20:24:47.444+0000] {logging_mixin.py:137} INFO - [2023-01-19T20:24:47.444+0000] {dagbag.py:538} INFO - Filling up the DagBag from /home/airflow/.local/lib/python3.7/site-packages/airflow/example_dags/example_short_circuit_operator.py
[2023-01-19T20:24:47.469+0000] {processor.py:753} INFO - DAG(s) dict_keys(['example_short_circuit_operator']) retrieved from /home/airflow/.local/lib/python3.7/site-packages/airflow/example_dags/example_short_circuit_operator.py
[2023-01-19T20:24:47.525+0000] {logging_mixin.py:137} INFO - [2023-01-19T20:24:47.525+0000] {dag.py:2676} INFO - Sync 1 DAGs
[2023-01-19T20:24:47.575+0000] {logging_mixin.py:137} INFO - [2023-01-19T20:24:47.575+0000] {dag.py:3427} INFO - Setting next_dagrun for example_short_circuit_operator to 2023-01-18T20:24:47.575316+00:00, run_after=2023-01-19T20:24:47.575316+00:00
[2023-01-19T20:24:47.605+0000] {processor.py:175} INFO - Processing /home/airflow/.local/lib/python3.7/site-packages/airflow/example_dags/example_short_circuit_operator.py took 0.167 seconds
[2023-01-19T20:25:17.727+0000] {processor.py:153} INFO - Started process (PID=434) to work on /home/airflow/.local/lib/python3.7/site-packages/airflow/example_dags/example_short_circuit_operator.py
[2023-01-19T20:25:17.728+0000] {processor.py:743} INFO - Processing file /home/airflow/.local/lib/python3.7/site-packages/airflow/example_dags/example_short_circuit_operator.py for tasks to queue
[2023-01-19T20:25:17.729+0000] {logging_mixin.py:137} INFO - [2023-01-19T20:25:17.729+0000] {dagbag.py:538} INFO - Filling up the DagBag from /home/airflow/.local/lib/python3.7/site-packages/airflow/example_dags/example_short_circuit_operator.py
[2023-01-19T20:25:17.755+0000] {processor.py:753} INFO - DAG(s) dict_keys(['example_short_circuit_operator']) retrieved from /home/airflow/.local/lib/python3.7/site-packages/airflow/example_dags/example_short_circuit_operator.py
[2023-01-19T20:25:17.816+0000] {logging_mixin.py:137} INFO - [2023-01-19T20:25:17.816+0000] {dag.py:2676} INFO - Sync 1 DAGs
[2023-01-19T20:25:17.850+0000] {logging_mixin.py:137} INFO - [2023-01-19T20:25:17.850+0000] {dag.py:3427} INFO - Setting next_dagrun for example_short_circuit_operator to 2023-01-18T20:25:17.850342+00:00, run_after=2023-01-19T20:25:17.850342+00:00
[2023-01-19T20:25:17.880+0000] {processor.py:175} INFO - Processing /home/airflow/.local/lib/python3.7/site-packages/airflow/example_dags/example_short_circuit_operator.py took 0.159 seconds
[2023-01-19T20:25:48.037+0000] {processor.py:153} INFO - Started process (PID=506) to work on /home/airflow/.local/lib/python3.7/site-packages/airflow/example_dags/example_short_circuit_operator.py
[2023-01-19T20:25:48.038+0000] {processor.py:743} INFO - Processing file /home/airflow/.local/lib/python3.7/site-packages/airflow/example_dags/example_short_circuit_operator.py for tasks to queue
[2023-01-19T20:25:48.039+0000] {logging_mixin.py:137} INFO - [2023-01-19T20:25:48.039+0000] {dagbag.py:538} INFO - Filling up the DagBag from /home/airflow/.local/lib/python3.7/site-packages/airflow/example_dags/example_short_circuit_operator.py
[2023-01-19T20:25:48.069+0000] {processor.py:753} INFO - DAG(s) dict_keys(['example_short_circuit_operator']) retrieved from /home/airflow/.local/lib/python3.7/site-packages/airflow/example_dags/example_short_circuit_operator.py
[2023-01-19T20:25:48.112+0000] {logging_mixin.py:137} INFO - [2023-01-19T20:25:48.112+0000] {dag.py:2676} INFO - Sync 1 DAGs
[2023-01-19T20:25:48.157+0000] {logging_mixin.py:137} INFO - [2023-01-19T20:25:48.156+0000] {dag.py:3427} INFO - Setting next_dagrun for example_short_circuit_operator to 2023-01-18T20:25:48.156448+00:00, run_after=2023-01-19T20:25:48.156448+00:00
[2023-01-19T20:25:48.191+0000] {processor.py:175} INFO - Processing /home/airflow/.local/lib/python3.7/site-packages/airflow/example_dags/example_short_circuit_operator.py took 0.158 seconds
[2023-01-19T20:27:35.380+0000] {processor.py:153} INFO - Started process (PID=57) to work on /home/airflow/.local/lib/python3.7/site-packages/airflow/example_dags/example_short_circuit_operator.py
[2023-01-19T20:27:35.381+0000] {processor.py:743} INFO - Processing file /home/airflow/.local/lib/python3.7/site-packages/airflow/example_dags/example_short_circuit_operator.py for tasks to queue
[2023-01-19T20:27:35.382+0000] {logging_mixin.py:137} INFO - [2023-01-19T20:27:35.381+0000] {dagbag.py:538} INFO - Filling up the DagBag from /home/airflow/.local/lib/python3.7/site-packages/airflow/example_dags/example_short_circuit_operator.py
[2023-01-19T20:27:35.408+0000] {processor.py:753} INFO - DAG(s) dict_keys(['example_short_circuit_operator']) retrieved from /home/airflow/.local/lib/python3.7/site-packages/airflow/example_dags/example_short_circuit_operator.py
[2023-01-19T20:27:35.608+0000] {logging_mixin.py:137} INFO - [2023-01-19T20:27:35.608+0000] {manager.py:504} INFO - Created Permission View: can delete on DAG:example_short_circuit_operator
[2023-01-19T20:27:35.625+0000] {logging_mixin.py:137} INFO - [2023-01-19T20:27:35.624+0000] {manager.py:504} INFO - Created Permission View: can edit on DAG:example_short_circuit_operator
[2023-01-19T20:27:35.637+0000] {logging_mixin.py:137} INFO - [2023-01-19T20:27:35.637+0000] {manager.py:504} INFO - Created Permission View: can read on DAG:example_short_circuit_operator
[2023-01-19T20:27:35.638+0000] {logging_mixin.py:137} INFO - [2023-01-19T20:27:35.637+0000] {dag.py:2676} INFO - Sync 1 DAGs
[2023-01-19T20:27:35.658+0000] {logging_mixin.py:137} INFO - [2023-01-19T20:27:35.658+0000] {dag.py:2697} INFO - Creating ORM DAG for example_short_circuit_operator
[2023-01-19T20:27:35.672+0000] {logging_mixin.py:137} INFO - [2023-01-19T20:27:35.672+0000] {dag.py:3427} INFO - Setting next_dagrun for example_short_circuit_operator to 2023-01-18T20:27:35.672116+00:00, run_after=2023-01-19T20:27:35.672116+00:00
[2023-01-19T20:27:35.699+0000] {processor.py:175} INFO - Processing /home/airflow/.local/lib/python3.7/site-packages/airflow/example_dags/example_short_circuit_operator.py took 0.324 seconds
[2023-01-19T20:28:05.911+0000] {processor.py:153} INFO - Started process (PID=129) to work on /home/airflow/.local/lib/python3.7/site-packages/airflow/example_dags/example_short_circuit_operator.py
[2023-01-19T20:28:05.912+0000] {processor.py:743} INFO - Processing file /home/airflow/.local/lib/python3.7/site-packages/airflow/example_dags/example_short_circuit_operator.py for tasks to queue
[2023-01-19T20:28:05.913+0000] {logging_mixin.py:137} INFO - [2023-01-19T20:28:05.913+0000] {dagbag.py:538} INFO - Filling up the DagBag from /home/airflow/.local/lib/python3.7/site-packages/airflow/example_dags/example_short_circuit_operator.py
[2023-01-19T20:28:05.937+0000] {processor.py:753} INFO - DAG(s) dict_keys(['example_short_circuit_operator']) retrieved from /home/airflow/.local/lib/python3.7/site-packages/airflow/example_dags/example_short_circuit_operator.py
[2023-01-19T20:28:05.985+0000] {logging_mixin.py:137} INFO - [2023-01-19T20:28:05.985+0000] {dag.py:2676} INFO - Sync 1 DAGs
[2023-01-19T20:28:06.016+0000] {logging_mixin.py:137} INFO - [2023-01-19T20:28:06.015+0000] {dag.py:3427} INFO - Setting next_dagrun for example_short_circuit_operator to 2023-01-18T20:28:06.015597+00:00, run_after=2023-01-19T20:28:06.015597+00:00
[2023-01-19T20:28:06.041+0000] {processor.py:175} INFO - Processing /home/airflow/.local/lib/python3.7/site-packages/airflow/example_dags/example_short_circuit_operator.py took 0.135 seconds
[2023-01-19T20:28:36.475+0000] {processor.py:153} INFO - Started process (PID=201) to work on /home/airflow/.local/lib/python3.7/site-packages/airflow/example_dags/example_short_circuit_operator.py
[2023-01-19T20:28:36.477+0000] {processor.py:743} INFO - Processing file /home/airflow/.local/lib/python3.7/site-packages/airflow/example_dags/example_short_circuit_operator.py for tasks to queue
[2023-01-19T20:28:36.478+0000] {logging_mixin.py:137} INFO - [2023-01-19T20:28:36.478+0000] {dagbag.py:538} INFO - Filling up the DagBag from /home/airflow/.local/lib/python3.7/site-packages/airflow/example_dags/example_short_circuit_operator.py
[2023-01-19T20:28:36.505+0000] {processor.py:753} INFO - DAG(s) dict_keys(['example_short_circuit_operator']) retrieved from /home/airflow/.local/lib/python3.7/site-packages/airflow/example_dags/example_short_circuit_operator.py
[2023-01-19T20:28:36.558+0000] {logging_mixin.py:137} INFO - [2023-01-19T20:28:36.558+0000] {dag.py:2676} INFO - Sync 1 DAGs
[2023-01-19T20:28:36.592+0000] {logging_mixin.py:137} INFO - [2023-01-19T20:28:36.592+0000] {dag.py:3427} INFO - Setting next_dagrun for example_short_circuit_operator to 2023-01-18T20:28:36.591849+00:00, run_after=2023-01-19T20:28:36.591849+00:00
[2023-01-19T20:28:36.618+0000] {processor.py:175} INFO - Processing /home/airflow/.local/lib/python3.7/site-packages/airflow/example_dags/example_short_circuit_operator.py took 0.148 seconds
[2023-01-19T20:29:07.603+0000] {processor.py:153} INFO - Started process (PID=282) to work on /home/airflow/.local/lib/python3.7/site-packages/airflow/example_dags/example_short_circuit_operator.py
[2023-01-19T20:29:07.605+0000] {processor.py:743} INFO - Processing file /home/airflow/.local/lib/python3.7/site-packages/airflow/example_dags/example_short_circuit_operator.py for tasks to queue
[2023-01-19T20:29:07.606+0000] {logging_mixin.py:137} INFO - [2023-01-19T20:29:07.605+0000] {dagbag.py:538} INFO - Filling up the DagBag from /home/airflow/.local/lib/python3.7/site-packages/airflow/example_dags/example_short_circuit_operator.py
[2023-01-19T20:29:07.627+0000] {processor.py:753} INFO - DAG(s) dict_keys(['example_short_circuit_operator']) retrieved from /home/airflow/.local/lib/python3.7/site-packages/airflow/example_dags/example_short_circuit_operator.py
[2023-01-19T20:29:07.678+0000] {logging_mixin.py:137} INFO - [2023-01-19T20:29:07.678+0000] {dag.py:2676} INFO - Sync 1 DAGs
[2023-01-19T20:29:07.712+0000] {logging_mixin.py:137} INFO - [2023-01-19T20:29:07.711+0000] {dag.py:3427} INFO - Setting next_dagrun for example_short_circuit_operator to 2023-01-18T20:29:07.711549+00:00, run_after=2023-01-19T20:29:07.711549+00:00
[2023-01-19T20:29:07.742+0000] {processor.py:175} INFO - Processing /home/airflow/.local/lib/python3.7/site-packages/airflow/example_dags/example_short_circuit_operator.py took 0.144 seconds
[2023-01-19T20:29:37.833+0000] {processor.py:153} INFO - Started process (PID=362) to work on /home/airflow/.local/lib/python3.7/site-packages/airflow/example_dags/example_short_circuit_operator.py
[2023-01-19T20:29:37.834+0000] {processor.py:743} INFO - Processing file /home/airflow/.local/lib/python3.7/site-packages/airflow/example_dags/example_short_circuit_operator.py for tasks to queue
[2023-01-19T20:29:37.835+0000] {logging_mixin.py:137} INFO - [2023-01-19T20:29:37.835+0000] {dagbag.py:538} INFO - Filling up the DagBag from /home/airflow/.local/lib/python3.7/site-packages/airflow/example_dags/example_short_circuit_operator.py
[2023-01-19T20:29:37.861+0000] {processor.py:753} INFO - DAG(s) dict_keys(['example_short_circuit_operator']) retrieved from /home/airflow/.local/lib/python3.7/site-packages/airflow/example_dags/example_short_circuit_operator.py
[2023-01-19T20:29:37.911+0000] {logging_mixin.py:137} INFO - [2023-01-19T20:29:37.910+0000] {dag.py:2676} INFO - Sync 1 DAGs
[2023-01-19T20:29:37.941+0000] {logging_mixin.py:137} INFO - [2023-01-19T20:29:37.941+0000] {dag.py:3427} INFO - Setting next_dagrun for example_short_circuit_operator to 2023-01-18T20:29:37.941179+00:00, run_after=2023-01-19T20:29:37.941179+00:00
[2023-01-19T20:29:37.966+0000] {processor.py:175} INFO - Processing /home/airflow/.local/lib/python3.7/site-packages/airflow/example_dags/example_short_circuit_operator.py took 0.139 seconds
[2023-01-19T20:30:08.681+0000] {processor.py:153} INFO - Started process (PID=434) to work on /home/airflow/.local/lib/python3.7/site-packages/airflow/example_dags/example_short_circuit_operator.py
[2023-01-19T20:30:08.683+0000] {processor.py:743} INFO - Processing file /home/airflow/.local/lib/python3.7/site-packages/airflow/example_dags/example_short_circuit_operator.py for tasks to queue
[2023-01-19T20:30:08.684+0000] {logging_mixin.py:137} INFO - [2023-01-19T20:30:08.683+0000] {dagbag.py:538} INFO - Filling up the DagBag from /home/airflow/.local/lib/python3.7/site-packages/airflow/example_dags/example_short_circuit_operator.py
[2023-01-19T20:30:08.713+0000] {processor.py:753} INFO - DAG(s) dict_keys(['example_short_circuit_operator']) retrieved from /home/airflow/.local/lib/python3.7/site-packages/airflow/example_dags/example_short_circuit_operator.py
[2023-01-19T20:30:08.761+0000] {logging_mixin.py:137} INFO - [2023-01-19T20:30:08.761+0000] {dag.py:2676} INFO - Sync 1 DAGs
[2023-01-19T20:30:08.799+0000] {logging_mixin.py:137} INFO - [2023-01-19T20:30:08.799+0000] {dag.py:3427} INFO - Setting next_dagrun for example_short_circuit_operator to 2023-01-18T20:30:08.798793+00:00, run_after=2023-01-19T20:30:08.798793+00:00
[2023-01-19T20:30:08.826+0000] {processor.py:175} INFO - Processing /home/airflow/.local/lib/python3.7/site-packages/airflow/example_dags/example_short_circuit_operator.py took 0.152 seconds
[2023-01-19T20:30:38.902+0000] {processor.py:153} INFO - Started process (PID=506) to work on /home/airflow/.local/lib/python3.7/site-packages/airflow/example_dags/example_short_circuit_operator.py
[2023-01-19T20:30:38.902+0000] {processor.py:743} INFO - Processing file /home/airflow/.local/lib/python3.7/site-packages/airflow/example_dags/example_short_circuit_operator.py for tasks to queue
[2023-01-19T20:30:38.903+0000] {logging_mixin.py:137} INFO - [2023-01-19T20:30:38.903+0000] {dagbag.py:538} INFO - Filling up the DagBag from /home/airflow/.local/lib/python3.7/site-packages/airflow/example_dags/example_short_circuit_operator.py
[2023-01-19T20:30:38.923+0000] {processor.py:753} INFO - DAG(s) dict_keys(['example_short_circuit_operator']) retrieved from /home/airflow/.local/lib/python3.7/site-packages/airflow/example_dags/example_short_circuit_operator.py
[2023-01-19T20:30:38.968+0000] {logging_mixin.py:137} INFO - [2023-01-19T20:30:38.967+0000] {dag.py:2676} INFO - Sync 1 DAGs
[2023-01-19T20:30:39.006+0000] {logging_mixin.py:137} INFO - [2023-01-19T20:30:39.006+0000] {dag.py:3427} INFO - Setting next_dagrun for example_short_circuit_operator to 2023-01-18T20:30:39.005696+00:00, run_after=2023-01-19T20:30:39.005696+00:00
[2023-01-19T20:30:39.034+0000] {processor.py:175} INFO - Processing /home/airflow/.local/lib/python3.7/site-packages/airflow/example_dags/example_short_circuit_operator.py took 0.136 seconds
[2023-01-19T20:31:09.159+0000] {processor.py:153} INFO - Started process (PID=594) to work on /home/airflow/.local/lib/python3.7/site-packages/airflow/example_dags/example_short_circuit_operator.py
[2023-01-19T20:31:09.161+0000] {processor.py:743} INFO - Processing file /home/airflow/.local/lib/python3.7/site-packages/airflow/example_dags/example_short_circuit_operator.py for tasks to queue
[2023-01-19T20:31:09.162+0000] {logging_mixin.py:137} INFO - [2023-01-19T20:31:09.162+0000] {dagbag.py:538} INFO - Filling up the DagBag from /home/airflow/.local/lib/python3.7/site-packages/airflow/example_dags/example_short_circuit_operator.py
[2023-01-19T20:31:09.193+0000] {processor.py:753} INFO - DAG(s) dict_keys(['example_short_circuit_operator']) retrieved from /home/airflow/.local/lib/python3.7/site-packages/airflow/example_dags/example_short_circuit_operator.py
[2023-01-19T20:31:09.263+0000] {logging_mixin.py:137} INFO - [2023-01-19T20:31:09.263+0000] {dag.py:2676} INFO - Sync 1 DAGs
[2023-01-19T20:31:09.309+0000] {logging_mixin.py:137} INFO - [2023-01-19T20:31:09.309+0000] {dag.py:3427} INFO - Setting next_dagrun for example_short_circuit_operator to 2023-01-18T20:31:09.308651+00:00, run_after=2023-01-19T20:31:09.308651+00:00
[2023-01-19T20:31:09.349+0000] {processor.py:175} INFO - Processing /home/airflow/.local/lib/python3.7/site-packages/airflow/example_dags/example_short_circuit_operator.py took 0.196 seconds
[2023-01-19T20:31:40.052+0000] {processor.py:153} INFO - Started process (PID=666) to work on /home/airflow/.local/lib/python3.7/site-packages/airflow/example_dags/example_short_circuit_operator.py
[2023-01-19T20:31:40.053+0000] {processor.py:743} INFO - Processing file /home/airflow/.local/lib/python3.7/site-packages/airflow/example_dags/example_short_circuit_operator.py for tasks to queue
[2023-01-19T20:31:40.054+0000] {logging_mixin.py:137} INFO - [2023-01-19T20:31:40.054+0000] {dagbag.py:538} INFO - Filling up the DagBag from /home/airflow/.local/lib/python3.7/site-packages/airflow/example_dags/example_short_circuit_operator.py
[2023-01-19T20:31:40.077+0000] {processor.py:753} INFO - DAG(s) dict_keys(['example_short_circuit_operator']) retrieved from /home/airflow/.local/lib/python3.7/site-packages/airflow/example_dags/example_short_circuit_operator.py
[2023-01-19T20:31:40.132+0000] {logging_mixin.py:137} INFO - [2023-01-19T20:31:40.132+0000] {dag.py:2676} INFO - Sync 1 DAGs
[2023-01-19T20:31:40.175+0000] {logging_mixin.py:137} INFO - [2023-01-19T20:31:40.174+0000] {dag.py:3427} INFO - Setting next_dagrun for example_short_circuit_operator to 2023-01-18T20:31:40.174636+00:00, run_after=2023-01-19T20:31:40.174636+00:00
[2023-01-19T20:31:40.201+0000] {processor.py:175} INFO - Processing /home/airflow/.local/lib/python3.7/site-packages/airflow/example_dags/example_short_circuit_operator.py took 0.154 seconds
[2023-01-19T20:32:10.452+0000] {processor.py:153} INFO - Started process (PID=740) to work on /home/airflow/.local/lib/python3.7/site-packages/airflow/example_dags/example_short_circuit_operator.py
[2023-01-19T20:32:10.453+0000] {processor.py:743} INFO - Processing file /home/airflow/.local/lib/python3.7/site-packages/airflow/example_dags/example_short_circuit_operator.py for tasks to queue
[2023-01-19T20:32:10.454+0000] {logging_mixin.py:137} INFO - [2023-01-19T20:32:10.454+0000] {dagbag.py:538} INFO - Filling up the DagBag from /home/airflow/.local/lib/python3.7/site-packages/airflow/example_dags/example_short_circuit_operator.py
[2023-01-19T20:32:10.479+0000] {processor.py:753} INFO - DAG(s) dict_keys(['example_short_circuit_operator']) retrieved from /home/airflow/.local/lib/python3.7/site-packages/airflow/example_dags/example_short_circuit_operator.py
[2023-01-19T20:32:10.527+0000] {logging_mixin.py:137} INFO - [2023-01-19T20:32:10.526+0000] {dag.py:2676} INFO - Sync 1 DAGs
[2023-01-19T20:32:10.560+0000] {logging_mixin.py:137} INFO - [2023-01-19T20:32:10.560+0000] {dag.py:3427} INFO - Setting next_dagrun for example_short_circuit_operator to 2023-01-18T20:32:10.559913+00:00, run_after=2023-01-19T20:32:10.559913+00:00
[2023-01-19T20:32:10.589+0000] {processor.py:175} INFO - Processing /home/airflow/.local/lib/python3.7/site-packages/airflow/example_dags/example_short_circuit_operator.py took 0.141 seconds
[2023-01-19T20:32:40.623+0000] {processor.py:153} INFO - Started process (PID=821) to work on /home/airflow/.local/lib/python3.7/site-packages/airflow/example_dags/example_short_circuit_operator.py
[2023-01-19T20:32:40.624+0000] {processor.py:743} INFO - Processing file /home/airflow/.local/lib/python3.7/site-packages/airflow/example_dags/example_short_circuit_operator.py for tasks to queue
[2023-01-19T20:32:40.625+0000] {logging_mixin.py:137} INFO - [2023-01-19T20:32:40.625+0000] {dagbag.py:538} INFO - Filling up the DagBag from /home/airflow/.local/lib/python3.7/site-packages/airflow/example_dags/example_short_circuit_operator.py
[2023-01-19T20:32:40.647+0000] {processor.py:753} INFO - DAG(s) dict_keys(['example_short_circuit_operator']) retrieved from /home/airflow/.local/lib/python3.7/site-packages/airflow/example_dags/example_short_circuit_operator.py
[2023-01-19T20:32:40.698+0000] {logging_mixin.py:137} INFO - [2023-01-19T20:32:40.698+0000] {dag.py:2676} INFO - Sync 1 DAGs
[2023-01-19T20:32:40.734+0000] {logging_mixin.py:137} INFO - [2023-01-19T20:32:40.733+0000] {dag.py:3427} INFO - Setting next_dagrun for example_short_circuit_operator to 2023-01-18T20:32:40.733571+00:00, run_after=2023-01-19T20:32:40.733571+00:00
[2023-01-19T20:32:40.761+0000] {processor.py:175} INFO - Processing /home/airflow/.local/lib/python3.7/site-packages/airflow/example_dags/example_short_circuit_operator.py took 0.142 seconds
[2023-01-19T20:33:10.952+0000] {processor.py:153} INFO - Started process (PID=900) to work on /home/airflow/.local/lib/python3.7/site-packages/airflow/example_dags/example_short_circuit_operator.py
[2023-01-19T20:33:10.954+0000] {processor.py:743} INFO - Processing file /home/airflow/.local/lib/python3.7/site-packages/airflow/example_dags/example_short_circuit_operator.py for tasks to queue
[2023-01-19T20:33:10.955+0000] {logging_mixin.py:137} INFO - [2023-01-19T20:33:10.955+0000] {dagbag.py:538} INFO - Filling up the DagBag from /home/airflow/.local/lib/python3.7/site-packages/airflow/example_dags/example_short_circuit_operator.py
[2023-01-19T20:33:10.986+0000] {processor.py:753} INFO - DAG(s) dict_keys(['example_short_circuit_operator']) retrieved from /home/airflow/.local/lib/python3.7/site-packages/airflow/example_dags/example_short_circuit_operator.py
[2023-01-19T20:33:11.063+0000] {logging_mixin.py:137} INFO - [2023-01-19T20:33:11.063+0000] {dag.py:2676} INFO - Sync 1 DAGs
[2023-01-19T20:33:11.119+0000] {logging_mixin.py:137} INFO - [2023-01-19T20:33:11.118+0000] {dag.py:3427} INFO - Setting next_dagrun for example_short_circuit_operator to 2023-01-18T20:33:11.118484+00:00, run_after=2023-01-19T20:33:11.118484+00:00
[2023-01-19T20:33:11.154+0000] {processor.py:175} INFO - Processing /home/airflow/.local/lib/python3.7/site-packages/airflow/example_dags/example_short_circuit_operator.py took 0.207 seconds
[2023-01-19T20:33:41.304+0000] {processor.py:153} INFO - Started process (PID=972) to work on /home/airflow/.local/lib/python3.7/site-packages/airflow/example_dags/example_short_circuit_operator.py
[2023-01-19T20:33:41.306+0000] {processor.py:743} INFO - Processing file /home/airflow/.local/lib/python3.7/site-packages/airflow/example_dags/example_short_circuit_operator.py for tasks to queue
[2023-01-19T20:33:41.306+0000] {logging_mixin.py:137} INFO - [2023-01-19T20:33:41.306+0000] {dagbag.py:538} INFO - Filling up the DagBag from /home/airflow/.local/lib/python3.7/site-packages/airflow/example_dags/example_short_circuit_operator.py
[2023-01-19T20:33:41.327+0000] {processor.py:753} INFO - DAG(s) dict_keys(['example_short_circuit_operator']) retrieved from /home/airflow/.local/lib/python3.7/site-packages/airflow/example_dags/example_short_circuit_operator.py
[2023-01-19T20:33:41.374+0000] {logging_mixin.py:137} INFO - [2023-01-19T20:33:41.374+0000] {dag.py:2676} INFO - Sync 1 DAGs
[2023-01-19T20:33:41.404+0000] {logging_mixin.py:137} INFO - [2023-01-19T20:33:41.404+0000] {dag.py:3427} INFO - Setting next_dagrun for example_short_circuit_operator to 2023-01-18T20:33:41.404072+00:00, run_after=2023-01-19T20:33:41.404072+00:00
[2023-01-19T20:33:41.430+0000] {processor.py:175} INFO - Processing /home/airflow/.local/lib/python3.7/site-packages/airflow/example_dags/example_short_circuit_operator.py took 0.131 seconds
[2023-01-19T20:34:11.531+0000] {processor.py:153} INFO - Started process (PID=1044) to work on /home/airflow/.local/lib/python3.7/site-packages/airflow/example_dags/example_short_circuit_operator.py
[2023-01-19T20:34:11.533+0000] {processor.py:743} INFO - Processing file /home/airflow/.local/lib/python3.7/site-packages/airflow/example_dags/example_short_circuit_operator.py for tasks to queue
[2023-01-19T20:34:11.534+0000] {logging_mixin.py:137} INFO - [2023-01-19T20:34:11.533+0000] {dagbag.py:538} INFO - Filling up the DagBag from /home/airflow/.local/lib/python3.7/site-packages/airflow/example_dags/example_short_circuit_operator.py
[2023-01-19T20:34:11.557+0000] {processor.py:753} INFO - DAG(s) dict_keys(['example_short_circuit_operator']) retrieved from /home/airflow/.local/lib/python3.7/site-packages/airflow/example_dags/example_short_circuit_operator.py
[2023-01-19T20:34:11.609+0000] {logging_mixin.py:137} INFO - [2023-01-19T20:34:11.609+0000] {dag.py:2676} INFO - Sync 1 DAGs
[2023-01-19T20:34:11.641+0000] {logging_mixin.py:137} INFO - [2023-01-19T20:34:11.640+0000] {dag.py:3427} INFO - Setting next_dagrun for example_short_circuit_operator to 2023-01-18T20:34:11.640487+00:00, run_after=2023-01-19T20:34:11.640487+00:00
[2023-01-19T20:34:11.666+0000] {processor.py:175} INFO - Processing /home/airflow/.local/lib/python3.7/site-packages/airflow/example_dags/example_short_circuit_operator.py took 0.140 seconds
[2023-01-19T20:34:41.952+0000] {processor.py:153} INFO - Started process (PID=1125) to work on /home/airflow/.local/lib/python3.7/site-packages/airflow/example_dags/example_short_circuit_operator.py
[2023-01-19T20:34:41.953+0000] {processor.py:743} INFO - Processing file /home/airflow/.local/lib/python3.7/site-packages/airflow/example_dags/example_short_circuit_operator.py for tasks to queue
[2023-01-19T20:34:41.954+0000] {logging_mixin.py:137} INFO - [2023-01-19T20:34:41.954+0000] {dagbag.py:538} INFO - Filling up the DagBag from /home/airflow/.local/lib/python3.7/site-packages/airflow/example_dags/example_short_circuit_operator.py
[2023-01-19T20:34:42.023+0000] {processor.py:753} INFO - DAG(s) dict_keys(['example_short_circuit_operator']) retrieved from /home/airflow/.local/lib/python3.7/site-packages/airflow/example_dags/example_short_circuit_operator.py
[2023-01-19T20:34:42.110+0000] {logging_mixin.py:137} INFO - [2023-01-19T20:34:42.110+0000] {dag.py:2676} INFO - Sync 1 DAGs
[2023-01-19T20:34:42.155+0000] {logging_mixin.py:137} INFO - [2023-01-19T20:34:42.155+0000] {dag.py:3427} INFO - Setting next_dagrun for example_short_circuit_operator to 2023-01-18T20:34:42.155334+00:00, run_after=2023-01-19T20:34:42.155334+00:00
[2023-01-19T20:34:42.184+0000] {processor.py:175} INFO - Processing /home/airflow/.local/lib/python3.7/site-packages/airflow/example_dags/example_short_circuit_operator.py took 0.236 seconds
[2023-01-19T20:35:12.711+0000] {processor.py:153} INFO - Started process (PID=1204) to work on /home/airflow/.local/lib/python3.7/site-packages/airflow/example_dags/example_short_circuit_operator.py
[2023-01-19T20:35:12.713+0000] {processor.py:743} INFO - Processing file /home/airflow/.local/lib/python3.7/site-packages/airflow/example_dags/example_short_circuit_operator.py for tasks to queue
[2023-01-19T20:35:12.713+0000] {logging_mixin.py:137} INFO - [2023-01-19T20:35:12.713+0000] {dagbag.py:538} INFO - Filling up the DagBag from /home/airflow/.local/lib/python3.7/site-packages/airflow/example_dags/example_short_circuit_operator.py
[2023-01-19T20:35:12.735+0000] {processor.py:753} INFO - DAG(s) dict_keys(['example_short_circuit_operator']) retrieved from /home/airflow/.local/lib/python3.7/site-packages/airflow/example_dags/example_short_circuit_operator.py
[2023-01-19T20:35:12.783+0000] {logging_mixin.py:137} INFO - [2023-01-19T20:35:12.783+0000] {dag.py:2676} INFO - Sync 1 DAGs
[2023-01-19T20:35:12.815+0000] {logging_mixin.py:137} INFO - [2023-01-19T20:35:12.814+0000] {dag.py:3427} INFO - Setting next_dagrun for example_short_circuit_operator to 2023-01-18T20:35:12.814603+00:00, run_after=2023-01-19T20:35:12.814603+00:00
[2023-01-19T20:35:12.839+0000] {processor.py:175} INFO - Processing /home/airflow/.local/lib/python3.7/site-packages/airflow/example_dags/example_short_circuit_operator.py took 0.133 seconds
[2023-01-19T20:35:43.306+0000] {processor.py:153} INFO - Started process (PID=1276) to work on /home/airflow/.local/lib/python3.7/site-packages/airflow/example_dags/example_short_circuit_operator.py
[2023-01-19T20:35:43.307+0000] {processor.py:743} INFO - Processing file /home/airflow/.local/lib/python3.7/site-packages/airflow/example_dags/example_short_circuit_operator.py for tasks to queue
[2023-01-19T20:35:43.308+0000] {logging_mixin.py:137} INFO - [2023-01-19T20:35:43.308+0000] {dagbag.py:538} INFO - Filling up the DagBag from /home/airflow/.local/lib/python3.7/site-packages/airflow/example_dags/example_short_circuit_operator.py
[2023-01-19T20:35:43.329+0000] {processor.py:753} INFO - DAG(s) dict_keys(['example_short_circuit_operator']) retrieved from /home/airflow/.local/lib/python3.7/site-packages/airflow/example_dags/example_short_circuit_operator.py
[2023-01-19T20:35:43.378+0000] {logging_mixin.py:137} INFO - [2023-01-19T20:35:43.378+0000] {dag.py:2676} INFO - Sync 1 DAGs
[2023-01-19T20:35:43.412+0000] {logging_mixin.py:137} INFO - [2023-01-19T20:35:43.411+0000] {dag.py:3427} INFO - Setting next_dagrun for example_short_circuit_operator to 2023-01-18T20:35:43.410839+00:00, run_after=2023-01-19T20:35:43.410839+00:00
[2023-01-19T20:35:43.438+0000] {processor.py:175} INFO - Processing /home/airflow/.local/lib/python3.7/site-packages/airflow/example_dags/example_short_circuit_operator.py took 0.136 seconds
[2023-01-19T20:36:14.306+0000] {processor.py:153} INFO - Started process (PID=1365) to work on /home/airflow/.local/lib/python3.7/site-packages/airflow/example_dags/example_short_circuit_operator.py
[2023-01-19T20:36:14.307+0000] {processor.py:743} INFO - Processing file /home/airflow/.local/lib/python3.7/site-packages/airflow/example_dags/example_short_circuit_operator.py for tasks to queue
[2023-01-19T20:36:14.308+0000] {logging_mixin.py:137} INFO - [2023-01-19T20:36:14.308+0000] {dagbag.py:538} INFO - Filling up the DagBag from /home/airflow/.local/lib/python3.7/site-packages/airflow/example_dags/example_short_circuit_operator.py
[2023-01-19T20:36:14.329+0000] {processor.py:753} INFO - DAG(s) dict_keys(['example_short_circuit_operator']) retrieved from /home/airflow/.local/lib/python3.7/site-packages/airflow/example_dags/example_short_circuit_operator.py
[2023-01-19T20:36:14.376+0000] {logging_mixin.py:137} INFO - [2023-01-19T20:36:14.376+0000] {dag.py:2676} INFO - Sync 1 DAGs
[2023-01-19T20:36:14.410+0000] {logging_mixin.py:137} INFO - [2023-01-19T20:36:14.410+0000] {dag.py:3427} INFO - Setting next_dagrun for example_short_circuit_operator to 2023-01-18T20:36:14.410317+00:00, run_after=2023-01-19T20:36:14.410317+00:00
[2023-01-19T20:36:14.440+0000] {processor.py:175} INFO - Processing /home/airflow/.local/lib/python3.7/site-packages/airflow/example_dags/example_short_circuit_operator.py took 0.137 seconds
[2023-01-19T20:36:45.031+0000] {processor.py:153} INFO - Started process (PID=1437) to work on /home/airflow/.local/lib/python3.7/site-packages/airflow/example_dags/example_short_circuit_operator.py
[2023-01-19T20:36:45.033+0000] {processor.py:743} INFO - Processing file /home/airflow/.local/lib/python3.7/site-packages/airflow/example_dags/example_short_circuit_operator.py for tasks to queue
[2023-01-19T20:36:45.034+0000] {logging_mixin.py:137} INFO - [2023-01-19T20:36:45.034+0000] {dagbag.py:538} INFO - Filling up the DagBag from /home/airflow/.local/lib/python3.7/site-packages/airflow/example_dags/example_short_circuit_operator.py
[2023-01-19T20:36:45.055+0000] {processor.py:753} INFO - DAG(s) dict_keys(['example_short_circuit_operator']) retrieved from /home/airflow/.local/lib/python3.7/site-packages/airflow/example_dags/example_short_circuit_operator.py
[2023-01-19T20:36:45.110+0000] {logging_mixin.py:137} INFO - [2023-01-19T20:36:45.110+0000] {dag.py:2676} INFO - Sync 1 DAGs
[2023-01-19T20:36:45.145+0000] {logging_mixin.py:137} INFO - [2023-01-19T20:36:45.144+0000] {dag.py:3427} INFO - Setting next_dagrun for example_short_circuit_operator to 2023-01-18T20:36:45.144482+00:00, run_after=2023-01-19T20:36:45.144482+00:00
[2023-01-19T20:36:45.171+0000] {processor.py:175} INFO - Processing /home/airflow/.local/lib/python3.7/site-packages/airflow/example_dags/example_short_circuit_operator.py took 0.144 seconds
[2023-01-19T20:37:15.992+0000] {processor.py:153} INFO - Started process (PID=1509) to work on /home/airflow/.local/lib/python3.7/site-packages/airflow/example_dags/example_short_circuit_operator.py
[2023-01-19T20:37:15.993+0000] {processor.py:743} INFO - Processing file /home/airflow/.local/lib/python3.7/site-packages/airflow/example_dags/example_short_circuit_operator.py for tasks to queue
[2023-01-19T20:37:15.994+0000] {logging_mixin.py:137} INFO - [2023-01-19T20:37:15.994+0000] {dagbag.py:538} INFO - Filling up the DagBag from /home/airflow/.local/lib/python3.7/site-packages/airflow/example_dags/example_short_circuit_operator.py
[2023-01-19T20:37:16.015+0000] {processor.py:753} INFO - DAG(s) dict_keys(['example_short_circuit_operator']) retrieved from /home/airflow/.local/lib/python3.7/site-packages/airflow/example_dags/example_short_circuit_operator.py
[2023-01-19T20:37:16.063+0000] {logging_mixin.py:137} INFO - [2023-01-19T20:37:16.063+0000] {dag.py:2676} INFO - Sync 1 DAGs
[2023-01-19T20:37:16.095+0000] {logging_mixin.py:137} INFO - [2023-01-19T20:37:16.095+0000] {dag.py:3427} INFO - Setting next_dagrun for example_short_circuit_operator to 2023-01-18T20:37:16.094948+00:00, run_after=2023-01-19T20:37:16.094948+00:00
[2023-01-19T20:37:16.120+0000] {processor.py:175} INFO - Processing /home/airflow/.local/lib/python3.7/site-packages/airflow/example_dags/example_short_circuit_operator.py took 0.132 seconds
[2023-01-19T20:37:46.318+0000] {processor.py:153} INFO - Started process (PID=1597) to work on /home/airflow/.local/lib/python3.7/site-packages/airflow/example_dags/example_short_circuit_operator.py
[2023-01-19T20:37:46.319+0000] {processor.py:743} INFO - Processing file /home/airflow/.local/lib/python3.7/site-packages/airflow/example_dags/example_short_circuit_operator.py for tasks to queue
[2023-01-19T20:37:46.320+0000] {logging_mixin.py:137} INFO - [2023-01-19T20:37:46.319+0000] {dagbag.py:538} INFO - Filling up the DagBag from /home/airflow/.local/lib/python3.7/site-packages/airflow/example_dags/example_short_circuit_operator.py
[2023-01-19T20:37:46.342+0000] {processor.py:753} INFO - DAG(s) dict_keys(['example_short_circuit_operator']) retrieved from /home/airflow/.local/lib/python3.7/site-packages/airflow/example_dags/example_short_circuit_operator.py
[2023-01-19T20:37:46.398+0000] {logging_mixin.py:137} INFO - [2023-01-19T20:37:46.398+0000] {dag.py:2676} INFO - Sync 1 DAGs
[2023-01-19T20:37:46.431+0000] {logging_mixin.py:137} INFO - [2023-01-19T20:37:46.430+0000] {dag.py:3427} INFO - Setting next_dagrun for example_short_circuit_operator to 2023-01-18T20:37:46.430579+00:00, run_after=2023-01-19T20:37:46.430579+00:00
[2023-01-19T20:37:46.455+0000] {processor.py:175} INFO - Processing /home/airflow/.local/lib/python3.7/site-packages/airflow/example_dags/example_short_circuit_operator.py took 0.142 seconds
[2023-01-19T20:38:16.945+0000] {processor.py:153} INFO - Started process (PID=1669) to work on /home/airflow/.local/lib/python3.7/site-packages/airflow/example_dags/example_short_circuit_operator.py
[2023-01-19T20:38:16.947+0000] {processor.py:743} INFO - Processing file /home/airflow/.local/lib/python3.7/site-packages/airflow/example_dags/example_short_circuit_operator.py for tasks to queue
[2023-01-19T20:38:16.947+0000] {logging_mixin.py:137} INFO - [2023-01-19T20:38:16.947+0000] {dagbag.py:538} INFO - Filling up the DagBag from /home/airflow/.local/lib/python3.7/site-packages/airflow/example_dags/example_short_circuit_operator.py
[2023-01-19T20:38:16.971+0000] {processor.py:753} INFO - DAG(s) dict_keys(['example_short_circuit_operator']) retrieved from /home/airflow/.local/lib/python3.7/site-packages/airflow/example_dags/example_short_circuit_operator.py
[2023-01-19T20:38:17.020+0000] {logging_mixin.py:137} INFO - [2023-01-19T20:38:17.020+0000] {dag.py:2676} INFO - Sync 1 DAGs
[2023-01-19T20:38:17.055+0000] {logging_mixin.py:137} INFO - [2023-01-19T20:38:17.055+0000] {dag.py:3427} INFO - Setting next_dagrun for example_short_circuit_operator to 2023-01-18T20:38:17.055027+00:00, run_after=2023-01-19T20:38:17.055027+00:00
[2023-01-19T20:38:17.086+0000] {processor.py:175} INFO - Processing /home/airflow/.local/lib/python3.7/site-packages/airflow/example_dags/example_short_circuit_operator.py took 0.144 seconds
[2023-01-19T20:38:47.508+0000] {processor.py:153} INFO - Started process (PID=1741) to work on /home/airflow/.local/lib/python3.7/site-packages/airflow/example_dags/example_short_circuit_operator.py
[2023-01-19T20:38:47.509+0000] {processor.py:743} INFO - Processing file /home/airflow/.local/lib/python3.7/site-packages/airflow/example_dags/example_short_circuit_operator.py for tasks to queue
[2023-01-19T20:38:47.510+0000] {logging_mixin.py:137} INFO - [2023-01-19T20:38:47.510+0000] {dagbag.py:538} INFO - Filling up the DagBag from /home/airflow/.local/lib/python3.7/site-packages/airflow/example_dags/example_short_circuit_operator.py
[2023-01-19T20:38:47.533+0000] {processor.py:753} INFO - DAG(s) dict_keys(['example_short_circuit_operator']) retrieved from /home/airflow/.local/lib/python3.7/site-packages/airflow/example_dags/example_short_circuit_operator.py
[2023-01-19T20:38:47.586+0000] {logging_mixin.py:137} INFO - [2023-01-19T20:38:47.586+0000] {dag.py:2676} INFO - Sync 1 DAGs
[2023-01-19T20:38:47.634+0000] {logging_mixin.py:137} INFO - [2023-01-19T20:38:47.634+0000] {dag.py:3427} INFO - Setting next_dagrun for example_short_circuit_operator to 2023-01-18T20:38:47.634430+00:00, run_after=2023-01-19T20:38:47.634430+00:00
[2023-01-19T20:38:47.666+0000] {processor.py:175} INFO - Processing /home/airflow/.local/lib/python3.7/site-packages/airflow/example_dags/example_short_circuit_operator.py took 0.163 seconds
[2023-01-19T20:39:18.565+0000] {processor.py:153} INFO - Started process (PID=1822) to work on /home/airflow/.local/lib/python3.7/site-packages/airflow/example_dags/example_short_circuit_operator.py
[2023-01-19T20:39:18.567+0000] {processor.py:743} INFO - Processing file /home/airflow/.local/lib/python3.7/site-packages/airflow/example_dags/example_short_circuit_operator.py for tasks to queue
[2023-01-19T20:39:18.568+0000] {logging_mixin.py:137} INFO - [2023-01-19T20:39:18.568+0000] {dagbag.py:538} INFO - Filling up the DagBag from /home/airflow/.local/lib/python3.7/site-packages/airflow/example_dags/example_short_circuit_operator.py
[2023-01-19T20:39:18.592+0000] {processor.py:753} INFO - DAG(s) dict_keys(['example_short_circuit_operator']) retrieved from /home/airflow/.local/lib/python3.7/site-packages/airflow/example_dags/example_short_circuit_operator.py
[2023-01-19T20:39:18.649+0000] {logging_mixin.py:137} INFO - [2023-01-19T20:39:18.649+0000] {dag.py:2676} INFO - Sync 1 DAGs
[2023-01-19T20:39:18.688+0000] {logging_mixin.py:137} INFO - [2023-01-19T20:39:18.687+0000] {dag.py:3427} INFO - Setting next_dagrun for example_short_circuit_operator to 2023-01-18T20:39:18.687515+00:00, run_after=2023-01-19T20:39:18.687515+00:00
[2023-01-19T20:39:18.717+0000] {processor.py:175} INFO - Processing /home/airflow/.local/lib/python3.7/site-packages/airflow/example_dags/example_short_circuit_operator.py took 0.158 seconds
[2023-01-19T20:39:48.837+0000] {processor.py:153} INFO - Started process (PID=1901) to work on /home/airflow/.local/lib/python3.7/site-packages/airflow/example_dags/example_short_circuit_operator.py
[2023-01-19T20:39:48.839+0000] {processor.py:743} INFO - Processing file /home/airflow/.local/lib/python3.7/site-packages/airflow/example_dags/example_short_circuit_operator.py for tasks to queue
[2023-01-19T20:39:48.840+0000] {logging_mixin.py:137} INFO - [2023-01-19T20:39:48.840+0000] {dagbag.py:538} INFO - Filling up the DagBag from /home/airflow/.local/lib/python3.7/site-packages/airflow/example_dags/example_short_circuit_operator.py
[2023-01-19T20:39:48.861+0000] {processor.py:753} INFO - DAG(s) dict_keys(['example_short_circuit_operator']) retrieved from /home/airflow/.local/lib/python3.7/site-packages/airflow/example_dags/example_short_circuit_operator.py
[2023-01-19T20:39:48.906+0000] {logging_mixin.py:137} INFO - [2023-01-19T20:39:48.906+0000] {dag.py:2676} INFO - Sync 1 DAGs
[2023-01-19T20:39:48.936+0000] {logging_mixin.py:137} INFO - [2023-01-19T20:39:48.936+0000] {dag.py:3427} INFO - Setting next_dagrun for example_short_circuit_operator to 2023-01-18T20:39:48.936381+00:00, run_after=2023-01-19T20:39:48.936381+00:00
[2023-01-19T20:39:48.961+0000] {processor.py:175} INFO - Processing /home/airflow/.local/lib/python3.7/site-packages/airflow/example_dags/example_short_circuit_operator.py took 0.129 seconds
[2023-01-19T20:40:19.182+0000] {processor.py:153} INFO - Started process (PID=1973) to work on /home/airflow/.local/lib/python3.7/site-packages/airflow/example_dags/example_short_circuit_operator.py
[2023-01-19T20:40:19.183+0000] {processor.py:743} INFO - Processing file /home/airflow/.local/lib/python3.7/site-packages/airflow/example_dags/example_short_circuit_operator.py for tasks to queue
[2023-01-19T20:40:19.184+0000] {logging_mixin.py:137} INFO - [2023-01-19T20:40:19.184+0000] {dagbag.py:538} INFO - Filling up the DagBag from /home/airflow/.local/lib/python3.7/site-packages/airflow/example_dags/example_short_circuit_operator.py
[2023-01-19T20:40:19.205+0000] {processor.py:753} INFO - DAG(s) dict_keys(['example_short_circuit_operator']) retrieved from /home/airflow/.local/lib/python3.7/site-packages/airflow/example_dags/example_short_circuit_operator.py
[2023-01-19T20:40:19.251+0000] {logging_mixin.py:137} INFO - [2023-01-19T20:40:19.251+0000] {dag.py:2676} INFO - Sync 1 DAGs
[2023-01-19T20:40:19.285+0000] {logging_mixin.py:137} INFO - [2023-01-19T20:40:19.284+0000] {dag.py:3427} INFO - Setting next_dagrun for example_short_circuit_operator to 2023-01-18T20:40:19.284701+00:00, run_after=2023-01-19T20:40:19.284701+00:00
[2023-01-19T20:40:19.310+0000] {processor.py:175} INFO - Processing /home/airflow/.local/lib/python3.7/site-packages/airflow/example_dags/example_short_circuit_operator.py took 0.133 seconds
[2023-01-19T20:40:49.742+0000] {processor.py:153} INFO - Started process (PID=2046) to work on /home/airflow/.local/lib/python3.7/site-packages/airflow/example_dags/example_short_circuit_operator.py
[2023-01-19T20:40:49.743+0000] {processor.py:743} INFO - Processing file /home/airflow/.local/lib/python3.7/site-packages/airflow/example_dags/example_short_circuit_operator.py for tasks to queue
[2023-01-19T20:40:49.744+0000] {logging_mixin.py:137} INFO - [2023-01-19T20:40:49.744+0000] {dagbag.py:538} INFO - Filling up the DagBag from /home/airflow/.local/lib/python3.7/site-packages/airflow/example_dags/example_short_circuit_operator.py
[2023-01-19T20:40:49.764+0000] {processor.py:753} INFO - DAG(s) dict_keys(['example_short_circuit_operator']) retrieved from /home/airflow/.local/lib/python3.7/site-packages/airflow/example_dags/example_short_circuit_operator.py
[2023-01-19T20:40:49.809+0000] {logging_mixin.py:137} INFO - [2023-01-19T20:40:49.809+0000] {dag.py:2676} INFO - Sync 1 DAGs
[2023-01-19T20:40:49.844+0000] {logging_mixin.py:137} INFO - [2023-01-19T20:40:49.844+0000] {dag.py:3427} INFO - Setting next_dagrun for example_short_circuit_operator to 2023-01-18T20:40:49.843784+00:00, run_after=2023-01-19T20:40:49.843784+00:00
[2023-01-19T20:40:49.873+0000] {processor.py:175} INFO - Processing /home/airflow/.local/lib/python3.7/site-packages/airflow/example_dags/example_short_circuit_operator.py took 0.136 seconds
[2023-01-19T20:41:20.015+0000] {processor.py:153} INFO - Started process (PID=2134) to work on /home/airflow/.local/lib/python3.7/site-packages/airflow/example_dags/example_short_circuit_operator.py
[2023-01-19T20:41:20.016+0000] {processor.py:743} INFO - Processing file /home/airflow/.local/lib/python3.7/site-packages/airflow/example_dags/example_short_circuit_operator.py for tasks to queue
[2023-01-19T20:41:20.017+0000] {logging_mixin.py:137} INFO - [2023-01-19T20:41:20.017+0000] {dagbag.py:538} INFO - Filling up the DagBag from /home/airflow/.local/lib/python3.7/site-packages/airflow/example_dags/example_short_circuit_operator.py
[2023-01-19T20:41:20.045+0000] {processor.py:753} INFO - DAG(s) dict_keys(['example_short_circuit_operator']) retrieved from /home/airflow/.local/lib/python3.7/site-packages/airflow/example_dags/example_short_circuit_operator.py
[2023-01-19T20:41:20.097+0000] {logging_mixin.py:137} INFO - [2023-01-19T20:41:20.097+0000] {dag.py:2676} INFO - Sync 1 DAGs
[2023-01-19T20:41:20.131+0000] {logging_mixin.py:137} INFO - [2023-01-19T20:41:20.131+0000] {dag.py:3427} INFO - Setting next_dagrun for example_short_circuit_operator to 2023-01-18T20:41:20.131314+00:00, run_after=2023-01-19T20:41:20.131314+00:00
[2023-01-19T20:41:20.159+0000] {processor.py:175} INFO - Processing /home/airflow/.local/lib/python3.7/site-packages/airflow/example_dags/example_short_circuit_operator.py took 0.148 seconds
[2023-01-19T20:41:50.262+0000] {processor.py:153} INFO - Started process (PID=2206) to work on /home/airflow/.local/lib/python3.7/site-packages/airflow/example_dags/example_short_circuit_operator.py
[2023-01-19T20:41:50.264+0000] {processor.py:743} INFO - Processing file /home/airflow/.local/lib/python3.7/site-packages/airflow/example_dags/example_short_circuit_operator.py for tasks to queue
[2023-01-19T20:41:50.265+0000] {logging_mixin.py:137} INFO - [2023-01-19T20:41:50.264+0000] {dagbag.py:538} INFO - Filling up the DagBag from /home/airflow/.local/lib/python3.7/site-packages/airflow/example_dags/example_short_circuit_operator.py
[2023-01-19T20:41:50.287+0000] {processor.py:753} INFO - DAG(s) dict_keys(['example_short_circuit_operator']) retrieved from /home/airflow/.local/lib/python3.7/site-packages/airflow/example_dags/example_short_circuit_operator.py
[2023-01-19T20:41:50.337+0000] {logging_mixin.py:137} INFO - [2023-01-19T20:41:50.337+0000] {dag.py:2676} INFO - Sync 1 DAGs
[2023-01-19T20:41:50.372+0000] {logging_mixin.py:137} INFO - [2023-01-19T20:41:50.371+0000] {dag.py:3427} INFO - Setting next_dagrun for example_short_circuit_operator to 2023-01-18T20:41:50.371698+00:00, run_after=2023-01-19T20:41:50.371698+00:00
[2023-01-19T20:41:50.400+0000] {processor.py:175} INFO - Processing /home/airflow/.local/lib/python3.7/site-packages/airflow/example_dags/example_short_circuit_operator.py took 0.142 seconds
[2023-01-19T20:42:21.333+0000] {processor.py:153} INFO - Started process (PID=2278) to work on /home/airflow/.local/lib/python3.7/site-packages/airflow/example_dags/example_short_circuit_operator.py
[2023-01-19T20:42:21.335+0000] {processor.py:743} INFO - Processing file /home/airflow/.local/lib/python3.7/site-packages/airflow/example_dags/example_short_circuit_operator.py for tasks to queue
[2023-01-19T20:42:21.335+0000] {logging_mixin.py:137} INFO - [2023-01-19T20:42:21.335+0000] {dagbag.py:538} INFO - Filling up the DagBag from /home/airflow/.local/lib/python3.7/site-packages/airflow/example_dags/example_short_circuit_operator.py
[2023-01-19T20:42:21.360+0000] {processor.py:753} INFO - DAG(s) dict_keys(['example_short_circuit_operator']) retrieved from /home/airflow/.local/lib/python3.7/site-packages/airflow/example_dags/example_short_circuit_operator.py
[2023-01-19T20:42:21.411+0000] {logging_mixin.py:137} INFO - [2023-01-19T20:42:21.411+0000] {dag.py:2676} INFO - Sync 1 DAGs
[2023-01-19T20:42:21.447+0000] {logging_mixin.py:137} INFO - [2023-01-19T20:42:21.447+0000] {dag.py:3427} INFO - Setting next_dagrun for example_short_circuit_operator to 2023-01-18T20:42:21.446796+00:00, run_after=2023-01-19T20:42:21.446796+00:00
[2023-01-19T20:42:21.478+0000] {processor.py:175} INFO - Processing /home/airflow/.local/lib/python3.7/site-packages/airflow/example_dags/example_short_circuit_operator.py took 0.148 seconds
[2023-01-19T20:42:51.868+0000] {processor.py:153} INFO - Started process (PID=2359) to work on /home/airflow/.local/lib/python3.7/site-packages/airflow/example_dags/example_short_circuit_operator.py
[2023-01-19T20:42:51.869+0000] {processor.py:743} INFO - Processing file /home/airflow/.local/lib/python3.7/site-packages/airflow/example_dags/example_short_circuit_operator.py for tasks to queue
[2023-01-19T20:42:51.870+0000] {logging_mixin.py:137} INFO - [2023-01-19T20:42:51.870+0000] {dagbag.py:538} INFO - Filling up the DagBag from /home/airflow/.local/lib/python3.7/site-packages/airflow/example_dags/example_short_circuit_operator.py
[2023-01-19T20:42:51.894+0000] {processor.py:753} INFO - DAG(s) dict_keys(['example_short_circuit_operator']) retrieved from /home/airflow/.local/lib/python3.7/site-packages/airflow/example_dags/example_short_circuit_operator.py
[2023-01-19T20:42:51.943+0000] {logging_mixin.py:137} INFO - [2023-01-19T20:42:51.943+0000] {dag.py:2676} INFO - Sync 1 DAGs
[2023-01-19T20:42:51.985+0000] {logging_mixin.py:137} INFO - [2023-01-19T20:42:51.985+0000] {dag.py:3427} INFO - Setting next_dagrun for example_short_circuit_operator to 2023-01-18T20:42:51.984965+00:00, run_after=2023-01-19T20:42:51.984965+00:00
[2023-01-19T20:42:52.015+0000] {processor.py:175} INFO - Processing /home/airflow/.local/lib/python3.7/site-packages/airflow/example_dags/example_short_circuit_operator.py took 0.151 seconds
[2023-01-19T20:43:22.575+0000] {processor.py:153} INFO - Started process (PID=2439) to work on /home/airflow/.local/lib/python3.7/site-packages/airflow/example_dags/example_short_circuit_operator.py
[2023-01-19T20:43:22.577+0000] {processor.py:743} INFO - Processing file /home/airflow/.local/lib/python3.7/site-packages/airflow/example_dags/example_short_circuit_operator.py for tasks to queue
[2023-01-19T20:43:22.578+0000] {logging_mixin.py:137} INFO - [2023-01-19T20:43:22.578+0000] {dagbag.py:538} INFO - Filling up the DagBag from /home/airflow/.local/lib/python3.7/site-packages/airflow/example_dags/example_short_circuit_operator.py
[2023-01-19T20:43:22.601+0000] {processor.py:753} INFO - DAG(s) dict_keys(['example_short_circuit_operator']) retrieved from /home/airflow/.local/lib/python3.7/site-packages/airflow/example_dags/example_short_circuit_operator.py
[2023-01-19T20:43:22.648+0000] {logging_mixin.py:137} INFO - [2023-01-19T20:43:22.648+0000] {dag.py:2676} INFO - Sync 1 DAGs
[2023-01-19T20:43:22.682+0000] {logging_mixin.py:137} INFO - [2023-01-19T20:43:22.682+0000] {dag.py:3427} INFO - Setting next_dagrun for example_short_circuit_operator to 2023-01-18T20:43:22.682353+00:00, run_after=2023-01-19T20:43:22.682353+00:00
[2023-01-19T20:43:22.709+0000] {processor.py:175} INFO - Processing /home/airflow/.local/lib/python3.7/site-packages/airflow/example_dags/example_short_circuit_operator.py took 0.138 seconds
[2023-01-19T20:43:52.934+0000] {processor.py:153} INFO - Started process (PID=2512) to work on /home/airflow/.local/lib/python3.7/site-packages/airflow/example_dags/example_short_circuit_operator.py
[2023-01-19T20:43:52.935+0000] {processor.py:743} INFO - Processing file /home/airflow/.local/lib/python3.7/site-packages/airflow/example_dags/example_short_circuit_operator.py for tasks to queue
[2023-01-19T20:43:52.937+0000] {logging_mixin.py:137} INFO - [2023-01-19T20:43:52.936+0000] {dagbag.py:538} INFO - Filling up the DagBag from /home/airflow/.local/lib/python3.7/site-packages/airflow/example_dags/example_short_circuit_operator.py
[2023-01-19T20:43:52.959+0000] {processor.py:753} INFO - DAG(s) dict_keys(['example_short_circuit_operator']) retrieved from /home/airflow/.local/lib/python3.7/site-packages/airflow/example_dags/example_short_circuit_operator.py
[2023-01-19T20:43:53.010+0000] {logging_mixin.py:137} INFO - [2023-01-19T20:43:53.009+0000] {dag.py:2676} INFO - Sync 1 DAGs
[2023-01-19T20:43:53.043+0000] {logging_mixin.py:137} INFO - [2023-01-19T20:43:53.043+0000] {dag.py:3427} INFO - Setting next_dagrun for example_short_circuit_operator to 2023-01-18T20:43:53.042874+00:00, run_after=2023-01-19T20:43:53.042874+00:00
[2023-01-19T20:43:53.069+0000] {processor.py:175} INFO - Processing /home/airflow/.local/lib/python3.7/site-packages/airflow/example_dags/example_short_circuit_operator.py took 0.140 seconds
[2023-01-19T20:44:23.742+0000] {processor.py:153} INFO - Started process (PID=2584) to work on /home/airflow/.local/lib/python3.7/site-packages/airflow/example_dags/example_short_circuit_operator.py
[2023-01-19T20:44:23.743+0000] {processor.py:743} INFO - Processing file /home/airflow/.local/lib/python3.7/site-packages/airflow/example_dags/example_short_circuit_operator.py for tasks to queue
[2023-01-19T20:44:23.744+0000] {logging_mixin.py:137} INFO - [2023-01-19T20:44:23.744+0000] {dagbag.py:538} INFO - Filling up the DagBag from /home/airflow/.local/lib/python3.7/site-packages/airflow/example_dags/example_short_circuit_operator.py
[2023-01-19T20:44:23.773+0000] {processor.py:753} INFO - DAG(s) dict_keys(['example_short_circuit_operator']) retrieved from /home/airflow/.local/lib/python3.7/site-packages/airflow/example_dags/example_short_circuit_operator.py
[2023-01-19T20:44:23.878+0000] {logging_mixin.py:137} INFO - [2023-01-19T20:44:23.877+0000] {dag.py:2676} INFO - Sync 1 DAGs
[2023-01-19T20:44:23.925+0000] {logging_mixin.py:137} INFO - [2023-01-19T20:44:23.924+0000] {dag.py:3427} INFO - Setting next_dagrun for example_short_circuit_operator to 2023-01-18T20:44:23.924536+00:00, run_after=2023-01-19T20:44:23.924536+00:00
[2023-01-19T20:44:23.955+0000] {processor.py:175} INFO - Processing /home/airflow/.local/lib/python3.7/site-packages/airflow/example_dags/example_short_circuit_operator.py took 0.219 seconds
[2023-01-19T20:44:54.204+0000] {processor.py:153} INFO - Started process (PID=2673) to work on /home/airflow/.local/lib/python3.7/site-packages/airflow/example_dags/example_short_circuit_operator.py
[2023-01-19T20:44:54.206+0000] {processor.py:743} INFO - Processing file /home/airflow/.local/lib/python3.7/site-packages/airflow/example_dags/example_short_circuit_operator.py for tasks to queue
[2023-01-19T20:44:54.206+0000] {logging_mixin.py:137} INFO - [2023-01-19T20:44:54.206+0000] {dagbag.py:538} INFO - Filling up the DagBag from /home/airflow/.local/lib/python3.7/site-packages/airflow/example_dags/example_short_circuit_operator.py
[2023-01-19T20:44:54.229+0000] {processor.py:753} INFO - DAG(s) dict_keys(['example_short_circuit_operator']) retrieved from /home/airflow/.local/lib/python3.7/site-packages/airflow/example_dags/example_short_circuit_operator.py
[2023-01-19T20:44:54.277+0000] {logging_mixin.py:137} INFO - [2023-01-19T20:44:54.277+0000] {dag.py:2676} INFO - Sync 1 DAGs
[2023-01-19T20:44:54.313+0000] {logging_mixin.py:137} INFO - [2023-01-19T20:44:54.313+0000] {dag.py:3427} INFO - Setting next_dagrun for example_short_circuit_operator to 2023-01-18T20:44:54.312916+00:00, run_after=2023-01-19T20:44:54.312916+00:00
[2023-01-19T20:44:54.341+0000] {processor.py:175} INFO - Processing /home/airflow/.local/lib/python3.7/site-packages/airflow/example_dags/example_short_circuit_operator.py took 0.141 seconds
[2023-01-19T20:45:24.744+0000] {processor.py:153} INFO - Started process (PID=2745) to work on /home/airflow/.local/lib/python3.7/site-packages/airflow/example_dags/example_short_circuit_operator.py
[2023-01-19T20:45:24.745+0000] {processor.py:743} INFO - Processing file /home/airflow/.local/lib/python3.7/site-packages/airflow/example_dags/example_short_circuit_operator.py for tasks to queue
[2023-01-19T20:45:24.746+0000] {logging_mixin.py:137} INFO - [2023-01-19T20:45:24.746+0000] {dagbag.py:538} INFO - Filling up the DagBag from /home/airflow/.local/lib/python3.7/site-packages/airflow/example_dags/example_short_circuit_operator.py
[2023-01-19T20:45:24.768+0000] {processor.py:753} INFO - DAG(s) dict_keys(['example_short_circuit_operator']) retrieved from /home/airflow/.local/lib/python3.7/site-packages/airflow/example_dags/example_short_circuit_operator.py
[2023-01-19T20:45:24.821+0000] {logging_mixin.py:137} INFO - [2023-01-19T20:45:24.821+0000] {dag.py:2676} INFO - Sync 1 DAGs
[2023-01-19T20:45:24.855+0000] {logging_mixin.py:137} INFO - [2023-01-19T20:45:24.855+0000] {dag.py:3427} INFO - Setting next_dagrun for example_short_circuit_operator to 2023-01-18T20:45:24.854924+00:00, run_after=2023-01-19T20:45:24.854924+00:00
[2023-01-19T20:45:24.881+0000] {processor.py:175} INFO - Processing /home/airflow/.local/lib/python3.7/site-packages/airflow/example_dags/example_short_circuit_operator.py took 0.140 seconds
[2023-01-19T20:45:55.334+0000] {processor.py:153} INFO - Started process (PID=2817) to work on /home/airflow/.local/lib/python3.7/site-packages/airflow/example_dags/example_short_circuit_operator.py
[2023-01-19T20:45:55.336+0000] {processor.py:743} INFO - Processing file /home/airflow/.local/lib/python3.7/site-packages/airflow/example_dags/example_short_circuit_operator.py for tasks to queue
[2023-01-19T20:45:55.337+0000] {logging_mixin.py:137} INFO - [2023-01-19T20:45:55.337+0000] {dagbag.py:538} INFO - Filling up the DagBag from /home/airflow/.local/lib/python3.7/site-packages/airflow/example_dags/example_short_circuit_operator.py
[2023-01-19T20:45:55.367+0000] {processor.py:753} INFO - DAG(s) dict_keys(['example_short_circuit_operator']) retrieved from /home/airflow/.local/lib/python3.7/site-packages/airflow/example_dags/example_short_circuit_operator.py
[2023-01-19T20:45:55.423+0000] {logging_mixin.py:137} INFO - [2023-01-19T20:45:55.422+0000] {dag.py:2676} INFO - Sync 1 DAGs
[2023-01-19T20:45:55.457+0000] {logging_mixin.py:137} INFO - [2023-01-19T20:45:55.457+0000] {dag.py:3427} INFO - Setting next_dagrun for example_short_circuit_operator to 2023-01-18T20:45:55.456782+00:00, run_after=2023-01-19T20:45:55.456782+00:00
[2023-01-19T20:45:55.485+0000] {processor.py:175} INFO - Processing /home/airflow/.local/lib/python3.7/site-packages/airflow/example_dags/example_short_circuit_operator.py took 0.154 seconds
[2023-01-19T20:46:25.909+0000] {processor.py:153} INFO - Started process (PID=2905) to work on /home/airflow/.local/lib/python3.7/site-packages/airflow/example_dags/example_short_circuit_operator.py
[2023-01-19T20:46:25.910+0000] {processor.py:743} INFO - Processing file /home/airflow/.local/lib/python3.7/site-packages/airflow/example_dags/example_short_circuit_operator.py for tasks to queue
[2023-01-19T20:46:25.911+0000] {logging_mixin.py:137} INFO - [2023-01-19T20:46:25.911+0000] {dagbag.py:538} INFO - Filling up the DagBag from /home/airflow/.local/lib/python3.7/site-packages/airflow/example_dags/example_short_circuit_operator.py
[2023-01-19T20:46:25.935+0000] {processor.py:753} INFO - DAG(s) dict_keys(['example_short_circuit_operator']) retrieved from /home/airflow/.local/lib/python3.7/site-packages/airflow/example_dags/example_short_circuit_operator.py
[2023-01-19T20:46:25.993+0000] {logging_mixin.py:137} INFO - [2023-01-19T20:46:25.992+0000] {dag.py:2676} INFO - Sync 1 DAGs
[2023-01-19T20:46:26.029+0000] {logging_mixin.py:137} INFO - [2023-01-19T20:46:26.028+0000] {dag.py:3427} INFO - Setting next_dagrun for example_short_circuit_operator to 2023-01-18T20:46:26.028633+00:00, run_after=2023-01-19T20:46:26.028633+00:00
[2023-01-19T20:46:26.056+0000] {processor.py:175} INFO - Processing /home/airflow/.local/lib/python3.7/site-packages/airflow/example_dags/example_short_circuit_operator.py took 0.151 seconds
[2023-01-19T20:46:56.544+0000] {processor.py:153} INFO - Started process (PID=2977) to work on /home/airflow/.local/lib/python3.7/site-packages/airflow/example_dags/example_short_circuit_operator.py
[2023-01-19T20:46:56.545+0000] {processor.py:743} INFO - Processing file /home/airflow/.local/lib/python3.7/site-packages/airflow/example_dags/example_short_circuit_operator.py for tasks to queue
[2023-01-19T20:46:56.546+0000] {logging_mixin.py:137} INFO - [2023-01-19T20:46:56.546+0000] {dagbag.py:538} INFO - Filling up the DagBag from /home/airflow/.local/lib/python3.7/site-packages/airflow/example_dags/example_short_circuit_operator.py
[2023-01-19T20:46:56.568+0000] {processor.py:753} INFO - DAG(s) dict_keys(['example_short_circuit_operator']) retrieved from /home/airflow/.local/lib/python3.7/site-packages/airflow/example_dags/example_short_circuit_operator.py
[2023-01-19T20:46:56.618+0000] {logging_mixin.py:137} INFO - [2023-01-19T20:46:56.618+0000] {dag.py:2676} INFO - Sync 1 DAGs
[2023-01-19T20:46:56.653+0000] {logging_mixin.py:137} INFO - [2023-01-19T20:46:56.653+0000] {dag.py:3427} INFO - Setting next_dagrun for example_short_circuit_operator to 2023-01-18T20:46:56.653468+00:00, run_after=2023-01-19T20:46:56.653468+00:00
[2023-01-19T20:46:56.689+0000] {processor.py:175} INFO - Processing /home/airflow/.local/lib/python3.7/site-packages/airflow/example_dags/example_short_circuit_operator.py took 0.149 seconds
