[2023-01-19T20:21:31.471+0000] {processor.py:153} INFO - Started process (PID=83) to work on /home/airflow/.local/lib/python3.7/site-packages/airflow/example_dags/example_task_group_decorator.py
[2023-01-19T20:21:31.472+0000] {processor.py:743} INFO - Processing file /home/airflow/.local/lib/python3.7/site-packages/airflow/example_dags/example_task_group_decorator.py for tasks to queue
[2023-01-19T20:21:31.473+0000] {logging_mixin.py:137} INFO - [2023-01-19T20:21:31.473+0000] {dagbag.py:538} INFO - Filling up the DagBag from /home/airflow/.local/lib/python3.7/site-packages/airflow/example_dags/example_task_group_decorator.py
[2023-01-19T20:21:31.531+0000] {processor.py:753} INFO - DAG(s) dict_keys(['example_task_group_decorator']) retrieved from /home/airflow/.local/lib/python3.7/site-packages/airflow/example_dags/example_task_group_decorator.py
[2023-01-19T20:21:31.594+0000] {logging_mixin.py:137} INFO - [2023-01-19T20:21:31.594+0000] {dag.py:2676} INFO - Sync 1 DAGs
[2023-01-19T20:21:31.641+0000] {logging_mixin.py:137} INFO - [2023-01-19T20:21:31.641+0000] {dag.py:3427} INFO - Setting next_dagrun for example_task_group_decorator to 2023-01-18T20:21:31.640787+00:00, run_after=2023-01-19T20:21:31.640787+00:00
[2023-01-19T20:21:31.670+0000] {processor.py:175} INFO - Processing /home/airflow/.local/lib/python3.7/site-packages/airflow/example_dags/example_task_group_decorator.py took 0.205 seconds
[2023-01-19T20:22:49.408+0000] {processor.py:153} INFO - Started process (PID=83) to work on /home/airflow/.local/lib/python3.7/site-packages/airflow/example_dags/example_task_group_decorator.py
[2023-01-19T20:22:49.410+0000] {processor.py:743} INFO - Processing file /home/airflow/.local/lib/python3.7/site-packages/airflow/example_dags/example_task_group_decorator.py for tasks to queue
[2023-01-19T20:22:49.411+0000] {logging_mixin.py:137} INFO - [2023-01-19T20:22:49.411+0000] {dagbag.py:538} INFO - Filling up the DagBag from /home/airflow/.local/lib/python3.7/site-packages/airflow/example_dags/example_task_group_decorator.py
[2023-01-19T20:22:49.489+0000] {processor.py:753} INFO - DAG(s) dict_keys(['example_task_group_decorator']) retrieved from /home/airflow/.local/lib/python3.7/site-packages/airflow/example_dags/example_task_group_decorator.py
[2023-01-19T20:22:49.607+0000] {logging_mixin.py:137} INFO - [2023-01-19T20:22:49.607+0000] {dag.py:2676} INFO - Sync 1 DAGs
[2023-01-19T20:22:49.662+0000] {logging_mixin.py:137} INFO - [2023-01-19T20:22:49.662+0000] {dag.py:3427} INFO - Setting next_dagrun for example_task_group_decorator to 2023-01-18T20:22:49.661798+00:00, run_after=2023-01-19T20:22:49.661798+00:00
[2023-01-19T20:22:49.709+0000] {processor.py:175} INFO - Processing /home/airflow/.local/lib/python3.7/site-packages/airflow/example_dags/example_task_group_decorator.py took 0.307 seconds
[2023-01-19T20:23:20.251+0000] {processor.py:153} INFO - Started process (PID=155) to work on /home/airflow/.local/lib/python3.7/site-packages/airflow/example_dags/example_task_group_decorator.py
[2023-01-19T20:23:20.252+0000] {processor.py:743} INFO - Processing file /home/airflow/.local/lib/python3.7/site-packages/airflow/example_dags/example_task_group_decorator.py for tasks to queue
[2023-01-19T20:23:20.253+0000] {logging_mixin.py:137} INFO - [2023-01-19T20:23:20.253+0000] {dagbag.py:538} INFO - Filling up the DagBag from /home/airflow/.local/lib/python3.7/site-packages/airflow/example_dags/example_task_group_decorator.py
[2023-01-19T20:23:20.304+0000] {processor.py:753} INFO - DAG(s) dict_keys(['example_task_group_decorator']) retrieved from /home/airflow/.local/lib/python3.7/site-packages/airflow/example_dags/example_task_group_decorator.py
[2023-01-19T20:23:20.367+0000] {logging_mixin.py:137} INFO - [2023-01-19T20:23:20.367+0000] {dag.py:2676} INFO - Sync 1 DAGs
[2023-01-19T20:23:20.409+0000] {logging_mixin.py:137} INFO - [2023-01-19T20:23:20.409+0000] {dag.py:3427} INFO - Setting next_dagrun for example_task_group_decorator to 2023-01-18T20:23:20.409411+00:00, run_after=2023-01-19T20:23:20.409411+00:00
[2023-01-19T20:23:20.441+0000] {processor.py:175} INFO - Processing /home/airflow/.local/lib/python3.7/site-packages/airflow/example_dags/example_task_group_decorator.py took 0.194 seconds
[2023-01-19T20:23:50.580+0000] {processor.py:153} INFO - Started process (PID=227) to work on /home/airflow/.local/lib/python3.7/site-packages/airflow/example_dags/example_task_group_decorator.py
[2023-01-19T20:23:50.582+0000] {processor.py:743} INFO - Processing file /home/airflow/.local/lib/python3.7/site-packages/airflow/example_dags/example_task_group_decorator.py for tasks to queue
[2023-01-19T20:23:50.583+0000] {logging_mixin.py:137} INFO - [2023-01-19T20:23:50.583+0000] {dagbag.py:538} INFO - Filling up the DagBag from /home/airflow/.local/lib/python3.7/site-packages/airflow/example_dags/example_task_group_decorator.py
[2023-01-19T20:23:50.626+0000] {processor.py:753} INFO - DAG(s) dict_keys(['example_task_group_decorator']) retrieved from /home/airflow/.local/lib/python3.7/site-packages/airflow/example_dags/example_task_group_decorator.py
[2023-01-19T20:23:50.685+0000] {logging_mixin.py:137} INFO - [2023-01-19T20:23:50.685+0000] {dag.py:2676} INFO - Sync 1 DAGs
[2023-01-19T20:23:50.725+0000] {logging_mixin.py:137} INFO - [2023-01-19T20:23:50.725+0000] {dag.py:3427} INFO - Setting next_dagrun for example_task_group_decorator to 2023-01-18T20:23:50.725117+00:00, run_after=2023-01-19T20:23:50.725117+00:00
[2023-01-19T20:23:50.752+0000] {processor.py:175} INFO - Processing /home/airflow/.local/lib/python3.7/site-packages/airflow/example_dags/example_task_group_decorator.py took 0.179 seconds
[2023-01-19T20:24:21.043+0000] {processor.py:153} INFO - Started process (PID=316) to work on /home/airflow/.local/lib/python3.7/site-packages/airflow/example_dags/example_task_group_decorator.py
[2023-01-19T20:24:21.044+0000] {processor.py:743} INFO - Processing file /home/airflow/.local/lib/python3.7/site-packages/airflow/example_dags/example_task_group_decorator.py for tasks to queue
[2023-01-19T20:24:21.045+0000] {logging_mixin.py:137} INFO - [2023-01-19T20:24:21.045+0000] {dagbag.py:538} INFO - Filling up the DagBag from /home/airflow/.local/lib/python3.7/site-packages/airflow/example_dags/example_task_group_decorator.py
[2023-01-19T20:24:21.088+0000] {processor.py:753} INFO - DAG(s) dict_keys(['example_task_group_decorator']) retrieved from /home/airflow/.local/lib/python3.7/site-packages/airflow/example_dags/example_task_group_decorator.py
[2023-01-19T20:24:21.144+0000] {logging_mixin.py:137} INFO - [2023-01-19T20:24:21.144+0000] {dag.py:2676} INFO - Sync 1 DAGs
[2023-01-19T20:24:21.183+0000] {logging_mixin.py:137} INFO - [2023-01-19T20:24:21.182+0000] {dag.py:3427} INFO - Setting next_dagrun for example_task_group_decorator to 2023-01-18T20:24:21.182520+00:00, run_after=2023-01-19T20:24:21.182520+00:00
[2023-01-19T20:24:21.215+0000] {processor.py:175} INFO - Processing /home/airflow/.local/lib/python3.7/site-packages/airflow/example_dags/example_task_group_decorator.py took 0.177 seconds
[2023-01-19T20:24:51.429+0000] {processor.py:153} INFO - Started process (PID=389) to work on /home/airflow/.local/lib/python3.7/site-packages/airflow/example_dags/example_task_group_decorator.py
[2023-01-19T20:24:51.431+0000] {processor.py:743} INFO - Processing file /home/airflow/.local/lib/python3.7/site-packages/airflow/example_dags/example_task_group_decorator.py for tasks to queue
[2023-01-19T20:24:51.432+0000] {logging_mixin.py:137} INFO - [2023-01-19T20:24:51.431+0000] {dagbag.py:538} INFO - Filling up the DagBag from /home/airflow/.local/lib/python3.7/site-packages/airflow/example_dags/example_task_group_decorator.py
[2023-01-19T20:24:51.467+0000] {processor.py:753} INFO - DAG(s) dict_keys(['example_task_group_decorator']) retrieved from /home/airflow/.local/lib/python3.7/site-packages/airflow/example_dags/example_task_group_decorator.py
[2023-01-19T20:24:51.521+0000] {logging_mixin.py:137} INFO - [2023-01-19T20:24:51.521+0000] {dag.py:2676} INFO - Sync 1 DAGs
[2023-01-19T20:24:51.564+0000] {logging_mixin.py:137} INFO - [2023-01-19T20:24:51.563+0000] {dag.py:3427} INFO - Setting next_dagrun for example_task_group_decorator to 2023-01-18T20:24:51.563245+00:00, run_after=2023-01-19T20:24:51.563245+00:00
[2023-01-19T20:24:51.595+0000] {processor.py:175} INFO - Processing /home/airflow/.local/lib/python3.7/site-packages/airflow/example_dags/example_task_group_decorator.py took 0.169 seconds
[2023-01-19T20:25:21.771+0000] {processor.py:153} INFO - Started process (PID=461) to work on /home/airflow/.local/lib/python3.7/site-packages/airflow/example_dags/example_task_group_decorator.py
[2023-01-19T20:25:21.772+0000] {processor.py:743} INFO - Processing file /home/airflow/.local/lib/python3.7/site-packages/airflow/example_dags/example_task_group_decorator.py for tasks to queue
[2023-01-19T20:25:21.773+0000] {logging_mixin.py:137} INFO - [2023-01-19T20:25:21.773+0000] {dagbag.py:538} INFO - Filling up the DagBag from /home/airflow/.local/lib/python3.7/site-packages/airflow/example_dags/example_task_group_decorator.py
[2023-01-19T20:25:21.811+0000] {processor.py:753} INFO - DAG(s) dict_keys(['example_task_group_decorator']) retrieved from /home/airflow/.local/lib/python3.7/site-packages/airflow/example_dags/example_task_group_decorator.py
[2023-01-19T20:25:21.867+0000] {logging_mixin.py:137} INFO - [2023-01-19T20:25:21.867+0000] {dag.py:2676} INFO - Sync 1 DAGs
[2023-01-19T20:25:21.904+0000] {logging_mixin.py:137} INFO - [2023-01-19T20:25:21.904+0000] {dag.py:3427} INFO - Setting next_dagrun for example_task_group_decorator to 2023-01-18T20:25:21.903971+00:00, run_after=2023-01-19T20:25:21.903971+00:00
[2023-01-19T20:25:21.930+0000] {processor.py:175} INFO - Processing /home/airflow/.local/lib/python3.7/site-packages/airflow/example_dags/example_task_group_decorator.py took 0.163 seconds
[2023-01-19T20:25:52.189+0000] {processor.py:153} INFO - Started process (PID=533) to work on /home/airflow/.local/lib/python3.7/site-packages/airflow/example_dags/example_task_group_decorator.py
[2023-01-19T20:25:52.191+0000] {processor.py:743} INFO - Processing file /home/airflow/.local/lib/python3.7/site-packages/airflow/example_dags/example_task_group_decorator.py for tasks to queue
[2023-01-19T20:25:52.191+0000] {logging_mixin.py:137} INFO - [2023-01-19T20:25:52.191+0000] {dagbag.py:538} INFO - Filling up the DagBag from /home/airflow/.local/lib/python3.7/site-packages/airflow/example_dags/example_task_group_decorator.py
[2023-01-19T20:25:52.242+0000] {processor.py:753} INFO - DAG(s) dict_keys(['example_task_group_decorator']) retrieved from /home/airflow/.local/lib/python3.7/site-packages/airflow/example_dags/example_task_group_decorator.py
[2023-01-19T20:25:52.290+0000] {logging_mixin.py:137} INFO - [2023-01-19T20:25:52.289+0000] {dag.py:2676} INFO - Sync 1 DAGs
[2023-01-19T20:25:52.329+0000] {logging_mixin.py:137} INFO - [2023-01-19T20:25:52.329+0000] {dag.py:3427} INFO - Setting next_dagrun for example_task_group_decorator to 2023-01-18T20:25:52.328840+00:00, run_after=2023-01-19T20:25:52.328840+00:00
[2023-01-19T20:25:52.363+0000] {processor.py:175} INFO - Processing /home/airflow/.local/lib/python3.7/site-packages/airflow/example_dags/example_task_group_decorator.py took 0.179 seconds
[2023-01-19T20:27:40.370+0000] {processor.py:153} INFO - Started process (PID=83) to work on /home/airflow/.local/lib/python3.7/site-packages/airflow/example_dags/example_task_group_decorator.py
[2023-01-19T20:27:40.371+0000] {processor.py:743} INFO - Processing file /home/airflow/.local/lib/python3.7/site-packages/airflow/example_dags/example_task_group_decorator.py for tasks to queue
[2023-01-19T20:27:40.372+0000] {logging_mixin.py:137} INFO - [2023-01-19T20:27:40.372+0000] {dagbag.py:538} INFO - Filling up the DagBag from /home/airflow/.local/lib/python3.7/site-packages/airflow/example_dags/example_task_group_decorator.py
[2023-01-19T20:27:40.410+0000] {processor.py:753} INFO - DAG(s) dict_keys(['example_task_group_decorator']) retrieved from /home/airflow/.local/lib/python3.7/site-packages/airflow/example_dags/example_task_group_decorator.py
[2023-01-19T20:27:40.575+0000] {logging_mixin.py:137} INFO - [2023-01-19T20:27:40.574+0000] {manager.py:504} INFO - Created Permission View: can delete on DAG:example_task_group_decorator
[2023-01-19T20:27:40.589+0000] {logging_mixin.py:137} INFO - [2023-01-19T20:27:40.589+0000] {manager.py:504} INFO - Created Permission View: can edit on DAG:example_task_group_decorator
[2023-01-19T20:27:40.601+0000] {logging_mixin.py:137} INFO - [2023-01-19T20:27:40.601+0000] {manager.py:504} INFO - Created Permission View: can read on DAG:example_task_group_decorator
[2023-01-19T20:27:40.601+0000] {logging_mixin.py:137} INFO - [2023-01-19T20:27:40.601+0000] {dag.py:2676} INFO - Sync 1 DAGs
[2023-01-19T20:27:40.621+0000] {logging_mixin.py:137} INFO - [2023-01-19T20:27:40.621+0000] {dag.py:2697} INFO - Creating ORM DAG for example_task_group_decorator
[2023-01-19T20:27:40.639+0000] {logging_mixin.py:137} INFO - [2023-01-19T20:27:40.639+0000] {dag.py:3427} INFO - Setting next_dagrun for example_task_group_decorator to 2023-01-18T20:27:40.638940+00:00, run_after=2023-01-19T20:27:40.638940+00:00
[2023-01-19T20:27:40.668+0000] {processor.py:175} INFO - Processing /home/airflow/.local/lib/python3.7/site-packages/airflow/example_dags/example_task_group_decorator.py took 0.302 seconds
[2023-01-19T20:28:11.139+0000] {processor.py:153} INFO - Started process (PID=162) to work on /home/airflow/.local/lib/python3.7/site-packages/airflow/example_dags/example_task_group_decorator.py
[2023-01-19T20:28:11.141+0000] {processor.py:743} INFO - Processing file /home/airflow/.local/lib/python3.7/site-packages/airflow/example_dags/example_task_group_decorator.py for tasks to queue
[2023-01-19T20:28:11.142+0000] {logging_mixin.py:137} INFO - [2023-01-19T20:28:11.141+0000] {dagbag.py:538} INFO - Filling up the DagBag from /home/airflow/.local/lib/python3.7/site-packages/airflow/example_dags/example_task_group_decorator.py
[2023-01-19T20:28:11.202+0000] {processor.py:753} INFO - DAG(s) dict_keys(['example_task_group_decorator']) retrieved from /home/airflow/.local/lib/python3.7/site-packages/airflow/example_dags/example_task_group_decorator.py
[2023-01-19T20:28:11.279+0000] {logging_mixin.py:137} INFO - [2023-01-19T20:28:11.278+0000] {dag.py:2676} INFO - Sync 1 DAGs
[2023-01-19T20:28:11.337+0000] {logging_mixin.py:137} INFO - [2023-01-19T20:28:11.337+0000] {dag.py:3427} INFO - Setting next_dagrun for example_task_group_decorator to 2023-01-18T20:28:11.337008+00:00, run_after=2023-01-19T20:28:11.337008+00:00
[2023-01-19T20:28:11.375+0000] {processor.py:175} INFO - Processing /home/airflow/.local/lib/python3.7/site-packages/airflow/example_dags/example_task_group_decorator.py took 0.241 seconds
[2023-01-19T20:28:42.230+0000] {processor.py:153} INFO - Started process (PID=243) to work on /home/airflow/.local/lib/python3.7/site-packages/airflow/example_dags/example_task_group_decorator.py
[2023-01-19T20:28:42.232+0000] {processor.py:743} INFO - Processing file /home/airflow/.local/lib/python3.7/site-packages/airflow/example_dags/example_task_group_decorator.py for tasks to queue
[2023-01-19T20:28:42.232+0000] {logging_mixin.py:137} INFO - [2023-01-19T20:28:42.232+0000] {dagbag.py:538} INFO - Filling up the DagBag from /home/airflow/.local/lib/python3.7/site-packages/airflow/example_dags/example_task_group_decorator.py
[2023-01-19T20:28:42.283+0000] {processor.py:753} INFO - DAG(s) dict_keys(['example_task_group_decorator']) retrieved from /home/airflow/.local/lib/python3.7/site-packages/airflow/example_dags/example_task_group_decorator.py
[2023-01-19T20:28:42.351+0000] {logging_mixin.py:137} INFO - [2023-01-19T20:28:42.351+0000] {dag.py:2676} INFO - Sync 1 DAGs
[2023-01-19T20:28:42.398+0000] {logging_mixin.py:137} INFO - [2023-01-19T20:28:42.398+0000] {dag.py:3427} INFO - Setting next_dagrun for example_task_group_decorator to 2023-01-18T20:28:42.397689+00:00, run_after=2023-01-19T20:28:42.397689+00:00
[2023-01-19T20:28:42.433+0000] {processor.py:175} INFO - Processing /home/airflow/.local/lib/python3.7/site-packages/airflow/example_dags/example_task_group_decorator.py took 0.209 seconds
[2023-01-19T20:29:12.575+0000] {processor.py:153} INFO - Started process (PID=316) to work on /home/airflow/.local/lib/python3.7/site-packages/airflow/example_dags/example_task_group_decorator.py
[2023-01-19T20:29:12.576+0000] {processor.py:743} INFO - Processing file /home/airflow/.local/lib/python3.7/site-packages/airflow/example_dags/example_task_group_decorator.py for tasks to queue
[2023-01-19T20:29:12.577+0000] {logging_mixin.py:137} INFO - [2023-01-19T20:29:12.577+0000] {dagbag.py:538} INFO - Filling up the DagBag from /home/airflow/.local/lib/python3.7/site-packages/airflow/example_dags/example_task_group_decorator.py
[2023-01-19T20:29:12.623+0000] {processor.py:753} INFO - DAG(s) dict_keys(['example_task_group_decorator']) retrieved from /home/airflow/.local/lib/python3.7/site-packages/airflow/example_dags/example_task_group_decorator.py
[2023-01-19T20:29:12.681+0000] {logging_mixin.py:137} INFO - [2023-01-19T20:29:12.681+0000] {dag.py:2676} INFO - Sync 1 DAGs
[2023-01-19T20:29:12.721+0000] {logging_mixin.py:137} INFO - [2023-01-19T20:29:12.721+0000] {dag.py:3427} INFO - Setting next_dagrun for example_task_group_decorator to 2023-01-18T20:29:12.720708+00:00, run_after=2023-01-19T20:29:12.720708+00:00
[2023-01-19T20:29:12.756+0000] {processor.py:175} INFO - Processing /home/airflow/.local/lib/python3.7/site-packages/airflow/example_dags/example_task_group_decorator.py took 0.185 seconds
[2023-01-19T20:29:43.204+0000] {processor.py:153} INFO - Started process (PID=389) to work on /home/airflow/.local/lib/python3.7/site-packages/airflow/example_dags/example_task_group_decorator.py
[2023-01-19T20:29:43.207+0000] {processor.py:743} INFO - Processing file /home/airflow/.local/lib/python3.7/site-packages/airflow/example_dags/example_task_group_decorator.py for tasks to queue
[2023-01-19T20:29:43.208+0000] {logging_mixin.py:137} INFO - [2023-01-19T20:29:43.208+0000] {dagbag.py:538} INFO - Filling up the DagBag from /home/airflow/.local/lib/python3.7/site-packages/airflow/example_dags/example_task_group_decorator.py
[2023-01-19T20:29:43.274+0000] {processor.py:753} INFO - DAG(s) dict_keys(['example_task_group_decorator']) retrieved from /home/airflow/.local/lib/python3.7/site-packages/airflow/example_dags/example_task_group_decorator.py
[2023-01-19T20:29:43.354+0000] {logging_mixin.py:137} INFO - [2023-01-19T20:29:43.354+0000] {dag.py:2676} INFO - Sync 1 DAGs
[2023-01-19T20:29:43.421+0000] {logging_mixin.py:137} INFO - [2023-01-19T20:29:43.421+0000] {dag.py:3427} INFO - Setting next_dagrun for example_task_group_decorator to 2023-01-18T20:29:43.421141+00:00, run_after=2023-01-19T20:29:43.421141+00:00
[2023-01-19T20:29:43.463+0000] {processor.py:175} INFO - Processing /home/airflow/.local/lib/python3.7/site-packages/airflow/example_dags/example_task_group_decorator.py took 0.264 seconds
[2023-01-19T20:30:13.496+0000] {processor.py:153} INFO - Started process (PID=461) to work on /home/airflow/.local/lib/python3.7/site-packages/airflow/example_dags/example_task_group_decorator.py
[2023-01-19T20:30:13.497+0000] {processor.py:743} INFO - Processing file /home/airflow/.local/lib/python3.7/site-packages/airflow/example_dags/example_task_group_decorator.py for tasks to queue
[2023-01-19T20:30:13.498+0000] {logging_mixin.py:137} INFO - [2023-01-19T20:30:13.498+0000] {dagbag.py:538} INFO - Filling up the DagBag from /home/airflow/.local/lib/python3.7/site-packages/airflow/example_dags/example_task_group_decorator.py
[2023-01-19T20:30:13.541+0000] {processor.py:753} INFO - DAG(s) dict_keys(['example_task_group_decorator']) retrieved from /home/airflow/.local/lib/python3.7/site-packages/airflow/example_dags/example_task_group_decorator.py
[2023-01-19T20:30:13.691+0000] {logging_mixin.py:137} INFO - [2023-01-19T20:30:13.690+0000] {dag.py:2676} INFO - Sync 1 DAGs
[2023-01-19T20:30:13.734+0000] {logging_mixin.py:137} INFO - [2023-01-19T20:30:13.733+0000] {dag.py:3427} INFO - Setting next_dagrun for example_task_group_decorator to 2023-01-18T20:30:13.733507+00:00, run_after=2023-01-19T20:30:13.733507+00:00
[2023-01-19T20:30:13.761+0000] {processor.py:175} INFO - Processing /home/airflow/.local/lib/python3.7/site-packages/airflow/example_dags/example_task_group_decorator.py took 0.270 seconds
[2023-01-19T20:30:43.820+0000] {processor.py:153} INFO - Started process (PID=549) to work on /home/airflow/.local/lib/python3.7/site-packages/airflow/example_dags/example_task_group_decorator.py
[2023-01-19T20:30:43.821+0000] {processor.py:743} INFO - Processing file /home/airflow/.local/lib/python3.7/site-packages/airflow/example_dags/example_task_group_decorator.py for tasks to queue
[2023-01-19T20:30:43.821+0000] {logging_mixin.py:137} INFO - [2023-01-19T20:30:43.821+0000] {dagbag.py:538} INFO - Filling up the DagBag from /home/airflow/.local/lib/python3.7/site-packages/airflow/example_dags/example_task_group_decorator.py
[2023-01-19T20:30:43.863+0000] {processor.py:753} INFO - DAG(s) dict_keys(['example_task_group_decorator']) retrieved from /home/airflow/.local/lib/python3.7/site-packages/airflow/example_dags/example_task_group_decorator.py
[2023-01-19T20:30:43.918+0000] {logging_mixin.py:137} INFO - [2023-01-19T20:30:43.917+0000] {dag.py:2676} INFO - Sync 1 DAGs
[2023-01-19T20:30:43.949+0000] {logging_mixin.py:137} INFO - [2023-01-19T20:30:43.948+0000] {dag.py:3427} INFO - Setting next_dagrun for example_task_group_decorator to 2023-01-18T20:30:43.948458+00:00, run_after=2023-01-19T20:30:43.948458+00:00
[2023-01-19T20:30:43.976+0000] {processor.py:175} INFO - Processing /home/airflow/.local/lib/python3.7/site-packages/airflow/example_dags/example_task_group_decorator.py took 0.160 seconds
[2023-01-19T20:31:15.378+0000] {processor.py:153} INFO - Started process (PID=621) to work on /home/airflow/.local/lib/python3.7/site-packages/airflow/example_dags/example_task_group_decorator.py
[2023-01-19T20:31:15.379+0000] {processor.py:743} INFO - Processing file /home/airflow/.local/lib/python3.7/site-packages/airflow/example_dags/example_task_group_decorator.py for tasks to queue
[2023-01-19T20:31:15.381+0000] {logging_mixin.py:137} INFO - [2023-01-19T20:31:15.380+0000] {dagbag.py:538} INFO - Filling up the DagBag from /home/airflow/.local/lib/python3.7/site-packages/airflow/example_dags/example_task_group_decorator.py
[2023-01-19T20:31:15.476+0000] {processor.py:753} INFO - DAG(s) dict_keys(['example_task_group_decorator']) retrieved from /home/airflow/.local/lib/python3.7/site-packages/airflow/example_dags/example_task_group_decorator.py
[2023-01-19T20:31:15.558+0000] {logging_mixin.py:137} INFO - [2023-01-19T20:31:15.558+0000] {dag.py:2676} INFO - Sync 1 DAGs
[2023-01-19T20:31:15.618+0000] {logging_mixin.py:137} INFO - [2023-01-19T20:31:15.618+0000] {dag.py:3427} INFO - Setting next_dagrun for example_task_group_decorator to 2023-01-18T20:31:15.617626+00:00, run_after=2023-01-19T20:31:15.617626+00:00
[2023-01-19T20:31:15.656+0000] {processor.py:175} INFO - Processing /home/airflow/.local/lib/python3.7/site-packages/airflow/example_dags/example_task_group_decorator.py took 0.285 seconds
[2023-01-19T20:31:45.747+0000] {processor.py:153} INFO - Started process (PID=693) to work on /home/airflow/.local/lib/python3.7/site-packages/airflow/example_dags/example_task_group_decorator.py
[2023-01-19T20:31:45.749+0000] {processor.py:743} INFO - Processing file /home/airflow/.local/lib/python3.7/site-packages/airflow/example_dags/example_task_group_decorator.py for tasks to queue
[2023-01-19T20:31:45.750+0000] {logging_mixin.py:137} INFO - [2023-01-19T20:31:45.749+0000] {dagbag.py:538} INFO - Filling up the DagBag from /home/airflow/.local/lib/python3.7/site-packages/airflow/example_dags/example_task_group_decorator.py
[2023-01-19T20:31:45.793+0000] {processor.py:753} INFO - DAG(s) dict_keys(['example_task_group_decorator']) retrieved from /home/airflow/.local/lib/python3.7/site-packages/airflow/example_dags/example_task_group_decorator.py
[2023-01-19T20:31:45.843+0000] {logging_mixin.py:137} INFO - [2023-01-19T20:31:45.843+0000] {dag.py:2676} INFO - Sync 1 DAGs
[2023-01-19T20:31:45.874+0000] {logging_mixin.py:137} INFO - [2023-01-19T20:31:45.874+0000] {dag.py:3427} INFO - Setting next_dagrun for example_task_group_decorator to 2023-01-18T20:31:45.874182+00:00, run_after=2023-01-19T20:31:45.874182+00:00
[2023-01-19T20:31:45.900+0000] {processor.py:175} INFO - Processing /home/airflow/.local/lib/python3.7/site-packages/airflow/example_dags/example_task_group_decorator.py took 0.158 seconds
[2023-01-19T20:32:16.123+0000] {processor.py:153} INFO - Started process (PID=782) to work on /home/airflow/.local/lib/python3.7/site-packages/airflow/example_dags/example_task_group_decorator.py
[2023-01-19T20:32:16.124+0000] {processor.py:743} INFO - Processing file /home/airflow/.local/lib/python3.7/site-packages/airflow/example_dags/example_task_group_decorator.py for tasks to queue
[2023-01-19T20:32:16.125+0000] {logging_mixin.py:137} INFO - [2023-01-19T20:32:16.125+0000] {dagbag.py:538} INFO - Filling up the DagBag from /home/airflow/.local/lib/python3.7/site-packages/airflow/example_dags/example_task_group_decorator.py
[2023-01-19T20:32:16.177+0000] {processor.py:753} INFO - DAG(s) dict_keys(['example_task_group_decorator']) retrieved from /home/airflow/.local/lib/python3.7/site-packages/airflow/example_dags/example_task_group_decorator.py
[2023-01-19T20:32:16.235+0000] {logging_mixin.py:137} INFO - [2023-01-19T20:32:16.235+0000] {dag.py:2676} INFO - Sync 1 DAGs
[2023-01-19T20:32:16.273+0000] {logging_mixin.py:137} INFO - [2023-01-19T20:32:16.273+0000] {dag.py:3427} INFO - Setting next_dagrun for example_task_group_decorator to 2023-01-18T20:32:16.272808+00:00, run_after=2023-01-19T20:32:16.272808+00:00
[2023-01-19T20:32:16.299+0000] {processor.py:175} INFO - Processing /home/airflow/.local/lib/python3.7/site-packages/airflow/example_dags/example_task_group_decorator.py took 0.180 seconds
[2023-01-19T20:32:46.658+0000] {processor.py:153} INFO - Started process (PID=854) to work on /home/airflow/.local/lib/python3.7/site-packages/airflow/example_dags/example_task_group_decorator.py
[2023-01-19T20:32:46.660+0000] {processor.py:743} INFO - Processing file /home/airflow/.local/lib/python3.7/site-packages/airflow/example_dags/example_task_group_decorator.py for tasks to queue
[2023-01-19T20:32:46.661+0000] {logging_mixin.py:137} INFO - [2023-01-19T20:32:46.661+0000] {dagbag.py:538} INFO - Filling up the DagBag from /home/airflow/.local/lib/python3.7/site-packages/airflow/example_dags/example_task_group_decorator.py
[2023-01-19T20:32:46.698+0000] {processor.py:753} INFO - DAG(s) dict_keys(['example_task_group_decorator']) retrieved from /home/airflow/.local/lib/python3.7/site-packages/airflow/example_dags/example_task_group_decorator.py
[2023-01-19T20:32:46.753+0000] {logging_mixin.py:137} INFO - [2023-01-19T20:32:46.752+0000] {dag.py:2676} INFO - Sync 1 DAGs
[2023-01-19T20:32:46.791+0000] {logging_mixin.py:137} INFO - [2023-01-19T20:32:46.791+0000] {dag.py:3427} INFO - Setting next_dagrun for example_task_group_decorator to 2023-01-18T20:32:46.791032+00:00, run_after=2023-01-19T20:32:46.791032+00:00
[2023-01-19T20:32:46.817+0000] {processor.py:175} INFO - Processing /home/airflow/.local/lib/python3.7/site-packages/airflow/example_dags/example_task_group_decorator.py took 0.163 seconds
[2023-01-19T20:33:16.871+0000] {processor.py:153} INFO - Started process (PID=926) to work on /home/airflow/.local/lib/python3.7/site-packages/airflow/example_dags/example_task_group_decorator.py
[2023-01-19T20:33:16.873+0000] {processor.py:743} INFO - Processing file /home/airflow/.local/lib/python3.7/site-packages/airflow/example_dags/example_task_group_decorator.py for tasks to queue
[2023-01-19T20:33:16.874+0000] {logging_mixin.py:137} INFO - [2023-01-19T20:33:16.874+0000] {dagbag.py:538} INFO - Filling up the DagBag from /home/airflow/.local/lib/python3.7/site-packages/airflow/example_dags/example_task_group_decorator.py
[2023-01-19T20:33:16.923+0000] {processor.py:753} INFO - DAG(s) dict_keys(['example_task_group_decorator']) retrieved from /home/airflow/.local/lib/python3.7/site-packages/airflow/example_dags/example_task_group_decorator.py
[2023-01-19T20:33:17.030+0000] {logging_mixin.py:137} INFO - [2023-01-19T20:33:17.029+0000] {dag.py:2676} INFO - Sync 1 DAGs
[2023-01-19T20:33:17.070+0000] {logging_mixin.py:137} INFO - [2023-01-19T20:33:17.070+0000] {dag.py:3427} INFO - Setting next_dagrun for example_task_group_decorator to 2023-01-18T20:33:17.069826+00:00, run_after=2023-01-19T20:33:17.069826+00:00
[2023-01-19T20:33:17.101+0000] {processor.py:175} INFO - Processing /home/airflow/.local/lib/python3.7/site-packages/airflow/example_dags/example_task_group_decorator.py took 0.234 seconds
[2023-01-19T20:33:47.129+0000] {processor.py:153} INFO - Started process (PID=997) to work on /home/airflow/.local/lib/python3.7/site-packages/airflow/example_dags/example_task_group_decorator.py
[2023-01-19T20:33:47.130+0000] {processor.py:743} INFO - Processing file /home/airflow/.local/lib/python3.7/site-packages/airflow/example_dags/example_task_group_decorator.py for tasks to queue
[2023-01-19T20:33:47.131+0000] {logging_mixin.py:137} INFO - [2023-01-19T20:33:47.131+0000] {dagbag.py:538} INFO - Filling up the DagBag from /home/airflow/.local/lib/python3.7/site-packages/airflow/example_dags/example_task_group_decorator.py
[2023-01-19T20:33:47.166+0000] {processor.py:753} INFO - DAG(s) dict_keys(['example_task_group_decorator']) retrieved from /home/airflow/.local/lib/python3.7/site-packages/airflow/example_dags/example_task_group_decorator.py
[2023-01-19T20:33:47.215+0000] {logging_mixin.py:137} INFO - [2023-01-19T20:33:47.215+0000] {dag.py:2676} INFO - Sync 1 DAGs
[2023-01-19T20:33:47.248+0000] {logging_mixin.py:137} INFO - [2023-01-19T20:33:47.247+0000] {dag.py:3427} INFO - Setting next_dagrun for example_task_group_decorator to 2023-01-18T20:33:47.247646+00:00, run_after=2023-01-19T20:33:47.247646+00:00
[2023-01-19T20:33:47.276+0000] {processor.py:175} INFO - Processing /home/airflow/.local/lib/python3.7/site-packages/airflow/example_dags/example_task_group_decorator.py took 0.151 seconds
[2023-01-19T20:34:17.324+0000] {processor.py:153} INFO - Started process (PID=1085) to work on /home/airflow/.local/lib/python3.7/site-packages/airflow/example_dags/example_task_group_decorator.py
[2023-01-19T20:34:17.326+0000] {processor.py:743} INFO - Processing file /home/airflow/.local/lib/python3.7/site-packages/airflow/example_dags/example_task_group_decorator.py for tasks to queue
[2023-01-19T20:34:17.327+0000] {logging_mixin.py:137} INFO - [2023-01-19T20:34:17.326+0000] {dagbag.py:538} INFO - Filling up the DagBag from /home/airflow/.local/lib/python3.7/site-packages/airflow/example_dags/example_task_group_decorator.py
[2023-01-19T20:34:17.381+0000] {processor.py:753} INFO - DAG(s) dict_keys(['example_task_group_decorator']) retrieved from /home/airflow/.local/lib/python3.7/site-packages/airflow/example_dags/example_task_group_decorator.py
[2023-01-19T20:34:17.438+0000] {logging_mixin.py:137} INFO - [2023-01-19T20:34:17.438+0000] {dag.py:2676} INFO - Sync 1 DAGs
[2023-01-19T20:34:17.472+0000] {logging_mixin.py:137} INFO - [2023-01-19T20:34:17.471+0000] {dag.py:3427} INFO - Setting next_dagrun for example_task_group_decorator to 2023-01-18T20:34:17.471504+00:00, run_after=2023-01-19T20:34:17.471504+00:00
[2023-01-19T20:34:17.498+0000] {processor.py:175} INFO - Processing /home/airflow/.local/lib/python3.7/site-packages/airflow/example_dags/example_task_group_decorator.py took 0.179 seconds
[2023-01-19T20:34:48.329+0000] {processor.py:153} INFO - Started process (PID=1158) to work on /home/airflow/.local/lib/python3.7/site-packages/airflow/example_dags/example_task_group_decorator.py
[2023-01-19T20:34:48.330+0000] {processor.py:743} INFO - Processing file /home/airflow/.local/lib/python3.7/site-packages/airflow/example_dags/example_task_group_decorator.py for tasks to queue
[2023-01-19T20:34:48.331+0000] {logging_mixin.py:137} INFO - [2023-01-19T20:34:48.331+0000] {dagbag.py:538} INFO - Filling up the DagBag from /home/airflow/.local/lib/python3.7/site-packages/airflow/example_dags/example_task_group_decorator.py
[2023-01-19T20:34:48.373+0000] {processor.py:753} INFO - DAG(s) dict_keys(['example_task_group_decorator']) retrieved from /home/airflow/.local/lib/python3.7/site-packages/airflow/example_dags/example_task_group_decorator.py
[2023-01-19T20:34:48.425+0000] {logging_mixin.py:137} INFO - [2023-01-19T20:34:48.424+0000] {dag.py:2676} INFO - Sync 1 DAGs
[2023-01-19T20:34:48.466+0000] {logging_mixin.py:137} INFO - [2023-01-19T20:34:48.466+0000] {dag.py:3427} INFO - Setting next_dagrun for example_task_group_decorator to 2023-01-18T20:34:48.465823+00:00, run_after=2023-01-19T20:34:48.465823+00:00
[2023-01-19T20:34:48.494+0000] {processor.py:175} INFO - Processing /home/airflow/.local/lib/python3.7/site-packages/airflow/example_dags/example_task_group_decorator.py took 0.169 seconds
[2023-01-19T20:35:19.091+0000] {processor.py:153} INFO - Started process (PID=1230) to work on /home/airflow/.local/lib/python3.7/site-packages/airflow/example_dags/example_task_group_decorator.py
[2023-01-19T20:35:19.092+0000] {processor.py:743} INFO - Processing file /home/airflow/.local/lib/python3.7/site-packages/airflow/example_dags/example_task_group_decorator.py for tasks to queue
[2023-01-19T20:35:19.093+0000] {logging_mixin.py:137} INFO - [2023-01-19T20:35:19.093+0000] {dagbag.py:538} INFO - Filling up the DagBag from /home/airflow/.local/lib/python3.7/site-packages/airflow/example_dags/example_task_group_decorator.py
[2023-01-19T20:35:19.133+0000] {processor.py:753} INFO - DAG(s) dict_keys(['example_task_group_decorator']) retrieved from /home/airflow/.local/lib/python3.7/site-packages/airflow/example_dags/example_task_group_decorator.py
[2023-01-19T20:35:19.180+0000] {logging_mixin.py:137} INFO - [2023-01-19T20:35:19.180+0000] {dag.py:2676} INFO - Sync 1 DAGs
[2023-01-19T20:35:19.216+0000] {logging_mixin.py:137} INFO - [2023-01-19T20:35:19.216+0000] {dag.py:3427} INFO - Setting next_dagrun for example_task_group_decorator to 2023-01-18T20:35:19.216159+00:00, run_after=2023-01-19T20:35:19.216159+00:00
[2023-01-19T20:35:19.242+0000] {processor.py:175} INFO - Processing /home/airflow/.local/lib/python3.7/site-packages/airflow/example_dags/example_task_group_decorator.py took 0.155 seconds
[2023-01-19T20:35:49.982+0000] {processor.py:153} INFO - Started process (PID=1318) to work on /home/airflow/.local/lib/python3.7/site-packages/airflow/example_dags/example_task_group_decorator.py
[2023-01-19T20:35:49.983+0000] {processor.py:743} INFO - Processing file /home/airflow/.local/lib/python3.7/site-packages/airflow/example_dags/example_task_group_decorator.py for tasks to queue
[2023-01-19T20:35:49.984+0000] {logging_mixin.py:137} INFO - [2023-01-19T20:35:49.984+0000] {dagbag.py:538} INFO - Filling up the DagBag from /home/airflow/.local/lib/python3.7/site-packages/airflow/example_dags/example_task_group_decorator.py
[2023-01-19T20:35:50.025+0000] {processor.py:753} INFO - DAG(s) dict_keys(['example_task_group_decorator']) retrieved from /home/airflow/.local/lib/python3.7/site-packages/airflow/example_dags/example_task_group_decorator.py
[2023-01-19T20:35:50.079+0000] {logging_mixin.py:137} INFO - [2023-01-19T20:35:50.079+0000] {dag.py:2676} INFO - Sync 1 DAGs
[2023-01-19T20:35:50.114+0000] {logging_mixin.py:137} INFO - [2023-01-19T20:35:50.113+0000] {dag.py:3427} INFO - Setting next_dagrun for example_task_group_decorator to 2023-01-18T20:35:50.113604+00:00, run_after=2023-01-19T20:35:50.113604+00:00
[2023-01-19T20:35:50.142+0000] {processor.py:175} INFO - Processing /home/airflow/.local/lib/python3.7/site-packages/airflow/example_dags/example_task_group_decorator.py took 0.163 seconds
[2023-01-19T20:36:20.737+0000] {processor.py:153} INFO - Started process (PID=1391) to work on /home/airflow/.local/lib/python3.7/site-packages/airflow/example_dags/example_task_group_decorator.py
[2023-01-19T20:36:20.738+0000] {processor.py:743} INFO - Processing file /home/airflow/.local/lib/python3.7/site-packages/airflow/example_dags/example_task_group_decorator.py for tasks to queue
[2023-01-19T20:36:20.739+0000] {logging_mixin.py:137} INFO - [2023-01-19T20:36:20.739+0000] {dagbag.py:538} INFO - Filling up the DagBag from /home/airflow/.local/lib/python3.7/site-packages/airflow/example_dags/example_task_group_decorator.py
[2023-01-19T20:36:20.778+0000] {processor.py:753} INFO - DAG(s) dict_keys(['example_task_group_decorator']) retrieved from /home/airflow/.local/lib/python3.7/site-packages/airflow/example_dags/example_task_group_decorator.py
[2023-01-19T20:36:20.828+0000] {logging_mixin.py:137} INFO - [2023-01-19T20:36:20.828+0000] {dag.py:2676} INFO - Sync 1 DAGs
[2023-01-19T20:36:20.863+0000] {logging_mixin.py:137} INFO - [2023-01-19T20:36:20.863+0000] {dag.py:3427} INFO - Setting next_dagrun for example_task_group_decorator to 2023-01-18T20:36:20.862798+00:00, run_after=2023-01-19T20:36:20.862798+00:00
[2023-01-19T20:36:20.887+0000] {processor.py:175} INFO - Processing /home/airflow/.local/lib/python3.7/site-packages/airflow/example_dags/example_task_group_decorator.py took 0.154 seconds
[2023-01-19T20:36:51.538+0000] {processor.py:153} INFO - Started process (PID=1463) to work on /home/airflow/.local/lib/python3.7/site-packages/airflow/example_dags/example_task_group_decorator.py
[2023-01-19T20:36:51.540+0000] {processor.py:743} INFO - Processing file /home/airflow/.local/lib/python3.7/site-packages/airflow/example_dags/example_task_group_decorator.py for tasks to queue
[2023-01-19T20:36:51.541+0000] {logging_mixin.py:137} INFO - [2023-01-19T20:36:51.541+0000] {dagbag.py:538} INFO - Filling up the DagBag from /home/airflow/.local/lib/python3.7/site-packages/airflow/example_dags/example_task_group_decorator.py
[2023-01-19T20:36:51.588+0000] {processor.py:753} INFO - DAG(s) dict_keys(['example_task_group_decorator']) retrieved from /home/airflow/.local/lib/python3.7/site-packages/airflow/example_dags/example_task_group_decorator.py
[2023-01-19T20:36:51.645+0000] {logging_mixin.py:137} INFO - [2023-01-19T20:36:51.645+0000] {dag.py:2676} INFO - Sync 1 DAGs
[2023-01-19T20:36:51.678+0000] {logging_mixin.py:137} INFO - [2023-01-19T20:36:51.677+0000] {dag.py:3427} INFO - Setting next_dagrun for example_task_group_decorator to 2023-01-18T20:36:51.677713+00:00, run_after=2023-01-19T20:36:51.677713+00:00
[2023-01-19T20:36:51.705+0000] {processor.py:175} INFO - Processing /home/airflow/.local/lib/python3.7/site-packages/airflow/example_dags/example_task_group_decorator.py took 0.171 seconds
[2023-01-19T20:37:22.913+0000] {processor.py:153} INFO - Started process (PID=1551) to work on /home/airflow/.local/lib/python3.7/site-packages/airflow/example_dags/example_task_group_decorator.py
[2023-01-19T20:37:22.914+0000] {processor.py:743} INFO - Processing file /home/airflow/.local/lib/python3.7/site-packages/airflow/example_dags/example_task_group_decorator.py for tasks to queue
[2023-01-19T20:37:22.915+0000] {logging_mixin.py:137} INFO - [2023-01-19T20:37:22.915+0000] {dagbag.py:538} INFO - Filling up the DagBag from /home/airflow/.local/lib/python3.7/site-packages/airflow/example_dags/example_task_group_decorator.py
[2023-01-19T20:37:22.962+0000] {processor.py:753} INFO - DAG(s) dict_keys(['example_task_group_decorator']) retrieved from /home/airflow/.local/lib/python3.7/site-packages/airflow/example_dags/example_task_group_decorator.py
[2023-01-19T20:37:23.023+0000] {logging_mixin.py:137} INFO - [2023-01-19T20:37:23.023+0000] {dag.py:2676} INFO - Sync 1 DAGs
[2023-01-19T20:37:23.055+0000] {logging_mixin.py:137} INFO - [2023-01-19T20:37:23.054+0000] {dag.py:3427} INFO - Setting next_dagrun for example_task_group_decorator to 2023-01-18T20:37:23.054721+00:00, run_after=2023-01-19T20:37:23.054721+00:00
[2023-01-19T20:37:23.082+0000] {processor.py:175} INFO - Processing /home/airflow/.local/lib/python3.7/site-packages/airflow/example_dags/example_task_group_decorator.py took 0.175 seconds
[2023-01-19T20:37:53.892+0000] {processor.py:153} INFO - Started process (PID=1623) to work on /home/airflow/.local/lib/python3.7/site-packages/airflow/example_dags/example_task_group_decorator.py
[2023-01-19T20:37:53.893+0000] {processor.py:743} INFO - Processing file /home/airflow/.local/lib/python3.7/site-packages/airflow/example_dags/example_task_group_decorator.py for tasks to queue
[2023-01-19T20:37:53.894+0000] {logging_mixin.py:137} INFO - [2023-01-19T20:37:53.893+0000] {dagbag.py:538} INFO - Filling up the DagBag from /home/airflow/.local/lib/python3.7/site-packages/airflow/example_dags/example_task_group_decorator.py
[2023-01-19T20:37:53.932+0000] {processor.py:753} INFO - DAG(s) dict_keys(['example_task_group_decorator']) retrieved from /home/airflow/.local/lib/python3.7/site-packages/airflow/example_dags/example_task_group_decorator.py
[2023-01-19T20:37:53.984+0000] {logging_mixin.py:137} INFO - [2023-01-19T20:37:53.984+0000] {dag.py:2676} INFO - Sync 1 DAGs
[2023-01-19T20:37:54.018+0000] {logging_mixin.py:137} INFO - [2023-01-19T20:37:54.018+0000] {dag.py:3427} INFO - Setting next_dagrun for example_task_group_decorator to 2023-01-18T20:37:54.017781+00:00, run_after=2023-01-19T20:37:54.017781+00:00
[2023-01-19T20:37:54.046+0000] {processor.py:175} INFO - Processing /home/airflow/.local/lib/python3.7/site-packages/airflow/example_dags/example_task_group_decorator.py took 0.159 seconds
[2023-01-19T20:38:24.290+0000] {processor.py:153} INFO - Started process (PID=1702) to work on /home/airflow/.local/lib/python3.7/site-packages/airflow/example_dags/example_task_group_decorator.py
[2023-01-19T20:38:24.292+0000] {processor.py:743} INFO - Processing file /home/airflow/.local/lib/python3.7/site-packages/airflow/example_dags/example_task_group_decorator.py for tasks to queue
[2023-01-19T20:38:24.292+0000] {logging_mixin.py:137} INFO - [2023-01-19T20:38:24.292+0000] {dagbag.py:538} INFO - Filling up the DagBag from /home/airflow/.local/lib/python3.7/site-packages/airflow/example_dags/example_task_group_decorator.py
[2023-01-19T20:38:24.332+0000] {processor.py:753} INFO - DAG(s) dict_keys(['example_task_group_decorator']) retrieved from /home/airflow/.local/lib/python3.7/site-packages/airflow/example_dags/example_task_group_decorator.py
[2023-01-19T20:38:24.382+0000] {logging_mixin.py:137} INFO - [2023-01-19T20:38:24.382+0000] {dag.py:2676} INFO - Sync 1 DAGs
[2023-01-19T20:38:24.421+0000] {logging_mixin.py:137} INFO - [2023-01-19T20:38:24.421+0000] {dag.py:3427} INFO - Setting next_dagrun for example_task_group_decorator to 2023-01-18T20:38:24.421010+00:00, run_after=2023-01-19T20:38:24.421010+00:00
[2023-01-19T20:38:24.448+0000] {processor.py:175} INFO - Processing /home/airflow/.local/lib/python3.7/site-packages/airflow/example_dags/example_task_group_decorator.py took 0.162 seconds
[2023-01-19T20:38:55.302+0000] {processor.py:153} INFO - Started process (PID=1783) to work on /home/airflow/.local/lib/python3.7/site-packages/airflow/example_dags/example_task_group_decorator.py
[2023-01-19T20:38:55.304+0000] {processor.py:743} INFO - Processing file /home/airflow/.local/lib/python3.7/site-packages/airflow/example_dags/example_task_group_decorator.py for tasks to queue
[2023-01-19T20:38:55.305+0000] {logging_mixin.py:137} INFO - [2023-01-19T20:38:55.305+0000] {dagbag.py:538} INFO - Filling up the DagBag from /home/airflow/.local/lib/python3.7/site-packages/airflow/example_dags/example_task_group_decorator.py
[2023-01-19T20:38:55.350+0000] {processor.py:753} INFO - DAG(s) dict_keys(['example_task_group_decorator']) retrieved from /home/airflow/.local/lib/python3.7/site-packages/airflow/example_dags/example_task_group_decorator.py
[2023-01-19T20:38:55.408+0000] {logging_mixin.py:137} INFO - [2023-01-19T20:38:55.408+0000] {dag.py:2676} INFO - Sync 1 DAGs
[2023-01-19T20:38:55.444+0000] {logging_mixin.py:137} INFO - [2023-01-19T20:38:55.444+0000] {dag.py:3427} INFO - Setting next_dagrun for example_task_group_decorator to 2023-01-18T20:38:55.443894+00:00, run_after=2023-01-19T20:38:55.443894+00:00
[2023-01-19T20:38:55.474+0000] {processor.py:175} INFO - Processing /home/airflow/.local/lib/python3.7/site-packages/airflow/example_dags/example_task_group_decorator.py took 0.175 seconds
[2023-01-19T20:39:25.631+0000] {processor.py:153} INFO - Started process (PID=1855) to work on /home/airflow/.local/lib/python3.7/site-packages/airflow/example_dags/example_task_group_decorator.py
[2023-01-19T20:39:25.633+0000] {processor.py:743} INFO - Processing file /home/airflow/.local/lib/python3.7/site-packages/airflow/example_dags/example_task_group_decorator.py for tasks to queue
[2023-01-19T20:39:25.634+0000] {logging_mixin.py:137} INFO - [2023-01-19T20:39:25.634+0000] {dagbag.py:538} INFO - Filling up the DagBag from /home/airflow/.local/lib/python3.7/site-packages/airflow/example_dags/example_task_group_decorator.py
[2023-01-19T20:39:25.678+0000] {processor.py:753} INFO - DAG(s) dict_keys(['example_task_group_decorator']) retrieved from /home/airflow/.local/lib/python3.7/site-packages/airflow/example_dags/example_task_group_decorator.py
[2023-01-19T20:39:25.729+0000] {logging_mixin.py:137} INFO - [2023-01-19T20:39:25.729+0000] {dag.py:2676} INFO - Sync 1 DAGs
[2023-01-19T20:39:25.763+0000] {logging_mixin.py:137} INFO - [2023-01-19T20:39:25.763+0000] {dag.py:3427} INFO - Setting next_dagrun for example_task_group_decorator to 2023-01-18T20:39:25.762782+00:00, run_after=2023-01-19T20:39:25.762782+00:00
[2023-01-19T20:39:25.804+0000] {processor.py:175} INFO - Processing /home/airflow/.local/lib/python3.7/site-packages/airflow/example_dags/example_task_group_decorator.py took 0.178 seconds
[2023-01-19T20:39:55.912+0000] {processor.py:153} INFO - Started process (PID=1927) to work on /home/airflow/.local/lib/python3.7/site-packages/airflow/example_dags/example_task_group_decorator.py
[2023-01-19T20:39:55.914+0000] {processor.py:743} INFO - Processing file /home/airflow/.local/lib/python3.7/site-packages/airflow/example_dags/example_task_group_decorator.py for tasks to queue
[2023-01-19T20:39:55.916+0000] {logging_mixin.py:137} INFO - [2023-01-19T20:39:55.916+0000] {dagbag.py:538} INFO - Filling up the DagBag from /home/airflow/.local/lib/python3.7/site-packages/airflow/example_dags/example_task_group_decorator.py
[2023-01-19T20:39:55.970+0000] {processor.py:753} INFO - DAG(s) dict_keys(['example_task_group_decorator']) retrieved from /home/airflow/.local/lib/python3.7/site-packages/airflow/example_dags/example_task_group_decorator.py
[2023-01-19T20:39:56.025+0000] {logging_mixin.py:137} INFO - [2023-01-19T20:39:56.025+0000] {dag.py:2676} INFO - Sync 1 DAGs
[2023-01-19T20:39:56.063+0000] {logging_mixin.py:137} INFO - [2023-01-19T20:39:56.063+0000] {dag.py:3427} INFO - Setting next_dagrun for example_task_group_decorator to 2023-01-18T20:39:56.063068+00:00, run_after=2023-01-19T20:39:56.063068+00:00
[2023-01-19T20:39:56.089+0000] {processor.py:175} INFO - Processing /home/airflow/.local/lib/python3.7/site-packages/airflow/example_dags/example_task_group_decorator.py took 0.183 seconds
[2023-01-19T20:40:26.237+0000] {processor.py:153} INFO - Started process (PID=2016) to work on /home/airflow/.local/lib/python3.7/site-packages/airflow/example_dags/example_task_group_decorator.py
[2023-01-19T20:40:26.239+0000] {processor.py:743} INFO - Processing file /home/airflow/.local/lib/python3.7/site-packages/airflow/example_dags/example_task_group_decorator.py for tasks to queue
[2023-01-19T20:40:26.240+0000] {logging_mixin.py:137} INFO - [2023-01-19T20:40:26.240+0000] {dagbag.py:538} INFO - Filling up the DagBag from /home/airflow/.local/lib/python3.7/site-packages/airflow/example_dags/example_task_group_decorator.py
[2023-01-19T20:40:26.286+0000] {processor.py:753} INFO - DAG(s) dict_keys(['example_task_group_decorator']) retrieved from /home/airflow/.local/lib/python3.7/site-packages/airflow/example_dags/example_task_group_decorator.py
[2023-01-19T20:40:26.345+0000] {logging_mixin.py:137} INFO - [2023-01-19T20:40:26.345+0000] {dag.py:2676} INFO - Sync 1 DAGs
[2023-01-19T20:40:26.387+0000] {logging_mixin.py:137} INFO - [2023-01-19T20:40:26.386+0000] {dag.py:3427} INFO - Setting next_dagrun for example_task_group_decorator to 2023-01-18T20:40:26.386632+00:00, run_after=2023-01-19T20:40:26.386632+00:00
[2023-01-19T20:40:26.417+0000] {processor.py:175} INFO - Processing /home/airflow/.local/lib/python3.7/site-packages/airflow/example_dags/example_task_group_decorator.py took 0.185 seconds
[2023-01-19T20:40:56.630+0000] {processor.py:153} INFO - Started process (PID=2088) to work on /home/airflow/.local/lib/python3.7/site-packages/airflow/example_dags/example_task_group_decorator.py
[2023-01-19T20:40:56.631+0000] {processor.py:743} INFO - Processing file /home/airflow/.local/lib/python3.7/site-packages/airflow/example_dags/example_task_group_decorator.py for tasks to queue
[2023-01-19T20:40:56.632+0000] {logging_mixin.py:137} INFO - [2023-01-19T20:40:56.632+0000] {dagbag.py:538} INFO - Filling up the DagBag from /home/airflow/.local/lib/python3.7/site-packages/airflow/example_dags/example_task_group_decorator.py
[2023-01-19T20:40:56.672+0000] {processor.py:753} INFO - DAG(s) dict_keys(['example_task_group_decorator']) retrieved from /home/airflow/.local/lib/python3.7/site-packages/airflow/example_dags/example_task_group_decorator.py
[2023-01-19T20:40:56.725+0000] {logging_mixin.py:137} INFO - [2023-01-19T20:40:56.724+0000] {dag.py:2676} INFO - Sync 1 DAGs
[2023-01-19T20:40:56.759+0000] {logging_mixin.py:137} INFO - [2023-01-19T20:40:56.759+0000] {dag.py:3427} INFO - Setting next_dagrun for example_task_group_decorator to 2023-01-18T20:40:56.759156+00:00, run_after=2023-01-19T20:40:56.759156+00:00
[2023-01-19T20:40:56.789+0000] {processor.py:175} INFO - Processing /home/airflow/.local/lib/python3.7/site-packages/airflow/example_dags/example_task_group_decorator.py took 0.163 seconds
[2023-01-19T20:41:26.972+0000] {processor.py:153} INFO - Started process (PID=2160) to work on /home/airflow/.local/lib/python3.7/site-packages/airflow/example_dags/example_task_group_decorator.py
[2023-01-19T20:41:26.975+0000] {processor.py:743} INFO - Processing file /home/airflow/.local/lib/python3.7/site-packages/airflow/example_dags/example_task_group_decorator.py for tasks to queue
[2023-01-19T20:41:26.976+0000] {logging_mixin.py:137} INFO - [2023-01-19T20:41:26.976+0000] {dagbag.py:538} INFO - Filling up the DagBag from /home/airflow/.local/lib/python3.7/site-packages/airflow/example_dags/example_task_group_decorator.py
[2023-01-19T20:41:27.023+0000] {processor.py:753} INFO - DAG(s) dict_keys(['example_task_group_decorator']) retrieved from /home/airflow/.local/lib/python3.7/site-packages/airflow/example_dags/example_task_group_decorator.py
[2023-01-19T20:41:27.078+0000] {logging_mixin.py:137} INFO - [2023-01-19T20:41:27.078+0000] {dag.py:2676} INFO - Sync 1 DAGs
[2023-01-19T20:41:27.122+0000] {logging_mixin.py:137} INFO - [2023-01-19T20:41:27.122+0000] {dag.py:3427} INFO - Setting next_dagrun for example_task_group_decorator to 2023-01-18T20:41:27.121937+00:00, run_after=2023-01-19T20:41:27.121937+00:00
[2023-01-19T20:41:27.149+0000] {processor.py:175} INFO - Processing /home/airflow/.local/lib/python3.7/site-packages/airflow/example_dags/example_task_group_decorator.py took 0.183 seconds
[2023-01-19T20:41:57.929+0000] {processor.py:153} INFO - Started process (PID=2241) to work on /home/airflow/.local/lib/python3.7/site-packages/airflow/example_dags/example_task_group_decorator.py
[2023-01-19T20:41:57.931+0000] {processor.py:743} INFO - Processing file /home/airflow/.local/lib/python3.7/site-packages/airflow/example_dags/example_task_group_decorator.py for tasks to queue
[2023-01-19T20:41:57.931+0000] {logging_mixin.py:137} INFO - [2023-01-19T20:41:57.931+0000] {dagbag.py:538} INFO - Filling up the DagBag from /home/airflow/.local/lib/python3.7/site-packages/airflow/example_dags/example_task_group_decorator.py
[2023-01-19T20:41:57.976+0000] {processor.py:753} INFO - DAG(s) dict_keys(['example_task_group_decorator']) retrieved from /home/airflow/.local/lib/python3.7/site-packages/airflow/example_dags/example_task_group_decorator.py
[2023-01-19T20:41:58.045+0000] {logging_mixin.py:137} INFO - [2023-01-19T20:41:58.045+0000] {dag.py:2676} INFO - Sync 1 DAGs
[2023-01-19T20:41:58.083+0000] {logging_mixin.py:137} INFO - [2023-01-19T20:41:58.083+0000] {dag.py:3427} INFO - Setting next_dagrun for example_task_group_decorator to 2023-01-18T20:41:58.083276+00:00, run_after=2023-01-19T20:41:58.083276+00:00
[2023-01-19T20:41:58.112+0000] {processor.py:175} INFO - Processing /home/airflow/.local/lib/python3.7/site-packages/airflow/example_dags/example_task_group_decorator.py took 0.187 seconds
[2023-01-19T20:42:28.579+0000] {processor.py:153} INFO - Started process (PID=2320) to work on /home/airflow/.local/lib/python3.7/site-packages/airflow/example_dags/example_task_group_decorator.py
[2023-01-19T20:42:28.581+0000] {processor.py:743} INFO - Processing file /home/airflow/.local/lib/python3.7/site-packages/airflow/example_dags/example_task_group_decorator.py for tasks to queue
[2023-01-19T20:42:28.582+0000] {logging_mixin.py:137} INFO - [2023-01-19T20:42:28.582+0000] {dagbag.py:538} INFO - Filling up the DagBag from /home/airflow/.local/lib/python3.7/site-packages/airflow/example_dags/example_task_group_decorator.py
[2023-01-19T20:42:28.629+0000] {processor.py:753} INFO - DAG(s) dict_keys(['example_task_group_decorator']) retrieved from /home/airflow/.local/lib/python3.7/site-packages/airflow/example_dags/example_task_group_decorator.py
[2023-01-19T20:42:28.683+0000] {logging_mixin.py:137} INFO - [2023-01-19T20:42:28.683+0000] {dag.py:2676} INFO - Sync 1 DAGs
[2023-01-19T20:42:28.717+0000] {logging_mixin.py:137} INFO - [2023-01-19T20:42:28.717+0000] {dag.py:3427} INFO - Setting next_dagrun for example_task_group_decorator to 2023-01-18T20:42:28.717017+00:00, run_after=2023-01-19T20:42:28.717017+00:00
[2023-01-19T20:42:28.748+0000] {processor.py:175} INFO - Processing /home/airflow/.local/lib/python3.7/site-packages/airflow/example_dags/example_task_group_decorator.py took 0.173 seconds
[2023-01-19T20:42:59.299+0000] {processor.py:153} INFO - Started process (PID=2392) to work on /home/airflow/.local/lib/python3.7/site-packages/airflow/example_dags/example_task_group_decorator.py
[2023-01-19T20:42:59.300+0000] {processor.py:743} INFO - Processing file /home/airflow/.local/lib/python3.7/site-packages/airflow/example_dags/example_task_group_decorator.py for tasks to queue
[2023-01-19T20:42:59.301+0000] {logging_mixin.py:137} INFO - [2023-01-19T20:42:59.301+0000] {dagbag.py:538} INFO - Filling up the DagBag from /home/airflow/.local/lib/python3.7/site-packages/airflow/example_dags/example_task_group_decorator.py
[2023-01-19T20:42:59.345+0000] {processor.py:753} INFO - DAG(s) dict_keys(['example_task_group_decorator']) retrieved from /home/airflow/.local/lib/python3.7/site-packages/airflow/example_dags/example_task_group_decorator.py
[2023-01-19T20:42:59.398+0000] {logging_mixin.py:137} INFO - [2023-01-19T20:42:59.398+0000] {dag.py:2676} INFO - Sync 1 DAGs
[2023-01-19T20:42:59.430+0000] {logging_mixin.py:137} INFO - [2023-01-19T20:42:59.430+0000] {dag.py:3427} INFO - Setting next_dagrun for example_task_group_decorator to 2023-01-18T20:42:59.429765+00:00, run_after=2023-01-19T20:42:59.429765+00:00
[2023-01-19T20:42:59.458+0000] {processor.py:175} INFO - Processing /home/airflow/.local/lib/python3.7/site-packages/airflow/example_dags/example_task_group_decorator.py took 0.164 seconds
[2023-01-19T20:43:29.723+0000] {processor.py:153} INFO - Started process (PID=2465) to work on /home/airflow/.local/lib/python3.7/site-packages/airflow/example_dags/example_task_group_decorator.py
[2023-01-19T20:43:29.725+0000] {processor.py:743} INFO - Processing file /home/airflow/.local/lib/python3.7/site-packages/airflow/example_dags/example_task_group_decorator.py for tasks to queue
[2023-01-19T20:43:29.725+0000] {logging_mixin.py:137} INFO - [2023-01-19T20:43:29.725+0000] {dagbag.py:538} INFO - Filling up the DagBag from /home/airflow/.local/lib/python3.7/site-packages/airflow/example_dags/example_task_group_decorator.py
[2023-01-19T20:43:29.763+0000] {processor.py:753} INFO - DAG(s) dict_keys(['example_task_group_decorator']) retrieved from /home/airflow/.local/lib/python3.7/site-packages/airflow/example_dags/example_task_group_decorator.py
[2023-01-19T20:43:29.816+0000] {logging_mixin.py:137} INFO - [2023-01-19T20:43:29.816+0000] {dag.py:2676} INFO - Sync 1 DAGs
[2023-01-19T20:43:29.848+0000] {logging_mixin.py:137} INFO - [2023-01-19T20:43:29.848+0000] {dag.py:3427} INFO - Setting next_dagrun for example_task_group_decorator to 2023-01-18T20:43:29.848364+00:00, run_after=2023-01-19T20:43:29.848364+00:00
[2023-01-19T20:43:29.878+0000] {processor.py:175} INFO - Processing /home/airflow/.local/lib/python3.7/site-packages/airflow/example_dags/example_task_group_decorator.py took 0.158 seconds
[2023-01-19T20:44:00.504+0000] {processor.py:153} INFO - Started process (PID=2554) to work on /home/airflow/.local/lib/python3.7/site-packages/airflow/example_dags/example_task_group_decorator.py
[2023-01-19T20:44:00.505+0000] {processor.py:743} INFO - Processing file /home/airflow/.local/lib/python3.7/site-packages/airflow/example_dags/example_task_group_decorator.py for tasks to queue
[2023-01-19T20:44:00.506+0000] {logging_mixin.py:137} INFO - [2023-01-19T20:44:00.506+0000] {dagbag.py:538} INFO - Filling up the DagBag from /home/airflow/.local/lib/python3.7/site-packages/airflow/example_dags/example_task_group_decorator.py
[2023-01-19T20:44:00.550+0000] {processor.py:753} INFO - DAG(s) dict_keys(['example_task_group_decorator']) retrieved from /home/airflow/.local/lib/python3.7/site-packages/airflow/example_dags/example_task_group_decorator.py
[2023-01-19T20:44:00.604+0000] {logging_mixin.py:137} INFO - [2023-01-19T20:44:00.604+0000] {dag.py:2676} INFO - Sync 1 DAGs
[2023-01-19T20:44:00.641+0000] {logging_mixin.py:137} INFO - [2023-01-19T20:44:00.641+0000] {dag.py:3427} INFO - Setting next_dagrun for example_task_group_decorator to 2023-01-18T20:44:00.641175+00:00, run_after=2023-01-19T20:44:00.641175+00:00
[2023-01-19T20:44:00.669+0000] {processor.py:175} INFO - Processing /home/airflow/.local/lib/python3.7/site-packages/airflow/example_dags/example_task_group_decorator.py took 0.171 seconds
[2023-01-19T20:44:30.775+0000] {processor.py:153} INFO - Started process (PID=2626) to work on /home/airflow/.local/lib/python3.7/site-packages/airflow/example_dags/example_task_group_decorator.py
[2023-01-19T20:44:30.776+0000] {processor.py:743} INFO - Processing file /home/airflow/.local/lib/python3.7/site-packages/airflow/example_dags/example_task_group_decorator.py for tasks to queue
[2023-01-19T20:44:30.777+0000] {logging_mixin.py:137} INFO - [2023-01-19T20:44:30.777+0000] {dagbag.py:538} INFO - Filling up the DagBag from /home/airflow/.local/lib/python3.7/site-packages/airflow/example_dags/example_task_group_decorator.py
[2023-01-19T20:44:30.815+0000] {processor.py:753} INFO - DAG(s) dict_keys(['example_task_group_decorator']) retrieved from /home/airflow/.local/lib/python3.7/site-packages/airflow/example_dags/example_task_group_decorator.py
[2023-01-19T20:44:30.871+0000] {logging_mixin.py:137} INFO - [2023-01-19T20:44:30.871+0000] {dag.py:2676} INFO - Sync 1 DAGs
[2023-01-19T20:44:30.905+0000] {logging_mixin.py:137} INFO - [2023-01-19T20:44:30.904+0000] {dag.py:3427} INFO - Setting next_dagrun for example_task_group_decorator to 2023-01-18T20:44:30.904579+00:00, run_after=2023-01-19T20:44:30.904579+00:00
[2023-01-19T20:44:30.931+0000] {processor.py:175} INFO - Processing /home/airflow/.local/lib/python3.7/site-packages/airflow/example_dags/example_task_group_decorator.py took 0.160 seconds
[2023-01-19T20:45:01.374+0000] {processor.py:153} INFO - Started process (PID=2699) to work on /home/airflow/.local/lib/python3.7/site-packages/airflow/example_dags/example_task_group_decorator.py
[2023-01-19T20:45:01.375+0000] {processor.py:743} INFO - Processing file /home/airflow/.local/lib/python3.7/site-packages/airflow/example_dags/example_task_group_decorator.py for tasks to queue
[2023-01-19T20:45:01.376+0000] {logging_mixin.py:137} INFO - [2023-01-19T20:45:01.376+0000] {dagbag.py:538} INFO - Filling up the DagBag from /home/airflow/.local/lib/python3.7/site-packages/airflow/example_dags/example_task_group_decorator.py
[2023-01-19T20:45:01.418+0000] {processor.py:753} INFO - DAG(s) dict_keys(['example_task_group_decorator']) retrieved from /home/airflow/.local/lib/python3.7/site-packages/airflow/example_dags/example_task_group_decorator.py
[2023-01-19T20:45:01.482+0000] {logging_mixin.py:137} INFO - [2023-01-19T20:45:01.482+0000] {dag.py:2676} INFO - Sync 1 DAGs
[2023-01-19T20:45:01.519+0000] {logging_mixin.py:137} INFO - [2023-01-19T20:45:01.519+0000] {dag.py:3427} INFO - Setting next_dagrun for example_task_group_decorator to 2023-01-18T20:45:01.519436+00:00, run_after=2023-01-19T20:45:01.519436+00:00
[2023-01-19T20:45:01.547+0000] {processor.py:175} INFO - Processing /home/airflow/.local/lib/python3.7/site-packages/airflow/example_dags/example_task_group_decorator.py took 0.177 seconds
[2023-01-19T20:45:31.980+0000] {processor.py:153} INFO - Started process (PID=2787) to work on /home/airflow/.local/lib/python3.7/site-packages/airflow/example_dags/example_task_group_decorator.py
[2023-01-19T20:45:31.981+0000] {processor.py:743} INFO - Processing file /home/airflow/.local/lib/python3.7/site-packages/airflow/example_dags/example_task_group_decorator.py for tasks to queue
[2023-01-19T20:45:31.982+0000] {logging_mixin.py:137} INFO - [2023-01-19T20:45:31.982+0000] {dagbag.py:538} INFO - Filling up the DagBag from /home/airflow/.local/lib/python3.7/site-packages/airflow/example_dags/example_task_group_decorator.py
[2023-01-19T20:45:32.027+0000] {processor.py:753} INFO - DAG(s) dict_keys(['example_task_group_decorator']) retrieved from /home/airflow/.local/lib/python3.7/site-packages/airflow/example_dags/example_task_group_decorator.py
[2023-01-19T20:45:32.087+0000] {logging_mixin.py:137} INFO - [2023-01-19T20:45:32.087+0000] {dag.py:2676} INFO - Sync 1 DAGs
[2023-01-19T20:45:32.130+0000] {logging_mixin.py:137} INFO - [2023-01-19T20:45:32.130+0000] {dag.py:3427} INFO - Setting next_dagrun for example_task_group_decorator to 2023-01-18T20:45:32.129743+00:00, run_after=2023-01-19T20:45:32.129743+00:00
[2023-01-19T20:45:32.162+0000] {processor.py:175} INFO - Processing /home/airflow/.local/lib/python3.7/site-packages/airflow/example_dags/example_task_group_decorator.py took 0.188 seconds
[2023-01-19T20:46:02.634+0000] {processor.py:153} INFO - Started process (PID=2859) to work on /home/airflow/.local/lib/python3.7/site-packages/airflow/example_dags/example_task_group_decorator.py
[2023-01-19T20:46:02.636+0000] {processor.py:743} INFO - Processing file /home/airflow/.local/lib/python3.7/site-packages/airflow/example_dags/example_task_group_decorator.py for tasks to queue
[2023-01-19T20:46:02.637+0000] {logging_mixin.py:137} INFO - [2023-01-19T20:46:02.637+0000] {dagbag.py:538} INFO - Filling up the DagBag from /home/airflow/.local/lib/python3.7/site-packages/airflow/example_dags/example_task_group_decorator.py
[2023-01-19T20:46:02.686+0000] {processor.py:753} INFO - DAG(s) dict_keys(['example_task_group_decorator']) retrieved from /home/airflow/.local/lib/python3.7/site-packages/airflow/example_dags/example_task_group_decorator.py
[2023-01-19T20:46:02.759+0000] {logging_mixin.py:137} INFO - [2023-01-19T20:46:02.758+0000] {dag.py:2676} INFO - Sync 1 DAGs
[2023-01-19T20:46:02.807+0000] {logging_mixin.py:137} INFO - [2023-01-19T20:46:02.807+0000] {dag.py:3427} INFO - Setting next_dagrun for example_task_group_decorator to 2023-01-18T20:46:02.807143+00:00, run_after=2023-01-19T20:46:02.807143+00:00
[2023-01-19T20:46:02.840+0000] {processor.py:175} INFO - Processing /home/airflow/.local/lib/python3.7/site-packages/airflow/example_dags/example_task_group_decorator.py took 0.212 seconds
[2023-01-19T20:46:33.158+0000] {processor.py:153} INFO - Started process (PID=2931) to work on /home/airflow/.local/lib/python3.7/site-packages/airflow/example_dags/example_task_group_decorator.py
[2023-01-19T20:46:33.159+0000] {processor.py:743} INFO - Processing file /home/airflow/.local/lib/python3.7/site-packages/airflow/example_dags/example_task_group_decorator.py for tasks to queue
[2023-01-19T20:46:33.160+0000] {logging_mixin.py:137} INFO - [2023-01-19T20:46:33.160+0000] {dagbag.py:538} INFO - Filling up the DagBag from /home/airflow/.local/lib/python3.7/site-packages/airflow/example_dags/example_task_group_decorator.py
[2023-01-19T20:46:33.197+0000] {processor.py:753} INFO - DAG(s) dict_keys(['example_task_group_decorator']) retrieved from /home/airflow/.local/lib/python3.7/site-packages/airflow/example_dags/example_task_group_decorator.py
[2023-01-19T20:46:33.252+0000] {logging_mixin.py:137} INFO - [2023-01-19T20:46:33.251+0000] {dag.py:2676} INFO - Sync 1 DAGs
[2023-01-19T20:46:33.283+0000] {logging_mixin.py:137} INFO - [2023-01-19T20:46:33.282+0000] {dag.py:3427} INFO - Setting next_dagrun for example_task_group_decorator to 2023-01-18T20:46:33.282566+00:00, run_after=2023-01-19T20:46:33.282566+00:00
[2023-01-19T20:46:33.312+0000] {processor.py:175} INFO - Processing /home/airflow/.local/lib/python3.7/site-packages/airflow/example_dags/example_task_group_decorator.py took 0.159 seconds
[2023-01-19T20:47:03.445+0000] {processor.py:153} INFO - Started process (PID=3012) to work on /home/airflow/.local/lib/python3.7/site-packages/airflow/example_dags/example_task_group_decorator.py
[2023-01-19T20:47:03.447+0000] {processor.py:743} INFO - Processing file /home/airflow/.local/lib/python3.7/site-packages/airflow/example_dags/example_task_group_decorator.py for tasks to queue
[2023-01-19T20:47:03.448+0000] {logging_mixin.py:137} INFO - [2023-01-19T20:47:03.448+0000] {dagbag.py:538} INFO - Filling up the DagBag from /home/airflow/.local/lib/python3.7/site-packages/airflow/example_dags/example_task_group_decorator.py
[2023-01-19T20:47:03.514+0000] {processor.py:753} INFO - DAG(s) dict_keys(['example_task_group_decorator']) retrieved from /home/airflow/.local/lib/python3.7/site-packages/airflow/example_dags/example_task_group_decorator.py
[2023-01-19T20:47:03.579+0000] {logging_mixin.py:137} INFO - [2023-01-19T20:47:03.579+0000] {dag.py:2676} INFO - Sync 1 DAGs
[2023-01-19T20:47:03.625+0000] {logging_mixin.py:137} INFO - [2023-01-19T20:47:03.625+0000] {dag.py:3427} INFO - Setting next_dagrun for example_task_group_decorator to 2023-01-18T20:47:03.625208+00:00, run_after=2023-01-19T20:47:03.625208+00:00
[2023-01-19T20:47:03.659+0000] {processor.py:175} INFO - Processing /home/airflow/.local/lib/python3.7/site-packages/airflow/example_dags/example_task_group_decorator.py took 0.220 seconds
