[2023-01-19T20:21:31.321+0000] {processor.py:153} INFO - Started process (PID=82) to work on /home/airflow/.local/lib/python3.7/site-packages/airflow/example_dags/example_branch_datetime_operator.py
[2023-01-19T20:21:31.322+0000] {processor.py:743} INFO - Processing file /home/airflow/.local/lib/python3.7/site-packages/airflow/example_dags/example_branch_datetime_operator.py for tasks to queue
[2023-01-19T20:21:31.323+0000] {logging_mixin.py:137} INFO - [2023-01-19T20:21:31.323+0000] {dagbag.py:538} INFO - Filling up the DagBag from /home/airflow/.local/lib/python3.7/site-packages/airflow/example_dags/example_branch_datetime_operator.py
[2023-01-19T20:21:31.358+0000] {processor.py:753} INFO - DAG(s) dict_keys(['example_branch_datetime_operator_2', 'example_branch_datetime_operator_3', 'example_branch_datetime_operator']) retrieved from /home/airflow/.local/lib/python3.7/site-packages/airflow/example_dags/example_branch_datetime_operator.py
[2023-01-19T20:21:31.425+0000] {logging_mixin.py:137} INFO - [2023-01-19T20:21:31.425+0000] {dag.py:2676} INFO - Sync 3 DAGs
[2023-01-19T20:21:31.467+0000] {logging_mixin.py:137} INFO - [2023-01-19T20:21:31.467+0000] {dag.py:3427} INFO - Setting next_dagrun for example_branch_datetime_operator to 2023-01-18T00:00:00+00:00, run_after=2023-01-19T00:00:00+00:00
[2023-01-19T20:21:31.475+0000] {logging_mixin.py:137} INFO - [2023-01-19T20:21:31.475+0000] {dag.py:3427} INFO - Setting next_dagrun for example_branch_datetime_operator_2 to 2023-01-18T00:00:00+00:00, run_after=2023-01-19T00:00:00+00:00
[2023-01-19T20:21:31.479+0000] {logging_mixin.py:137} INFO - [2023-01-19T20:21:31.479+0000] {dag.py:3427} INFO - Setting next_dagrun for example_branch_datetime_operator_3 to 2023-01-18T00:00:00+00:00, run_after=2023-01-19T00:00:00+00:00
[2023-01-19T20:21:31.507+0000] {processor.py:175} INFO - Processing /home/airflow/.local/lib/python3.7/site-packages/airflow/example_dags/example_branch_datetime_operator.py took 0.195 seconds
[2023-01-19T20:22:49.244+0000] {processor.py:153} INFO - Started process (PID=82) to work on /home/airflow/.local/lib/python3.7/site-packages/airflow/example_dags/example_branch_datetime_operator.py
[2023-01-19T20:22:49.245+0000] {processor.py:743} INFO - Processing file /home/airflow/.local/lib/python3.7/site-packages/airflow/example_dags/example_branch_datetime_operator.py for tasks to queue
[2023-01-19T20:22:49.247+0000] {logging_mixin.py:137} INFO - [2023-01-19T20:22:49.246+0000] {dagbag.py:538} INFO - Filling up the DagBag from /home/airflow/.local/lib/python3.7/site-packages/airflow/example_dags/example_branch_datetime_operator.py
[2023-01-19T20:22:49.279+0000] {processor.py:753} INFO - DAG(s) dict_keys(['example_branch_datetime_operator_3', 'example_branch_datetime_operator', 'example_branch_datetime_operator_2']) retrieved from /home/airflow/.local/lib/python3.7/site-packages/airflow/example_dags/example_branch_datetime_operator.py
[2023-01-19T20:22:49.368+0000] {logging_mixin.py:137} INFO - [2023-01-19T20:22:49.368+0000] {dag.py:2676} INFO - Sync 3 DAGs
[2023-01-19T20:22:49.429+0000] {logging_mixin.py:137} INFO - [2023-01-19T20:22:49.428+0000] {dag.py:3427} INFO - Setting next_dagrun for example_branch_datetime_operator to 2023-01-18T00:00:00+00:00, run_after=2023-01-19T00:00:00+00:00
[2023-01-19T20:22:49.439+0000] {logging_mixin.py:137} INFO - [2023-01-19T20:22:49.439+0000] {dag.py:3427} INFO - Setting next_dagrun for example_branch_datetime_operator_2 to 2023-01-18T00:00:00+00:00, run_after=2023-01-19T00:00:00+00:00
[2023-01-19T20:22:49.445+0000] {logging_mixin.py:137} INFO - [2023-01-19T20:22:49.445+0000] {dag.py:3427} INFO - Setting next_dagrun for example_branch_datetime_operator_3 to 2023-01-18T00:00:00+00:00, run_after=2023-01-19T00:00:00+00:00
[2023-01-19T20:22:49.495+0000] {processor.py:175} INFO - Processing /home/airflow/.local/lib/python3.7/site-packages/airflow/example_dags/example_branch_datetime_operator.py took 0.257 seconds
[2023-01-19T20:23:20.086+0000] {processor.py:153} INFO - Started process (PID=154) to work on /home/airflow/.local/lib/python3.7/site-packages/airflow/example_dags/example_branch_datetime_operator.py
[2023-01-19T20:23:20.087+0000] {processor.py:743} INFO - Processing file /home/airflow/.local/lib/python3.7/site-packages/airflow/example_dags/example_branch_datetime_operator.py for tasks to queue
[2023-01-19T20:23:20.088+0000] {logging_mixin.py:137} INFO - [2023-01-19T20:23:20.088+0000] {dagbag.py:538} INFO - Filling up the DagBag from /home/airflow/.local/lib/python3.7/site-packages/airflow/example_dags/example_branch_datetime_operator.py
[2023-01-19T20:23:20.121+0000] {processor.py:753} INFO - DAG(s) dict_keys(['example_branch_datetime_operator_3', 'example_branch_datetime_operator', 'example_branch_datetime_operator_2']) retrieved from /home/airflow/.local/lib/python3.7/site-packages/airflow/example_dags/example_branch_datetime_operator.py
[2023-01-19T20:23:20.198+0000] {logging_mixin.py:137} INFO - [2023-01-19T20:23:20.198+0000] {dag.py:2676} INFO - Sync 3 DAGs
[2023-01-19T20:23:20.249+0000] {logging_mixin.py:137} INFO - [2023-01-19T20:23:20.249+0000] {dag.py:3427} INFO - Setting next_dagrun for example_branch_datetime_operator to 2023-01-18T00:00:00+00:00, run_after=2023-01-19T00:00:00+00:00
[2023-01-19T20:23:20.259+0000] {logging_mixin.py:137} INFO - [2023-01-19T20:23:20.258+0000] {dag.py:3427} INFO - Setting next_dagrun for example_branch_datetime_operator_2 to 2023-01-18T00:00:00+00:00, run_after=2023-01-19T00:00:00+00:00
[2023-01-19T20:23:20.264+0000] {logging_mixin.py:137} INFO - [2023-01-19T20:23:20.264+0000] {dag.py:3427} INFO - Setting next_dagrun for example_branch_datetime_operator_3 to 2023-01-18T00:00:00+00:00, run_after=2023-01-19T00:00:00+00:00
[2023-01-19T20:23:20.293+0000] {processor.py:175} INFO - Processing /home/airflow/.local/lib/python3.7/site-packages/airflow/example_dags/example_branch_datetime_operator.py took 0.212 seconds
[2023-01-19T20:23:50.330+0000] {processor.py:153} INFO - Started process (PID=226) to work on /home/airflow/.local/lib/python3.7/site-packages/airflow/example_dags/example_branch_datetime_operator.py
[2023-01-19T20:23:50.331+0000] {processor.py:743} INFO - Processing file /home/airflow/.local/lib/python3.7/site-packages/airflow/example_dags/example_branch_datetime_operator.py for tasks to queue
[2023-01-19T20:23:50.332+0000] {logging_mixin.py:137} INFO - [2023-01-19T20:23:50.332+0000] {dagbag.py:538} INFO - Filling up the DagBag from /home/airflow/.local/lib/python3.7/site-packages/airflow/example_dags/example_branch_datetime_operator.py
[2023-01-19T20:23:50.352+0000] {processor.py:753} INFO - DAG(s) dict_keys(['example_branch_datetime_operator_2', 'example_branch_datetime_operator_3', 'example_branch_datetime_operator']) retrieved from /home/airflow/.local/lib/python3.7/site-packages/airflow/example_dags/example_branch_datetime_operator.py
[2023-01-19T20:23:50.410+0000] {logging_mixin.py:137} INFO - [2023-01-19T20:23:50.409+0000] {dag.py:2676} INFO - Sync 3 DAGs
[2023-01-19T20:23:50.447+0000] {logging_mixin.py:137} INFO - [2023-01-19T20:23:50.447+0000] {dag.py:3427} INFO - Setting next_dagrun for example_branch_datetime_operator to 2023-01-18T00:00:00+00:00, run_after=2023-01-19T00:00:00+00:00
[2023-01-19T20:23:50.454+0000] {logging_mixin.py:137} INFO - [2023-01-19T20:23:50.454+0000] {dag.py:3427} INFO - Setting next_dagrun for example_branch_datetime_operator_2 to 2023-01-18T00:00:00+00:00, run_after=2023-01-19T00:00:00+00:00
[2023-01-19T20:23:50.458+0000] {logging_mixin.py:137} INFO - [2023-01-19T20:23:50.457+0000] {dag.py:3427} INFO - Setting next_dagrun for example_branch_datetime_operator_3 to 2023-01-18T00:00:00+00:00, run_after=2023-01-19T00:00:00+00:00
[2023-01-19T20:23:50.490+0000] {processor.py:175} INFO - Processing /home/airflow/.local/lib/python3.7/site-packages/airflow/example_dags/example_branch_datetime_operator.py took 0.164 seconds
[2023-01-19T20:24:20.810+0000] {processor.py:153} INFO - Started process (PID=313) to work on /home/airflow/.local/lib/python3.7/site-packages/airflow/example_dags/example_branch_datetime_operator.py
[2023-01-19T20:24:20.821+0000] {processor.py:743} INFO - Processing file /home/airflow/.local/lib/python3.7/site-packages/airflow/example_dags/example_branch_datetime_operator.py for tasks to queue
[2023-01-19T20:24:20.822+0000] {logging_mixin.py:137} INFO - [2023-01-19T20:24:20.822+0000] {dagbag.py:538} INFO - Filling up the DagBag from /home/airflow/.local/lib/python3.7/site-packages/airflow/example_dags/example_branch_datetime_operator.py
[2023-01-19T20:24:20.887+0000] {processor.py:753} INFO - DAG(s) dict_keys(['example_branch_datetime_operator_2', 'example_branch_datetime_operator', 'example_branch_datetime_operator_3']) retrieved from /home/airflow/.local/lib/python3.7/site-packages/airflow/example_dags/example_branch_datetime_operator.py
[2023-01-19T20:24:20.944+0000] {logging_mixin.py:137} INFO - [2023-01-19T20:24:20.944+0000] {dag.py:2676} INFO - Sync 3 DAGs
[2023-01-19T20:24:20.978+0000] {logging_mixin.py:137} INFO - [2023-01-19T20:24:20.978+0000] {dag.py:3427} INFO - Setting next_dagrun for example_branch_datetime_operator to 2023-01-18T00:00:00+00:00, run_after=2023-01-19T00:00:00+00:00
[2023-01-19T20:24:20.985+0000] {logging_mixin.py:137} INFO - [2023-01-19T20:24:20.984+0000] {dag.py:3427} INFO - Setting next_dagrun for example_branch_datetime_operator_2 to 2023-01-18T00:00:00+00:00, run_after=2023-01-19T00:00:00+00:00
[2023-01-19T20:24:20.989+0000] {logging_mixin.py:137} INFO - [2023-01-19T20:24:20.989+0000] {dag.py:3427} INFO - Setting next_dagrun for example_branch_datetime_operator_3 to 2023-01-18T00:00:00+00:00, run_after=2023-01-19T00:00:00+00:00
[2023-01-19T20:24:21.016+0000] {processor.py:175} INFO - Processing /home/airflow/.local/lib/python3.7/site-packages/airflow/example_dags/example_branch_datetime_operator.py took 0.211 seconds
[2023-01-19T20:24:51.067+0000] {processor.py:153} INFO - Started process (PID=387) to work on /home/airflow/.local/lib/python3.7/site-packages/airflow/example_dags/example_branch_datetime_operator.py
[2023-01-19T20:24:51.068+0000] {processor.py:743} INFO - Processing file /home/airflow/.local/lib/python3.7/site-packages/airflow/example_dags/example_branch_datetime_operator.py for tasks to queue
[2023-01-19T20:24:51.069+0000] {logging_mixin.py:137} INFO - [2023-01-19T20:24:51.069+0000] {dagbag.py:538} INFO - Filling up the DagBag from /home/airflow/.local/lib/python3.7/site-packages/airflow/example_dags/example_branch_datetime_operator.py
[2023-01-19T20:24:51.094+0000] {processor.py:753} INFO - DAG(s) dict_keys(['example_branch_datetime_operator_3', 'example_branch_datetime_operator_2', 'example_branch_datetime_operator']) retrieved from /home/airflow/.local/lib/python3.7/site-packages/airflow/example_dags/example_branch_datetime_operator.py
[2023-01-19T20:24:51.155+0000] {logging_mixin.py:137} INFO - [2023-01-19T20:24:51.154+0000] {dag.py:2676} INFO - Sync 3 DAGs
[2023-01-19T20:24:51.196+0000] {logging_mixin.py:137} INFO - [2023-01-19T20:24:51.196+0000] {dag.py:3427} INFO - Setting next_dagrun for example_branch_datetime_operator to 2023-01-18T00:00:00+00:00, run_after=2023-01-19T00:00:00+00:00
[2023-01-19T20:24:51.203+0000] {logging_mixin.py:137} INFO - [2023-01-19T20:24:51.203+0000] {dag.py:3427} INFO - Setting next_dagrun for example_branch_datetime_operator_2 to 2023-01-18T00:00:00+00:00, run_after=2023-01-19T00:00:00+00:00
[2023-01-19T20:24:51.207+0000] {logging_mixin.py:137} INFO - [2023-01-19T20:24:51.207+0000] {dag.py:3427} INFO - Setting next_dagrun for example_branch_datetime_operator_3 to 2023-01-18T00:00:00+00:00, run_after=2023-01-19T00:00:00+00:00
[2023-01-19T20:24:51.228+0000] {processor.py:175} INFO - Processing /home/airflow/.local/lib/python3.7/site-packages/airflow/example_dags/example_branch_datetime_operator.py took 0.165 seconds
[2023-01-19T20:25:21.371+0000] {processor.py:153} INFO - Started process (PID=459) to work on /home/airflow/.local/lib/python3.7/site-packages/airflow/example_dags/example_branch_datetime_operator.py
[2023-01-19T20:25:21.372+0000] {processor.py:743} INFO - Processing file /home/airflow/.local/lib/python3.7/site-packages/airflow/example_dags/example_branch_datetime_operator.py for tasks to queue
[2023-01-19T20:25:21.373+0000] {logging_mixin.py:137} INFO - [2023-01-19T20:25:21.373+0000] {dagbag.py:538} INFO - Filling up the DagBag from /home/airflow/.local/lib/python3.7/site-packages/airflow/example_dags/example_branch_datetime_operator.py
[2023-01-19T20:25:21.405+0000] {processor.py:753} INFO - DAG(s) dict_keys(['example_branch_datetime_operator_2', 'example_branch_datetime_operator', 'example_branch_datetime_operator_3']) retrieved from /home/airflow/.local/lib/python3.7/site-packages/airflow/example_dags/example_branch_datetime_operator.py
[2023-01-19T20:25:21.501+0000] {logging_mixin.py:137} INFO - [2023-01-19T20:25:21.501+0000] {dag.py:2676} INFO - Sync 3 DAGs
[2023-01-19T20:25:21.541+0000] {logging_mixin.py:137} INFO - [2023-01-19T20:25:21.540+0000] {dag.py:3427} INFO - Setting next_dagrun for example_branch_datetime_operator to 2023-01-18T00:00:00+00:00, run_after=2023-01-19T00:00:00+00:00
[2023-01-19T20:25:21.547+0000] {logging_mixin.py:137} INFO - [2023-01-19T20:25:21.547+0000] {dag.py:3427} INFO - Setting next_dagrun for example_branch_datetime_operator_2 to 2023-01-18T00:00:00+00:00, run_after=2023-01-19T00:00:00+00:00
[2023-01-19T20:25:21.553+0000] {logging_mixin.py:137} INFO - [2023-01-19T20:25:21.552+0000] {dag.py:3427} INFO - Setting next_dagrun for example_branch_datetime_operator_3 to 2023-01-18T00:00:00+00:00, run_after=2023-01-19T00:00:00+00:00
[2023-01-19T20:25:21.581+0000] {processor.py:175} INFO - Processing /home/airflow/.local/lib/python3.7/site-packages/airflow/example_dags/example_branch_datetime_operator.py took 0.214 seconds
[2023-01-19T20:25:51.845+0000] {processor.py:153} INFO - Started process (PID=531) to work on /home/airflow/.local/lib/python3.7/site-packages/airflow/example_dags/example_branch_datetime_operator.py
[2023-01-19T20:25:51.847+0000] {processor.py:743} INFO - Processing file /home/airflow/.local/lib/python3.7/site-packages/airflow/example_dags/example_branch_datetime_operator.py for tasks to queue
[2023-01-19T20:25:51.848+0000] {logging_mixin.py:137} INFO - [2023-01-19T20:25:51.848+0000] {dagbag.py:538} INFO - Filling up the DagBag from /home/airflow/.local/lib/python3.7/site-packages/airflow/example_dags/example_branch_datetime_operator.py
[2023-01-19T20:25:51.874+0000] {processor.py:753} INFO - DAG(s) dict_keys(['example_branch_datetime_operator_2', 'example_branch_datetime_operator_3', 'example_branch_datetime_operator']) retrieved from /home/airflow/.local/lib/python3.7/site-packages/airflow/example_dags/example_branch_datetime_operator.py
[2023-01-19T20:25:51.910+0000] {logging_mixin.py:137} INFO - [2023-01-19T20:25:51.909+0000] {dag.py:2676} INFO - Sync 3 DAGs
[2023-01-19T20:25:51.946+0000] {logging_mixin.py:137} INFO - [2023-01-19T20:25:51.946+0000] {dag.py:3427} INFO - Setting next_dagrun for example_branch_datetime_operator to 2023-01-18T00:00:00+00:00, run_after=2023-01-19T00:00:00+00:00
[2023-01-19T20:25:51.954+0000] {logging_mixin.py:137} INFO - [2023-01-19T20:25:51.953+0000] {dag.py:3427} INFO - Setting next_dagrun for example_branch_datetime_operator_2 to 2023-01-18T00:00:00+00:00, run_after=2023-01-19T00:00:00+00:00
[2023-01-19T20:25:51.958+0000] {logging_mixin.py:137} INFO - [2023-01-19T20:25:51.958+0000] {dag.py:3427} INFO - Setting next_dagrun for example_branch_datetime_operator_3 to 2023-01-18T00:00:00+00:00, run_after=2023-01-19T00:00:00+00:00
[2023-01-19T20:25:51.984+0000] {processor.py:175} INFO - Processing /home/airflow/.local/lib/python3.7/site-packages/airflow/example_dags/example_branch_datetime_operator.py took 0.142 seconds
[2023-01-19T20:27:40.366+0000] {processor.py:153} INFO - Started process (PID=82) to work on /home/airflow/.local/lib/python3.7/site-packages/airflow/example_dags/example_branch_datetime_operator.py
[2023-01-19T20:27:40.368+0000] {processor.py:743} INFO - Processing file /home/airflow/.local/lib/python3.7/site-packages/airflow/example_dags/example_branch_datetime_operator.py for tasks to queue
[2023-01-19T20:27:40.368+0000] {logging_mixin.py:137} INFO - [2023-01-19T20:27:40.368+0000] {dagbag.py:538} INFO - Filling up the DagBag from /home/airflow/.local/lib/python3.7/site-packages/airflow/example_dags/example_branch_datetime_operator.py
[2023-01-19T20:27:40.392+0000] {processor.py:753} INFO - DAG(s) dict_keys(['example_branch_datetime_operator_3', 'example_branch_datetime_operator_2', 'example_branch_datetime_operator']) retrieved from /home/airflow/.local/lib/python3.7/site-packages/airflow/example_dags/example_branch_datetime_operator.py
[2023-01-19T20:27:40.567+0000] {logging_mixin.py:137} INFO - [2023-01-19T20:27:40.567+0000] {manager.py:504} INFO - Created Permission View: can delete on DAG:example_branch_datetime_operator_3
[2023-01-19T20:27:40.581+0000] {logging_mixin.py:137} INFO - [2023-01-19T20:27:40.581+0000] {manager.py:504} INFO - Created Permission View: can edit on DAG:example_branch_datetime_operator_3
[2023-01-19T20:27:40.594+0000] {logging_mixin.py:137} INFO - [2023-01-19T20:27:40.594+0000] {manager.py:504} INFO - Created Permission View: can read on DAG:example_branch_datetime_operator_3
[2023-01-19T20:27:40.616+0000] {logging_mixin.py:137} INFO - [2023-01-19T20:27:40.615+0000] {manager.py:504} INFO - Created Permission View: can delete on DAG:example_branch_datetime_operator_2
[2023-01-19T20:27:40.628+0000] {logging_mixin.py:137} INFO - [2023-01-19T20:27:40.628+0000] {manager.py:504} INFO - Created Permission View: can edit on DAG:example_branch_datetime_operator_2
[2023-01-19T20:27:40.639+0000] {logging_mixin.py:137} INFO - [2023-01-19T20:27:40.639+0000] {manager.py:504} INFO - Created Permission View: can read on DAG:example_branch_datetime_operator_2
[2023-01-19T20:27:40.661+0000] {logging_mixin.py:137} INFO - [2023-01-19T20:27:40.661+0000] {manager.py:504} INFO - Created Permission View: can delete on DAG:example_branch_datetime_operator
[2023-01-19T20:27:40.672+0000] {logging_mixin.py:137} INFO - [2023-01-19T20:27:40.672+0000] {manager.py:504} INFO - Created Permission View: can edit on DAG:example_branch_datetime_operator
[2023-01-19T20:27:40.684+0000] {logging_mixin.py:137} INFO - [2023-01-19T20:27:40.684+0000] {manager.py:504} INFO - Created Permission View: can read on DAG:example_branch_datetime_operator
[2023-01-19T20:27:40.684+0000] {logging_mixin.py:137} INFO - [2023-01-19T20:27:40.684+0000] {dag.py:2676} INFO - Sync 3 DAGs
[2023-01-19T20:27:40.705+0000] {logging_mixin.py:137} INFO - [2023-01-19T20:27:40.705+0000] {dag.py:2697} INFO - Creating ORM DAG for example_branch_datetime_operator
[2023-01-19T20:27:40.706+0000] {logging_mixin.py:137} INFO - [2023-01-19T20:27:40.705+0000] {dag.py:2697} INFO - Creating ORM DAG for example_branch_datetime_operator_3
[2023-01-19T20:27:40.706+0000] {logging_mixin.py:137} INFO - [2023-01-19T20:27:40.706+0000] {dag.py:2697} INFO - Creating ORM DAG for example_branch_datetime_operator_2
[2023-01-19T20:27:40.723+0000] {logging_mixin.py:137} INFO - [2023-01-19T20:27:40.723+0000] {dag.py:3427} INFO - Setting next_dagrun for example_branch_datetime_operator to 2023-01-18T00:00:00+00:00, run_after=2023-01-19T00:00:00+00:00
[2023-01-19T20:27:40.726+0000] {logging_mixin.py:137} INFO - [2023-01-19T20:27:40.726+0000] {dag.py:3427} INFO - Setting next_dagrun for example_branch_datetime_operator_2 to 2023-01-18T00:00:00+00:00, run_after=2023-01-19T00:00:00+00:00
[2023-01-19T20:27:40.728+0000] {logging_mixin.py:137} INFO - [2023-01-19T20:27:40.728+0000] {dag.py:3427} INFO - Setting next_dagrun for example_branch_datetime_operator_3 to 2023-01-18T00:00:00+00:00, run_after=2023-01-19T00:00:00+00:00
[2023-01-19T20:27:40.759+0000] {processor.py:175} INFO - Processing /home/airflow/.local/lib/python3.7/site-packages/airflow/example_dags/example_branch_datetime_operator.py took 0.397 seconds
[2023-01-19T20:28:10.871+0000] {processor.py:153} INFO - Started process (PID=154) to work on /home/airflow/.local/lib/python3.7/site-packages/airflow/example_dags/example_branch_datetime_operator.py
[2023-01-19T20:28:10.872+0000] {processor.py:743} INFO - Processing file /home/airflow/.local/lib/python3.7/site-packages/airflow/example_dags/example_branch_datetime_operator.py for tasks to queue
[2023-01-19T20:28:10.874+0000] {logging_mixin.py:137} INFO - [2023-01-19T20:28:10.873+0000] {dagbag.py:538} INFO - Filling up the DagBag from /home/airflow/.local/lib/python3.7/site-packages/airflow/example_dags/example_branch_datetime_operator.py
[2023-01-19T20:28:10.908+0000] {processor.py:753} INFO - DAG(s) dict_keys(['example_branch_datetime_operator', 'example_branch_datetime_operator_3', 'example_branch_datetime_operator_2']) retrieved from /home/airflow/.local/lib/python3.7/site-packages/airflow/example_dags/example_branch_datetime_operator.py
[2023-01-19T20:28:10.993+0000] {logging_mixin.py:137} INFO - [2023-01-19T20:28:10.993+0000] {dag.py:2676} INFO - Sync 3 DAGs
[2023-01-19T20:28:11.058+0000] {logging_mixin.py:137} INFO - [2023-01-19T20:28:11.058+0000] {dag.py:3427} INFO - Setting next_dagrun for example_branch_datetime_operator to 2023-01-18T00:00:00+00:00, run_after=2023-01-19T00:00:00+00:00
[2023-01-19T20:28:11.069+0000] {logging_mixin.py:137} INFO - [2023-01-19T20:28:11.068+0000] {dag.py:3427} INFO - Setting next_dagrun for example_branch_datetime_operator_2 to 2023-01-18T00:00:00+00:00, run_after=2023-01-19T00:00:00+00:00
[2023-01-19T20:28:11.072+0000] {logging_mixin.py:137} INFO - [2023-01-19T20:28:11.072+0000] {dag.py:3427} INFO - Setting next_dagrun for example_branch_datetime_operator_3 to 2023-01-18T00:00:00+00:00, run_after=2023-01-19T00:00:00+00:00
[2023-01-19T20:28:11.109+0000] {processor.py:175} INFO - Processing /home/airflow/.local/lib/python3.7/site-packages/airflow/example_dags/example_branch_datetime_operator.py took 0.243 seconds
[2023-01-19T20:28:42.062+0000] {processor.py:153} INFO - Started process (PID=242) to work on /home/airflow/.local/lib/python3.7/site-packages/airflow/example_dags/example_branch_datetime_operator.py
[2023-01-19T20:28:42.064+0000] {processor.py:743} INFO - Processing file /home/airflow/.local/lib/python3.7/site-packages/airflow/example_dags/example_branch_datetime_operator.py for tasks to queue
[2023-01-19T20:28:42.065+0000] {logging_mixin.py:137} INFO - [2023-01-19T20:28:42.065+0000] {dagbag.py:538} INFO - Filling up the DagBag from /home/airflow/.local/lib/python3.7/site-packages/airflow/example_dags/example_branch_datetime_operator.py
[2023-01-19T20:28:42.094+0000] {processor.py:753} INFO - DAG(s) dict_keys(['example_branch_datetime_operator_2', 'example_branch_datetime_operator_3', 'example_branch_datetime_operator']) retrieved from /home/airflow/.local/lib/python3.7/site-packages/airflow/example_dags/example_branch_datetime_operator.py
[2023-01-19T20:28:42.168+0000] {logging_mixin.py:137} INFO - [2023-01-19T20:28:42.168+0000] {dag.py:2676} INFO - Sync 3 DAGs
[2023-01-19T20:28:42.218+0000] {logging_mixin.py:137} INFO - [2023-01-19T20:28:42.218+0000] {dag.py:3427} INFO - Setting next_dagrun for example_branch_datetime_operator to 2023-01-18T00:00:00+00:00, run_after=2023-01-19T00:00:00+00:00
[2023-01-19T20:28:42.225+0000] {logging_mixin.py:137} INFO - [2023-01-19T20:28:42.225+0000] {dag.py:3427} INFO - Setting next_dagrun for example_branch_datetime_operator_2 to 2023-01-18T00:00:00+00:00, run_after=2023-01-19T00:00:00+00:00
[2023-01-19T20:28:42.229+0000] {logging_mixin.py:137} INFO - [2023-01-19T20:28:42.229+0000] {dag.py:3427} INFO - Setting next_dagrun for example_branch_datetime_operator_3 to 2023-01-18T00:00:00+00:00, run_after=2023-01-19T00:00:00+00:00
[2023-01-19T20:28:42.260+0000] {processor.py:175} INFO - Processing /home/airflow/.local/lib/python3.7/site-packages/airflow/example_dags/example_branch_datetime_operator.py took 0.202 seconds
[2023-01-19T20:29:12.473+0000] {processor.py:153} INFO - Started process (PID=315) to work on /home/airflow/.local/lib/python3.7/site-packages/airflow/example_dags/example_branch_datetime_operator.py
[2023-01-19T20:29:12.474+0000] {processor.py:743} INFO - Processing file /home/airflow/.local/lib/python3.7/site-packages/airflow/example_dags/example_branch_datetime_operator.py for tasks to queue
[2023-01-19T20:29:12.476+0000] {logging_mixin.py:137} INFO - [2023-01-19T20:29:12.476+0000] {dagbag.py:538} INFO - Filling up the DagBag from /home/airflow/.local/lib/python3.7/site-packages/airflow/example_dags/example_branch_datetime_operator.py
[2023-01-19T20:29:12.508+0000] {processor.py:753} INFO - DAG(s) dict_keys(['example_branch_datetime_operator', 'example_branch_datetime_operator_3', 'example_branch_datetime_operator_2']) retrieved from /home/airflow/.local/lib/python3.7/site-packages/airflow/example_dags/example_branch_datetime_operator.py
[2023-01-19T20:29:12.592+0000] {logging_mixin.py:137} INFO - [2023-01-19T20:29:12.592+0000] {dag.py:2676} INFO - Sync 3 DAGs
[2023-01-19T20:29:12.631+0000] {logging_mixin.py:137} INFO - [2023-01-19T20:29:12.631+0000] {dag.py:3427} INFO - Setting next_dagrun for example_branch_datetime_operator to 2023-01-18T00:00:00+00:00, run_after=2023-01-19T00:00:00+00:00
[2023-01-19T20:29:12.641+0000] {logging_mixin.py:137} INFO - [2023-01-19T20:29:12.640+0000] {dag.py:3427} INFO - Setting next_dagrun for example_branch_datetime_operator_2 to 2023-01-18T00:00:00+00:00, run_after=2023-01-19T00:00:00+00:00
[2023-01-19T20:29:12.646+0000] {logging_mixin.py:137} INFO - [2023-01-19T20:29:12.646+0000] {dag.py:3427} INFO - Setting next_dagrun for example_branch_datetime_operator_3 to 2023-01-18T00:00:00+00:00, run_after=2023-01-19T00:00:00+00:00
[2023-01-19T20:29:12.674+0000] {processor.py:175} INFO - Processing /home/airflow/.local/lib/python3.7/site-packages/airflow/example_dags/example_branch_datetime_operator.py took 0.207 seconds
[2023-01-19T20:29:43.114+0000] {processor.py:153} INFO - Started process (PID=388) to work on /home/airflow/.local/lib/python3.7/site-packages/airflow/example_dags/example_branch_datetime_operator.py
[2023-01-19T20:29:43.116+0000] {processor.py:743} INFO - Processing file /home/airflow/.local/lib/python3.7/site-packages/airflow/example_dags/example_branch_datetime_operator.py for tasks to queue
[2023-01-19T20:29:43.117+0000] {logging_mixin.py:137} INFO - [2023-01-19T20:29:43.117+0000] {dagbag.py:538} INFO - Filling up the DagBag from /home/airflow/.local/lib/python3.7/site-packages/airflow/example_dags/example_branch_datetime_operator.py
[2023-01-19T20:29:43.158+0000] {processor.py:753} INFO - DAG(s) dict_keys(['example_branch_datetime_operator', 'example_branch_datetime_operator_2', 'example_branch_datetime_operator_3']) retrieved from /home/airflow/.local/lib/python3.7/site-packages/airflow/example_dags/example_branch_datetime_operator.py
[2023-01-19T20:29:43.264+0000] {logging_mixin.py:137} INFO - [2023-01-19T20:29:43.264+0000] {dag.py:2676} INFO - Sync 3 DAGs
[2023-01-19T20:29:43.324+0000] {logging_mixin.py:137} INFO - [2023-01-19T20:29:43.324+0000] {dag.py:3427} INFO - Setting next_dagrun for example_branch_datetime_operator to 2023-01-18T00:00:00+00:00, run_after=2023-01-19T00:00:00+00:00
[2023-01-19T20:29:43.340+0000] {logging_mixin.py:137} INFO - [2023-01-19T20:29:43.339+0000] {dag.py:3427} INFO - Setting next_dagrun for example_branch_datetime_operator_2 to 2023-01-18T00:00:00+00:00, run_after=2023-01-19T00:00:00+00:00
[2023-01-19T20:29:43.345+0000] {logging_mixin.py:137} INFO - [2023-01-19T20:29:43.345+0000] {dag.py:3427} INFO - Setting next_dagrun for example_branch_datetime_operator_3 to 2023-01-18T00:00:00+00:00, run_after=2023-01-19T00:00:00+00:00
[2023-01-19T20:29:43.384+0000] {processor.py:175} INFO - Processing /home/airflow/.local/lib/python3.7/site-packages/airflow/example_dags/example_branch_datetime_operator.py took 0.279 seconds
[2023-01-19T20:30:13.490+0000] {processor.py:153} INFO - Started process (PID=460) to work on /home/airflow/.local/lib/python3.7/site-packages/airflow/example_dags/example_branch_datetime_operator.py
[2023-01-19T20:30:13.491+0000] {processor.py:743} INFO - Processing file /home/airflow/.local/lib/python3.7/site-packages/airflow/example_dags/example_branch_datetime_operator.py for tasks to queue
[2023-01-19T20:30:13.492+0000] {logging_mixin.py:137} INFO - [2023-01-19T20:30:13.492+0000] {dagbag.py:538} INFO - Filling up the DagBag from /home/airflow/.local/lib/python3.7/site-packages/airflow/example_dags/example_branch_datetime_operator.py
[2023-01-19T20:30:13.516+0000] {processor.py:753} INFO - DAG(s) dict_keys(['example_branch_datetime_operator', 'example_branch_datetime_operator_3', 'example_branch_datetime_operator_2']) retrieved from /home/airflow/.local/lib/python3.7/site-packages/airflow/example_dags/example_branch_datetime_operator.py
[2023-01-19T20:30:13.697+0000] {logging_mixin.py:137} INFO - [2023-01-19T20:30:13.697+0000] {dag.py:2676} INFO - Sync 3 DAGs
[2023-01-19T20:30:13.736+0000] {logging_mixin.py:137} INFO - [2023-01-19T20:30:13.736+0000] {dag.py:3427} INFO - Setting next_dagrun for example_branch_datetime_operator to 2023-01-18T00:00:00+00:00, run_after=2023-01-19T00:00:00+00:00
[2023-01-19T20:30:13.744+0000] {logging_mixin.py:137} INFO - [2023-01-19T20:30:13.744+0000] {dag.py:3427} INFO - Setting next_dagrun for example_branch_datetime_operator_2 to 2023-01-18T00:00:00+00:00, run_after=2023-01-19T00:00:00+00:00
[2023-01-19T20:30:13.748+0000] {logging_mixin.py:137} INFO - [2023-01-19T20:30:13.748+0000] {dag.py:3427} INFO - Setting next_dagrun for example_branch_datetime_operator_3 to 2023-01-18T00:00:00+00:00, run_after=2023-01-19T00:00:00+00:00
[2023-01-19T20:30:13.774+0000] {processor.py:175} INFO - Processing /home/airflow/.local/lib/python3.7/site-packages/airflow/example_dags/example_branch_datetime_operator.py took 0.287 seconds
[2023-01-19T20:30:43.815+0000] {processor.py:153} INFO - Started process (PID=548) to work on /home/airflow/.local/lib/python3.7/site-packages/airflow/example_dags/example_branch_datetime_operator.py
[2023-01-19T20:30:43.817+0000] {processor.py:743} INFO - Processing file /home/airflow/.local/lib/python3.7/site-packages/airflow/example_dags/example_branch_datetime_operator.py for tasks to queue
[2023-01-19T20:30:43.817+0000] {logging_mixin.py:137} INFO - [2023-01-19T20:30:43.817+0000] {dagbag.py:538} INFO - Filling up the DagBag from /home/airflow/.local/lib/python3.7/site-packages/airflow/example_dags/example_branch_datetime_operator.py
[2023-01-19T20:30:43.845+0000] {processor.py:753} INFO - DAG(s) dict_keys(['example_branch_datetime_operator_3', 'example_branch_datetime_operator', 'example_branch_datetime_operator_2']) retrieved from /home/airflow/.local/lib/python3.7/site-packages/airflow/example_dags/example_branch_datetime_operator.py
[2023-01-19T20:30:43.905+0000] {logging_mixin.py:137} INFO - [2023-01-19T20:30:43.905+0000] {dag.py:2676} INFO - Sync 3 DAGs
[2023-01-19T20:30:43.939+0000] {logging_mixin.py:137} INFO - [2023-01-19T20:30:43.939+0000] {dag.py:3427} INFO - Setting next_dagrun for example_branch_datetime_operator to 2023-01-18T00:00:00+00:00, run_after=2023-01-19T00:00:00+00:00
[2023-01-19T20:30:43.945+0000] {logging_mixin.py:137} INFO - [2023-01-19T20:30:43.945+0000] {dag.py:3427} INFO - Setting next_dagrun for example_branch_datetime_operator_2 to 2023-01-18T00:00:00+00:00, run_after=2023-01-19T00:00:00+00:00
[2023-01-19T20:30:43.949+0000] {logging_mixin.py:137} INFO - [2023-01-19T20:30:43.948+0000] {dag.py:3427} INFO - Setting next_dagrun for example_branch_datetime_operator_3 to 2023-01-18T00:00:00+00:00, run_after=2023-01-19T00:00:00+00:00
[2023-01-19T20:30:43.973+0000] {processor.py:175} INFO - Processing /home/airflow/.local/lib/python3.7/site-packages/airflow/example_dags/example_branch_datetime_operator.py took 0.162 seconds
[2023-01-19T20:31:15.243+0000] {processor.py:153} INFO - Started process (PID=620) to work on /home/airflow/.local/lib/python3.7/site-packages/airflow/example_dags/example_branch_datetime_operator.py
[2023-01-19T20:31:15.245+0000] {processor.py:743} INFO - Processing file /home/airflow/.local/lib/python3.7/site-packages/airflow/example_dags/example_branch_datetime_operator.py for tasks to queue
[2023-01-19T20:31:15.246+0000] {logging_mixin.py:137} INFO - [2023-01-19T20:31:15.246+0000] {dagbag.py:538} INFO - Filling up the DagBag from /home/airflow/.local/lib/python3.7/site-packages/airflow/example_dags/example_branch_datetime_operator.py
[2023-01-19T20:31:15.282+0000] {processor.py:753} INFO - DAG(s) dict_keys(['example_branch_datetime_operator_3', 'example_branch_datetime_operator', 'example_branch_datetime_operator_2']) retrieved from /home/airflow/.local/lib/python3.7/site-packages/airflow/example_dags/example_branch_datetime_operator.py
[2023-01-19T20:31:15.404+0000] {logging_mixin.py:137} INFO - [2023-01-19T20:31:15.404+0000] {dag.py:2676} INFO - Sync 3 DAGs
[2023-01-19T20:31:15.468+0000] {logging_mixin.py:137} INFO - [2023-01-19T20:31:15.468+0000] {dag.py:3427} INFO - Setting next_dagrun for example_branch_datetime_operator to 2023-01-18T00:00:00+00:00, run_after=2023-01-19T00:00:00+00:00
[2023-01-19T20:31:15.479+0000] {logging_mixin.py:137} INFO - [2023-01-19T20:31:15.478+0000] {dag.py:3427} INFO - Setting next_dagrun for example_branch_datetime_operator_2 to 2023-01-18T00:00:00+00:00, run_after=2023-01-19T00:00:00+00:00
[2023-01-19T20:31:15.485+0000] {logging_mixin.py:137} INFO - [2023-01-19T20:31:15.484+0000] {dag.py:3427} INFO - Setting next_dagrun for example_branch_datetime_operator_3 to 2023-01-18T00:00:00+00:00, run_after=2023-01-19T00:00:00+00:00
[2023-01-19T20:31:15.528+0000] {processor.py:175} INFO - Processing /home/airflow/.local/lib/python3.7/site-packages/airflow/example_dags/example_branch_datetime_operator.py took 0.292 seconds
[2023-01-19T20:31:45.584+0000] {processor.py:153} INFO - Started process (PID=692) to work on /home/airflow/.local/lib/python3.7/site-packages/airflow/example_dags/example_branch_datetime_operator.py
[2023-01-19T20:31:45.585+0000] {processor.py:743} INFO - Processing file /home/airflow/.local/lib/python3.7/site-packages/airflow/example_dags/example_branch_datetime_operator.py for tasks to queue
[2023-01-19T20:31:45.586+0000] {logging_mixin.py:137} INFO - [2023-01-19T20:31:45.585+0000] {dagbag.py:538} INFO - Filling up the DagBag from /home/airflow/.local/lib/python3.7/site-packages/airflow/example_dags/example_branch_datetime_operator.py
[2023-01-19T20:31:45.609+0000] {processor.py:753} INFO - DAG(s) dict_keys(['example_branch_datetime_operator_2', 'example_branch_datetime_operator', 'example_branch_datetime_operator_3']) retrieved from /home/airflow/.local/lib/python3.7/site-packages/airflow/example_dags/example_branch_datetime_operator.py
[2023-01-19T20:31:45.674+0000] {logging_mixin.py:137} INFO - [2023-01-19T20:31:45.674+0000] {dag.py:2676} INFO - Sync 3 DAGs
[2023-01-19T20:31:45.710+0000] {logging_mixin.py:137} INFO - [2023-01-19T20:31:45.710+0000] {dag.py:3427} INFO - Setting next_dagrun for example_branch_datetime_operator to 2023-01-18T00:00:00+00:00, run_after=2023-01-19T00:00:00+00:00
[2023-01-19T20:31:45.716+0000] {logging_mixin.py:137} INFO - [2023-01-19T20:31:45.716+0000] {dag.py:3427} INFO - Setting next_dagrun for example_branch_datetime_operator_2 to 2023-01-18T00:00:00+00:00, run_after=2023-01-19T00:00:00+00:00
[2023-01-19T20:31:45.720+0000] {logging_mixin.py:137} INFO - [2023-01-19T20:31:45.719+0000] {dag.py:3427} INFO - Setting next_dagrun for example_branch_datetime_operator_3 to 2023-01-18T00:00:00+00:00, run_after=2023-01-19T00:00:00+00:00
[2023-01-19T20:31:45.751+0000] {processor.py:175} INFO - Processing /home/airflow/.local/lib/python3.7/site-packages/airflow/example_dags/example_branch_datetime_operator.py took 0.172 seconds
[2023-01-19T20:32:15.975+0000] {processor.py:153} INFO - Started process (PID=781) to work on /home/airflow/.local/lib/python3.7/site-packages/airflow/example_dags/example_branch_datetime_operator.py
[2023-01-19T20:32:15.976+0000] {processor.py:743} INFO - Processing file /home/airflow/.local/lib/python3.7/site-packages/airflow/example_dags/example_branch_datetime_operator.py for tasks to queue
[2023-01-19T20:32:15.976+0000] {logging_mixin.py:137} INFO - [2023-01-19T20:32:15.976+0000] {dagbag.py:538} INFO - Filling up the DagBag from /home/airflow/.local/lib/python3.7/site-packages/airflow/example_dags/example_branch_datetime_operator.py
[2023-01-19T20:32:16.001+0000] {processor.py:753} INFO - DAG(s) dict_keys(['example_branch_datetime_operator_2', 'example_branch_datetime_operator', 'example_branch_datetime_operator_3']) retrieved from /home/airflow/.local/lib/python3.7/site-packages/airflow/example_dags/example_branch_datetime_operator.py
[2023-01-19T20:32:16.069+0000] {logging_mixin.py:137} INFO - [2023-01-19T20:32:16.069+0000] {dag.py:2676} INFO - Sync 3 DAGs
[2023-01-19T20:32:16.114+0000] {logging_mixin.py:137} INFO - [2023-01-19T20:32:16.114+0000] {dag.py:3427} INFO - Setting next_dagrun for example_branch_datetime_operator to 2023-01-18T00:00:00+00:00, run_after=2023-01-19T00:00:00+00:00
[2023-01-19T20:32:16.125+0000] {logging_mixin.py:137} INFO - [2023-01-19T20:32:16.125+0000] {dag.py:3427} INFO - Setting next_dagrun for example_branch_datetime_operator_2 to 2023-01-18T00:00:00+00:00, run_after=2023-01-19T00:00:00+00:00
[2023-01-19T20:32:16.131+0000] {logging_mixin.py:137} INFO - [2023-01-19T20:32:16.131+0000] {dag.py:3427} INFO - Setting next_dagrun for example_branch_datetime_operator_3 to 2023-01-18T00:00:00+00:00, run_after=2023-01-19T00:00:00+00:00
[2023-01-19T20:32:16.159+0000] {processor.py:175} INFO - Processing /home/airflow/.local/lib/python3.7/site-packages/airflow/example_dags/example_branch_datetime_operator.py took 0.189 seconds
[2023-01-19T20:32:46.471+0000] {processor.py:153} INFO - Started process (PID=853) to work on /home/airflow/.local/lib/python3.7/site-packages/airflow/example_dags/example_branch_datetime_operator.py
[2023-01-19T20:32:46.472+0000] {processor.py:743} INFO - Processing file /home/airflow/.local/lib/python3.7/site-packages/airflow/example_dags/example_branch_datetime_operator.py for tasks to queue
[2023-01-19T20:32:46.473+0000] {logging_mixin.py:137} INFO - [2023-01-19T20:32:46.472+0000] {dagbag.py:538} INFO - Filling up the DagBag from /home/airflow/.local/lib/python3.7/site-packages/airflow/example_dags/example_branch_datetime_operator.py
[2023-01-19T20:32:46.497+0000] {processor.py:753} INFO - DAG(s) dict_keys(['example_branch_datetime_operator', 'example_branch_datetime_operator_2', 'example_branch_datetime_operator_3']) retrieved from /home/airflow/.local/lib/python3.7/site-packages/airflow/example_dags/example_branch_datetime_operator.py
[2023-01-19T20:32:46.562+0000] {logging_mixin.py:137} INFO - [2023-01-19T20:32:46.562+0000] {dag.py:2676} INFO - Sync 3 DAGs
[2023-01-19T20:32:46.598+0000] {logging_mixin.py:137} INFO - [2023-01-19T20:32:46.598+0000] {dag.py:3427} INFO - Setting next_dagrun for example_branch_datetime_operator to 2023-01-18T00:00:00+00:00, run_after=2023-01-19T00:00:00+00:00
[2023-01-19T20:32:46.606+0000] {logging_mixin.py:137} INFO - [2023-01-19T20:32:46.605+0000] {dag.py:3427} INFO - Setting next_dagrun for example_branch_datetime_operator_2 to 2023-01-18T00:00:00+00:00, run_after=2023-01-19T00:00:00+00:00
[2023-01-19T20:32:46.610+0000] {logging_mixin.py:137} INFO - [2023-01-19T20:32:46.610+0000] {dag.py:3427} INFO - Setting next_dagrun for example_branch_datetime_operator_3 to 2023-01-18T00:00:00+00:00, run_after=2023-01-19T00:00:00+00:00
[2023-01-19T20:32:46.641+0000] {processor.py:175} INFO - Processing /home/airflow/.local/lib/python3.7/site-packages/airflow/example_dags/example_branch_datetime_operator.py took 0.174 seconds
[2023-01-19T20:33:16.866+0000] {processor.py:153} INFO - Started process (PID=925) to work on /home/airflow/.local/lib/python3.7/site-packages/airflow/example_dags/example_branch_datetime_operator.py
[2023-01-19T20:33:16.867+0000] {processor.py:743} INFO - Processing file /home/airflow/.local/lib/python3.7/site-packages/airflow/example_dags/example_branch_datetime_operator.py for tasks to queue
[2023-01-19T20:33:16.868+0000] {logging_mixin.py:137} INFO - [2023-01-19T20:33:16.868+0000] {dagbag.py:538} INFO - Filling up the DagBag from /home/airflow/.local/lib/python3.7/site-packages/airflow/example_dags/example_branch_datetime_operator.py
[2023-01-19T20:33:16.895+0000] {processor.py:753} INFO - DAG(s) dict_keys(['example_branch_datetime_operator', 'example_branch_datetime_operator_2', 'example_branch_datetime_operator_3']) retrieved from /home/airflow/.local/lib/python3.7/site-packages/airflow/example_dags/example_branch_datetime_operator.py
[2023-01-19T20:33:17.038+0000] {logging_mixin.py:137} INFO - [2023-01-19T20:33:17.038+0000] {dag.py:2676} INFO - Sync 3 DAGs
[2023-01-19T20:33:17.080+0000] {logging_mixin.py:137} INFO - [2023-01-19T20:33:17.080+0000] {dag.py:3427} INFO - Setting next_dagrun for example_branch_datetime_operator to 2023-01-18T00:00:00+00:00, run_after=2023-01-19T00:00:00+00:00
[2023-01-19T20:33:17.087+0000] {logging_mixin.py:137} INFO - [2023-01-19T20:33:17.086+0000] {dag.py:3427} INFO - Setting next_dagrun for example_branch_datetime_operator_2 to 2023-01-18T00:00:00+00:00, run_after=2023-01-19T00:00:00+00:00
[2023-01-19T20:33:17.093+0000] {logging_mixin.py:137} INFO - [2023-01-19T20:33:17.092+0000] {dag.py:3427} INFO - Setting next_dagrun for example_branch_datetime_operator_3 to 2023-01-18T00:00:00+00:00, run_after=2023-01-19T00:00:00+00:00
[2023-01-19T20:33:17.119+0000] {processor.py:175} INFO - Processing /home/airflow/.local/lib/python3.7/site-packages/airflow/example_dags/example_branch_datetime_operator.py took 0.258 seconds
[2023-01-19T20:33:47.297+0000] {processor.py:153} INFO - Started process (PID=998) to work on /home/airflow/.local/lib/python3.7/site-packages/airflow/example_dags/example_branch_datetime_operator.py
[2023-01-19T20:33:47.299+0000] {processor.py:743} INFO - Processing file /home/airflow/.local/lib/python3.7/site-packages/airflow/example_dags/example_branch_datetime_operator.py for tasks to queue
[2023-01-19T20:33:47.299+0000] {logging_mixin.py:137} INFO - [2023-01-19T20:33:47.299+0000] {dagbag.py:538} INFO - Filling up the DagBag from /home/airflow/.local/lib/python3.7/site-packages/airflow/example_dags/example_branch_datetime_operator.py
[2023-01-19T20:33:47.321+0000] {processor.py:753} INFO - DAG(s) dict_keys(['example_branch_datetime_operator', 'example_branch_datetime_operator_3', 'example_branch_datetime_operator_2']) retrieved from /home/airflow/.local/lib/python3.7/site-packages/airflow/example_dags/example_branch_datetime_operator.py
[2023-01-19T20:33:47.375+0000] {logging_mixin.py:137} INFO - [2023-01-19T20:33:47.375+0000] {dag.py:2676} INFO - Sync 3 DAGs
[2023-01-19T20:33:47.409+0000] {logging_mixin.py:137} INFO - [2023-01-19T20:33:47.409+0000] {dag.py:3427} INFO - Setting next_dagrun for example_branch_datetime_operator to 2023-01-18T00:00:00+00:00, run_after=2023-01-19T00:00:00+00:00
[2023-01-19T20:33:47.416+0000] {logging_mixin.py:137} INFO - [2023-01-19T20:33:47.416+0000] {dag.py:3427} INFO - Setting next_dagrun for example_branch_datetime_operator_2 to 2023-01-18T00:00:00+00:00, run_after=2023-01-19T00:00:00+00:00
[2023-01-19T20:33:47.419+0000] {logging_mixin.py:137} INFO - [2023-01-19T20:33:47.419+0000] {dag.py:3427} INFO - Setting next_dagrun for example_branch_datetime_operator_3 to 2023-01-18T00:00:00+00:00, run_after=2023-01-19T00:00:00+00:00
[2023-01-19T20:33:47.443+0000] {processor.py:175} INFO - Processing /home/airflow/.local/lib/python3.7/site-packages/airflow/example_dags/example_branch_datetime_operator.py took 0.150 seconds
[2023-01-19T20:34:17.496+0000] {processor.py:153} INFO - Started process (PID=1086) to work on /home/airflow/.local/lib/python3.7/site-packages/airflow/example_dags/example_branch_datetime_operator.py
[2023-01-19T20:34:17.497+0000] {processor.py:743} INFO - Processing file /home/airflow/.local/lib/python3.7/site-packages/airflow/example_dags/example_branch_datetime_operator.py for tasks to queue
[2023-01-19T20:34:17.498+0000] {logging_mixin.py:137} INFO - [2023-01-19T20:34:17.498+0000] {dagbag.py:538} INFO - Filling up the DagBag from /home/airflow/.local/lib/python3.7/site-packages/airflow/example_dags/example_branch_datetime_operator.py
[2023-01-19T20:34:17.522+0000] {processor.py:753} INFO - DAG(s) dict_keys(['example_branch_datetime_operator_2', 'example_branch_datetime_operator_3', 'example_branch_datetime_operator']) retrieved from /home/airflow/.local/lib/python3.7/site-packages/airflow/example_dags/example_branch_datetime_operator.py
[2023-01-19T20:34:17.585+0000] {logging_mixin.py:137} INFO - [2023-01-19T20:34:17.584+0000] {dag.py:2676} INFO - Sync 3 DAGs
[2023-01-19T20:34:17.621+0000] {logging_mixin.py:137} INFO - [2023-01-19T20:34:17.621+0000] {dag.py:3427} INFO - Setting next_dagrun for example_branch_datetime_operator to 2023-01-18T00:00:00+00:00, run_after=2023-01-19T00:00:00+00:00
[2023-01-19T20:34:17.629+0000] {logging_mixin.py:137} INFO - [2023-01-19T20:34:17.628+0000] {dag.py:3427} INFO - Setting next_dagrun for example_branch_datetime_operator_2 to 2023-01-18T00:00:00+00:00, run_after=2023-01-19T00:00:00+00:00
[2023-01-19T20:34:17.632+0000] {logging_mixin.py:137} INFO - [2023-01-19T20:34:17.632+0000] {dag.py:3427} INFO - Setting next_dagrun for example_branch_datetime_operator_3 to 2023-01-18T00:00:00+00:00, run_after=2023-01-19T00:00:00+00:00
[2023-01-19T20:34:17.656+0000] {processor.py:175} INFO - Processing /home/airflow/.local/lib/python3.7/site-packages/airflow/example_dags/example_branch_datetime_operator.py took 0.163 seconds
[2023-01-19T20:34:48.278+0000] {processor.py:153} INFO - Started process (PID=1157) to work on /home/airflow/.local/lib/python3.7/site-packages/airflow/example_dags/example_branch_datetime_operator.py
[2023-01-19T20:34:48.279+0000] {processor.py:743} INFO - Processing file /home/airflow/.local/lib/python3.7/site-packages/airflow/example_dags/example_branch_datetime_operator.py for tasks to queue
[2023-01-19T20:34:48.280+0000] {logging_mixin.py:137} INFO - [2023-01-19T20:34:48.280+0000] {dagbag.py:538} INFO - Filling up the DagBag from /home/airflow/.local/lib/python3.7/site-packages/airflow/example_dags/example_branch_datetime_operator.py
[2023-01-19T20:34:48.306+0000] {processor.py:753} INFO - DAG(s) dict_keys(['example_branch_datetime_operator_2', 'example_branch_datetime_operator', 'example_branch_datetime_operator_3']) retrieved from /home/airflow/.local/lib/python3.7/site-packages/airflow/example_dags/example_branch_datetime_operator.py
[2023-01-19T20:34:48.370+0000] {logging_mixin.py:137} INFO - [2023-01-19T20:34:48.369+0000] {dag.py:2676} INFO - Sync 3 DAGs
[2023-01-19T20:34:48.410+0000] {logging_mixin.py:137} INFO - [2023-01-19T20:34:48.410+0000] {dag.py:3427} INFO - Setting next_dagrun for example_branch_datetime_operator to 2023-01-18T00:00:00+00:00, run_after=2023-01-19T00:00:00+00:00
[2023-01-19T20:34:48.417+0000] {logging_mixin.py:137} INFO - [2023-01-19T20:34:48.416+0000] {dag.py:3427} INFO - Setting next_dagrun for example_branch_datetime_operator_2 to 2023-01-18T00:00:00+00:00, run_after=2023-01-19T00:00:00+00:00
[2023-01-19T20:34:48.420+0000] {logging_mixin.py:137} INFO - [2023-01-19T20:34:48.420+0000] {dag.py:3427} INFO - Setting next_dagrun for example_branch_datetime_operator_3 to 2023-01-18T00:00:00+00:00, run_after=2023-01-19T00:00:00+00:00
[2023-01-19T20:34:48.445+0000] {processor.py:175} INFO - Processing /home/airflow/.local/lib/python3.7/site-packages/airflow/example_dags/example_branch_datetime_operator.py took 0.171 seconds
[2023-01-19T20:35:18.924+0000] {processor.py:153} INFO - Started process (PID=1229) to work on /home/airflow/.local/lib/python3.7/site-packages/airflow/example_dags/example_branch_datetime_operator.py
[2023-01-19T20:35:18.926+0000] {processor.py:743} INFO - Processing file /home/airflow/.local/lib/python3.7/site-packages/airflow/example_dags/example_branch_datetime_operator.py for tasks to queue
[2023-01-19T20:35:18.927+0000] {logging_mixin.py:137} INFO - [2023-01-19T20:35:18.927+0000] {dagbag.py:538} INFO - Filling up the DagBag from /home/airflow/.local/lib/python3.7/site-packages/airflow/example_dags/example_branch_datetime_operator.py
[2023-01-19T20:35:18.953+0000] {processor.py:753} INFO - DAG(s) dict_keys(['example_branch_datetime_operator', 'example_branch_datetime_operator_3', 'example_branch_datetime_operator_2']) retrieved from /home/airflow/.local/lib/python3.7/site-packages/airflow/example_dags/example_branch_datetime_operator.py
[2023-01-19T20:35:19.032+0000] {logging_mixin.py:137} INFO - [2023-01-19T20:35:19.031+0000] {dag.py:2676} INFO - Sync 3 DAGs
[2023-01-19T20:35:19.083+0000] {logging_mixin.py:137} INFO - [2023-01-19T20:35:19.082+0000] {dag.py:3427} INFO - Setting next_dagrun for example_branch_datetime_operator to 2023-01-18T00:00:00+00:00, run_after=2023-01-19T00:00:00+00:00
[2023-01-19T20:35:19.090+0000] {logging_mixin.py:137} INFO - [2023-01-19T20:35:19.089+0000] {dag.py:3427} INFO - Setting next_dagrun for example_branch_datetime_operator_2 to 2023-01-18T00:00:00+00:00, run_after=2023-01-19T00:00:00+00:00
[2023-01-19T20:35:19.094+0000] {logging_mixin.py:137} INFO - [2023-01-19T20:35:19.093+0000] {dag.py:3427} INFO - Setting next_dagrun for example_branch_datetime_operator_3 to 2023-01-18T00:00:00+00:00, run_after=2023-01-19T00:00:00+00:00
[2023-01-19T20:35:19.115+0000] {processor.py:175} INFO - Processing /home/airflow/.local/lib/python3.7/site-packages/airflow/example_dags/example_branch_datetime_operator.py took 0.195 seconds
[2023-01-19T20:35:49.923+0000] {processor.py:153} INFO - Started process (PID=1317) to work on /home/airflow/.local/lib/python3.7/site-packages/airflow/example_dags/example_branch_datetime_operator.py
[2023-01-19T20:35:49.925+0000] {processor.py:743} INFO - Processing file /home/airflow/.local/lib/python3.7/site-packages/airflow/example_dags/example_branch_datetime_operator.py for tasks to queue
[2023-01-19T20:35:49.926+0000] {logging_mixin.py:137} INFO - [2023-01-19T20:35:49.926+0000] {dagbag.py:538} INFO - Filling up the DagBag from /home/airflow/.local/lib/python3.7/site-packages/airflow/example_dags/example_branch_datetime_operator.py
[2023-01-19T20:35:49.949+0000] {processor.py:753} INFO - DAG(s) dict_keys(['example_branch_datetime_operator', 'example_branch_datetime_operator_2', 'example_branch_datetime_operator_3']) retrieved from /home/airflow/.local/lib/python3.7/site-packages/airflow/example_dags/example_branch_datetime_operator.py
[2023-01-19T20:35:50.007+0000] {logging_mixin.py:137} INFO - [2023-01-19T20:35:50.007+0000] {dag.py:2676} INFO - Sync 3 DAGs
[2023-01-19T20:35:50.055+0000] {logging_mixin.py:137} INFO - [2023-01-19T20:35:50.055+0000] {dag.py:3427} INFO - Setting next_dagrun for example_branch_datetime_operator to 2023-01-18T00:00:00+00:00, run_after=2023-01-19T00:00:00+00:00
[2023-01-19T20:35:50.062+0000] {logging_mixin.py:137} INFO - [2023-01-19T20:35:50.062+0000] {dag.py:3427} INFO - Setting next_dagrun for example_branch_datetime_operator_2 to 2023-01-18T00:00:00+00:00, run_after=2023-01-19T00:00:00+00:00
[2023-01-19T20:35:50.065+0000] {logging_mixin.py:137} INFO - [2023-01-19T20:35:50.065+0000] {dag.py:3427} INFO - Setting next_dagrun for example_branch_datetime_operator_3 to 2023-01-18T00:00:00+00:00, run_after=2023-01-19T00:00:00+00:00
[2023-01-19T20:35:50.089+0000] {processor.py:175} INFO - Processing /home/airflow/.local/lib/python3.7/site-packages/airflow/example_dags/example_branch_datetime_operator.py took 0.170 seconds
[2023-01-19T20:36:20.585+0000] {processor.py:153} INFO - Started process (PID=1390) to work on /home/airflow/.local/lib/python3.7/site-packages/airflow/example_dags/example_branch_datetime_operator.py
[2023-01-19T20:36:20.586+0000] {processor.py:743} INFO - Processing file /home/airflow/.local/lib/python3.7/site-packages/airflow/example_dags/example_branch_datetime_operator.py for tasks to queue
[2023-01-19T20:36:20.587+0000] {logging_mixin.py:137} INFO - [2023-01-19T20:36:20.587+0000] {dagbag.py:538} INFO - Filling up the DagBag from /home/airflow/.local/lib/python3.7/site-packages/airflow/example_dags/example_branch_datetime_operator.py
[2023-01-19T20:36:20.615+0000] {processor.py:753} INFO - DAG(s) dict_keys(['example_branch_datetime_operator_3', 'example_branch_datetime_operator', 'example_branch_datetime_operator_2']) retrieved from /home/airflow/.local/lib/python3.7/site-packages/airflow/example_dags/example_branch_datetime_operator.py
[2023-01-19T20:36:20.678+0000] {logging_mixin.py:137} INFO - [2023-01-19T20:36:20.678+0000] {dag.py:2676} INFO - Sync 3 DAGs
[2023-01-19T20:36:20.720+0000] {logging_mixin.py:137} INFO - [2023-01-19T20:36:20.719+0000] {dag.py:3427} INFO - Setting next_dagrun for example_branch_datetime_operator to 2023-01-18T00:00:00+00:00, run_after=2023-01-19T00:00:00+00:00
[2023-01-19T20:36:20.729+0000] {logging_mixin.py:137} INFO - [2023-01-19T20:36:20.729+0000] {dag.py:3427} INFO - Setting next_dagrun for example_branch_datetime_operator_2 to 2023-01-18T00:00:00+00:00, run_after=2023-01-19T00:00:00+00:00
[2023-01-19T20:36:20.733+0000] {logging_mixin.py:137} INFO - [2023-01-19T20:36:20.733+0000] {dag.py:3427} INFO - Setting next_dagrun for example_branch_datetime_operator_3 to 2023-01-18T00:00:00+00:00, run_after=2023-01-19T00:00:00+00:00
[2023-01-19T20:36:20.756+0000] {processor.py:175} INFO - Processing /home/airflow/.local/lib/python3.7/site-packages/airflow/example_dags/example_branch_datetime_operator.py took 0.175 seconds
[2023-01-19T20:36:51.371+0000] {processor.py:153} INFO - Started process (PID=1462) to work on /home/airflow/.local/lib/python3.7/site-packages/airflow/example_dags/example_branch_datetime_operator.py
[2023-01-19T20:36:51.372+0000] {processor.py:743} INFO - Processing file /home/airflow/.local/lib/python3.7/site-packages/airflow/example_dags/example_branch_datetime_operator.py for tasks to queue
[2023-01-19T20:36:51.373+0000] {logging_mixin.py:137} INFO - [2023-01-19T20:36:51.372+0000] {dagbag.py:538} INFO - Filling up the DagBag from /home/airflow/.local/lib/python3.7/site-packages/airflow/example_dags/example_branch_datetime_operator.py
[2023-01-19T20:36:51.396+0000] {processor.py:753} INFO - DAG(s) dict_keys(['example_branch_datetime_operator_2', 'example_branch_datetime_operator_3', 'example_branch_datetime_operator']) retrieved from /home/airflow/.local/lib/python3.7/site-packages/airflow/example_dags/example_branch_datetime_operator.py
[2023-01-19T20:36:51.454+0000] {logging_mixin.py:137} INFO - [2023-01-19T20:36:51.454+0000] {dag.py:2676} INFO - Sync 3 DAGs
[2023-01-19T20:36:51.490+0000] {logging_mixin.py:137} INFO - [2023-01-19T20:36:51.490+0000] {dag.py:3427} INFO - Setting next_dagrun for example_branch_datetime_operator to 2023-01-18T00:00:00+00:00, run_after=2023-01-19T00:00:00+00:00
[2023-01-19T20:36:51.497+0000] {logging_mixin.py:137} INFO - [2023-01-19T20:36:51.496+0000] {dag.py:3427} INFO - Setting next_dagrun for example_branch_datetime_operator_2 to 2023-01-18T00:00:00+00:00, run_after=2023-01-19T00:00:00+00:00
[2023-01-19T20:36:51.501+0000] {logging_mixin.py:137} INFO - [2023-01-19T20:36:51.501+0000] {dag.py:3427} INFO - Setting next_dagrun for example_branch_datetime_operator_3 to 2023-01-18T00:00:00+00:00, run_after=2023-01-19T00:00:00+00:00
[2023-01-19T20:36:51.528+0000] {processor.py:175} INFO - Processing /home/airflow/.local/lib/python3.7/site-packages/airflow/example_dags/example_branch_datetime_operator.py took 0.161 seconds
[2023-01-19T20:37:22.647+0000] {processor.py:153} INFO - Started process (PID=1550) to work on /home/airflow/.local/lib/python3.7/site-packages/airflow/example_dags/example_branch_datetime_operator.py
[2023-01-19T20:37:22.648+0000] {processor.py:743} INFO - Processing file /home/airflow/.local/lib/python3.7/site-packages/airflow/example_dags/example_branch_datetime_operator.py for tasks to queue
[2023-01-19T20:37:22.649+0000] {logging_mixin.py:137} INFO - [2023-01-19T20:37:22.649+0000] {dagbag.py:538} INFO - Filling up the DagBag from /home/airflow/.local/lib/python3.7/site-packages/airflow/example_dags/example_branch_datetime_operator.py
[2023-01-19T20:37:22.673+0000] {processor.py:753} INFO - DAG(s) dict_keys(['example_branch_datetime_operator', 'example_branch_datetime_operator_2', 'example_branch_datetime_operator_3']) retrieved from /home/airflow/.local/lib/python3.7/site-packages/airflow/example_dags/example_branch_datetime_operator.py
[2023-01-19T20:37:22.734+0000] {logging_mixin.py:137} INFO - [2023-01-19T20:37:22.734+0000] {dag.py:2676} INFO - Sync 3 DAGs
[2023-01-19T20:37:22.772+0000] {logging_mixin.py:137} INFO - [2023-01-19T20:37:22.771+0000] {dag.py:3427} INFO - Setting next_dagrun for example_branch_datetime_operator to 2023-01-18T00:00:00+00:00, run_after=2023-01-19T00:00:00+00:00
[2023-01-19T20:37:22.778+0000] {logging_mixin.py:137} INFO - [2023-01-19T20:37:22.778+0000] {dag.py:3427} INFO - Setting next_dagrun for example_branch_datetime_operator_2 to 2023-01-18T00:00:00+00:00, run_after=2023-01-19T00:00:00+00:00
[2023-01-19T20:37:22.782+0000] {logging_mixin.py:137} INFO - [2023-01-19T20:37:22.782+0000] {dag.py:3427} INFO - Setting next_dagrun for example_branch_datetime_operator_3 to 2023-01-18T00:00:00+00:00, run_after=2023-01-19T00:00:00+00:00
[2023-01-19T20:37:22.813+0000] {processor.py:175} INFO - Processing /home/airflow/.local/lib/python3.7/site-packages/airflow/example_dags/example_branch_datetime_operator.py took 0.170 seconds
[2023-01-19T20:37:52.884+0000] {processor.py:153} INFO - Started process (PID=1622) to work on /home/airflow/.local/lib/python3.7/site-packages/airflow/example_dags/example_branch_datetime_operator.py
[2023-01-19T20:37:52.885+0000] {processor.py:743} INFO - Processing file /home/airflow/.local/lib/python3.7/site-packages/airflow/example_dags/example_branch_datetime_operator.py for tasks to queue
[2023-01-19T20:37:52.886+0000] {logging_mixin.py:137} INFO - [2023-01-19T20:37:52.886+0000] {dagbag.py:538} INFO - Filling up the DagBag from /home/airflow/.local/lib/python3.7/site-packages/airflow/example_dags/example_branch_datetime_operator.py
[2023-01-19T20:37:52.909+0000] {processor.py:753} INFO - DAG(s) dict_keys(['example_branch_datetime_operator', 'example_branch_datetime_operator_3', 'example_branch_datetime_operator_2']) retrieved from /home/airflow/.local/lib/python3.7/site-packages/airflow/example_dags/example_branch_datetime_operator.py
[2023-01-19T20:37:52.970+0000] {logging_mixin.py:137} INFO - [2023-01-19T20:37:52.970+0000] {dag.py:2676} INFO - Sync 3 DAGs
[2023-01-19T20:37:53.007+0000] {logging_mixin.py:137} INFO - [2023-01-19T20:37:53.007+0000] {dag.py:3427} INFO - Setting next_dagrun for example_branch_datetime_operator to 2023-01-18T00:00:00+00:00, run_after=2023-01-19T00:00:00+00:00
[2023-01-19T20:37:53.013+0000] {logging_mixin.py:137} INFO - [2023-01-19T20:37:53.013+0000] {dag.py:3427} INFO - Setting next_dagrun for example_branch_datetime_operator_2 to 2023-01-18T00:00:00+00:00, run_after=2023-01-19T00:00:00+00:00
[2023-01-19T20:37:53.016+0000] {logging_mixin.py:137} INFO - [2023-01-19T20:37:53.016+0000] {dag.py:3427} INFO - Setting next_dagrun for example_branch_datetime_operator_3 to 2023-01-18T00:00:00+00:00, run_after=2023-01-19T00:00:00+00:00
[2023-01-19T20:37:53.038+0000] {processor.py:175} INFO - Processing /home/airflow/.local/lib/python3.7/site-packages/airflow/example_dags/example_branch_datetime_operator.py took 0.160 seconds
[2023-01-19T20:38:23.148+0000] {processor.py:153} INFO - Started process (PID=1694) to work on /home/airflow/.local/lib/python3.7/site-packages/airflow/example_dags/example_branch_datetime_operator.py
[2023-01-19T20:38:23.149+0000] {processor.py:743} INFO - Processing file /home/airflow/.local/lib/python3.7/site-packages/airflow/example_dags/example_branch_datetime_operator.py for tasks to queue
[2023-01-19T20:38:23.150+0000] {logging_mixin.py:137} INFO - [2023-01-19T20:38:23.150+0000] {dagbag.py:538} INFO - Filling up the DagBag from /home/airflow/.local/lib/python3.7/site-packages/airflow/example_dags/example_branch_datetime_operator.py
[2023-01-19T20:38:23.173+0000] {processor.py:753} INFO - DAG(s) dict_keys(['example_branch_datetime_operator', 'example_branch_datetime_operator_3', 'example_branch_datetime_operator_2']) retrieved from /home/airflow/.local/lib/python3.7/site-packages/airflow/example_dags/example_branch_datetime_operator.py
[2023-01-19T20:38:23.232+0000] {logging_mixin.py:137} INFO - [2023-01-19T20:38:23.232+0000] {dag.py:2676} INFO - Sync 3 DAGs
[2023-01-19T20:38:23.271+0000] {logging_mixin.py:137} INFO - [2023-01-19T20:38:23.271+0000] {dag.py:3427} INFO - Setting next_dagrun for example_branch_datetime_operator to 2023-01-18T00:00:00+00:00, run_after=2023-01-19T00:00:00+00:00
[2023-01-19T20:38:23.277+0000] {logging_mixin.py:137} INFO - [2023-01-19T20:38:23.277+0000] {dag.py:3427} INFO - Setting next_dagrun for example_branch_datetime_operator_2 to 2023-01-18T00:00:00+00:00, run_after=2023-01-19T00:00:00+00:00
[2023-01-19T20:38:23.281+0000] {logging_mixin.py:137} INFO - [2023-01-19T20:38:23.281+0000] {dag.py:3427} INFO - Setting next_dagrun for example_branch_datetime_operator_3 to 2023-01-18T00:00:00+00:00, run_after=2023-01-19T00:00:00+00:00
[2023-01-19T20:38:23.304+0000] {processor.py:175} INFO - Processing /home/airflow/.local/lib/python3.7/site-packages/airflow/example_dags/example_branch_datetime_operator.py took 0.161 seconds
[2023-01-19T20:38:54.249+0000] {processor.py:153} INFO - Started process (PID=1782) to work on /home/airflow/.local/lib/python3.7/site-packages/airflow/example_dags/example_branch_datetime_operator.py
[2023-01-19T20:38:54.251+0000] {processor.py:743} INFO - Processing file /home/airflow/.local/lib/python3.7/site-packages/airflow/example_dags/example_branch_datetime_operator.py for tasks to queue
[2023-01-19T20:38:54.251+0000] {logging_mixin.py:137} INFO - [2023-01-19T20:38:54.251+0000] {dagbag.py:538} INFO - Filling up the DagBag from /home/airflow/.local/lib/python3.7/site-packages/airflow/example_dags/example_branch_datetime_operator.py
[2023-01-19T20:38:54.277+0000] {processor.py:753} INFO - DAG(s) dict_keys(['example_branch_datetime_operator', 'example_branch_datetime_operator_2', 'example_branch_datetime_operator_3']) retrieved from /home/airflow/.local/lib/python3.7/site-packages/airflow/example_dags/example_branch_datetime_operator.py
[2023-01-19T20:38:54.342+0000] {logging_mixin.py:137} INFO - [2023-01-19T20:38:54.342+0000] {dag.py:2676} INFO - Sync 3 DAGs
[2023-01-19T20:38:54.382+0000] {logging_mixin.py:137} INFO - [2023-01-19T20:38:54.381+0000] {dag.py:3427} INFO - Setting next_dagrun for example_branch_datetime_operator to 2023-01-18T00:00:00+00:00, run_after=2023-01-19T00:00:00+00:00
[2023-01-19T20:38:54.390+0000] {logging_mixin.py:137} INFO - [2023-01-19T20:38:54.390+0000] {dag.py:3427} INFO - Setting next_dagrun for example_branch_datetime_operator_2 to 2023-01-18T00:00:00+00:00, run_after=2023-01-19T00:00:00+00:00
[2023-01-19T20:38:54.394+0000] {logging_mixin.py:137} INFO - [2023-01-19T20:38:54.393+0000] {dag.py:3427} INFO - Setting next_dagrun for example_branch_datetime_operator_3 to 2023-01-18T00:00:00+00:00, run_after=2023-01-19T00:00:00+00:00
[2023-01-19T20:38:54.416+0000] {processor.py:175} INFO - Processing /home/airflow/.local/lib/python3.7/site-packages/airflow/example_dags/example_branch_datetime_operator.py took 0.171 seconds
[2023-01-19T20:39:24.596+0000] {processor.py:153} INFO - Started process (PID=1854) to work on /home/airflow/.local/lib/python3.7/site-packages/airflow/example_dags/example_branch_datetime_operator.py
[2023-01-19T20:39:24.597+0000] {processor.py:743} INFO - Processing file /home/airflow/.local/lib/python3.7/site-packages/airflow/example_dags/example_branch_datetime_operator.py for tasks to queue
[2023-01-19T20:39:24.598+0000] {logging_mixin.py:137} INFO - [2023-01-19T20:39:24.598+0000] {dagbag.py:538} INFO - Filling up the DagBag from /home/airflow/.local/lib/python3.7/site-packages/airflow/example_dags/example_branch_datetime_operator.py
[2023-01-19T20:39:24.620+0000] {processor.py:753} INFO - DAG(s) dict_keys(['example_branch_datetime_operator_2', 'example_branch_datetime_operator_3', 'example_branch_datetime_operator']) retrieved from /home/airflow/.local/lib/python3.7/site-packages/airflow/example_dags/example_branch_datetime_operator.py
[2023-01-19T20:39:24.678+0000] {logging_mixin.py:137} INFO - [2023-01-19T20:39:24.678+0000] {dag.py:2676} INFO - Sync 3 DAGs
[2023-01-19T20:39:24.711+0000] {logging_mixin.py:137} INFO - [2023-01-19T20:39:24.711+0000] {dag.py:3427} INFO - Setting next_dagrun for example_branch_datetime_operator to 2023-01-18T00:00:00+00:00, run_after=2023-01-19T00:00:00+00:00
[2023-01-19T20:39:24.716+0000] {logging_mixin.py:137} INFO - [2023-01-19T20:39:24.716+0000] {dag.py:3427} INFO - Setting next_dagrun for example_branch_datetime_operator_2 to 2023-01-18T00:00:00+00:00, run_after=2023-01-19T00:00:00+00:00
[2023-01-19T20:39:24.720+0000] {logging_mixin.py:137} INFO - [2023-01-19T20:39:24.719+0000] {dag.py:3427} INFO - Setting next_dagrun for example_branch_datetime_operator_3 to 2023-01-18T00:00:00+00:00, run_after=2023-01-19T00:00:00+00:00
[2023-01-19T20:39:24.742+0000] {processor.py:175} INFO - Processing /home/airflow/.local/lib/python3.7/site-packages/airflow/example_dags/example_branch_datetime_operator.py took 0.149 seconds
[2023-01-19T20:39:54.790+0000] {processor.py:153} INFO - Started process (PID=1926) to work on /home/airflow/.local/lib/python3.7/site-packages/airflow/example_dags/example_branch_datetime_operator.py
[2023-01-19T20:39:54.804+0000] {processor.py:743} INFO - Processing file /home/airflow/.local/lib/python3.7/site-packages/airflow/example_dags/example_branch_datetime_operator.py for tasks to queue
[2023-01-19T20:39:54.804+0000] {logging_mixin.py:137} INFO - [2023-01-19T20:39:54.804+0000] {dagbag.py:538} INFO - Filling up the DagBag from /home/airflow/.local/lib/python3.7/site-packages/airflow/example_dags/example_branch_datetime_operator.py
[2023-01-19T20:39:54.833+0000] {processor.py:753} INFO - DAG(s) dict_keys(['example_branch_datetime_operator_3', 'example_branch_datetime_operator_2', 'example_branch_datetime_operator']) retrieved from /home/airflow/.local/lib/python3.7/site-packages/airflow/example_dags/example_branch_datetime_operator.py
[2023-01-19T20:39:54.890+0000] {logging_mixin.py:137} INFO - [2023-01-19T20:39:54.890+0000] {dag.py:2676} INFO - Sync 3 DAGs
[2023-01-19T20:39:54.924+0000] {logging_mixin.py:137} INFO - [2023-01-19T20:39:54.924+0000] {dag.py:3427} INFO - Setting next_dagrun for example_branch_datetime_operator to 2023-01-18T00:00:00+00:00, run_after=2023-01-19T00:00:00+00:00
[2023-01-19T20:39:54.930+0000] {logging_mixin.py:137} INFO - [2023-01-19T20:39:54.930+0000] {dag.py:3427} INFO - Setting next_dagrun for example_branch_datetime_operator_2 to 2023-01-18T00:00:00+00:00, run_after=2023-01-19T00:00:00+00:00
[2023-01-19T20:39:54.933+0000] {logging_mixin.py:137} INFO - [2023-01-19T20:39:54.933+0000] {dag.py:3427} INFO - Setting next_dagrun for example_branch_datetime_operator_3 to 2023-01-18T00:00:00+00:00, run_after=2023-01-19T00:00:00+00:00
[2023-01-19T20:39:54.954+0000] {processor.py:175} INFO - Processing /home/airflow/.local/lib/python3.7/site-packages/airflow/example_dags/example_branch_datetime_operator.py took 0.182 seconds
[2023-01-19T20:40:25.133+0000] {processor.py:153} INFO - Started process (PID=2008) to work on /home/airflow/.local/lib/python3.7/site-packages/airflow/example_dags/example_branch_datetime_operator.py
[2023-01-19T20:40:25.134+0000] {processor.py:743} INFO - Processing file /home/airflow/.local/lib/python3.7/site-packages/airflow/example_dags/example_branch_datetime_operator.py for tasks to queue
[2023-01-19T20:40:25.135+0000] {logging_mixin.py:137} INFO - [2023-01-19T20:40:25.135+0000] {dagbag.py:538} INFO - Filling up the DagBag from /home/airflow/.local/lib/python3.7/site-packages/airflow/example_dags/example_branch_datetime_operator.py
[2023-01-19T20:40:25.163+0000] {processor.py:753} INFO - DAG(s) dict_keys(['example_branch_datetime_operator_3', 'example_branch_datetime_operator_2', 'example_branch_datetime_operator']) retrieved from /home/airflow/.local/lib/python3.7/site-packages/airflow/example_dags/example_branch_datetime_operator.py
[2023-01-19T20:40:25.228+0000] {logging_mixin.py:137} INFO - [2023-01-19T20:40:25.228+0000] {dag.py:2676} INFO - Sync 3 DAGs
[2023-01-19T20:40:25.269+0000] {logging_mixin.py:137} INFO - [2023-01-19T20:40:25.269+0000] {dag.py:3427} INFO - Setting next_dagrun for example_branch_datetime_operator to 2023-01-18T00:00:00+00:00, run_after=2023-01-19T00:00:00+00:00
[2023-01-19T20:40:25.277+0000] {logging_mixin.py:137} INFO - [2023-01-19T20:40:25.277+0000] {dag.py:3427} INFO - Setting next_dagrun for example_branch_datetime_operator_2 to 2023-01-18T00:00:00+00:00, run_after=2023-01-19T00:00:00+00:00
[2023-01-19T20:40:25.281+0000] {logging_mixin.py:137} INFO - [2023-01-19T20:40:25.281+0000] {dag.py:3427} INFO - Setting next_dagrun for example_branch_datetime_operator_3 to 2023-01-18T00:00:00+00:00, run_after=2023-01-19T00:00:00+00:00
[2023-01-19T20:40:25.303+0000] {processor.py:175} INFO - Processing /home/airflow/.local/lib/python3.7/site-packages/airflow/example_dags/example_branch_datetime_operator.py took 0.175 seconds
[2023-01-19T20:40:55.570+0000] {processor.py:153} INFO - Started process (PID=2087) to work on /home/airflow/.local/lib/python3.7/site-packages/airflow/example_dags/example_branch_datetime_operator.py
[2023-01-19T20:40:55.571+0000] {processor.py:743} INFO - Processing file /home/airflow/.local/lib/python3.7/site-packages/airflow/example_dags/example_branch_datetime_operator.py for tasks to queue
[2023-01-19T20:40:55.572+0000] {logging_mixin.py:137} INFO - [2023-01-19T20:40:55.572+0000] {dagbag.py:538} INFO - Filling up the DagBag from /home/airflow/.local/lib/python3.7/site-packages/airflow/example_dags/example_branch_datetime_operator.py
[2023-01-19T20:40:55.598+0000] {processor.py:753} INFO - DAG(s) dict_keys(['example_branch_datetime_operator_2', 'example_branch_datetime_operator_3', 'example_branch_datetime_operator']) retrieved from /home/airflow/.local/lib/python3.7/site-packages/airflow/example_dags/example_branch_datetime_operator.py
[2023-01-19T20:40:55.664+0000] {logging_mixin.py:137} INFO - [2023-01-19T20:40:55.663+0000] {dag.py:2676} INFO - Sync 3 DAGs
[2023-01-19T20:40:55.712+0000] {logging_mixin.py:137} INFO - [2023-01-19T20:40:55.712+0000] {dag.py:3427} INFO - Setting next_dagrun for example_branch_datetime_operator to 2023-01-18T00:00:00+00:00, run_after=2023-01-19T00:00:00+00:00
[2023-01-19T20:40:55.718+0000] {logging_mixin.py:137} INFO - [2023-01-19T20:40:55.718+0000] {dag.py:3427} INFO - Setting next_dagrun for example_branch_datetime_operator_2 to 2023-01-18T00:00:00+00:00, run_after=2023-01-19T00:00:00+00:00
[2023-01-19T20:40:55.722+0000] {logging_mixin.py:137} INFO - [2023-01-19T20:40:55.722+0000] {dag.py:3427} INFO - Setting next_dagrun for example_branch_datetime_operator_3 to 2023-01-18T00:00:00+00:00, run_after=2023-01-19T00:00:00+00:00
[2023-01-19T20:40:55.746+0000] {processor.py:175} INFO - Processing /home/airflow/.local/lib/python3.7/site-packages/airflow/example_dags/example_branch_datetime_operator.py took 0.180 seconds
[2023-01-19T20:41:25.949+0000] {processor.py:153} INFO - Started process (PID=2159) to work on /home/airflow/.local/lib/python3.7/site-packages/airflow/example_dags/example_branch_datetime_operator.py
[2023-01-19T20:41:25.950+0000] {processor.py:743} INFO - Processing file /home/airflow/.local/lib/python3.7/site-packages/airflow/example_dags/example_branch_datetime_operator.py for tasks to queue
[2023-01-19T20:41:25.951+0000] {logging_mixin.py:137} INFO - [2023-01-19T20:41:25.951+0000] {dagbag.py:538} INFO - Filling up the DagBag from /home/airflow/.local/lib/python3.7/site-packages/airflow/example_dags/example_branch_datetime_operator.py
[2023-01-19T20:41:25.973+0000] {processor.py:753} INFO - DAG(s) dict_keys(['example_branch_datetime_operator', 'example_branch_datetime_operator_3', 'example_branch_datetime_operator_2']) retrieved from /home/airflow/.local/lib/python3.7/site-packages/airflow/example_dags/example_branch_datetime_operator.py
[2023-01-19T20:41:26.031+0000] {logging_mixin.py:137} INFO - [2023-01-19T20:41:26.031+0000] {dag.py:2676} INFO - Sync 3 DAGs
[2023-01-19T20:41:26.066+0000] {logging_mixin.py:137} INFO - [2023-01-19T20:41:26.066+0000] {dag.py:3427} INFO - Setting next_dagrun for example_branch_datetime_operator to 2023-01-18T00:00:00+00:00, run_after=2023-01-19T00:00:00+00:00
[2023-01-19T20:41:26.073+0000] {logging_mixin.py:137} INFO - [2023-01-19T20:41:26.073+0000] {dag.py:3427} INFO - Setting next_dagrun for example_branch_datetime_operator_2 to 2023-01-18T00:00:00+00:00, run_after=2023-01-19T00:00:00+00:00
[2023-01-19T20:41:26.077+0000] {logging_mixin.py:137} INFO - [2023-01-19T20:41:26.077+0000] {dag.py:3427} INFO - Setting next_dagrun for example_branch_datetime_operator_3 to 2023-01-18T00:00:00+00:00, run_after=2023-01-19T00:00:00+00:00
[2023-01-19T20:41:26.116+0000] {processor.py:175} INFO - Processing /home/airflow/.local/lib/python3.7/site-packages/airflow/example_dags/example_branch_datetime_operator.py took 0.171 seconds
[2023-01-19T20:41:56.790+0000] {processor.py:153} INFO - Started process (PID=2231) to work on /home/airflow/.local/lib/python3.7/site-packages/airflow/example_dags/example_branch_datetime_operator.py
[2023-01-19T20:41:56.791+0000] {processor.py:743} INFO - Processing file /home/airflow/.local/lib/python3.7/site-packages/airflow/example_dags/example_branch_datetime_operator.py for tasks to queue
[2023-01-19T20:41:56.792+0000] {logging_mixin.py:137} INFO - [2023-01-19T20:41:56.792+0000] {dagbag.py:538} INFO - Filling up the DagBag from /home/airflow/.local/lib/python3.7/site-packages/airflow/example_dags/example_branch_datetime_operator.py
[2023-01-19T20:41:56.815+0000] {processor.py:753} INFO - DAG(s) dict_keys(['example_branch_datetime_operator', 'example_branch_datetime_operator_2', 'example_branch_datetime_operator_3']) retrieved from /home/airflow/.local/lib/python3.7/site-packages/airflow/example_dags/example_branch_datetime_operator.py
[2023-01-19T20:41:56.875+0000] {logging_mixin.py:137} INFO - [2023-01-19T20:41:56.874+0000] {dag.py:2676} INFO - Sync 3 DAGs
[2023-01-19T20:41:56.913+0000] {logging_mixin.py:137} INFO - [2023-01-19T20:41:56.913+0000] {dag.py:3427} INFO - Setting next_dagrun for example_branch_datetime_operator to 2023-01-18T00:00:00+00:00, run_after=2023-01-19T00:00:00+00:00
[2023-01-19T20:41:56.923+0000] {logging_mixin.py:137} INFO - [2023-01-19T20:41:56.923+0000] {dag.py:3427} INFO - Setting next_dagrun for example_branch_datetime_operator_2 to 2023-01-18T00:00:00+00:00, run_after=2023-01-19T00:00:00+00:00
[2023-01-19T20:41:56.929+0000] {logging_mixin.py:137} INFO - [2023-01-19T20:41:56.928+0000] {dag.py:3427} INFO - Setting next_dagrun for example_branch_datetime_operator_3 to 2023-01-18T00:00:00+00:00, run_after=2023-01-19T00:00:00+00:00
[2023-01-19T20:41:56.955+0000] {processor.py:175} INFO - Processing /home/airflow/.local/lib/python3.7/site-packages/airflow/example_dags/example_branch_datetime_operator.py took 0.169 seconds
[2023-01-19T20:42:27.376+0000] {processor.py:153} INFO - Started process (PID=2319) to work on /home/airflow/.local/lib/python3.7/site-packages/airflow/example_dags/example_branch_datetime_operator.py
[2023-01-19T20:42:27.377+0000] {processor.py:743} INFO - Processing file /home/airflow/.local/lib/python3.7/site-packages/airflow/example_dags/example_branch_datetime_operator.py for tasks to queue
[2023-01-19T20:42:27.378+0000] {logging_mixin.py:137} INFO - [2023-01-19T20:42:27.378+0000] {dagbag.py:538} INFO - Filling up the DagBag from /home/airflow/.local/lib/python3.7/site-packages/airflow/example_dags/example_branch_datetime_operator.py
[2023-01-19T20:42:27.404+0000] {processor.py:753} INFO - DAG(s) dict_keys(['example_branch_datetime_operator_2', 'example_branch_datetime_operator_3', 'example_branch_datetime_operator']) retrieved from /home/airflow/.local/lib/python3.7/site-packages/airflow/example_dags/example_branch_datetime_operator.py
[2023-01-19T20:42:27.470+0000] {logging_mixin.py:137} INFO - [2023-01-19T20:42:27.470+0000] {dag.py:2676} INFO - Sync 3 DAGs
[2023-01-19T20:42:27.508+0000] {logging_mixin.py:137} INFO - [2023-01-19T20:42:27.508+0000] {dag.py:3427} INFO - Setting next_dagrun for example_branch_datetime_operator to 2023-01-18T00:00:00+00:00, run_after=2023-01-19T00:00:00+00:00
[2023-01-19T20:42:27.517+0000] {logging_mixin.py:137} INFO - [2023-01-19T20:42:27.517+0000] {dag.py:3427} INFO - Setting next_dagrun for example_branch_datetime_operator_2 to 2023-01-18T00:00:00+00:00, run_after=2023-01-19T00:00:00+00:00
[2023-01-19T20:42:27.523+0000] {logging_mixin.py:137} INFO - [2023-01-19T20:42:27.523+0000] {dag.py:3427} INFO - Setting next_dagrun for example_branch_datetime_operator_3 to 2023-01-18T00:00:00+00:00, run_after=2023-01-19T00:00:00+00:00
[2023-01-19T20:42:27.551+0000] {processor.py:175} INFO - Processing /home/airflow/.local/lib/python3.7/site-packages/airflow/example_dags/example_branch_datetime_operator.py took 0.181 seconds
[2023-01-19T20:42:58.108+0000] {processor.py:153} INFO - Started process (PID=2391) to work on /home/airflow/.local/lib/python3.7/site-packages/airflow/example_dags/example_branch_datetime_operator.py
[2023-01-19T20:42:58.110+0000] {processor.py:743} INFO - Processing file /home/airflow/.local/lib/python3.7/site-packages/airflow/example_dags/example_branch_datetime_operator.py for tasks to queue
[2023-01-19T20:42:58.110+0000] {logging_mixin.py:137} INFO - [2023-01-19T20:42:58.110+0000] {dagbag.py:538} INFO - Filling up the DagBag from /home/airflow/.local/lib/python3.7/site-packages/airflow/example_dags/example_branch_datetime_operator.py
[2023-01-19T20:42:58.134+0000] {processor.py:753} INFO - DAG(s) dict_keys(['example_branch_datetime_operator_2', 'example_branch_datetime_operator', 'example_branch_datetime_operator_3']) retrieved from /home/airflow/.local/lib/python3.7/site-packages/airflow/example_dags/example_branch_datetime_operator.py
[2023-01-19T20:42:58.197+0000] {logging_mixin.py:137} INFO - [2023-01-19T20:42:58.197+0000] {dag.py:2676} INFO - Sync 3 DAGs
[2023-01-19T20:42:58.233+0000] {logging_mixin.py:137} INFO - [2023-01-19T20:42:58.233+0000] {dag.py:3427} INFO - Setting next_dagrun for example_branch_datetime_operator to 2023-01-18T00:00:00+00:00, run_after=2023-01-19T00:00:00+00:00
[2023-01-19T20:42:58.241+0000] {logging_mixin.py:137} INFO - [2023-01-19T20:42:58.240+0000] {dag.py:3427} INFO - Setting next_dagrun for example_branch_datetime_operator_2 to 2023-01-18T00:00:00+00:00, run_after=2023-01-19T00:00:00+00:00
[2023-01-19T20:42:58.244+0000] {logging_mixin.py:137} INFO - [2023-01-19T20:42:58.244+0000] {dag.py:3427} INFO - Setting next_dagrun for example_branch_datetime_operator_3 to 2023-01-18T00:00:00+00:00, run_after=2023-01-19T00:00:00+00:00
[2023-01-19T20:42:58.271+0000] {processor.py:175} INFO - Processing /home/airflow/.local/lib/python3.7/site-packages/airflow/example_dags/example_branch_datetime_operator.py took 0.166 seconds
[2023-01-19T20:43:28.632+0000] {processor.py:153} INFO - Started process (PID=2464) to work on /home/airflow/.local/lib/python3.7/site-packages/airflow/example_dags/example_branch_datetime_operator.py
[2023-01-19T20:43:28.633+0000] {processor.py:743} INFO - Processing file /home/airflow/.local/lib/python3.7/site-packages/airflow/example_dags/example_branch_datetime_operator.py for tasks to queue
[2023-01-19T20:43:28.634+0000] {logging_mixin.py:137} INFO - [2023-01-19T20:43:28.634+0000] {dagbag.py:538} INFO - Filling up the DagBag from /home/airflow/.local/lib/python3.7/site-packages/airflow/example_dags/example_branch_datetime_operator.py
[2023-01-19T20:43:28.667+0000] {processor.py:753} INFO - DAG(s) dict_keys(['example_branch_datetime_operator_3', 'example_branch_datetime_operator_2', 'example_branch_datetime_operator']) retrieved from /home/airflow/.local/lib/python3.7/site-packages/airflow/example_dags/example_branch_datetime_operator.py
[2023-01-19T20:43:28.754+0000] {logging_mixin.py:137} INFO - [2023-01-19T20:43:28.754+0000] {dag.py:2676} INFO - Sync 3 DAGs
[2023-01-19T20:43:28.803+0000] {logging_mixin.py:137} INFO - [2023-01-19T20:43:28.803+0000] {dag.py:3427} INFO - Setting next_dagrun for example_branch_datetime_operator to 2023-01-18T00:00:00+00:00, run_after=2023-01-19T00:00:00+00:00
[2023-01-19T20:43:28.811+0000] {logging_mixin.py:137} INFO - [2023-01-19T20:43:28.811+0000] {dag.py:3427} INFO - Setting next_dagrun for example_branch_datetime_operator_2 to 2023-01-18T00:00:00+00:00, run_after=2023-01-19T00:00:00+00:00
[2023-01-19T20:43:28.815+0000] {logging_mixin.py:137} INFO - [2023-01-19T20:43:28.814+0000] {dag.py:3427} INFO - Setting next_dagrun for example_branch_datetime_operator_3 to 2023-01-18T00:00:00+00:00, run_after=2023-01-19T00:00:00+00:00
[2023-01-19T20:43:28.847+0000] {processor.py:175} INFO - Processing /home/airflow/.local/lib/python3.7/site-packages/airflow/example_dags/example_branch_datetime_operator.py took 0.219 seconds
[2023-01-19T20:43:59.269+0000] {processor.py:153} INFO - Started process (PID=2553) to work on /home/airflow/.local/lib/python3.7/site-packages/airflow/example_dags/example_branch_datetime_operator.py
[2023-01-19T20:43:59.273+0000] {processor.py:743} INFO - Processing file /home/airflow/.local/lib/python3.7/site-packages/airflow/example_dags/example_branch_datetime_operator.py for tasks to queue
[2023-01-19T20:43:59.275+0000] {logging_mixin.py:137} INFO - [2023-01-19T20:43:59.274+0000] {dagbag.py:538} INFO - Filling up the DagBag from /home/airflow/.local/lib/python3.7/site-packages/airflow/example_dags/example_branch_datetime_operator.py
[2023-01-19T20:43:59.314+0000] {processor.py:753} INFO - DAG(s) dict_keys(['example_branch_datetime_operator', 'example_branch_datetime_operator_3', 'example_branch_datetime_operator_2']) retrieved from /home/airflow/.local/lib/python3.7/site-packages/airflow/example_dags/example_branch_datetime_operator.py
[2023-01-19T20:43:59.393+0000] {logging_mixin.py:137} INFO - [2023-01-19T20:43:59.392+0000] {dag.py:2676} INFO - Sync 3 DAGs
[2023-01-19T20:43:59.439+0000] {logging_mixin.py:137} INFO - [2023-01-19T20:43:59.438+0000] {dag.py:3427} INFO - Setting next_dagrun for example_branch_datetime_operator to 2023-01-18T00:00:00+00:00, run_after=2023-01-19T00:00:00+00:00
[2023-01-19T20:43:59.449+0000] {logging_mixin.py:137} INFO - [2023-01-19T20:43:59.448+0000] {dag.py:3427} INFO - Setting next_dagrun for example_branch_datetime_operator_2 to 2023-01-18T00:00:00+00:00, run_after=2023-01-19T00:00:00+00:00
[2023-01-19T20:43:59.453+0000] {logging_mixin.py:137} INFO - [2023-01-19T20:43:59.453+0000] {dag.py:3427} INFO - Setting next_dagrun for example_branch_datetime_operator_3 to 2023-01-18T00:00:00+00:00, run_after=2023-01-19T00:00:00+00:00
[2023-01-19T20:43:59.483+0000] {processor.py:175} INFO - Processing /home/airflow/.local/lib/python3.7/site-packages/airflow/example_dags/example_branch_datetime_operator.py took 0.221 seconds
[2023-01-19T20:44:29.590+0000] {processor.py:153} INFO - Started process (PID=2625) to work on /home/airflow/.local/lib/python3.7/site-packages/airflow/example_dags/example_branch_datetime_operator.py
[2023-01-19T20:44:29.591+0000] {processor.py:743} INFO - Processing file /home/airflow/.local/lib/python3.7/site-packages/airflow/example_dags/example_branch_datetime_operator.py for tasks to queue
[2023-01-19T20:44:29.592+0000] {logging_mixin.py:137} INFO - [2023-01-19T20:44:29.592+0000] {dagbag.py:538} INFO - Filling up the DagBag from /home/airflow/.local/lib/python3.7/site-packages/airflow/example_dags/example_branch_datetime_operator.py
[2023-01-19T20:44:29.615+0000] {processor.py:753} INFO - DAG(s) dict_keys(['example_branch_datetime_operator_3', 'example_branch_datetime_operator', 'example_branch_datetime_operator_2']) retrieved from /home/airflow/.local/lib/python3.7/site-packages/airflow/example_dags/example_branch_datetime_operator.py
[2023-01-19T20:44:29.677+0000] {logging_mixin.py:137} INFO - [2023-01-19T20:44:29.677+0000] {dag.py:2676} INFO - Sync 3 DAGs
[2023-01-19T20:44:29.713+0000] {logging_mixin.py:137} INFO - [2023-01-19T20:44:29.713+0000] {dag.py:3427} INFO - Setting next_dagrun for example_branch_datetime_operator to 2023-01-18T00:00:00+00:00, run_after=2023-01-19T00:00:00+00:00
[2023-01-19T20:44:29.719+0000] {logging_mixin.py:137} INFO - [2023-01-19T20:44:29.719+0000] {dag.py:3427} INFO - Setting next_dagrun for example_branch_datetime_operator_2 to 2023-01-18T00:00:00+00:00, run_after=2023-01-19T00:00:00+00:00
[2023-01-19T20:44:29.723+0000] {logging_mixin.py:137} INFO - [2023-01-19T20:44:29.723+0000] {dag.py:3427} INFO - Setting next_dagrun for example_branch_datetime_operator_3 to 2023-01-18T00:00:00+00:00, run_after=2023-01-19T00:00:00+00:00
[2023-01-19T20:44:29.748+0000] {processor.py:175} INFO - Processing /home/airflow/.local/lib/python3.7/site-packages/airflow/example_dags/example_branch_datetime_operator.py took 0.161 seconds
[2023-01-19T20:45:00.312+0000] {processor.py:153} INFO - Started process (PID=2698) to work on /home/airflow/.local/lib/python3.7/site-packages/airflow/example_dags/example_branch_datetime_operator.py
[2023-01-19T20:45:00.314+0000] {processor.py:743} INFO - Processing file /home/airflow/.local/lib/python3.7/site-packages/airflow/example_dags/example_branch_datetime_operator.py for tasks to queue
[2023-01-19T20:45:00.315+0000] {logging_mixin.py:137} INFO - [2023-01-19T20:45:00.314+0000] {dagbag.py:538} INFO - Filling up the DagBag from /home/airflow/.local/lib/python3.7/site-packages/airflow/example_dags/example_branch_datetime_operator.py
[2023-01-19T20:45:00.347+0000] {processor.py:753} INFO - DAG(s) dict_keys(['example_branch_datetime_operator_2', 'example_branch_datetime_operator_3', 'example_branch_datetime_operator']) retrieved from /home/airflow/.local/lib/python3.7/site-packages/airflow/example_dags/example_branch_datetime_operator.py
[2023-01-19T20:45:00.414+0000] {logging_mixin.py:137} INFO - [2023-01-19T20:45:00.414+0000] {dag.py:2676} INFO - Sync 3 DAGs
[2023-01-19T20:45:00.455+0000] {logging_mixin.py:137} INFO - [2023-01-19T20:45:00.455+0000] {dag.py:3427} INFO - Setting next_dagrun for example_branch_datetime_operator to 2023-01-18T00:00:00+00:00, run_after=2023-01-19T00:00:00+00:00
[2023-01-19T20:45:00.461+0000] {logging_mixin.py:137} INFO - [2023-01-19T20:45:00.461+0000] {dag.py:3427} INFO - Setting next_dagrun for example_branch_datetime_operator_2 to 2023-01-18T00:00:00+00:00, run_after=2023-01-19T00:00:00+00:00
[2023-01-19T20:45:00.465+0000] {logging_mixin.py:137} INFO - [2023-01-19T20:45:00.465+0000] {dag.py:3427} INFO - Setting next_dagrun for example_branch_datetime_operator_3 to 2023-01-18T00:00:00+00:00, run_after=2023-01-19T00:00:00+00:00
[2023-01-19T20:45:00.490+0000] {processor.py:175} INFO - Processing /home/airflow/.local/lib/python3.7/site-packages/airflow/example_dags/example_branch_datetime_operator.py took 0.184 seconds
[2023-01-19T20:45:30.769+0000] {processor.py:153} INFO - Started process (PID=2779) to work on /home/airflow/.local/lib/python3.7/site-packages/airflow/example_dags/example_branch_datetime_operator.py
[2023-01-19T20:45:30.770+0000] {processor.py:743} INFO - Processing file /home/airflow/.local/lib/python3.7/site-packages/airflow/example_dags/example_branch_datetime_operator.py for tasks to queue
[2023-01-19T20:45:30.771+0000] {logging_mixin.py:137} INFO - [2023-01-19T20:45:30.771+0000] {dagbag.py:538} INFO - Filling up the DagBag from /home/airflow/.local/lib/python3.7/site-packages/airflow/example_dags/example_branch_datetime_operator.py
[2023-01-19T20:45:30.797+0000] {processor.py:753} INFO - DAG(s) dict_keys(['example_branch_datetime_operator_3', 'example_branch_datetime_operator_2', 'example_branch_datetime_operator']) retrieved from /home/airflow/.local/lib/python3.7/site-packages/airflow/example_dags/example_branch_datetime_operator.py
[2023-01-19T20:45:30.860+0000] {logging_mixin.py:137} INFO - [2023-01-19T20:45:30.860+0000] {dag.py:2676} INFO - Sync 3 DAGs
[2023-01-19T20:45:30.896+0000] {logging_mixin.py:137} INFO - [2023-01-19T20:45:30.895+0000] {dag.py:3427} INFO - Setting next_dagrun for example_branch_datetime_operator to 2023-01-18T00:00:00+00:00, run_after=2023-01-19T00:00:00+00:00
[2023-01-19T20:45:30.902+0000] {logging_mixin.py:137} INFO - [2023-01-19T20:45:30.902+0000] {dag.py:3427} INFO - Setting next_dagrun for example_branch_datetime_operator_2 to 2023-01-18T00:00:00+00:00, run_after=2023-01-19T00:00:00+00:00
[2023-01-19T20:45:30.907+0000] {logging_mixin.py:137} INFO - [2023-01-19T20:45:30.907+0000] {dag.py:3427} INFO - Setting next_dagrun for example_branch_datetime_operator_3 to 2023-01-18T00:00:00+00:00, run_after=2023-01-19T00:00:00+00:00
[2023-01-19T20:45:30.945+0000] {processor.py:175} INFO - Processing /home/airflow/.local/lib/python3.7/site-packages/airflow/example_dags/example_branch_datetime_operator.py took 0.180 seconds
[2023-01-19T20:46:01.577+0000] {processor.py:153} INFO - Started process (PID=2858) to work on /home/airflow/.local/lib/python3.7/site-packages/airflow/example_dags/example_branch_datetime_operator.py
[2023-01-19T20:46:01.579+0000] {processor.py:743} INFO - Processing file /home/airflow/.local/lib/python3.7/site-packages/airflow/example_dags/example_branch_datetime_operator.py for tasks to queue
[2023-01-19T20:46:01.580+0000] {logging_mixin.py:137} INFO - [2023-01-19T20:46:01.580+0000] {dagbag.py:538} INFO - Filling up the DagBag from /home/airflow/.local/lib/python3.7/site-packages/airflow/example_dags/example_branch_datetime_operator.py
[2023-01-19T20:46:01.622+0000] {processor.py:753} INFO - DAG(s) dict_keys(['example_branch_datetime_operator_3', 'example_branch_datetime_operator', 'example_branch_datetime_operator_2']) retrieved from /home/airflow/.local/lib/python3.7/site-packages/airflow/example_dags/example_branch_datetime_operator.py
[2023-01-19T20:46:01.694+0000] {logging_mixin.py:137} INFO - [2023-01-19T20:46:01.694+0000] {dag.py:2676} INFO - Sync 3 DAGs
[2023-01-19T20:46:01.739+0000] {logging_mixin.py:137} INFO - [2023-01-19T20:46:01.739+0000] {dag.py:3427} INFO - Setting next_dagrun for example_branch_datetime_operator to 2023-01-18T00:00:00+00:00, run_after=2023-01-19T00:00:00+00:00
[2023-01-19T20:46:01.746+0000] {logging_mixin.py:137} INFO - [2023-01-19T20:46:01.746+0000] {dag.py:3427} INFO - Setting next_dagrun for example_branch_datetime_operator_2 to 2023-01-18T00:00:00+00:00, run_after=2023-01-19T00:00:00+00:00
[2023-01-19T20:46:01.750+0000] {logging_mixin.py:137} INFO - [2023-01-19T20:46:01.750+0000] {dag.py:3427} INFO - Setting next_dagrun for example_branch_datetime_operator_3 to 2023-01-18T00:00:00+00:00, run_after=2023-01-19T00:00:00+00:00
[2023-01-19T20:46:01.775+0000] {processor.py:175} INFO - Processing /home/airflow/.local/lib/python3.7/site-packages/airflow/example_dags/example_branch_datetime_operator.py took 0.201 seconds
[2023-01-19T20:46:31.969+0000] {processor.py:153} INFO - Started process (PID=2930) to work on /home/airflow/.local/lib/python3.7/site-packages/airflow/example_dags/example_branch_datetime_operator.py
[2023-01-19T20:46:31.970+0000] {processor.py:743} INFO - Processing file /home/airflow/.local/lib/python3.7/site-packages/airflow/example_dags/example_branch_datetime_operator.py for tasks to queue
[2023-01-19T20:46:31.971+0000] {logging_mixin.py:137} INFO - [2023-01-19T20:46:31.971+0000] {dagbag.py:538} INFO - Filling up the DagBag from /home/airflow/.local/lib/python3.7/site-packages/airflow/example_dags/example_branch_datetime_operator.py
[2023-01-19T20:46:31.998+0000] {processor.py:753} INFO - DAG(s) dict_keys(['example_branch_datetime_operator_2', 'example_branch_datetime_operator_3', 'example_branch_datetime_operator']) retrieved from /home/airflow/.local/lib/python3.7/site-packages/airflow/example_dags/example_branch_datetime_operator.py
[2023-01-19T20:46:32.057+0000] {logging_mixin.py:137} INFO - [2023-01-19T20:46:32.056+0000] {dag.py:2676} INFO - Sync 3 DAGs
[2023-01-19T20:46:32.095+0000] {logging_mixin.py:137} INFO - [2023-01-19T20:46:32.095+0000] {dag.py:3427} INFO - Setting next_dagrun for example_branch_datetime_operator to 2023-01-18T00:00:00+00:00, run_after=2023-01-19T00:00:00+00:00
[2023-01-19T20:46:32.101+0000] {logging_mixin.py:137} INFO - [2023-01-19T20:46:32.100+0000] {dag.py:3427} INFO - Setting next_dagrun for example_branch_datetime_operator_2 to 2023-01-18T00:00:00+00:00, run_after=2023-01-19T00:00:00+00:00
[2023-01-19T20:46:32.104+0000] {logging_mixin.py:137} INFO - [2023-01-19T20:46:32.104+0000] {dag.py:3427} INFO - Setting next_dagrun for example_branch_datetime_operator_3 to 2023-01-18T00:00:00+00:00, run_after=2023-01-19T00:00:00+00:00
[2023-01-19T20:46:32.129+0000] {processor.py:175} INFO - Processing /home/airflow/.local/lib/python3.7/site-packages/airflow/example_dags/example_branch_datetime_operator.py took 0.165 seconds
[2023-01-19T20:47:02.876+0000] {processor.py:153} INFO - Started process (PID=3009) to work on /home/airflow/.local/lib/python3.7/site-packages/airflow/example_dags/example_branch_datetime_operator.py
[2023-01-19T20:47:02.893+0000] {processor.py:743} INFO - Processing file /home/airflow/.local/lib/python3.7/site-packages/airflow/example_dags/example_branch_datetime_operator.py for tasks to queue
[2023-01-19T20:47:02.894+0000] {logging_mixin.py:137} INFO - [2023-01-19T20:47:02.894+0000] {dagbag.py:538} INFO - Filling up the DagBag from /home/airflow/.local/lib/python3.7/site-packages/airflow/example_dags/example_branch_datetime_operator.py
[2023-01-19T20:47:03.006+0000] {processor.py:753} INFO - DAG(s) dict_keys(['example_branch_datetime_operator_2', 'example_branch_datetime_operator_3', 'example_branch_datetime_operator']) retrieved from /home/airflow/.local/lib/python3.7/site-packages/airflow/example_dags/example_branch_datetime_operator.py
[2023-01-19T20:47:03.174+0000] {logging_mixin.py:137} INFO - [2023-01-19T20:47:03.174+0000] {dag.py:2676} INFO - Sync 3 DAGs
[2023-01-19T20:47:03.320+0000] {logging_mixin.py:137} INFO - [2023-01-19T20:47:03.320+0000] {dag.py:3427} INFO - Setting next_dagrun for example_branch_datetime_operator to 2023-01-18T00:00:00+00:00, run_after=2023-01-19T00:00:00+00:00
[2023-01-19T20:47:03.340+0000] {logging_mixin.py:137} INFO - [2023-01-19T20:47:03.340+0000] {dag.py:3427} INFO - Setting next_dagrun for example_branch_datetime_operator_2 to 2023-01-18T00:00:00+00:00, run_after=2023-01-19T00:00:00+00:00
[2023-01-19T20:47:03.358+0000] {logging_mixin.py:137} INFO - [2023-01-19T20:47:03.348+0000] {dag.py:3427} INFO - Setting next_dagrun for example_branch_datetime_operator_3 to 2023-01-18T00:00:00+00:00, run_after=2023-01-19T00:00:00+00:00
[2023-01-19T20:47:03.414+0000] {processor.py:175} INFO - Processing /home/airflow/.local/lib/python3.7/site-packages/airflow/example_dags/example_branch_datetime_operator.py took 0.546 seconds
