[2023-01-19T20:21:31.252+0000] {processor.py:153} INFO - Started process (PID=81) to work on /home/airflow/.local/lib/python3.7/site-packages/airflow/example_dags/example_bash_operator.py
[2023-01-19T20:21:31.253+0000] {processor.py:743} INFO - Processing file /home/airflow/.local/lib/python3.7/site-packages/airflow/example_dags/example_bash_operator.py for tasks to queue
[2023-01-19T20:21:31.254+0000] {logging_mixin.py:137} INFO - [2023-01-19T20:21:31.254+0000] {dagbag.py:538} INFO - Filling up the DagBag from /home/airflow/.local/lib/python3.7/site-packages/airflow/example_dags/example_bash_operator.py
[2023-01-19T20:21:31.292+0000] {processor.py:753} INFO - DAG(s) dict_keys(['example_bash_operator']) retrieved from /home/airflow/.local/lib/python3.7/site-packages/airflow/example_dags/example_bash_operator.py
[2023-01-19T20:21:31.380+0000] {logging_mixin.py:137} INFO - [2023-01-19T20:21:31.380+0000] {dag.py:2676} INFO - Sync 1 DAGs
[2023-01-19T20:21:31.419+0000] {logging_mixin.py:137} INFO - [2023-01-19T20:21:31.418+0000] {dag.py:3427} INFO - Setting next_dagrun for example_bash_operator to 2023-01-18T00:00:00+00:00, run_after=2023-01-19T00:00:00+00:00
[2023-01-19T20:21:31.446+0000] {processor.py:175} INFO - Processing /home/airflow/.local/lib/python3.7/site-packages/airflow/example_dags/example_bash_operator.py took 0.198 seconds
[2023-01-19T20:22:49.111+0000] {processor.py:153} INFO - Started process (PID=81) to work on /home/airflow/.local/lib/python3.7/site-packages/airflow/example_dags/example_bash_operator.py
[2023-01-19T20:22:49.113+0000] {processor.py:743} INFO - Processing file /home/airflow/.local/lib/python3.7/site-packages/airflow/example_dags/example_bash_operator.py for tasks to queue
[2023-01-19T20:22:49.114+0000] {logging_mixin.py:137} INFO - [2023-01-19T20:22:49.114+0000] {dagbag.py:538} INFO - Filling up the DagBag from /home/airflow/.local/lib/python3.7/site-packages/airflow/example_dags/example_bash_operator.py
[2023-01-19T20:22:49.160+0000] {processor.py:753} INFO - DAG(s) dict_keys(['example_bash_operator']) retrieved from /home/airflow/.local/lib/python3.7/site-packages/airflow/example_dags/example_bash_operator.py
[2023-01-19T20:22:49.262+0000] {logging_mixin.py:137} INFO - [2023-01-19T20:22:49.262+0000] {dag.py:2676} INFO - Sync 1 DAGs
[2023-01-19T20:22:49.324+0000] {logging_mixin.py:137} INFO - [2023-01-19T20:22:49.324+0000] {dag.py:3427} INFO - Setting next_dagrun for example_bash_operator to 2023-01-18T00:00:00+00:00, run_after=2023-01-19T00:00:00+00:00
[2023-01-19T20:22:49.373+0000] {processor.py:175} INFO - Processing /home/airflow/.local/lib/python3.7/site-packages/airflow/example_dags/example_bash_operator.py took 0.275 seconds
[2023-01-19T20:23:20.000+0000] {processor.py:153} INFO - Started process (PID=153) to work on /home/airflow/.local/lib/python3.7/site-packages/airflow/example_dags/example_bash_operator.py
[2023-01-19T20:23:20.002+0000] {processor.py:743} INFO - Processing file /home/airflow/.local/lib/python3.7/site-packages/airflow/example_dags/example_bash_operator.py for tasks to queue
[2023-01-19T20:23:20.003+0000] {logging_mixin.py:137} INFO - [2023-01-19T20:23:20.003+0000] {dagbag.py:538} INFO - Filling up the DagBag from /home/airflow/.local/lib/python3.7/site-packages/airflow/example_dags/example_bash_operator.py
[2023-01-19T20:23:20.040+0000] {processor.py:753} INFO - DAG(s) dict_keys(['example_bash_operator']) retrieved from /home/airflow/.local/lib/python3.7/site-packages/airflow/example_dags/example_bash_operator.py
[2023-01-19T20:23:20.136+0000] {logging_mixin.py:137} INFO - [2023-01-19T20:23:20.135+0000] {dag.py:2676} INFO - Sync 1 DAGs
[2023-01-19T20:23:20.189+0000] {logging_mixin.py:137} INFO - [2023-01-19T20:23:20.189+0000] {dag.py:3427} INFO - Setting next_dagrun for example_bash_operator to 2023-01-18T00:00:00+00:00, run_after=2023-01-19T00:00:00+00:00
[2023-01-19T20:23:20.220+0000] {processor.py:175} INFO - Processing /home/airflow/.local/lib/python3.7/site-packages/airflow/example_dags/example_bash_operator.py took 0.225 seconds
[2023-01-19T20:23:50.325+0000] {processor.py:153} INFO - Started process (PID=225) to work on /home/airflow/.local/lib/python3.7/site-packages/airflow/example_dags/example_bash_operator.py
[2023-01-19T20:23:50.326+0000] {processor.py:743} INFO - Processing file /home/airflow/.local/lib/python3.7/site-packages/airflow/example_dags/example_bash_operator.py for tasks to queue
[2023-01-19T20:23:50.327+0000] {logging_mixin.py:137} INFO - [2023-01-19T20:23:50.327+0000] {dagbag.py:538} INFO - Filling up the DagBag from /home/airflow/.local/lib/python3.7/site-packages/airflow/example_dags/example_bash_operator.py
[2023-01-19T20:23:50.352+0000] {processor.py:753} INFO - DAG(s) dict_keys(['example_bash_operator']) retrieved from /home/airflow/.local/lib/python3.7/site-packages/airflow/example_dags/example_bash_operator.py
[2023-01-19T20:23:50.423+0000] {logging_mixin.py:137} INFO - [2023-01-19T20:23:50.423+0000] {dag.py:2676} INFO - Sync 1 DAGs
[2023-01-19T20:23:50.463+0000] {logging_mixin.py:137} INFO - [2023-01-19T20:23:50.462+0000] {dag.py:3427} INFO - Setting next_dagrun for example_bash_operator to 2023-01-18T00:00:00+00:00, run_after=2023-01-19T00:00:00+00:00
[2023-01-19T20:23:50.497+0000] {processor.py:175} INFO - Processing /home/airflow/.local/lib/python3.7/site-packages/airflow/example_dags/example_bash_operator.py took 0.176 seconds
[2023-01-19T20:24:20.605+0000] {processor.py:153} INFO - Started process (PID=307) to work on /home/airflow/.local/lib/python3.7/site-packages/airflow/example_dags/example_bash_operator.py
[2023-01-19T20:24:20.606+0000] {processor.py:743} INFO - Processing file /home/airflow/.local/lib/python3.7/site-packages/airflow/example_dags/example_bash_operator.py for tasks to queue
[2023-01-19T20:24:20.606+0000] {logging_mixin.py:137} INFO - [2023-01-19T20:24:20.606+0000] {dagbag.py:538} INFO - Filling up the DagBag from /home/airflow/.local/lib/python3.7/site-packages/airflow/example_dags/example_bash_operator.py
[2023-01-19T20:24:20.636+0000] {processor.py:753} INFO - DAG(s) dict_keys(['example_bash_operator']) retrieved from /home/airflow/.local/lib/python3.7/site-packages/airflow/example_dags/example_bash_operator.py
[2023-01-19T20:24:20.711+0000] {logging_mixin.py:137} INFO - [2023-01-19T20:24:20.711+0000] {dag.py:2676} INFO - Sync 1 DAGs
[2023-01-19T20:24:20.749+0000] {logging_mixin.py:137} INFO - [2023-01-19T20:24:20.749+0000] {dag.py:3427} INFO - Setting next_dagrun for example_bash_operator to 2023-01-18T00:00:00+00:00, run_after=2023-01-19T00:00:00+00:00
[2023-01-19T20:24:20.777+0000] {processor.py:175} INFO - Processing /home/airflow/.local/lib/python3.7/site-packages/airflow/example_dags/example_bash_operator.py took 0.176 seconds
[2023-01-19T20:24:51.025+0000] {processor.py:153} INFO - Started process (PID=386) to work on /home/airflow/.local/lib/python3.7/site-packages/airflow/example_dags/example_bash_operator.py
[2023-01-19T20:24:51.027+0000] {processor.py:743} INFO - Processing file /home/airflow/.local/lib/python3.7/site-packages/airflow/example_dags/example_bash_operator.py for tasks to queue
[2023-01-19T20:24:51.028+0000] {logging_mixin.py:137} INFO - [2023-01-19T20:24:51.028+0000] {dagbag.py:538} INFO - Filling up the DagBag from /home/airflow/.local/lib/python3.7/site-packages/airflow/example_dags/example_bash_operator.py
[2023-01-19T20:24:51.061+0000] {processor.py:753} INFO - DAG(s) dict_keys(['example_bash_operator']) retrieved from /home/airflow/.local/lib/python3.7/site-packages/airflow/example_dags/example_bash_operator.py
[2023-01-19T20:24:51.132+0000] {logging_mixin.py:137} INFO - [2023-01-19T20:24:51.132+0000] {dag.py:2676} INFO - Sync 1 DAGs
[2023-01-19T20:24:51.174+0000] {logging_mixin.py:137} INFO - [2023-01-19T20:24:51.173+0000] {dag.py:3427} INFO - Setting next_dagrun for example_bash_operator to 2023-01-18T00:00:00+00:00, run_after=2023-01-19T00:00:00+00:00
[2023-01-19T20:24:51.200+0000] {processor.py:175} INFO - Processing /home/airflow/.local/lib/python3.7/site-packages/airflow/example_dags/example_bash_operator.py took 0.181 seconds
[2023-01-19T20:25:21.325+0000] {processor.py:153} INFO - Started process (PID=458) to work on /home/airflow/.local/lib/python3.7/site-packages/airflow/example_dags/example_bash_operator.py
[2023-01-19T20:25:21.327+0000] {processor.py:743} INFO - Processing file /home/airflow/.local/lib/python3.7/site-packages/airflow/example_dags/example_bash_operator.py for tasks to queue
[2023-01-19T20:25:21.328+0000] {logging_mixin.py:137} INFO - [2023-01-19T20:25:21.328+0000] {dagbag.py:538} INFO - Filling up the DagBag from /home/airflow/.local/lib/python3.7/site-packages/airflow/example_dags/example_bash_operator.py
[2023-01-19T20:25:21.362+0000] {processor.py:753} INFO - DAG(s) dict_keys(['example_bash_operator']) retrieved from /home/airflow/.local/lib/python3.7/site-packages/airflow/example_dags/example_bash_operator.py
[2023-01-19T20:25:21.487+0000] {logging_mixin.py:137} INFO - [2023-01-19T20:25:21.487+0000] {dag.py:2676} INFO - Sync 1 DAGs
[2023-01-19T20:25:21.531+0000] {logging_mixin.py:137} INFO - [2023-01-19T20:25:21.530+0000] {dag.py:3427} INFO - Setting next_dagrun for example_bash_operator to 2023-01-18T00:00:00+00:00, run_after=2023-01-19T00:00:00+00:00
[2023-01-19T20:25:21.559+0000] {processor.py:175} INFO - Processing /home/airflow/.local/lib/python3.7/site-packages/airflow/example_dags/example_bash_operator.py took 0.240 seconds
[2023-01-19T20:25:51.841+0000] {processor.py:153} INFO - Started process (PID=530) to work on /home/airflow/.local/lib/python3.7/site-packages/airflow/example_dags/example_bash_operator.py
[2023-01-19T20:25:51.842+0000] {processor.py:743} INFO - Processing file /home/airflow/.local/lib/python3.7/site-packages/airflow/example_dags/example_bash_operator.py for tasks to queue
[2023-01-19T20:25:51.842+0000] {logging_mixin.py:137} INFO - [2023-01-19T20:25:51.842+0000] {dagbag.py:538} INFO - Filling up the DagBag from /home/airflow/.local/lib/python3.7/site-packages/airflow/example_dags/example_bash_operator.py
[2023-01-19T20:25:51.874+0000] {processor.py:753} INFO - DAG(s) dict_keys(['example_bash_operator']) retrieved from /home/airflow/.local/lib/python3.7/site-packages/airflow/example_dags/example_bash_operator.py
[2023-01-19T20:25:51.909+0000] {logging_mixin.py:137} INFO - [2023-01-19T20:25:51.908+0000] {dag.py:2676} INFO - Sync 1 DAGs
[2023-01-19T20:25:51.946+0000] {logging_mixin.py:137} INFO - [2023-01-19T20:25:51.946+0000] {dag.py:3427} INFO - Setting next_dagrun for example_bash_operator to 2023-01-18T00:00:00+00:00, run_after=2023-01-19T00:00:00+00:00
[2023-01-19T20:25:51.975+0000] {processor.py:175} INFO - Processing /home/airflow/.local/lib/python3.7/site-packages/airflow/example_dags/example_bash_operator.py took 0.139 seconds
[2023-01-19T20:27:40.025+0000] {processor.py:153} INFO - Started process (PID=81) to work on /home/airflow/.local/lib/python3.7/site-packages/airflow/example_dags/example_bash_operator.py
[2023-01-19T20:27:40.026+0000] {processor.py:743} INFO - Processing file /home/airflow/.local/lib/python3.7/site-packages/airflow/example_dags/example_bash_operator.py for tasks to queue
[2023-01-19T20:27:40.027+0000] {logging_mixin.py:137} INFO - [2023-01-19T20:27:40.027+0000] {dagbag.py:538} INFO - Filling up the DagBag from /home/airflow/.local/lib/python3.7/site-packages/airflow/example_dags/example_bash_operator.py
[2023-01-19T20:27:40.065+0000] {processor.py:753} INFO - DAG(s) dict_keys(['example_bash_operator']) retrieved from /home/airflow/.local/lib/python3.7/site-packages/airflow/example_dags/example_bash_operator.py
[2023-01-19T20:27:40.262+0000] {logging_mixin.py:137} INFO - [2023-01-19T20:27:40.262+0000] {manager.py:504} INFO - Created Permission View: can delete on DAG:example_bash_operator
[2023-01-19T20:27:40.274+0000] {logging_mixin.py:137} INFO - [2023-01-19T20:27:40.274+0000] {manager.py:504} INFO - Created Permission View: can edit on DAG:example_bash_operator
[2023-01-19T20:27:40.287+0000] {logging_mixin.py:137} INFO - [2023-01-19T20:27:40.287+0000] {manager.py:504} INFO - Created Permission View: can read on DAG:example_bash_operator
[2023-01-19T20:27:40.287+0000] {logging_mixin.py:137} INFO - [2023-01-19T20:27:40.287+0000] {dag.py:2676} INFO - Sync 1 DAGs
[2023-01-19T20:27:40.304+0000] {logging_mixin.py:137} INFO - [2023-01-19T20:27:40.304+0000] {dag.py:2697} INFO - Creating ORM DAG for example_bash_operator
[2023-01-19T20:27:40.321+0000] {logging_mixin.py:137} INFO - [2023-01-19T20:27:40.321+0000] {dag.py:3427} INFO - Setting next_dagrun for example_bash_operator to 2023-01-18T00:00:00+00:00, run_after=2023-01-19T00:00:00+00:00
[2023-01-19T20:27:40.346+0000] {processor.py:175} INFO - Processing /home/airflow/.local/lib/python3.7/site-packages/airflow/example_dags/example_bash_operator.py took 0.326 seconds
[2023-01-19T20:28:10.861+0000] {processor.py:153} INFO - Started process (PID=153) to work on /home/airflow/.local/lib/python3.7/site-packages/airflow/example_dags/example_bash_operator.py
[2023-01-19T20:28:10.862+0000] {processor.py:743} INFO - Processing file /home/airflow/.local/lib/python3.7/site-packages/airflow/example_dags/example_bash_operator.py for tasks to queue
[2023-01-19T20:28:10.865+0000] {logging_mixin.py:137} INFO - [2023-01-19T20:28:10.864+0000] {dagbag.py:538} INFO - Filling up the DagBag from /home/airflow/.local/lib/python3.7/site-packages/airflow/example_dags/example_bash_operator.py
[2023-01-19T20:28:10.909+0000] {processor.py:753} INFO - DAG(s) dict_keys(['example_bash_operator']) retrieved from /home/airflow/.local/lib/python3.7/site-packages/airflow/example_dags/example_bash_operator.py
[2023-01-19T20:28:11.010+0000] {logging_mixin.py:137} INFO - [2023-01-19T20:28:11.010+0000] {dag.py:2676} INFO - Sync 1 DAGs
[2023-01-19T20:28:11.078+0000] {logging_mixin.py:137} INFO - [2023-01-19T20:28:11.077+0000] {dag.py:3427} INFO - Setting next_dagrun for example_bash_operator to 2023-01-18T00:00:00+00:00, run_after=2023-01-19T00:00:00+00:00
[2023-01-19T20:28:11.118+0000] {processor.py:175} INFO - Processing /home/airflow/.local/lib/python3.7/site-packages/airflow/example_dags/example_bash_operator.py took 0.260 seconds
[2023-01-19T20:28:41.968+0000] {processor.py:153} INFO - Started process (PID=241) to work on /home/airflow/.local/lib/python3.7/site-packages/airflow/example_dags/example_bash_operator.py
[2023-01-19T20:28:41.970+0000] {processor.py:743} INFO - Processing file /home/airflow/.local/lib/python3.7/site-packages/airflow/example_dags/example_bash_operator.py for tasks to queue
[2023-01-19T20:28:41.972+0000] {logging_mixin.py:137} INFO - [2023-01-19T20:28:41.971+0000] {dagbag.py:538} INFO - Filling up the DagBag from /home/airflow/.local/lib/python3.7/site-packages/airflow/example_dags/example_bash_operator.py
[2023-01-19T20:28:42.017+0000] {processor.py:753} INFO - DAG(s) dict_keys(['example_bash_operator']) retrieved from /home/airflow/.local/lib/python3.7/site-packages/airflow/example_dags/example_bash_operator.py
[2023-01-19T20:28:42.111+0000] {logging_mixin.py:137} INFO - [2023-01-19T20:28:42.111+0000] {dag.py:2676} INFO - Sync 1 DAGs
[2023-01-19T20:28:42.167+0000] {logging_mixin.py:137} INFO - [2023-01-19T20:28:42.167+0000] {dag.py:3427} INFO - Setting next_dagrun for example_bash_operator to 2023-01-18T00:00:00+00:00, run_after=2023-01-19T00:00:00+00:00
[2023-01-19T20:28:42.203+0000] {processor.py:175} INFO - Processing /home/airflow/.local/lib/python3.7/site-packages/airflow/example_dags/example_bash_operator.py took 0.244 seconds
[2023-01-19T20:29:12.331+0000] {processor.py:153} INFO - Started process (PID=314) to work on /home/airflow/.local/lib/python3.7/site-packages/airflow/example_dags/example_bash_operator.py
[2023-01-19T20:29:12.334+0000] {processor.py:743} INFO - Processing file /home/airflow/.local/lib/python3.7/site-packages/airflow/example_dags/example_bash_operator.py for tasks to queue
[2023-01-19T20:29:12.335+0000] {logging_mixin.py:137} INFO - [2023-01-19T20:29:12.335+0000] {dagbag.py:538} INFO - Filling up the DagBag from /home/airflow/.local/lib/python3.7/site-packages/airflow/example_dags/example_bash_operator.py
[2023-01-19T20:29:12.369+0000] {processor.py:753} INFO - DAG(s) dict_keys(['example_bash_operator']) retrieved from /home/airflow/.local/lib/python3.7/site-packages/airflow/example_dags/example_bash_operator.py
[2023-01-19T20:29:12.456+0000] {logging_mixin.py:137} INFO - [2023-01-19T20:29:12.456+0000] {dag.py:2676} INFO - Sync 1 DAGs
[2023-01-19T20:29:12.501+0000] {logging_mixin.py:137} INFO - [2023-01-19T20:29:12.501+0000] {dag.py:3427} INFO - Setting next_dagrun for example_bash_operator to 2023-01-18T00:00:00+00:00, run_after=2023-01-19T00:00:00+00:00
[2023-01-19T20:29:12.542+0000] {processor.py:175} INFO - Processing /home/airflow/.local/lib/python3.7/site-packages/airflow/example_dags/example_bash_operator.py took 0.215 seconds
[2023-01-19T20:29:42.902+0000] {processor.py:153} INFO - Started process (PID=387) to work on /home/airflow/.local/lib/python3.7/site-packages/airflow/example_dags/example_bash_operator.py
[2023-01-19T20:29:42.903+0000] {processor.py:743} INFO - Processing file /home/airflow/.local/lib/python3.7/site-packages/airflow/example_dags/example_bash_operator.py for tasks to queue
[2023-01-19T20:29:42.905+0000] {logging_mixin.py:137} INFO - [2023-01-19T20:29:42.904+0000] {dagbag.py:538} INFO - Filling up the DagBag from /home/airflow/.local/lib/python3.7/site-packages/airflow/example_dags/example_bash_operator.py
[2023-01-19T20:29:42.942+0000] {processor.py:753} INFO - DAG(s) dict_keys(['example_bash_operator']) retrieved from /home/airflow/.local/lib/python3.7/site-packages/airflow/example_dags/example_bash_operator.py
[2023-01-19T20:29:43.051+0000] {logging_mixin.py:137} INFO - [2023-01-19T20:29:43.050+0000] {dag.py:2676} INFO - Sync 1 DAGs
[2023-01-19T20:29:43.120+0000] {logging_mixin.py:137} INFO - [2023-01-19T20:29:43.120+0000] {dag.py:3427} INFO - Setting next_dagrun for example_bash_operator to 2023-01-18T00:00:00+00:00, run_after=2023-01-19T00:00:00+00:00
[2023-01-19T20:29:43.166+0000] {processor.py:175} INFO - Processing /home/airflow/.local/lib/python3.7/site-packages/airflow/example_dags/example_bash_operator.py took 0.269 seconds
[2023-01-19T20:30:13.314+0000] {processor.py:153} INFO - Started process (PID=459) to work on /home/airflow/.local/lib/python3.7/site-packages/airflow/example_dags/example_bash_operator.py
[2023-01-19T20:30:13.315+0000] {processor.py:743} INFO - Processing file /home/airflow/.local/lib/python3.7/site-packages/airflow/example_dags/example_bash_operator.py for tasks to queue
[2023-01-19T20:30:13.316+0000] {logging_mixin.py:137} INFO - [2023-01-19T20:30:13.316+0000] {dagbag.py:538} INFO - Filling up the DagBag from /home/airflow/.local/lib/python3.7/site-packages/airflow/example_dags/example_bash_operator.py
[2023-01-19T20:30:13.345+0000] {processor.py:753} INFO - DAG(s) dict_keys(['example_bash_operator']) retrieved from /home/airflow/.local/lib/python3.7/site-packages/airflow/example_dags/example_bash_operator.py
[2023-01-19T20:30:13.410+0000] {logging_mixin.py:137} INFO - [2023-01-19T20:30:13.410+0000] {dag.py:2676} INFO - Sync 1 DAGs
[2023-01-19T20:30:13.445+0000] {logging_mixin.py:137} INFO - [2023-01-19T20:30:13.445+0000] {dag.py:3427} INFO - Setting next_dagrun for example_bash_operator to 2023-01-18T00:00:00+00:00, run_after=2023-01-19T00:00:00+00:00
[2023-01-19T20:30:13.469+0000] {processor.py:175} INFO - Processing /home/airflow/.local/lib/python3.7/site-packages/airflow/example_dags/example_bash_operator.py took 0.160 seconds
[2023-01-19T20:30:43.634+0000] {processor.py:153} INFO - Started process (PID=547) to work on /home/airflow/.local/lib/python3.7/site-packages/airflow/example_dags/example_bash_operator.py
[2023-01-19T20:30:43.635+0000] {processor.py:743} INFO - Processing file /home/airflow/.local/lib/python3.7/site-packages/airflow/example_dags/example_bash_operator.py for tasks to queue
[2023-01-19T20:30:43.636+0000] {logging_mixin.py:137} INFO - [2023-01-19T20:30:43.636+0000] {dagbag.py:538} INFO - Filling up the DagBag from /home/airflow/.local/lib/python3.7/site-packages/airflow/example_dags/example_bash_operator.py
[2023-01-19T20:30:43.663+0000] {processor.py:753} INFO - DAG(s) dict_keys(['example_bash_operator']) retrieved from /home/airflow/.local/lib/python3.7/site-packages/airflow/example_dags/example_bash_operator.py
[2023-01-19T20:30:43.738+0000] {logging_mixin.py:137} INFO - [2023-01-19T20:30:43.737+0000] {dag.py:2676} INFO - Sync 1 DAGs
[2023-01-19T20:30:43.773+0000] {logging_mixin.py:137} INFO - [2023-01-19T20:30:43.773+0000] {dag.py:3427} INFO - Setting next_dagrun for example_bash_operator to 2023-01-18T00:00:00+00:00, run_after=2023-01-19T00:00:00+00:00
[2023-01-19T20:30:43.796+0000] {processor.py:175} INFO - Processing /home/airflow/.local/lib/python3.7/site-packages/airflow/example_dags/example_bash_operator.py took 0.168 seconds
[2023-01-19T20:31:15.034+0000] {processor.py:153} INFO - Started process (PID=619) to work on /home/airflow/.local/lib/python3.7/site-packages/airflow/example_dags/example_bash_operator.py
[2023-01-19T20:31:15.049+0000] {processor.py:743} INFO - Processing file /home/airflow/.local/lib/python3.7/site-packages/airflow/example_dags/example_bash_operator.py for tasks to queue
[2023-01-19T20:31:15.050+0000] {logging_mixin.py:137} INFO - [2023-01-19T20:31:15.050+0000] {dagbag.py:538} INFO - Filling up the DagBag from /home/airflow/.local/lib/python3.7/site-packages/airflow/example_dags/example_bash_operator.py
[2023-01-19T20:31:15.094+0000] {processor.py:753} INFO - DAG(s) dict_keys(['example_bash_operator']) retrieved from /home/airflow/.local/lib/python3.7/site-packages/airflow/example_dags/example_bash_operator.py
[2023-01-19T20:31:15.226+0000] {logging_mixin.py:137} INFO - [2023-01-19T20:31:15.226+0000] {dag.py:2676} INFO - Sync 1 DAGs
[2023-01-19T20:31:15.286+0000] {logging_mixin.py:137} INFO - [2023-01-19T20:31:15.286+0000] {dag.py:3427} INFO - Setting next_dagrun for example_bash_operator to 2023-01-18T00:00:00+00:00, run_after=2023-01-19T00:00:00+00:00
[2023-01-19T20:31:15.341+0000] {processor.py:175} INFO - Processing /home/airflow/.local/lib/python3.7/site-packages/airflow/example_dags/example_bash_operator.py took 0.313 seconds
[2023-01-19T20:31:45.522+0000] {processor.py:153} INFO - Started process (PID=691) to work on /home/airflow/.local/lib/python3.7/site-packages/airflow/example_dags/example_bash_operator.py
[2023-01-19T20:31:45.523+0000] {processor.py:743} INFO - Processing file /home/airflow/.local/lib/python3.7/site-packages/airflow/example_dags/example_bash_operator.py for tasks to queue
[2023-01-19T20:31:45.524+0000] {logging_mixin.py:137} INFO - [2023-01-19T20:31:45.524+0000] {dagbag.py:538} INFO - Filling up the DagBag from /home/airflow/.local/lib/python3.7/site-packages/airflow/example_dags/example_bash_operator.py
[2023-01-19T20:31:45.554+0000] {processor.py:753} INFO - DAG(s) dict_keys(['example_bash_operator']) retrieved from /home/airflow/.local/lib/python3.7/site-packages/airflow/example_dags/example_bash_operator.py
[2023-01-19T20:31:45.625+0000] {logging_mixin.py:137} INFO - [2023-01-19T20:31:45.625+0000] {dag.py:2676} INFO - Sync 1 DAGs
[2023-01-19T20:31:45.669+0000] {logging_mixin.py:137} INFO - [2023-01-19T20:31:45.669+0000] {dag.py:3427} INFO - Setting next_dagrun for example_bash_operator to 2023-01-18T00:00:00+00:00, run_after=2023-01-19T00:00:00+00:00
[2023-01-19T20:31:45.700+0000] {processor.py:175} INFO - Processing /home/airflow/.local/lib/python3.7/site-packages/airflow/example_dags/example_bash_operator.py took 0.183 seconds
[2023-01-19T20:32:15.912+0000] {processor.py:153} INFO - Started process (PID=780) to work on /home/airflow/.local/lib/python3.7/site-packages/airflow/example_dags/example_bash_operator.py
[2023-01-19T20:32:15.913+0000] {processor.py:743} INFO - Processing file /home/airflow/.local/lib/python3.7/site-packages/airflow/example_dags/example_bash_operator.py for tasks to queue
[2023-01-19T20:32:15.914+0000] {logging_mixin.py:137} INFO - [2023-01-19T20:32:15.914+0000] {dagbag.py:538} INFO - Filling up the DagBag from /home/airflow/.local/lib/python3.7/site-packages/airflow/example_dags/example_bash_operator.py
[2023-01-19T20:32:15.948+0000] {processor.py:753} INFO - DAG(s) dict_keys(['example_bash_operator']) retrieved from /home/airflow/.local/lib/python3.7/site-packages/airflow/example_dags/example_bash_operator.py
[2023-01-19T20:32:16.022+0000] {logging_mixin.py:137} INFO - [2023-01-19T20:32:16.022+0000] {dag.py:2676} INFO - Sync 1 DAGs
[2023-01-19T20:32:16.065+0000] {logging_mixin.py:137} INFO - [2023-01-19T20:32:16.065+0000] {dag.py:3427} INFO - Setting next_dagrun for example_bash_operator to 2023-01-18T00:00:00+00:00, run_after=2023-01-19T00:00:00+00:00
[2023-01-19T20:32:16.098+0000] {processor.py:175} INFO - Processing /home/airflow/.local/lib/python3.7/site-packages/airflow/example_dags/example_bash_operator.py took 0.191 seconds
[2023-01-19T20:32:46.451+0000] {processor.py:153} INFO - Started process (PID=852) to work on /home/airflow/.local/lib/python3.7/site-packages/airflow/example_dags/example_bash_operator.py
[2023-01-19T20:32:46.452+0000] {processor.py:743} INFO - Processing file /home/airflow/.local/lib/python3.7/site-packages/airflow/example_dags/example_bash_operator.py for tasks to queue
[2023-01-19T20:32:46.453+0000] {logging_mixin.py:137} INFO - [2023-01-19T20:32:46.453+0000] {dagbag.py:538} INFO - Filling up the DagBag from /home/airflow/.local/lib/python3.7/site-packages/airflow/example_dags/example_bash_operator.py
[2023-01-19T20:32:46.483+0000] {processor.py:753} INFO - DAG(s) dict_keys(['example_bash_operator']) retrieved from /home/airflow/.local/lib/python3.7/site-packages/airflow/example_dags/example_bash_operator.py
[2023-01-19T20:32:46.561+0000] {logging_mixin.py:137} INFO - [2023-01-19T20:32:46.561+0000] {dag.py:2676} INFO - Sync 1 DAGs
[2023-01-19T20:32:46.598+0000] {logging_mixin.py:137} INFO - [2023-01-19T20:32:46.598+0000] {dag.py:3427} INFO - Setting next_dagrun for example_bash_operator to 2023-01-18T00:00:00+00:00, run_after=2023-01-19T00:00:00+00:00
[2023-01-19T20:32:46.628+0000] {processor.py:175} INFO - Processing /home/airflow/.local/lib/python3.7/site-packages/airflow/example_dags/example_bash_operator.py took 0.181 seconds
[2023-01-19T20:33:16.660+0000] {processor.py:153} INFO - Started process (PID=924) to work on /home/airflow/.local/lib/python3.7/site-packages/airflow/example_dags/example_bash_operator.py
[2023-01-19T20:33:16.661+0000] {processor.py:743} INFO - Processing file /home/airflow/.local/lib/python3.7/site-packages/airflow/example_dags/example_bash_operator.py for tasks to queue
[2023-01-19T20:33:16.661+0000] {logging_mixin.py:137} INFO - [2023-01-19T20:33:16.661+0000] {dagbag.py:538} INFO - Filling up the DagBag from /home/airflow/.local/lib/python3.7/site-packages/airflow/example_dags/example_bash_operator.py
[2023-01-19T20:33:16.692+0000] {processor.py:753} INFO - DAG(s) dict_keys(['example_bash_operator']) retrieved from /home/airflow/.local/lib/python3.7/site-packages/airflow/example_dags/example_bash_operator.py
[2023-01-19T20:33:16.769+0000] {logging_mixin.py:137} INFO - [2023-01-19T20:33:16.768+0000] {dag.py:2676} INFO - Sync 1 DAGs
[2023-01-19T20:33:16.812+0000] {logging_mixin.py:137} INFO - [2023-01-19T20:33:16.812+0000] {dag.py:3427} INFO - Setting next_dagrun for example_bash_operator to 2023-01-18T00:00:00+00:00, run_after=2023-01-19T00:00:00+00:00
[2023-01-19T20:33:16.839+0000] {processor.py:175} INFO - Processing /home/airflow/.local/lib/python3.7/site-packages/airflow/example_dags/example_bash_operator.py took 0.184 seconds
[2023-01-19T20:33:46.949+0000] {processor.py:153} INFO - Started process (PID=996) to work on /home/airflow/.local/lib/python3.7/site-packages/airflow/example_dags/example_bash_operator.py
[2023-01-19T20:33:46.950+0000] {processor.py:743} INFO - Processing file /home/airflow/.local/lib/python3.7/site-packages/airflow/example_dags/example_bash_operator.py for tasks to queue
[2023-01-19T20:33:46.951+0000] {logging_mixin.py:137} INFO - [2023-01-19T20:33:46.951+0000] {dagbag.py:538} INFO - Filling up the DagBag from /home/airflow/.local/lib/python3.7/site-packages/airflow/example_dags/example_bash_operator.py
[2023-01-19T20:33:46.981+0000] {processor.py:753} INFO - DAG(s) dict_keys(['example_bash_operator']) retrieved from /home/airflow/.local/lib/python3.7/site-packages/airflow/example_dags/example_bash_operator.py
[2023-01-19T20:33:47.047+0000] {logging_mixin.py:137} INFO - [2023-01-19T20:33:47.047+0000] {dag.py:2676} INFO - Sync 1 DAGs
[2023-01-19T20:33:47.080+0000] {logging_mixin.py:137} INFO - [2023-01-19T20:33:47.080+0000] {dag.py:3427} INFO - Setting next_dagrun for example_bash_operator to 2023-01-18T00:00:00+00:00, run_after=2023-01-19T00:00:00+00:00
[2023-01-19T20:33:47.107+0000] {processor.py:175} INFO - Processing /home/airflow/.local/lib/python3.7/site-packages/airflow/example_dags/example_bash_operator.py took 0.162 seconds
[2023-01-19T20:34:17.282+0000] {processor.py:153} INFO - Started process (PID=1084) to work on /home/airflow/.local/lib/python3.7/site-packages/airflow/example_dags/example_bash_operator.py
[2023-01-19T20:34:17.283+0000] {processor.py:743} INFO - Processing file /home/airflow/.local/lib/python3.7/site-packages/airflow/example_dags/example_bash_operator.py for tasks to queue
[2023-01-19T20:34:17.284+0000] {logging_mixin.py:137} INFO - [2023-01-19T20:34:17.283+0000] {dagbag.py:538} INFO - Filling up the DagBag from /home/airflow/.local/lib/python3.7/site-packages/airflow/example_dags/example_bash_operator.py
[2023-01-19T20:34:17.321+0000] {processor.py:753} INFO - DAG(s) dict_keys(['example_bash_operator']) retrieved from /home/airflow/.local/lib/python3.7/site-packages/airflow/example_dags/example_bash_operator.py
[2023-01-19T20:34:17.409+0000] {logging_mixin.py:137} INFO - [2023-01-19T20:34:17.408+0000] {dag.py:2676} INFO - Sync 1 DAGs
[2023-01-19T20:34:17.449+0000] {logging_mixin.py:137} INFO - [2023-01-19T20:34:17.448+0000] {dag.py:3427} INFO - Setting next_dagrun for example_bash_operator to 2023-01-18T00:00:00+00:00, run_after=2023-01-19T00:00:00+00:00
[2023-01-19T20:34:17.473+0000] {processor.py:175} INFO - Processing /home/airflow/.local/lib/python3.7/site-packages/airflow/example_dags/example_bash_operator.py took 0.196 seconds
[2023-01-19T20:34:48.106+0000] {processor.py:153} INFO - Started process (PID=1156) to work on /home/airflow/.local/lib/python3.7/site-packages/airflow/example_dags/example_bash_operator.py
[2023-01-19T20:34:48.108+0000] {processor.py:743} INFO - Processing file /home/airflow/.local/lib/python3.7/site-packages/airflow/example_dags/example_bash_operator.py for tasks to queue
[2023-01-19T20:34:48.108+0000] {logging_mixin.py:137} INFO - [2023-01-19T20:34:48.108+0000] {dagbag.py:538} INFO - Filling up the DagBag from /home/airflow/.local/lib/python3.7/site-packages/airflow/example_dags/example_bash_operator.py
[2023-01-19T20:34:48.143+0000] {processor.py:753} INFO - DAG(s) dict_keys(['example_bash_operator']) retrieved from /home/airflow/.local/lib/python3.7/site-packages/airflow/example_dags/example_bash_operator.py
[2023-01-19T20:34:48.231+0000] {logging_mixin.py:137} INFO - [2023-01-19T20:34:48.231+0000] {dag.py:2676} INFO - Sync 1 DAGs
[2023-01-19T20:34:48.277+0000] {logging_mixin.py:137} INFO - [2023-01-19T20:34:48.276+0000] {dag.py:3427} INFO - Setting next_dagrun for example_bash_operator to 2023-01-18T00:00:00+00:00, run_after=2023-01-19T00:00:00+00:00
[2023-01-19T20:34:48.304+0000] {processor.py:175} INFO - Processing /home/airflow/.local/lib/python3.7/site-packages/airflow/example_dags/example_bash_operator.py took 0.201 seconds
[2023-01-19T20:35:18.873+0000] {processor.py:153} INFO - Started process (PID=1228) to work on /home/airflow/.local/lib/python3.7/site-packages/airflow/example_dags/example_bash_operator.py
[2023-01-19T20:35:18.874+0000] {processor.py:743} INFO - Processing file /home/airflow/.local/lib/python3.7/site-packages/airflow/example_dags/example_bash_operator.py for tasks to queue
[2023-01-19T20:35:18.875+0000] {logging_mixin.py:137} INFO - [2023-01-19T20:35:18.875+0000] {dagbag.py:538} INFO - Filling up the DagBag from /home/airflow/.local/lib/python3.7/site-packages/airflow/example_dags/example_bash_operator.py
[2023-01-19T20:35:18.904+0000] {processor.py:753} INFO - DAG(s) dict_keys(['example_bash_operator']) retrieved from /home/airflow/.local/lib/python3.7/site-packages/airflow/example_dags/example_bash_operator.py
[2023-01-19T20:35:18.976+0000] {logging_mixin.py:137} INFO - [2023-01-19T20:35:18.976+0000] {dag.py:2676} INFO - Sync 1 DAGs
[2023-01-19T20:35:19.034+0000] {logging_mixin.py:137} INFO - [2023-01-19T20:35:19.034+0000] {dag.py:3427} INFO - Setting next_dagrun for example_bash_operator to 2023-01-18T00:00:00+00:00, run_after=2023-01-19T00:00:00+00:00
[2023-01-19T20:35:19.068+0000] {processor.py:175} INFO - Processing /home/airflow/.local/lib/python3.7/site-packages/airflow/example_dags/example_bash_operator.py took 0.199 seconds
[2023-01-19T20:35:49.796+0000] {processor.py:153} INFO - Started process (PID=1316) to work on /home/airflow/.local/lib/python3.7/site-packages/airflow/example_dags/example_bash_operator.py
[2023-01-19T20:35:49.797+0000] {processor.py:743} INFO - Processing file /home/airflow/.local/lib/python3.7/site-packages/airflow/example_dags/example_bash_operator.py for tasks to queue
[2023-01-19T20:35:49.797+0000] {logging_mixin.py:137} INFO - [2023-01-19T20:35:49.797+0000] {dagbag.py:538} INFO - Filling up the DagBag from /home/airflow/.local/lib/python3.7/site-packages/airflow/example_dags/example_bash_operator.py
[2023-01-19T20:35:49.827+0000] {processor.py:753} INFO - DAG(s) dict_keys(['example_bash_operator']) retrieved from /home/airflow/.local/lib/python3.7/site-packages/airflow/example_dags/example_bash_operator.py
[2023-01-19T20:35:49.896+0000] {logging_mixin.py:137} INFO - [2023-01-19T20:35:49.896+0000] {dag.py:2676} INFO - Sync 1 DAGs
[2023-01-19T20:35:49.932+0000] {logging_mixin.py:137} INFO - [2023-01-19T20:35:49.932+0000] {dag.py:3427} INFO - Setting next_dagrun for example_bash_operator to 2023-01-18T00:00:00+00:00, run_after=2023-01-19T00:00:00+00:00
[2023-01-19T20:35:49.960+0000] {processor.py:175} INFO - Processing /home/airflow/.local/lib/python3.7/site-packages/airflow/example_dags/example_bash_operator.py took 0.168 seconds
[2023-01-19T20:36:20.523+0000] {processor.py:153} INFO - Started process (PID=1389) to work on /home/airflow/.local/lib/python3.7/site-packages/airflow/example_dags/example_bash_operator.py
[2023-01-19T20:36:20.525+0000] {processor.py:743} INFO - Processing file /home/airflow/.local/lib/python3.7/site-packages/airflow/example_dags/example_bash_operator.py for tasks to queue
[2023-01-19T20:36:20.526+0000] {logging_mixin.py:137} INFO - [2023-01-19T20:36:20.526+0000] {dagbag.py:538} INFO - Filling up the DagBag from /home/airflow/.local/lib/python3.7/site-packages/airflow/example_dags/example_bash_operator.py
[2023-01-19T20:36:20.562+0000] {processor.py:753} INFO - DAG(s) dict_keys(['example_bash_operator']) retrieved from /home/airflow/.local/lib/python3.7/site-packages/airflow/example_dags/example_bash_operator.py
[2023-01-19T20:36:20.641+0000] {logging_mixin.py:137} INFO - [2023-01-19T20:36:20.640+0000] {dag.py:2676} INFO - Sync 1 DAGs
[2023-01-19T20:36:20.681+0000] {logging_mixin.py:137} INFO - [2023-01-19T20:36:20.681+0000] {dag.py:3427} INFO - Setting next_dagrun for example_bash_operator to 2023-01-18T00:00:00+00:00, run_after=2023-01-19T00:00:00+00:00
[2023-01-19T20:36:20.712+0000] {processor.py:175} INFO - Processing /home/airflow/.local/lib/python3.7/site-packages/airflow/example_dags/example_bash_operator.py took 0.193 seconds
[2023-01-19T20:36:51.351+0000] {processor.py:153} INFO - Started process (PID=1461) to work on /home/airflow/.local/lib/python3.7/site-packages/airflow/example_dags/example_bash_operator.py
[2023-01-19T20:36:51.352+0000] {processor.py:743} INFO - Processing file /home/airflow/.local/lib/python3.7/site-packages/airflow/example_dags/example_bash_operator.py for tasks to queue
[2023-01-19T20:36:51.353+0000] {logging_mixin.py:137} INFO - [2023-01-19T20:36:51.353+0000] {dagbag.py:538} INFO - Filling up the DagBag from /home/airflow/.local/lib/python3.7/site-packages/airflow/example_dags/example_bash_operator.py
[2023-01-19T20:36:51.382+0000] {processor.py:753} INFO - DAG(s) dict_keys(['example_bash_operator']) retrieved from /home/airflow/.local/lib/python3.7/site-packages/airflow/example_dags/example_bash_operator.py
[2023-01-19T20:36:51.451+0000] {logging_mixin.py:137} INFO - [2023-01-19T20:36:51.451+0000] {dag.py:2676} INFO - Sync 1 DAGs
[2023-01-19T20:36:51.487+0000] {logging_mixin.py:137} INFO - [2023-01-19T20:36:51.486+0000] {dag.py:3427} INFO - Setting next_dagrun for example_bash_operator to 2023-01-18T00:00:00+00:00, run_after=2023-01-19T00:00:00+00:00
[2023-01-19T20:36:51.515+0000] {processor.py:175} INFO - Processing /home/airflow/.local/lib/python3.7/site-packages/airflow/example_dags/example_bash_operator.py took 0.169 seconds
[2023-01-19T20:37:22.454+0000] {processor.py:153} INFO - Started process (PID=1549) to work on /home/airflow/.local/lib/python3.7/site-packages/airflow/example_dags/example_bash_operator.py
[2023-01-19T20:37:22.455+0000] {processor.py:743} INFO - Processing file /home/airflow/.local/lib/python3.7/site-packages/airflow/example_dags/example_bash_operator.py for tasks to queue
[2023-01-19T20:37:22.456+0000] {logging_mixin.py:137} INFO - [2023-01-19T20:37:22.456+0000] {dagbag.py:538} INFO - Filling up the DagBag from /home/airflow/.local/lib/python3.7/site-packages/airflow/example_dags/example_bash_operator.py
[2023-01-19T20:37:22.485+0000] {processor.py:753} INFO - DAG(s) dict_keys(['example_bash_operator']) retrieved from /home/airflow/.local/lib/python3.7/site-packages/airflow/example_dags/example_bash_operator.py
[2023-01-19T20:37:22.558+0000] {logging_mixin.py:137} INFO - [2023-01-19T20:37:22.558+0000] {dag.py:2676} INFO - Sync 1 DAGs
[2023-01-19T20:37:22.595+0000] {logging_mixin.py:137} INFO - [2023-01-19T20:37:22.595+0000] {dag.py:3427} INFO - Setting next_dagrun for example_bash_operator to 2023-01-18T00:00:00+00:00, run_after=2023-01-19T00:00:00+00:00
[2023-01-19T20:37:22.625+0000] {processor.py:175} INFO - Processing /home/airflow/.local/lib/python3.7/site-packages/airflow/example_dags/example_bash_operator.py took 0.175 seconds
[2023-01-19T20:37:52.709+0000] {processor.py:153} INFO - Started process (PID=1621) to work on /home/airflow/.local/lib/python3.7/site-packages/airflow/example_dags/example_bash_operator.py
[2023-01-19T20:37:52.710+0000] {processor.py:743} INFO - Processing file /home/airflow/.local/lib/python3.7/site-packages/airflow/example_dags/example_bash_operator.py for tasks to queue
[2023-01-19T20:37:52.710+0000] {logging_mixin.py:137} INFO - [2023-01-19T20:37:52.710+0000] {dagbag.py:538} INFO - Filling up the DagBag from /home/airflow/.local/lib/python3.7/site-packages/airflow/example_dags/example_bash_operator.py
[2023-01-19T20:37:52.736+0000] {processor.py:753} INFO - DAG(s) dict_keys(['example_bash_operator']) retrieved from /home/airflow/.local/lib/python3.7/site-packages/airflow/example_dags/example_bash_operator.py
[2023-01-19T20:37:52.802+0000] {logging_mixin.py:137} INFO - [2023-01-19T20:37:52.801+0000] {dag.py:2676} INFO - Sync 1 DAGs
[2023-01-19T20:37:52.836+0000] {logging_mixin.py:137} INFO - [2023-01-19T20:37:52.836+0000] {dag.py:3427} INFO - Setting next_dagrun for example_bash_operator to 2023-01-18T00:00:00+00:00, run_after=2023-01-19T00:00:00+00:00
[2023-01-19T20:37:52.860+0000] {processor.py:175} INFO - Processing /home/airflow/.local/lib/python3.7/site-packages/airflow/example_dags/example_bash_operator.py took 0.156 seconds
[2023-01-19T20:38:23.091+0000] {processor.py:153} INFO - Started process (PID=1693) to work on /home/airflow/.local/lib/python3.7/site-packages/airflow/example_dags/example_bash_operator.py
[2023-01-19T20:38:23.093+0000] {processor.py:743} INFO - Processing file /home/airflow/.local/lib/python3.7/site-packages/airflow/example_dags/example_bash_operator.py for tasks to queue
[2023-01-19T20:38:23.093+0000] {logging_mixin.py:137} INFO - [2023-01-19T20:38:23.093+0000] {dagbag.py:538} INFO - Filling up the DagBag from /home/airflow/.local/lib/python3.7/site-packages/airflow/example_dags/example_bash_operator.py
[2023-01-19T20:38:23.122+0000] {processor.py:753} INFO - DAG(s) dict_keys(['example_bash_operator']) retrieved from /home/airflow/.local/lib/python3.7/site-packages/airflow/example_dags/example_bash_operator.py
[2023-01-19T20:38:23.193+0000] {logging_mixin.py:137} INFO - [2023-01-19T20:38:23.192+0000] {dag.py:2676} INFO - Sync 1 DAGs
[2023-01-19T20:38:23.233+0000] {logging_mixin.py:137} INFO - [2023-01-19T20:38:23.233+0000] {dag.py:3427} INFO - Setting next_dagrun for example_bash_operator to 2023-01-18T00:00:00+00:00, run_after=2023-01-19T00:00:00+00:00
[2023-01-19T20:38:23.260+0000] {processor.py:175} INFO - Processing /home/airflow/.local/lib/python3.7/site-packages/airflow/example_dags/example_bash_operator.py took 0.175 seconds
[2023-01-19T20:38:54.089+0000] {processor.py:153} INFO - Started process (PID=1781) to work on /home/airflow/.local/lib/python3.7/site-packages/airflow/example_dags/example_bash_operator.py
[2023-01-19T20:38:54.090+0000] {processor.py:743} INFO - Processing file /home/airflow/.local/lib/python3.7/site-packages/airflow/example_dags/example_bash_operator.py for tasks to queue
[2023-01-19T20:38:54.091+0000] {logging_mixin.py:137} INFO - [2023-01-19T20:38:54.091+0000] {dagbag.py:538} INFO - Filling up the DagBag from /home/airflow/.local/lib/python3.7/site-packages/airflow/example_dags/example_bash_operator.py
[2023-01-19T20:38:54.122+0000] {processor.py:753} INFO - DAG(s) dict_keys(['example_bash_operator']) retrieved from /home/airflow/.local/lib/python3.7/site-packages/airflow/example_dags/example_bash_operator.py
[2023-01-19T20:38:54.205+0000] {logging_mixin.py:137} INFO - [2023-01-19T20:38:54.205+0000] {dag.py:2676} INFO - Sync 1 DAGs
[2023-01-19T20:38:54.246+0000] {logging_mixin.py:137} INFO - [2023-01-19T20:38:54.245+0000] {dag.py:3427} INFO - Setting next_dagrun for example_bash_operator to 2023-01-18T00:00:00+00:00, run_after=2023-01-19T00:00:00+00:00
[2023-01-19T20:38:54.272+0000] {processor.py:175} INFO - Processing /home/airflow/.local/lib/python3.7/site-packages/airflow/example_dags/example_bash_operator.py took 0.188 seconds
[2023-01-19T20:39:24.421+0000] {processor.py:153} INFO - Started process (PID=1853) to work on /home/airflow/.local/lib/python3.7/site-packages/airflow/example_dags/example_bash_operator.py
[2023-01-19T20:39:24.422+0000] {processor.py:743} INFO - Processing file /home/airflow/.local/lib/python3.7/site-packages/airflow/example_dags/example_bash_operator.py for tasks to queue
[2023-01-19T20:39:24.423+0000] {logging_mixin.py:137} INFO - [2023-01-19T20:39:24.423+0000] {dagbag.py:538} INFO - Filling up the DagBag from /home/airflow/.local/lib/python3.7/site-packages/airflow/example_dags/example_bash_operator.py
[2023-01-19T20:39:24.449+0000] {processor.py:753} INFO - DAG(s) dict_keys(['example_bash_operator']) retrieved from /home/airflow/.local/lib/python3.7/site-packages/airflow/example_dags/example_bash_operator.py
[2023-01-19T20:39:24.516+0000] {logging_mixin.py:137} INFO - [2023-01-19T20:39:24.515+0000] {dag.py:2676} INFO - Sync 1 DAGs
[2023-01-19T20:39:24.549+0000] {logging_mixin.py:137} INFO - [2023-01-19T20:39:24.549+0000] {dag.py:3427} INFO - Setting next_dagrun for example_bash_operator to 2023-01-18T00:00:00+00:00, run_after=2023-01-19T00:00:00+00:00
[2023-01-19T20:39:24.575+0000] {processor.py:175} INFO - Processing /home/airflow/.local/lib/python3.7/site-packages/airflow/example_dags/example_bash_operator.py took 0.158 seconds
[2023-01-19T20:39:54.634+0000] {processor.py:153} INFO - Started process (PID=1925) to work on /home/airflow/.local/lib/python3.7/site-packages/airflow/example_dags/example_bash_operator.py
[2023-01-19T20:39:54.635+0000] {processor.py:743} INFO - Processing file /home/airflow/.local/lib/python3.7/site-packages/airflow/example_dags/example_bash_operator.py for tasks to queue
[2023-01-19T20:39:54.636+0000] {logging_mixin.py:137} INFO - [2023-01-19T20:39:54.636+0000] {dagbag.py:538} INFO - Filling up the DagBag from /home/airflow/.local/lib/python3.7/site-packages/airflow/example_dags/example_bash_operator.py
[2023-01-19T20:39:54.663+0000] {processor.py:753} INFO - DAG(s) dict_keys(['example_bash_operator']) retrieved from /home/airflow/.local/lib/python3.7/site-packages/airflow/example_dags/example_bash_operator.py
[2023-01-19T20:39:54.733+0000] {logging_mixin.py:137} INFO - [2023-01-19T20:39:54.733+0000] {dag.py:2676} INFO - Sync 1 DAGs
[2023-01-19T20:39:54.769+0000] {logging_mixin.py:137} INFO - [2023-01-19T20:39:54.769+0000] {dag.py:3427} INFO - Setting next_dagrun for example_bash_operator to 2023-01-18T00:00:00+00:00, run_after=2023-01-19T00:00:00+00:00
[2023-01-19T20:39:54.833+0000] {processor.py:175} INFO - Processing /home/airflow/.local/lib/python3.7/site-packages/airflow/example_dags/example_bash_operator.py took 0.203 seconds
[2023-01-19T20:40:25.007+0000] {processor.py:153} INFO - Started process (PID=2007) to work on /home/airflow/.local/lib/python3.7/site-packages/airflow/example_dags/example_bash_operator.py
[2023-01-19T20:40:25.008+0000] {processor.py:743} INFO - Processing file /home/airflow/.local/lib/python3.7/site-packages/airflow/example_dags/example_bash_operator.py for tasks to queue
[2023-01-19T20:40:25.009+0000] {logging_mixin.py:137} INFO - [2023-01-19T20:40:25.009+0000] {dagbag.py:538} INFO - Filling up the DagBag from /home/airflow/.local/lib/python3.7/site-packages/airflow/example_dags/example_bash_operator.py
[2023-01-19T20:40:25.043+0000] {processor.py:753} INFO - DAG(s) dict_keys(['example_bash_operator']) retrieved from /home/airflow/.local/lib/python3.7/site-packages/airflow/example_dags/example_bash_operator.py
[2023-01-19T20:40:25.129+0000] {logging_mixin.py:137} INFO - [2023-01-19T20:40:25.129+0000] {dag.py:2676} INFO - Sync 1 DAGs
[2023-01-19T20:40:25.177+0000] {logging_mixin.py:137} INFO - [2023-01-19T20:40:25.177+0000] {dag.py:3427} INFO - Setting next_dagrun for example_bash_operator to 2023-01-18T00:00:00+00:00, run_after=2023-01-19T00:00:00+00:00
[2023-01-19T20:40:25.206+0000] {processor.py:175} INFO - Processing /home/airflow/.local/lib/python3.7/site-packages/airflow/example_dags/example_bash_operator.py took 0.202 seconds
[2023-01-19T20:40:55.407+0000] {processor.py:153} INFO - Started process (PID=2086) to work on /home/airflow/.local/lib/python3.7/site-packages/airflow/example_dags/example_bash_operator.py
[2023-01-19T20:40:55.409+0000] {processor.py:743} INFO - Processing file /home/airflow/.local/lib/python3.7/site-packages/airflow/example_dags/example_bash_operator.py for tasks to queue
[2023-01-19T20:40:55.410+0000] {logging_mixin.py:137} INFO - [2023-01-19T20:40:55.410+0000] {dagbag.py:538} INFO - Filling up the DagBag from /home/airflow/.local/lib/python3.7/site-packages/airflow/example_dags/example_bash_operator.py
[2023-01-19T20:40:55.438+0000] {processor.py:753} INFO - DAG(s) dict_keys(['example_bash_operator']) retrieved from /home/airflow/.local/lib/python3.7/site-packages/airflow/example_dags/example_bash_operator.py
[2023-01-19T20:40:55.528+0000] {logging_mixin.py:137} INFO - [2023-01-19T20:40:55.528+0000] {dag.py:2676} INFO - Sync 1 DAGs
[2023-01-19T20:40:55.569+0000] {logging_mixin.py:137} INFO - [2023-01-19T20:40:55.569+0000] {dag.py:3427} INFO - Setting next_dagrun for example_bash_operator to 2023-01-18T00:00:00+00:00, run_after=2023-01-19T00:00:00+00:00
[2023-01-19T20:40:55.600+0000] {processor.py:175} INFO - Processing /home/airflow/.local/lib/python3.7/site-packages/airflow/example_dags/example_bash_operator.py took 0.199 seconds
[2023-01-19T20:41:25.759+0000] {processor.py:153} INFO - Started process (PID=2158) to work on /home/airflow/.local/lib/python3.7/site-packages/airflow/example_dags/example_bash_operator.py
[2023-01-19T20:41:25.760+0000] {processor.py:743} INFO - Processing file /home/airflow/.local/lib/python3.7/site-packages/airflow/example_dags/example_bash_operator.py for tasks to queue
[2023-01-19T20:41:25.761+0000] {logging_mixin.py:137} INFO - [2023-01-19T20:41:25.761+0000] {dagbag.py:538} INFO - Filling up the DagBag from /home/airflow/.local/lib/python3.7/site-packages/airflow/example_dags/example_bash_operator.py
[2023-01-19T20:41:25.793+0000] {processor.py:753} INFO - DAG(s) dict_keys(['example_bash_operator']) retrieved from /home/airflow/.local/lib/python3.7/site-packages/airflow/example_dags/example_bash_operator.py
[2023-01-19T20:41:25.868+0000] {logging_mixin.py:137} INFO - [2023-01-19T20:41:25.868+0000] {dag.py:2676} INFO - Sync 1 DAGs
[2023-01-19T20:41:25.901+0000] {logging_mixin.py:137} INFO - [2023-01-19T20:41:25.901+0000] {dag.py:3427} INFO - Setting next_dagrun for example_bash_operator to 2023-01-18T00:00:00+00:00, run_after=2023-01-19T00:00:00+00:00
[2023-01-19T20:41:25.927+0000] {processor.py:175} INFO - Processing /home/airflow/.local/lib/python3.7/site-packages/airflow/example_dags/example_bash_operator.py took 0.172 seconds
[2023-01-19T20:41:56.785+0000] {processor.py:153} INFO - Started process (PID=2230) to work on /home/airflow/.local/lib/python3.7/site-packages/airflow/example_dags/example_bash_operator.py
[2023-01-19T20:41:56.786+0000] {processor.py:743} INFO - Processing file /home/airflow/.local/lib/python3.7/site-packages/airflow/example_dags/example_bash_operator.py for tasks to queue
[2023-01-19T20:41:56.787+0000] {logging_mixin.py:137} INFO - [2023-01-19T20:41:56.787+0000] {dagbag.py:538} INFO - Filling up the DagBag from /home/airflow/.local/lib/python3.7/site-packages/airflow/example_dags/example_bash_operator.py
[2023-01-19T20:41:56.816+0000] {processor.py:753} INFO - DAG(s) dict_keys(['example_bash_operator']) retrieved from /home/airflow/.local/lib/python3.7/site-packages/airflow/example_dags/example_bash_operator.py
[2023-01-19T20:41:56.888+0000] {logging_mixin.py:137} INFO - [2023-01-19T20:41:56.887+0000] {dag.py:2676} INFO - Sync 1 DAGs
[2023-01-19T20:41:56.931+0000] {logging_mixin.py:137} INFO - [2023-01-19T20:41:56.931+0000] {dag.py:3427} INFO - Setting next_dagrun for example_bash_operator to 2023-01-18T00:00:00+00:00, run_after=2023-01-19T00:00:00+00:00
[2023-01-19T20:41:56.958+0000] {processor.py:175} INFO - Processing /home/airflow/.local/lib/python3.7/site-packages/airflow/example_dags/example_bash_operator.py took 0.178 seconds
[2023-01-19T20:42:27.368+0000] {processor.py:153} INFO - Started process (PID=2318) to work on /home/airflow/.local/lib/python3.7/site-packages/airflow/example_dags/example_bash_operator.py
[2023-01-19T20:42:27.370+0000] {processor.py:743} INFO - Processing file /home/airflow/.local/lib/python3.7/site-packages/airflow/example_dags/example_bash_operator.py for tasks to queue
[2023-01-19T20:42:27.371+0000] {logging_mixin.py:137} INFO - [2023-01-19T20:42:27.371+0000] {dagbag.py:538} INFO - Filling up the DagBag from /home/airflow/.local/lib/python3.7/site-packages/airflow/example_dags/example_bash_operator.py
[2023-01-19T20:42:27.404+0000] {processor.py:753} INFO - DAG(s) dict_keys(['example_bash_operator']) retrieved from /home/airflow/.local/lib/python3.7/site-packages/airflow/example_dags/example_bash_operator.py
[2023-01-19T20:42:27.483+0000] {logging_mixin.py:137} INFO - [2023-01-19T20:42:27.483+0000] {dag.py:2676} INFO - Sync 1 DAGs
[2023-01-19T20:42:27.527+0000] {logging_mixin.py:137} INFO - [2023-01-19T20:42:27.527+0000] {dag.py:3427} INFO - Setting next_dagrun for example_bash_operator to 2023-01-18T00:00:00+00:00, run_after=2023-01-19T00:00:00+00:00
[2023-01-19T20:42:27.558+0000] {processor.py:175} INFO - Processing /home/airflow/.local/lib/python3.7/site-packages/airflow/example_dags/example_bash_operator.py took 0.195 seconds
[2023-01-19T20:42:58.103+0000] {processor.py:153} INFO - Started process (PID=2390) to work on /home/airflow/.local/lib/python3.7/site-packages/airflow/example_dags/example_bash_operator.py
[2023-01-19T20:42:58.105+0000] {processor.py:743} INFO - Processing file /home/airflow/.local/lib/python3.7/site-packages/airflow/example_dags/example_bash_operator.py for tasks to queue
[2023-01-19T20:42:58.105+0000] {logging_mixin.py:137} INFO - [2023-01-19T20:42:58.105+0000] {dagbag.py:538} INFO - Filling up the DagBag from /home/airflow/.local/lib/python3.7/site-packages/airflow/example_dags/example_bash_operator.py
[2023-01-19T20:42:58.134+0000] {processor.py:753} INFO - DAG(s) dict_keys(['example_bash_operator']) retrieved from /home/airflow/.local/lib/python3.7/site-packages/airflow/example_dags/example_bash_operator.py
[2023-01-19T20:42:58.211+0000] {logging_mixin.py:137} INFO - [2023-01-19T20:42:58.211+0000] {dag.py:2676} INFO - Sync 1 DAGs
[2023-01-19T20:42:58.247+0000] {logging_mixin.py:137} INFO - [2023-01-19T20:42:58.246+0000] {dag.py:3427} INFO - Setting next_dagrun for example_bash_operator to 2023-01-18T00:00:00+00:00, run_after=2023-01-19T00:00:00+00:00
[2023-01-19T20:42:58.276+0000] {processor.py:175} INFO - Processing /home/airflow/.local/lib/python3.7/site-packages/airflow/example_dags/example_bash_operator.py took 0.177 seconds
[2023-01-19T20:43:28.627+0000] {processor.py:153} INFO - Started process (PID=2463) to work on /home/airflow/.local/lib/python3.7/site-packages/airflow/example_dags/example_bash_operator.py
[2023-01-19T20:43:28.628+0000] {processor.py:743} INFO - Processing file /home/airflow/.local/lib/python3.7/site-packages/airflow/example_dags/example_bash_operator.py for tasks to queue
[2023-01-19T20:43:28.628+0000] {logging_mixin.py:137} INFO - [2023-01-19T20:43:28.628+0000] {dagbag.py:538} INFO - Filling up the DagBag from /home/airflow/.local/lib/python3.7/site-packages/airflow/example_dags/example_bash_operator.py
[2023-01-19T20:43:28.667+0000] {processor.py:753} INFO - DAG(s) dict_keys(['example_bash_operator']) retrieved from /home/airflow/.local/lib/python3.7/site-packages/airflow/example_dags/example_bash_operator.py
[2023-01-19T20:43:28.769+0000] {logging_mixin.py:137} INFO - [2023-01-19T20:43:28.768+0000] {dag.py:2676} INFO - Sync 1 DAGs
[2023-01-19T20:43:28.816+0000] {logging_mixin.py:137} INFO - [2023-01-19T20:43:28.816+0000] {dag.py:3427} INFO - Setting next_dagrun for example_bash_operator to 2023-01-18T00:00:00+00:00, run_after=2023-01-19T00:00:00+00:00
[2023-01-19T20:43:28.850+0000] {processor.py:175} INFO - Processing /home/airflow/.local/lib/python3.7/site-packages/airflow/example_dags/example_bash_operator.py took 0.231 seconds
[2023-01-19T20:43:59.261+0000] {processor.py:153} INFO - Started process (PID=2552) to work on /home/airflow/.local/lib/python3.7/site-packages/airflow/example_dags/example_bash_operator.py
[2023-01-19T20:43:59.265+0000] {processor.py:743} INFO - Processing file /home/airflow/.local/lib/python3.7/site-packages/airflow/example_dags/example_bash_operator.py for tasks to queue
[2023-01-19T20:43:59.266+0000] {logging_mixin.py:137} INFO - [2023-01-19T20:43:59.266+0000] {dagbag.py:538} INFO - Filling up the DagBag from /home/airflow/.local/lib/python3.7/site-packages/airflow/example_dags/example_bash_operator.py
[2023-01-19T20:43:59.311+0000] {processor.py:753} INFO - DAG(s) dict_keys(['example_bash_operator']) retrieved from /home/airflow/.local/lib/python3.7/site-packages/airflow/example_dags/example_bash_operator.py
[2023-01-19T20:43:59.400+0000] {logging_mixin.py:137} INFO - [2023-01-19T20:43:59.400+0000] {dag.py:2676} INFO - Sync 1 DAGs
[2023-01-19T20:43:59.443+0000] {logging_mixin.py:137} INFO - [2023-01-19T20:43:59.443+0000] {dag.py:3427} INFO - Setting next_dagrun for example_bash_operator to 2023-01-18T00:00:00+00:00, run_after=2023-01-19T00:00:00+00:00
[2023-01-19T20:43:59.476+0000] {processor.py:175} INFO - Processing /home/airflow/.local/lib/python3.7/site-packages/airflow/example_dags/example_bash_operator.py took 0.223 seconds
[2023-01-19T20:44:29.585+0000] {processor.py:153} INFO - Started process (PID=2624) to work on /home/airflow/.local/lib/python3.7/site-packages/airflow/example_dags/example_bash_operator.py
[2023-01-19T20:44:29.587+0000] {processor.py:743} INFO - Processing file /home/airflow/.local/lib/python3.7/site-packages/airflow/example_dags/example_bash_operator.py for tasks to queue
[2023-01-19T20:44:29.587+0000] {logging_mixin.py:137} INFO - [2023-01-19T20:44:29.587+0000] {dagbag.py:538} INFO - Filling up the DagBag from /home/airflow/.local/lib/python3.7/site-packages/airflow/example_dags/example_bash_operator.py
[2023-01-19T20:44:29.616+0000] {processor.py:753} INFO - DAG(s) dict_keys(['example_bash_operator']) retrieved from /home/airflow/.local/lib/python3.7/site-packages/airflow/example_dags/example_bash_operator.py
[2023-01-19T20:44:29.691+0000] {logging_mixin.py:137} INFO - [2023-01-19T20:44:29.690+0000] {dag.py:2676} INFO - Sync 1 DAGs
[2023-01-19T20:44:29.725+0000] {logging_mixin.py:137} INFO - [2023-01-19T20:44:29.725+0000] {dag.py:3427} INFO - Setting next_dagrun for example_bash_operator to 2023-01-18T00:00:00+00:00, run_after=2023-01-19T00:00:00+00:00
[2023-01-19T20:44:29.752+0000] {processor.py:175} INFO - Processing /home/airflow/.local/lib/python3.7/site-packages/airflow/example_dags/example_bash_operator.py took 0.171 seconds
[2023-01-19T20:45:00.305+0000] {processor.py:153} INFO - Started process (PID=2697) to work on /home/airflow/.local/lib/python3.7/site-packages/airflow/example_dags/example_bash_operator.py
[2023-01-19T20:45:00.307+0000] {processor.py:743} INFO - Processing file /home/airflow/.local/lib/python3.7/site-packages/airflow/example_dags/example_bash_operator.py for tasks to queue
[2023-01-19T20:45:00.308+0000] {logging_mixin.py:137} INFO - [2023-01-19T20:45:00.308+0000] {dagbag.py:538} INFO - Filling up the DagBag from /home/airflow/.local/lib/python3.7/site-packages/airflow/example_dags/example_bash_operator.py
[2023-01-19T20:45:00.342+0000] {processor.py:753} INFO - DAG(s) dict_keys(['example_bash_operator']) retrieved from /home/airflow/.local/lib/python3.7/site-packages/airflow/example_dags/example_bash_operator.py
[2023-01-19T20:45:00.421+0000] {logging_mixin.py:137} INFO - [2023-01-19T20:45:00.421+0000] {dag.py:2676} INFO - Sync 1 DAGs
[2023-01-19T20:45:00.463+0000] {logging_mixin.py:137} INFO - [2023-01-19T20:45:00.463+0000] {dag.py:3427} INFO - Setting next_dagrun for example_bash_operator to 2023-01-18T00:00:00+00:00, run_after=2023-01-19T00:00:00+00:00
[2023-01-19T20:45:00.490+0000] {processor.py:175} INFO - Processing /home/airflow/.local/lib/python3.7/site-packages/airflow/example_dags/example_bash_operator.py took 0.191 seconds
[2023-01-19T20:45:30.764+0000] {processor.py:153} INFO - Started process (PID=2778) to work on /home/airflow/.local/lib/python3.7/site-packages/airflow/example_dags/example_bash_operator.py
[2023-01-19T20:45:30.765+0000] {processor.py:743} INFO - Processing file /home/airflow/.local/lib/python3.7/site-packages/airflow/example_dags/example_bash_operator.py for tasks to queue
[2023-01-19T20:45:30.766+0000] {logging_mixin.py:137} INFO - [2023-01-19T20:45:30.766+0000] {dagbag.py:538} INFO - Filling up the DagBag from /home/airflow/.local/lib/python3.7/site-packages/airflow/example_dags/example_bash_operator.py
[2023-01-19T20:45:30.796+0000] {processor.py:753} INFO - DAG(s) dict_keys(['example_bash_operator']) retrieved from /home/airflow/.local/lib/python3.7/site-packages/airflow/example_dags/example_bash_operator.py
[2023-01-19T20:45:30.868+0000] {logging_mixin.py:137} INFO - [2023-01-19T20:45:30.868+0000] {dag.py:2676} INFO - Sync 1 DAGs
[2023-01-19T20:45:30.908+0000] {logging_mixin.py:137} INFO - [2023-01-19T20:45:30.908+0000] {dag.py:3427} INFO - Setting next_dagrun for example_bash_operator to 2023-01-18T00:00:00+00:00, run_after=2023-01-19T00:00:00+00:00
[2023-01-19T20:45:30.950+0000] {processor.py:175} INFO - Processing /home/airflow/.local/lib/python3.7/site-packages/airflow/example_dags/example_bash_operator.py took 0.189 seconds
[2023-01-19T20:46:01.572+0000] {processor.py:153} INFO - Started process (PID=2857) to work on /home/airflow/.local/lib/python3.7/site-packages/airflow/example_dags/example_bash_operator.py
[2023-01-19T20:46:01.573+0000] {processor.py:743} INFO - Processing file /home/airflow/.local/lib/python3.7/site-packages/airflow/example_dags/example_bash_operator.py for tasks to queue
[2023-01-19T20:46:01.574+0000] {logging_mixin.py:137} INFO - [2023-01-19T20:46:01.574+0000] {dagbag.py:538} INFO - Filling up the DagBag from /home/airflow/.local/lib/python3.7/site-packages/airflow/example_dags/example_bash_operator.py
[2023-01-19T20:46:01.620+0000] {processor.py:753} INFO - DAG(s) dict_keys(['example_bash_operator']) retrieved from /home/airflow/.local/lib/python3.7/site-packages/airflow/example_dags/example_bash_operator.py
[2023-01-19T20:46:01.708+0000] {logging_mixin.py:137} INFO - [2023-01-19T20:46:01.708+0000] {dag.py:2676} INFO - Sync 1 DAGs
[2023-01-19T20:46:01.750+0000] {logging_mixin.py:137} INFO - [2023-01-19T20:46:01.750+0000] {dag.py:3427} INFO - Setting next_dagrun for example_bash_operator to 2023-01-18T00:00:00+00:00, run_after=2023-01-19T00:00:00+00:00
[2023-01-19T20:46:01.777+0000] {processor.py:175} INFO - Processing /home/airflow/.local/lib/python3.7/site-packages/airflow/example_dags/example_bash_operator.py took 0.209 seconds
[2023-01-19T20:46:31.964+0000] {processor.py:153} INFO - Started process (PID=2929) to work on /home/airflow/.local/lib/python3.7/site-packages/airflow/example_dags/example_bash_operator.py
[2023-01-19T20:46:31.965+0000] {processor.py:743} INFO - Processing file /home/airflow/.local/lib/python3.7/site-packages/airflow/example_dags/example_bash_operator.py for tasks to queue
[2023-01-19T20:46:31.966+0000] {logging_mixin.py:137} INFO - [2023-01-19T20:46:31.966+0000] {dagbag.py:538} INFO - Filling up the DagBag from /home/airflow/.local/lib/python3.7/site-packages/airflow/example_dags/example_bash_operator.py
[2023-01-19T20:46:32.000+0000] {processor.py:753} INFO - DAG(s) dict_keys(['example_bash_operator']) retrieved from /home/airflow/.local/lib/python3.7/site-packages/airflow/example_dags/example_bash_operator.py
[2023-01-19T20:46:32.071+0000] {logging_mixin.py:137} INFO - [2023-01-19T20:46:32.071+0000] {dag.py:2676} INFO - Sync 1 DAGs
[2023-01-19T20:46:32.107+0000] {logging_mixin.py:137} INFO - [2023-01-19T20:46:32.106+0000] {dag.py:3427} INFO - Setting next_dagrun for example_bash_operator to 2023-01-18T00:00:00+00:00, run_after=2023-01-19T00:00:00+00:00
[2023-01-19T20:46:32.134+0000] {processor.py:175} INFO - Processing /home/airflow/.local/lib/python3.7/site-packages/airflow/example_dags/example_bash_operator.py took 0.175 seconds
[2023-01-19T20:47:02.859+0000] {processor.py:153} INFO - Started process (PID=3008) to work on /home/airflow/.local/lib/python3.7/site-packages/airflow/example_dags/example_bash_operator.py
[2023-01-19T20:47:02.862+0000] {processor.py:743} INFO - Processing file /home/airflow/.local/lib/python3.7/site-packages/airflow/example_dags/example_bash_operator.py for tasks to queue
[2023-01-19T20:47:02.864+0000] {logging_mixin.py:137} INFO - [2023-01-19T20:47:02.863+0000] {dagbag.py:538} INFO - Filling up the DagBag from /home/airflow/.local/lib/python3.7/site-packages/airflow/example_dags/example_bash_operator.py
[2023-01-19T20:47:02.962+0000] {processor.py:753} INFO - DAG(s) dict_keys(['example_bash_operator']) retrieved from /home/airflow/.local/lib/python3.7/site-packages/airflow/example_dags/example_bash_operator.py
[2023-01-19T20:47:03.197+0000] {logging_mixin.py:137} INFO - [2023-01-19T20:47:03.197+0000] {dag.py:2676} INFO - Sync 1 DAGs
[2023-01-19T20:47:03.334+0000] {logging_mixin.py:137} INFO - [2023-01-19T20:47:03.332+0000] {dag.py:3427} INFO - Setting next_dagrun for example_bash_operator to 2023-01-18T00:00:00+00:00, run_after=2023-01-19T00:00:00+00:00
[2023-01-19T20:47:03.407+0000] {processor.py:175} INFO - Processing /home/airflow/.local/lib/python3.7/site-packages/airflow/example_dags/example_bash_operator.py took 0.559 seconds
