[2023-01-19T20:21:32.378+0000] {processor.py:153} INFO - Started process (PID=91) to work on /home/airflow/.local/lib/python3.7/site-packages/airflow/example_dags/example_xcomargs.py
[2023-01-19T20:21:32.379+0000] {processor.py:743} INFO - Processing file /home/airflow/.local/lib/python3.7/site-packages/airflow/example_dags/example_xcomargs.py for tasks to queue
[2023-01-19T20:21:32.380+0000] {logging_mixin.py:137} INFO - [2023-01-19T20:21:32.380+0000] {dagbag.py:538} INFO - Filling up the DagBag from /home/airflow/.local/lib/python3.7/site-packages/airflow/example_dags/example_xcomargs.py
[2023-01-19T20:21:32.410+0000] {processor.py:753} INFO - DAG(s) dict_keys(['example_xcom_args', 'example_xcom_args_with_operators']) retrieved from /home/airflow/.local/lib/python3.7/site-packages/airflow/example_dags/example_xcomargs.py
[2023-01-19T20:21:32.457+0000] {logging_mixin.py:137} INFO - [2023-01-19T20:21:32.457+0000] {dag.py:2676} INFO - Sync 2 DAGs
[2023-01-19T20:21:32.491+0000] {logging_mixin.py:137} INFO - [2023-01-19T20:21:32.491+0000] {dag.py:3427} INFO - Setting next_dagrun for example_xcom_args to None, run_after=None
[2023-01-19T20:21:32.495+0000] {logging_mixin.py:137} INFO - [2023-01-19T20:21:32.495+0000] {dag.py:3427} INFO - Setting next_dagrun for example_xcom_args_with_operators to None, run_after=None
[2023-01-19T20:21:32.516+0000] {processor.py:175} INFO - Processing /home/airflow/.local/lib/python3.7/site-packages/airflow/example_dags/example_xcomargs.py took 0.141 seconds
[2023-01-19T20:22:50.414+0000] {processor.py:153} INFO - Started process (PID=91) to work on /home/airflow/.local/lib/python3.7/site-packages/airflow/example_dags/example_xcomargs.py
[2023-01-19T20:22:50.415+0000] {processor.py:743} INFO - Processing file /home/airflow/.local/lib/python3.7/site-packages/airflow/example_dags/example_xcomargs.py for tasks to queue
[2023-01-19T20:22:50.416+0000] {logging_mixin.py:137} INFO - [2023-01-19T20:22:50.416+0000] {dagbag.py:538} INFO - Filling up the DagBag from /home/airflow/.local/lib/python3.7/site-packages/airflow/example_dags/example_xcomargs.py
[2023-01-19T20:22:50.457+0000] {processor.py:753} INFO - DAG(s) dict_keys(['example_xcom_args', 'example_xcom_args_with_operators']) retrieved from /home/airflow/.local/lib/python3.7/site-packages/airflow/example_dags/example_xcomargs.py
[2023-01-19T20:22:50.531+0000] {logging_mixin.py:137} INFO - [2023-01-19T20:22:50.531+0000] {dag.py:2676} INFO - Sync 2 DAGs
[2023-01-19T20:22:50.568+0000] {logging_mixin.py:137} INFO - [2023-01-19T20:22:50.567+0000] {dag.py:3427} INFO - Setting next_dagrun for example_xcom_args to None, run_after=None
[2023-01-19T20:22:50.572+0000] {logging_mixin.py:137} INFO - [2023-01-19T20:22:50.572+0000] {dag.py:3427} INFO - Setting next_dagrun for example_xcom_args_with_operators to None, run_after=None
[2023-01-19T20:22:50.596+0000] {processor.py:175} INFO - Processing /home/airflow/.local/lib/python3.7/site-packages/airflow/example_dags/example_xcomargs.py took 0.188 seconds
[2023-01-19T20:23:21.077+0000] {processor.py:153} INFO - Started process (PID=163) to work on /home/airflow/.local/lib/python3.7/site-packages/airflow/example_dags/example_xcomargs.py
[2023-01-19T20:23:21.079+0000] {processor.py:743} INFO - Processing file /home/airflow/.local/lib/python3.7/site-packages/airflow/example_dags/example_xcomargs.py for tasks to queue
[2023-01-19T20:23:21.080+0000] {logging_mixin.py:137} INFO - [2023-01-19T20:23:21.080+0000] {dagbag.py:538} INFO - Filling up the DagBag from /home/airflow/.local/lib/python3.7/site-packages/airflow/example_dags/example_xcomargs.py
[2023-01-19T20:23:21.115+0000] {processor.py:753} INFO - DAG(s) dict_keys(['example_xcom_args_with_operators', 'example_xcom_args']) retrieved from /home/airflow/.local/lib/python3.7/site-packages/airflow/example_dags/example_xcomargs.py
[2023-01-19T20:23:21.179+0000] {logging_mixin.py:137} INFO - [2023-01-19T20:23:21.179+0000] {dag.py:2676} INFO - Sync 2 DAGs
[2023-01-19T20:23:21.220+0000] {logging_mixin.py:137} INFO - [2023-01-19T20:23:21.220+0000] {dag.py:3427} INFO - Setting next_dagrun for example_xcom_args to None, run_after=None
[2023-01-19T20:23:21.227+0000] {logging_mixin.py:137} INFO - [2023-01-19T20:23:21.227+0000] {dag.py:3427} INFO - Setting next_dagrun for example_xcom_args_with_operators to None, run_after=None
[2023-01-19T20:23:21.260+0000] {processor.py:175} INFO - Processing /home/airflow/.local/lib/python3.7/site-packages/airflow/example_dags/example_xcomargs.py took 0.186 seconds
[2023-01-19T20:23:51.473+0000] {processor.py:153} INFO - Started process (PID=235) to work on /home/airflow/.local/lib/python3.7/site-packages/airflow/example_dags/example_xcomargs.py
[2023-01-19T20:23:51.474+0000] {processor.py:743} INFO - Processing file /home/airflow/.local/lib/python3.7/site-packages/airflow/example_dags/example_xcomargs.py for tasks to queue
[2023-01-19T20:23:51.475+0000] {logging_mixin.py:137} INFO - [2023-01-19T20:23:51.475+0000] {dagbag.py:538} INFO - Filling up the DagBag from /home/airflow/.local/lib/python3.7/site-packages/airflow/example_dags/example_xcomargs.py
[2023-01-19T20:23:51.506+0000] {processor.py:753} INFO - DAG(s) dict_keys(['example_xcom_args', 'example_xcom_args_with_operators']) retrieved from /home/airflow/.local/lib/python3.7/site-packages/airflow/example_dags/example_xcomargs.py
[2023-01-19T20:23:51.558+0000] {logging_mixin.py:137} INFO - [2023-01-19T20:23:51.558+0000] {dag.py:2676} INFO - Sync 2 DAGs
[2023-01-19T20:23:51.592+0000] {logging_mixin.py:137} INFO - [2023-01-19T20:23:51.592+0000] {dag.py:3427} INFO - Setting next_dagrun for example_xcom_args to None, run_after=None
[2023-01-19T20:23:51.597+0000] {logging_mixin.py:137} INFO - [2023-01-19T20:23:51.596+0000] {dag.py:3427} INFO - Setting next_dagrun for example_xcom_args_with_operators to None, run_after=None
[2023-01-19T20:23:51.621+0000] {processor.py:175} INFO - Processing /home/airflow/.local/lib/python3.7/site-packages/airflow/example_dags/example_xcomargs.py took 0.152 seconds
[2023-01-19T20:24:21.952+0000] {processor.py:153} INFO - Started process (PID=324) to work on /home/airflow/.local/lib/python3.7/site-packages/airflow/example_dags/example_xcomargs.py
[2023-01-19T20:24:21.954+0000] {processor.py:743} INFO - Processing file /home/airflow/.local/lib/python3.7/site-packages/airflow/example_dags/example_xcomargs.py for tasks to queue
[2023-01-19T20:24:21.954+0000] {logging_mixin.py:137} INFO - [2023-01-19T20:24:21.954+0000] {dagbag.py:538} INFO - Filling up the DagBag from /home/airflow/.local/lib/python3.7/site-packages/airflow/example_dags/example_xcomargs.py
[2023-01-19T20:24:21.992+0000] {processor.py:753} INFO - DAG(s) dict_keys(['example_xcom_args', 'example_xcom_args_with_operators']) retrieved from /home/airflow/.local/lib/python3.7/site-packages/airflow/example_dags/example_xcomargs.py
[2023-01-19T20:24:22.051+0000] {logging_mixin.py:137} INFO - [2023-01-19T20:24:22.051+0000] {dag.py:2676} INFO - Sync 2 DAGs
[2023-01-19T20:24:22.088+0000] {logging_mixin.py:137} INFO - [2023-01-19T20:24:22.088+0000] {dag.py:3427} INFO - Setting next_dagrun for example_xcom_args to None, run_after=None
[2023-01-19T20:24:22.092+0000] {logging_mixin.py:137} INFO - [2023-01-19T20:24:22.092+0000] {dag.py:3427} INFO - Setting next_dagrun for example_xcom_args_with_operators to None, run_after=None
[2023-01-19T20:24:22.115+0000] {processor.py:175} INFO - Processing /home/airflow/.local/lib/python3.7/site-packages/airflow/example_dags/example_xcomargs.py took 0.167 seconds
[2023-01-19T20:24:52.228+0000] {processor.py:153} INFO - Started process (PID=397) to work on /home/airflow/.local/lib/python3.7/site-packages/airflow/example_dags/example_xcomargs.py
[2023-01-19T20:24:52.229+0000] {processor.py:743} INFO - Processing file /home/airflow/.local/lib/python3.7/site-packages/airflow/example_dags/example_xcomargs.py for tasks to queue
[2023-01-19T20:24:52.231+0000] {logging_mixin.py:137} INFO - [2023-01-19T20:24:52.231+0000] {dagbag.py:538} INFO - Filling up the DagBag from /home/airflow/.local/lib/python3.7/site-packages/airflow/example_dags/example_xcomargs.py
[2023-01-19T20:24:52.269+0000] {processor.py:753} INFO - DAG(s) dict_keys(['example_xcom_args', 'example_xcom_args_with_operators']) retrieved from /home/airflow/.local/lib/python3.7/site-packages/airflow/example_dags/example_xcomargs.py
[2023-01-19T20:24:52.319+0000] {logging_mixin.py:137} INFO - [2023-01-19T20:24:52.319+0000] {dag.py:2676} INFO - Sync 2 DAGs
[2023-01-19T20:24:52.354+0000] {logging_mixin.py:137} INFO - [2023-01-19T20:24:52.353+0000] {dag.py:3427} INFO - Setting next_dagrun for example_xcom_args to None, run_after=None
[2023-01-19T20:24:52.358+0000] {logging_mixin.py:137} INFO - [2023-01-19T20:24:52.358+0000] {dag.py:3427} INFO - Setting next_dagrun for example_xcom_args_with_operators to None, run_after=None
[2023-01-19T20:24:52.380+0000] {processor.py:175} INFO - Processing /home/airflow/.local/lib/python3.7/site-packages/airflow/example_dags/example_xcomargs.py took 0.157 seconds
[2023-01-19T20:25:22.550+0000] {processor.py:153} INFO - Started process (PID=470) to work on /home/airflow/.local/lib/python3.7/site-packages/airflow/example_dags/example_xcomargs.py
[2023-01-19T20:25:22.551+0000] {processor.py:743} INFO - Processing file /home/airflow/.local/lib/python3.7/site-packages/airflow/example_dags/example_xcomargs.py for tasks to queue
[2023-01-19T20:25:22.552+0000] {logging_mixin.py:137} INFO - [2023-01-19T20:25:22.552+0000] {dagbag.py:538} INFO - Filling up the DagBag from /home/airflow/.local/lib/python3.7/site-packages/airflow/example_dags/example_xcomargs.py
[2023-01-19T20:25:22.583+0000] {processor.py:753} INFO - DAG(s) dict_keys(['example_xcom_args_with_operators', 'example_xcom_args']) retrieved from /home/airflow/.local/lib/python3.7/site-packages/airflow/example_dags/example_xcomargs.py
[2023-01-19T20:25:22.647+0000] {logging_mixin.py:137} INFO - [2023-01-19T20:25:22.646+0000] {dag.py:2676} INFO - Sync 2 DAGs
[2023-01-19T20:25:22.682+0000] {logging_mixin.py:137} INFO - [2023-01-19T20:25:22.682+0000] {dag.py:3427} INFO - Setting next_dagrun for example_xcom_args to None, run_after=None
[2023-01-19T20:25:22.688+0000] {logging_mixin.py:137} INFO - [2023-01-19T20:25:22.688+0000] {dag.py:3427} INFO - Setting next_dagrun for example_xcom_args_with_operators to None, run_after=None
[2023-01-19T20:25:22.723+0000] {processor.py:175} INFO - Processing /home/airflow/.local/lib/python3.7/site-packages/airflow/example_dags/example_xcomargs.py took 0.176 seconds
[2023-01-19T20:25:52.995+0000] {processor.py:153} INFO - Started process (PID=549) to work on /home/airflow/.local/lib/python3.7/site-packages/airflow/example_dags/example_xcomargs.py
[2023-01-19T20:25:52.996+0000] {processor.py:743} INFO - Processing file /home/airflow/.local/lib/python3.7/site-packages/airflow/example_dags/example_xcomargs.py for tasks to queue
[2023-01-19T20:25:52.998+0000] {logging_mixin.py:137} INFO - [2023-01-19T20:25:52.998+0000] {dagbag.py:538} INFO - Filling up the DagBag from /home/airflow/.local/lib/python3.7/site-packages/airflow/example_dags/example_xcomargs.py
[2023-01-19T20:25:53.038+0000] {processor.py:753} INFO - DAG(s) dict_keys(['example_xcom_args_with_operators', 'example_xcom_args']) retrieved from /home/airflow/.local/lib/python3.7/site-packages/airflow/example_dags/example_xcomargs.py
[2023-01-19T20:25:53.078+0000] {logging_mixin.py:137} INFO - [2023-01-19T20:25:53.078+0000] {dag.py:2676} INFO - Sync 2 DAGs
[2023-01-19T20:25:53.125+0000] {logging_mixin.py:137} INFO - [2023-01-19T20:25:53.125+0000] {dag.py:3427} INFO - Setting next_dagrun for example_xcom_args to None, run_after=None
[2023-01-19T20:25:53.132+0000] {logging_mixin.py:137} INFO - [2023-01-19T20:25:53.131+0000] {dag.py:3427} INFO - Setting next_dagrun for example_xcom_args_with_operators to None, run_after=None
[2023-01-19T20:25:53.158+0000] {processor.py:175} INFO - Processing /home/airflow/.local/lib/python3.7/site-packages/airflow/example_dags/example_xcomargs.py took 0.168 seconds
[2023-01-19T20:27:42.290+0000] {processor.py:153} INFO - Started process (PID=91) to work on /home/airflow/.local/lib/python3.7/site-packages/airflow/example_dags/example_xcomargs.py
[2023-01-19T20:27:42.297+0000] {processor.py:743} INFO - Processing file /home/airflow/.local/lib/python3.7/site-packages/airflow/example_dags/example_xcomargs.py for tasks to queue
[2023-01-19T20:27:42.297+0000] {logging_mixin.py:137} INFO - [2023-01-19T20:27:42.297+0000] {dagbag.py:538} INFO - Filling up the DagBag from /home/airflow/.local/lib/python3.7/site-packages/airflow/example_dags/example_xcomargs.py
[2023-01-19T20:27:42.338+0000] {processor.py:753} INFO - DAG(s) dict_keys(['example_xcom_args', 'example_xcom_args_with_operators']) retrieved from /home/airflow/.local/lib/python3.7/site-packages/airflow/example_dags/example_xcomargs.py
[2023-01-19T20:27:42.550+0000] {logging_mixin.py:137} INFO - [2023-01-19T20:27:42.549+0000] {manager.py:504} INFO - Created Permission View: can delete on DAG:example_xcom_args
[2023-01-19T20:27:42.567+0000] {logging_mixin.py:137} INFO - [2023-01-19T20:27:42.567+0000] {manager.py:504} INFO - Created Permission View: can edit on DAG:example_xcom_args
[2023-01-19T20:27:42.578+0000] {logging_mixin.py:137} INFO - [2023-01-19T20:27:42.578+0000] {manager.py:504} INFO - Created Permission View: can read on DAG:example_xcom_args
[2023-01-19T20:27:42.608+0000] {logging_mixin.py:137} INFO - [2023-01-19T20:27:42.608+0000] {manager.py:504} INFO - Created Permission View: can delete on DAG:example_xcom_args_with_operators
[2023-01-19T20:27:42.625+0000] {logging_mixin.py:137} INFO - [2023-01-19T20:27:42.625+0000] {manager.py:504} INFO - Created Permission View: can edit on DAG:example_xcom_args_with_operators
[2023-01-19T20:27:42.634+0000] {logging_mixin.py:137} INFO - [2023-01-19T20:27:42.634+0000] {manager.py:504} INFO - Created Permission View: can read on DAG:example_xcom_args_with_operators
[2023-01-19T20:27:42.635+0000] {logging_mixin.py:137} INFO - [2023-01-19T20:27:42.634+0000] {dag.py:2676} INFO - Sync 2 DAGs
[2023-01-19T20:27:42.656+0000] {logging_mixin.py:137} INFO - [2023-01-19T20:27:42.656+0000] {dag.py:2697} INFO - Creating ORM DAG for example_xcom_args
[2023-01-19T20:27:42.657+0000] {logging_mixin.py:137} INFO - [2023-01-19T20:27:42.657+0000] {dag.py:2697} INFO - Creating ORM DAG for example_xcom_args_with_operators
[2023-01-19T20:27:42.672+0000] {logging_mixin.py:137} INFO - [2023-01-19T20:27:42.672+0000] {dag.py:3427} INFO - Setting next_dagrun for example_xcom_args to None, run_after=None
[2023-01-19T20:27:42.673+0000] {logging_mixin.py:137} INFO - [2023-01-19T20:27:42.673+0000] {dag.py:3427} INFO - Setting next_dagrun for example_xcom_args_with_operators to None, run_after=None
[2023-01-19T20:27:42.704+0000] {processor.py:175} INFO - Processing /home/airflow/.local/lib/python3.7/site-packages/airflow/example_dags/example_xcomargs.py took 0.419 seconds
[2023-01-19T20:28:13.009+0000] {processor.py:153} INFO - Started process (PID=174) to work on /home/airflow/.local/lib/python3.7/site-packages/airflow/example_dags/example_xcomargs.py
[2023-01-19T20:28:13.010+0000] {processor.py:743} INFO - Processing file /home/airflow/.local/lib/python3.7/site-packages/airflow/example_dags/example_xcomargs.py for tasks to queue
[2023-01-19T20:28:13.012+0000] {logging_mixin.py:137} INFO - [2023-01-19T20:28:13.011+0000] {dagbag.py:538} INFO - Filling up the DagBag from /home/airflow/.local/lib/python3.7/site-packages/airflow/example_dags/example_xcomargs.py
[2023-01-19T20:28:13.082+0000] {processor.py:753} INFO - DAG(s) dict_keys(['example_xcom_args', 'example_xcom_args_with_operators']) retrieved from /home/airflow/.local/lib/python3.7/site-packages/airflow/example_dags/example_xcomargs.py
[2023-01-19T20:28:13.170+0000] {logging_mixin.py:137} INFO - [2023-01-19T20:28:13.170+0000] {dag.py:2676} INFO - Sync 2 DAGs
[2023-01-19T20:28:13.303+0000] {logging_mixin.py:137} INFO - [2023-01-19T20:28:13.302+0000] {dag.py:3427} INFO - Setting next_dagrun for example_xcom_args to None, run_after=None
[2023-01-19T20:28:13.321+0000] {logging_mixin.py:137} INFO - [2023-01-19T20:28:13.320+0000] {dag.py:3427} INFO - Setting next_dagrun for example_xcom_args_with_operators to None, run_after=None
[2023-01-19T20:28:13.385+0000] {processor.py:175} INFO - Processing /home/airflow/.local/lib/python3.7/site-packages/airflow/example_dags/example_xcomargs.py took 0.387 seconds
[2023-01-19T20:28:44.064+0000] {processor.py:153} INFO - Started process (PID=253) to work on /home/airflow/.local/lib/python3.7/site-packages/airflow/example_dags/example_xcomargs.py
[2023-01-19T20:28:44.066+0000] {processor.py:743} INFO - Processing file /home/airflow/.local/lib/python3.7/site-packages/airflow/example_dags/example_xcomargs.py for tasks to queue
[2023-01-19T20:28:44.067+0000] {logging_mixin.py:137} INFO - [2023-01-19T20:28:44.067+0000] {dagbag.py:538} INFO - Filling up the DagBag from /home/airflow/.local/lib/python3.7/site-packages/airflow/example_dags/example_xcomargs.py
[2023-01-19T20:28:44.103+0000] {processor.py:753} INFO - DAG(s) dict_keys(['example_xcom_args', 'example_xcom_args_with_operators']) retrieved from /home/airflow/.local/lib/python3.7/site-packages/airflow/example_dags/example_xcomargs.py
[2023-01-19T20:28:44.162+0000] {logging_mixin.py:137} INFO - [2023-01-19T20:28:44.162+0000] {dag.py:2676} INFO - Sync 2 DAGs
[2023-01-19T20:28:44.198+0000] {logging_mixin.py:137} INFO - [2023-01-19T20:28:44.198+0000] {dag.py:3427} INFO - Setting next_dagrun for example_xcom_args to None, run_after=None
[2023-01-19T20:28:44.202+0000] {logging_mixin.py:137} INFO - [2023-01-19T20:28:44.202+0000] {dag.py:3427} INFO - Setting next_dagrun for example_xcom_args_with_operators to None, run_after=None
[2023-01-19T20:28:44.229+0000] {processor.py:175} INFO - Processing /home/airflow/.local/lib/python3.7/site-packages/airflow/example_dags/example_xcomargs.py took 0.170 seconds
[2023-01-19T20:29:14.380+0000] {processor.py:153} INFO - Started process (PID=326) to work on /home/airflow/.local/lib/python3.7/site-packages/airflow/example_dags/example_xcomargs.py
[2023-01-19T20:29:14.382+0000] {processor.py:743} INFO - Processing file /home/airflow/.local/lib/python3.7/site-packages/airflow/example_dags/example_xcomargs.py for tasks to queue
[2023-01-19T20:29:14.382+0000] {logging_mixin.py:137} INFO - [2023-01-19T20:29:14.382+0000] {dagbag.py:538} INFO - Filling up the DagBag from /home/airflow/.local/lib/python3.7/site-packages/airflow/example_dags/example_xcomargs.py
[2023-01-19T20:29:14.411+0000] {processor.py:753} INFO - DAG(s) dict_keys(['example_xcom_args', 'example_xcom_args_with_operators']) retrieved from /home/airflow/.local/lib/python3.7/site-packages/airflow/example_dags/example_xcomargs.py
[2023-01-19T20:29:14.464+0000] {logging_mixin.py:137} INFO - [2023-01-19T20:29:14.464+0000] {dag.py:2676} INFO - Sync 2 DAGs
[2023-01-19T20:29:14.497+0000] {logging_mixin.py:137} INFO - [2023-01-19T20:29:14.497+0000] {dag.py:3427} INFO - Setting next_dagrun for example_xcom_args to None, run_after=None
[2023-01-19T20:29:14.502+0000] {logging_mixin.py:137} INFO - [2023-01-19T20:29:14.502+0000] {dag.py:3427} INFO - Setting next_dagrun for example_xcom_args_with_operators to None, run_after=None
[2023-01-19T20:29:14.525+0000] {processor.py:175} INFO - Processing /home/airflow/.local/lib/python3.7/site-packages/airflow/example_dags/example_xcomargs.py took 0.149 seconds
[2023-01-19T20:29:45.150+0000] {processor.py:153} INFO - Started process (PID=399) to work on /home/airflow/.local/lib/python3.7/site-packages/airflow/example_dags/example_xcomargs.py
[2023-01-19T20:29:45.151+0000] {processor.py:743} INFO - Processing file /home/airflow/.local/lib/python3.7/site-packages/airflow/example_dags/example_xcomargs.py for tasks to queue
[2023-01-19T20:29:45.152+0000] {logging_mixin.py:137} INFO - [2023-01-19T20:29:45.151+0000] {dagbag.py:538} INFO - Filling up the DagBag from /home/airflow/.local/lib/python3.7/site-packages/airflow/example_dags/example_xcomargs.py
[2023-01-19T20:29:45.183+0000] {processor.py:753} INFO - DAG(s) dict_keys(['example_xcom_args_with_operators', 'example_xcom_args']) retrieved from /home/airflow/.local/lib/python3.7/site-packages/airflow/example_dags/example_xcomargs.py
[2023-01-19T20:29:45.235+0000] {logging_mixin.py:137} INFO - [2023-01-19T20:29:45.234+0000] {dag.py:2676} INFO - Sync 2 DAGs
[2023-01-19T20:29:45.268+0000] {logging_mixin.py:137} INFO - [2023-01-19T20:29:45.268+0000] {dag.py:3427} INFO - Setting next_dagrun for example_xcom_args to None, run_after=None
[2023-01-19T20:29:45.273+0000] {logging_mixin.py:137} INFO - [2023-01-19T20:29:45.272+0000] {dag.py:3427} INFO - Setting next_dagrun for example_xcom_args_with_operators to None, run_after=None
[2023-01-19T20:29:45.296+0000] {processor.py:175} INFO - Processing /home/airflow/.local/lib/python3.7/site-packages/airflow/example_dags/example_xcomargs.py took 0.150 seconds
[2023-01-19T20:30:15.410+0000] {processor.py:153} INFO - Started process (PID=487) to work on /home/airflow/.local/lib/python3.7/site-packages/airflow/example_dags/example_xcomargs.py
[2023-01-19T20:30:15.412+0000] {processor.py:743} INFO - Processing file /home/airflow/.local/lib/python3.7/site-packages/airflow/example_dags/example_xcomargs.py for tasks to queue
[2023-01-19T20:30:15.413+0000] {logging_mixin.py:137} INFO - [2023-01-19T20:30:15.413+0000] {dagbag.py:538} INFO - Filling up the DagBag from /home/airflow/.local/lib/python3.7/site-packages/airflow/example_dags/example_xcomargs.py
[2023-01-19T20:30:15.449+0000] {processor.py:753} INFO - DAG(s) dict_keys(['example_xcom_args', 'example_xcom_args_with_operators']) retrieved from /home/airflow/.local/lib/python3.7/site-packages/airflow/example_dags/example_xcomargs.py
[2023-01-19T20:30:15.509+0000] {logging_mixin.py:137} INFO - [2023-01-19T20:30:15.509+0000] {dag.py:2676} INFO - Sync 2 DAGs
[2023-01-19T20:30:15.555+0000] {logging_mixin.py:137} INFO - [2023-01-19T20:30:15.555+0000] {dag.py:3427} INFO - Setting next_dagrun for example_xcom_args to None, run_after=None
[2023-01-19T20:30:15.561+0000] {logging_mixin.py:137} INFO - [2023-01-19T20:30:15.561+0000] {dag.py:3427} INFO - Setting next_dagrun for example_xcom_args_with_operators to None, run_after=None
[2023-01-19T20:30:15.589+0000] {processor.py:175} INFO - Processing /home/airflow/.local/lib/python3.7/site-packages/airflow/example_dags/example_xcomargs.py took 0.184 seconds
[2023-01-19T20:30:45.676+0000] {processor.py:153} INFO - Started process (PID=559) to work on /home/airflow/.local/lib/python3.7/site-packages/airflow/example_dags/example_xcomargs.py
[2023-01-19T20:30:45.677+0000] {processor.py:743} INFO - Processing file /home/airflow/.local/lib/python3.7/site-packages/airflow/example_dags/example_xcomargs.py for tasks to queue
[2023-01-19T20:30:45.678+0000] {logging_mixin.py:137} INFO - [2023-01-19T20:30:45.678+0000] {dagbag.py:538} INFO - Filling up the DagBag from /home/airflow/.local/lib/python3.7/site-packages/airflow/example_dags/example_xcomargs.py
[2023-01-19T20:30:45.708+0000] {processor.py:753} INFO - DAG(s) dict_keys(['example_xcom_args_with_operators', 'example_xcom_args']) retrieved from /home/airflow/.local/lib/python3.7/site-packages/airflow/example_dags/example_xcomargs.py
[2023-01-19T20:30:45.762+0000] {logging_mixin.py:137} INFO - [2023-01-19T20:30:45.762+0000] {dag.py:2676} INFO - Sync 2 DAGs
[2023-01-19T20:30:45.796+0000] {logging_mixin.py:137} INFO - [2023-01-19T20:30:45.796+0000] {dag.py:3427} INFO - Setting next_dagrun for example_xcom_args to None, run_after=None
[2023-01-19T20:30:45.801+0000] {logging_mixin.py:137} INFO - [2023-01-19T20:30:45.801+0000] {dag.py:3427} INFO - Setting next_dagrun for example_xcom_args_with_operators to None, run_after=None
[2023-01-19T20:30:45.824+0000] {processor.py:175} INFO - Processing /home/airflow/.local/lib/python3.7/site-packages/airflow/example_dags/example_xcomargs.py took 0.152 seconds
[2023-01-19T20:31:16.621+0000] {processor.py:153} INFO - Started process (PID=631) to work on /home/airflow/.local/lib/python3.7/site-packages/airflow/example_dags/example_xcomargs.py
[2023-01-19T20:31:16.623+0000] {processor.py:743} INFO - Processing file /home/airflow/.local/lib/python3.7/site-packages/airflow/example_dags/example_xcomargs.py for tasks to queue
[2023-01-19T20:31:16.623+0000] {logging_mixin.py:137} INFO - [2023-01-19T20:31:16.623+0000] {dagbag.py:538} INFO - Filling up the DagBag from /home/airflow/.local/lib/python3.7/site-packages/airflow/example_dags/example_xcomargs.py
[2023-01-19T20:31:16.656+0000] {processor.py:753} INFO - DAG(s) dict_keys(['example_xcom_args_with_operators', 'example_xcom_args']) retrieved from /home/airflow/.local/lib/python3.7/site-packages/airflow/example_dags/example_xcomargs.py
[2023-01-19T20:31:16.708+0000] {logging_mixin.py:137} INFO - [2023-01-19T20:31:16.708+0000] {dag.py:2676} INFO - Sync 2 DAGs
[2023-01-19T20:31:16.740+0000] {logging_mixin.py:137} INFO - [2023-01-19T20:31:16.740+0000] {dag.py:3427} INFO - Setting next_dagrun for example_xcom_args to None, run_after=None
[2023-01-19T20:31:16.745+0000] {logging_mixin.py:137} INFO - [2023-01-19T20:31:16.745+0000] {dag.py:3427} INFO - Setting next_dagrun for example_xcom_args_with_operators to None, run_after=None
[2023-01-19T20:31:16.766+0000] {processor.py:175} INFO - Processing /home/airflow/.local/lib/python3.7/site-packages/airflow/example_dags/example_xcomargs.py took 0.148 seconds
[2023-01-19T20:31:46.915+0000] {processor.py:153} INFO - Started process (PID=709) to work on /home/airflow/.local/lib/python3.7/site-packages/airflow/example_dags/example_xcomargs.py
[2023-01-19T20:31:46.916+0000] {processor.py:743} INFO - Processing file /home/airflow/.local/lib/python3.7/site-packages/airflow/example_dags/example_xcomargs.py for tasks to queue
[2023-01-19T20:31:46.917+0000] {logging_mixin.py:137} INFO - [2023-01-19T20:31:46.916+0000] {dagbag.py:538} INFO - Filling up the DagBag from /home/airflow/.local/lib/python3.7/site-packages/airflow/example_dags/example_xcomargs.py
[2023-01-19T20:31:46.959+0000] {processor.py:753} INFO - DAG(s) dict_keys(['example_xcom_args', 'example_xcom_args_with_operators']) retrieved from /home/airflow/.local/lib/python3.7/site-packages/airflow/example_dags/example_xcomargs.py
[2023-01-19T20:31:47.023+0000] {logging_mixin.py:137} INFO - [2023-01-19T20:31:47.023+0000] {dag.py:2676} INFO - Sync 2 DAGs
[2023-01-19T20:31:47.059+0000] {logging_mixin.py:137} INFO - [2023-01-19T20:31:47.059+0000] {dag.py:3427} INFO - Setting next_dagrun for example_xcom_args to None, run_after=None
[2023-01-19T20:31:47.065+0000] {logging_mixin.py:137} INFO - [2023-01-19T20:31:47.065+0000] {dag.py:3427} INFO - Setting next_dagrun for example_xcom_args_with_operators to None, run_after=None
[2023-01-19T20:31:47.089+0000] {processor.py:175} INFO - Processing /home/airflow/.local/lib/python3.7/site-packages/airflow/example_dags/example_xcomargs.py took 0.179 seconds
[2023-01-19T20:32:17.114+0000] {processor.py:153} INFO - Started process (PID=792) to work on /home/airflow/.local/lib/python3.7/site-packages/airflow/example_dags/example_xcomargs.py
[2023-01-19T20:32:17.115+0000] {processor.py:743} INFO - Processing file /home/airflow/.local/lib/python3.7/site-packages/airflow/example_dags/example_xcomargs.py for tasks to queue
[2023-01-19T20:32:17.115+0000] {logging_mixin.py:137} INFO - [2023-01-19T20:32:17.115+0000] {dagbag.py:538} INFO - Filling up the DagBag from /home/airflow/.local/lib/python3.7/site-packages/airflow/example_dags/example_xcomargs.py
[2023-01-19T20:32:17.147+0000] {processor.py:753} INFO - DAG(s) dict_keys(['example_xcom_args_with_operators', 'example_xcom_args']) retrieved from /home/airflow/.local/lib/python3.7/site-packages/airflow/example_dags/example_xcomargs.py
[2023-01-19T20:32:17.201+0000] {logging_mixin.py:137} INFO - [2023-01-19T20:32:17.201+0000] {dag.py:2676} INFO - Sync 2 DAGs
[2023-01-19T20:32:17.236+0000] {logging_mixin.py:137} INFO - [2023-01-19T20:32:17.236+0000] {dag.py:3427} INFO - Setting next_dagrun for example_xcom_args to None, run_after=None
[2023-01-19T20:32:17.241+0000] {logging_mixin.py:137} INFO - [2023-01-19T20:32:17.240+0000] {dag.py:3427} INFO - Setting next_dagrun for example_xcom_args_with_operators to None, run_after=None
[2023-01-19T20:32:17.266+0000] {processor.py:175} INFO - Processing /home/airflow/.local/lib/python3.7/site-packages/airflow/example_dags/example_xcomargs.py took 0.156 seconds
[2023-01-19T20:32:47.575+0000] {processor.py:153} INFO - Started process (PID=864) to work on /home/airflow/.local/lib/python3.7/site-packages/airflow/example_dags/example_xcomargs.py
[2023-01-19T20:32:47.576+0000] {processor.py:743} INFO - Processing file /home/airflow/.local/lib/python3.7/site-packages/airflow/example_dags/example_xcomargs.py for tasks to queue
[2023-01-19T20:32:47.578+0000] {logging_mixin.py:137} INFO - [2023-01-19T20:32:47.578+0000] {dagbag.py:538} INFO - Filling up the DagBag from /home/airflow/.local/lib/python3.7/site-packages/airflow/example_dags/example_xcomargs.py
[2023-01-19T20:32:47.611+0000] {processor.py:753} INFO - DAG(s) dict_keys(['example_xcom_args', 'example_xcom_args_with_operators']) retrieved from /home/airflow/.local/lib/python3.7/site-packages/airflow/example_dags/example_xcomargs.py
[2023-01-19T20:32:47.672+0000] {logging_mixin.py:137} INFO - [2023-01-19T20:32:47.672+0000] {dag.py:2676} INFO - Sync 2 DAGs
[2023-01-19T20:32:47.706+0000] {logging_mixin.py:137} INFO - [2023-01-19T20:32:47.706+0000] {dag.py:3427} INFO - Setting next_dagrun for example_xcom_args to None, run_after=None
[2023-01-19T20:32:47.711+0000] {logging_mixin.py:137} INFO - [2023-01-19T20:32:47.711+0000] {dag.py:3427} INFO - Setting next_dagrun for example_xcom_args_with_operators to None, run_after=None
[2023-01-19T20:32:47.735+0000] {processor.py:175} INFO - Processing /home/airflow/.local/lib/python3.7/site-packages/airflow/example_dags/example_xcomargs.py took 0.165 seconds
[2023-01-19T20:33:17.834+0000] {processor.py:153} INFO - Started process (PID=936) to work on /home/airflow/.local/lib/python3.7/site-packages/airflow/example_dags/example_xcomargs.py
[2023-01-19T20:33:17.835+0000] {processor.py:743} INFO - Processing file /home/airflow/.local/lib/python3.7/site-packages/airflow/example_dags/example_xcomargs.py for tasks to queue
[2023-01-19T20:33:17.836+0000] {logging_mixin.py:137} INFO - [2023-01-19T20:33:17.836+0000] {dagbag.py:538} INFO - Filling up the DagBag from /home/airflow/.local/lib/python3.7/site-packages/airflow/example_dags/example_xcomargs.py
[2023-01-19T20:33:17.866+0000] {processor.py:753} INFO - DAG(s) dict_keys(['example_xcom_args', 'example_xcom_args_with_operators']) retrieved from /home/airflow/.local/lib/python3.7/site-packages/airflow/example_dags/example_xcomargs.py
[2023-01-19T20:33:17.919+0000] {logging_mixin.py:137} INFO - [2023-01-19T20:33:17.919+0000] {dag.py:2676} INFO - Sync 2 DAGs
[2023-01-19T20:33:17.955+0000] {logging_mixin.py:137} INFO - [2023-01-19T20:33:17.955+0000] {dag.py:3427} INFO - Setting next_dagrun for example_xcom_args to None, run_after=None
[2023-01-19T20:33:17.961+0000] {logging_mixin.py:137} INFO - [2023-01-19T20:33:17.961+0000] {dag.py:3427} INFO - Setting next_dagrun for example_xcom_args_with_operators to None, run_after=None
[2023-01-19T20:33:17.988+0000] {processor.py:175} INFO - Processing /home/airflow/.local/lib/python3.7/site-packages/airflow/example_dags/example_xcomargs.py took 0.158 seconds
[2023-01-19T20:33:48.230+0000] {processor.py:153} INFO - Started process (PID=1017) to work on /home/airflow/.local/lib/python3.7/site-packages/airflow/example_dags/example_xcomargs.py
[2023-01-19T20:33:48.231+0000] {processor.py:743} INFO - Processing file /home/airflow/.local/lib/python3.7/site-packages/airflow/example_dags/example_xcomargs.py for tasks to queue
[2023-01-19T20:33:48.232+0000] {logging_mixin.py:137} INFO - [2023-01-19T20:33:48.232+0000] {dagbag.py:538} INFO - Filling up the DagBag from /home/airflow/.local/lib/python3.7/site-packages/airflow/example_dags/example_xcomargs.py
[2023-01-19T20:33:48.267+0000] {processor.py:753} INFO - DAG(s) dict_keys(['example_xcom_args', 'example_xcom_args_with_operators']) retrieved from /home/airflow/.local/lib/python3.7/site-packages/airflow/example_dags/example_xcomargs.py
[2023-01-19T20:33:48.324+0000] {logging_mixin.py:137} INFO - [2023-01-19T20:33:48.323+0000] {dag.py:2676} INFO - Sync 2 DAGs
[2023-01-19T20:33:48.367+0000] {logging_mixin.py:137} INFO - [2023-01-19T20:33:48.366+0000] {dag.py:3427} INFO - Setting next_dagrun for example_xcom_args to None, run_after=None
[2023-01-19T20:33:48.373+0000] {logging_mixin.py:137} INFO - [2023-01-19T20:33:48.373+0000] {dag.py:3427} INFO - Setting next_dagrun for example_xcom_args_with_operators to None, run_after=None
[2023-01-19T20:33:48.396+0000] {processor.py:175} INFO - Processing /home/airflow/.local/lib/python3.7/site-packages/airflow/example_dags/example_xcomargs.py took 0.171 seconds
[2023-01-19T20:34:18.477+0000] {processor.py:153} INFO - Started process (PID=1096) to work on /home/airflow/.local/lib/python3.7/site-packages/airflow/example_dags/example_xcomargs.py
[2023-01-19T20:34:18.479+0000] {processor.py:743} INFO - Processing file /home/airflow/.local/lib/python3.7/site-packages/airflow/example_dags/example_xcomargs.py for tasks to queue
[2023-01-19T20:34:18.481+0000] {logging_mixin.py:137} INFO - [2023-01-19T20:34:18.480+0000] {dagbag.py:538} INFO - Filling up the DagBag from /home/airflow/.local/lib/python3.7/site-packages/airflow/example_dags/example_xcomargs.py
[2023-01-19T20:34:18.524+0000] {processor.py:753} INFO - DAG(s) dict_keys(['example_xcom_args', 'example_xcom_args_with_operators']) retrieved from /home/airflow/.local/lib/python3.7/site-packages/airflow/example_dags/example_xcomargs.py
[2023-01-19T20:34:18.575+0000] {logging_mixin.py:137} INFO - [2023-01-19T20:34:18.575+0000] {dag.py:2676} INFO - Sync 2 DAGs
[2023-01-19T20:34:18.611+0000] {logging_mixin.py:137} INFO - [2023-01-19T20:34:18.611+0000] {dag.py:3427} INFO - Setting next_dagrun for example_xcom_args to None, run_after=None
[2023-01-19T20:34:18.616+0000] {logging_mixin.py:137} INFO - [2023-01-19T20:34:18.615+0000] {dag.py:3427} INFO - Setting next_dagrun for example_xcom_args_with_operators to None, run_after=None
[2023-01-19T20:34:18.636+0000] {processor.py:175} INFO - Processing /home/airflow/.local/lib/python3.7/site-packages/airflow/example_dags/example_xcomargs.py took 0.164 seconds
[2023-01-19T20:34:49.247+0000] {processor.py:153} INFO - Started process (PID=1166) to work on /home/airflow/.local/lib/python3.7/site-packages/airflow/example_dags/example_xcomargs.py
[2023-01-19T20:34:49.248+0000] {processor.py:743} INFO - Processing file /home/airflow/.local/lib/python3.7/site-packages/airflow/example_dags/example_xcomargs.py for tasks to queue
[2023-01-19T20:34:49.249+0000] {logging_mixin.py:137} INFO - [2023-01-19T20:34:49.249+0000] {dagbag.py:538} INFO - Filling up the DagBag from /home/airflow/.local/lib/python3.7/site-packages/airflow/example_dags/example_xcomargs.py
[2023-01-19T20:34:49.282+0000] {processor.py:753} INFO - DAG(s) dict_keys(['example_xcom_args_with_operators', 'example_xcom_args']) retrieved from /home/airflow/.local/lib/python3.7/site-packages/airflow/example_dags/example_xcomargs.py
[2023-01-19T20:34:49.340+0000] {logging_mixin.py:137} INFO - [2023-01-19T20:34:49.339+0000] {dag.py:2676} INFO - Sync 2 DAGs
[2023-01-19T20:34:49.374+0000] {logging_mixin.py:137} INFO - [2023-01-19T20:34:49.374+0000] {dag.py:3427} INFO - Setting next_dagrun for example_xcom_args to None, run_after=None
[2023-01-19T20:34:49.379+0000] {logging_mixin.py:137} INFO - [2023-01-19T20:34:49.379+0000] {dag.py:3427} INFO - Setting next_dagrun for example_xcom_args_with_operators to None, run_after=None
[2023-01-19T20:34:49.404+0000] {processor.py:175} INFO - Processing /home/airflow/.local/lib/python3.7/site-packages/airflow/example_dags/example_xcomargs.py took 0.160 seconds
[2023-01-19T20:35:19.779+0000] {processor.py:153} INFO - Started process (PID=1238) to work on /home/airflow/.local/lib/python3.7/site-packages/airflow/example_dags/example_xcomargs.py
[2023-01-19T20:35:19.780+0000] {processor.py:743} INFO - Processing file /home/airflow/.local/lib/python3.7/site-packages/airflow/example_dags/example_xcomargs.py for tasks to queue
[2023-01-19T20:35:19.781+0000] {logging_mixin.py:137} INFO - [2023-01-19T20:35:19.781+0000] {dagbag.py:538} INFO - Filling up the DagBag from /home/airflow/.local/lib/python3.7/site-packages/airflow/example_dags/example_xcomargs.py
[2023-01-19T20:35:19.818+0000] {processor.py:753} INFO - DAG(s) dict_keys(['example_xcom_args', 'example_xcom_args_with_operators']) retrieved from /home/airflow/.local/lib/python3.7/site-packages/airflow/example_dags/example_xcomargs.py
[2023-01-19T20:35:19.874+0000] {logging_mixin.py:137} INFO - [2023-01-19T20:35:19.874+0000] {dag.py:2676} INFO - Sync 2 DAGs
[2023-01-19T20:35:19.916+0000] {logging_mixin.py:137} INFO - [2023-01-19T20:35:19.916+0000] {dag.py:3427} INFO - Setting next_dagrun for example_xcom_args to None, run_after=None
[2023-01-19T20:35:19.920+0000] {logging_mixin.py:137} INFO - [2023-01-19T20:35:19.919+0000] {dag.py:3427} INFO - Setting next_dagrun for example_xcom_args_with_operators to None, run_after=None
[2023-01-19T20:35:19.945+0000] {processor.py:175} INFO - Processing /home/airflow/.local/lib/python3.7/site-packages/airflow/example_dags/example_xcomargs.py took 0.170 seconds
[2023-01-19T20:35:50.716+0000] {processor.py:153} INFO - Started process (PID=1326) to work on /home/airflow/.local/lib/python3.7/site-packages/airflow/example_dags/example_xcomargs.py
[2023-01-19T20:35:50.718+0000] {processor.py:743} INFO - Processing file /home/airflow/.local/lib/python3.7/site-packages/airflow/example_dags/example_xcomargs.py for tasks to queue
[2023-01-19T20:35:50.719+0000] {logging_mixin.py:137} INFO - [2023-01-19T20:35:50.719+0000] {dagbag.py:538} INFO - Filling up the DagBag from /home/airflow/.local/lib/python3.7/site-packages/airflow/example_dags/example_xcomargs.py
[2023-01-19T20:35:50.754+0000] {processor.py:753} INFO - DAG(s) dict_keys(['example_xcom_args_with_operators', 'example_xcom_args']) retrieved from /home/airflow/.local/lib/python3.7/site-packages/airflow/example_dags/example_xcomargs.py
[2023-01-19T20:35:50.810+0000] {logging_mixin.py:137} INFO - [2023-01-19T20:35:50.810+0000] {dag.py:2676} INFO - Sync 2 DAGs
[2023-01-19T20:35:50.856+0000] {logging_mixin.py:137} INFO - [2023-01-19T20:35:50.856+0000] {dag.py:3427} INFO - Setting next_dagrun for example_xcom_args to None, run_after=None
[2023-01-19T20:35:50.862+0000] {logging_mixin.py:137} INFO - [2023-01-19T20:35:50.862+0000] {dag.py:3427} INFO - Setting next_dagrun for example_xcom_args_with_operators to None, run_after=None
[2023-01-19T20:35:50.890+0000] {processor.py:175} INFO - Processing /home/airflow/.local/lib/python3.7/site-packages/airflow/example_dags/example_xcomargs.py took 0.180 seconds
[2023-01-19T20:36:21.471+0000] {processor.py:153} INFO - Started process (PID=1399) to work on /home/airflow/.local/lib/python3.7/site-packages/airflow/example_dags/example_xcomargs.py
[2023-01-19T20:36:21.472+0000] {processor.py:743} INFO - Processing file /home/airflow/.local/lib/python3.7/site-packages/airflow/example_dags/example_xcomargs.py for tasks to queue
[2023-01-19T20:36:21.473+0000] {logging_mixin.py:137} INFO - [2023-01-19T20:36:21.473+0000] {dagbag.py:538} INFO - Filling up the DagBag from /home/airflow/.local/lib/python3.7/site-packages/airflow/example_dags/example_xcomargs.py
[2023-01-19T20:36:21.502+0000] {processor.py:753} INFO - DAG(s) dict_keys(['example_xcom_args', 'example_xcom_args_with_operators']) retrieved from /home/airflow/.local/lib/python3.7/site-packages/airflow/example_dags/example_xcomargs.py
[2023-01-19T20:36:21.564+0000] {logging_mixin.py:137} INFO - [2023-01-19T20:36:21.563+0000] {dag.py:2676} INFO - Sync 2 DAGs
[2023-01-19T20:36:21.601+0000] {logging_mixin.py:137} INFO - [2023-01-19T20:36:21.601+0000] {dag.py:3427} INFO - Setting next_dagrun for example_xcom_args to None, run_after=None
[2023-01-19T20:36:21.605+0000] {logging_mixin.py:137} INFO - [2023-01-19T20:36:21.605+0000] {dag.py:3427} INFO - Setting next_dagrun for example_xcom_args_with_operators to None, run_after=None
[2023-01-19T20:36:21.628+0000] {processor.py:175} INFO - Processing /home/airflow/.local/lib/python3.7/site-packages/airflow/example_dags/example_xcomargs.py took 0.161 seconds
[2023-01-19T20:36:52.461+0000] {processor.py:153} INFO - Started process (PID=1480) to work on /home/airflow/.local/lib/python3.7/site-packages/airflow/example_dags/example_xcomargs.py
[2023-01-19T20:36:52.463+0000] {processor.py:743} INFO - Processing file /home/airflow/.local/lib/python3.7/site-packages/airflow/example_dags/example_xcomargs.py for tasks to queue
[2023-01-19T20:36:52.464+0000] {logging_mixin.py:137} INFO - [2023-01-19T20:36:52.464+0000] {dagbag.py:538} INFO - Filling up the DagBag from /home/airflow/.local/lib/python3.7/site-packages/airflow/example_dags/example_xcomargs.py
[2023-01-19T20:36:52.501+0000] {processor.py:753} INFO - DAG(s) dict_keys(['example_xcom_args', 'example_xcom_args_with_operators']) retrieved from /home/airflow/.local/lib/python3.7/site-packages/airflow/example_dags/example_xcomargs.py
[2023-01-19T20:36:52.564+0000] {logging_mixin.py:137} INFO - [2023-01-19T20:36:52.564+0000] {dag.py:2676} INFO - Sync 2 DAGs
[2023-01-19T20:36:52.603+0000] {logging_mixin.py:137} INFO - [2023-01-19T20:36:52.603+0000] {dag.py:3427} INFO - Setting next_dagrun for example_xcom_args to None, run_after=None
[2023-01-19T20:36:52.608+0000] {logging_mixin.py:137} INFO - [2023-01-19T20:36:52.608+0000] {dag.py:3427} INFO - Setting next_dagrun for example_xcom_args_with_operators to None, run_after=None
[2023-01-19T20:36:52.631+0000] {processor.py:175} INFO - Processing /home/airflow/.local/lib/python3.7/site-packages/airflow/example_dags/example_xcomargs.py took 0.174 seconds
[2023-01-19T20:37:23.764+0000] {processor.py:153} INFO - Started process (PID=1559) to work on /home/airflow/.local/lib/python3.7/site-packages/airflow/example_dags/example_xcomargs.py
[2023-01-19T20:37:23.765+0000] {processor.py:743} INFO - Processing file /home/airflow/.local/lib/python3.7/site-packages/airflow/example_dags/example_xcomargs.py for tasks to queue
[2023-01-19T20:37:23.765+0000] {logging_mixin.py:137} INFO - [2023-01-19T20:37:23.765+0000] {dagbag.py:538} INFO - Filling up the DagBag from /home/airflow/.local/lib/python3.7/site-packages/airflow/example_dags/example_xcomargs.py
[2023-01-19T20:37:23.796+0000] {processor.py:753} INFO - DAG(s) dict_keys(['example_xcom_args_with_operators', 'example_xcom_args']) retrieved from /home/airflow/.local/lib/python3.7/site-packages/airflow/example_dags/example_xcomargs.py
[2023-01-19T20:37:23.857+0000] {logging_mixin.py:137} INFO - [2023-01-19T20:37:23.857+0000] {dag.py:2676} INFO - Sync 2 DAGs
[2023-01-19T20:37:23.889+0000] {logging_mixin.py:137} INFO - [2023-01-19T20:37:23.889+0000] {dag.py:3427} INFO - Setting next_dagrun for example_xcom_args to None, run_after=None
[2023-01-19T20:37:23.893+0000] {logging_mixin.py:137} INFO - [2023-01-19T20:37:23.893+0000] {dag.py:3427} INFO - Setting next_dagrun for example_xcom_args_with_operators to None, run_after=None
[2023-01-19T20:37:23.915+0000] {processor.py:175} INFO - Processing /home/airflow/.local/lib/python3.7/site-packages/airflow/example_dags/example_xcomargs.py took 0.156 seconds
[2023-01-19T20:37:54.649+0000] {processor.py:153} INFO - Started process (PID=1633) to work on /home/airflow/.local/lib/python3.7/site-packages/airflow/example_dags/example_xcomargs.py
[2023-01-19T20:37:54.650+0000] {processor.py:743} INFO - Processing file /home/airflow/.local/lib/python3.7/site-packages/airflow/example_dags/example_xcomargs.py for tasks to queue
[2023-01-19T20:37:54.651+0000] {logging_mixin.py:137} INFO - [2023-01-19T20:37:54.651+0000] {dagbag.py:538} INFO - Filling up the DagBag from /home/airflow/.local/lib/python3.7/site-packages/airflow/example_dags/example_xcomargs.py
[2023-01-19T20:37:54.681+0000] {processor.py:753} INFO - DAG(s) dict_keys(['example_xcom_args_with_operators', 'example_xcom_args']) retrieved from /home/airflow/.local/lib/python3.7/site-packages/airflow/example_dags/example_xcomargs.py
[2023-01-19T20:37:54.731+0000] {logging_mixin.py:137} INFO - [2023-01-19T20:37:54.730+0000] {dag.py:2676} INFO - Sync 2 DAGs
[2023-01-19T20:37:54.763+0000] {logging_mixin.py:137} INFO - [2023-01-19T20:37:54.763+0000] {dag.py:3427} INFO - Setting next_dagrun for example_xcom_args to None, run_after=None
[2023-01-19T20:37:54.767+0000] {logging_mixin.py:137} INFO - [2023-01-19T20:37:54.766+0000] {dag.py:3427} INFO - Setting next_dagrun for example_xcom_args_with_operators to None, run_after=None
[2023-01-19T20:37:54.789+0000] {processor.py:175} INFO - Processing /home/airflow/.local/lib/python3.7/site-packages/airflow/example_dags/example_xcomargs.py took 0.143 seconds
[2023-01-19T20:38:25.038+0000] {processor.py:153} INFO - Started process (PID=1713) to work on /home/airflow/.local/lib/python3.7/site-packages/airflow/example_dags/example_xcomargs.py
[2023-01-19T20:38:25.040+0000] {processor.py:743} INFO - Processing file /home/airflow/.local/lib/python3.7/site-packages/airflow/example_dags/example_xcomargs.py for tasks to queue
[2023-01-19T20:38:25.041+0000] {logging_mixin.py:137} INFO - [2023-01-19T20:38:25.040+0000] {dagbag.py:538} INFO - Filling up the DagBag from /home/airflow/.local/lib/python3.7/site-packages/airflow/example_dags/example_xcomargs.py
[2023-01-19T20:38:25.070+0000] {processor.py:753} INFO - DAG(s) dict_keys(['example_xcom_args_with_operators', 'example_xcom_args']) retrieved from /home/airflow/.local/lib/python3.7/site-packages/airflow/example_dags/example_xcomargs.py
[2023-01-19T20:38:25.126+0000] {logging_mixin.py:137} INFO - [2023-01-19T20:38:25.126+0000] {dag.py:2676} INFO - Sync 2 DAGs
[2023-01-19T20:38:25.164+0000] {logging_mixin.py:137} INFO - [2023-01-19T20:38:25.164+0000] {dag.py:3427} INFO - Setting next_dagrun for example_xcom_args to None, run_after=None
[2023-01-19T20:38:25.168+0000] {logging_mixin.py:137} INFO - [2023-01-19T20:38:25.168+0000] {dag.py:3427} INFO - Setting next_dagrun for example_xcom_args_with_operators to None, run_after=None
[2023-01-19T20:38:25.193+0000] {processor.py:175} INFO - Processing /home/airflow/.local/lib/python3.7/site-packages/airflow/example_dags/example_xcomargs.py took 0.158 seconds
[2023-01-19T20:38:56.022+0000] {processor.py:153} INFO - Started process (PID=1791) to work on /home/airflow/.local/lib/python3.7/site-packages/airflow/example_dags/example_xcomargs.py
[2023-01-19T20:38:56.023+0000] {processor.py:743} INFO - Processing file /home/airflow/.local/lib/python3.7/site-packages/airflow/example_dags/example_xcomargs.py for tasks to queue
[2023-01-19T20:38:56.024+0000] {logging_mixin.py:137} INFO - [2023-01-19T20:38:56.024+0000] {dagbag.py:538} INFO - Filling up the DagBag from /home/airflow/.local/lib/python3.7/site-packages/airflow/example_dags/example_xcomargs.py
[2023-01-19T20:38:56.061+0000] {processor.py:753} INFO - DAG(s) dict_keys(['example_xcom_args_with_operators', 'example_xcom_args']) retrieved from /home/airflow/.local/lib/python3.7/site-packages/airflow/example_dags/example_xcomargs.py
[2023-01-19T20:38:56.118+0000] {logging_mixin.py:137} INFO - [2023-01-19T20:38:56.117+0000] {dag.py:2676} INFO - Sync 2 DAGs
[2023-01-19T20:38:56.153+0000] {logging_mixin.py:137} INFO - [2023-01-19T20:38:56.153+0000] {dag.py:3427} INFO - Setting next_dagrun for example_xcom_args to None, run_after=None
[2023-01-19T20:38:56.158+0000] {logging_mixin.py:137} INFO - [2023-01-19T20:38:56.157+0000] {dag.py:3427} INFO - Setting next_dagrun for example_xcom_args_with_operators to None, run_after=None
[2023-01-19T20:38:56.181+0000] {processor.py:175} INFO - Processing /home/airflow/.local/lib/python3.7/site-packages/airflow/example_dags/example_xcomargs.py took 0.163 seconds
[2023-01-19T20:39:26.325+0000] {processor.py:153} INFO - Started process (PID=1863) to work on /home/airflow/.local/lib/python3.7/site-packages/airflow/example_dags/example_xcomargs.py
[2023-01-19T20:39:26.326+0000] {processor.py:743} INFO - Processing file /home/airflow/.local/lib/python3.7/site-packages/airflow/example_dags/example_xcomargs.py for tasks to queue
[2023-01-19T20:39:26.327+0000] {logging_mixin.py:137} INFO - [2023-01-19T20:39:26.327+0000] {dagbag.py:538} INFO - Filling up the DagBag from /home/airflow/.local/lib/python3.7/site-packages/airflow/example_dags/example_xcomargs.py
[2023-01-19T20:39:26.357+0000] {processor.py:753} INFO - DAG(s) dict_keys(['example_xcom_args_with_operators', 'example_xcom_args']) retrieved from /home/airflow/.local/lib/python3.7/site-packages/airflow/example_dags/example_xcomargs.py
[2023-01-19T20:39:26.413+0000] {logging_mixin.py:137} INFO - [2023-01-19T20:39:26.413+0000] {dag.py:2676} INFO - Sync 2 DAGs
[2023-01-19T20:39:26.448+0000] {logging_mixin.py:137} INFO - [2023-01-19T20:39:26.448+0000] {dag.py:3427} INFO - Setting next_dagrun for example_xcom_args to None, run_after=None
[2023-01-19T20:39:26.453+0000] {logging_mixin.py:137} INFO - [2023-01-19T20:39:26.453+0000] {dag.py:3427} INFO - Setting next_dagrun for example_xcom_args_with_operators to None, run_after=None
[2023-01-19T20:39:26.481+0000] {processor.py:175} INFO - Processing /home/airflow/.local/lib/python3.7/site-packages/airflow/example_dags/example_xcomargs.py took 0.161 seconds
[2023-01-19T20:39:56.661+0000] {processor.py:153} INFO - Started process (PID=1935) to work on /home/airflow/.local/lib/python3.7/site-packages/airflow/example_dags/example_xcomargs.py
[2023-01-19T20:39:56.662+0000] {processor.py:743} INFO - Processing file /home/airflow/.local/lib/python3.7/site-packages/airflow/example_dags/example_xcomargs.py for tasks to queue
[2023-01-19T20:39:56.663+0000] {logging_mixin.py:137} INFO - [2023-01-19T20:39:56.662+0000] {dagbag.py:538} INFO - Filling up the DagBag from /home/airflow/.local/lib/python3.7/site-packages/airflow/example_dags/example_xcomargs.py
[2023-01-19T20:39:56.697+0000] {processor.py:753} INFO - DAG(s) dict_keys(['example_xcom_args', 'example_xcom_args_with_operators']) retrieved from /home/airflow/.local/lib/python3.7/site-packages/airflow/example_dags/example_xcomargs.py
[2023-01-19T20:39:56.750+0000] {logging_mixin.py:137} INFO - [2023-01-19T20:39:56.749+0000] {dag.py:2676} INFO - Sync 2 DAGs
[2023-01-19T20:39:56.799+0000] {logging_mixin.py:137} INFO - [2023-01-19T20:39:56.798+0000] {dag.py:3427} INFO - Setting next_dagrun for example_xcom_args to None, run_after=None
[2023-01-19T20:39:56.803+0000] {logging_mixin.py:137} INFO - [2023-01-19T20:39:56.803+0000] {dag.py:3427} INFO - Setting next_dagrun for example_xcom_args_with_operators to None, run_after=None
[2023-01-19T20:39:56.829+0000] {processor.py:175} INFO - Processing /home/airflow/.local/lib/python3.7/site-packages/airflow/example_dags/example_xcomargs.py took 0.172 seconds
[2023-01-19T20:40:27.193+0000] {processor.py:153} INFO - Started process (PID=2024) to work on /home/airflow/.local/lib/python3.7/site-packages/airflow/example_dags/example_xcomargs.py
[2023-01-19T20:40:27.195+0000] {processor.py:743} INFO - Processing file /home/airflow/.local/lib/python3.7/site-packages/airflow/example_dags/example_xcomargs.py for tasks to queue
[2023-01-19T20:40:27.196+0000] {logging_mixin.py:137} INFO - [2023-01-19T20:40:27.196+0000] {dagbag.py:538} INFO - Filling up the DagBag from /home/airflow/.local/lib/python3.7/site-packages/airflow/example_dags/example_xcomargs.py
[2023-01-19T20:40:27.232+0000] {processor.py:753} INFO - DAG(s) dict_keys(['example_xcom_args', 'example_xcom_args_with_operators']) retrieved from /home/airflow/.local/lib/python3.7/site-packages/airflow/example_dags/example_xcomargs.py
[2023-01-19T20:40:27.293+0000] {logging_mixin.py:137} INFO - [2023-01-19T20:40:27.293+0000] {dag.py:2676} INFO - Sync 2 DAGs
[2023-01-19T20:40:27.340+0000] {logging_mixin.py:137} INFO - [2023-01-19T20:40:27.340+0000] {dag.py:3427} INFO - Setting next_dagrun for example_xcom_args to None, run_after=None
[2023-01-19T20:40:27.345+0000] {logging_mixin.py:137} INFO - [2023-01-19T20:40:27.344+0000] {dag.py:3427} INFO - Setting next_dagrun for example_xcom_args_with_operators to None, run_after=None
[2023-01-19T20:40:27.366+0000] {processor.py:175} INFO - Processing /home/airflow/.local/lib/python3.7/site-packages/airflow/example_dags/example_xcomargs.py took 0.178 seconds
[2023-01-19T20:40:57.462+0000] {processor.py:153} INFO - Started process (PID=2096) to work on /home/airflow/.local/lib/python3.7/site-packages/airflow/example_dags/example_xcomargs.py
[2023-01-19T20:40:57.463+0000] {processor.py:743} INFO - Processing file /home/airflow/.local/lib/python3.7/site-packages/airflow/example_dags/example_xcomargs.py for tasks to queue
[2023-01-19T20:40:57.464+0000] {logging_mixin.py:137} INFO - [2023-01-19T20:40:57.463+0000] {dagbag.py:538} INFO - Filling up the DagBag from /home/airflow/.local/lib/python3.7/site-packages/airflow/example_dags/example_xcomargs.py
[2023-01-19T20:40:57.501+0000] {processor.py:753} INFO - DAG(s) dict_keys(['example_xcom_args', 'example_xcom_args_with_operators']) retrieved from /home/airflow/.local/lib/python3.7/site-packages/airflow/example_dags/example_xcomargs.py
[2023-01-19T20:40:57.565+0000] {logging_mixin.py:137} INFO - [2023-01-19T20:40:57.564+0000] {dag.py:2676} INFO - Sync 2 DAGs
[2023-01-19T20:40:57.598+0000] {logging_mixin.py:137} INFO - [2023-01-19T20:40:57.598+0000] {dag.py:3427} INFO - Setting next_dagrun for example_xcom_args to None, run_after=None
[2023-01-19T20:40:57.602+0000] {logging_mixin.py:137} INFO - [2023-01-19T20:40:57.602+0000] {dag.py:3427} INFO - Setting next_dagrun for example_xcom_args_with_operators to None, run_after=None
[2023-01-19T20:40:57.628+0000] {processor.py:175} INFO - Processing /home/airflow/.local/lib/python3.7/site-packages/airflow/example_dags/example_xcomargs.py took 0.170 seconds
[2023-01-19T20:41:27.809+0000] {processor.py:153} INFO - Started process (PID=2168) to work on /home/airflow/.local/lib/python3.7/site-packages/airflow/example_dags/example_xcomargs.py
[2023-01-19T20:41:27.810+0000] {processor.py:743} INFO - Processing file /home/airflow/.local/lib/python3.7/site-packages/airflow/example_dags/example_xcomargs.py for tasks to queue
[2023-01-19T20:41:27.811+0000] {logging_mixin.py:137} INFO - [2023-01-19T20:41:27.811+0000] {dagbag.py:538} INFO - Filling up the DagBag from /home/airflow/.local/lib/python3.7/site-packages/airflow/example_dags/example_xcomargs.py
[2023-01-19T20:41:27.843+0000] {processor.py:753} INFO - DAG(s) dict_keys(['example_xcom_args', 'example_xcom_args_with_operators']) retrieved from /home/airflow/.local/lib/python3.7/site-packages/airflow/example_dags/example_xcomargs.py
[2023-01-19T20:41:27.896+0000] {logging_mixin.py:137} INFO - [2023-01-19T20:41:27.896+0000] {dag.py:2676} INFO - Sync 2 DAGs
[2023-01-19T20:41:27.926+0000] {logging_mixin.py:137} INFO - [2023-01-19T20:41:27.926+0000] {dag.py:3427} INFO - Setting next_dagrun for example_xcom_args to None, run_after=None
[2023-01-19T20:41:27.931+0000] {logging_mixin.py:137} INFO - [2023-01-19T20:41:27.930+0000] {dag.py:3427} INFO - Setting next_dagrun for example_xcom_args_with_operators to None, run_after=None
[2023-01-19T20:41:27.955+0000] {processor.py:175} INFO - Processing /home/airflow/.local/lib/python3.7/site-packages/airflow/example_dags/example_xcomargs.py took 0.152 seconds
[2023-01-19T20:41:58.852+0000] {processor.py:153} INFO - Started process (PID=2258) to work on /home/airflow/.local/lib/python3.7/site-packages/airflow/example_dags/example_xcomargs.py
[2023-01-19T20:41:58.854+0000] {processor.py:743} INFO - Processing file /home/airflow/.local/lib/python3.7/site-packages/airflow/example_dags/example_xcomargs.py for tasks to queue
[2023-01-19T20:41:58.855+0000] {logging_mixin.py:137} INFO - [2023-01-19T20:41:58.855+0000] {dagbag.py:538} INFO - Filling up the DagBag from /home/airflow/.local/lib/python3.7/site-packages/airflow/example_dags/example_xcomargs.py
[2023-01-19T20:41:58.892+0000] {processor.py:753} INFO - DAG(s) dict_keys(['example_xcom_args', 'example_xcom_args_with_operators']) retrieved from /home/airflow/.local/lib/python3.7/site-packages/airflow/example_dags/example_xcomargs.py
[2023-01-19T20:41:58.943+0000] {logging_mixin.py:137} INFO - [2023-01-19T20:41:58.943+0000] {dag.py:2676} INFO - Sync 2 DAGs
[2023-01-19T20:41:58.981+0000] {logging_mixin.py:137} INFO - [2023-01-19T20:41:58.981+0000] {dag.py:3427} INFO - Setting next_dagrun for example_xcom_args to None, run_after=None
[2023-01-19T20:41:58.985+0000] {logging_mixin.py:137} INFO - [2023-01-19T20:41:58.985+0000] {dag.py:3427} INFO - Setting next_dagrun for example_xcom_args_with_operators to None, run_after=None
[2023-01-19T20:41:59.011+0000] {processor.py:175} INFO - Processing /home/airflow/.local/lib/python3.7/site-packages/airflow/example_dags/example_xcomargs.py took 0.163 seconds
[2023-01-19T20:42:29.323+0000] {processor.py:153} INFO - Started process (PID=2328) to work on /home/airflow/.local/lib/python3.7/site-packages/airflow/example_dags/example_xcomargs.py
[2023-01-19T20:42:29.325+0000] {processor.py:743} INFO - Processing file /home/airflow/.local/lib/python3.7/site-packages/airflow/example_dags/example_xcomargs.py for tasks to queue
[2023-01-19T20:42:29.325+0000] {logging_mixin.py:137} INFO - [2023-01-19T20:42:29.325+0000] {dagbag.py:538} INFO - Filling up the DagBag from /home/airflow/.local/lib/python3.7/site-packages/airflow/example_dags/example_xcomargs.py
[2023-01-19T20:42:29.367+0000] {processor.py:753} INFO - DAG(s) dict_keys(['example_xcom_args', 'example_xcom_args_with_operators']) retrieved from /home/airflow/.local/lib/python3.7/site-packages/airflow/example_dags/example_xcomargs.py
[2023-01-19T20:42:29.425+0000] {logging_mixin.py:137} INFO - [2023-01-19T20:42:29.425+0000] {dag.py:2676} INFO - Sync 2 DAGs
[2023-01-19T20:42:29.463+0000] {logging_mixin.py:137} INFO - [2023-01-19T20:42:29.462+0000] {dag.py:3427} INFO - Setting next_dagrun for example_xcom_args to None, run_after=None
[2023-01-19T20:42:29.467+0000] {logging_mixin.py:137} INFO - [2023-01-19T20:42:29.467+0000] {dag.py:3427} INFO - Setting next_dagrun for example_xcom_args_with_operators to None, run_after=None
[2023-01-19T20:42:29.494+0000] {processor.py:175} INFO - Processing /home/airflow/.local/lib/python3.7/site-packages/airflow/example_dags/example_xcomargs.py took 0.176 seconds
[2023-01-19T20:43:00.113+0000] {processor.py:153} INFO - Started process (PID=2400) to work on /home/airflow/.local/lib/python3.7/site-packages/airflow/example_dags/example_xcomargs.py
[2023-01-19T20:43:00.115+0000] {processor.py:743} INFO - Processing file /home/airflow/.local/lib/python3.7/site-packages/airflow/example_dags/example_xcomargs.py for tasks to queue
[2023-01-19T20:43:00.115+0000] {logging_mixin.py:137} INFO - [2023-01-19T20:43:00.115+0000] {dagbag.py:538} INFO - Filling up the DagBag from /home/airflow/.local/lib/python3.7/site-packages/airflow/example_dags/example_xcomargs.py
[2023-01-19T20:43:00.147+0000] {processor.py:753} INFO - DAG(s) dict_keys(['example_xcom_args', 'example_xcom_args_with_operators']) retrieved from /home/airflow/.local/lib/python3.7/site-packages/airflow/example_dags/example_xcomargs.py
[2023-01-19T20:43:00.203+0000] {logging_mixin.py:137} INFO - [2023-01-19T20:43:00.203+0000] {dag.py:2676} INFO - Sync 2 DAGs
[2023-01-19T20:43:00.233+0000] {logging_mixin.py:137} INFO - [2023-01-19T20:43:00.233+0000] {dag.py:3427} INFO - Setting next_dagrun for example_xcom_args to None, run_after=None
[2023-01-19T20:43:00.237+0000] {logging_mixin.py:137} INFO - [2023-01-19T20:43:00.237+0000] {dag.py:3427} INFO - Setting next_dagrun for example_xcom_args_with_operators to None, run_after=None
[2023-01-19T20:43:00.260+0000] {processor.py:175} INFO - Processing /home/airflow/.local/lib/python3.7/site-packages/airflow/example_dags/example_xcomargs.py took 0.151 seconds
[2023-01-19T20:43:30.544+0000] {processor.py:153} INFO - Started process (PID=2475) to work on /home/airflow/.local/lib/python3.7/site-packages/airflow/example_dags/example_xcomargs.py
[2023-01-19T20:43:30.545+0000] {processor.py:743} INFO - Processing file /home/airflow/.local/lib/python3.7/site-packages/airflow/example_dags/example_xcomargs.py for tasks to queue
[2023-01-19T20:43:30.545+0000] {logging_mixin.py:137} INFO - [2023-01-19T20:43:30.545+0000] {dagbag.py:538} INFO - Filling up the DagBag from /home/airflow/.local/lib/python3.7/site-packages/airflow/example_dags/example_xcomargs.py
[2023-01-19T20:43:30.583+0000] {processor.py:753} INFO - DAG(s) dict_keys(['example_xcom_args_with_operators', 'example_xcom_args']) retrieved from /home/airflow/.local/lib/python3.7/site-packages/airflow/example_dags/example_xcomargs.py
[2023-01-19T20:43:30.646+0000] {logging_mixin.py:137} INFO - [2023-01-19T20:43:30.646+0000] {dag.py:2676} INFO - Sync 2 DAGs
[2023-01-19T20:43:30.683+0000] {logging_mixin.py:137} INFO - [2023-01-19T20:43:30.683+0000] {dag.py:3427} INFO - Setting next_dagrun for example_xcom_args to None, run_after=None
[2023-01-19T20:43:30.688+0000] {logging_mixin.py:137} INFO - [2023-01-19T20:43:30.687+0000] {dag.py:3427} INFO - Setting next_dagrun for example_xcom_args_with_operators to None, run_after=None
[2023-01-19T20:43:30.714+0000] {processor.py:175} INFO - Processing /home/airflow/.local/lib/python3.7/site-packages/airflow/example_dags/example_xcomargs.py took 0.174 seconds
[2023-01-19T20:44:01.182+0000] {processor.py:153} INFO - Started process (PID=2563) to work on /home/airflow/.local/lib/python3.7/site-packages/airflow/example_dags/example_xcomargs.py
[2023-01-19T20:44:01.183+0000] {processor.py:743} INFO - Processing file /home/airflow/.local/lib/python3.7/site-packages/airflow/example_dags/example_xcomargs.py for tasks to queue
[2023-01-19T20:44:01.184+0000] {logging_mixin.py:137} INFO - [2023-01-19T20:44:01.184+0000] {dagbag.py:538} INFO - Filling up the DagBag from /home/airflow/.local/lib/python3.7/site-packages/airflow/example_dags/example_xcomargs.py
[2023-01-19T20:44:01.218+0000] {processor.py:753} INFO - DAG(s) dict_keys(['example_xcom_args', 'example_xcom_args_with_operators']) retrieved from /home/airflow/.local/lib/python3.7/site-packages/airflow/example_dags/example_xcomargs.py
[2023-01-19T20:44:01.271+0000] {logging_mixin.py:137} INFO - [2023-01-19T20:44:01.271+0000] {dag.py:2676} INFO - Sync 2 DAGs
[2023-01-19T20:44:01.306+0000] {logging_mixin.py:137} INFO - [2023-01-19T20:44:01.305+0000] {dag.py:3427} INFO - Setting next_dagrun for example_xcom_args to None, run_after=None
[2023-01-19T20:44:01.311+0000] {logging_mixin.py:137} INFO - [2023-01-19T20:44:01.311+0000] {dag.py:3427} INFO - Setting next_dagrun for example_xcom_args_with_operators to None, run_after=None
[2023-01-19T20:44:01.334+0000] {processor.py:175} INFO - Processing /home/airflow/.local/lib/python3.7/site-packages/airflow/example_dags/example_xcomargs.py took 0.156 seconds
[2023-01-19T20:44:31.740+0000] {processor.py:153} INFO - Started process (PID=2636) to work on /home/airflow/.local/lib/python3.7/site-packages/airflow/example_dags/example_xcomargs.py
[2023-01-19T20:44:31.741+0000] {processor.py:743} INFO - Processing file /home/airflow/.local/lib/python3.7/site-packages/airflow/example_dags/example_xcomargs.py for tasks to queue
[2023-01-19T20:44:31.742+0000] {logging_mixin.py:137} INFO - [2023-01-19T20:44:31.742+0000] {dagbag.py:538} INFO - Filling up the DagBag from /home/airflow/.local/lib/python3.7/site-packages/airflow/example_dags/example_xcomargs.py
[2023-01-19T20:44:31.776+0000] {processor.py:753} INFO - DAG(s) dict_keys(['example_xcom_args_with_operators', 'example_xcom_args']) retrieved from /home/airflow/.local/lib/python3.7/site-packages/airflow/example_dags/example_xcomargs.py
[2023-01-19T20:44:31.832+0000] {logging_mixin.py:137} INFO - [2023-01-19T20:44:31.831+0000] {dag.py:2676} INFO - Sync 2 DAGs
[2023-01-19T20:44:31.867+0000] {logging_mixin.py:137} INFO - [2023-01-19T20:44:31.867+0000] {dag.py:3427} INFO - Setting next_dagrun for example_xcom_args to None, run_after=None
[2023-01-19T20:44:31.873+0000] {logging_mixin.py:137} INFO - [2023-01-19T20:44:31.873+0000] {dag.py:3427} INFO - Setting next_dagrun for example_xcom_args_with_operators to None, run_after=None
[2023-01-19T20:44:31.897+0000] {processor.py:175} INFO - Processing /home/airflow/.local/lib/python3.7/site-packages/airflow/example_dags/example_xcomargs.py took 0.162 seconds
[2023-01-19T20:45:02.284+0000] {processor.py:153} INFO - Started process (PID=2709) to work on /home/airflow/.local/lib/python3.7/site-packages/airflow/example_dags/example_xcomargs.py
[2023-01-19T20:45:02.285+0000] {processor.py:743} INFO - Processing file /home/airflow/.local/lib/python3.7/site-packages/airflow/example_dags/example_xcomargs.py for tasks to queue
[2023-01-19T20:45:02.285+0000] {logging_mixin.py:137} INFO - [2023-01-19T20:45:02.285+0000] {dagbag.py:538} INFO - Filling up the DagBag from /home/airflow/.local/lib/python3.7/site-packages/airflow/example_dags/example_xcomargs.py
[2023-01-19T20:45:02.314+0000] {processor.py:753} INFO - DAG(s) dict_keys(['example_xcom_args_with_operators', 'example_xcom_args']) retrieved from /home/airflow/.local/lib/python3.7/site-packages/airflow/example_dags/example_xcomargs.py
[2023-01-19T20:45:02.364+0000] {logging_mixin.py:137} INFO - [2023-01-19T20:45:02.364+0000] {dag.py:2676} INFO - Sync 2 DAGs
[2023-01-19T20:45:02.396+0000] {logging_mixin.py:137} INFO - [2023-01-19T20:45:02.396+0000] {dag.py:3427} INFO - Setting next_dagrun for example_xcom_args to None, run_after=None
[2023-01-19T20:45:02.400+0000] {logging_mixin.py:137} INFO - [2023-01-19T20:45:02.400+0000] {dag.py:3427} INFO - Setting next_dagrun for example_xcom_args_with_operators to None, run_after=None
[2023-01-19T20:45:02.425+0000] {processor.py:175} INFO - Processing /home/airflow/.local/lib/python3.7/site-packages/airflow/example_dags/example_xcomargs.py took 0.146 seconds
[2023-01-19T20:45:32.828+0000] {processor.py:153} INFO - Started process (PID=2795) to work on /home/airflow/.local/lib/python3.7/site-packages/airflow/example_dags/example_xcomargs.py
[2023-01-19T20:45:32.829+0000] {processor.py:743} INFO - Processing file /home/airflow/.local/lib/python3.7/site-packages/airflow/example_dags/example_xcomargs.py for tasks to queue
[2023-01-19T20:45:32.830+0000] {logging_mixin.py:137} INFO - [2023-01-19T20:45:32.830+0000] {dagbag.py:538} INFO - Filling up the DagBag from /home/airflow/.local/lib/python3.7/site-packages/airflow/example_dags/example_xcomargs.py
[2023-01-19T20:45:32.862+0000] {processor.py:753} INFO - DAG(s) dict_keys(['example_xcom_args_with_operators', 'example_xcom_args']) retrieved from /home/airflow/.local/lib/python3.7/site-packages/airflow/example_dags/example_xcomargs.py
[2023-01-19T20:45:32.916+0000] {logging_mixin.py:137} INFO - [2023-01-19T20:45:32.915+0000] {dag.py:2676} INFO - Sync 2 DAGs
[2023-01-19T20:45:32.949+0000] {logging_mixin.py:137} INFO - [2023-01-19T20:45:32.949+0000] {dag.py:3427} INFO - Setting next_dagrun for example_xcom_args to None, run_after=None
[2023-01-19T20:45:32.953+0000] {logging_mixin.py:137} INFO - [2023-01-19T20:45:32.953+0000] {dag.py:3427} INFO - Setting next_dagrun for example_xcom_args_with_operators to None, run_after=None
[2023-01-19T20:45:32.977+0000] {processor.py:175} INFO - Processing /home/airflow/.local/lib/python3.7/site-packages/airflow/example_dags/example_xcomargs.py took 0.152 seconds
[2023-01-19T20:46:03.412+0000] {processor.py:153} INFO - Started process (PID=2867) to work on /home/airflow/.local/lib/python3.7/site-packages/airflow/example_dags/example_xcomargs.py
[2023-01-19T20:46:03.413+0000] {processor.py:743} INFO - Processing file /home/airflow/.local/lib/python3.7/site-packages/airflow/example_dags/example_xcomargs.py for tasks to queue
[2023-01-19T20:46:03.414+0000] {logging_mixin.py:137} INFO - [2023-01-19T20:46:03.414+0000] {dagbag.py:538} INFO - Filling up the DagBag from /home/airflow/.local/lib/python3.7/site-packages/airflow/example_dags/example_xcomargs.py
[2023-01-19T20:46:03.443+0000] {processor.py:753} INFO - DAG(s) dict_keys(['example_xcom_args', 'example_xcom_args_with_operators']) retrieved from /home/airflow/.local/lib/python3.7/site-packages/airflow/example_dags/example_xcomargs.py
[2023-01-19T20:46:03.492+0000] {logging_mixin.py:137} INFO - [2023-01-19T20:46:03.492+0000] {dag.py:2676} INFO - Sync 2 DAGs
[2023-01-19T20:46:03.525+0000] {logging_mixin.py:137} INFO - [2023-01-19T20:46:03.525+0000] {dag.py:3427} INFO - Setting next_dagrun for example_xcom_args to None, run_after=None
[2023-01-19T20:46:03.529+0000] {logging_mixin.py:137} INFO - [2023-01-19T20:46:03.529+0000] {dag.py:3427} INFO - Setting next_dagrun for example_xcom_args_with_operators to None, run_after=None
[2023-01-19T20:46:03.553+0000] {processor.py:175} INFO - Processing /home/airflow/.local/lib/python3.7/site-packages/airflow/example_dags/example_xcomargs.py took 0.145 seconds
[2023-01-19T20:46:33.994+0000] {processor.py:153} INFO - Started process (PID=2939) to work on /home/airflow/.local/lib/python3.7/site-packages/airflow/example_dags/example_xcomargs.py
[2023-01-19T20:46:33.995+0000] {processor.py:743} INFO - Processing file /home/airflow/.local/lib/python3.7/site-packages/airflow/example_dags/example_xcomargs.py for tasks to queue
[2023-01-19T20:46:33.996+0000] {logging_mixin.py:137} INFO - [2023-01-19T20:46:33.996+0000] {dagbag.py:538} INFO - Filling up the DagBag from /home/airflow/.local/lib/python3.7/site-packages/airflow/example_dags/example_xcomargs.py
[2023-01-19T20:46:34.039+0000] {processor.py:753} INFO - DAG(s) dict_keys(['example_xcom_args_with_operators', 'example_xcom_args']) retrieved from /home/airflow/.local/lib/python3.7/site-packages/airflow/example_dags/example_xcomargs.py
[2023-01-19T20:46:34.093+0000] {logging_mixin.py:137} INFO - [2023-01-19T20:46:34.093+0000] {dag.py:2676} INFO - Sync 2 DAGs
[2023-01-19T20:46:34.137+0000] {logging_mixin.py:137} INFO - [2023-01-19T20:46:34.137+0000] {dag.py:3427} INFO - Setting next_dagrun for example_xcom_args to None, run_after=None
[2023-01-19T20:46:34.142+0000] {logging_mixin.py:137} INFO - [2023-01-19T20:46:34.142+0000] {dag.py:3427} INFO - Setting next_dagrun for example_xcom_args_with_operators to None, run_after=None
[2023-01-19T20:46:34.172+0000] {processor.py:175} INFO - Processing /home/airflow/.local/lib/python3.7/site-packages/airflow/example_dags/example_xcomargs.py took 0.184 seconds
[2023-01-19T20:47:04.605+0000] {processor.py:153} INFO - Started process (PID=3020) to work on /home/airflow/.local/lib/python3.7/site-packages/airflow/example_dags/example_xcomargs.py
[2023-01-19T20:47:04.606+0000] {processor.py:743} INFO - Processing file /home/airflow/.local/lib/python3.7/site-packages/airflow/example_dags/example_xcomargs.py for tasks to queue
[2023-01-19T20:47:04.607+0000] {logging_mixin.py:137} INFO - [2023-01-19T20:47:04.607+0000] {dagbag.py:538} INFO - Filling up the DagBag from /home/airflow/.local/lib/python3.7/site-packages/airflow/example_dags/example_xcomargs.py
[2023-01-19T20:47:04.663+0000] {processor.py:753} INFO - DAG(s) dict_keys(['example_xcom_args_with_operators', 'example_xcom_args']) retrieved from /home/airflow/.local/lib/python3.7/site-packages/airflow/example_dags/example_xcomargs.py
[2023-01-19T20:47:04.804+0000] {logging_mixin.py:137} INFO - [2023-01-19T20:47:04.804+0000] {dag.py:2676} INFO - Sync 2 DAGs
[2023-01-19T20:47:04.849+0000] {logging_mixin.py:137} INFO - [2023-01-19T20:47:04.849+0000] {dag.py:3427} INFO - Setting next_dagrun for example_xcom_args to None, run_after=None
[2023-01-19T20:47:04.853+0000] {logging_mixin.py:137} INFO - [2023-01-19T20:47:04.853+0000] {dag.py:3427} INFO - Setting next_dagrun for example_xcom_args_with_operators to None, run_after=None
[2023-01-19T20:47:04.882+0000] {processor.py:175} INFO - Processing /home/airflow/.local/lib/python3.7/site-packages/airflow/example_dags/example_xcomargs.py took 0.282 seconds
