[2023-01-19T20:21:30.685+0000] {processor.py:153} INFO - Started process (PID=75) to work on /home/airflow/.local/lib/python3.7/site-packages/airflow/example_dags/example_latest_only.py
[2023-01-19T20:21:30.686+0000] {processor.py:743} INFO - Processing file /home/airflow/.local/lib/python3.7/site-packages/airflow/example_dags/example_latest_only.py for tasks to queue
[2023-01-19T20:21:30.687+0000] {logging_mixin.py:137} INFO - [2023-01-19T20:21:30.687+0000] {dagbag.py:538} INFO - Filling up the DagBag from /home/airflow/.local/lib/python3.7/site-packages/airflow/example_dags/example_latest_only.py
[2023-01-19T20:21:30.710+0000] {processor.py:753} INFO - DAG(s) dict_keys(['latest_only']) retrieved from /home/airflow/.local/lib/python3.7/site-packages/airflow/example_dags/example_latest_only.py
[2023-01-19T20:21:30.763+0000] {logging_mixin.py:137} INFO - [2023-01-19T20:21:30.763+0000] {dag.py:2676} INFO - Sync 1 DAGs
[2023-01-19T20:21:30.812+0000] {logging_mixin.py:137} INFO - [2023-01-19T20:21:30.812+0000] {dag.py:3427} INFO - Setting next_dagrun for latest_only to 2023-01-19T16:21:30.812185+00:00, run_after=2023-01-19T20:21:30.812185+00:00
[2023-01-19T20:21:30.842+0000] {processor.py:175} INFO - Processing /home/airflow/.local/lib/python3.7/site-packages/airflow/example_dags/example_latest_only.py took 0.161 seconds
[2023-01-19T20:22:48.350+0000] {processor.py:153} INFO - Started process (PID=75) to work on /home/airflow/.local/lib/python3.7/site-packages/airflow/example_dags/example_latest_only.py
[2023-01-19T20:22:48.361+0000] {processor.py:743} INFO - Processing file /home/airflow/.local/lib/python3.7/site-packages/airflow/example_dags/example_latest_only.py for tasks to queue
[2023-01-19T20:22:48.362+0000] {logging_mixin.py:137} INFO - [2023-01-19T20:22:48.362+0000] {dagbag.py:538} INFO - Filling up the DagBag from /home/airflow/.local/lib/python3.7/site-packages/airflow/example_dags/example_latest_only.py
[2023-01-19T20:22:48.392+0000] {processor.py:753} INFO - DAG(s) dict_keys(['latest_only']) retrieved from /home/airflow/.local/lib/python3.7/site-packages/airflow/example_dags/example_latest_only.py
[2023-01-19T20:22:48.459+0000] {logging_mixin.py:137} INFO - [2023-01-19T20:22:48.459+0000] {dag.py:2676} INFO - Sync 1 DAGs
[2023-01-19T20:22:48.509+0000] {logging_mixin.py:137} INFO - [2023-01-19T20:22:48.509+0000] {dag.py:3427} INFO - Setting next_dagrun for latest_only to 2023-01-19T16:22:48.508853+00:00, run_after=2023-01-19T20:22:48.508853+00:00
[2023-01-19T20:22:48.546+0000] {processor.py:175} INFO - Processing /home/airflow/.local/lib/python3.7/site-packages/airflow/example_dags/example_latest_only.py took 0.202 seconds
[2023-01-19T20:23:19.307+0000] {processor.py:153} INFO - Started process (PID=147) to work on /home/airflow/.local/lib/python3.7/site-packages/airflow/example_dags/example_latest_only.py
[2023-01-19T20:23:19.308+0000] {processor.py:743} INFO - Processing file /home/airflow/.local/lib/python3.7/site-packages/airflow/example_dags/example_latest_only.py for tasks to queue
[2023-01-19T20:23:19.309+0000] {logging_mixin.py:137} INFO - [2023-01-19T20:23:19.309+0000] {dagbag.py:538} INFO - Filling up the DagBag from /home/airflow/.local/lib/python3.7/site-packages/airflow/example_dags/example_latest_only.py
[2023-01-19T20:23:19.334+0000] {processor.py:753} INFO - DAG(s) dict_keys(['latest_only']) retrieved from /home/airflow/.local/lib/python3.7/site-packages/airflow/example_dags/example_latest_only.py
[2023-01-19T20:23:19.400+0000] {logging_mixin.py:137} INFO - [2023-01-19T20:23:19.400+0000] {dag.py:2676} INFO - Sync 1 DAGs
[2023-01-19T20:23:19.449+0000] {logging_mixin.py:137} INFO - [2023-01-19T20:23:19.449+0000] {dag.py:3427} INFO - Setting next_dagrun for latest_only to 2023-01-19T16:23:19.449083+00:00, run_after=2023-01-19T20:23:19.449083+00:00
[2023-01-19T20:23:19.485+0000] {processor.py:175} INFO - Processing /home/airflow/.local/lib/python3.7/site-packages/airflow/example_dags/example_latest_only.py took 0.184 seconds
[2023-01-19T20:23:49.581+0000] {processor.py:153} INFO - Started process (PID=219) to work on /home/airflow/.local/lib/python3.7/site-packages/airflow/example_dags/example_latest_only.py
[2023-01-19T20:23:49.582+0000] {processor.py:743} INFO - Processing file /home/airflow/.local/lib/python3.7/site-packages/airflow/example_dags/example_latest_only.py for tasks to queue
[2023-01-19T20:23:49.583+0000] {logging_mixin.py:137} INFO - [2023-01-19T20:23:49.583+0000] {dagbag.py:538} INFO - Filling up the DagBag from /home/airflow/.local/lib/python3.7/site-packages/airflow/example_dags/example_latest_only.py
[2023-01-19T20:23:49.598+0000] {processor.py:753} INFO - DAG(s) dict_keys(['latest_only']) retrieved from /home/airflow/.local/lib/python3.7/site-packages/airflow/example_dags/example_latest_only.py
[2023-01-19T20:23:49.642+0000] {logging_mixin.py:137} INFO - [2023-01-19T20:23:49.642+0000] {dag.py:2676} INFO - Sync 1 DAGs
[2023-01-19T20:23:49.674+0000] {logging_mixin.py:137} INFO - [2023-01-19T20:23:49.674+0000] {dag.py:3427} INFO - Setting next_dagrun for latest_only to 2023-01-19T16:23:49.673822+00:00, run_after=2023-01-19T20:23:49.673822+00:00
[2023-01-19T20:23:49.700+0000] {processor.py:175} INFO - Processing /home/airflow/.local/lib/python3.7/site-packages/airflow/example_dags/example_latest_only.py took 0.122 seconds
[2023-01-19T20:24:19.867+0000] {processor.py:153} INFO - Started process (PID=301) to work on /home/airflow/.local/lib/python3.7/site-packages/airflow/example_dags/example_latest_only.py
[2023-01-19T20:24:19.868+0000] {processor.py:743} INFO - Processing file /home/airflow/.local/lib/python3.7/site-packages/airflow/example_dags/example_latest_only.py for tasks to queue
[2023-01-19T20:24:19.869+0000] {logging_mixin.py:137} INFO - [2023-01-19T20:24:19.869+0000] {dagbag.py:538} INFO - Filling up the DagBag from /home/airflow/.local/lib/python3.7/site-packages/airflow/example_dags/example_latest_only.py
[2023-01-19T20:24:19.885+0000] {processor.py:753} INFO - DAG(s) dict_keys(['latest_only']) retrieved from /home/airflow/.local/lib/python3.7/site-packages/airflow/example_dags/example_latest_only.py
[2023-01-19T20:24:19.939+0000] {logging_mixin.py:137} INFO - [2023-01-19T20:24:19.939+0000] {dag.py:2676} INFO - Sync 1 DAGs
[2023-01-19T20:24:19.976+0000] {logging_mixin.py:137} INFO - [2023-01-19T20:24:19.976+0000] {dag.py:3427} INFO - Setting next_dagrun for latest_only to 2023-01-19T16:24:19.976322+00:00, run_after=2023-01-19T20:24:19.976322+00:00
[2023-01-19T20:24:20.002+0000] {processor.py:175} INFO - Processing /home/airflow/.local/lib/python3.7/site-packages/airflow/example_dags/example_latest_only.py took 0.138 seconds
[2023-01-19T20:24:50.478+0000] {processor.py:153} INFO - Started process (PID=380) to work on /home/airflow/.local/lib/python3.7/site-packages/airflow/example_dags/example_latest_only.py
[2023-01-19T20:24:50.480+0000] {processor.py:743} INFO - Processing file /home/airflow/.local/lib/python3.7/site-packages/airflow/example_dags/example_latest_only.py for tasks to queue
[2023-01-19T20:24:50.481+0000] {logging_mixin.py:137} INFO - [2023-01-19T20:24:50.481+0000] {dagbag.py:538} INFO - Filling up the DagBag from /home/airflow/.local/lib/python3.7/site-packages/airflow/example_dags/example_latest_only.py
[2023-01-19T20:24:50.504+0000] {processor.py:753} INFO - DAG(s) dict_keys(['latest_only']) retrieved from /home/airflow/.local/lib/python3.7/site-packages/airflow/example_dags/example_latest_only.py
[2023-01-19T20:24:50.555+0000] {logging_mixin.py:137} INFO - [2023-01-19T20:24:50.555+0000] {dag.py:2676} INFO - Sync 1 DAGs
[2023-01-19T20:24:50.595+0000] {logging_mixin.py:137} INFO - [2023-01-19T20:24:50.595+0000] {dag.py:3427} INFO - Setting next_dagrun for latest_only to 2023-01-19T16:24:50.595117+00:00, run_after=2023-01-19T20:24:50.595117+00:00
[2023-01-19T20:24:50.633+0000] {processor.py:175} INFO - Processing /home/airflow/.local/lib/python3.7/site-packages/airflow/example_dags/example_latest_only.py took 0.159 seconds
[2023-01-19T20:25:20.747+0000] {processor.py:153} INFO - Started process (PID=452) to work on /home/airflow/.local/lib/python3.7/site-packages/airflow/example_dags/example_latest_only.py
[2023-01-19T20:25:20.748+0000] {processor.py:743} INFO - Processing file /home/airflow/.local/lib/python3.7/site-packages/airflow/example_dags/example_latest_only.py for tasks to queue
[2023-01-19T20:25:20.749+0000] {logging_mixin.py:137} INFO - [2023-01-19T20:25:20.749+0000] {dagbag.py:538} INFO - Filling up the DagBag from /home/airflow/.local/lib/python3.7/site-packages/airflow/example_dags/example_latest_only.py
[2023-01-19T20:25:20.768+0000] {processor.py:753} INFO - DAG(s) dict_keys(['latest_only']) retrieved from /home/airflow/.local/lib/python3.7/site-packages/airflow/example_dags/example_latest_only.py
[2023-01-19T20:25:20.824+0000] {logging_mixin.py:137} INFO - [2023-01-19T20:25:20.823+0000] {dag.py:2676} INFO - Sync 1 DAGs
[2023-01-19T20:25:20.865+0000] {logging_mixin.py:137} INFO - [2023-01-19T20:25:20.865+0000] {dag.py:3427} INFO - Setting next_dagrun for latest_only to 2023-01-19T16:25:20.864608+00:00, run_after=2023-01-19T20:25:20.864608+00:00
[2023-01-19T20:25:20.900+0000] {processor.py:175} INFO - Processing /home/airflow/.local/lib/python3.7/site-packages/airflow/example_dags/example_latest_only.py took 0.157 seconds
[2023-01-19T20:25:51.070+0000] {processor.py:153} INFO - Started process (PID=524) to work on /home/airflow/.local/lib/python3.7/site-packages/airflow/example_dags/example_latest_only.py
[2023-01-19T20:25:51.071+0000] {processor.py:743} INFO - Processing file /home/airflow/.local/lib/python3.7/site-packages/airflow/example_dags/example_latest_only.py for tasks to queue
[2023-01-19T20:25:51.072+0000] {logging_mixin.py:137} INFO - [2023-01-19T20:25:51.071+0000] {dagbag.py:538} INFO - Filling up the DagBag from /home/airflow/.local/lib/python3.7/site-packages/airflow/example_dags/example_latest_only.py
[2023-01-19T20:25:51.089+0000] {processor.py:753} INFO - DAG(s) dict_keys(['latest_only']) retrieved from /home/airflow/.local/lib/python3.7/site-packages/airflow/example_dags/example_latest_only.py
[2023-01-19T20:25:51.122+0000] {logging_mixin.py:137} INFO - [2023-01-19T20:25:51.122+0000] {dag.py:2676} INFO - Sync 1 DAGs
[2023-01-19T20:25:51.156+0000] {logging_mixin.py:137} INFO - [2023-01-19T20:25:51.156+0000] {dag.py:3427} INFO - Setting next_dagrun for latest_only to 2023-01-19T16:25:51.156107+00:00, run_after=2023-01-19T20:25:51.156107+00:00
[2023-01-19T20:25:51.182+0000] {processor.py:175} INFO - Processing /home/airflow/.local/lib/python3.7/site-packages/airflow/example_dags/example_latest_only.py took 0.117 seconds
[2023-01-19T20:27:38.923+0000] {processor.py:153} INFO - Started process (PID=75) to work on /home/airflow/.local/lib/python3.7/site-packages/airflow/example_dags/example_latest_only.py
[2023-01-19T20:27:38.924+0000] {processor.py:743} INFO - Processing file /home/airflow/.local/lib/python3.7/site-packages/airflow/example_dags/example_latest_only.py for tasks to queue
[2023-01-19T20:27:38.925+0000] {logging_mixin.py:137} INFO - [2023-01-19T20:27:38.925+0000] {dagbag.py:538} INFO - Filling up the DagBag from /home/airflow/.local/lib/python3.7/site-packages/airflow/example_dags/example_latest_only.py
[2023-01-19T20:27:38.944+0000] {processor.py:753} INFO - DAG(s) dict_keys(['latest_only']) retrieved from /home/airflow/.local/lib/python3.7/site-packages/airflow/example_dags/example_latest_only.py
[2023-01-19T20:27:39.120+0000] {logging_mixin.py:137} INFO - [2023-01-19T20:27:39.120+0000] {manager.py:504} INFO - Created Permission View: can delete on DAG:latest_only
[2023-01-19T20:27:39.134+0000] {logging_mixin.py:137} INFO - [2023-01-19T20:27:39.134+0000] {manager.py:504} INFO - Created Permission View: can edit on DAG:latest_only
[2023-01-19T20:27:39.145+0000] {logging_mixin.py:137} INFO - [2023-01-19T20:27:39.145+0000] {manager.py:504} INFO - Created Permission View: can read on DAG:latest_only
[2023-01-19T20:27:39.146+0000] {logging_mixin.py:137} INFO - [2023-01-19T20:27:39.145+0000] {dag.py:2676} INFO - Sync 1 DAGs
[2023-01-19T20:27:39.163+0000] {logging_mixin.py:137} INFO - [2023-01-19T20:27:39.163+0000] {dag.py:2697} INFO - Creating ORM DAG for latest_only
[2023-01-19T20:27:39.179+0000] {logging_mixin.py:137} INFO - [2023-01-19T20:27:39.179+0000] {dag.py:3427} INFO - Setting next_dagrun for latest_only to 2023-01-19T16:27:39.179349+00:00, run_after=2023-01-19T20:27:39.179349+00:00
[2023-01-19T20:27:39.210+0000] {processor.py:175} INFO - Processing /home/airflow/.local/lib/python3.7/site-packages/airflow/example_dags/example_latest_only.py took 0.291 seconds
[2023-01-19T20:28:09.997+0000] {processor.py:153} INFO - Started process (PID=147) to work on /home/airflow/.local/lib/python3.7/site-packages/airflow/example_dags/example_latest_only.py
[2023-01-19T20:28:09.999+0000] {processor.py:743} INFO - Processing file /home/airflow/.local/lib/python3.7/site-packages/airflow/example_dags/example_latest_only.py for tasks to queue
[2023-01-19T20:28:10.001+0000] {logging_mixin.py:137} INFO - [2023-01-19T20:28:10.000+0000] {dagbag.py:538} INFO - Filling up the DagBag from /home/airflow/.local/lib/python3.7/site-packages/airflow/example_dags/example_latest_only.py
[2023-01-19T20:28:10.027+0000] {processor.py:753} INFO - DAG(s) dict_keys(['latest_only']) retrieved from /home/airflow/.local/lib/python3.7/site-packages/airflow/example_dags/example_latest_only.py
[2023-01-19T20:28:10.091+0000] {logging_mixin.py:137} INFO - [2023-01-19T20:28:10.091+0000] {dag.py:2676} INFO - Sync 1 DAGs
[2023-01-19T20:28:10.138+0000] {logging_mixin.py:137} INFO - [2023-01-19T20:28:10.138+0000] {dag.py:3427} INFO - Setting next_dagrun for latest_only to 2023-01-19T16:28:10.138002+00:00, run_after=2023-01-19T20:28:10.138002+00:00
[2023-01-19T20:28:10.168+0000] {processor.py:175} INFO - Processing /home/airflow/.local/lib/python3.7/site-packages/airflow/example_dags/example_latest_only.py took 0.177 seconds
[2023-01-19T20:28:41.267+0000] {processor.py:153} INFO - Started process (PID=235) to work on /home/airflow/.local/lib/python3.7/site-packages/airflow/example_dags/example_latest_only.py
[2023-01-19T20:28:41.268+0000] {processor.py:743} INFO - Processing file /home/airflow/.local/lib/python3.7/site-packages/airflow/example_dags/example_latest_only.py for tasks to queue
[2023-01-19T20:28:41.269+0000] {logging_mixin.py:137} INFO - [2023-01-19T20:28:41.269+0000] {dagbag.py:538} INFO - Filling up the DagBag from /home/airflow/.local/lib/python3.7/site-packages/airflow/example_dags/example_latest_only.py
[2023-01-19T20:28:41.289+0000] {processor.py:753} INFO - DAG(s) dict_keys(['latest_only']) retrieved from /home/airflow/.local/lib/python3.7/site-packages/airflow/example_dags/example_latest_only.py
[2023-01-19T20:28:41.360+0000] {logging_mixin.py:137} INFO - [2023-01-19T20:28:41.360+0000] {dag.py:2676} INFO - Sync 1 DAGs
[2023-01-19T20:28:41.408+0000] {logging_mixin.py:137} INFO - [2023-01-19T20:28:41.408+0000] {dag.py:3427} INFO - Setting next_dagrun for latest_only to 2023-01-19T16:28:41.407743+00:00, run_after=2023-01-19T20:28:41.407743+00:00
[2023-01-19T20:28:41.454+0000] {processor.py:175} INFO - Processing /home/airflow/.local/lib/python3.7/site-packages/airflow/example_dags/example_latest_only.py took 0.192 seconds
[2023-01-19T20:29:11.747+0000] {processor.py:153} INFO - Started process (PID=308) to work on /home/airflow/.local/lib/python3.7/site-packages/airflow/example_dags/example_latest_only.py
[2023-01-19T20:29:11.749+0000] {processor.py:743} INFO - Processing file /home/airflow/.local/lib/python3.7/site-packages/airflow/example_dags/example_latest_only.py for tasks to queue
[2023-01-19T20:29:11.750+0000] {logging_mixin.py:137} INFO - [2023-01-19T20:29:11.749+0000] {dagbag.py:538} INFO - Filling up the DagBag from /home/airflow/.local/lib/python3.7/site-packages/airflow/example_dags/example_latest_only.py
[2023-01-19T20:29:11.767+0000] {processor.py:753} INFO - DAG(s) dict_keys(['latest_only']) retrieved from /home/airflow/.local/lib/python3.7/site-packages/airflow/example_dags/example_latest_only.py
[2023-01-19T20:29:11.818+0000] {logging_mixin.py:137} INFO - [2023-01-19T20:29:11.818+0000] {dag.py:2676} INFO - Sync 1 DAGs
[2023-01-19T20:29:11.857+0000] {logging_mixin.py:137} INFO - [2023-01-19T20:29:11.856+0000] {dag.py:3427} INFO - Setting next_dagrun for latest_only to 2023-01-19T16:29:11.856665+00:00, run_after=2023-01-19T20:29:11.856665+00:00
[2023-01-19T20:29:11.885+0000] {processor.py:175} INFO - Processing /home/airflow/.local/lib/python3.7/site-packages/airflow/example_dags/example_latest_only.py took 0.142 seconds
[2023-01-19T20:29:42.002+0000] {processor.py:153} INFO - Started process (PID=381) to work on /home/airflow/.local/lib/python3.7/site-packages/airflow/example_dags/example_latest_only.py
[2023-01-19T20:29:42.004+0000] {processor.py:743} INFO - Processing file /home/airflow/.local/lib/python3.7/site-packages/airflow/example_dags/example_latest_only.py for tasks to queue
[2023-01-19T20:29:42.005+0000] {logging_mixin.py:137} INFO - [2023-01-19T20:29:42.005+0000] {dagbag.py:538} INFO - Filling up the DagBag from /home/airflow/.local/lib/python3.7/site-packages/airflow/example_dags/example_latest_only.py
[2023-01-19T20:29:42.026+0000] {processor.py:753} INFO - DAG(s) dict_keys(['latest_only']) retrieved from /home/airflow/.local/lib/python3.7/site-packages/airflow/example_dags/example_latest_only.py
[2023-01-19T20:29:42.077+0000] {logging_mixin.py:137} INFO - [2023-01-19T20:29:42.077+0000] {dag.py:2676} INFO - Sync 1 DAGs
[2023-01-19T20:29:42.117+0000] {logging_mixin.py:137} INFO - [2023-01-19T20:29:42.117+0000] {dag.py:3427} INFO - Setting next_dagrun for latest_only to 2023-01-19T16:29:42.117360+00:00, run_after=2023-01-19T20:29:42.117360+00:00
[2023-01-19T20:29:42.152+0000] {processor.py:175} INFO - Processing /home/airflow/.local/lib/python3.7/site-packages/airflow/example_dags/example_latest_only.py took 0.155 seconds
[2023-01-19T20:30:12.420+0000] {processor.py:153} INFO - Started process (PID=453) to work on /home/airflow/.local/lib/python3.7/site-packages/airflow/example_dags/example_latest_only.py
[2023-01-19T20:30:12.421+0000] {processor.py:743} INFO - Processing file /home/airflow/.local/lib/python3.7/site-packages/airflow/example_dags/example_latest_only.py for tasks to queue
[2023-01-19T20:30:12.422+0000] {logging_mixin.py:137} INFO - [2023-01-19T20:30:12.421+0000] {dagbag.py:538} INFO - Filling up the DagBag from /home/airflow/.local/lib/python3.7/site-packages/airflow/example_dags/example_latest_only.py
[2023-01-19T20:30:12.440+0000] {processor.py:753} INFO - DAG(s) dict_keys(['latest_only']) retrieved from /home/airflow/.local/lib/python3.7/site-packages/airflow/example_dags/example_latest_only.py
[2023-01-19T20:30:12.487+0000] {logging_mixin.py:137} INFO - [2023-01-19T20:30:12.487+0000] {dag.py:2676} INFO - Sync 1 DAGs
[2023-01-19T20:30:12.524+0000] {logging_mixin.py:137} INFO - [2023-01-19T20:30:12.523+0000] {dag.py:3427} INFO - Setting next_dagrun for latest_only to 2023-01-19T16:30:12.523613+00:00, run_after=2023-01-19T20:30:12.523613+00:00
[2023-01-19T20:30:12.555+0000] {processor.py:175} INFO - Processing /home/airflow/.local/lib/python3.7/site-packages/airflow/example_dags/example_latest_only.py took 0.139 seconds
[2023-01-19T20:30:42.810+0000] {processor.py:153} INFO - Started process (PID=541) to work on /home/airflow/.local/lib/python3.7/site-packages/airflow/example_dags/example_latest_only.py
[2023-01-19T20:30:42.810+0000] {processor.py:743} INFO - Processing file /home/airflow/.local/lib/python3.7/site-packages/airflow/example_dags/example_latest_only.py for tasks to queue
[2023-01-19T20:30:42.811+0000] {logging_mixin.py:137} INFO - [2023-01-19T20:30:42.811+0000] {dagbag.py:538} INFO - Filling up the DagBag from /home/airflow/.local/lib/python3.7/site-packages/airflow/example_dags/example_latest_only.py
[2023-01-19T20:30:42.828+0000] {processor.py:753} INFO - DAG(s) dict_keys(['latest_only']) retrieved from /home/airflow/.local/lib/python3.7/site-packages/airflow/example_dags/example_latest_only.py
[2023-01-19T20:30:42.886+0000] {logging_mixin.py:137} INFO - [2023-01-19T20:30:42.885+0000] {dag.py:2676} INFO - Sync 1 DAGs
[2023-01-19T20:30:42.934+0000] {logging_mixin.py:137} INFO - [2023-01-19T20:30:42.933+0000] {dag.py:3427} INFO - Setting next_dagrun for latest_only to 2023-01-19T16:30:42.933397+00:00, run_after=2023-01-19T20:30:42.933397+00:00
[2023-01-19T20:30:42.962+0000] {processor.py:175} INFO - Processing /home/airflow/.local/lib/python3.7/site-packages/airflow/example_dags/example_latest_only.py took 0.157 seconds
[2023-01-19T20:31:14.113+0000] {processor.py:153} INFO - Started process (PID=613) to work on /home/airflow/.local/lib/python3.7/site-packages/airflow/example_dags/example_latest_only.py
[2023-01-19T20:31:14.115+0000] {processor.py:743} INFO - Processing file /home/airflow/.local/lib/python3.7/site-packages/airflow/example_dags/example_latest_only.py for tasks to queue
[2023-01-19T20:31:14.116+0000] {logging_mixin.py:137} INFO - [2023-01-19T20:31:14.116+0000] {dagbag.py:538} INFO - Filling up the DagBag from /home/airflow/.local/lib/python3.7/site-packages/airflow/example_dags/example_latest_only.py
[2023-01-19T20:31:14.144+0000] {processor.py:753} INFO - DAG(s) dict_keys(['latest_only']) retrieved from /home/airflow/.local/lib/python3.7/site-packages/airflow/example_dags/example_latest_only.py
[2023-01-19T20:31:14.223+0000] {logging_mixin.py:137} INFO - [2023-01-19T20:31:14.223+0000] {dag.py:2676} INFO - Sync 1 DAGs
[2023-01-19T20:31:14.281+0000] {logging_mixin.py:137} INFO - [2023-01-19T20:31:14.280+0000] {dag.py:3427} INFO - Setting next_dagrun for latest_only to 2023-01-19T16:31:14.280443+00:00, run_after=2023-01-19T20:31:14.280443+00:00
[2023-01-19T20:31:14.320+0000] {processor.py:175} INFO - Processing /home/airflow/.local/lib/python3.7/site-packages/airflow/example_dags/example_latest_only.py took 0.213 seconds
[2023-01-19T20:31:45.005+0000] {processor.py:153} INFO - Started process (PID=685) to work on /home/airflow/.local/lib/python3.7/site-packages/airflow/example_dags/example_latest_only.py
[2023-01-19T20:31:45.006+0000] {processor.py:743} INFO - Processing file /home/airflow/.local/lib/python3.7/site-packages/airflow/example_dags/example_latest_only.py for tasks to queue
[2023-01-19T20:31:45.007+0000] {logging_mixin.py:137} INFO - [2023-01-19T20:31:45.007+0000] {dagbag.py:538} INFO - Filling up the DagBag from /home/airflow/.local/lib/python3.7/site-packages/airflow/example_dags/example_latest_only.py
[2023-01-19T20:31:45.027+0000] {processor.py:753} INFO - DAG(s) dict_keys(['latest_only']) retrieved from /home/airflow/.local/lib/python3.7/site-packages/airflow/example_dags/example_latest_only.py
[2023-01-19T20:31:45.082+0000] {logging_mixin.py:137} INFO - [2023-01-19T20:31:45.081+0000] {dag.py:2676} INFO - Sync 1 DAGs
[2023-01-19T20:31:45.118+0000] {logging_mixin.py:137} INFO - [2023-01-19T20:31:45.118+0000] {dag.py:3427} INFO - Setting next_dagrun for latest_only to 2023-01-19T16:31:45.117832+00:00, run_after=2023-01-19T20:31:45.117832+00:00
[2023-01-19T20:31:45.147+0000] {processor.py:175} INFO - Processing /home/airflow/.local/lib/python3.7/site-packages/airflow/example_dags/example_latest_only.py took 0.146 seconds
[2023-01-19T20:32:15.323+0000] {processor.py:153} INFO - Started process (PID=774) to work on /home/airflow/.local/lib/python3.7/site-packages/airflow/example_dags/example_latest_only.py
[2023-01-19T20:32:15.324+0000] {processor.py:743} INFO - Processing file /home/airflow/.local/lib/python3.7/site-packages/airflow/example_dags/example_latest_only.py for tasks to queue
[2023-01-19T20:32:15.325+0000] {logging_mixin.py:137} INFO - [2023-01-19T20:32:15.325+0000] {dagbag.py:538} INFO - Filling up the DagBag from /home/airflow/.local/lib/python3.7/site-packages/airflow/example_dags/example_latest_only.py
[2023-01-19T20:32:15.349+0000] {processor.py:753} INFO - DAG(s) dict_keys(['latest_only']) retrieved from /home/airflow/.local/lib/python3.7/site-packages/airflow/example_dags/example_latest_only.py
[2023-01-19T20:32:15.473+0000] {logging_mixin.py:137} INFO - [2023-01-19T20:32:15.472+0000] {dag.py:2676} INFO - Sync 1 DAGs
[2023-01-19T20:32:15.514+0000] {logging_mixin.py:137} INFO - [2023-01-19T20:32:15.514+0000] {dag.py:3427} INFO - Setting next_dagrun for latest_only to 2023-01-19T16:32:15.513897+00:00, run_after=2023-01-19T20:32:15.513897+00:00
[2023-01-19T20:32:15.541+0000] {processor.py:175} INFO - Processing /home/airflow/.local/lib/python3.7/site-packages/airflow/example_dags/example_latest_only.py took 0.224 seconds
[2023-01-19T20:32:45.685+0000] {processor.py:153} INFO - Started process (PID=846) to work on /home/airflow/.local/lib/python3.7/site-packages/airflow/example_dags/example_latest_only.py
[2023-01-19T20:32:45.686+0000] {processor.py:743} INFO - Processing file /home/airflow/.local/lib/python3.7/site-packages/airflow/example_dags/example_latest_only.py for tasks to queue
[2023-01-19T20:32:45.687+0000] {logging_mixin.py:137} INFO - [2023-01-19T20:32:45.687+0000] {dagbag.py:538} INFO - Filling up the DagBag from /home/airflow/.local/lib/python3.7/site-packages/airflow/example_dags/example_latest_only.py
[2023-01-19T20:32:45.709+0000] {processor.py:753} INFO - DAG(s) dict_keys(['latest_only']) retrieved from /home/airflow/.local/lib/python3.7/site-packages/airflow/example_dags/example_latest_only.py
[2023-01-19T20:32:45.759+0000] {logging_mixin.py:137} INFO - [2023-01-19T20:32:45.759+0000] {dag.py:2676} INFO - Sync 1 DAGs
[2023-01-19T20:32:45.795+0000] {logging_mixin.py:137} INFO - [2023-01-19T20:32:45.795+0000] {dag.py:3427} INFO - Setting next_dagrun for latest_only to 2023-01-19T16:32:45.794824+00:00, run_after=2023-01-19T20:32:45.794824+00:00
[2023-01-19T20:32:45.821+0000] {processor.py:175} INFO - Processing /home/airflow/.local/lib/python3.7/site-packages/airflow/example_dags/example_latest_only.py took 0.141 seconds
[2023-01-19T20:33:15.982+0000] {processor.py:153} INFO - Started process (PID=918) to work on /home/airflow/.local/lib/python3.7/site-packages/airflow/example_dags/example_latest_only.py
[2023-01-19T20:33:15.983+0000] {processor.py:743} INFO - Processing file /home/airflow/.local/lib/python3.7/site-packages/airflow/example_dags/example_latest_only.py for tasks to queue
[2023-01-19T20:33:15.984+0000] {logging_mixin.py:137} INFO - [2023-01-19T20:33:15.984+0000] {dagbag.py:538} INFO - Filling up the DagBag from /home/airflow/.local/lib/python3.7/site-packages/airflow/example_dags/example_latest_only.py
[2023-01-19T20:33:16.001+0000] {processor.py:753} INFO - DAG(s) dict_keys(['latest_only']) retrieved from /home/airflow/.local/lib/python3.7/site-packages/airflow/example_dags/example_latest_only.py
[2023-01-19T20:33:16.052+0000] {logging_mixin.py:137} INFO - [2023-01-19T20:33:16.052+0000] {dag.py:2676} INFO - Sync 1 DAGs
[2023-01-19T20:33:16.092+0000] {logging_mixin.py:137} INFO - [2023-01-19T20:33:16.092+0000] {dag.py:3427} INFO - Setting next_dagrun for latest_only to 2023-01-19T16:33:16.091771+00:00, run_after=2023-01-19T20:33:16.091771+00:00
[2023-01-19T20:33:16.119+0000] {processor.py:175} INFO - Processing /home/airflow/.local/lib/python3.7/site-packages/airflow/example_dags/example_latest_only.py took 0.143 seconds
[2023-01-19T20:33:46.167+0000] {processor.py:153} INFO - Started process (PID=990) to work on /home/airflow/.local/lib/python3.7/site-packages/airflow/example_dags/example_latest_only.py
[2023-01-19T20:33:46.168+0000] {processor.py:743} INFO - Processing file /home/airflow/.local/lib/python3.7/site-packages/airflow/example_dags/example_latest_only.py for tasks to queue
[2023-01-19T20:33:46.169+0000] {logging_mixin.py:137} INFO - [2023-01-19T20:33:46.169+0000] {dagbag.py:538} INFO - Filling up the DagBag from /home/airflow/.local/lib/python3.7/site-packages/airflow/example_dags/example_latest_only.py
[2023-01-19T20:33:46.186+0000] {processor.py:753} INFO - DAG(s) dict_keys(['latest_only']) retrieved from /home/airflow/.local/lib/python3.7/site-packages/airflow/example_dags/example_latest_only.py
[2023-01-19T20:33:46.234+0000] {logging_mixin.py:137} INFO - [2023-01-19T20:33:46.233+0000] {dag.py:2676} INFO - Sync 1 DAGs
[2023-01-19T20:33:46.266+0000] {logging_mixin.py:137} INFO - [2023-01-19T20:33:46.266+0000] {dag.py:3427} INFO - Setting next_dagrun for latest_only to 2023-01-19T16:33:46.265859+00:00, run_after=2023-01-19T20:33:46.265859+00:00
[2023-01-19T20:33:46.293+0000] {processor.py:175} INFO - Processing /home/airflow/.local/lib/python3.7/site-packages/airflow/example_dags/example_latest_only.py took 0.130 seconds
[2023-01-19T20:34:16.573+0000] {processor.py:153} INFO - Started process (PID=1078) to work on /home/airflow/.local/lib/python3.7/site-packages/airflow/example_dags/example_latest_only.py
[2023-01-19T20:34:16.574+0000] {processor.py:743} INFO - Processing file /home/airflow/.local/lib/python3.7/site-packages/airflow/example_dags/example_latest_only.py for tasks to queue
[2023-01-19T20:34:16.575+0000] {logging_mixin.py:137} INFO - [2023-01-19T20:34:16.575+0000] {dagbag.py:538} INFO - Filling up the DagBag from /home/airflow/.local/lib/python3.7/site-packages/airflow/example_dags/example_latest_only.py
[2023-01-19T20:34:16.593+0000] {processor.py:753} INFO - DAG(s) dict_keys(['latest_only']) retrieved from /home/airflow/.local/lib/python3.7/site-packages/airflow/example_dags/example_latest_only.py
[2023-01-19T20:34:16.641+0000] {logging_mixin.py:137} INFO - [2023-01-19T20:34:16.640+0000] {dag.py:2676} INFO - Sync 1 DAGs
[2023-01-19T20:34:16.681+0000] {logging_mixin.py:137} INFO - [2023-01-19T20:34:16.681+0000] {dag.py:3427} INFO - Setting next_dagrun for latest_only to 2023-01-19T16:34:16.680668+00:00, run_after=2023-01-19T20:34:16.680668+00:00
[2023-01-19T20:34:16.711+0000] {processor.py:175} INFO - Processing /home/airflow/.local/lib/python3.7/site-packages/airflow/example_dags/example_latest_only.py took 0.142 seconds
[2023-01-19T20:34:47.449+0000] {processor.py:153} INFO - Started process (PID=1150) to work on /home/airflow/.local/lib/python3.7/site-packages/airflow/example_dags/example_latest_only.py
[2023-01-19T20:34:47.450+0000] {processor.py:743} INFO - Processing file /home/airflow/.local/lib/python3.7/site-packages/airflow/example_dags/example_latest_only.py for tasks to queue
[2023-01-19T20:34:47.451+0000] {logging_mixin.py:137} INFO - [2023-01-19T20:34:47.451+0000] {dagbag.py:538} INFO - Filling up the DagBag from /home/airflow/.local/lib/python3.7/site-packages/airflow/example_dags/example_latest_only.py
[2023-01-19T20:34:47.469+0000] {processor.py:753} INFO - DAG(s) dict_keys(['latest_only']) retrieved from /home/airflow/.local/lib/python3.7/site-packages/airflow/example_dags/example_latest_only.py
[2023-01-19T20:34:47.520+0000] {logging_mixin.py:137} INFO - [2023-01-19T20:34:47.520+0000] {dag.py:2676} INFO - Sync 1 DAGs
[2023-01-19T20:34:47.556+0000] {logging_mixin.py:137} INFO - [2023-01-19T20:34:47.555+0000] {dag.py:3427} INFO - Setting next_dagrun for latest_only to 2023-01-19T16:34:47.555545+00:00, run_after=2023-01-19T20:34:47.555545+00:00
[2023-01-19T20:34:47.583+0000] {processor.py:175} INFO - Processing /home/airflow/.local/lib/python3.7/site-packages/airflow/example_dags/example_latest_only.py took 0.138 seconds
[2023-01-19T20:35:18.356+0000] {processor.py:153} INFO - Started process (PID=1222) to work on /home/airflow/.local/lib/python3.7/site-packages/airflow/example_dags/example_latest_only.py
[2023-01-19T20:35:18.357+0000] {processor.py:743} INFO - Processing file /home/airflow/.local/lib/python3.7/site-packages/airflow/example_dags/example_latest_only.py for tasks to queue
[2023-01-19T20:35:18.358+0000] {logging_mixin.py:137} INFO - [2023-01-19T20:35:18.358+0000] {dagbag.py:538} INFO - Filling up the DagBag from /home/airflow/.local/lib/python3.7/site-packages/airflow/example_dags/example_latest_only.py
[2023-01-19T20:35:18.376+0000] {processor.py:753} INFO - DAG(s) dict_keys(['latest_only']) retrieved from /home/airflow/.local/lib/python3.7/site-packages/airflow/example_dags/example_latest_only.py
[2023-01-19T20:35:18.431+0000] {logging_mixin.py:137} INFO - [2023-01-19T20:35:18.431+0000] {dag.py:2676} INFO - Sync 1 DAGs
[2023-01-19T20:35:18.463+0000] {logging_mixin.py:137} INFO - [2023-01-19T20:35:18.463+0000] {dag.py:3427} INFO - Setting next_dagrun for latest_only to 2023-01-19T16:35:18.463276+00:00, run_after=2023-01-19T20:35:18.463276+00:00
[2023-01-19T20:35:18.491+0000] {processor.py:175} INFO - Processing /home/airflow/.local/lib/python3.7/site-packages/airflow/example_dags/example_latest_only.py took 0.139 seconds
[2023-01-19T20:35:49.274+0000] {processor.py:153} INFO - Started process (PID=1310) to work on /home/airflow/.local/lib/python3.7/site-packages/airflow/example_dags/example_latest_only.py
[2023-01-19T20:35:49.275+0000] {processor.py:743} INFO - Processing file /home/airflow/.local/lib/python3.7/site-packages/airflow/example_dags/example_latest_only.py for tasks to queue
[2023-01-19T20:35:49.276+0000] {logging_mixin.py:137} INFO - [2023-01-19T20:35:49.276+0000] {dagbag.py:538} INFO - Filling up the DagBag from /home/airflow/.local/lib/python3.7/site-packages/airflow/example_dags/example_latest_only.py
[2023-01-19T20:35:49.294+0000] {processor.py:753} INFO - DAG(s) dict_keys(['latest_only']) retrieved from /home/airflow/.local/lib/python3.7/site-packages/airflow/example_dags/example_latest_only.py
[2023-01-19T20:35:49.351+0000] {logging_mixin.py:137} INFO - [2023-01-19T20:35:49.350+0000] {dag.py:2676} INFO - Sync 1 DAGs
[2023-01-19T20:35:49.385+0000] {logging_mixin.py:137} INFO - [2023-01-19T20:35:49.384+0000] {dag.py:3427} INFO - Setting next_dagrun for latest_only to 2023-01-19T16:35:49.384653+00:00, run_after=2023-01-19T20:35:49.384653+00:00
[2023-01-19T20:35:49.411+0000] {processor.py:175} INFO - Processing /home/airflow/.local/lib/python3.7/site-packages/airflow/example_dags/example_latest_only.py took 0.141 seconds
[2023-01-19T20:36:20.023+0000] {processor.py:153} INFO - Started process (PID=1383) to work on /home/airflow/.local/lib/python3.7/site-packages/airflow/example_dags/example_latest_only.py
[2023-01-19T20:36:20.024+0000] {processor.py:743} INFO - Processing file /home/airflow/.local/lib/python3.7/site-packages/airflow/example_dags/example_latest_only.py for tasks to queue
[2023-01-19T20:36:20.025+0000] {logging_mixin.py:137} INFO - [2023-01-19T20:36:20.025+0000] {dagbag.py:538} INFO - Filling up the DagBag from /home/airflow/.local/lib/python3.7/site-packages/airflow/example_dags/example_latest_only.py
[2023-01-19T20:36:20.043+0000] {processor.py:753} INFO - DAG(s) dict_keys(['latest_only']) retrieved from /home/airflow/.local/lib/python3.7/site-packages/airflow/example_dags/example_latest_only.py
[2023-01-19T20:36:20.089+0000] {logging_mixin.py:137} INFO - [2023-01-19T20:36:20.089+0000] {dag.py:2676} INFO - Sync 1 DAGs
[2023-01-19T20:36:20.124+0000] {logging_mixin.py:137} INFO - [2023-01-19T20:36:20.124+0000] {dag.py:3427} INFO - Setting next_dagrun for latest_only to 2023-01-19T16:36:20.124322+00:00, run_after=2023-01-19T20:36:20.124322+00:00
[2023-01-19T20:36:20.152+0000] {processor.py:175} INFO - Processing /home/airflow/.local/lib/python3.7/site-packages/airflow/example_dags/example_latest_only.py took 0.134 seconds
[2023-01-19T20:36:50.665+0000] {processor.py:153} INFO - Started process (PID=1455) to work on /home/airflow/.local/lib/python3.7/site-packages/airflow/example_dags/example_latest_only.py
[2023-01-19T20:36:50.667+0000] {processor.py:743} INFO - Processing file /home/airflow/.local/lib/python3.7/site-packages/airflow/example_dags/example_latest_only.py for tasks to queue
[2023-01-19T20:36:50.667+0000] {logging_mixin.py:137} INFO - [2023-01-19T20:36:50.667+0000] {dagbag.py:538} INFO - Filling up the DagBag from /home/airflow/.local/lib/python3.7/site-packages/airflow/example_dags/example_latest_only.py
[2023-01-19T20:36:50.684+0000] {processor.py:753} INFO - DAG(s) dict_keys(['latest_only']) retrieved from /home/airflow/.local/lib/python3.7/site-packages/airflow/example_dags/example_latest_only.py
[2023-01-19T20:36:50.731+0000] {logging_mixin.py:137} INFO - [2023-01-19T20:36:50.731+0000] {dag.py:2676} INFO - Sync 1 DAGs
[2023-01-19T20:36:50.765+0000] {logging_mixin.py:137} INFO - [2023-01-19T20:36:50.765+0000] {dag.py:3427} INFO - Setting next_dagrun for latest_only to 2023-01-19T16:36:50.765086+00:00, run_after=2023-01-19T20:36:50.765086+00:00
[2023-01-19T20:36:50.793+0000] {processor.py:175} INFO - Processing /home/airflow/.local/lib/python3.7/site-packages/airflow/example_dags/example_latest_only.py took 0.132 seconds
[2023-01-19T20:37:21.936+0000] {processor.py:153} INFO - Started process (PID=1543) to work on /home/airflow/.local/lib/python3.7/site-packages/airflow/example_dags/example_latest_only.py
[2023-01-19T20:37:21.938+0000] {processor.py:743} INFO - Processing file /home/airflow/.local/lib/python3.7/site-packages/airflow/example_dags/example_latest_only.py for tasks to queue
[2023-01-19T20:37:21.939+0000] {logging_mixin.py:137} INFO - [2023-01-19T20:37:21.939+0000] {dagbag.py:538} INFO - Filling up the DagBag from /home/airflow/.local/lib/python3.7/site-packages/airflow/example_dags/example_latest_only.py
[2023-01-19T20:37:21.960+0000] {processor.py:753} INFO - DAG(s) dict_keys(['latest_only']) retrieved from /home/airflow/.local/lib/python3.7/site-packages/airflow/example_dags/example_latest_only.py
[2023-01-19T20:37:22.009+0000] {logging_mixin.py:137} INFO - [2023-01-19T20:37:22.008+0000] {dag.py:2676} INFO - Sync 1 DAGs
[2023-01-19T20:37:22.043+0000] {logging_mixin.py:137} INFO - [2023-01-19T20:37:22.043+0000] {dag.py:3427} INFO - Setting next_dagrun for latest_only to 2023-01-19T16:37:22.043398+00:00, run_after=2023-01-19T20:37:22.043398+00:00
[2023-01-19T20:37:22.071+0000] {processor.py:175} INFO - Processing /home/airflow/.local/lib/python3.7/site-packages/airflow/example_dags/example_latest_only.py took 0.139 seconds
[2023-01-19T20:37:52.222+0000] {processor.py:153} INFO - Started process (PID=1615) to work on /home/airflow/.local/lib/python3.7/site-packages/airflow/example_dags/example_latest_only.py
[2023-01-19T20:37:52.223+0000] {processor.py:743} INFO - Processing file /home/airflow/.local/lib/python3.7/site-packages/airflow/example_dags/example_latest_only.py for tasks to queue
[2023-01-19T20:37:52.224+0000] {logging_mixin.py:137} INFO - [2023-01-19T20:37:52.223+0000] {dagbag.py:538} INFO - Filling up the DagBag from /home/airflow/.local/lib/python3.7/site-packages/airflow/example_dags/example_latest_only.py
[2023-01-19T20:37:52.242+0000] {processor.py:753} INFO - DAG(s) dict_keys(['latest_only']) retrieved from /home/airflow/.local/lib/python3.7/site-packages/airflow/example_dags/example_latest_only.py
[2023-01-19T20:37:52.299+0000] {logging_mixin.py:137} INFO - [2023-01-19T20:37:52.299+0000] {dag.py:2676} INFO - Sync 1 DAGs
[2023-01-19T20:37:52.334+0000] {logging_mixin.py:137} INFO - [2023-01-19T20:37:52.333+0000] {dag.py:3427} INFO - Setting next_dagrun for latest_only to 2023-01-19T16:37:52.333719+00:00, run_after=2023-01-19T20:37:52.333719+00:00
[2023-01-19T20:37:52.359+0000] {processor.py:175} INFO - Processing /home/airflow/.local/lib/python3.7/site-packages/airflow/example_dags/example_latest_only.py took 0.141 seconds
[2023-01-19T20:38:22.585+0000] {processor.py:153} INFO - Started process (PID=1687) to work on /home/airflow/.local/lib/python3.7/site-packages/airflow/example_dags/example_latest_only.py
[2023-01-19T20:38:22.586+0000] {processor.py:743} INFO - Processing file /home/airflow/.local/lib/python3.7/site-packages/airflow/example_dags/example_latest_only.py for tasks to queue
[2023-01-19T20:38:22.587+0000] {logging_mixin.py:137} INFO - [2023-01-19T20:38:22.586+0000] {dagbag.py:538} INFO - Filling up the DagBag from /home/airflow/.local/lib/python3.7/site-packages/airflow/example_dags/example_latest_only.py
[2023-01-19T20:38:22.608+0000] {processor.py:753} INFO - DAG(s) dict_keys(['latest_only']) retrieved from /home/airflow/.local/lib/python3.7/site-packages/airflow/example_dags/example_latest_only.py
[2023-01-19T20:38:22.656+0000] {logging_mixin.py:137} INFO - [2023-01-19T20:38:22.656+0000] {dag.py:2676} INFO - Sync 1 DAGs
[2023-01-19T20:38:22.691+0000] {logging_mixin.py:137} INFO - [2023-01-19T20:38:22.690+0000] {dag.py:3427} INFO - Setting next_dagrun for latest_only to 2023-01-19T16:38:22.690486+00:00, run_after=2023-01-19T20:38:22.690486+00:00
[2023-01-19T20:38:22.719+0000] {processor.py:175} INFO - Processing /home/airflow/.local/lib/python3.7/site-packages/airflow/example_dags/example_latest_only.py took 0.138 seconds
[2023-01-19T20:38:53.210+0000] {processor.py:153} INFO - Started process (PID=1775) to work on /home/airflow/.local/lib/python3.7/site-packages/airflow/example_dags/example_latest_only.py
[2023-01-19T20:38:53.212+0000] {processor.py:743} INFO - Processing file /home/airflow/.local/lib/python3.7/site-packages/airflow/example_dags/example_latest_only.py for tasks to queue
[2023-01-19T20:38:53.212+0000] {logging_mixin.py:137} INFO - [2023-01-19T20:38:53.212+0000] {dagbag.py:538} INFO - Filling up the DagBag from /home/airflow/.local/lib/python3.7/site-packages/airflow/example_dags/example_latest_only.py
[2023-01-19T20:38:53.235+0000] {processor.py:753} INFO - DAG(s) dict_keys(['latest_only']) retrieved from /home/airflow/.local/lib/python3.7/site-packages/airflow/example_dags/example_latest_only.py
[2023-01-19T20:38:53.285+0000] {logging_mixin.py:137} INFO - [2023-01-19T20:38:53.285+0000] {dag.py:2676} INFO - Sync 1 DAGs
[2023-01-19T20:38:53.335+0000] {logging_mixin.py:137} INFO - [2023-01-19T20:38:53.335+0000] {dag.py:3427} INFO - Setting next_dagrun for latest_only to 2023-01-19T16:38:53.335150+00:00, run_after=2023-01-19T20:38:53.335150+00:00
[2023-01-19T20:38:53.371+0000] {processor.py:175} INFO - Processing /home/airflow/.local/lib/python3.7/site-packages/airflow/example_dags/example_latest_only.py took 0.166 seconds
[2023-01-19T20:39:23.780+0000] {processor.py:153} INFO - Started process (PID=1847) to work on /home/airflow/.local/lib/python3.7/site-packages/airflow/example_dags/example_latest_only.py
[2023-01-19T20:39:23.782+0000] {processor.py:743} INFO - Processing file /home/airflow/.local/lib/python3.7/site-packages/airflow/example_dags/example_latest_only.py for tasks to queue
[2023-01-19T20:39:23.783+0000] {logging_mixin.py:137} INFO - [2023-01-19T20:39:23.783+0000] {dagbag.py:538} INFO - Filling up the DagBag from /home/airflow/.local/lib/python3.7/site-packages/airflow/example_dags/example_latest_only.py
[2023-01-19T20:39:23.801+0000] {processor.py:753} INFO - DAG(s) dict_keys(['latest_only']) retrieved from /home/airflow/.local/lib/python3.7/site-packages/airflow/example_dags/example_latest_only.py
[2023-01-19T20:39:23.862+0000] {logging_mixin.py:137} INFO - [2023-01-19T20:39:23.862+0000] {dag.py:2676} INFO - Sync 1 DAGs
[2023-01-19T20:39:23.896+0000] {logging_mixin.py:137} INFO - [2023-01-19T20:39:23.896+0000] {dag.py:3427} INFO - Setting next_dagrun for latest_only to 2023-01-19T16:39:23.895769+00:00, run_after=2023-01-19T20:39:23.895769+00:00
[2023-01-19T20:39:23.922+0000] {processor.py:175} INFO - Processing /home/airflow/.local/lib/python3.7/site-packages/airflow/example_dags/example_latest_only.py took 0.146 seconds
[2023-01-19T20:39:53.977+0000] {processor.py:153} INFO - Started process (PID=1919) to work on /home/airflow/.local/lib/python3.7/site-packages/airflow/example_dags/example_latest_only.py
[2023-01-19T20:39:53.978+0000] {processor.py:743} INFO - Processing file /home/airflow/.local/lib/python3.7/site-packages/airflow/example_dags/example_latest_only.py for tasks to queue
[2023-01-19T20:39:53.979+0000] {logging_mixin.py:137} INFO - [2023-01-19T20:39:53.979+0000] {dagbag.py:538} INFO - Filling up the DagBag from /home/airflow/.local/lib/python3.7/site-packages/airflow/example_dags/example_latest_only.py
[2023-01-19T20:39:53.997+0000] {processor.py:753} INFO - DAG(s) dict_keys(['latest_only']) retrieved from /home/airflow/.local/lib/python3.7/site-packages/airflow/example_dags/example_latest_only.py
[2023-01-19T20:39:54.051+0000] {logging_mixin.py:137} INFO - [2023-01-19T20:39:54.051+0000] {dag.py:2676} INFO - Sync 1 DAGs
[2023-01-19T20:39:54.083+0000] {logging_mixin.py:137} INFO - [2023-01-19T20:39:54.083+0000] {dag.py:3427} INFO - Setting next_dagrun for latest_only to 2023-01-19T16:39:54.083390+00:00, run_after=2023-01-19T20:39:54.083390+00:00
[2023-01-19T20:39:54.111+0000] {processor.py:175} INFO - Processing /home/airflow/.local/lib/python3.7/site-packages/airflow/example_dags/example_latest_only.py took 0.138 seconds
[2023-01-19T20:40:24.411+0000] {processor.py:153} INFO - Started process (PID=2001) to work on /home/airflow/.local/lib/python3.7/site-packages/airflow/example_dags/example_latest_only.py
[2023-01-19T20:40:24.412+0000] {processor.py:743} INFO - Processing file /home/airflow/.local/lib/python3.7/site-packages/airflow/example_dags/example_latest_only.py for tasks to queue
[2023-01-19T20:40:24.413+0000] {logging_mixin.py:137} INFO - [2023-01-19T20:40:24.413+0000] {dagbag.py:538} INFO - Filling up the DagBag from /home/airflow/.local/lib/python3.7/site-packages/airflow/example_dags/example_latest_only.py
[2023-01-19T20:40:24.434+0000] {processor.py:753} INFO - DAG(s) dict_keys(['latest_only']) retrieved from /home/airflow/.local/lib/python3.7/site-packages/airflow/example_dags/example_latest_only.py
[2023-01-19T20:40:24.507+0000] {logging_mixin.py:137} INFO - [2023-01-19T20:40:24.506+0000] {dag.py:2676} INFO - Sync 1 DAGs
[2023-01-19T20:40:24.550+0000] {logging_mixin.py:137} INFO - [2023-01-19T20:40:24.549+0000] {dag.py:3427} INFO - Setting next_dagrun for latest_only to 2023-01-19T16:40:24.549472+00:00, run_after=2023-01-19T20:40:24.549472+00:00
[2023-01-19T20:40:24.579+0000] {processor.py:175} INFO - Processing /home/airflow/.local/lib/python3.7/site-packages/airflow/example_dags/example_latest_only.py took 0.173 seconds
[2023-01-19T20:40:54.721+0000] {processor.py:153} INFO - Started process (PID=2080) to work on /home/airflow/.local/lib/python3.7/site-packages/airflow/example_dags/example_latest_only.py
[2023-01-19T20:40:54.722+0000] {processor.py:743} INFO - Processing file /home/airflow/.local/lib/python3.7/site-packages/airflow/example_dags/example_latest_only.py for tasks to queue
[2023-01-19T20:40:54.722+0000] {logging_mixin.py:137} INFO - [2023-01-19T20:40:54.722+0000] {dagbag.py:538} INFO - Filling up the DagBag from /home/airflow/.local/lib/python3.7/site-packages/airflow/example_dags/example_latest_only.py
[2023-01-19T20:40:54.739+0000] {processor.py:753} INFO - DAG(s) dict_keys(['latest_only']) retrieved from /home/airflow/.local/lib/python3.7/site-packages/airflow/example_dags/example_latest_only.py
[2023-01-19T20:40:54.789+0000] {logging_mixin.py:137} INFO - [2023-01-19T20:40:54.788+0000] {dag.py:2676} INFO - Sync 1 DAGs
[2023-01-19T20:40:54.822+0000] {logging_mixin.py:137} INFO - [2023-01-19T20:40:54.822+0000] {dag.py:3427} INFO - Setting next_dagrun for latest_only to 2023-01-19T16:40:54.822291+00:00, run_after=2023-01-19T20:40:54.822291+00:00
[2023-01-19T20:40:54.849+0000] {processor.py:175} INFO - Processing /home/airflow/.local/lib/python3.7/site-packages/airflow/example_dags/example_latest_only.py took 0.132 seconds
[2023-01-19T20:41:24.908+0000] {processor.py:153} INFO - Started process (PID=2152) to work on /home/airflow/.local/lib/python3.7/site-packages/airflow/example_dags/example_latest_only.py
[2023-01-19T20:41:24.909+0000] {processor.py:743} INFO - Processing file /home/airflow/.local/lib/python3.7/site-packages/airflow/example_dags/example_latest_only.py for tasks to queue
[2023-01-19T20:41:24.910+0000] {logging_mixin.py:137} INFO - [2023-01-19T20:41:24.910+0000] {dagbag.py:538} INFO - Filling up the DagBag from /home/airflow/.local/lib/python3.7/site-packages/airflow/example_dags/example_latest_only.py
[2023-01-19T20:41:24.928+0000] {processor.py:753} INFO - DAG(s) dict_keys(['latest_only']) retrieved from /home/airflow/.local/lib/python3.7/site-packages/airflow/example_dags/example_latest_only.py
[2023-01-19T20:41:24.973+0000] {logging_mixin.py:137} INFO - [2023-01-19T20:41:24.973+0000] {dag.py:2676} INFO - Sync 1 DAGs
[2023-01-19T20:41:25.007+0000] {logging_mixin.py:137} INFO - [2023-01-19T20:41:25.007+0000] {dag.py:3427} INFO - Setting next_dagrun for latest_only to 2023-01-19T16:41:25.007058+00:00, run_after=2023-01-19T20:41:25.007058+00:00
[2023-01-19T20:41:25.033+0000] {processor.py:175} INFO - Processing /home/airflow/.local/lib/python3.7/site-packages/airflow/example_dags/example_latest_only.py took 0.128 seconds
[2023-01-19T20:41:55.171+0000] {processor.py:153} INFO - Started process (PID=2224) to work on /home/airflow/.local/lib/python3.7/site-packages/airflow/example_dags/example_latest_only.py
[2023-01-19T20:41:55.173+0000] {processor.py:743} INFO - Processing file /home/airflow/.local/lib/python3.7/site-packages/airflow/example_dags/example_latest_only.py for tasks to queue
[2023-01-19T20:41:55.173+0000] {logging_mixin.py:137} INFO - [2023-01-19T20:41:55.173+0000] {dagbag.py:538} INFO - Filling up the DagBag from /home/airflow/.local/lib/python3.7/site-packages/airflow/example_dags/example_latest_only.py
[2023-01-19T20:41:55.191+0000] {processor.py:753} INFO - DAG(s) dict_keys(['latest_only']) retrieved from /home/airflow/.local/lib/python3.7/site-packages/airflow/example_dags/example_latest_only.py
[2023-01-19T20:41:55.237+0000] {logging_mixin.py:137} INFO - [2023-01-19T20:41:55.236+0000] {dag.py:2676} INFO - Sync 1 DAGs
[2023-01-19T20:41:55.271+0000] {logging_mixin.py:137} INFO - [2023-01-19T20:41:55.271+0000] {dag.py:3427} INFO - Setting next_dagrun for latest_only to 2023-01-19T16:41:55.270566+00:00, run_after=2023-01-19T20:41:55.270566+00:00
[2023-01-19T20:41:55.300+0000] {processor.py:175} INFO - Processing /home/airflow/.local/lib/python3.7/site-packages/airflow/example_dags/example_latest_only.py took 0.134 seconds
[2023-01-19T20:42:25.699+0000] {processor.py:153} INFO - Started process (PID=2312) to work on /home/airflow/.local/lib/python3.7/site-packages/airflow/example_dags/example_latest_only.py
[2023-01-19T20:42:25.700+0000] {processor.py:743} INFO - Processing file /home/airflow/.local/lib/python3.7/site-packages/airflow/example_dags/example_latest_only.py for tasks to queue
[2023-01-19T20:42:25.701+0000] {logging_mixin.py:137} INFO - [2023-01-19T20:42:25.701+0000] {dagbag.py:538} INFO - Filling up the DagBag from /home/airflow/.local/lib/python3.7/site-packages/airflow/example_dags/example_latest_only.py
[2023-01-19T20:42:25.749+0000] {processor.py:753} INFO - DAG(s) dict_keys(['latest_only']) retrieved from /home/airflow/.local/lib/python3.7/site-packages/airflow/example_dags/example_latest_only.py
[2023-01-19T20:42:25.805+0000] {logging_mixin.py:137} INFO - [2023-01-19T20:42:25.805+0000] {dag.py:2676} INFO - Sync 1 DAGs
[2023-01-19T20:42:25.846+0000] {logging_mixin.py:137} INFO - [2023-01-19T20:42:25.846+0000] {dag.py:3427} INFO - Setting next_dagrun for latest_only to 2023-01-19T16:42:25.845883+00:00, run_after=2023-01-19T20:42:25.845883+00:00
[2023-01-19T20:42:25.882+0000] {processor.py:175} INFO - Processing /home/airflow/.local/lib/python3.7/site-packages/airflow/example_dags/example_latest_only.py took 0.189 seconds
[2023-01-19T20:42:56.606+0000] {processor.py:153} INFO - Started process (PID=2384) to work on /home/airflow/.local/lib/python3.7/site-packages/airflow/example_dags/example_latest_only.py
[2023-01-19T20:42:56.607+0000] {processor.py:743} INFO - Processing file /home/airflow/.local/lib/python3.7/site-packages/airflow/example_dags/example_latest_only.py for tasks to queue
[2023-01-19T20:42:56.607+0000] {logging_mixin.py:137} INFO - [2023-01-19T20:42:56.607+0000] {dagbag.py:538} INFO - Filling up the DagBag from /home/airflow/.local/lib/python3.7/site-packages/airflow/example_dags/example_latest_only.py
[2023-01-19T20:42:56.624+0000] {processor.py:753} INFO - DAG(s) dict_keys(['latest_only']) retrieved from /home/airflow/.local/lib/python3.7/site-packages/airflow/example_dags/example_latest_only.py
[2023-01-19T20:42:56.673+0000] {logging_mixin.py:137} INFO - [2023-01-19T20:42:56.673+0000] {dag.py:2676} INFO - Sync 1 DAGs
[2023-01-19T20:42:56.706+0000] {logging_mixin.py:137} INFO - [2023-01-19T20:42:56.705+0000] {dag.py:3427} INFO - Setting next_dagrun for latest_only to 2023-01-19T16:42:56.705413+00:00, run_after=2023-01-19T20:42:56.705413+00:00
[2023-01-19T20:42:56.733+0000] {processor.py:175} INFO - Processing /home/airflow/.local/lib/python3.7/site-packages/airflow/example_dags/example_latest_only.py took 0.132 seconds
[2023-01-19T20:43:27.110+0000] {processor.py:153} INFO - Started process (PID=2457) to work on /home/airflow/.local/lib/python3.7/site-packages/airflow/example_dags/example_latest_only.py
[2023-01-19T20:43:27.111+0000] {processor.py:743} INFO - Processing file /home/airflow/.local/lib/python3.7/site-packages/airflow/example_dags/example_latest_only.py for tasks to queue
[2023-01-19T20:43:27.112+0000] {logging_mixin.py:137} INFO - [2023-01-19T20:43:27.111+0000] {dagbag.py:538} INFO - Filling up the DagBag from /home/airflow/.local/lib/python3.7/site-packages/airflow/example_dags/example_latest_only.py
[2023-01-19T20:43:27.128+0000] {processor.py:753} INFO - DAG(s) dict_keys(['latest_only']) retrieved from /home/airflow/.local/lib/python3.7/site-packages/airflow/example_dags/example_latest_only.py
[2023-01-19T20:43:27.175+0000] {logging_mixin.py:137} INFO - [2023-01-19T20:43:27.175+0000] {dag.py:2676} INFO - Sync 1 DAGs
[2023-01-19T20:43:27.211+0000] {logging_mixin.py:137} INFO - [2023-01-19T20:43:27.211+0000] {dag.py:3427} INFO - Setting next_dagrun for latest_only to 2023-01-19T16:43:27.211446+00:00, run_after=2023-01-19T20:43:27.211446+00:00
[2023-01-19T20:43:27.239+0000] {processor.py:175} INFO - Processing /home/airflow/.local/lib/python3.7/site-packages/airflow/example_dags/example_latest_only.py took 0.134 seconds
[2023-01-19T20:43:57.645+0000] {processor.py:153} INFO - Started process (PID=2539) to work on /home/airflow/.local/lib/python3.7/site-packages/airflow/example_dags/example_latest_only.py
[2023-01-19T20:43:57.647+0000] {processor.py:743} INFO - Processing file /home/airflow/.local/lib/python3.7/site-packages/airflow/example_dags/example_latest_only.py for tasks to queue
[2023-01-19T20:43:57.648+0000] {logging_mixin.py:137} INFO - [2023-01-19T20:43:57.647+0000] {dagbag.py:538} INFO - Filling up the DagBag from /home/airflow/.local/lib/python3.7/site-packages/airflow/example_dags/example_latest_only.py
[2023-01-19T20:43:57.668+0000] {processor.py:753} INFO - DAG(s) dict_keys(['latest_only']) retrieved from /home/airflow/.local/lib/python3.7/site-packages/airflow/example_dags/example_latest_only.py
[2023-01-19T20:43:57.725+0000] {logging_mixin.py:137} INFO - [2023-01-19T20:43:57.725+0000] {dag.py:2676} INFO - Sync 1 DAGs
[2023-01-19T20:43:57.769+0000] {logging_mixin.py:137} INFO - [2023-01-19T20:43:57.769+0000] {dag.py:3427} INFO - Setting next_dagrun for latest_only to 2023-01-19T16:43:57.769356+00:00, run_after=2023-01-19T20:43:57.769356+00:00
[2023-01-19T20:43:57.803+0000] {processor.py:175} INFO - Processing /home/airflow/.local/lib/python3.7/site-packages/airflow/example_dags/example_latest_only.py took 0.161 seconds
[2023-01-19T20:44:27.873+0000] {processor.py:153} INFO - Started process (PID=2618) to work on /home/airflow/.local/lib/python3.7/site-packages/airflow/example_dags/example_latest_only.py
[2023-01-19T20:44:27.874+0000] {processor.py:743} INFO - Processing file /home/airflow/.local/lib/python3.7/site-packages/airflow/example_dags/example_latest_only.py for tasks to queue
[2023-01-19T20:44:27.875+0000] {logging_mixin.py:137} INFO - [2023-01-19T20:44:27.874+0000] {dagbag.py:538} INFO - Filling up the DagBag from /home/airflow/.local/lib/python3.7/site-packages/airflow/example_dags/example_latest_only.py
[2023-01-19T20:44:27.893+0000] {processor.py:753} INFO - DAG(s) dict_keys(['latest_only']) retrieved from /home/airflow/.local/lib/python3.7/site-packages/airflow/example_dags/example_latest_only.py
[2023-01-19T20:44:27.946+0000] {logging_mixin.py:137} INFO - [2023-01-19T20:44:27.946+0000] {dag.py:2676} INFO - Sync 1 DAGs
[2023-01-19T20:44:27.983+0000] {logging_mixin.py:137} INFO - [2023-01-19T20:44:27.983+0000] {dag.py:3427} INFO - Setting next_dagrun for latest_only to 2023-01-19T16:44:27.983030+00:00, run_after=2023-01-19T20:44:27.983030+00:00
[2023-01-19T20:44:28.012+0000] {processor.py:175} INFO - Processing /home/airflow/.local/lib/python3.7/site-packages/airflow/example_dags/example_latest_only.py took 0.144 seconds
[2023-01-19T20:44:58.717+0000] {processor.py:153} INFO - Started process (PID=2691) to work on /home/airflow/.local/lib/python3.7/site-packages/airflow/example_dags/example_latest_only.py
[2023-01-19T20:44:58.718+0000] {processor.py:743} INFO - Processing file /home/airflow/.local/lib/python3.7/site-packages/airflow/example_dags/example_latest_only.py for tasks to queue
[2023-01-19T20:44:58.719+0000] {logging_mixin.py:137} INFO - [2023-01-19T20:44:58.719+0000] {dagbag.py:538} INFO - Filling up the DagBag from /home/airflow/.local/lib/python3.7/site-packages/airflow/example_dags/example_latest_only.py
[2023-01-19T20:44:58.735+0000] {processor.py:753} INFO - DAG(s) dict_keys(['latest_only']) retrieved from /home/airflow/.local/lib/python3.7/site-packages/airflow/example_dags/example_latest_only.py
[2023-01-19T20:44:58.784+0000] {logging_mixin.py:137} INFO - [2023-01-19T20:44:58.783+0000] {dag.py:2676} INFO - Sync 1 DAGs
[2023-01-19T20:44:58.822+0000] {logging_mixin.py:137} INFO - [2023-01-19T20:44:58.822+0000] {dag.py:3427} INFO - Setting next_dagrun for latest_only to 2023-01-19T16:44:58.822328+00:00, run_after=2023-01-19T20:44:58.822328+00:00
[2023-01-19T20:44:58.853+0000] {processor.py:175} INFO - Processing /home/airflow/.local/lib/python3.7/site-packages/airflow/example_dags/example_latest_only.py took 0.139 seconds
[2023-01-19T20:45:29.197+0000] {processor.py:153} INFO - Started process (PID=2763) to work on /home/airflow/.local/lib/python3.7/site-packages/airflow/example_dags/example_latest_only.py
[2023-01-19T20:45:29.198+0000] {processor.py:743} INFO - Processing file /home/airflow/.local/lib/python3.7/site-packages/airflow/example_dags/example_latest_only.py for tasks to queue
[2023-01-19T20:45:29.198+0000] {logging_mixin.py:137} INFO - [2023-01-19T20:45:29.198+0000] {dagbag.py:538} INFO - Filling up the DagBag from /home/airflow/.local/lib/python3.7/site-packages/airflow/example_dags/example_latest_only.py
[2023-01-19T20:45:29.215+0000] {processor.py:753} INFO - DAG(s) dict_keys(['latest_only']) retrieved from /home/airflow/.local/lib/python3.7/site-packages/airflow/example_dags/example_latest_only.py
[2023-01-19T20:45:29.264+0000] {logging_mixin.py:137} INFO - [2023-01-19T20:45:29.264+0000] {dag.py:2676} INFO - Sync 1 DAGs
[2023-01-19T20:45:29.303+0000] {logging_mixin.py:137} INFO - [2023-01-19T20:45:29.302+0000] {dag.py:3427} INFO - Setting next_dagrun for latest_only to 2023-01-19T16:45:29.301688+00:00, run_after=2023-01-19T20:45:29.301688+00:00
[2023-01-19T20:45:29.330+0000] {processor.py:175} INFO - Processing /home/airflow/.local/lib/python3.7/site-packages/airflow/example_dags/example_latest_only.py took 0.136 seconds
[2023-01-19T20:46:00.007+0000] {processor.py:153} INFO - Started process (PID=2851) to work on /home/airflow/.local/lib/python3.7/site-packages/airflow/example_dags/example_latest_only.py
[2023-01-19T20:46:00.009+0000] {processor.py:743} INFO - Processing file /home/airflow/.local/lib/python3.7/site-packages/airflow/example_dags/example_latest_only.py for tasks to queue
[2023-01-19T20:46:00.010+0000] {logging_mixin.py:137} INFO - [2023-01-19T20:46:00.010+0000] {dagbag.py:538} INFO - Filling up the DagBag from /home/airflow/.local/lib/python3.7/site-packages/airflow/example_dags/example_latest_only.py
[2023-01-19T20:46:00.038+0000] {processor.py:753} INFO - DAG(s) dict_keys(['latest_only']) retrieved from /home/airflow/.local/lib/python3.7/site-packages/airflow/example_dags/example_latest_only.py
[2023-01-19T20:46:00.094+0000] {logging_mixin.py:137} INFO - [2023-01-19T20:46:00.094+0000] {dag.py:2676} INFO - Sync 1 DAGs
[2023-01-19T20:46:00.127+0000] {logging_mixin.py:137} INFO - [2023-01-19T20:46:00.127+0000] {dag.py:3427} INFO - Setting next_dagrun for latest_only to 2023-01-19T16:46:00.127281+00:00, run_after=2023-01-19T20:46:00.127281+00:00
[2023-01-19T20:46:00.154+0000] {processor.py:175} INFO - Processing /home/airflow/.local/lib/python3.7/site-packages/airflow/example_dags/example_latest_only.py took 0.152 seconds
[2023-01-19T20:46:30.440+0000] {processor.py:153} INFO - Started process (PID=2923) to work on /home/airflow/.local/lib/python3.7/site-packages/airflow/example_dags/example_latest_only.py
[2023-01-19T20:46:30.442+0000] {processor.py:743} INFO - Processing file /home/airflow/.local/lib/python3.7/site-packages/airflow/example_dags/example_latest_only.py for tasks to queue
[2023-01-19T20:46:30.443+0000] {logging_mixin.py:137} INFO - [2023-01-19T20:46:30.443+0000] {dagbag.py:538} INFO - Filling up the DagBag from /home/airflow/.local/lib/python3.7/site-packages/airflow/example_dags/example_latest_only.py
[2023-01-19T20:46:30.464+0000] {processor.py:753} INFO - DAG(s) dict_keys(['latest_only']) retrieved from /home/airflow/.local/lib/python3.7/site-packages/airflow/example_dags/example_latest_only.py
[2023-01-19T20:46:30.515+0000] {logging_mixin.py:137} INFO - [2023-01-19T20:46:30.514+0000] {dag.py:2676} INFO - Sync 1 DAGs
[2023-01-19T20:46:30.549+0000] {logging_mixin.py:137} INFO - [2023-01-19T20:46:30.549+0000] {dag.py:3427} INFO - Setting next_dagrun for latest_only to 2023-01-19T16:46:30.549403+00:00, run_after=2023-01-19T20:46:30.549403+00:00
[2023-01-19T20:46:30.577+0000] {processor.py:175} INFO - Processing /home/airflow/.local/lib/python3.7/site-packages/airflow/example_dags/example_latest_only.py took 0.141 seconds
[2023-01-19T20:47:01.161+0000] {processor.py:153} INFO - Started process (PID=2995) to work on /home/airflow/.local/lib/python3.7/site-packages/airflow/example_dags/example_latest_only.py
[2023-01-19T20:47:01.163+0000] {processor.py:743} INFO - Processing file /home/airflow/.local/lib/python3.7/site-packages/airflow/example_dags/example_latest_only.py for tasks to queue
[2023-01-19T20:47:01.163+0000] {logging_mixin.py:137} INFO - [2023-01-19T20:47:01.163+0000] {dagbag.py:538} INFO - Filling up the DagBag from /home/airflow/.local/lib/python3.7/site-packages/airflow/example_dags/example_latest_only.py
[2023-01-19T20:47:01.181+0000] {processor.py:753} INFO - DAG(s) dict_keys(['latest_only']) retrieved from /home/airflow/.local/lib/python3.7/site-packages/airflow/example_dags/example_latest_only.py
[2023-01-19T20:47:01.231+0000] {logging_mixin.py:137} INFO - [2023-01-19T20:47:01.231+0000] {dag.py:2676} INFO - Sync 1 DAGs
[2023-01-19T20:47:01.266+0000] {logging_mixin.py:137} INFO - [2023-01-19T20:47:01.266+0000] {dag.py:3427} INFO - Setting next_dagrun for latest_only to 2023-01-19T16:47:01.266446+00:00, run_after=2023-01-19T20:47:01.266446+00:00
[2023-01-19T20:47:01.293+0000] {processor.py:175} INFO - Processing /home/airflow/.local/lib/python3.7/site-packages/airflow/example_dags/example_latest_only.py took 0.136 seconds
