[2023-01-19T20:21:30.864+0000] {processor.py:153} INFO - Started process (PID=77) to work on /home/airflow/.local/lib/python3.7/site-packages/airflow/example_dags/example_sla_dag.py
[2023-01-19T20:21:30.865+0000] {processor.py:743} INFO - Processing file /home/airflow/.local/lib/python3.7/site-packages/airflow/example_dags/example_sla_dag.py for tasks to queue
[2023-01-19T20:21:30.866+0000] {logging_mixin.py:137} INFO - [2023-01-19T20:21:30.865+0000] {dagbag.py:538} INFO - Filling up the DagBag from /home/airflow/.local/lib/python3.7/site-packages/airflow/example_dags/example_sla_dag.py
[2023-01-19T20:21:30.902+0000] {processor.py:753} INFO - DAG(s) dict_keys(['example_sla_dag']) retrieved from /home/airflow/.local/lib/python3.7/site-packages/airflow/example_dags/example_sla_dag.py
[2023-01-19T20:21:30.971+0000] {logging_mixin.py:137} INFO - [2023-01-19T20:21:30.971+0000] {dag.py:2676} INFO - Sync 1 DAGs
[2023-01-19T20:21:31.014+0000] {logging_mixin.py:137} INFO - [2023-01-19T20:21:31.014+0000] {dag.py:3427} INFO - Setting next_dagrun for example_sla_dag to 2023-01-19T20:18:00+00:00, run_after=2023-01-19T20:20:00+00:00
[2023-01-19T20:21:31.050+0000] {processor.py:175} INFO - Processing /home/airflow/.local/lib/python3.7/site-packages/airflow/example_dags/example_sla_dag.py took 0.190 seconds
[2023-01-19T20:22:48.578+0000] {processor.py:153} INFO - Started process (PID=77) to work on /home/airflow/.local/lib/python3.7/site-packages/airflow/example_dags/example_sla_dag.py
[2023-01-19T20:22:48.580+0000] {processor.py:743} INFO - Processing file /home/airflow/.local/lib/python3.7/site-packages/airflow/example_dags/example_sla_dag.py for tasks to queue
[2023-01-19T20:22:48.581+0000] {logging_mixin.py:137} INFO - [2023-01-19T20:22:48.580+0000] {dagbag.py:538} INFO - Filling up the DagBag from /home/airflow/.local/lib/python3.7/site-packages/airflow/example_dags/example_sla_dag.py
[2023-01-19T20:22:48.617+0000] {processor.py:753} INFO - DAG(s) dict_keys(['example_sla_dag']) retrieved from /home/airflow/.local/lib/python3.7/site-packages/airflow/example_dags/example_sla_dag.py
[2023-01-19T20:22:48.675+0000] {logging_mixin.py:137} INFO - [2023-01-19T20:22:48.675+0000] {dag.py:2676} INFO - Sync 1 DAGs
[2023-01-19T20:22:48.724+0000] {logging_mixin.py:137} INFO - [2023-01-19T20:22:48.724+0000] {dag.py:3427} INFO - Setting next_dagrun for example_sla_dag to 2023-01-19T20:20:00+00:00, run_after=2023-01-19T20:22:00+00:00
[2023-01-19T20:22:48.756+0000] {processor.py:175} INFO - Processing /home/airflow/.local/lib/python3.7/site-packages/airflow/example_dags/example_sla_dag.py took 0.183 seconds
[2023-01-19T20:23:19.515+0000] {processor.py:153} INFO - Started process (PID=149) to work on /home/airflow/.local/lib/python3.7/site-packages/airflow/example_dags/example_sla_dag.py
[2023-01-19T20:23:19.517+0000] {processor.py:743} INFO - Processing file /home/airflow/.local/lib/python3.7/site-packages/airflow/example_dags/example_sla_dag.py for tasks to queue
[2023-01-19T20:23:19.518+0000] {logging_mixin.py:137} INFO - [2023-01-19T20:23:19.518+0000] {dagbag.py:538} INFO - Filling up the DagBag from /home/airflow/.local/lib/python3.7/site-packages/airflow/example_dags/example_sla_dag.py
[2023-01-19T20:23:19.556+0000] {processor.py:753} INFO - DAG(s) dict_keys(['example_sla_dag']) retrieved from /home/airflow/.local/lib/python3.7/site-packages/airflow/example_dags/example_sla_dag.py
[2023-01-19T20:23:19.616+0000] {logging_mixin.py:137} INFO - [2023-01-19T20:23:19.616+0000] {dag.py:2676} INFO - Sync 1 DAGs
[2023-01-19T20:23:19.668+0000] {logging_mixin.py:137} INFO - [2023-01-19T20:23:19.668+0000] {dag.py:3427} INFO - Setting next_dagrun for example_sla_dag to 2023-01-19T20:20:00+00:00, run_after=2023-01-19T20:22:00+00:00
[2023-01-19T20:23:19.707+0000] {processor.py:175} INFO - Processing /home/airflow/.local/lib/python3.7/site-packages/airflow/example_dags/example_sla_dag.py took 0.196 seconds
[2023-01-19T20:23:49.878+0000] {processor.py:153} INFO - Started process (PID=221) to work on /home/airflow/.local/lib/python3.7/site-packages/airflow/example_dags/example_sla_dag.py
[2023-01-19T20:23:49.880+0000] {processor.py:743} INFO - Processing file /home/airflow/.local/lib/python3.7/site-packages/airflow/example_dags/example_sla_dag.py for tasks to queue
[2023-01-19T20:23:49.880+0000] {logging_mixin.py:137} INFO - [2023-01-19T20:23:49.880+0000] {dagbag.py:538} INFO - Filling up the DagBag from /home/airflow/.local/lib/python3.7/site-packages/airflow/example_dags/example_sla_dag.py
[2023-01-19T20:23:49.910+0000] {processor.py:753} INFO - DAG(s) dict_keys(['example_sla_dag']) retrieved from /home/airflow/.local/lib/python3.7/site-packages/airflow/example_dags/example_sla_dag.py
[2023-01-19T20:23:49.956+0000] {logging_mixin.py:137} INFO - [2023-01-19T20:23:49.956+0000] {dag.py:2676} INFO - Sync 1 DAGs
[2023-01-19T20:23:49.995+0000] {logging_mixin.py:137} INFO - [2023-01-19T20:23:49.994+0000] {dag.py:3427} INFO - Setting next_dagrun for example_sla_dag to 2023-01-19T20:20:00+00:00, run_after=2023-01-19T20:22:00+00:00
[2023-01-19T20:23:50.021+0000] {processor.py:175} INFO - Processing /home/airflow/.local/lib/python3.7/site-packages/airflow/example_dags/example_sla_dag.py took 0.146 seconds
[2023-01-19T20:24:20.247+0000] {processor.py:153} INFO - Started process (PID=303) to work on /home/airflow/.local/lib/python3.7/site-packages/airflow/example_dags/example_sla_dag.py
[2023-01-19T20:24:20.248+0000] {processor.py:743} INFO - Processing file /home/airflow/.local/lib/python3.7/site-packages/airflow/example_dags/example_sla_dag.py for tasks to queue
[2023-01-19T20:24:20.249+0000] {logging_mixin.py:137} INFO - [2023-01-19T20:24:20.249+0000] {dagbag.py:538} INFO - Filling up the DagBag from /home/airflow/.local/lib/python3.7/site-packages/airflow/example_dags/example_sla_dag.py
[2023-01-19T20:24:20.286+0000] {processor.py:753} INFO - DAG(s) dict_keys(['example_sla_dag']) retrieved from /home/airflow/.local/lib/python3.7/site-packages/airflow/example_dags/example_sla_dag.py
[2023-01-19T20:24:20.340+0000] {logging_mixin.py:137} INFO - [2023-01-19T20:24:20.340+0000] {dag.py:2676} INFO - Sync 1 DAGs
[2023-01-19T20:24:20.377+0000] {logging_mixin.py:137} INFO - [2023-01-19T20:24:20.376+0000] {dag.py:3427} INFO - Setting next_dagrun for example_sla_dag to 2023-01-19T20:22:00+00:00, run_after=2023-01-19T20:24:00+00:00
[2023-01-19T20:24:20.404+0000] {processor.py:175} INFO - Processing /home/airflow/.local/lib/python3.7/site-packages/airflow/example_dags/example_sla_dag.py took 0.161 seconds
[2023-01-19T20:24:50.657+0000] {processor.py:153} INFO - Started process (PID=382) to work on /home/airflow/.local/lib/python3.7/site-packages/airflow/example_dags/example_sla_dag.py
[2023-01-19T20:24:50.659+0000] {processor.py:743} INFO - Processing file /home/airflow/.local/lib/python3.7/site-packages/airflow/example_dags/example_sla_dag.py for tasks to queue
[2023-01-19T20:24:50.660+0000] {logging_mixin.py:137} INFO - [2023-01-19T20:24:50.660+0000] {dagbag.py:538} INFO - Filling up the DagBag from /home/airflow/.local/lib/python3.7/site-packages/airflow/example_dags/example_sla_dag.py
[2023-01-19T20:24:50.692+0000] {processor.py:753} INFO - DAG(s) dict_keys(['example_sla_dag']) retrieved from /home/airflow/.local/lib/python3.7/site-packages/airflow/example_dags/example_sla_dag.py
[2023-01-19T20:24:50.740+0000] {logging_mixin.py:137} INFO - [2023-01-19T20:24:50.740+0000] {dag.py:2676} INFO - Sync 1 DAGs
[2023-01-19T20:24:50.783+0000] {logging_mixin.py:137} INFO - [2023-01-19T20:24:50.783+0000] {dag.py:3427} INFO - Setting next_dagrun for example_sla_dag to 2023-01-19T20:22:00+00:00, run_after=2023-01-19T20:24:00+00:00
[2023-01-19T20:24:50.811+0000] {processor.py:175} INFO - Processing /home/airflow/.local/lib/python3.7/site-packages/airflow/example_dags/example_sla_dag.py took 0.158 seconds
[2023-01-19T20:25:20.927+0000] {processor.py:153} INFO - Started process (PID=454) to work on /home/airflow/.local/lib/python3.7/site-packages/airflow/example_dags/example_sla_dag.py
[2023-01-19T20:25:20.929+0000] {processor.py:743} INFO - Processing file /home/airflow/.local/lib/python3.7/site-packages/airflow/example_dags/example_sla_dag.py for tasks to queue
[2023-01-19T20:25:20.930+0000] {logging_mixin.py:137} INFO - [2023-01-19T20:25:20.930+0000] {dagbag.py:538} INFO - Filling up the DagBag from /home/airflow/.local/lib/python3.7/site-packages/airflow/example_dags/example_sla_dag.py
[2023-01-19T20:25:20.962+0000] {processor.py:753} INFO - DAG(s) dict_keys(['example_sla_dag']) retrieved from /home/airflow/.local/lib/python3.7/site-packages/airflow/example_dags/example_sla_dag.py
[2023-01-19T20:25:21.017+0000] {logging_mixin.py:137} INFO - [2023-01-19T20:25:21.017+0000] {dag.py:2676} INFO - Sync 1 DAGs
[2023-01-19T20:25:21.066+0000] {logging_mixin.py:137} INFO - [2023-01-19T20:25:21.066+0000] {dag.py:3427} INFO - Setting next_dagrun for example_sla_dag to 2023-01-19T20:22:00+00:00, run_after=2023-01-19T20:24:00+00:00
[2023-01-19T20:25:21.096+0000] {processor.py:175} INFO - Processing /home/airflow/.local/lib/python3.7/site-packages/airflow/example_dags/example_sla_dag.py took 0.175 seconds
[2023-01-19T20:25:51.372+0000] {processor.py:153} INFO - Started process (PID=526) to work on /home/airflow/.local/lib/python3.7/site-packages/airflow/example_dags/example_sla_dag.py
[2023-01-19T20:25:51.373+0000] {processor.py:743} INFO - Processing file /home/airflow/.local/lib/python3.7/site-packages/airflow/example_dags/example_sla_dag.py for tasks to queue
[2023-01-19T20:25:51.374+0000] {logging_mixin.py:137} INFO - [2023-01-19T20:25:51.374+0000] {dagbag.py:538} INFO - Filling up the DagBag from /home/airflow/.local/lib/python3.7/site-packages/airflow/example_dags/example_sla_dag.py
[2023-01-19T20:25:51.411+0000] {processor.py:753} INFO - DAG(s) dict_keys(['example_sla_dag']) retrieved from /home/airflow/.local/lib/python3.7/site-packages/airflow/example_dags/example_sla_dag.py
[2023-01-19T20:25:51.443+0000] {logging_mixin.py:137} INFO - [2023-01-19T20:25:51.442+0000] {dag.py:2676} INFO - Sync 1 DAGs
[2023-01-19T20:25:51.487+0000] {logging_mixin.py:137} INFO - [2023-01-19T20:25:51.486+0000] {dag.py:3427} INFO - Setting next_dagrun for example_sla_dag to 2023-01-19T20:22:00+00:00, run_after=2023-01-19T20:24:00+00:00
[2023-01-19T20:25:51.512+0000] {processor.py:175} INFO - Processing /home/airflow/.local/lib/python3.7/site-packages/airflow/example_dags/example_sla_dag.py took 0.144 seconds
[2023-01-19T20:27:39.235+0000] {processor.py:153} INFO - Started process (PID=77) to work on /home/airflow/.local/lib/python3.7/site-packages/airflow/example_dags/example_sla_dag.py
[2023-01-19T20:27:39.236+0000] {processor.py:743} INFO - Processing file /home/airflow/.local/lib/python3.7/site-packages/airflow/example_dags/example_sla_dag.py for tasks to queue
[2023-01-19T20:27:39.237+0000] {logging_mixin.py:137} INFO - [2023-01-19T20:27:39.237+0000] {dagbag.py:538} INFO - Filling up the DagBag from /home/airflow/.local/lib/python3.7/site-packages/airflow/example_dags/example_sla_dag.py
[2023-01-19T20:27:39.274+0000] {processor.py:753} INFO - DAG(s) dict_keys(['example_sla_dag']) retrieved from /home/airflow/.local/lib/python3.7/site-packages/airflow/example_dags/example_sla_dag.py
[2023-01-19T20:27:39.460+0000] {logging_mixin.py:137} INFO - [2023-01-19T20:27:39.460+0000] {manager.py:504} INFO - Created Permission View: can delete on DAG:example_sla_dag
[2023-01-19T20:27:39.477+0000] {logging_mixin.py:137} INFO - [2023-01-19T20:27:39.476+0000] {manager.py:504} INFO - Created Permission View: can edit on DAG:example_sla_dag
[2023-01-19T20:27:39.488+0000] {logging_mixin.py:137} INFO - [2023-01-19T20:27:39.488+0000] {manager.py:504} INFO - Created Permission View: can read on DAG:example_sla_dag
[2023-01-19T20:27:39.489+0000] {logging_mixin.py:137} INFO - [2023-01-19T20:27:39.489+0000] {dag.py:2676} INFO - Sync 1 DAGs
[2023-01-19T20:27:39.511+0000] {logging_mixin.py:137} INFO - [2023-01-19T20:27:39.511+0000] {dag.py:2697} INFO - Creating ORM DAG for example_sla_dag
[2023-01-19T20:27:39.539+0000] {logging_mixin.py:137} INFO - [2023-01-19T20:27:39.539+0000] {dag.py:3427} INFO - Setting next_dagrun for example_sla_dag to 2023-01-19T20:24:00+00:00, run_after=2023-01-19T20:26:00+00:00
[2023-01-19T20:27:39.568+0000] {processor.py:175} INFO - Processing /home/airflow/.local/lib/python3.7/site-packages/airflow/example_dags/example_sla_dag.py took 0.337 seconds
[2023-01-19T20:28:10.192+0000] {processor.py:153} INFO - Started process (PID=149) to work on /home/airflow/.local/lib/python3.7/site-packages/airflow/example_dags/example_sla_dag.py
[2023-01-19T20:28:10.193+0000] {processor.py:743} INFO - Processing file /home/airflow/.local/lib/python3.7/site-packages/airflow/example_dags/example_sla_dag.py for tasks to queue
[2023-01-19T20:28:10.194+0000] {logging_mixin.py:137} INFO - [2023-01-19T20:28:10.194+0000] {dagbag.py:538} INFO - Filling up the DagBag from /home/airflow/.local/lib/python3.7/site-packages/airflow/example_dags/example_sla_dag.py
[2023-01-19T20:28:10.235+0000] {processor.py:753} INFO - DAG(s) dict_keys(['example_sla_dag']) retrieved from /home/airflow/.local/lib/python3.7/site-packages/airflow/example_dags/example_sla_dag.py
[2023-01-19T20:28:10.288+0000] {logging_mixin.py:137} INFO - [2023-01-19T20:28:10.288+0000] {dag.py:2676} INFO - Sync 1 DAGs
[2023-01-19T20:28:10.340+0000] {logging_mixin.py:137} INFO - [2023-01-19T20:28:10.340+0000] {dag.py:3427} INFO - Setting next_dagrun for example_sla_dag to 2023-01-19T20:26:00+00:00, run_after=2023-01-19T20:28:00+00:00
[2023-01-19T20:28:10.367+0000] {processor.py:175} INFO - Processing /home/airflow/.local/lib/python3.7/site-packages/airflow/example_dags/example_sla_dag.py took 0.179 seconds
[2023-01-19T20:28:41.487+0000] {processor.py:153} INFO - Started process (PID=237) to work on /home/airflow/.local/lib/python3.7/site-packages/airflow/example_dags/example_sla_dag.py
[2023-01-19T20:28:41.488+0000] {processor.py:743} INFO - Processing file /home/airflow/.local/lib/python3.7/site-packages/airflow/example_dags/example_sla_dag.py for tasks to queue
[2023-01-19T20:28:41.489+0000] {logging_mixin.py:137} INFO - [2023-01-19T20:28:41.489+0000] {dagbag.py:538} INFO - Filling up the DagBag from /home/airflow/.local/lib/python3.7/site-packages/airflow/example_dags/example_sla_dag.py
[2023-01-19T20:28:41.532+0000] {processor.py:753} INFO - DAG(s) dict_keys(['example_sla_dag']) retrieved from /home/airflow/.local/lib/python3.7/site-packages/airflow/example_dags/example_sla_dag.py
[2023-01-19T20:28:41.599+0000] {logging_mixin.py:137} INFO - [2023-01-19T20:28:41.599+0000] {dag.py:2676} INFO - Sync 1 DAGs
[2023-01-19T20:28:41.651+0000] {logging_mixin.py:137} INFO - [2023-01-19T20:28:41.651+0000] {dag.py:3427} INFO - Setting next_dagrun for example_sla_dag to 2023-01-19T20:26:00+00:00, run_after=2023-01-19T20:28:00+00:00
[2023-01-19T20:28:41.681+0000] {processor.py:175} INFO - Processing /home/airflow/.local/lib/python3.7/site-packages/airflow/example_dags/example_sla_dag.py took 0.199 seconds
[2023-01-19T20:29:11.932+0000] {processor.py:153} INFO - Started process (PID=310) to work on /home/airflow/.local/lib/python3.7/site-packages/airflow/example_dags/example_sla_dag.py
[2023-01-19T20:29:11.934+0000] {processor.py:743} INFO - Processing file /home/airflow/.local/lib/python3.7/site-packages/airflow/example_dags/example_sla_dag.py for tasks to queue
[2023-01-19T20:29:11.935+0000] {logging_mixin.py:137} INFO - [2023-01-19T20:29:11.935+0000] {dagbag.py:538} INFO - Filling up the DagBag from /home/airflow/.local/lib/python3.7/site-packages/airflow/example_dags/example_sla_dag.py
[2023-01-19T20:29:11.972+0000] {processor.py:753} INFO - DAG(s) dict_keys(['example_sla_dag']) retrieved from /home/airflow/.local/lib/python3.7/site-packages/airflow/example_dags/example_sla_dag.py
[2023-01-19T20:29:12.031+0000] {logging_mixin.py:137} INFO - [2023-01-19T20:29:12.031+0000] {dag.py:2676} INFO - Sync 1 DAGs
[2023-01-19T20:29:12.076+0000] {logging_mixin.py:137} INFO - [2023-01-19T20:29:12.076+0000] {dag.py:3427} INFO - Setting next_dagrun for example_sla_dag to 2023-01-19T20:26:00+00:00, run_after=2023-01-19T20:28:00+00:00
[2023-01-19T20:29:12.106+0000] {processor.py:175} INFO - Processing /home/airflow/.local/lib/python3.7/site-packages/airflow/example_dags/example_sla_dag.py took 0.178 seconds
[2023-01-19T20:29:42.197+0000] {processor.py:153} INFO - Started process (PID=383) to work on /home/airflow/.local/lib/python3.7/site-packages/airflow/example_dags/example_sla_dag.py
[2023-01-19T20:29:42.198+0000] {processor.py:743} INFO - Processing file /home/airflow/.local/lib/python3.7/site-packages/airflow/example_dags/example_sla_dag.py for tasks to queue
[2023-01-19T20:29:42.200+0000] {logging_mixin.py:137} INFO - [2023-01-19T20:29:42.200+0000] {dagbag.py:538} INFO - Filling up the DagBag from /home/airflow/.local/lib/python3.7/site-packages/airflow/example_dags/example_sla_dag.py
[2023-01-19T20:29:42.235+0000] {processor.py:753} INFO - DAG(s) dict_keys(['example_sla_dag']) retrieved from /home/airflow/.local/lib/python3.7/site-packages/airflow/example_dags/example_sla_dag.py
[2023-01-19T20:29:42.294+0000] {logging_mixin.py:137} INFO - [2023-01-19T20:29:42.293+0000] {dag.py:2676} INFO - Sync 1 DAGs
[2023-01-19T20:29:42.341+0000] {logging_mixin.py:137} INFO - [2023-01-19T20:29:42.341+0000] {dag.py:3427} INFO - Setting next_dagrun for example_sla_dag to 2023-01-19T20:26:00+00:00, run_after=2023-01-19T20:28:00+00:00
[2023-01-19T20:29:42.373+0000] {processor.py:175} INFO - Processing /home/airflow/.local/lib/python3.7/site-packages/airflow/example_dags/example_sla_dag.py took 0.181 seconds
[2023-01-19T20:30:12.824+0000] {processor.py:153} INFO - Started process (PID=455) to work on /home/airflow/.local/lib/python3.7/site-packages/airflow/example_dags/example_sla_dag.py
[2023-01-19T20:30:12.825+0000] {processor.py:743} INFO - Processing file /home/airflow/.local/lib/python3.7/site-packages/airflow/example_dags/example_sla_dag.py for tasks to queue
[2023-01-19T20:30:12.826+0000] {logging_mixin.py:137} INFO - [2023-01-19T20:30:12.826+0000] {dagbag.py:538} INFO - Filling up the DagBag from /home/airflow/.local/lib/python3.7/site-packages/airflow/example_dags/example_sla_dag.py
[2023-01-19T20:30:12.854+0000] {processor.py:753} INFO - DAG(s) dict_keys(['example_sla_dag']) retrieved from /home/airflow/.local/lib/python3.7/site-packages/airflow/example_dags/example_sla_dag.py
[2023-01-19T20:30:12.900+0000] {logging_mixin.py:137} INFO - [2023-01-19T20:30:12.899+0000] {dag.py:2676} INFO - Sync 1 DAGs
[2023-01-19T20:30:12.936+0000] {logging_mixin.py:137} INFO - [2023-01-19T20:30:12.936+0000] {dag.py:3427} INFO - Setting next_dagrun for example_sla_dag to 2023-01-19T20:28:00+00:00, run_after=2023-01-19T20:30:00+00:00
[2023-01-19T20:30:12.963+0000] {processor.py:175} INFO - Processing /home/airflow/.local/lib/python3.7/site-packages/airflow/example_dags/example_sla_dag.py took 0.142 seconds
[2023-01-19T20:30:43.043+0000] {processor.py:153} INFO - Started process (PID=543) to work on /home/airflow/.local/lib/python3.7/site-packages/airflow/example_dags/example_sla_dag.py
[2023-01-19T20:30:43.045+0000] {processor.py:743} INFO - Processing file /home/airflow/.local/lib/python3.7/site-packages/airflow/example_dags/example_sla_dag.py for tasks to queue
[2023-01-19T20:30:43.045+0000] {logging_mixin.py:137} INFO - [2023-01-19T20:30:43.045+0000] {dagbag.py:538} INFO - Filling up the DagBag from /home/airflow/.local/lib/python3.7/site-packages/airflow/example_dags/example_sla_dag.py
[2023-01-19T20:30:43.081+0000] {processor.py:753} INFO - DAG(s) dict_keys(['example_sla_dag']) retrieved from /home/airflow/.local/lib/python3.7/site-packages/airflow/example_dags/example_sla_dag.py
[2023-01-19T20:30:43.134+0000] {logging_mixin.py:137} INFO - [2023-01-19T20:30:43.134+0000] {dag.py:2676} INFO - Sync 1 DAGs
[2023-01-19T20:30:43.181+0000] {logging_mixin.py:137} INFO - [2023-01-19T20:30:43.181+0000] {dag.py:3427} INFO - Setting next_dagrun for example_sla_dag to 2023-01-19T20:28:00+00:00, run_after=2023-01-19T20:30:00+00:00
[2023-01-19T20:30:43.211+0000] {processor.py:175} INFO - Processing /home/airflow/.local/lib/python3.7/site-packages/airflow/example_dags/example_sla_dag.py took 0.173 seconds
[2023-01-19T20:31:14.354+0000] {processor.py:153} INFO - Started process (PID=615) to work on /home/airflow/.local/lib/python3.7/site-packages/airflow/example_dags/example_sla_dag.py
[2023-01-19T20:31:14.371+0000] {processor.py:743} INFO - Processing file /home/airflow/.local/lib/python3.7/site-packages/airflow/example_dags/example_sla_dag.py for tasks to queue
[2023-01-19T20:31:14.372+0000] {logging_mixin.py:137} INFO - [2023-01-19T20:31:14.372+0000] {dagbag.py:538} INFO - Filling up the DagBag from /home/airflow/.local/lib/python3.7/site-packages/airflow/example_dags/example_sla_dag.py
[2023-01-19T20:31:14.422+0000] {processor.py:753} INFO - DAG(s) dict_keys(['example_sla_dag']) retrieved from /home/airflow/.local/lib/python3.7/site-packages/airflow/example_dags/example_sla_dag.py
[2023-01-19T20:31:14.510+0000] {logging_mixin.py:137} INFO - [2023-01-19T20:31:14.510+0000] {dag.py:2676} INFO - Sync 1 DAGs
[2023-01-19T20:31:14.582+0000] {logging_mixin.py:137} INFO - [2023-01-19T20:31:14.582+0000] {dag.py:3427} INFO - Setting next_dagrun for example_sla_dag to 2023-01-19T20:28:00+00:00, run_after=2023-01-19T20:30:00+00:00
[2023-01-19T20:31:14.627+0000] {processor.py:175} INFO - Processing /home/airflow/.local/lib/python3.7/site-packages/airflow/example_dags/example_sla_dag.py took 0.278 seconds
[2023-01-19T20:31:45.173+0000] {processor.py:153} INFO - Started process (PID=687) to work on /home/airflow/.local/lib/python3.7/site-packages/airflow/example_dags/example_sla_dag.py
[2023-01-19T20:31:45.174+0000] {processor.py:743} INFO - Processing file /home/airflow/.local/lib/python3.7/site-packages/airflow/example_dags/example_sla_dag.py for tasks to queue
[2023-01-19T20:31:45.175+0000] {logging_mixin.py:137} INFO - [2023-01-19T20:31:45.175+0000] {dagbag.py:538} INFO - Filling up the DagBag from /home/airflow/.local/lib/python3.7/site-packages/airflow/example_dags/example_sla_dag.py
[2023-01-19T20:31:45.211+0000] {processor.py:753} INFO - DAG(s) dict_keys(['example_sla_dag']) retrieved from /home/airflow/.local/lib/python3.7/site-packages/airflow/example_dags/example_sla_dag.py
[2023-01-19T20:31:45.263+0000] {logging_mixin.py:137} INFO - [2023-01-19T20:31:45.263+0000] {dag.py:2676} INFO - Sync 1 DAGs
[2023-01-19T20:31:45.302+0000] {logging_mixin.py:137} INFO - [2023-01-19T20:31:45.301+0000] {dag.py:3427} INFO - Setting next_dagrun for example_sla_dag to 2023-01-19T20:28:00+00:00, run_after=2023-01-19T20:30:00+00:00
[2023-01-19T20:31:45.330+0000] {processor.py:175} INFO - Processing /home/airflow/.local/lib/python3.7/site-packages/airflow/example_dags/example_sla_dag.py took 0.161 seconds
[2023-01-19T20:32:15.567+0000] {processor.py:153} INFO - Started process (PID=776) to work on /home/airflow/.local/lib/python3.7/site-packages/airflow/example_dags/example_sla_dag.py
[2023-01-19T20:32:15.568+0000] {processor.py:743} INFO - Processing file /home/airflow/.local/lib/python3.7/site-packages/airflow/example_dags/example_sla_dag.py for tasks to queue
[2023-01-19T20:32:15.568+0000] {logging_mixin.py:137} INFO - [2023-01-19T20:32:15.568+0000] {dagbag.py:538} INFO - Filling up the DagBag from /home/airflow/.local/lib/python3.7/site-packages/airflow/example_dags/example_sla_dag.py
[2023-01-19T20:32:15.599+0000] {processor.py:753} INFO - DAG(s) dict_keys(['example_sla_dag']) retrieved from /home/airflow/.local/lib/python3.7/site-packages/airflow/example_dags/example_sla_dag.py
[2023-01-19T20:32:15.646+0000] {logging_mixin.py:137} INFO - [2023-01-19T20:32:15.646+0000] {dag.py:2676} INFO - Sync 1 DAGs
[2023-01-19T20:32:15.693+0000] {logging_mixin.py:137} INFO - [2023-01-19T20:32:15.693+0000] {dag.py:3427} INFO - Setting next_dagrun for example_sla_dag to 2023-01-19T20:30:00+00:00, run_after=2023-01-19T20:32:00+00:00
[2023-01-19T20:32:15.720+0000] {processor.py:175} INFO - Processing /home/airflow/.local/lib/python3.7/site-packages/airflow/example_dags/example_sla_dag.py took 0.157 seconds
[2023-01-19T20:32:45.855+0000] {processor.py:153} INFO - Started process (PID=848) to work on /home/airflow/.local/lib/python3.7/site-packages/airflow/example_dags/example_sla_dag.py
[2023-01-19T20:32:45.856+0000] {processor.py:743} INFO - Processing file /home/airflow/.local/lib/python3.7/site-packages/airflow/example_dags/example_sla_dag.py for tasks to queue
[2023-01-19T20:32:45.857+0000] {logging_mixin.py:137} INFO - [2023-01-19T20:32:45.856+0000] {dagbag.py:538} INFO - Filling up the DagBag from /home/airflow/.local/lib/python3.7/site-packages/airflow/example_dags/example_sla_dag.py
[2023-01-19T20:32:45.887+0000] {processor.py:753} INFO - DAG(s) dict_keys(['example_sla_dag']) retrieved from /home/airflow/.local/lib/python3.7/site-packages/airflow/example_dags/example_sla_dag.py
[2023-01-19T20:32:45.937+0000] {logging_mixin.py:137} INFO - [2023-01-19T20:32:45.937+0000] {dag.py:2676} INFO - Sync 1 DAGs
[2023-01-19T20:32:45.978+0000] {logging_mixin.py:137} INFO - [2023-01-19T20:32:45.978+0000] {dag.py:3427} INFO - Setting next_dagrun for example_sla_dag to 2023-01-19T20:30:00+00:00, run_after=2023-01-19T20:32:00+00:00
[2023-01-19T20:32:46.007+0000] {processor.py:175} INFO - Processing /home/airflow/.local/lib/python3.7/site-packages/airflow/example_dags/example_sla_dag.py took 0.156 seconds
[2023-01-19T20:33:16.154+0000] {processor.py:153} INFO - Started process (PID=920) to work on /home/airflow/.local/lib/python3.7/site-packages/airflow/example_dags/example_sla_dag.py
[2023-01-19T20:33:16.155+0000] {processor.py:743} INFO - Processing file /home/airflow/.local/lib/python3.7/site-packages/airflow/example_dags/example_sla_dag.py for tasks to queue
[2023-01-19T20:33:16.156+0000] {logging_mixin.py:137} INFO - [2023-01-19T20:33:16.156+0000] {dagbag.py:538} INFO - Filling up the DagBag from /home/airflow/.local/lib/python3.7/site-packages/airflow/example_dags/example_sla_dag.py
[2023-01-19T20:33:16.186+0000] {processor.py:753} INFO - DAG(s) dict_keys(['example_sla_dag']) retrieved from /home/airflow/.local/lib/python3.7/site-packages/airflow/example_dags/example_sla_dag.py
[2023-01-19T20:33:16.236+0000] {logging_mixin.py:137} INFO - [2023-01-19T20:33:16.235+0000] {dag.py:2676} INFO - Sync 1 DAGs
[2023-01-19T20:33:16.277+0000] {logging_mixin.py:137} INFO - [2023-01-19T20:33:16.277+0000] {dag.py:3427} INFO - Setting next_dagrun for example_sla_dag to 2023-01-19T20:30:00+00:00, run_after=2023-01-19T20:32:00+00:00
[2023-01-19T20:33:16.304+0000] {processor.py:175} INFO - Processing /home/airflow/.local/lib/python3.7/site-packages/airflow/example_dags/example_sla_dag.py took 0.154 seconds
[2023-01-19T20:33:46.478+0000] {processor.py:153} INFO - Started process (PID=992) to work on /home/airflow/.local/lib/python3.7/site-packages/airflow/example_dags/example_sla_dag.py
[2023-01-19T20:33:46.479+0000] {processor.py:743} INFO - Processing file /home/airflow/.local/lib/python3.7/site-packages/airflow/example_dags/example_sla_dag.py for tasks to queue
[2023-01-19T20:33:46.480+0000] {logging_mixin.py:137} INFO - [2023-01-19T20:33:46.480+0000] {dagbag.py:538} INFO - Filling up the DagBag from /home/airflow/.local/lib/python3.7/site-packages/airflow/example_dags/example_sla_dag.py
[2023-01-19T20:33:46.509+0000] {processor.py:753} INFO - DAG(s) dict_keys(['example_sla_dag']) retrieved from /home/airflow/.local/lib/python3.7/site-packages/airflow/example_dags/example_sla_dag.py
[2023-01-19T20:33:46.560+0000] {logging_mixin.py:137} INFO - [2023-01-19T20:33:46.560+0000] {dag.py:2676} INFO - Sync 1 DAGs
[2023-01-19T20:33:46.601+0000] {logging_mixin.py:137} INFO - [2023-01-19T20:33:46.601+0000] {dag.py:3427} INFO - Setting next_dagrun for example_sla_dag to 2023-01-19T20:30:00+00:00, run_after=2023-01-19T20:32:00+00:00
[2023-01-19T20:33:46.627+0000] {processor.py:175} INFO - Processing /home/airflow/.local/lib/python3.7/site-packages/airflow/example_dags/example_sla_dag.py took 0.153 seconds
[2023-01-19T20:34:16.911+0000] {processor.py:153} INFO - Started process (PID=1080) to work on /home/airflow/.local/lib/python3.7/site-packages/airflow/example_dags/example_sla_dag.py
[2023-01-19T20:34:16.912+0000] {processor.py:743} INFO - Processing file /home/airflow/.local/lib/python3.7/site-packages/airflow/example_dags/example_sla_dag.py for tasks to queue
[2023-01-19T20:34:16.913+0000] {logging_mixin.py:137} INFO - [2023-01-19T20:34:16.913+0000] {dagbag.py:538} INFO - Filling up the DagBag from /home/airflow/.local/lib/python3.7/site-packages/airflow/example_dags/example_sla_dag.py
[2023-01-19T20:34:16.954+0000] {processor.py:753} INFO - DAG(s) dict_keys(['example_sla_dag']) retrieved from /home/airflow/.local/lib/python3.7/site-packages/airflow/example_dags/example_sla_dag.py
[2023-01-19T20:34:17.014+0000] {logging_mixin.py:137} INFO - [2023-01-19T20:34:17.014+0000] {dag.py:2676} INFO - Sync 1 DAGs
[2023-01-19T20:34:17.066+0000] {logging_mixin.py:137} INFO - [2023-01-19T20:34:17.065+0000] {dag.py:3427} INFO - Setting next_dagrun for example_sla_dag to 2023-01-19T20:32:00+00:00, run_after=2023-01-19T20:34:00+00:00
[2023-01-19T20:34:17.094+0000] {processor.py:175} INFO - Processing /home/airflow/.local/lib/python3.7/site-packages/airflow/example_dags/example_sla_dag.py took 0.188 seconds
[2023-01-19T20:34:47.761+0000] {processor.py:153} INFO - Started process (PID=1152) to work on /home/airflow/.local/lib/python3.7/site-packages/airflow/example_dags/example_sla_dag.py
[2023-01-19T20:34:47.762+0000] {processor.py:743} INFO - Processing file /home/airflow/.local/lib/python3.7/site-packages/airflow/example_dags/example_sla_dag.py for tasks to queue
[2023-01-19T20:34:47.763+0000] {logging_mixin.py:137} INFO - [2023-01-19T20:34:47.763+0000] {dagbag.py:538} INFO - Filling up the DagBag from /home/airflow/.local/lib/python3.7/site-packages/airflow/example_dags/example_sla_dag.py
[2023-01-19T20:34:47.792+0000] {processor.py:753} INFO - DAG(s) dict_keys(['example_sla_dag']) retrieved from /home/airflow/.local/lib/python3.7/site-packages/airflow/example_dags/example_sla_dag.py
[2023-01-19T20:34:47.842+0000] {logging_mixin.py:137} INFO - [2023-01-19T20:34:47.842+0000] {dag.py:2676} INFO - Sync 1 DAGs
[2023-01-19T20:34:47.885+0000] {logging_mixin.py:137} INFO - [2023-01-19T20:34:47.884+0000] {dag.py:3427} INFO - Setting next_dagrun for example_sla_dag to 2023-01-19T20:32:00+00:00, run_after=2023-01-19T20:34:00+00:00
[2023-01-19T20:34:47.911+0000] {processor.py:175} INFO - Processing /home/airflow/.local/lib/python3.7/site-packages/airflow/example_dags/example_sla_dag.py took 0.154 seconds
[2023-01-19T20:35:18.513+0000] {processor.py:153} INFO - Started process (PID=1224) to work on /home/airflow/.local/lib/python3.7/site-packages/airflow/example_dags/example_sla_dag.py
[2023-01-19T20:35:18.514+0000] {processor.py:743} INFO - Processing file /home/airflow/.local/lib/python3.7/site-packages/airflow/example_dags/example_sla_dag.py for tasks to queue
[2023-01-19T20:35:18.515+0000] {logging_mixin.py:137} INFO - [2023-01-19T20:35:18.515+0000] {dagbag.py:538} INFO - Filling up the DagBag from /home/airflow/.local/lib/python3.7/site-packages/airflow/example_dags/example_sla_dag.py
[2023-01-19T20:35:18.545+0000] {processor.py:753} INFO - DAG(s) dict_keys(['example_sla_dag']) retrieved from /home/airflow/.local/lib/python3.7/site-packages/airflow/example_dags/example_sla_dag.py
[2023-01-19T20:35:18.595+0000] {logging_mixin.py:137} INFO - [2023-01-19T20:35:18.595+0000] {dag.py:2676} INFO - Sync 1 DAGs
[2023-01-19T20:35:18.632+0000] {logging_mixin.py:137} INFO - [2023-01-19T20:35:18.631+0000] {dag.py:3427} INFO - Setting next_dagrun for example_sla_dag to 2023-01-19T20:32:00+00:00, run_after=2023-01-19T20:34:00+00:00
[2023-01-19T20:35:18.660+0000] {processor.py:175} INFO - Processing /home/airflow/.local/lib/python3.7/site-packages/airflow/example_dags/example_sla_dag.py took 0.151 seconds
[2023-01-19T20:35:49.437+0000] {processor.py:153} INFO - Started process (PID=1312) to work on /home/airflow/.local/lib/python3.7/site-packages/airflow/example_dags/example_sla_dag.py
[2023-01-19T20:35:49.438+0000] {processor.py:743} INFO - Processing file /home/airflow/.local/lib/python3.7/site-packages/airflow/example_dags/example_sla_dag.py for tasks to queue
[2023-01-19T20:35:49.439+0000] {logging_mixin.py:137} INFO - [2023-01-19T20:35:49.439+0000] {dagbag.py:538} INFO - Filling up the DagBag from /home/airflow/.local/lib/python3.7/site-packages/airflow/example_dags/example_sla_dag.py
[2023-01-19T20:35:49.474+0000] {processor.py:753} INFO - DAG(s) dict_keys(['example_sla_dag']) retrieved from /home/airflow/.local/lib/python3.7/site-packages/airflow/example_dags/example_sla_dag.py
[2023-01-19T20:35:49.526+0000] {logging_mixin.py:137} INFO - [2023-01-19T20:35:49.526+0000] {dag.py:2676} INFO - Sync 1 DAGs
[2023-01-19T20:35:49.565+0000] {logging_mixin.py:137} INFO - [2023-01-19T20:35:49.565+0000] {dag.py:3427} INFO - Setting next_dagrun for example_sla_dag to 2023-01-19T20:32:00+00:00, run_after=2023-01-19T20:34:00+00:00
[2023-01-19T20:35:49.592+0000] {processor.py:175} INFO - Processing /home/airflow/.local/lib/python3.7/site-packages/airflow/example_dags/example_sla_dag.py took 0.159 seconds
[2023-01-19T20:36:20.173+0000] {processor.py:153} INFO - Started process (PID=1385) to work on /home/airflow/.local/lib/python3.7/site-packages/airflow/example_dags/example_sla_dag.py
[2023-01-19T20:36:20.174+0000] {processor.py:743} INFO - Processing file /home/airflow/.local/lib/python3.7/site-packages/airflow/example_dags/example_sla_dag.py for tasks to queue
[2023-01-19T20:36:20.175+0000] {logging_mixin.py:137} INFO - [2023-01-19T20:36:20.175+0000] {dagbag.py:538} INFO - Filling up the DagBag from /home/airflow/.local/lib/python3.7/site-packages/airflow/example_dags/example_sla_dag.py
[2023-01-19T20:36:20.206+0000] {processor.py:753} INFO - DAG(s) dict_keys(['example_sla_dag']) retrieved from /home/airflow/.local/lib/python3.7/site-packages/airflow/example_dags/example_sla_dag.py
[2023-01-19T20:36:20.261+0000] {logging_mixin.py:137} INFO - [2023-01-19T20:36:20.261+0000] {dag.py:2676} INFO - Sync 1 DAGs
[2023-01-19T20:36:20.301+0000] {logging_mixin.py:137} INFO - [2023-01-19T20:36:20.300+0000] {dag.py:3427} INFO - Setting next_dagrun for example_sla_dag to 2023-01-19T20:34:00+00:00, run_after=2023-01-19T20:36:00+00:00
[2023-01-19T20:36:20.327+0000] {processor.py:175} INFO - Processing /home/airflow/.local/lib/python3.7/site-packages/airflow/example_dags/example_sla_dag.py took 0.157 seconds
[2023-01-19T20:36:50.990+0000] {processor.py:153} INFO - Started process (PID=1457) to work on /home/airflow/.local/lib/python3.7/site-packages/airflow/example_dags/example_sla_dag.py
[2023-01-19T20:36:50.991+0000] {processor.py:743} INFO - Processing file /home/airflow/.local/lib/python3.7/site-packages/airflow/example_dags/example_sla_dag.py for tasks to queue
[2023-01-19T20:36:50.992+0000] {logging_mixin.py:137} INFO - [2023-01-19T20:36:50.992+0000] {dagbag.py:538} INFO - Filling up the DagBag from /home/airflow/.local/lib/python3.7/site-packages/airflow/example_dags/example_sla_dag.py
[2023-01-19T20:36:51.022+0000] {processor.py:753} INFO - DAG(s) dict_keys(['example_sla_dag']) retrieved from /home/airflow/.local/lib/python3.7/site-packages/airflow/example_dags/example_sla_dag.py
[2023-01-19T20:36:51.073+0000] {logging_mixin.py:137} INFO - [2023-01-19T20:36:51.073+0000] {dag.py:2676} INFO - Sync 1 DAGs
[2023-01-19T20:36:51.111+0000] {logging_mixin.py:137} INFO - [2023-01-19T20:36:51.111+0000] {dag.py:3427} INFO - Setting next_dagrun for example_sla_dag to 2023-01-19T20:34:00+00:00, run_after=2023-01-19T20:36:00+00:00
[2023-01-19T20:36:51.137+0000] {processor.py:175} INFO - Processing /home/airflow/.local/lib/python3.7/site-packages/airflow/example_dags/example_sla_dag.py took 0.151 seconds
[2023-01-19T20:37:22.094+0000] {processor.py:153} INFO - Started process (PID=1545) to work on /home/airflow/.local/lib/python3.7/site-packages/airflow/example_dags/example_sla_dag.py
[2023-01-19T20:37:22.095+0000] {processor.py:743} INFO - Processing file /home/airflow/.local/lib/python3.7/site-packages/airflow/example_dags/example_sla_dag.py for tasks to queue
[2023-01-19T20:37:22.096+0000] {logging_mixin.py:137} INFO - [2023-01-19T20:37:22.096+0000] {dagbag.py:538} INFO - Filling up the DagBag from /home/airflow/.local/lib/python3.7/site-packages/airflow/example_dags/example_sla_dag.py
[2023-01-19T20:37:22.131+0000] {processor.py:753} INFO - DAG(s) dict_keys(['example_sla_dag']) retrieved from /home/airflow/.local/lib/python3.7/site-packages/airflow/example_dags/example_sla_dag.py
[2023-01-19T20:37:22.183+0000] {logging_mixin.py:137} INFO - [2023-01-19T20:37:22.182+0000] {dag.py:2676} INFO - Sync 1 DAGs
[2023-01-19T20:37:22.225+0000] {logging_mixin.py:137} INFO - [2023-01-19T20:37:22.225+0000] {dag.py:3427} INFO - Setting next_dagrun for example_sla_dag to 2023-01-19T20:34:00+00:00, run_after=2023-01-19T20:36:00+00:00
[2023-01-19T20:37:22.254+0000] {processor.py:175} INFO - Processing /home/airflow/.local/lib/python3.7/site-packages/airflow/example_dags/example_sla_dag.py took 0.164 seconds
[2023-01-19T20:37:52.382+0000] {processor.py:153} INFO - Started process (PID=1617) to work on /home/airflow/.local/lib/python3.7/site-packages/airflow/example_dags/example_sla_dag.py
[2023-01-19T20:37:52.384+0000] {processor.py:743} INFO - Processing file /home/airflow/.local/lib/python3.7/site-packages/airflow/example_dags/example_sla_dag.py for tasks to queue
[2023-01-19T20:37:52.384+0000] {logging_mixin.py:137} INFO - [2023-01-19T20:37:52.384+0000] {dagbag.py:538} INFO - Filling up the DagBag from /home/airflow/.local/lib/python3.7/site-packages/airflow/example_dags/example_sla_dag.py
[2023-01-19T20:37:52.417+0000] {processor.py:753} INFO - DAG(s) dict_keys(['example_sla_dag']) retrieved from /home/airflow/.local/lib/python3.7/site-packages/airflow/example_dags/example_sla_dag.py
[2023-01-19T20:37:52.464+0000] {logging_mixin.py:137} INFO - [2023-01-19T20:37:52.463+0000] {dag.py:2676} INFO - Sync 1 DAGs
[2023-01-19T20:37:52.500+0000] {logging_mixin.py:137} INFO - [2023-01-19T20:37:52.500+0000] {dag.py:3427} INFO - Setting next_dagrun for example_sla_dag to 2023-01-19T20:34:00+00:00, run_after=2023-01-19T20:36:00+00:00
[2023-01-19T20:37:52.526+0000] {processor.py:175} INFO - Processing /home/airflow/.local/lib/python3.7/site-packages/airflow/example_dags/example_sla_dag.py took 0.148 seconds
[2023-01-19T20:38:22.741+0000] {processor.py:153} INFO - Started process (PID=1689) to work on /home/airflow/.local/lib/python3.7/site-packages/airflow/example_dags/example_sla_dag.py
[2023-01-19T20:38:22.742+0000] {processor.py:743} INFO - Processing file /home/airflow/.local/lib/python3.7/site-packages/airflow/example_dags/example_sla_dag.py for tasks to queue
[2023-01-19T20:38:22.743+0000] {logging_mixin.py:137} INFO - [2023-01-19T20:38:22.743+0000] {dagbag.py:538} INFO - Filling up the DagBag from /home/airflow/.local/lib/python3.7/site-packages/airflow/example_dags/example_sla_dag.py
[2023-01-19T20:38:22.775+0000] {processor.py:753} INFO - DAG(s) dict_keys(['example_sla_dag']) retrieved from /home/airflow/.local/lib/python3.7/site-packages/airflow/example_dags/example_sla_dag.py
[2023-01-19T20:38:22.825+0000] {logging_mixin.py:137} INFO - [2023-01-19T20:38:22.824+0000] {dag.py:2676} INFO - Sync 1 DAGs
[2023-01-19T20:38:22.863+0000] {logging_mixin.py:137} INFO - [2023-01-19T20:38:22.863+0000] {dag.py:3427} INFO - Setting next_dagrun for example_sla_dag to 2023-01-19T20:36:00+00:00, run_after=2023-01-19T20:38:00+00:00
[2023-01-19T20:38:22.889+0000] {processor.py:175} INFO - Processing /home/airflow/.local/lib/python3.7/site-packages/airflow/example_dags/example_sla_dag.py took 0.152 seconds
[2023-01-19T20:38:53.601+0000] {processor.py:153} INFO - Started process (PID=1777) to work on /home/airflow/.local/lib/python3.7/site-packages/airflow/example_dags/example_sla_dag.py
[2023-01-19T20:38:53.602+0000] {processor.py:743} INFO - Processing file /home/airflow/.local/lib/python3.7/site-packages/airflow/example_dags/example_sla_dag.py for tasks to queue
[2023-01-19T20:38:53.603+0000] {logging_mixin.py:137} INFO - [2023-01-19T20:38:53.602+0000] {dagbag.py:538} INFO - Filling up the DagBag from /home/airflow/.local/lib/python3.7/site-packages/airflow/example_dags/example_sla_dag.py
[2023-01-19T20:38:53.643+0000] {processor.py:753} INFO - DAG(s) dict_keys(['example_sla_dag']) retrieved from /home/airflow/.local/lib/python3.7/site-packages/airflow/example_dags/example_sla_dag.py
[2023-01-19T20:38:53.708+0000] {logging_mixin.py:137} INFO - [2023-01-19T20:38:53.708+0000] {dag.py:2676} INFO - Sync 1 DAGs
[2023-01-19T20:38:53.762+0000] {logging_mixin.py:137} INFO - [2023-01-19T20:38:53.762+0000] {dag.py:3427} INFO - Setting next_dagrun for example_sla_dag to 2023-01-19T20:36:00+00:00, run_after=2023-01-19T20:38:00+00:00
[2023-01-19T20:38:53.800+0000] {processor.py:175} INFO - Processing /home/airflow/.local/lib/python3.7/site-packages/airflow/example_dags/example_sla_dag.py took 0.203 seconds
[2023-01-19T20:39:23.947+0000] {processor.py:153} INFO - Started process (PID=1849) to work on /home/airflow/.local/lib/python3.7/site-packages/airflow/example_dags/example_sla_dag.py
[2023-01-19T20:39:23.948+0000] {processor.py:743} INFO - Processing file /home/airflow/.local/lib/python3.7/site-packages/airflow/example_dags/example_sla_dag.py for tasks to queue
[2023-01-19T20:39:23.949+0000] {logging_mixin.py:137} INFO - [2023-01-19T20:39:23.949+0000] {dagbag.py:538} INFO - Filling up the DagBag from /home/airflow/.local/lib/python3.7/site-packages/airflow/example_dags/example_sla_dag.py
[2023-01-19T20:39:23.983+0000] {processor.py:753} INFO - DAG(s) dict_keys(['example_sla_dag']) retrieved from /home/airflow/.local/lib/python3.7/site-packages/airflow/example_dags/example_sla_dag.py
[2023-01-19T20:39:24.030+0000] {logging_mixin.py:137} INFO - [2023-01-19T20:39:24.030+0000] {dag.py:2676} INFO - Sync 1 DAGs
[2023-01-19T20:39:24.068+0000] {logging_mixin.py:137} INFO - [2023-01-19T20:39:24.067+0000] {dag.py:3427} INFO - Setting next_dagrun for example_sla_dag to 2023-01-19T20:36:00+00:00, run_after=2023-01-19T20:38:00+00:00
[2023-01-19T20:39:24.094+0000] {processor.py:175} INFO - Processing /home/airflow/.local/lib/python3.7/site-packages/airflow/example_dags/example_sla_dag.py took 0.151 seconds
[2023-01-19T20:39:54.307+0000] {processor.py:153} INFO - Started process (PID=1921) to work on /home/airflow/.local/lib/python3.7/site-packages/airflow/example_dags/example_sla_dag.py
[2023-01-19T20:39:54.309+0000] {processor.py:743} INFO - Processing file /home/airflow/.local/lib/python3.7/site-packages/airflow/example_dags/example_sla_dag.py for tasks to queue
[2023-01-19T20:39:54.310+0000] {logging_mixin.py:137} INFO - [2023-01-19T20:39:54.309+0000] {dagbag.py:538} INFO - Filling up the DagBag from /home/airflow/.local/lib/python3.7/site-packages/airflow/example_dags/example_sla_dag.py
[2023-01-19T20:39:54.340+0000] {processor.py:753} INFO - DAG(s) dict_keys(['example_sla_dag']) retrieved from /home/airflow/.local/lib/python3.7/site-packages/airflow/example_dags/example_sla_dag.py
[2023-01-19T20:39:54.388+0000] {logging_mixin.py:137} INFO - [2023-01-19T20:39:54.387+0000] {dag.py:2676} INFO - Sync 1 DAGs
[2023-01-19T20:39:54.426+0000] {logging_mixin.py:137} INFO - [2023-01-19T20:39:54.425+0000] {dag.py:3427} INFO - Setting next_dagrun for example_sla_dag to 2023-01-19T20:36:00+00:00, run_after=2023-01-19T20:38:00+00:00
[2023-01-19T20:39:54.453+0000] {processor.py:175} INFO - Processing /home/airflow/.local/lib/python3.7/site-packages/airflow/example_dags/example_sla_dag.py took 0.150 seconds
[2023-01-19T20:40:24.604+0000] {processor.py:153} INFO - Started process (PID=2003) to work on /home/airflow/.local/lib/python3.7/site-packages/airflow/example_dags/example_sla_dag.py
[2023-01-19T20:40:24.605+0000] {processor.py:743} INFO - Processing file /home/airflow/.local/lib/python3.7/site-packages/airflow/example_dags/example_sla_dag.py for tasks to queue
[2023-01-19T20:40:24.606+0000] {logging_mixin.py:137} INFO - [2023-01-19T20:40:24.606+0000] {dagbag.py:538} INFO - Filling up the DagBag from /home/airflow/.local/lib/python3.7/site-packages/airflow/example_dags/example_sla_dag.py
[2023-01-19T20:40:24.640+0000] {processor.py:753} INFO - DAG(s) dict_keys(['example_sla_dag']) retrieved from /home/airflow/.local/lib/python3.7/site-packages/airflow/example_dags/example_sla_dag.py
[2023-01-19T20:40:24.693+0000] {logging_mixin.py:137} INFO - [2023-01-19T20:40:24.693+0000] {dag.py:2676} INFO - Sync 1 DAGs
[2023-01-19T20:40:24.732+0000] {logging_mixin.py:137} INFO - [2023-01-19T20:40:24.732+0000] {dag.py:3427} INFO - Setting next_dagrun for example_sla_dag to 2023-01-19T20:38:00+00:00, run_after=2023-01-19T20:40:00+00:00
[2023-01-19T20:40:24.760+0000] {processor.py:175} INFO - Processing /home/airflow/.local/lib/python3.7/site-packages/airflow/example_dags/example_sla_dag.py took 0.160 seconds
[2023-01-19T20:40:54.875+0000] {processor.py:153} INFO - Started process (PID=2082) to work on /home/airflow/.local/lib/python3.7/site-packages/airflow/example_dags/example_sla_dag.py
[2023-01-19T20:40:54.876+0000] {processor.py:743} INFO - Processing file /home/airflow/.local/lib/python3.7/site-packages/airflow/example_dags/example_sla_dag.py for tasks to queue
[2023-01-19T20:40:54.878+0000] {logging_mixin.py:137} INFO - [2023-01-19T20:40:54.878+0000] {dagbag.py:538} INFO - Filling up the DagBag from /home/airflow/.local/lib/python3.7/site-packages/airflow/example_dags/example_sla_dag.py
[2023-01-19T20:40:54.906+0000] {processor.py:753} INFO - DAG(s) dict_keys(['example_sla_dag']) retrieved from /home/airflow/.local/lib/python3.7/site-packages/airflow/example_dags/example_sla_dag.py
[2023-01-19T20:40:54.958+0000] {logging_mixin.py:137} INFO - [2023-01-19T20:40:54.958+0000] {dag.py:2676} INFO - Sync 1 DAGs
[2023-01-19T20:40:55.006+0000] {logging_mixin.py:137} INFO - [2023-01-19T20:40:55.006+0000] {dag.py:3427} INFO - Setting next_dagrun for example_sla_dag to 2023-01-19T20:38:00+00:00, run_after=2023-01-19T20:40:00+00:00
[2023-01-19T20:40:55.034+0000] {processor.py:175} INFO - Processing /home/airflow/.local/lib/python3.7/site-packages/airflow/example_dags/example_sla_dag.py took 0.162 seconds
[2023-01-19T20:41:25.057+0000] {processor.py:153} INFO - Started process (PID=2153) to work on /home/airflow/.local/lib/python3.7/site-packages/airflow/example_dags/example_sla_dag.py
[2023-01-19T20:41:25.058+0000] {processor.py:743} INFO - Processing file /home/airflow/.local/lib/python3.7/site-packages/airflow/example_dags/example_sla_dag.py for tasks to queue
[2023-01-19T20:41:25.059+0000] {logging_mixin.py:137} INFO - [2023-01-19T20:41:25.059+0000] {dagbag.py:538} INFO - Filling up the DagBag from /home/airflow/.local/lib/python3.7/site-packages/airflow/example_dags/example_sla_dag.py
[2023-01-19T20:41:25.093+0000] {processor.py:753} INFO - DAG(s) dict_keys(['example_sla_dag']) retrieved from /home/airflow/.local/lib/python3.7/site-packages/airflow/example_dags/example_sla_dag.py
[2023-01-19T20:41:25.158+0000] {logging_mixin.py:137} INFO - [2023-01-19T20:41:25.158+0000] {dag.py:2676} INFO - Sync 1 DAGs
[2023-01-19T20:41:25.196+0000] {logging_mixin.py:137} INFO - [2023-01-19T20:41:25.196+0000] {dag.py:3427} INFO - Setting next_dagrun for example_sla_dag to 2023-01-19T20:38:00+00:00, run_after=2023-01-19T20:40:00+00:00
[2023-01-19T20:41:25.224+0000] {processor.py:175} INFO - Processing /home/airflow/.local/lib/python3.7/site-packages/airflow/example_dags/example_sla_dag.py took 0.173 seconds
[2023-01-19T20:41:55.266+0000] {processor.py:153} INFO - Started process (PID=2225) to work on /home/airflow/.local/lib/python3.7/site-packages/airflow/example_dags/example_sla_dag.py
[2023-01-19T20:41:55.267+0000] {processor.py:743} INFO - Processing file /home/airflow/.local/lib/python3.7/site-packages/airflow/example_dags/example_sla_dag.py for tasks to queue
[2023-01-19T20:41:55.268+0000] {logging_mixin.py:137} INFO - [2023-01-19T20:41:55.268+0000] {dagbag.py:538} INFO - Filling up the DagBag from /home/airflow/.local/lib/python3.7/site-packages/airflow/example_dags/example_sla_dag.py
[2023-01-19T20:41:55.302+0000] {processor.py:753} INFO - DAG(s) dict_keys(['example_sla_dag']) retrieved from /home/airflow/.local/lib/python3.7/site-packages/airflow/example_dags/example_sla_dag.py
[2023-01-19T20:41:55.349+0000] {logging_mixin.py:137} INFO - [2023-01-19T20:41:55.349+0000] {dag.py:2676} INFO - Sync 1 DAGs
[2023-01-19T20:41:55.385+0000] {logging_mixin.py:137} INFO - [2023-01-19T20:41:55.385+0000] {dag.py:3427} INFO - Setting next_dagrun for example_sla_dag to 2023-01-19T20:38:00+00:00, run_after=2023-01-19T20:40:00+00:00
[2023-01-19T20:41:55.409+0000] {processor.py:175} INFO - Processing /home/airflow/.local/lib/python3.7/site-packages/airflow/example_dags/example_sla_dag.py took 0.147 seconds
[2023-01-19T20:42:25.808+0000] {processor.py:153} INFO - Started process (PID=2313) to work on /home/airflow/.local/lib/python3.7/site-packages/airflow/example_dags/example_sla_dag.py
[2023-01-19T20:42:25.809+0000] {processor.py:743} INFO - Processing file /home/airflow/.local/lib/python3.7/site-packages/airflow/example_dags/example_sla_dag.py for tasks to queue
[2023-01-19T20:42:25.810+0000] {logging_mixin.py:137} INFO - [2023-01-19T20:42:25.810+0000] {dagbag.py:538} INFO - Filling up the DagBag from /home/airflow/.local/lib/python3.7/site-packages/airflow/example_dags/example_sla_dag.py
[2023-01-19T20:42:25.850+0000] {processor.py:753} INFO - DAG(s) dict_keys(['example_sla_dag']) retrieved from /home/airflow/.local/lib/python3.7/site-packages/airflow/example_dags/example_sla_dag.py
[2023-01-19T20:42:25.913+0000] {logging_mixin.py:137} INFO - [2023-01-19T20:42:25.912+0000] {dag.py:2676} INFO - Sync 1 DAGs
[2023-01-19T20:42:25.969+0000] {logging_mixin.py:137} INFO - [2023-01-19T20:42:25.969+0000] {dag.py:3427} INFO - Setting next_dagrun for example_sla_dag to 2023-01-19T20:40:00+00:00, run_after=2023-01-19T20:42:00+00:00
[2023-01-19T20:42:26.002+0000] {processor.py:175} INFO - Processing /home/airflow/.local/lib/python3.7/site-packages/airflow/example_dags/example_sla_dag.py took 0.197 seconds
[2023-01-19T20:42:56.757+0000] {processor.py:153} INFO - Started process (PID=2386) to work on /home/airflow/.local/lib/python3.7/site-packages/airflow/example_dags/example_sla_dag.py
[2023-01-19T20:42:56.758+0000] {processor.py:743} INFO - Processing file /home/airflow/.local/lib/python3.7/site-packages/airflow/example_dags/example_sla_dag.py for tasks to queue
[2023-01-19T20:42:56.759+0000] {logging_mixin.py:137} INFO - [2023-01-19T20:42:56.758+0000] {dagbag.py:538} INFO - Filling up the DagBag from /home/airflow/.local/lib/python3.7/site-packages/airflow/example_dags/example_sla_dag.py
[2023-01-19T20:42:56.788+0000] {processor.py:753} INFO - DAG(s) dict_keys(['example_sla_dag']) retrieved from /home/airflow/.local/lib/python3.7/site-packages/airflow/example_dags/example_sla_dag.py
[2023-01-19T20:42:56.837+0000] {logging_mixin.py:137} INFO - [2023-01-19T20:42:56.836+0000] {dag.py:2676} INFO - Sync 1 DAGs
[2023-01-19T20:42:56.879+0000] {logging_mixin.py:137} INFO - [2023-01-19T20:42:56.879+0000] {dag.py:3427} INFO - Setting next_dagrun for example_sla_dag to 2023-01-19T20:40:00+00:00, run_after=2023-01-19T20:42:00+00:00
[2023-01-19T20:42:56.905+0000] {processor.py:175} INFO - Processing /home/airflow/.local/lib/python3.7/site-packages/airflow/example_dags/example_sla_dag.py took 0.154 seconds
[2023-01-19T20:43:27.263+0000] {processor.py:153} INFO - Started process (PID=2459) to work on /home/airflow/.local/lib/python3.7/site-packages/airflow/example_dags/example_sla_dag.py
[2023-01-19T20:43:27.264+0000] {processor.py:743} INFO - Processing file /home/airflow/.local/lib/python3.7/site-packages/airflow/example_dags/example_sla_dag.py for tasks to queue
[2023-01-19T20:43:27.264+0000] {logging_mixin.py:137} INFO - [2023-01-19T20:43:27.264+0000] {dagbag.py:538} INFO - Filling up the DagBag from /home/airflow/.local/lib/python3.7/site-packages/airflow/example_dags/example_sla_dag.py
[2023-01-19T20:43:27.295+0000] {processor.py:753} INFO - DAG(s) dict_keys(['example_sla_dag']) retrieved from /home/airflow/.local/lib/python3.7/site-packages/airflow/example_dags/example_sla_dag.py
[2023-01-19T20:43:27.343+0000] {logging_mixin.py:137} INFO - [2023-01-19T20:43:27.342+0000] {dag.py:2676} INFO - Sync 1 DAGs
[2023-01-19T20:43:27.382+0000] {logging_mixin.py:137} INFO - [2023-01-19T20:43:27.382+0000] {dag.py:3427} INFO - Setting next_dagrun for example_sla_dag to 2023-01-19T20:40:00+00:00, run_after=2023-01-19T20:42:00+00:00
[2023-01-19T20:43:27.408+0000] {processor.py:175} INFO - Processing /home/airflow/.local/lib/python3.7/site-packages/airflow/example_dags/example_sla_dag.py took 0.150 seconds
[2023-01-19T20:43:57.829+0000] {processor.py:153} INFO - Started process (PID=2541) to work on /home/airflow/.local/lib/python3.7/site-packages/airflow/example_dags/example_sla_dag.py
[2023-01-19T20:43:57.830+0000] {processor.py:743} INFO - Processing file /home/airflow/.local/lib/python3.7/site-packages/airflow/example_dags/example_sla_dag.py for tasks to queue
[2023-01-19T20:43:57.831+0000] {logging_mixin.py:137} INFO - [2023-01-19T20:43:57.831+0000] {dagbag.py:538} INFO - Filling up the DagBag from /home/airflow/.local/lib/python3.7/site-packages/airflow/example_dags/example_sla_dag.py
[2023-01-19T20:43:57.868+0000] {processor.py:753} INFO - DAG(s) dict_keys(['example_sla_dag']) retrieved from /home/airflow/.local/lib/python3.7/site-packages/airflow/example_dags/example_sla_dag.py
[2023-01-19T20:43:57.926+0000] {logging_mixin.py:137} INFO - [2023-01-19T20:43:57.926+0000] {dag.py:2676} INFO - Sync 1 DAGs
[2023-01-19T20:43:57.979+0000] {logging_mixin.py:137} INFO - [2023-01-19T20:43:57.979+0000] {dag.py:3427} INFO - Setting next_dagrun for example_sla_dag to 2023-01-19T20:40:00+00:00, run_after=2023-01-19T20:42:00+00:00
[2023-01-19T20:43:58.011+0000] {processor.py:175} INFO - Processing /home/airflow/.local/lib/python3.7/site-packages/airflow/example_dags/example_sla_dag.py took 0.186 seconds
[2023-01-19T20:44:28.048+0000] {processor.py:153} INFO - Started process (PID=2620) to work on /home/airflow/.local/lib/python3.7/site-packages/airflow/example_dags/example_sla_dag.py
[2023-01-19T20:44:28.049+0000] {processor.py:743} INFO - Processing file /home/airflow/.local/lib/python3.7/site-packages/airflow/example_dags/example_sla_dag.py for tasks to queue
[2023-01-19T20:44:28.050+0000] {logging_mixin.py:137} INFO - [2023-01-19T20:44:28.050+0000] {dagbag.py:538} INFO - Filling up the DagBag from /home/airflow/.local/lib/python3.7/site-packages/airflow/example_dags/example_sla_dag.py
[2023-01-19T20:44:28.081+0000] {processor.py:753} INFO - DAG(s) dict_keys(['example_sla_dag']) retrieved from /home/airflow/.local/lib/python3.7/site-packages/airflow/example_dags/example_sla_dag.py
[2023-01-19T20:44:28.138+0000] {logging_mixin.py:137} INFO - [2023-01-19T20:44:28.137+0000] {dag.py:2676} INFO - Sync 1 DAGs
[2023-01-19T20:44:28.182+0000] {logging_mixin.py:137} INFO - [2023-01-19T20:44:28.182+0000] {dag.py:3427} INFO - Setting next_dagrun for example_sla_dag to 2023-01-19T20:42:00+00:00, run_after=2023-01-19T20:44:00+00:00
[2023-01-19T20:44:28.214+0000] {processor.py:175} INFO - Processing /home/airflow/.local/lib/python3.7/site-packages/airflow/example_dags/example_sla_dag.py took 0.171 seconds
[2023-01-19T20:44:58.949+0000] {processor.py:153} INFO - Started process (PID=2693) to work on /home/airflow/.local/lib/python3.7/site-packages/airflow/example_dags/example_sla_dag.py
[2023-01-19T20:44:58.950+0000] {processor.py:743} INFO - Processing file /home/airflow/.local/lib/python3.7/site-packages/airflow/example_dags/example_sla_dag.py for tasks to queue
[2023-01-19T20:44:58.951+0000] {logging_mixin.py:137} INFO - [2023-01-19T20:44:58.951+0000] {dagbag.py:538} INFO - Filling up the DagBag from /home/airflow/.local/lib/python3.7/site-packages/airflow/example_dags/example_sla_dag.py
[2023-01-19T20:44:58.993+0000] {processor.py:753} INFO - DAG(s) dict_keys(['example_sla_dag']) retrieved from /home/airflow/.local/lib/python3.7/site-packages/airflow/example_dags/example_sla_dag.py
[2023-01-19T20:44:59.046+0000] {logging_mixin.py:137} INFO - [2023-01-19T20:44:59.045+0000] {dag.py:2676} INFO - Sync 1 DAGs
[2023-01-19T20:44:59.084+0000] {logging_mixin.py:137} INFO - [2023-01-19T20:44:59.084+0000] {dag.py:3427} INFO - Setting next_dagrun for example_sla_dag to 2023-01-19T20:42:00+00:00, run_after=2023-01-19T20:44:00+00:00
[2023-01-19T20:44:59.110+0000] {processor.py:175} INFO - Processing /home/airflow/.local/lib/python3.7/site-packages/airflow/example_dags/example_sla_dag.py took 0.166 seconds
[2023-01-19T20:45:29.352+0000] {processor.py:153} INFO - Started process (PID=2765) to work on /home/airflow/.local/lib/python3.7/site-packages/airflow/example_dags/example_sla_dag.py
[2023-01-19T20:45:29.353+0000] {processor.py:743} INFO - Processing file /home/airflow/.local/lib/python3.7/site-packages/airflow/example_dags/example_sla_dag.py for tasks to queue
[2023-01-19T20:45:29.354+0000] {logging_mixin.py:137} INFO - [2023-01-19T20:45:29.354+0000] {dagbag.py:538} INFO - Filling up the DagBag from /home/airflow/.local/lib/python3.7/site-packages/airflow/example_dags/example_sla_dag.py
[2023-01-19T20:45:29.387+0000] {processor.py:753} INFO - DAG(s) dict_keys(['example_sla_dag']) retrieved from /home/airflow/.local/lib/python3.7/site-packages/airflow/example_dags/example_sla_dag.py
[2023-01-19T20:45:29.435+0000] {logging_mixin.py:137} INFO - [2023-01-19T20:45:29.435+0000] {dag.py:2676} INFO - Sync 1 DAGs
[2023-01-19T20:45:29.472+0000] {logging_mixin.py:137} INFO - [2023-01-19T20:45:29.472+0000] {dag.py:3427} INFO - Setting next_dagrun for example_sla_dag to 2023-01-19T20:42:00+00:00, run_after=2023-01-19T20:44:00+00:00
[2023-01-19T20:45:29.499+0000] {processor.py:175} INFO - Processing /home/airflow/.local/lib/python3.7/site-packages/airflow/example_dags/example_sla_dag.py took 0.150 seconds
[2023-01-19T20:46:00.176+0000] {processor.py:153} INFO - Started process (PID=2853) to work on /home/airflow/.local/lib/python3.7/site-packages/airflow/example_dags/example_sla_dag.py
[2023-01-19T20:46:00.177+0000] {processor.py:743} INFO - Processing file /home/airflow/.local/lib/python3.7/site-packages/airflow/example_dags/example_sla_dag.py for tasks to queue
[2023-01-19T20:46:00.177+0000] {logging_mixin.py:137} INFO - [2023-01-19T20:46:00.177+0000] {dagbag.py:538} INFO - Filling up the DagBag from /home/airflow/.local/lib/python3.7/site-packages/airflow/example_dags/example_sla_dag.py
[2023-01-19T20:46:00.207+0000] {processor.py:753} INFO - DAG(s) dict_keys(['example_sla_dag']) retrieved from /home/airflow/.local/lib/python3.7/site-packages/airflow/example_dags/example_sla_dag.py
[2023-01-19T20:46:00.254+0000] {logging_mixin.py:137} INFO - [2023-01-19T20:46:00.253+0000] {dag.py:2676} INFO - Sync 1 DAGs
[2023-01-19T20:46:00.290+0000] {logging_mixin.py:137} INFO - [2023-01-19T20:46:00.290+0000] {dag.py:3427} INFO - Setting next_dagrun for example_sla_dag to 2023-01-19T20:44:00+00:00, run_after=2023-01-19T20:46:00+00:00
[2023-01-19T20:46:00.317+0000] {processor.py:175} INFO - Processing /home/airflow/.local/lib/python3.7/site-packages/airflow/example_dags/example_sla_dag.py took 0.145 seconds
[2023-01-19T20:46:30.601+0000] {processor.py:153} INFO - Started process (PID=2925) to work on /home/airflow/.local/lib/python3.7/site-packages/airflow/example_dags/example_sla_dag.py
[2023-01-19T20:46:30.602+0000] {processor.py:743} INFO - Processing file /home/airflow/.local/lib/python3.7/site-packages/airflow/example_dags/example_sla_dag.py for tasks to queue
[2023-01-19T20:46:30.603+0000] {logging_mixin.py:137} INFO - [2023-01-19T20:46:30.603+0000] {dagbag.py:538} INFO - Filling up the DagBag from /home/airflow/.local/lib/python3.7/site-packages/airflow/example_dags/example_sla_dag.py
[2023-01-19T20:46:30.633+0000] {processor.py:753} INFO - DAG(s) dict_keys(['example_sla_dag']) retrieved from /home/airflow/.local/lib/python3.7/site-packages/airflow/example_dags/example_sla_dag.py
[2023-01-19T20:46:30.686+0000] {logging_mixin.py:137} INFO - [2023-01-19T20:46:30.686+0000] {dag.py:2676} INFO - Sync 1 DAGs
[2023-01-19T20:46:30.727+0000] {logging_mixin.py:137} INFO - [2023-01-19T20:46:30.726+0000] {dag.py:3427} INFO - Setting next_dagrun for example_sla_dag to 2023-01-19T20:44:00+00:00, run_after=2023-01-19T20:46:00+00:00
[2023-01-19T20:46:30.751+0000] {processor.py:175} INFO - Processing /home/airflow/.local/lib/python3.7/site-packages/airflow/example_dags/example_sla_dag.py took 0.154 seconds
[2023-01-19T20:47:01.316+0000] {processor.py:153} INFO - Started process (PID=2997) to work on /home/airflow/.local/lib/python3.7/site-packages/airflow/example_dags/example_sla_dag.py
[2023-01-19T20:47:01.317+0000] {processor.py:743} INFO - Processing file /home/airflow/.local/lib/python3.7/site-packages/airflow/example_dags/example_sla_dag.py for tasks to queue
[2023-01-19T20:47:01.318+0000] {logging_mixin.py:137} INFO - [2023-01-19T20:47:01.318+0000] {dagbag.py:538} INFO - Filling up the DagBag from /home/airflow/.local/lib/python3.7/site-packages/airflow/example_dags/example_sla_dag.py
[2023-01-19T20:47:01.349+0000] {processor.py:753} INFO - DAG(s) dict_keys(['example_sla_dag']) retrieved from /home/airflow/.local/lib/python3.7/site-packages/airflow/example_dags/example_sla_dag.py
[2023-01-19T20:47:01.403+0000] {logging_mixin.py:137} INFO - [2023-01-19T20:47:01.402+0000] {dag.py:2676} INFO - Sync 1 DAGs
[2023-01-19T20:47:01.440+0000] {logging_mixin.py:137} INFO - [2023-01-19T20:47:01.440+0000] {dag.py:3427} INFO - Setting next_dagrun for example_sla_dag to 2023-01-19T20:44:00+00:00, run_after=2023-01-19T20:46:00+00:00
[2023-01-19T20:47:01.466+0000] {processor.py:175} INFO - Processing /home/airflow/.local/lib/python3.7/site-packages/airflow/example_dags/example_sla_dag.py took 0.154 seconds
