[2023-01-19T20:21:29.579+0000] {processor.py:153} INFO - Started process (PID=64) to work on /home/airflow/.local/lib/python3.7/site-packages/airflow/example_dags/example_task_group.py
[2023-01-19T20:21:29.580+0000] {processor.py:743} INFO - Processing file /home/airflow/.local/lib/python3.7/site-packages/airflow/example_dags/example_task_group.py for tasks to queue
[2023-01-19T20:21:29.581+0000] {logging_mixin.py:137} INFO - [2023-01-19T20:21:29.581+0000] {dagbag.py:538} INFO - Filling up the DagBag from /home/airflow/.local/lib/python3.7/site-packages/airflow/example_dags/example_task_group.py
[2023-01-19T20:21:29.607+0000] {processor.py:753} INFO - DAG(s) dict_keys(['example_task_group']) retrieved from /home/airflow/.local/lib/python3.7/site-packages/airflow/example_dags/example_task_group.py
[2023-01-19T20:21:29.646+0000] {logging_mixin.py:137} INFO - [2023-01-19T20:21:29.646+0000] {dag.py:2676} INFO - Sync 1 DAGs
[2023-01-19T20:21:29.682+0000] {logging_mixin.py:137} INFO - [2023-01-19T20:21:29.681+0000] {dag.py:3427} INFO - Setting next_dagrun for example_task_group to 2023-01-18T20:21:29.681600+00:00, run_after=2023-01-19T20:21:29.681600+00:00
[2023-01-19T20:21:29.715+0000] {processor.py:175} INFO - Processing /home/airflow/.local/lib/python3.7/site-packages/airflow/example_dags/example_task_group.py took 0.141 seconds
[2023-01-19T20:22:46.158+0000] {processor.py:153} INFO - Started process (PID=57) to work on /home/airflow/.local/lib/python3.7/site-packages/airflow/example_dags/example_task_group.py
[2023-01-19T20:22:46.160+0000] {processor.py:743} INFO - Processing file /home/airflow/.local/lib/python3.7/site-packages/airflow/example_dags/example_task_group.py for tasks to queue
[2023-01-19T20:22:46.161+0000] {logging_mixin.py:137} INFO - [2023-01-19T20:22:46.161+0000] {dagbag.py:538} INFO - Filling up the DagBag from /home/airflow/.local/lib/python3.7/site-packages/airflow/example_dags/example_task_group.py
[2023-01-19T20:22:46.189+0000] {processor.py:753} INFO - DAG(s) dict_keys(['example_task_group']) retrieved from /home/airflow/.local/lib/python3.7/site-packages/airflow/example_dags/example_task_group.py
[2023-01-19T20:22:46.287+0000] {logging_mixin.py:137} INFO - [2023-01-19T20:22:46.286+0000] {dag.py:2676} INFO - Sync 1 DAGs
[2023-01-19T20:22:46.356+0000] {logging_mixin.py:137} INFO - [2023-01-19T20:22:46.356+0000] {dag.py:3427} INFO - Setting next_dagrun for example_task_group to 2023-01-18T20:22:46.356058+00:00, run_after=2023-01-19T20:22:46.356058+00:00
[2023-01-19T20:22:46.396+0000] {processor.py:175} INFO - Processing /home/airflow/.local/lib/python3.7/site-packages/airflow/example_dags/example_task_group.py took 0.243 seconds
[2023-01-19T20:23:16.706+0000] {processor.py:153} INFO - Started process (PID=136) to work on /home/airflow/.local/lib/python3.7/site-packages/airflow/example_dags/example_task_group.py
[2023-01-19T20:23:16.707+0000] {processor.py:743} INFO - Processing file /home/airflow/.local/lib/python3.7/site-packages/airflow/example_dags/example_task_group.py for tasks to queue
[2023-01-19T20:23:16.708+0000] {logging_mixin.py:137} INFO - [2023-01-19T20:23:16.708+0000] {dagbag.py:538} INFO - Filling up the DagBag from /home/airflow/.local/lib/python3.7/site-packages/airflow/example_dags/example_task_group.py
[2023-01-19T20:23:16.735+0000] {processor.py:753} INFO - DAG(s) dict_keys(['example_task_group']) retrieved from /home/airflow/.local/lib/python3.7/site-packages/airflow/example_dags/example_task_group.py
[2023-01-19T20:23:16.794+0000] {logging_mixin.py:137} INFO - [2023-01-19T20:23:16.794+0000] {dag.py:2676} INFO - Sync 1 DAGs
[2023-01-19T20:23:16.841+0000] {logging_mixin.py:137} INFO - [2023-01-19T20:23:16.841+0000] {dag.py:3427} INFO - Setting next_dagrun for example_task_group to 2023-01-18T20:23:16.840730+00:00, run_after=2023-01-19T20:23:16.840730+00:00
[2023-01-19T20:23:16.874+0000] {processor.py:175} INFO - Processing /home/airflow/.local/lib/python3.7/site-packages/airflow/example_dags/example_task_group.py took 0.172 seconds
[2023-01-19T20:23:47.315+0000] {processor.py:153} INFO - Started process (PID=208) to work on /home/airflow/.local/lib/python3.7/site-packages/airflow/example_dags/example_task_group.py
[2023-01-19T20:23:47.316+0000] {processor.py:743} INFO - Processing file /home/airflow/.local/lib/python3.7/site-packages/airflow/example_dags/example_task_group.py for tasks to queue
[2023-01-19T20:23:47.317+0000] {logging_mixin.py:137} INFO - [2023-01-19T20:23:47.317+0000] {dagbag.py:538} INFO - Filling up the DagBag from /home/airflow/.local/lib/python3.7/site-packages/airflow/example_dags/example_task_group.py
[2023-01-19T20:23:47.335+0000] {processor.py:753} INFO - DAG(s) dict_keys(['example_task_group']) retrieved from /home/airflow/.local/lib/python3.7/site-packages/airflow/example_dags/example_task_group.py
[2023-01-19T20:23:47.382+0000] {logging_mixin.py:137} INFO - [2023-01-19T20:23:47.382+0000] {dag.py:2676} INFO - Sync 1 DAGs
[2023-01-19T20:23:47.415+0000] {logging_mixin.py:137} INFO - [2023-01-19T20:23:47.415+0000] {dag.py:3427} INFO - Setting next_dagrun for example_task_group to 2023-01-18T20:23:47.414940+00:00, run_after=2023-01-19T20:23:47.414940+00:00
[2023-01-19T20:23:47.441+0000] {processor.py:175} INFO - Processing /home/airflow/.local/lib/python3.7/site-packages/airflow/example_dags/example_task_group.py took 0.130 seconds
[2023-01-19T20:24:17.646+0000] {processor.py:153} INFO - Started process (PID=281) to work on /home/airflow/.local/lib/python3.7/site-packages/airflow/example_dags/example_task_group.py
[2023-01-19T20:24:17.647+0000] {processor.py:743} INFO - Processing file /home/airflow/.local/lib/python3.7/site-packages/airflow/example_dags/example_task_group.py for tasks to queue
[2023-01-19T20:24:17.648+0000] {logging_mixin.py:137} INFO - [2023-01-19T20:24:17.648+0000] {dagbag.py:538} INFO - Filling up the DagBag from /home/airflow/.local/lib/python3.7/site-packages/airflow/example_dags/example_task_group.py
[2023-01-19T20:24:17.668+0000] {processor.py:753} INFO - DAG(s) dict_keys(['example_task_group']) retrieved from /home/airflow/.local/lib/python3.7/site-packages/airflow/example_dags/example_task_group.py
[2023-01-19T20:24:17.722+0000] {logging_mixin.py:137} INFO - [2023-01-19T20:24:17.722+0000] {dag.py:2676} INFO - Sync 1 DAGs
[2023-01-19T20:24:17.755+0000] {logging_mixin.py:137} INFO - [2023-01-19T20:24:17.755+0000] {dag.py:3427} INFO - Setting next_dagrun for example_task_group to 2023-01-18T20:24:17.755131+00:00, run_after=2023-01-19T20:24:17.755131+00:00
[2023-01-19T20:24:17.784+0000] {processor.py:175} INFO - Processing /home/airflow/.local/lib/python3.7/site-packages/airflow/example_dags/example_task_group.py took 0.142 seconds
[2023-01-19T20:24:48.169+0000] {processor.py:153} INFO - Started process (PID=369) to work on /home/airflow/.local/lib/python3.7/site-packages/airflow/example_dags/example_task_group.py
[2023-01-19T20:24:48.171+0000] {processor.py:743} INFO - Processing file /home/airflow/.local/lib/python3.7/site-packages/airflow/example_dags/example_task_group.py for tasks to queue
[2023-01-19T20:24:48.172+0000] {logging_mixin.py:137} INFO - [2023-01-19T20:24:48.172+0000] {dagbag.py:538} INFO - Filling up the DagBag from /home/airflow/.local/lib/python3.7/site-packages/airflow/example_dags/example_task_group.py
[2023-01-19T20:24:48.193+0000] {processor.py:753} INFO - DAG(s) dict_keys(['example_task_group']) retrieved from /home/airflow/.local/lib/python3.7/site-packages/airflow/example_dags/example_task_group.py
[2023-01-19T20:24:48.244+0000] {logging_mixin.py:137} INFO - [2023-01-19T20:24:48.243+0000] {dag.py:2676} INFO - Sync 1 DAGs
[2023-01-19T20:24:48.286+0000] {logging_mixin.py:137} INFO - [2023-01-19T20:24:48.286+0000] {dag.py:3427} INFO - Setting next_dagrun for example_task_group to 2023-01-18T20:24:48.285948+00:00, run_after=2023-01-19T20:24:48.285948+00:00
[2023-01-19T20:24:48.320+0000] {processor.py:175} INFO - Processing /home/airflow/.local/lib/python3.7/site-packages/airflow/example_dags/example_task_group.py took 0.155 seconds
[2023-01-19T20:25:18.409+0000] {processor.py:153} INFO - Started process (PID=441) to work on /home/airflow/.local/lib/python3.7/site-packages/airflow/example_dags/example_task_group.py
[2023-01-19T20:25:18.411+0000] {processor.py:743} INFO - Processing file /home/airflow/.local/lib/python3.7/site-packages/airflow/example_dags/example_task_group.py for tasks to queue
[2023-01-19T20:25:18.411+0000] {logging_mixin.py:137} INFO - [2023-01-19T20:25:18.411+0000] {dagbag.py:538} INFO - Filling up the DagBag from /home/airflow/.local/lib/python3.7/site-packages/airflow/example_dags/example_task_group.py
[2023-01-19T20:25:18.431+0000] {processor.py:753} INFO - DAG(s) dict_keys(['example_task_group']) retrieved from /home/airflow/.local/lib/python3.7/site-packages/airflow/example_dags/example_task_group.py
[2023-01-19T20:25:18.482+0000] {logging_mixin.py:137} INFO - [2023-01-19T20:25:18.481+0000] {dag.py:2676} INFO - Sync 1 DAGs
[2023-01-19T20:25:18.520+0000] {logging_mixin.py:137} INFO - [2023-01-19T20:25:18.520+0000] {dag.py:3427} INFO - Setting next_dagrun for example_task_group to 2023-01-18T20:25:18.519954+00:00, run_after=2023-01-19T20:25:18.519954+00:00
[2023-01-19T20:25:18.547+0000] {processor.py:175} INFO - Processing /home/airflow/.local/lib/python3.7/site-packages/airflow/example_dags/example_task_group.py took 0.141 seconds
[2023-01-19T20:25:48.605+0000] {processor.py:153} INFO - Started process (PID=512) to work on /home/airflow/.local/lib/python3.7/site-packages/airflow/example_dags/example_task_group.py
[2023-01-19T20:25:48.606+0000] {processor.py:743} INFO - Processing file /home/airflow/.local/lib/python3.7/site-packages/airflow/example_dags/example_task_group.py for tasks to queue
[2023-01-19T20:25:48.607+0000] {logging_mixin.py:137} INFO - [2023-01-19T20:25:48.607+0000] {dagbag.py:538} INFO - Filling up the DagBag from /home/airflow/.local/lib/python3.7/site-packages/airflow/example_dags/example_task_group.py
[2023-01-19T20:25:48.628+0000] {processor.py:753} INFO - DAG(s) dict_keys(['example_task_group']) retrieved from /home/airflow/.local/lib/python3.7/site-packages/airflow/example_dags/example_task_group.py
[2023-01-19T20:25:48.663+0000] {logging_mixin.py:137} INFO - [2023-01-19T20:25:48.663+0000] {dag.py:2676} INFO - Sync 1 DAGs
[2023-01-19T20:25:48.704+0000] {logging_mixin.py:137} INFO - [2023-01-19T20:25:48.704+0000] {dag.py:3427} INFO - Setting next_dagrun for example_task_group to 2023-01-18T20:25:48.704446+00:00, run_after=2023-01-19T20:25:48.704446+00:00
[2023-01-19T20:25:48.737+0000] {processor.py:175} INFO - Processing /home/airflow/.local/lib/python3.7/site-packages/airflow/example_dags/example_task_group.py took 0.137 seconds
[2023-01-19T20:27:36.842+0000] {processor.py:153} INFO - Started process (PID=64) to work on /home/airflow/.local/lib/python3.7/site-packages/airflow/example_dags/example_task_group.py
[2023-01-19T20:27:36.843+0000] {processor.py:743} INFO - Processing file /home/airflow/.local/lib/python3.7/site-packages/airflow/example_dags/example_task_group.py for tasks to queue
[2023-01-19T20:27:36.844+0000] {logging_mixin.py:137} INFO - [2023-01-19T20:27:36.844+0000] {dagbag.py:538} INFO - Filling up the DagBag from /home/airflow/.local/lib/python3.7/site-packages/airflow/example_dags/example_task_group.py
[2023-01-19T20:27:36.869+0000] {processor.py:753} INFO - DAG(s) dict_keys(['example_task_group']) retrieved from /home/airflow/.local/lib/python3.7/site-packages/airflow/example_dags/example_task_group.py
[2023-01-19T20:27:37.065+0000] {logging_mixin.py:137} INFO - [2023-01-19T20:27:37.065+0000] {manager.py:504} INFO - Created Permission View: can delete on DAG:example_task_group
[2023-01-19T20:27:37.078+0000] {logging_mixin.py:137} INFO - [2023-01-19T20:27:37.077+0000] {manager.py:504} INFO - Created Permission View: can edit on DAG:example_task_group
[2023-01-19T20:27:37.089+0000] {logging_mixin.py:137} INFO - [2023-01-19T20:27:37.088+0000] {manager.py:504} INFO - Created Permission View: can read on DAG:example_task_group
[2023-01-19T20:27:37.089+0000] {logging_mixin.py:137} INFO - [2023-01-19T20:27:37.089+0000] {dag.py:2676} INFO - Sync 1 DAGs
[2023-01-19T20:27:37.113+0000] {logging_mixin.py:137} INFO - [2023-01-19T20:27:37.113+0000] {dag.py:2697} INFO - Creating ORM DAG for example_task_group
[2023-01-19T20:27:37.132+0000] {logging_mixin.py:137} INFO - [2023-01-19T20:27:37.132+0000] {dag.py:3427} INFO - Setting next_dagrun for example_task_group to 2023-01-18T20:27:37.131746+00:00, run_after=2023-01-19T20:27:37.131746+00:00
[2023-01-19T20:27:37.160+0000] {processor.py:175} INFO - Processing /home/airflow/.local/lib/python3.7/site-packages/airflow/example_dags/example_task_group.py took 0.323 seconds
[2023-01-19T20:28:07.822+0000] {processor.py:153} INFO - Started process (PID=136) to work on /home/airflow/.local/lib/python3.7/site-packages/airflow/example_dags/example_task_group.py
[2023-01-19T20:28:07.824+0000] {processor.py:743} INFO - Processing file /home/airflow/.local/lib/python3.7/site-packages/airflow/example_dags/example_task_group.py for tasks to queue
[2023-01-19T20:28:07.825+0000] {logging_mixin.py:137} INFO - [2023-01-19T20:28:07.825+0000] {dagbag.py:538} INFO - Filling up the DagBag from /home/airflow/.local/lib/python3.7/site-packages/airflow/example_dags/example_task_group.py
[2023-01-19T20:28:07.852+0000] {processor.py:753} INFO - DAG(s) dict_keys(['example_task_group']) retrieved from /home/airflow/.local/lib/python3.7/site-packages/airflow/example_dags/example_task_group.py
[2023-01-19T20:28:07.904+0000] {logging_mixin.py:137} INFO - [2023-01-19T20:28:07.904+0000] {dag.py:2676} INFO - Sync 1 DAGs
[2023-01-19T20:28:07.936+0000] {logging_mixin.py:137} INFO - [2023-01-19T20:28:07.936+0000] {dag.py:3427} INFO - Setting next_dagrun for example_task_group to 2023-01-18T20:28:07.936152+00:00, run_after=2023-01-19T20:28:07.936152+00:00
[2023-01-19T20:28:07.963+0000] {processor.py:175} INFO - Processing /home/airflow/.local/lib/python3.7/site-packages/airflow/example_dags/example_task_group.py took 0.146 seconds
[2023-01-19T20:28:38.297+0000] {processor.py:153} INFO - Started process (PID=208) to work on /home/airflow/.local/lib/python3.7/site-packages/airflow/example_dags/example_task_group.py
[2023-01-19T20:28:38.298+0000] {processor.py:743} INFO - Processing file /home/airflow/.local/lib/python3.7/site-packages/airflow/example_dags/example_task_group.py for tasks to queue
[2023-01-19T20:28:38.299+0000] {logging_mixin.py:137} INFO - [2023-01-19T20:28:38.299+0000] {dagbag.py:538} INFO - Filling up the DagBag from /home/airflow/.local/lib/python3.7/site-packages/airflow/example_dags/example_task_group.py
[2023-01-19T20:28:38.341+0000] {processor.py:753} INFO - DAG(s) dict_keys(['example_task_group']) retrieved from /home/airflow/.local/lib/python3.7/site-packages/airflow/example_dags/example_task_group.py
[2023-01-19T20:28:38.459+0000] {logging_mixin.py:137} INFO - [2023-01-19T20:28:38.459+0000] {dag.py:2676} INFO - Sync 1 DAGs
[2023-01-19T20:28:38.521+0000] {logging_mixin.py:137} INFO - [2023-01-19T20:28:38.521+0000] {dag.py:3427} INFO - Setting next_dagrun for example_task_group to 2023-01-18T20:28:38.521135+00:00, run_after=2023-01-19T20:28:38.521135+00:00
[2023-01-19T20:28:38.586+0000] {processor.py:175} INFO - Processing /home/airflow/.local/lib/python3.7/site-packages/airflow/example_dags/example_task_group.py took 0.299 seconds
[2023-01-19T20:29:09.411+0000] {processor.py:153} INFO - Started process (PID=297) to work on /home/airflow/.local/lib/python3.7/site-packages/airflow/example_dags/example_task_group.py
[2023-01-19T20:29:09.414+0000] {processor.py:743} INFO - Processing file /home/airflow/.local/lib/python3.7/site-packages/airflow/example_dags/example_task_group.py for tasks to queue
[2023-01-19T20:29:09.416+0000] {logging_mixin.py:137} INFO - [2023-01-19T20:29:09.415+0000] {dagbag.py:538} INFO - Filling up the DagBag from /home/airflow/.local/lib/python3.7/site-packages/airflow/example_dags/example_task_group.py
[2023-01-19T20:29:09.444+0000] {processor.py:753} INFO - DAG(s) dict_keys(['example_task_group']) retrieved from /home/airflow/.local/lib/python3.7/site-packages/airflow/example_dags/example_task_group.py
[2023-01-19T20:29:09.513+0000] {logging_mixin.py:137} INFO - [2023-01-19T20:29:09.512+0000] {dag.py:2676} INFO - Sync 1 DAGs
[2023-01-19T20:29:09.562+0000] {logging_mixin.py:137} INFO - [2023-01-19T20:29:09.562+0000] {dag.py:3427} INFO - Setting next_dagrun for example_task_group to 2023-01-18T20:29:09.561851+00:00, run_after=2023-01-19T20:29:09.561851+00:00
[2023-01-19T20:29:09.600+0000] {processor.py:175} INFO - Processing /home/airflow/.local/lib/python3.7/site-packages/airflow/example_dags/example_task_group.py took 0.194 seconds
[2023-01-19T20:29:39.816+0000] {processor.py:153} INFO - Started process (PID=370) to work on /home/airflow/.local/lib/python3.7/site-packages/airflow/example_dags/example_task_group.py
[2023-01-19T20:29:39.818+0000] {processor.py:743} INFO - Processing file /home/airflow/.local/lib/python3.7/site-packages/airflow/example_dags/example_task_group.py for tasks to queue
[2023-01-19T20:29:39.818+0000] {logging_mixin.py:137} INFO - [2023-01-19T20:29:39.818+0000] {dagbag.py:538} INFO - Filling up the DagBag from /home/airflow/.local/lib/python3.7/site-packages/airflow/example_dags/example_task_group.py
[2023-01-19T20:29:39.837+0000] {processor.py:753} INFO - DAG(s) dict_keys(['example_task_group']) retrieved from /home/airflow/.local/lib/python3.7/site-packages/airflow/example_dags/example_task_group.py
[2023-01-19T20:29:39.882+0000] {logging_mixin.py:137} INFO - [2023-01-19T20:29:39.882+0000] {dag.py:2676} INFO - Sync 1 DAGs
[2023-01-19T20:29:39.913+0000] {logging_mixin.py:137} INFO - [2023-01-19T20:29:39.912+0000] {dag.py:3427} INFO - Setting next_dagrun for example_task_group to 2023-01-18T20:29:39.912481+00:00, run_after=2023-01-19T20:29:39.912481+00:00
[2023-01-19T20:29:39.941+0000] {processor.py:175} INFO - Processing /home/airflow/.local/lib/python3.7/site-packages/airflow/example_dags/example_task_group.py took 0.129 seconds
[2023-01-19T20:30:10.294+0000] {processor.py:153} INFO - Started process (PID=442) to work on /home/airflow/.local/lib/python3.7/site-packages/airflow/example_dags/example_task_group.py
[2023-01-19T20:30:10.295+0000] {processor.py:743} INFO - Processing file /home/airflow/.local/lib/python3.7/site-packages/airflow/example_dags/example_task_group.py for tasks to queue
[2023-01-19T20:30:10.296+0000] {logging_mixin.py:137} INFO - [2023-01-19T20:30:10.296+0000] {dagbag.py:538} INFO - Filling up the DagBag from /home/airflow/.local/lib/python3.7/site-packages/airflow/example_dags/example_task_group.py
[2023-01-19T20:30:10.322+0000] {processor.py:753} INFO - DAG(s) dict_keys(['example_task_group']) retrieved from /home/airflow/.local/lib/python3.7/site-packages/airflow/example_dags/example_task_group.py
[2023-01-19T20:30:10.367+0000] {logging_mixin.py:137} INFO - [2023-01-19T20:30:10.367+0000] {dag.py:2676} INFO - Sync 1 DAGs
[2023-01-19T20:30:10.405+0000] {logging_mixin.py:137} INFO - [2023-01-19T20:30:10.404+0000] {dag.py:3427} INFO - Setting next_dagrun for example_task_group to 2023-01-18T20:30:10.404632+00:00, run_after=2023-01-19T20:30:10.404632+00:00
[2023-01-19T20:30:10.440+0000] {processor.py:175} INFO - Processing /home/airflow/.local/lib/python3.7/site-packages/airflow/example_dags/example_task_group.py took 0.150 seconds
[2023-01-19T20:30:40.721+0000] {processor.py:153} INFO - Started process (PID=523) to work on /home/airflow/.local/lib/python3.7/site-packages/airflow/example_dags/example_task_group.py
[2023-01-19T20:30:40.722+0000] {processor.py:743} INFO - Processing file /home/airflow/.local/lib/python3.7/site-packages/airflow/example_dags/example_task_group.py for tasks to queue
[2023-01-19T20:30:40.722+0000] {logging_mixin.py:137} INFO - [2023-01-19T20:30:40.722+0000] {dagbag.py:538} INFO - Filling up the DagBag from /home/airflow/.local/lib/python3.7/site-packages/airflow/example_dags/example_task_group.py
[2023-01-19T20:30:40.743+0000] {processor.py:753} INFO - DAG(s) dict_keys(['example_task_group']) retrieved from /home/airflow/.local/lib/python3.7/site-packages/airflow/example_dags/example_task_group.py
[2023-01-19T20:30:40.800+0000] {logging_mixin.py:137} INFO - [2023-01-19T20:30:40.800+0000] {dag.py:2676} INFO - Sync 1 DAGs
[2023-01-19T20:30:40.845+0000] {logging_mixin.py:137} INFO - [2023-01-19T20:30:40.844+0000] {dag.py:3427} INFO - Setting next_dagrun for example_task_group to 2023-01-18T20:30:40.844507+00:00, run_after=2023-01-19T20:30:40.844507+00:00
[2023-01-19T20:30:40.879+0000] {processor.py:175} INFO - Processing /home/airflow/.local/lib/python3.7/site-packages/airflow/example_dags/example_task_group.py took 0.162 seconds
[2023-01-19T20:31:12.115+0000] {processor.py:153} INFO - Started process (PID=602) to work on /home/airflow/.local/lib/python3.7/site-packages/airflow/example_dags/example_task_group.py
[2023-01-19T20:31:12.116+0000] {processor.py:743} INFO - Processing file /home/airflow/.local/lib/python3.7/site-packages/airflow/example_dags/example_task_group.py for tasks to queue
[2023-01-19T20:31:12.117+0000] {logging_mixin.py:137} INFO - [2023-01-19T20:31:12.117+0000] {dagbag.py:538} INFO - Filling up the DagBag from /home/airflow/.local/lib/python3.7/site-packages/airflow/example_dags/example_task_group.py
[2023-01-19T20:31:12.147+0000] {processor.py:753} INFO - DAG(s) dict_keys(['example_task_group']) retrieved from /home/airflow/.local/lib/python3.7/site-packages/airflow/example_dags/example_task_group.py
[2023-01-19T20:31:12.282+0000] {logging_mixin.py:137} INFO - [2023-01-19T20:31:12.282+0000] {dag.py:2676} INFO - Sync 1 DAGs
[2023-01-19T20:31:12.357+0000] {logging_mixin.py:137} INFO - [2023-01-19T20:31:12.357+0000] {dag.py:3427} INFO - Setting next_dagrun for example_task_group to 2023-01-18T20:31:12.357001+00:00, run_after=2023-01-19T20:31:12.357001+00:00
[2023-01-19T20:31:12.399+0000] {processor.py:175} INFO - Processing /home/airflow/.local/lib/python3.7/site-packages/airflow/example_dags/example_task_group.py took 0.290 seconds
[2023-01-19T20:31:42.481+0000] {processor.py:153} INFO - Started process (PID=673) to work on /home/airflow/.local/lib/python3.7/site-packages/airflow/example_dags/example_task_group.py
[2023-01-19T20:31:42.482+0000] {processor.py:743} INFO - Processing file /home/airflow/.local/lib/python3.7/site-packages/airflow/example_dags/example_task_group.py for tasks to queue
[2023-01-19T20:31:42.484+0000] {logging_mixin.py:137} INFO - [2023-01-19T20:31:42.483+0000] {dagbag.py:538} INFO - Filling up the DagBag from /home/airflow/.local/lib/python3.7/site-packages/airflow/example_dags/example_task_group.py
[2023-01-19T20:31:42.506+0000] {processor.py:753} INFO - DAG(s) dict_keys(['example_task_group']) retrieved from /home/airflow/.local/lib/python3.7/site-packages/airflow/example_dags/example_task_group.py
[2023-01-19T20:31:42.570+0000] {logging_mixin.py:137} INFO - [2023-01-19T20:31:42.569+0000] {dag.py:2676} INFO - Sync 1 DAGs
[2023-01-19T20:31:42.609+0000] {logging_mixin.py:137} INFO - [2023-01-19T20:31:42.608+0000] {dag.py:3427} INFO - Setting next_dagrun for example_task_group to 2023-01-18T20:31:42.608549+00:00, run_after=2023-01-19T20:31:42.608549+00:00
[2023-01-19T20:31:42.638+0000] {processor.py:175} INFO - Processing /home/airflow/.local/lib/python3.7/site-packages/airflow/example_dags/example_task_group.py took 0.160 seconds
[2023-01-19T20:32:13.054+0000] {processor.py:153} INFO - Started process (PID=746) to work on /home/airflow/.local/lib/python3.7/site-packages/airflow/example_dags/example_task_group.py
[2023-01-19T20:32:13.055+0000] {processor.py:743} INFO - Processing file /home/airflow/.local/lib/python3.7/site-packages/airflow/example_dags/example_task_group.py for tasks to queue
[2023-01-19T20:32:13.056+0000] {logging_mixin.py:137} INFO - [2023-01-19T20:32:13.056+0000] {dagbag.py:538} INFO - Filling up the DagBag from /home/airflow/.local/lib/python3.7/site-packages/airflow/example_dags/example_task_group.py
[2023-01-19T20:32:13.077+0000] {processor.py:753} INFO - DAG(s) dict_keys(['example_task_group']) retrieved from /home/airflow/.local/lib/python3.7/site-packages/airflow/example_dags/example_task_group.py
[2023-01-19T20:32:13.126+0000] {logging_mixin.py:137} INFO - [2023-01-19T20:32:13.126+0000] {dag.py:2676} INFO - Sync 1 DAGs
[2023-01-19T20:32:13.158+0000] {logging_mixin.py:137} INFO - [2023-01-19T20:32:13.158+0000] {dag.py:3427} INFO - Setting next_dagrun for example_task_group to 2023-01-18T20:32:13.158251+00:00, run_after=2023-01-19T20:32:13.158251+00:00
[2023-01-19T20:32:13.186+0000] {processor.py:175} INFO - Processing /home/airflow/.local/lib/python3.7/site-packages/airflow/example_dags/example_task_group.py took 0.136 seconds
[2023-01-19T20:32:43.348+0000] {processor.py:153} INFO - Started process (PID=834) to work on /home/airflow/.local/lib/python3.7/site-packages/airflow/example_dags/example_task_group.py
[2023-01-19T20:32:43.349+0000] {processor.py:743} INFO - Processing file /home/airflow/.local/lib/python3.7/site-packages/airflow/example_dags/example_task_group.py for tasks to queue
[2023-01-19T20:32:43.349+0000] {logging_mixin.py:137} INFO - [2023-01-19T20:32:43.349+0000] {dagbag.py:538} INFO - Filling up the DagBag from /home/airflow/.local/lib/python3.7/site-packages/airflow/example_dags/example_task_group.py
[2023-01-19T20:32:43.369+0000] {processor.py:753} INFO - DAG(s) dict_keys(['example_task_group']) retrieved from /home/airflow/.local/lib/python3.7/site-packages/airflow/example_dags/example_task_group.py
[2023-01-19T20:32:43.421+0000] {logging_mixin.py:137} INFO - [2023-01-19T20:32:43.421+0000] {dag.py:2676} INFO - Sync 1 DAGs
[2023-01-19T20:32:43.465+0000] {logging_mixin.py:137} INFO - [2023-01-19T20:32:43.465+0000] {dag.py:3427} INFO - Setting next_dagrun for example_task_group to 2023-01-18T20:32:43.464948+00:00, run_after=2023-01-19T20:32:43.464948+00:00
[2023-01-19T20:32:43.496+0000] {processor.py:175} INFO - Processing /home/airflow/.local/lib/python3.7/site-packages/airflow/example_dags/example_task_group.py took 0.152 seconds
[2023-01-19T20:33:13.596+0000] {processor.py:153} INFO - Started process (PID=906) to work on /home/airflow/.local/lib/python3.7/site-packages/airflow/example_dags/example_task_group.py
[2023-01-19T20:33:13.597+0000] {processor.py:743} INFO - Processing file /home/airflow/.local/lib/python3.7/site-packages/airflow/example_dags/example_task_group.py for tasks to queue
[2023-01-19T20:33:13.598+0000] {logging_mixin.py:137} INFO - [2023-01-19T20:33:13.598+0000] {dagbag.py:538} INFO - Filling up the DagBag from /home/airflow/.local/lib/python3.7/site-packages/airflow/example_dags/example_task_group.py
[2023-01-19T20:33:13.616+0000] {processor.py:753} INFO - DAG(s) dict_keys(['example_task_group']) retrieved from /home/airflow/.local/lib/python3.7/site-packages/airflow/example_dags/example_task_group.py
[2023-01-19T20:33:13.660+0000] {logging_mixin.py:137} INFO - [2023-01-19T20:33:13.660+0000] {dag.py:2676} INFO - Sync 1 DAGs
[2023-01-19T20:33:13.690+0000] {logging_mixin.py:137} INFO - [2023-01-19T20:33:13.690+0000] {dag.py:3427} INFO - Setting next_dagrun for example_task_group to 2023-01-18T20:33:13.690014+00:00, run_after=2023-01-19T20:33:13.690014+00:00
[2023-01-19T20:33:13.714+0000] {processor.py:175} INFO - Processing /home/airflow/.local/lib/python3.7/site-packages/airflow/example_dags/example_task_group.py took 0.122 seconds
[2023-01-19T20:33:43.831+0000] {processor.py:153} INFO - Started process (PID=978) to work on /home/airflow/.local/lib/python3.7/site-packages/airflow/example_dags/example_task_group.py
[2023-01-19T20:33:43.833+0000] {processor.py:743} INFO - Processing file /home/airflow/.local/lib/python3.7/site-packages/airflow/example_dags/example_task_group.py for tasks to queue
[2023-01-19T20:33:43.833+0000] {logging_mixin.py:137} INFO - [2023-01-19T20:33:43.833+0000] {dagbag.py:538} INFO - Filling up the DagBag from /home/airflow/.local/lib/python3.7/site-packages/airflow/example_dags/example_task_group.py
[2023-01-19T20:33:43.852+0000] {processor.py:753} INFO - DAG(s) dict_keys(['example_task_group']) retrieved from /home/airflow/.local/lib/python3.7/site-packages/airflow/example_dags/example_task_group.py
[2023-01-19T20:33:43.899+0000] {logging_mixin.py:137} INFO - [2023-01-19T20:33:43.899+0000] {dag.py:2676} INFO - Sync 1 DAGs
[2023-01-19T20:33:43.932+0000] {logging_mixin.py:137} INFO - [2023-01-19T20:33:43.932+0000] {dag.py:3427} INFO - Setting next_dagrun for example_task_group to 2023-01-18T20:33:43.932436+00:00, run_after=2023-01-19T20:33:43.932436+00:00
[2023-01-19T20:33:43.955+0000] {processor.py:175} INFO - Processing /home/airflow/.local/lib/python3.7/site-packages/airflow/example_dags/example_task_group.py took 0.128 seconds
[2023-01-19T20:34:14.118+0000] {processor.py:153} INFO - Started process (PID=1057) to work on /home/airflow/.local/lib/python3.7/site-packages/airflow/example_dags/example_task_group.py
[2023-01-19T20:34:14.119+0000] {processor.py:743} INFO - Processing file /home/airflow/.local/lib/python3.7/site-packages/airflow/example_dags/example_task_group.py for tasks to queue
[2023-01-19T20:34:14.120+0000] {logging_mixin.py:137} INFO - [2023-01-19T20:34:14.119+0000] {dagbag.py:538} INFO - Filling up the DagBag from /home/airflow/.local/lib/python3.7/site-packages/airflow/example_dags/example_task_group.py
[2023-01-19T20:34:14.139+0000] {processor.py:753} INFO - DAG(s) dict_keys(['example_task_group']) retrieved from /home/airflow/.local/lib/python3.7/site-packages/airflow/example_dags/example_task_group.py
[2023-01-19T20:34:14.194+0000] {logging_mixin.py:137} INFO - [2023-01-19T20:34:14.193+0000] {dag.py:2676} INFO - Sync 1 DAGs
[2023-01-19T20:34:14.228+0000] {logging_mixin.py:137} INFO - [2023-01-19T20:34:14.228+0000] {dag.py:3427} INFO - Setting next_dagrun for example_task_group to 2023-01-18T20:34:14.227608+00:00, run_after=2023-01-19T20:34:14.227608+00:00
[2023-01-19T20:34:14.263+0000] {processor.py:175} INFO - Processing /home/airflow/.local/lib/python3.7/site-packages/airflow/example_dags/example_task_group.py took 0.150 seconds
[2023-01-19T20:34:44.468+0000] {processor.py:153} INFO - Started process (PID=1138) to work on /home/airflow/.local/lib/python3.7/site-packages/airflow/example_dags/example_task_group.py
[2023-01-19T20:34:44.469+0000] {processor.py:743} INFO - Processing file /home/airflow/.local/lib/python3.7/site-packages/airflow/example_dags/example_task_group.py for tasks to queue
[2023-01-19T20:34:44.470+0000] {logging_mixin.py:137} INFO - [2023-01-19T20:34:44.470+0000] {dagbag.py:538} INFO - Filling up the DagBag from /home/airflow/.local/lib/python3.7/site-packages/airflow/example_dags/example_task_group.py
[2023-01-19T20:34:44.491+0000] {processor.py:753} INFO - DAG(s) dict_keys(['example_task_group']) retrieved from /home/airflow/.local/lib/python3.7/site-packages/airflow/example_dags/example_task_group.py
[2023-01-19T20:34:44.545+0000] {logging_mixin.py:137} INFO - [2023-01-19T20:34:44.544+0000] {dag.py:2676} INFO - Sync 1 DAGs
[2023-01-19T20:34:44.579+0000] {logging_mixin.py:137} INFO - [2023-01-19T20:34:44.578+0000] {dag.py:3427} INFO - Setting next_dagrun for example_task_group to 2023-01-18T20:34:44.578504+00:00, run_after=2023-01-19T20:34:44.578504+00:00
[2023-01-19T20:34:44.606+0000] {processor.py:175} INFO - Processing /home/airflow/.local/lib/python3.7/site-packages/airflow/example_dags/example_task_group.py took 0.141 seconds
[2023-01-19T20:35:15.132+0000] {processor.py:153} INFO - Started process (PID=1210) to work on /home/airflow/.local/lib/python3.7/site-packages/airflow/example_dags/example_task_group.py
[2023-01-19T20:35:15.133+0000] {processor.py:743} INFO - Processing file /home/airflow/.local/lib/python3.7/site-packages/airflow/example_dags/example_task_group.py for tasks to queue
[2023-01-19T20:35:15.134+0000] {logging_mixin.py:137} INFO - [2023-01-19T20:35:15.134+0000] {dagbag.py:538} INFO - Filling up the DagBag from /home/airflow/.local/lib/python3.7/site-packages/airflow/example_dags/example_task_group.py
[2023-01-19T20:35:15.156+0000] {processor.py:753} INFO - DAG(s) dict_keys(['example_task_group']) retrieved from /home/airflow/.local/lib/python3.7/site-packages/airflow/example_dags/example_task_group.py
[2023-01-19T20:35:15.206+0000] {logging_mixin.py:137} INFO - [2023-01-19T20:35:15.206+0000] {dag.py:2676} INFO - Sync 1 DAGs
[2023-01-19T20:35:15.244+0000] {logging_mixin.py:137} INFO - [2023-01-19T20:35:15.244+0000] {dag.py:3427} INFO - Setting next_dagrun for example_task_group to 2023-01-18T20:35:15.243896+00:00, run_after=2023-01-19T20:35:15.243896+00:00
[2023-01-19T20:35:15.272+0000] {processor.py:175} INFO - Processing /home/airflow/.local/lib/python3.7/site-packages/airflow/example_dags/example_task_group.py took 0.144 seconds
[2023-01-19T20:35:45.775+0000] {processor.py:153} INFO - Started process (PID=1282) to work on /home/airflow/.local/lib/python3.7/site-packages/airflow/example_dags/example_task_group.py
[2023-01-19T20:35:45.776+0000] {processor.py:743} INFO - Processing file /home/airflow/.local/lib/python3.7/site-packages/airflow/example_dags/example_task_group.py for tasks to queue
[2023-01-19T20:35:45.777+0000] {logging_mixin.py:137} INFO - [2023-01-19T20:35:45.777+0000] {dagbag.py:538} INFO - Filling up the DagBag from /home/airflow/.local/lib/python3.7/site-packages/airflow/example_dags/example_task_group.py
[2023-01-19T20:35:45.799+0000] {processor.py:753} INFO - DAG(s) dict_keys(['example_task_group']) retrieved from /home/airflow/.local/lib/python3.7/site-packages/airflow/example_dags/example_task_group.py
[2023-01-19T20:35:45.852+0000] {logging_mixin.py:137} INFO - [2023-01-19T20:35:45.852+0000] {dag.py:2676} INFO - Sync 1 DAGs
[2023-01-19T20:35:45.889+0000] {logging_mixin.py:137} INFO - [2023-01-19T20:35:45.889+0000] {dag.py:3427} INFO - Setting next_dagrun for example_task_group to 2023-01-18T20:35:45.889147+00:00, run_after=2023-01-19T20:35:45.889147+00:00
[2023-01-19T20:35:45.916+0000] {processor.py:175} INFO - Processing /home/airflow/.local/lib/python3.7/site-packages/airflow/example_dags/example_task_group.py took 0.147 seconds
[2023-01-19T20:36:16.859+0000] {processor.py:153} INFO - Started process (PID=1371) to work on /home/airflow/.local/lib/python3.7/site-packages/airflow/example_dags/example_task_group.py
[2023-01-19T20:36:16.861+0000] {processor.py:743} INFO - Processing file /home/airflow/.local/lib/python3.7/site-packages/airflow/example_dags/example_task_group.py for tasks to queue
[2023-01-19T20:36:16.861+0000] {logging_mixin.py:137} INFO - [2023-01-19T20:36:16.861+0000] {dagbag.py:538} INFO - Filling up the DagBag from /home/airflow/.local/lib/python3.7/site-packages/airflow/example_dags/example_task_group.py
[2023-01-19T20:36:16.882+0000] {processor.py:753} INFO - DAG(s) dict_keys(['example_task_group']) retrieved from /home/airflow/.local/lib/python3.7/site-packages/airflow/example_dags/example_task_group.py
[2023-01-19T20:36:17.015+0000] {logging_mixin.py:137} INFO - [2023-01-19T20:36:17.014+0000] {dag.py:2676} INFO - Sync 1 DAGs
[2023-01-19T20:36:17.054+0000] {logging_mixin.py:137} INFO - [2023-01-19T20:36:17.054+0000] {dag.py:3427} INFO - Setting next_dagrun for example_task_group to 2023-01-18T20:36:17.054164+00:00, run_after=2023-01-19T20:36:17.054164+00:00
[2023-01-19T20:36:17.084+0000] {processor.py:175} INFO - Processing /home/airflow/.local/lib/python3.7/site-packages/airflow/example_dags/example_task_group.py took 0.230 seconds
[2023-01-19T20:36:47.714+0000] {processor.py:153} INFO - Started process (PID=1443) to work on /home/airflow/.local/lib/python3.7/site-packages/airflow/example_dags/example_task_group.py
[2023-01-19T20:36:47.715+0000] {processor.py:743} INFO - Processing file /home/airflow/.local/lib/python3.7/site-packages/airflow/example_dags/example_task_group.py for tasks to queue
[2023-01-19T20:36:47.715+0000] {logging_mixin.py:137} INFO - [2023-01-19T20:36:47.715+0000] {dagbag.py:538} INFO - Filling up the DagBag from /home/airflow/.local/lib/python3.7/site-packages/airflow/example_dags/example_task_group.py
[2023-01-19T20:36:47.736+0000] {processor.py:753} INFO - DAG(s) dict_keys(['example_task_group']) retrieved from /home/airflow/.local/lib/python3.7/site-packages/airflow/example_dags/example_task_group.py
[2023-01-19T20:36:47.786+0000] {logging_mixin.py:137} INFO - [2023-01-19T20:36:47.786+0000] {dag.py:2676} INFO - Sync 1 DAGs
[2023-01-19T20:36:47.822+0000] {logging_mixin.py:137} INFO - [2023-01-19T20:36:47.822+0000] {dag.py:3427} INFO - Setting next_dagrun for example_task_group to 2023-01-18T20:36:47.821803+00:00, run_after=2023-01-19T20:36:47.821803+00:00
[2023-01-19T20:36:47.849+0000] {processor.py:175} INFO - Processing /home/airflow/.local/lib/python3.7/site-packages/airflow/example_dags/example_task_group.py took 0.140 seconds
[2023-01-19T20:37:18.628+0000] {processor.py:153} INFO - Started process (PID=1522) to work on /home/airflow/.local/lib/python3.7/site-packages/airflow/example_dags/example_task_group.py
[2023-01-19T20:37:18.629+0000] {processor.py:743} INFO - Processing file /home/airflow/.local/lib/python3.7/site-packages/airflow/example_dags/example_task_group.py for tasks to queue
[2023-01-19T20:37:18.629+0000] {logging_mixin.py:137} INFO - [2023-01-19T20:37:18.629+0000] {dagbag.py:538} INFO - Filling up the DagBag from /home/airflow/.local/lib/python3.7/site-packages/airflow/example_dags/example_task_group.py
[2023-01-19T20:37:18.649+0000] {processor.py:753} INFO - DAG(s) dict_keys(['example_task_group']) retrieved from /home/airflow/.local/lib/python3.7/site-packages/airflow/example_dags/example_task_group.py
[2023-01-19T20:37:18.702+0000] {logging_mixin.py:137} INFO - [2023-01-19T20:37:18.702+0000] {dag.py:2676} INFO - Sync 1 DAGs
[2023-01-19T20:37:18.740+0000] {logging_mixin.py:137} INFO - [2023-01-19T20:37:18.740+0000] {dag.py:3427} INFO - Setting next_dagrun for example_task_group to 2023-01-18T20:37:18.739853+00:00, run_after=2023-01-19T20:37:18.739853+00:00
[2023-01-19T20:37:18.770+0000] {processor.py:175} INFO - Processing /home/airflow/.local/lib/python3.7/site-packages/airflow/example_dags/example_task_group.py took 0.146 seconds
[2023-01-19T20:37:48.924+0000] {processor.py:153} INFO - Started process (PID=1603) to work on /home/airflow/.local/lib/python3.7/site-packages/airflow/example_dags/example_task_group.py
[2023-01-19T20:37:48.932+0000] {processor.py:743} INFO - Processing file /home/airflow/.local/lib/python3.7/site-packages/airflow/example_dags/example_task_group.py for tasks to queue
[2023-01-19T20:37:48.933+0000] {logging_mixin.py:137} INFO - [2023-01-19T20:37:48.933+0000] {dagbag.py:538} INFO - Filling up the DagBag from /home/airflow/.local/lib/python3.7/site-packages/airflow/example_dags/example_task_group.py
[2023-01-19T20:37:48.953+0000] {processor.py:753} INFO - DAG(s) dict_keys(['example_task_group']) retrieved from /home/airflow/.local/lib/python3.7/site-packages/airflow/example_dags/example_task_group.py
[2023-01-19T20:37:49.001+0000] {logging_mixin.py:137} INFO - [2023-01-19T20:37:49.001+0000] {dag.py:2676} INFO - Sync 1 DAGs
[2023-01-19T20:37:49.034+0000] {logging_mixin.py:137} INFO - [2023-01-19T20:37:49.034+0000] {dag.py:3427} INFO - Setting next_dagrun for example_task_group to 2023-01-18T20:37:49.034429+00:00, run_after=2023-01-19T20:37:49.034429+00:00
[2023-01-19T20:37:49.068+0000] {processor.py:175} INFO - Processing /home/airflow/.local/lib/python3.7/site-packages/airflow/example_dags/example_task_group.py took 0.149 seconds
[2023-01-19T20:38:19.526+0000] {processor.py:153} INFO - Started process (PID=1675) to work on /home/airflow/.local/lib/python3.7/site-packages/airflow/example_dags/example_task_group.py
[2023-01-19T20:38:19.527+0000] {processor.py:743} INFO - Processing file /home/airflow/.local/lib/python3.7/site-packages/airflow/example_dags/example_task_group.py for tasks to queue
[2023-01-19T20:38:19.528+0000] {logging_mixin.py:137} INFO - [2023-01-19T20:38:19.528+0000] {dagbag.py:538} INFO - Filling up the DagBag from /home/airflow/.local/lib/python3.7/site-packages/airflow/example_dags/example_task_group.py
[2023-01-19T20:38:19.547+0000] {processor.py:753} INFO - DAG(s) dict_keys(['example_task_group']) retrieved from /home/airflow/.local/lib/python3.7/site-packages/airflow/example_dags/example_task_group.py
[2023-01-19T20:38:19.602+0000] {logging_mixin.py:137} INFO - [2023-01-19T20:38:19.601+0000] {dag.py:2676} INFO - Sync 1 DAGs
[2023-01-19T20:38:19.634+0000] {logging_mixin.py:137} INFO - [2023-01-19T20:38:19.634+0000] {dag.py:3427} INFO - Setting next_dagrun for example_task_group to 2023-01-18T20:38:19.634055+00:00, run_after=2023-01-19T20:38:19.634055+00:00
[2023-01-19T20:38:19.659+0000] {processor.py:175} INFO - Processing /home/airflow/.local/lib/python3.7/site-packages/airflow/example_dags/example_task_group.py took 0.137 seconds
[2023-01-19T20:38:50.067+0000] {processor.py:153} INFO - Started process (PID=1747) to work on /home/airflow/.local/lib/python3.7/site-packages/airflow/example_dags/example_task_group.py
[2023-01-19T20:38:50.068+0000] {processor.py:743} INFO - Processing file /home/airflow/.local/lib/python3.7/site-packages/airflow/example_dags/example_task_group.py for tasks to queue
[2023-01-19T20:38:50.069+0000] {logging_mixin.py:137} INFO - [2023-01-19T20:38:50.069+0000] {dagbag.py:538} INFO - Filling up the DagBag from /home/airflow/.local/lib/python3.7/site-packages/airflow/example_dags/example_task_group.py
[2023-01-19T20:38:50.089+0000] {processor.py:753} INFO - DAG(s) dict_keys(['example_task_group']) retrieved from /home/airflow/.local/lib/python3.7/site-packages/airflow/example_dags/example_task_group.py
[2023-01-19T20:38:50.138+0000] {logging_mixin.py:137} INFO - [2023-01-19T20:38:50.138+0000] {dag.py:2676} INFO - Sync 1 DAGs
[2023-01-19T20:38:50.174+0000] {logging_mixin.py:137} INFO - [2023-01-19T20:38:50.174+0000] {dag.py:3427} INFO - Setting next_dagrun for example_task_group to 2023-01-18T20:38:50.173654+00:00, run_after=2023-01-19T20:38:50.173654+00:00
[2023-01-19T20:38:50.199+0000] {processor.py:175} INFO - Processing /home/airflow/.local/lib/python3.7/site-packages/airflow/example_dags/example_task_group.py took 0.136 seconds
[2023-01-19T20:39:20.529+0000] {processor.py:153} INFO - Started process (PID=1835) to work on /home/airflow/.local/lib/python3.7/site-packages/airflow/example_dags/example_task_group.py
[2023-01-19T20:39:20.531+0000] {processor.py:743} INFO - Processing file /home/airflow/.local/lib/python3.7/site-packages/airflow/example_dags/example_task_group.py for tasks to queue
[2023-01-19T20:39:20.532+0000] {logging_mixin.py:137} INFO - [2023-01-19T20:39:20.532+0000] {dagbag.py:538} INFO - Filling up the DagBag from /home/airflow/.local/lib/python3.7/site-packages/airflow/example_dags/example_task_group.py
[2023-01-19T20:39:20.561+0000] {processor.py:753} INFO - DAG(s) dict_keys(['example_task_group']) retrieved from /home/airflow/.local/lib/python3.7/site-packages/airflow/example_dags/example_task_group.py
[2023-01-19T20:39:20.617+0000] {logging_mixin.py:137} INFO - [2023-01-19T20:39:20.617+0000] {dag.py:2676} INFO - Sync 1 DAGs
[2023-01-19T20:39:20.656+0000] {logging_mixin.py:137} INFO - [2023-01-19T20:39:20.655+0000] {dag.py:3427} INFO - Setting next_dagrun for example_task_group to 2023-01-18T20:39:20.655402+00:00, run_after=2023-01-19T20:39:20.655402+00:00
[2023-01-19T20:39:20.685+0000] {processor.py:175} INFO - Processing /home/airflow/.local/lib/python3.7/site-packages/airflow/example_dags/example_task_group.py took 0.161 seconds
[2023-01-19T20:39:50.761+0000] {processor.py:153} INFO - Started process (PID=1907) to work on /home/airflow/.local/lib/python3.7/site-packages/airflow/example_dags/example_task_group.py
[2023-01-19T20:39:50.763+0000] {processor.py:743} INFO - Processing file /home/airflow/.local/lib/python3.7/site-packages/airflow/example_dags/example_task_group.py for tasks to queue
[2023-01-19T20:39:50.764+0000] {logging_mixin.py:137} INFO - [2023-01-19T20:39:50.764+0000] {dagbag.py:538} INFO - Filling up the DagBag from /home/airflow/.local/lib/python3.7/site-packages/airflow/example_dags/example_task_group.py
[2023-01-19T20:39:50.783+0000] {processor.py:753} INFO - DAG(s) dict_keys(['example_task_group']) retrieved from /home/airflow/.local/lib/python3.7/site-packages/airflow/example_dags/example_task_group.py
[2023-01-19T20:39:50.834+0000] {logging_mixin.py:137} INFO - [2023-01-19T20:39:50.834+0000] {dag.py:2676} INFO - Sync 1 DAGs
[2023-01-19T20:39:50.866+0000] {logging_mixin.py:137} INFO - [2023-01-19T20:39:50.865+0000] {dag.py:3427} INFO - Setting next_dagrun for example_task_group to 2023-01-18T20:39:50.865650+00:00, run_after=2023-01-19T20:39:50.865650+00:00
[2023-01-19T20:39:50.908+0000] {processor.py:175} INFO - Processing /home/airflow/.local/lib/python3.7/site-packages/airflow/example_dags/example_task_group.py took 0.150 seconds
[2023-01-19T20:40:21.048+0000] {processor.py:153} INFO - Started process (PID=1979) to work on /home/airflow/.local/lib/python3.7/site-packages/airflow/example_dags/example_task_group.py
[2023-01-19T20:40:21.050+0000] {processor.py:743} INFO - Processing file /home/airflow/.local/lib/python3.7/site-packages/airflow/example_dags/example_task_group.py for tasks to queue
[2023-01-19T20:40:21.051+0000] {logging_mixin.py:137} INFO - [2023-01-19T20:40:21.051+0000] {dagbag.py:538} INFO - Filling up the DagBag from /home/airflow/.local/lib/python3.7/site-packages/airflow/example_dags/example_task_group.py
[2023-01-19T20:40:21.076+0000] {processor.py:753} INFO - DAG(s) dict_keys(['example_task_group']) retrieved from /home/airflow/.local/lib/python3.7/site-packages/airflow/example_dags/example_task_group.py
[2023-01-19T20:40:21.131+0000] {logging_mixin.py:137} INFO - [2023-01-19T20:40:21.131+0000] {dag.py:2676} INFO - Sync 1 DAGs
[2023-01-19T20:40:21.164+0000] {logging_mixin.py:137} INFO - [2023-01-19T20:40:21.164+0000] {dag.py:3427} INFO - Setting next_dagrun for example_task_group to 2023-01-18T20:40:21.163693+00:00, run_after=2023-01-19T20:40:21.163693+00:00
[2023-01-19T20:40:21.192+0000] {processor.py:175} INFO - Processing /home/airflow/.local/lib/python3.7/site-packages/airflow/example_dags/example_task_group.py took 0.147 seconds
[2023-01-19T20:40:51.367+0000] {processor.py:153} INFO - Started process (PID=2061) to work on /home/airflow/.local/lib/python3.7/site-packages/airflow/example_dags/example_task_group.py
[2023-01-19T20:40:51.368+0000] {processor.py:743} INFO - Processing file /home/airflow/.local/lib/python3.7/site-packages/airflow/example_dags/example_task_group.py for tasks to queue
[2023-01-19T20:40:51.369+0000] {logging_mixin.py:137} INFO - [2023-01-19T20:40:51.369+0000] {dagbag.py:538} INFO - Filling up the DagBag from /home/airflow/.local/lib/python3.7/site-packages/airflow/example_dags/example_task_group.py
[2023-01-19T20:40:51.399+0000] {processor.py:753} INFO - DAG(s) dict_keys(['example_task_group']) retrieved from /home/airflow/.local/lib/python3.7/site-packages/airflow/example_dags/example_task_group.py
[2023-01-19T20:40:51.485+0000] {logging_mixin.py:137} INFO - [2023-01-19T20:40:51.485+0000] {dag.py:2676} INFO - Sync 1 DAGs
[2023-01-19T20:40:51.528+0000] {logging_mixin.py:137} INFO - [2023-01-19T20:40:51.528+0000] {dag.py:3427} INFO - Setting next_dagrun for example_task_group to 2023-01-18T20:40:51.528263+00:00, run_after=2023-01-19T20:40:51.528263+00:00
[2023-01-19T20:40:51.558+0000] {processor.py:175} INFO - Processing /home/airflow/.local/lib/python3.7/site-packages/airflow/example_dags/example_task_group.py took 0.202 seconds
[2023-01-19T20:41:21.592+0000] {processor.py:153} INFO - Started process (PID=2140) to work on /home/airflow/.local/lib/python3.7/site-packages/airflow/example_dags/example_task_group.py
[2023-01-19T20:41:21.593+0000] {processor.py:743} INFO - Processing file /home/airflow/.local/lib/python3.7/site-packages/airflow/example_dags/example_task_group.py for tasks to queue
[2023-01-19T20:41:21.594+0000] {logging_mixin.py:137} INFO - [2023-01-19T20:41:21.594+0000] {dagbag.py:538} INFO - Filling up the DagBag from /home/airflow/.local/lib/python3.7/site-packages/airflow/example_dags/example_task_group.py
[2023-01-19T20:41:21.613+0000] {processor.py:753} INFO - DAG(s) dict_keys(['example_task_group']) retrieved from /home/airflow/.local/lib/python3.7/site-packages/airflow/example_dags/example_task_group.py
[2023-01-19T20:41:21.664+0000] {logging_mixin.py:137} INFO - [2023-01-19T20:41:21.664+0000] {dag.py:2676} INFO - Sync 1 DAGs
[2023-01-19T20:41:21.697+0000] {logging_mixin.py:137} INFO - [2023-01-19T20:41:21.696+0000] {dag.py:3427} INFO - Setting next_dagrun for example_task_group to 2023-01-18T20:41:21.696717+00:00, run_after=2023-01-19T20:41:21.696717+00:00
[2023-01-19T20:41:21.728+0000] {processor.py:175} INFO - Processing /home/airflow/.local/lib/python3.7/site-packages/airflow/example_dags/example_task_group.py took 0.140 seconds
[2023-01-19T20:41:51.828+0000] {processor.py:153} INFO - Started process (PID=2212) to work on /home/airflow/.local/lib/python3.7/site-packages/airflow/example_dags/example_task_group.py
[2023-01-19T20:41:51.829+0000] {processor.py:743} INFO - Processing file /home/airflow/.local/lib/python3.7/site-packages/airflow/example_dags/example_task_group.py for tasks to queue
[2023-01-19T20:41:51.830+0000] {logging_mixin.py:137} INFO - [2023-01-19T20:41:51.830+0000] {dagbag.py:538} INFO - Filling up the DagBag from /home/airflow/.local/lib/python3.7/site-packages/airflow/example_dags/example_task_group.py
[2023-01-19T20:41:51.849+0000] {processor.py:753} INFO - DAG(s) dict_keys(['example_task_group']) retrieved from /home/airflow/.local/lib/python3.7/site-packages/airflow/example_dags/example_task_group.py
[2023-01-19T20:41:51.898+0000] {logging_mixin.py:137} INFO - [2023-01-19T20:41:51.898+0000] {dag.py:2676} INFO - Sync 1 DAGs
[2023-01-19T20:41:51.930+0000] {logging_mixin.py:137} INFO - [2023-01-19T20:41:51.930+0000] {dag.py:3427} INFO - Setting next_dagrun for example_task_group to 2023-01-18T20:41:51.930130+00:00, run_after=2023-01-19T20:41:51.930130+00:00
[2023-01-19T20:41:51.957+0000] {processor.py:175} INFO - Processing /home/airflow/.local/lib/python3.7/site-packages/airflow/example_dags/example_task_group.py took 0.133 seconds
[2023-01-19T20:42:22.065+0000] {processor.py:153} INFO - Started process (PID=2284) to work on /home/airflow/.local/lib/python3.7/site-packages/airflow/example_dags/example_task_group.py
[2023-01-19T20:42:22.067+0000] {processor.py:743} INFO - Processing file /home/airflow/.local/lib/python3.7/site-packages/airflow/example_dags/example_task_group.py for tasks to queue
[2023-01-19T20:42:22.067+0000] {logging_mixin.py:137} INFO - [2023-01-19T20:42:22.067+0000] {dagbag.py:538} INFO - Filling up the DagBag from /home/airflow/.local/lib/python3.7/site-packages/airflow/example_dags/example_task_group.py
[2023-01-19T20:42:22.088+0000] {processor.py:753} INFO - DAG(s) dict_keys(['example_task_group']) retrieved from /home/airflow/.local/lib/python3.7/site-packages/airflow/example_dags/example_task_group.py
[2023-01-19T20:42:22.138+0000] {logging_mixin.py:137} INFO - [2023-01-19T20:42:22.138+0000] {dag.py:2676} INFO - Sync 1 DAGs
[2023-01-19T20:42:22.179+0000] {logging_mixin.py:137} INFO - [2023-01-19T20:42:22.178+0000] {dag.py:3427} INFO - Setting next_dagrun for example_task_group to 2023-01-18T20:42:22.178513+00:00, run_after=2023-01-19T20:42:22.178513+00:00
[2023-01-19T20:42:22.207+0000] {processor.py:175} INFO - Processing /home/airflow/.local/lib/python3.7/site-packages/airflow/example_dags/example_task_group.py took 0.145 seconds
[2023-01-19T20:42:52.593+0000] {processor.py:153} INFO - Started process (PID=2365) to work on /home/airflow/.local/lib/python3.7/site-packages/airflow/example_dags/example_task_group.py
[2023-01-19T20:42:52.594+0000] {processor.py:743} INFO - Processing file /home/airflow/.local/lib/python3.7/site-packages/airflow/example_dags/example_task_group.py for tasks to queue
[2023-01-19T20:42:52.595+0000] {logging_mixin.py:137} INFO - [2023-01-19T20:42:52.595+0000] {dagbag.py:538} INFO - Filling up the DagBag from /home/airflow/.local/lib/python3.7/site-packages/airflow/example_dags/example_task_group.py
[2023-01-19T20:42:52.619+0000] {processor.py:753} INFO - DAG(s) dict_keys(['example_task_group']) retrieved from /home/airflow/.local/lib/python3.7/site-packages/airflow/example_dags/example_task_group.py
[2023-01-19T20:42:52.664+0000] {logging_mixin.py:137} INFO - [2023-01-19T20:42:52.664+0000] {dag.py:2676} INFO - Sync 1 DAGs
[2023-01-19T20:42:52.700+0000] {logging_mixin.py:137} INFO - [2023-01-19T20:42:52.700+0000] {dag.py:3427} INFO - Setting next_dagrun for example_task_group to 2023-01-18T20:42:52.700088+00:00, run_after=2023-01-19T20:42:52.700088+00:00
[2023-01-19T20:42:52.727+0000] {processor.py:175} INFO - Processing /home/airflow/.local/lib/python3.7/site-packages/airflow/example_dags/example_task_group.py took 0.138 seconds
[2023-01-19T20:43:23.063+0000] {processor.py:153} INFO - Started process (PID=2445) to work on /home/airflow/.local/lib/python3.7/site-packages/airflow/example_dags/example_task_group.py
[2023-01-19T20:43:23.064+0000] {processor.py:743} INFO - Processing file /home/airflow/.local/lib/python3.7/site-packages/airflow/example_dags/example_task_group.py for tasks to queue
[2023-01-19T20:43:23.065+0000] {logging_mixin.py:137} INFO - [2023-01-19T20:43:23.065+0000] {dagbag.py:538} INFO - Filling up the DagBag from /home/airflow/.local/lib/python3.7/site-packages/airflow/example_dags/example_task_group.py
[2023-01-19T20:43:23.085+0000] {processor.py:753} INFO - DAG(s) dict_keys(['example_task_group']) retrieved from /home/airflow/.local/lib/python3.7/site-packages/airflow/example_dags/example_task_group.py
[2023-01-19T20:43:23.131+0000] {logging_mixin.py:137} INFO - [2023-01-19T20:43:23.131+0000] {dag.py:2676} INFO - Sync 1 DAGs
[2023-01-19T20:43:23.164+0000] {logging_mixin.py:137} INFO - [2023-01-19T20:43:23.163+0000] {dag.py:3427} INFO - Setting next_dagrun for example_task_group to 2023-01-18T20:43:23.163601+00:00, run_after=2023-01-19T20:43:23.163601+00:00
[2023-01-19T20:43:23.189+0000] {processor.py:175} INFO - Processing /home/airflow/.local/lib/python3.7/site-packages/airflow/example_dags/example_task_group.py took 0.129 seconds
[2023-01-19T20:43:53.453+0000] {processor.py:153} INFO - Started process (PID=2518) to work on /home/airflow/.local/lib/python3.7/site-packages/airflow/example_dags/example_task_group.py
[2023-01-19T20:43:53.455+0000] {processor.py:743} INFO - Processing file /home/airflow/.local/lib/python3.7/site-packages/airflow/example_dags/example_task_group.py for tasks to queue
[2023-01-19T20:43:53.456+0000] {logging_mixin.py:137} INFO - [2023-01-19T20:43:53.456+0000] {dagbag.py:538} INFO - Filling up the DagBag from /home/airflow/.local/lib/python3.7/site-packages/airflow/example_dags/example_task_group.py
[2023-01-19T20:43:53.478+0000] {processor.py:753} INFO - DAG(s) dict_keys(['example_task_group']) retrieved from /home/airflow/.local/lib/python3.7/site-packages/airflow/example_dags/example_task_group.py
[2023-01-19T20:43:53.526+0000] {logging_mixin.py:137} INFO - [2023-01-19T20:43:53.526+0000] {dag.py:2676} INFO - Sync 1 DAGs
[2023-01-19T20:43:53.558+0000] {logging_mixin.py:137} INFO - [2023-01-19T20:43:53.558+0000] {dag.py:3427} INFO - Setting next_dagrun for example_task_group to 2023-01-18T20:43:53.558247+00:00, run_after=2023-01-19T20:43:53.558247+00:00
[2023-01-19T20:43:53.583+0000] {processor.py:175} INFO - Processing /home/airflow/.local/lib/python3.7/site-packages/airflow/example_dags/example_task_group.py took 0.134 seconds
[2023-01-19T20:44:24.602+0000] {processor.py:153} INFO - Started process (PID=2599) to work on /home/airflow/.local/lib/python3.7/site-packages/airflow/example_dags/example_task_group.py
[2023-01-19T20:44:24.603+0000] {processor.py:743} INFO - Processing file /home/airflow/.local/lib/python3.7/site-packages/airflow/example_dags/example_task_group.py for tasks to queue
[2023-01-19T20:44:24.605+0000] {logging_mixin.py:137} INFO - [2023-01-19T20:44:24.604+0000] {dagbag.py:538} INFO - Filling up the DagBag from /home/airflow/.local/lib/python3.7/site-packages/airflow/example_dags/example_task_group.py
[2023-01-19T20:44:24.627+0000] {processor.py:753} INFO - DAG(s) dict_keys(['example_task_group']) retrieved from /home/airflow/.local/lib/python3.7/site-packages/airflow/example_dags/example_task_group.py
[2023-01-19T20:44:24.684+0000] {logging_mixin.py:137} INFO - [2023-01-19T20:44:24.684+0000] {dag.py:2676} INFO - Sync 1 DAGs
[2023-01-19T20:44:24.724+0000] {logging_mixin.py:137} INFO - [2023-01-19T20:44:24.723+0000] {dag.py:3427} INFO - Setting next_dagrun for example_task_group to 2023-01-18T20:44:24.723576+00:00, run_after=2023-01-19T20:44:24.723576+00:00
[2023-01-19T20:44:24.750+0000] {processor.py:175} INFO - Processing /home/airflow/.local/lib/python3.7/site-packages/airflow/example_dags/example_task_group.py took 0.153 seconds
[2023-01-19T20:44:54.841+0000] {processor.py:153} INFO - Started process (PID=2679) to work on /home/airflow/.local/lib/python3.7/site-packages/airflow/example_dags/example_task_group.py
[2023-01-19T20:44:54.843+0000] {processor.py:743} INFO - Processing file /home/airflow/.local/lib/python3.7/site-packages/airflow/example_dags/example_task_group.py for tasks to queue
[2023-01-19T20:44:54.843+0000] {logging_mixin.py:137} INFO - [2023-01-19T20:44:54.843+0000] {dagbag.py:538} INFO - Filling up the DagBag from /home/airflow/.local/lib/python3.7/site-packages/airflow/example_dags/example_task_group.py
[2023-01-19T20:44:54.863+0000] {processor.py:753} INFO - DAG(s) dict_keys(['example_task_group']) retrieved from /home/airflow/.local/lib/python3.7/site-packages/airflow/example_dags/example_task_group.py
[2023-01-19T20:44:54.908+0000] {logging_mixin.py:137} INFO - [2023-01-19T20:44:54.908+0000] {dag.py:2676} INFO - Sync 1 DAGs
[2023-01-19T20:44:54.940+0000] {logging_mixin.py:137} INFO - [2023-01-19T20:44:54.940+0000] {dag.py:3427} INFO - Setting next_dagrun for example_task_group to 2023-01-18T20:44:54.940225+00:00, run_after=2023-01-19T20:44:54.940225+00:00
[2023-01-19T20:44:54.963+0000] {processor.py:175} INFO - Processing /home/airflow/.local/lib/python3.7/site-packages/airflow/example_dags/example_task_group.py took 0.125 seconds
[2023-01-19T20:45:25.245+0000] {processor.py:153} INFO - Started process (PID=2751) to work on /home/airflow/.local/lib/python3.7/site-packages/airflow/example_dags/example_task_group.py
[2023-01-19T20:45:25.246+0000] {processor.py:743} INFO - Processing file /home/airflow/.local/lib/python3.7/site-packages/airflow/example_dags/example_task_group.py for tasks to queue
[2023-01-19T20:45:25.247+0000] {logging_mixin.py:137} INFO - [2023-01-19T20:45:25.247+0000] {dagbag.py:538} INFO - Filling up the DagBag from /home/airflow/.local/lib/python3.7/site-packages/airflow/example_dags/example_task_group.py
[2023-01-19T20:45:25.268+0000] {processor.py:753} INFO - DAG(s) dict_keys(['example_task_group']) retrieved from /home/airflow/.local/lib/python3.7/site-packages/airflow/example_dags/example_task_group.py
[2023-01-19T20:45:25.315+0000] {logging_mixin.py:137} INFO - [2023-01-19T20:45:25.315+0000] {dag.py:2676} INFO - Sync 1 DAGs
[2023-01-19T20:45:25.354+0000] {logging_mixin.py:137} INFO - [2023-01-19T20:45:25.353+0000] {dag.py:3427} INFO - Setting next_dagrun for example_task_group to 2023-01-18T20:45:25.353706+00:00, run_after=2023-01-19T20:45:25.353706+00:00
[2023-01-19T20:45:25.377+0000] {processor.py:175} INFO - Processing /home/airflow/.local/lib/python3.7/site-packages/airflow/example_dags/example_task_group.py took 0.136 seconds
[2023-01-19T20:45:56.076+0000] {processor.py:153} INFO - Started process (PID=2830) to work on /home/airflow/.local/lib/python3.7/site-packages/airflow/example_dags/example_task_group.py
[2023-01-19T20:45:56.077+0000] {processor.py:743} INFO - Processing file /home/airflow/.local/lib/python3.7/site-packages/airflow/example_dags/example_task_group.py for tasks to queue
[2023-01-19T20:45:56.078+0000] {logging_mixin.py:137} INFO - [2023-01-19T20:45:56.078+0000] {dagbag.py:538} INFO - Filling up the DagBag from /home/airflow/.local/lib/python3.7/site-packages/airflow/example_dags/example_task_group.py
[2023-01-19T20:45:56.098+0000] {processor.py:753} INFO - DAG(s) dict_keys(['example_task_group']) retrieved from /home/airflow/.local/lib/python3.7/site-packages/airflow/example_dags/example_task_group.py
[2023-01-19T20:45:56.151+0000] {logging_mixin.py:137} INFO - [2023-01-19T20:45:56.151+0000] {dag.py:2676} INFO - Sync 1 DAGs
[2023-01-19T20:45:56.187+0000] {logging_mixin.py:137} INFO - [2023-01-19T20:45:56.187+0000] {dag.py:3427} INFO - Setting next_dagrun for example_task_group to 2023-01-18T20:45:56.187303+00:00, run_after=2023-01-19T20:45:56.187303+00:00
[2023-01-19T20:45:56.214+0000] {processor.py:175} INFO - Processing /home/airflow/.local/lib/python3.7/site-packages/airflow/example_dags/example_task_group.py took 0.142 seconds
[2023-01-19T20:46:26.432+0000] {processor.py:153} INFO - Started process (PID=2911) to work on /home/airflow/.local/lib/python3.7/site-packages/airflow/example_dags/example_task_group.py
[2023-01-19T20:46:26.434+0000] {processor.py:743} INFO - Processing file /home/airflow/.local/lib/python3.7/site-packages/airflow/example_dags/example_task_group.py for tasks to queue
[2023-01-19T20:46:26.436+0000] {logging_mixin.py:137} INFO - [2023-01-19T20:46:26.435+0000] {dagbag.py:538} INFO - Filling up the DagBag from /home/airflow/.local/lib/python3.7/site-packages/airflow/example_dags/example_task_group.py
[2023-01-19T20:46:26.456+0000] {processor.py:753} INFO - DAG(s) dict_keys(['example_task_group']) retrieved from /home/airflow/.local/lib/python3.7/site-packages/airflow/example_dags/example_task_group.py
[2023-01-19T20:46:26.505+0000] {logging_mixin.py:137} INFO - [2023-01-19T20:46:26.505+0000] {dag.py:2676} INFO - Sync 1 DAGs
[2023-01-19T20:46:26.540+0000] {logging_mixin.py:137} INFO - [2023-01-19T20:46:26.540+0000] {dag.py:3427} INFO - Setting next_dagrun for example_task_group to 2023-01-18T20:46:26.540415+00:00, run_after=2023-01-19T20:46:26.540415+00:00
[2023-01-19T20:46:26.567+0000] {processor.py:175} INFO - Processing /home/airflow/.local/lib/python3.7/site-packages/airflow/example_dags/example_task_group.py took 0.138 seconds
[2023-01-19T20:46:57.132+0000] {processor.py:153} INFO - Started process (PID=2983) to work on /home/airflow/.local/lib/python3.7/site-packages/airflow/example_dags/example_task_group.py
[2023-01-19T20:46:57.134+0000] {processor.py:743} INFO - Processing file /home/airflow/.local/lib/python3.7/site-packages/airflow/example_dags/example_task_group.py for tasks to queue
[2023-01-19T20:46:57.135+0000] {logging_mixin.py:137} INFO - [2023-01-19T20:46:57.135+0000] {dagbag.py:538} INFO - Filling up the DagBag from /home/airflow/.local/lib/python3.7/site-packages/airflow/example_dags/example_task_group.py
[2023-01-19T20:46:57.161+0000] {processor.py:753} INFO - DAG(s) dict_keys(['example_task_group']) retrieved from /home/airflow/.local/lib/python3.7/site-packages/airflow/example_dags/example_task_group.py
[2023-01-19T20:46:57.222+0000] {logging_mixin.py:137} INFO - [2023-01-19T20:46:57.222+0000] {dag.py:2676} INFO - Sync 1 DAGs
[2023-01-19T20:46:57.254+0000] {logging_mixin.py:137} INFO - [2023-01-19T20:46:57.254+0000] {dag.py:3427} INFO - Setting next_dagrun for example_task_group to 2023-01-18T20:46:57.253965+00:00, run_after=2023-01-19T20:46:57.253965+00:00
[2023-01-19T20:46:57.275+0000] {processor.py:175} INFO - Processing /home/airflow/.local/lib/python3.7/site-packages/airflow/example_dags/example_task_group.py took 0.149 seconds
