[2023-01-19T20:21:31.893+0000] {processor.py:153} INFO - Started process (PID=87) to work on /home/airflow/.local/lib/python3.7/site-packages/airflow/example_dags/example_latest_only_with_trigger.py
[2023-01-19T20:21:31.894+0000] {processor.py:743} INFO - Processing file /home/airflow/.local/lib/python3.7/site-packages/airflow/example_dags/example_latest_only_with_trigger.py for tasks to queue
[2023-01-19T20:21:31.895+0000] {logging_mixin.py:137} INFO - [2023-01-19T20:21:31.895+0000] {dagbag.py:538} INFO - Filling up the DagBag from /home/airflow/.local/lib/python3.7/site-packages/airflow/example_dags/example_latest_only_with_trigger.py
[2023-01-19T20:21:31.917+0000] {processor.py:753} INFO - DAG(s) dict_keys(['latest_only_with_trigger']) retrieved from /home/airflow/.local/lib/python3.7/site-packages/airflow/example_dags/example_latest_only_with_trigger.py
[2023-01-19T20:21:31.972+0000] {logging_mixin.py:137} INFO - [2023-01-19T20:21:31.972+0000] {dag.py:2676} INFO - Sync 1 DAGs
[2023-01-19T20:21:32.021+0000] {logging_mixin.py:137} INFO - [2023-01-19T20:21:32.020+0000] {dag.py:3427} INFO - Setting next_dagrun for latest_only_with_trigger to 2023-01-19T16:21:32.020376+00:00, run_after=2023-01-19T20:21:32.020376+00:00
[2023-01-19T20:21:32.060+0000] {processor.py:175} INFO - Processing /home/airflow/.local/lib/python3.7/site-packages/airflow/example_dags/example_latest_only_with_trigger.py took 0.171 seconds
[2023-01-19T20:22:49.951+0000] {processor.py:153} INFO - Started process (PID=87) to work on /home/airflow/.local/lib/python3.7/site-packages/airflow/example_dags/example_latest_only_with_trigger.py
[2023-01-19T20:22:49.952+0000] {processor.py:743} INFO - Processing file /home/airflow/.local/lib/python3.7/site-packages/airflow/example_dags/example_latest_only_with_trigger.py for tasks to queue
[2023-01-19T20:22:49.953+0000] {logging_mixin.py:137} INFO - [2023-01-19T20:22:49.953+0000] {dagbag.py:538} INFO - Filling up the DagBag from /home/airflow/.local/lib/python3.7/site-packages/airflow/example_dags/example_latest_only_with_trigger.py
[2023-01-19T20:22:49.979+0000] {processor.py:753} INFO - DAG(s) dict_keys(['latest_only_with_trigger']) retrieved from /home/airflow/.local/lib/python3.7/site-packages/airflow/example_dags/example_latest_only_with_trigger.py
[2023-01-19T20:22:50.038+0000] {logging_mixin.py:137} INFO - [2023-01-19T20:22:50.038+0000] {dag.py:2676} INFO - Sync 1 DAGs
[2023-01-19T20:22:50.081+0000] {logging_mixin.py:137} INFO - [2023-01-19T20:22:50.081+0000] {dag.py:3427} INFO - Setting next_dagrun for latest_only_with_trigger to 2023-01-19T16:22:50.081454+00:00, run_after=2023-01-19T20:22:50.081454+00:00
[2023-01-19T20:22:50.114+0000] {processor.py:175} INFO - Processing /home/airflow/.local/lib/python3.7/site-packages/airflow/example_dags/example_latest_only_with_trigger.py took 0.167 seconds
[2023-01-19T20:23:20.726+0000] {processor.py:153} INFO - Started process (PID=159) to work on /home/airflow/.local/lib/python3.7/site-packages/airflow/example_dags/example_latest_only_with_trigger.py
[2023-01-19T20:23:20.727+0000] {processor.py:743} INFO - Processing file /home/airflow/.local/lib/python3.7/site-packages/airflow/example_dags/example_latest_only_with_trigger.py for tasks to queue
[2023-01-19T20:23:20.728+0000] {logging_mixin.py:137} INFO - [2023-01-19T20:23:20.728+0000] {dagbag.py:538} INFO - Filling up the DagBag from /home/airflow/.local/lib/python3.7/site-packages/airflow/example_dags/example_latest_only_with_trigger.py
[2023-01-19T20:23:20.750+0000] {processor.py:753} INFO - DAG(s) dict_keys(['latest_only_with_trigger']) retrieved from /home/airflow/.local/lib/python3.7/site-packages/airflow/example_dags/example_latest_only_with_trigger.py
[2023-01-19T20:23:20.803+0000] {logging_mixin.py:137} INFO - [2023-01-19T20:23:20.803+0000] {dag.py:2676} INFO - Sync 1 DAGs
[2023-01-19T20:23:20.838+0000] {logging_mixin.py:137} INFO - [2023-01-19T20:23:20.838+0000] {dag.py:3427} INFO - Setting next_dagrun for latest_only_with_trigger to 2023-01-19T16:23:20.837895+00:00, run_after=2023-01-19T20:23:20.837895+00:00
[2023-01-19T20:23:20.864+0000] {processor.py:175} INFO - Processing /home/airflow/.local/lib/python3.7/site-packages/airflow/example_dags/example_latest_only_with_trigger.py took 0.142 seconds
[2023-01-19T20:23:51.102+0000] {processor.py:153} INFO - Started process (PID=231) to work on /home/airflow/.local/lib/python3.7/site-packages/airflow/example_dags/example_latest_only_with_trigger.py
[2023-01-19T20:23:51.103+0000] {processor.py:743} INFO - Processing file /home/airflow/.local/lib/python3.7/site-packages/airflow/example_dags/example_latest_only_with_trigger.py for tasks to queue
[2023-01-19T20:23:51.104+0000] {logging_mixin.py:137} INFO - [2023-01-19T20:23:51.104+0000] {dagbag.py:538} INFO - Filling up the DagBag from /home/airflow/.local/lib/python3.7/site-packages/airflow/example_dags/example_latest_only_with_trigger.py
[2023-01-19T20:23:51.122+0000] {processor.py:753} INFO - DAG(s) dict_keys(['latest_only_with_trigger']) retrieved from /home/airflow/.local/lib/python3.7/site-packages/airflow/example_dags/example_latest_only_with_trigger.py
[2023-01-19T20:23:51.170+0000] {logging_mixin.py:137} INFO - [2023-01-19T20:23:51.170+0000] {dag.py:2676} INFO - Sync 1 DAGs
[2023-01-19T20:23:51.211+0000] {logging_mixin.py:137} INFO - [2023-01-19T20:23:51.211+0000] {dag.py:3427} INFO - Setting next_dagrun for latest_only_with_trigger to 2023-01-19T16:23:51.210696+00:00, run_after=2023-01-19T20:23:51.210696+00:00
[2023-01-19T20:23:51.242+0000] {processor.py:175} INFO - Processing /home/airflow/.local/lib/python3.7/site-packages/airflow/example_dags/example_latest_only_with_trigger.py took 0.145 seconds
[2023-01-19T20:24:21.455+0000] {processor.py:153} INFO - Started process (PID=320) to work on /home/airflow/.local/lib/python3.7/site-packages/airflow/example_dags/example_latest_only_with_trigger.py
[2023-01-19T20:24:21.456+0000] {processor.py:743} INFO - Processing file /home/airflow/.local/lib/python3.7/site-packages/airflow/example_dags/example_latest_only_with_trigger.py for tasks to queue
[2023-01-19T20:24:21.457+0000] {logging_mixin.py:137} INFO - [2023-01-19T20:24:21.456+0000] {dagbag.py:538} INFO - Filling up the DagBag from /home/airflow/.local/lib/python3.7/site-packages/airflow/example_dags/example_latest_only_with_trigger.py
[2023-01-19T20:24:21.476+0000] {processor.py:753} INFO - DAG(s) dict_keys(['latest_only_with_trigger']) retrieved from /home/airflow/.local/lib/python3.7/site-packages/airflow/example_dags/example_latest_only_with_trigger.py
[2023-01-19T20:24:21.521+0000] {logging_mixin.py:137} INFO - [2023-01-19T20:24:21.521+0000] {dag.py:2676} INFO - Sync 1 DAGs
[2023-01-19T20:24:21.562+0000] {logging_mixin.py:137} INFO - [2023-01-19T20:24:21.561+0000] {dag.py:3427} INFO - Setting next_dagrun for latest_only_with_trigger to 2023-01-19T16:24:21.561362+00:00, run_after=2023-01-19T20:24:21.561362+00:00
[2023-01-19T20:24:21.589+0000] {processor.py:175} INFO - Processing /home/airflow/.local/lib/python3.7/site-packages/airflow/example_dags/example_latest_only_with_trigger.py took 0.138 seconds
[2023-01-19T20:24:51.791+0000] {processor.py:153} INFO - Started process (PID=392) to work on /home/airflow/.local/lib/python3.7/site-packages/airflow/example_dags/example_latest_only_with_trigger.py
[2023-01-19T20:24:51.793+0000] {processor.py:743} INFO - Processing file /home/airflow/.local/lib/python3.7/site-packages/airflow/example_dags/example_latest_only_with_trigger.py for tasks to queue
[2023-01-19T20:24:51.794+0000] {logging_mixin.py:137} INFO - [2023-01-19T20:24:51.793+0000] {dagbag.py:538} INFO - Filling up the DagBag from /home/airflow/.local/lib/python3.7/site-packages/airflow/example_dags/example_latest_only_with_trigger.py
[2023-01-19T20:24:51.820+0000] {processor.py:753} INFO - DAG(s) dict_keys(['latest_only_with_trigger']) retrieved from /home/airflow/.local/lib/python3.7/site-packages/airflow/example_dags/example_latest_only_with_trigger.py
[2023-01-19T20:24:51.869+0000] {logging_mixin.py:137} INFO - [2023-01-19T20:24:51.868+0000] {dag.py:2676} INFO - Sync 1 DAGs
[2023-01-19T20:24:51.905+0000] {logging_mixin.py:137} INFO - [2023-01-19T20:24:51.905+0000] {dag.py:3427} INFO - Setting next_dagrun for latest_only_with_trigger to 2023-01-19T16:24:51.904993+00:00, run_after=2023-01-19T20:24:51.904993+00:00
[2023-01-19T20:24:51.936+0000] {processor.py:175} INFO - Processing /home/airflow/.local/lib/python3.7/site-packages/airflow/example_dags/example_latest_only_with_trigger.py took 0.149 seconds
[2023-01-19T20:25:22.128+0000] {processor.py:153} INFO - Started process (PID=464) to work on /home/airflow/.local/lib/python3.7/site-packages/airflow/example_dags/example_latest_only_with_trigger.py
[2023-01-19T20:25:22.129+0000] {processor.py:743} INFO - Processing file /home/airflow/.local/lib/python3.7/site-packages/airflow/example_dags/example_latest_only_with_trigger.py for tasks to queue
[2023-01-19T20:25:22.129+0000] {logging_mixin.py:137} INFO - [2023-01-19T20:25:22.129+0000] {dagbag.py:538} INFO - Filling up the DagBag from /home/airflow/.local/lib/python3.7/site-packages/airflow/example_dags/example_latest_only_with_trigger.py
[2023-01-19T20:25:22.150+0000] {processor.py:753} INFO - DAG(s) dict_keys(['latest_only_with_trigger']) retrieved from /home/airflow/.local/lib/python3.7/site-packages/airflow/example_dags/example_latest_only_with_trigger.py
[2023-01-19T20:25:22.202+0000] {logging_mixin.py:137} INFO - [2023-01-19T20:25:22.202+0000] {dag.py:2676} INFO - Sync 1 DAGs
[2023-01-19T20:25:22.240+0000] {logging_mixin.py:137} INFO - [2023-01-19T20:25:22.239+0000] {dag.py:3427} INFO - Setting next_dagrun for latest_only_with_trigger to 2023-01-19T16:25:22.239350+00:00, run_after=2023-01-19T20:25:22.239350+00:00
[2023-01-19T20:25:22.276+0000] {processor.py:175} INFO - Processing /home/airflow/.local/lib/python3.7/site-packages/airflow/example_dags/example_latest_only_with_trigger.py took 0.153 seconds
[2023-01-19T20:25:52.473+0000] {processor.py:153} INFO - Started process (PID=536) to work on /home/airflow/.local/lib/python3.7/site-packages/airflow/example_dags/example_latest_only_with_trigger.py
[2023-01-19T20:25:52.474+0000] {processor.py:743} INFO - Processing file /home/airflow/.local/lib/python3.7/site-packages/airflow/example_dags/example_latest_only_with_trigger.py for tasks to queue
[2023-01-19T20:25:52.475+0000] {logging_mixin.py:137} INFO - [2023-01-19T20:25:52.475+0000] {dagbag.py:538} INFO - Filling up the DagBag from /home/airflow/.local/lib/python3.7/site-packages/airflow/example_dags/example_latest_only_with_trigger.py
[2023-01-19T20:25:52.498+0000] {processor.py:753} INFO - DAG(s) dict_keys(['latest_only_with_trigger']) retrieved from /home/airflow/.local/lib/python3.7/site-packages/airflow/example_dags/example_latest_only_with_trigger.py
[2023-01-19T20:25:52.535+0000] {logging_mixin.py:137} INFO - [2023-01-19T20:25:52.535+0000] {dag.py:2676} INFO - Sync 1 DAGs
[2023-01-19T20:25:52.573+0000] {logging_mixin.py:137} INFO - [2023-01-19T20:25:52.573+0000] {dag.py:3427} INFO - Setting next_dagrun for latest_only_with_trigger to 2023-01-19T16:25:52.573025+00:00, run_after=2023-01-19T20:25:52.573025+00:00
[2023-01-19T20:25:52.607+0000] {processor.py:175} INFO - Processing /home/airflow/.local/lib/python3.7/site-packages/airflow/example_dags/example_latest_only_with_trigger.py took 0.139 seconds
[2023-01-19T20:27:41.134+0000] {processor.py:153} INFO - Started process (PID=87) to work on /home/airflow/.local/lib/python3.7/site-packages/airflow/example_dags/example_latest_only_with_trigger.py
[2023-01-19T20:27:41.135+0000] {processor.py:743} INFO - Processing file /home/airflow/.local/lib/python3.7/site-packages/airflow/example_dags/example_latest_only_with_trigger.py for tasks to queue
[2023-01-19T20:27:41.136+0000] {logging_mixin.py:137} INFO - [2023-01-19T20:27:41.136+0000] {dagbag.py:538} INFO - Filling up the DagBag from /home/airflow/.local/lib/python3.7/site-packages/airflow/example_dags/example_latest_only_with_trigger.py
[2023-01-19T20:27:41.155+0000] {processor.py:753} INFO - DAG(s) dict_keys(['latest_only_with_trigger']) retrieved from /home/airflow/.local/lib/python3.7/site-packages/airflow/example_dags/example_latest_only_with_trigger.py
[2023-01-19T20:27:41.357+0000] {logging_mixin.py:137} INFO - [2023-01-19T20:27:41.356+0000] {manager.py:504} INFO - Created Permission View: can delete on DAG:latest_only_with_trigger
[2023-01-19T20:27:41.397+0000] {logging_mixin.py:137} INFO - [2023-01-19T20:27:41.397+0000] {manager.py:504} INFO - Created Permission View: can edit on DAG:latest_only_with_trigger
[2023-01-19T20:27:41.495+0000] {logging_mixin.py:137} INFO - [2023-01-19T20:27:41.495+0000] {manager.py:504} INFO - Created Permission View: can read on DAG:latest_only_with_trigger
[2023-01-19T20:27:41.496+0000] {logging_mixin.py:137} INFO - [2023-01-19T20:27:41.495+0000] {dag.py:2676} INFO - Sync 1 DAGs
[2023-01-19T20:27:41.514+0000] {logging_mixin.py:137} INFO - [2023-01-19T20:27:41.514+0000] {dag.py:2697} INFO - Creating ORM DAG for latest_only_with_trigger
[2023-01-19T20:27:41.529+0000] {logging_mixin.py:137} INFO - [2023-01-19T20:27:41.529+0000] {dag.py:3427} INFO - Setting next_dagrun for latest_only_with_trigger to 2023-01-19T16:27:41.528889+00:00, run_after=2023-01-19T20:27:41.528889+00:00
[2023-01-19T20:27:41.591+0000] {processor.py:175} INFO - Processing /home/airflow/.local/lib/python3.7/site-packages/airflow/example_dags/example_latest_only_with_trigger.py took 0.461 seconds
[2023-01-19T20:28:11.856+0000] {processor.py:153} INFO - Started process (PID=168) to work on /home/airflow/.local/lib/python3.7/site-packages/airflow/example_dags/example_latest_only_with_trigger.py
[2023-01-19T20:28:11.857+0000] {processor.py:743} INFO - Processing file /home/airflow/.local/lib/python3.7/site-packages/airflow/example_dags/example_latest_only_with_trigger.py for tasks to queue
[2023-01-19T20:28:11.858+0000] {logging_mixin.py:137} INFO - [2023-01-19T20:28:11.858+0000] {dagbag.py:538} INFO - Filling up the DagBag from /home/airflow/.local/lib/python3.7/site-packages/airflow/example_dags/example_latest_only_with_trigger.py
[2023-01-19T20:28:11.883+0000] {processor.py:753} INFO - DAG(s) dict_keys(['latest_only_with_trigger']) retrieved from /home/airflow/.local/lib/python3.7/site-packages/airflow/example_dags/example_latest_only_with_trigger.py
[2023-01-19T20:28:11.952+0000] {logging_mixin.py:137} INFO - [2023-01-19T20:28:11.952+0000] {dag.py:2676} INFO - Sync 1 DAGs
[2023-01-19T20:28:12.007+0000] {logging_mixin.py:137} INFO - [2023-01-19T20:28:12.007+0000] {dag.py:3427} INFO - Setting next_dagrun for latest_only_with_trigger to 2023-01-19T16:28:12.007158+00:00, run_after=2023-01-19T20:28:12.007158+00:00
[2023-01-19T20:28:12.043+0000] {processor.py:175} INFO - Processing /home/airflow/.local/lib/python3.7/site-packages/airflow/example_dags/example_latest_only_with_trigger.py took 0.191 seconds
[2023-01-19T20:28:42.651+0000] {processor.py:153} INFO - Started process (PID=247) to work on /home/airflow/.local/lib/python3.7/site-packages/airflow/example_dags/example_latest_only_with_trigger.py
[2023-01-19T20:28:42.654+0000] {processor.py:743} INFO - Processing file /home/airflow/.local/lib/python3.7/site-packages/airflow/example_dags/example_latest_only_with_trigger.py for tasks to queue
[2023-01-19T20:28:42.654+0000] {logging_mixin.py:137} INFO - [2023-01-19T20:28:42.654+0000] {dagbag.py:538} INFO - Filling up the DagBag from /home/airflow/.local/lib/python3.7/site-packages/airflow/example_dags/example_latest_only_with_trigger.py
[2023-01-19T20:28:42.683+0000] {processor.py:753} INFO - DAG(s) dict_keys(['latest_only_with_trigger']) retrieved from /home/airflow/.local/lib/python3.7/site-packages/airflow/example_dags/example_latest_only_with_trigger.py
[2023-01-19T20:28:42.752+0000] {logging_mixin.py:137} INFO - [2023-01-19T20:28:42.752+0000] {dag.py:2676} INFO - Sync 1 DAGs
[2023-01-19T20:28:42.802+0000] {logging_mixin.py:137} INFO - [2023-01-19T20:28:42.802+0000] {dag.py:3427} INFO - Setting next_dagrun for latest_only_with_trigger to 2023-01-19T16:28:42.801528+00:00, run_after=2023-01-19T20:28:42.801528+00:00
[2023-01-19T20:28:42.839+0000] {processor.py:175} INFO - Processing /home/airflow/.local/lib/python3.7/site-packages/airflow/example_dags/example_latest_only_with_trigger.py took 0.193 seconds
[2023-01-19T20:29:13.024+0000] {processor.py:153} INFO - Started process (PID=320) to work on /home/airflow/.local/lib/python3.7/site-packages/airflow/example_dags/example_latest_only_with_trigger.py
[2023-01-19T20:29:13.025+0000] {processor.py:743} INFO - Processing file /home/airflow/.local/lib/python3.7/site-packages/airflow/example_dags/example_latest_only_with_trigger.py for tasks to queue
[2023-01-19T20:29:13.026+0000] {logging_mixin.py:137} INFO - [2023-01-19T20:29:13.026+0000] {dagbag.py:538} INFO - Filling up the DagBag from /home/airflow/.local/lib/python3.7/site-packages/airflow/example_dags/example_latest_only_with_trigger.py
[2023-01-19T20:29:13.053+0000] {processor.py:753} INFO - DAG(s) dict_keys(['latest_only_with_trigger']) retrieved from /home/airflow/.local/lib/python3.7/site-packages/airflow/example_dags/example_latest_only_with_trigger.py
[2023-01-19T20:29:13.123+0000] {logging_mixin.py:137} INFO - [2023-01-19T20:29:13.123+0000] {dag.py:2676} INFO - Sync 1 DAGs
[2023-01-19T20:29:13.170+0000] {logging_mixin.py:137} INFO - [2023-01-19T20:29:13.170+0000] {dag.py:3427} INFO - Setting next_dagrun for latest_only_with_trigger to 2023-01-19T16:29:13.169882+00:00, run_after=2023-01-19T20:29:13.169882+00:00
[2023-01-19T20:29:13.206+0000] {processor.py:175} INFO - Processing /home/airflow/.local/lib/python3.7/site-packages/airflow/example_dags/example_latest_only_with_trigger.py took 0.188 seconds
[2023-01-19T20:29:43.756+0000] {processor.py:153} INFO - Started process (PID=393) to work on /home/airflow/.local/lib/python3.7/site-packages/airflow/example_dags/example_latest_only_with_trigger.py
[2023-01-19T20:29:43.758+0000] {processor.py:743} INFO - Processing file /home/airflow/.local/lib/python3.7/site-packages/airflow/example_dags/example_latest_only_with_trigger.py for tasks to queue
[2023-01-19T20:29:43.759+0000] {logging_mixin.py:137} INFO - [2023-01-19T20:29:43.759+0000] {dagbag.py:538} INFO - Filling up the DagBag from /home/airflow/.local/lib/python3.7/site-packages/airflow/example_dags/example_latest_only_with_trigger.py
[2023-01-19T20:29:43.786+0000] {processor.py:753} INFO - DAG(s) dict_keys(['latest_only_with_trigger']) retrieved from /home/airflow/.local/lib/python3.7/site-packages/airflow/example_dags/example_latest_only_with_trigger.py
[2023-01-19T20:29:43.866+0000] {logging_mixin.py:137} INFO - [2023-01-19T20:29:43.866+0000] {dag.py:2676} INFO - Sync 1 DAGs
[2023-01-19T20:29:43.941+0000] {logging_mixin.py:137} INFO - [2023-01-19T20:29:43.941+0000] {dag.py:3427} INFO - Setting next_dagrun for latest_only_with_trigger to 2023-01-19T16:29:43.940557+00:00, run_after=2023-01-19T20:29:43.940557+00:00
[2023-01-19T20:29:43.980+0000] {processor.py:175} INFO - Processing /home/airflow/.local/lib/python3.7/site-packages/airflow/example_dags/example_latest_only_with_trigger.py took 0.229 seconds
[2023-01-19T20:30:14.146+0000] {processor.py:153} INFO - Started process (PID=474) to work on /home/airflow/.local/lib/python3.7/site-packages/airflow/example_dags/example_latest_only_with_trigger.py
[2023-01-19T20:30:14.148+0000] {processor.py:743} INFO - Processing file /home/airflow/.local/lib/python3.7/site-packages/airflow/example_dags/example_latest_only_with_trigger.py for tasks to queue
[2023-01-19T20:30:14.148+0000] {logging_mixin.py:137} INFO - [2023-01-19T20:30:14.148+0000] {dagbag.py:538} INFO - Filling up the DagBag from /home/airflow/.local/lib/python3.7/site-packages/airflow/example_dags/example_latest_only_with_trigger.py
[2023-01-19T20:30:14.171+0000] {processor.py:753} INFO - DAG(s) dict_keys(['latest_only_with_trigger']) retrieved from /home/airflow/.local/lib/python3.7/site-packages/airflow/example_dags/example_latest_only_with_trigger.py
[2023-01-19T20:30:14.230+0000] {logging_mixin.py:137} INFO - [2023-01-19T20:30:14.230+0000] {dag.py:2676} INFO - Sync 1 DAGs
[2023-01-19T20:30:14.275+0000] {logging_mixin.py:137} INFO - [2023-01-19T20:30:14.275+0000] {dag.py:3427} INFO - Setting next_dagrun for latest_only_with_trigger to 2023-01-19T16:30:14.275201+00:00, run_after=2023-01-19T20:30:14.275201+00:00
[2023-01-19T20:30:14.306+0000] {processor.py:175} INFO - Processing /home/airflow/.local/lib/python3.7/site-packages/airflow/example_dags/example_latest_only_with_trigger.py took 0.164 seconds
[2023-01-19T20:30:44.449+0000] {processor.py:153} INFO - Started process (PID=553) to work on /home/airflow/.local/lib/python3.7/site-packages/airflow/example_dags/example_latest_only_with_trigger.py
[2023-01-19T20:30:44.450+0000] {processor.py:743} INFO - Processing file /home/airflow/.local/lib/python3.7/site-packages/airflow/example_dags/example_latest_only_with_trigger.py for tasks to queue
[2023-01-19T20:30:44.450+0000] {logging_mixin.py:137} INFO - [2023-01-19T20:30:44.450+0000] {dagbag.py:538} INFO - Filling up the DagBag from /home/airflow/.local/lib/python3.7/site-packages/airflow/example_dags/example_latest_only_with_trigger.py
[2023-01-19T20:30:44.467+0000] {processor.py:753} INFO - DAG(s) dict_keys(['latest_only_with_trigger']) retrieved from /home/airflow/.local/lib/python3.7/site-packages/airflow/example_dags/example_latest_only_with_trigger.py
[2023-01-19T20:30:44.516+0000] {logging_mixin.py:137} INFO - [2023-01-19T20:30:44.515+0000] {dag.py:2676} INFO - Sync 1 DAGs
[2023-01-19T20:30:44.550+0000] {logging_mixin.py:137} INFO - [2023-01-19T20:30:44.550+0000] {dag.py:3427} INFO - Setting next_dagrun for latest_only_with_trigger to 2023-01-19T16:30:44.550143+00:00, run_after=2023-01-19T20:30:44.550143+00:00
[2023-01-19T20:30:44.578+0000] {processor.py:175} INFO - Processing /home/airflow/.local/lib/python3.7/site-packages/airflow/example_dags/example_latest_only_with_trigger.py took 0.133 seconds
[2023-01-19T20:31:16.078+0000] {processor.py:153} INFO - Started process (PID=625) to work on /home/airflow/.local/lib/python3.7/site-packages/airflow/example_dags/example_latest_only_with_trigger.py
[2023-01-19T20:31:16.083+0000] {processor.py:743} INFO - Processing file /home/airflow/.local/lib/python3.7/site-packages/airflow/example_dags/example_latest_only_with_trigger.py for tasks to queue
[2023-01-19T20:31:16.084+0000] {logging_mixin.py:137} INFO - [2023-01-19T20:31:16.084+0000] {dagbag.py:538} INFO - Filling up the DagBag from /home/airflow/.local/lib/python3.7/site-packages/airflow/example_dags/example_latest_only_with_trigger.py
[2023-01-19T20:31:16.110+0000] {processor.py:753} INFO - DAG(s) dict_keys(['latest_only_with_trigger']) retrieved from /home/airflow/.local/lib/python3.7/site-packages/airflow/example_dags/example_latest_only_with_trigger.py
[2023-01-19T20:31:16.224+0000] {logging_mixin.py:137} INFO - [2023-01-19T20:31:16.224+0000] {dag.py:2676} INFO - Sync 1 DAGs
[2023-01-19T20:31:16.293+0000] {logging_mixin.py:137} INFO - [2023-01-19T20:31:16.293+0000] {dag.py:3427} INFO - Setting next_dagrun for latest_only_with_trigger to 2023-01-19T16:31:16.292710+00:00, run_after=2023-01-19T20:31:16.292710+00:00
[2023-01-19T20:31:16.344+0000] {processor.py:175} INFO - Processing /home/airflow/.local/lib/python3.7/site-packages/airflow/example_dags/example_latest_only_with_trigger.py took 0.272 seconds
[2023-01-19T20:31:46.392+0000] {processor.py:153} INFO - Started process (PID=697) to work on /home/airflow/.local/lib/python3.7/site-packages/airflow/example_dags/example_latest_only_with_trigger.py
[2023-01-19T20:31:46.394+0000] {processor.py:743} INFO - Processing file /home/airflow/.local/lib/python3.7/site-packages/airflow/example_dags/example_latest_only_with_trigger.py for tasks to queue
[2023-01-19T20:31:46.394+0000] {logging_mixin.py:137} INFO - [2023-01-19T20:31:46.394+0000] {dagbag.py:538} INFO - Filling up the DagBag from /home/airflow/.local/lib/python3.7/site-packages/airflow/example_dags/example_latest_only_with_trigger.py
[2023-01-19T20:31:46.412+0000] {processor.py:753} INFO - DAG(s) dict_keys(['latest_only_with_trigger']) retrieved from /home/airflow/.local/lib/python3.7/site-packages/airflow/example_dags/example_latest_only_with_trigger.py
[2023-01-19T20:31:46.460+0000] {logging_mixin.py:137} INFO - [2023-01-19T20:31:46.459+0000] {dag.py:2676} INFO - Sync 1 DAGs
[2023-01-19T20:31:46.492+0000] {logging_mixin.py:137} INFO - [2023-01-19T20:31:46.491+0000] {dag.py:3427} INFO - Setting next_dagrun for latest_only_with_trigger to 2023-01-19T16:31:46.491711+00:00, run_after=2023-01-19T20:31:46.491711+00:00
[2023-01-19T20:31:46.519+0000] {processor.py:175} INFO - Processing /home/airflow/.local/lib/python3.7/site-packages/airflow/example_dags/example_latest_only_with_trigger.py took 0.130 seconds
[2023-01-19T20:32:16.679+0000] {processor.py:153} INFO - Started process (PID=786) to work on /home/airflow/.local/lib/python3.7/site-packages/airflow/example_dags/example_latest_only_with_trigger.py
[2023-01-19T20:32:16.680+0000] {processor.py:743} INFO - Processing file /home/airflow/.local/lib/python3.7/site-packages/airflow/example_dags/example_latest_only_with_trigger.py for tasks to queue
[2023-01-19T20:32:16.681+0000] {logging_mixin.py:137} INFO - [2023-01-19T20:32:16.680+0000] {dagbag.py:538} INFO - Filling up the DagBag from /home/airflow/.local/lib/python3.7/site-packages/airflow/example_dags/example_latest_only_with_trigger.py
[2023-01-19T20:32:16.704+0000] {processor.py:753} INFO - DAG(s) dict_keys(['latest_only_with_trigger']) retrieved from /home/airflow/.local/lib/python3.7/site-packages/airflow/example_dags/example_latest_only_with_trigger.py
[2023-01-19T20:32:16.756+0000] {logging_mixin.py:137} INFO - [2023-01-19T20:32:16.756+0000] {dag.py:2676} INFO - Sync 1 DAGs
[2023-01-19T20:32:16.787+0000] {logging_mixin.py:137} INFO - [2023-01-19T20:32:16.787+0000] {dag.py:3427} INFO - Setting next_dagrun for latest_only_with_trigger to 2023-01-19T16:32:16.787327+00:00, run_after=2023-01-19T20:32:16.787327+00:00
[2023-01-19T20:32:16.815+0000] {processor.py:175} INFO - Processing /home/airflow/.local/lib/python3.7/site-packages/airflow/example_dags/example_latest_only_with_trigger.py took 0.141 seconds
[2023-01-19T20:32:47.156+0000] {processor.py:153} INFO - Started process (PID=858) to work on /home/airflow/.local/lib/python3.7/site-packages/airflow/example_dags/example_latest_only_with_trigger.py
[2023-01-19T20:32:47.157+0000] {processor.py:743} INFO - Processing file /home/airflow/.local/lib/python3.7/site-packages/airflow/example_dags/example_latest_only_with_trigger.py for tasks to queue
[2023-01-19T20:32:47.158+0000] {logging_mixin.py:137} INFO - [2023-01-19T20:32:47.158+0000] {dagbag.py:538} INFO - Filling up the DagBag from /home/airflow/.local/lib/python3.7/site-packages/airflow/example_dags/example_latest_only_with_trigger.py
[2023-01-19T20:32:47.178+0000] {processor.py:753} INFO - DAG(s) dict_keys(['latest_only_with_trigger']) retrieved from /home/airflow/.local/lib/python3.7/site-packages/airflow/example_dags/example_latest_only_with_trigger.py
[2023-01-19T20:32:47.229+0000] {logging_mixin.py:137} INFO - [2023-01-19T20:32:47.228+0000] {dag.py:2676} INFO - Sync 1 DAGs
[2023-01-19T20:32:47.268+0000] {logging_mixin.py:137} INFO - [2023-01-19T20:32:47.268+0000] {dag.py:3427} INFO - Setting next_dagrun for latest_only_with_trigger to 2023-01-19T16:32:47.267768+00:00, run_after=2023-01-19T20:32:47.267768+00:00
[2023-01-19T20:32:47.296+0000] {processor.py:175} INFO - Processing /home/airflow/.local/lib/python3.7/site-packages/airflow/example_dags/example_latest_only_with_trigger.py took 0.144 seconds
[2023-01-19T20:33:17.447+0000] {processor.py:153} INFO - Started process (PID=930) to work on /home/airflow/.local/lib/python3.7/site-packages/airflow/example_dags/example_latest_only_with_trigger.py
[2023-01-19T20:33:17.448+0000] {processor.py:743} INFO - Processing file /home/airflow/.local/lib/python3.7/site-packages/airflow/example_dags/example_latest_only_with_trigger.py for tasks to queue
[2023-01-19T20:33:17.449+0000] {logging_mixin.py:137} INFO - [2023-01-19T20:33:17.449+0000] {dagbag.py:538} INFO - Filling up the DagBag from /home/airflow/.local/lib/python3.7/site-packages/airflow/example_dags/example_latest_only_with_trigger.py
[2023-01-19T20:33:17.476+0000] {processor.py:753} INFO - DAG(s) dict_keys(['latest_only_with_trigger']) retrieved from /home/airflow/.local/lib/python3.7/site-packages/airflow/example_dags/example_latest_only_with_trigger.py
[2023-01-19T20:33:17.534+0000] {logging_mixin.py:137} INFO - [2023-01-19T20:33:17.533+0000] {dag.py:2676} INFO - Sync 1 DAGs
[2023-01-19T20:33:17.571+0000] {logging_mixin.py:137} INFO - [2023-01-19T20:33:17.570+0000] {dag.py:3427} INFO - Setting next_dagrun for latest_only_with_trigger to 2023-01-19T16:33:17.570507+00:00, run_after=2023-01-19T20:33:17.570507+00:00
[2023-01-19T20:33:17.596+0000] {processor.py:175} INFO - Processing /home/airflow/.local/lib/python3.7/site-packages/airflow/example_dags/example_latest_only_with_trigger.py took 0.155 seconds
[2023-01-19T20:33:47.799+0000] {processor.py:153} INFO - Started process (PID=1009) to work on /home/airflow/.local/lib/python3.7/site-packages/airflow/example_dags/example_latest_only_with_trigger.py
[2023-01-19T20:33:47.800+0000] {processor.py:743} INFO - Processing file /home/airflow/.local/lib/python3.7/site-packages/airflow/example_dags/example_latest_only_with_trigger.py for tasks to queue
[2023-01-19T20:33:47.800+0000] {logging_mixin.py:137} INFO - [2023-01-19T20:33:47.800+0000] {dagbag.py:538} INFO - Filling up the DagBag from /home/airflow/.local/lib/python3.7/site-packages/airflow/example_dags/example_latest_only_with_trigger.py
[2023-01-19T20:33:47.818+0000] {processor.py:753} INFO - DAG(s) dict_keys(['latest_only_with_trigger']) retrieved from /home/airflow/.local/lib/python3.7/site-packages/airflow/example_dags/example_latest_only_with_trigger.py
[2023-01-19T20:33:47.868+0000] {logging_mixin.py:137} INFO - [2023-01-19T20:33:47.868+0000] {dag.py:2676} INFO - Sync 1 DAGs
[2023-01-19T20:33:47.910+0000] {logging_mixin.py:137} INFO - [2023-01-19T20:33:47.910+0000] {dag.py:3427} INFO - Setting next_dagrun for latest_only_with_trigger to 2023-01-19T16:33:47.909904+00:00, run_after=2023-01-19T20:33:47.909904+00:00
[2023-01-19T20:33:47.939+0000] {processor.py:175} INFO - Processing /home/airflow/.local/lib/python3.7/site-packages/airflow/example_dags/example_latest_only_with_trigger.py took 0.144 seconds
[2023-01-19T20:34:17.998+0000] {processor.py:153} INFO - Started process (PID=1090) to work on /home/airflow/.local/lib/python3.7/site-packages/airflow/example_dags/example_latest_only_with_trigger.py
[2023-01-19T20:34:17.999+0000] {processor.py:743} INFO - Processing file /home/airflow/.local/lib/python3.7/site-packages/airflow/example_dags/example_latest_only_with_trigger.py for tasks to queue
[2023-01-19T20:34:18.000+0000] {logging_mixin.py:137} INFO - [2023-01-19T20:34:18.000+0000] {dagbag.py:538} INFO - Filling up the DagBag from /home/airflow/.local/lib/python3.7/site-packages/airflow/example_dags/example_latest_only_with_trigger.py
[2023-01-19T20:34:18.019+0000] {processor.py:753} INFO - DAG(s) dict_keys(['latest_only_with_trigger']) retrieved from /home/airflow/.local/lib/python3.7/site-packages/airflow/example_dags/example_latest_only_with_trigger.py
[2023-01-19T20:34:18.071+0000] {logging_mixin.py:137} INFO - [2023-01-19T20:34:18.071+0000] {dag.py:2676} INFO - Sync 1 DAGs
[2023-01-19T20:34:18.115+0000] {logging_mixin.py:137} INFO - [2023-01-19T20:34:18.115+0000] {dag.py:3427} INFO - Setting next_dagrun for latest_only_with_trigger to 2023-01-19T16:34:18.113537+00:00, run_after=2023-01-19T20:34:18.113537+00:00
[2023-01-19T20:34:18.142+0000] {processor.py:175} INFO - Processing /home/airflow/.local/lib/python3.7/site-packages/airflow/example_dags/example_latest_only_with_trigger.py took 0.148 seconds
[2023-01-19T20:34:48.892+0000] {processor.py:153} INFO - Started process (PID=1162) to work on /home/airflow/.local/lib/python3.7/site-packages/airflow/example_dags/example_latest_only_with_trigger.py
[2023-01-19T20:34:48.893+0000] {processor.py:743} INFO - Processing file /home/airflow/.local/lib/python3.7/site-packages/airflow/example_dags/example_latest_only_with_trigger.py for tasks to queue
[2023-01-19T20:34:48.894+0000] {logging_mixin.py:137} INFO - [2023-01-19T20:34:48.894+0000] {dagbag.py:538} INFO - Filling up the DagBag from /home/airflow/.local/lib/python3.7/site-packages/airflow/example_dags/example_latest_only_with_trigger.py
[2023-01-19T20:34:48.911+0000] {processor.py:753} INFO - DAG(s) dict_keys(['latest_only_with_trigger']) retrieved from /home/airflow/.local/lib/python3.7/site-packages/airflow/example_dags/example_latest_only_with_trigger.py
[2023-01-19T20:34:48.966+0000] {logging_mixin.py:137} INFO - [2023-01-19T20:34:48.966+0000] {dag.py:2676} INFO - Sync 1 DAGs
[2023-01-19T20:34:49.002+0000] {logging_mixin.py:137} INFO - [2023-01-19T20:34:49.002+0000] {dag.py:3427} INFO - Setting next_dagrun for latest_only_with_trigger to 2023-01-19T16:34:49.002332+00:00, run_after=2023-01-19T20:34:49.002332+00:00
[2023-01-19T20:34:49.031+0000] {processor.py:175} INFO - Processing /home/airflow/.local/lib/python3.7/site-packages/airflow/example_dags/example_latest_only_with_trigger.py took 0.142 seconds
[2023-01-19T20:35:19.441+0000] {processor.py:153} INFO - Started process (PID=1234) to work on /home/airflow/.local/lib/python3.7/site-packages/airflow/example_dags/example_latest_only_with_trigger.py
[2023-01-19T20:35:19.442+0000] {processor.py:743} INFO - Processing file /home/airflow/.local/lib/python3.7/site-packages/airflow/example_dags/example_latest_only_with_trigger.py for tasks to queue
[2023-01-19T20:35:19.443+0000] {logging_mixin.py:137} INFO - [2023-01-19T20:35:19.443+0000] {dagbag.py:538} INFO - Filling up the DagBag from /home/airflow/.local/lib/python3.7/site-packages/airflow/example_dags/example_latest_only_with_trigger.py
[2023-01-19T20:35:19.461+0000] {processor.py:753} INFO - DAG(s) dict_keys(['latest_only_with_trigger']) retrieved from /home/airflow/.local/lib/python3.7/site-packages/airflow/example_dags/example_latest_only_with_trigger.py
[2023-01-19T20:35:19.508+0000] {logging_mixin.py:137} INFO - [2023-01-19T20:35:19.508+0000] {dag.py:2676} INFO - Sync 1 DAGs
[2023-01-19T20:35:19.540+0000] {logging_mixin.py:137} INFO - [2023-01-19T20:35:19.540+0000] {dag.py:3427} INFO - Setting next_dagrun for latest_only_with_trigger to 2023-01-19T16:35:19.540148+00:00, run_after=2023-01-19T20:35:19.540148+00:00
[2023-01-19T20:35:19.566+0000] {processor.py:175} INFO - Processing /home/airflow/.local/lib/python3.7/site-packages/airflow/example_dags/example_latest_only_with_trigger.py took 0.131 seconds
[2023-01-19T20:35:50.338+0000] {processor.py:153} INFO - Started process (PID=1322) to work on /home/airflow/.local/lib/python3.7/site-packages/airflow/example_dags/example_latest_only_with_trigger.py
[2023-01-19T20:35:50.339+0000] {processor.py:743} INFO - Processing file /home/airflow/.local/lib/python3.7/site-packages/airflow/example_dags/example_latest_only_with_trigger.py for tasks to queue
[2023-01-19T20:35:50.340+0000] {logging_mixin.py:137} INFO - [2023-01-19T20:35:50.339+0000] {dagbag.py:538} INFO - Filling up the DagBag from /home/airflow/.local/lib/python3.7/site-packages/airflow/example_dags/example_latest_only_with_trigger.py
[2023-01-19T20:35:50.362+0000] {processor.py:753} INFO - DAG(s) dict_keys(['latest_only_with_trigger']) retrieved from /home/airflow/.local/lib/python3.7/site-packages/airflow/example_dags/example_latest_only_with_trigger.py
[2023-01-19T20:35:50.416+0000] {logging_mixin.py:137} INFO - [2023-01-19T20:35:50.416+0000] {dag.py:2676} INFO - Sync 1 DAGs
[2023-01-19T20:35:50.450+0000] {logging_mixin.py:137} INFO - [2023-01-19T20:35:50.450+0000] {dag.py:3427} INFO - Setting next_dagrun for latest_only_with_trigger to 2023-01-19T16:35:50.450422+00:00, run_after=2023-01-19T20:35:50.450422+00:00
[2023-01-19T20:35:50.476+0000] {processor.py:175} INFO - Processing /home/airflow/.local/lib/python3.7/site-packages/airflow/example_dags/example_latest_only_with_trigger.py took 0.143 seconds
[2023-01-19T20:36:21.089+0000] {processor.py:153} INFO - Started process (PID=1395) to work on /home/airflow/.local/lib/python3.7/site-packages/airflow/example_dags/example_latest_only_with_trigger.py
[2023-01-19T20:36:21.091+0000] {processor.py:743} INFO - Processing file /home/airflow/.local/lib/python3.7/site-packages/airflow/example_dags/example_latest_only_with_trigger.py for tasks to queue
[2023-01-19T20:36:21.092+0000] {logging_mixin.py:137} INFO - [2023-01-19T20:36:21.091+0000] {dagbag.py:538} INFO - Filling up the DagBag from /home/airflow/.local/lib/python3.7/site-packages/airflow/example_dags/example_latest_only_with_trigger.py
[2023-01-19T20:36:21.111+0000] {processor.py:753} INFO - DAG(s) dict_keys(['latest_only_with_trigger']) retrieved from /home/airflow/.local/lib/python3.7/site-packages/airflow/example_dags/example_latest_only_with_trigger.py
[2023-01-19T20:36:21.164+0000] {logging_mixin.py:137} INFO - [2023-01-19T20:36:21.164+0000] {dag.py:2676} INFO - Sync 1 DAGs
[2023-01-19T20:36:21.214+0000] {logging_mixin.py:137} INFO - [2023-01-19T20:36:21.214+0000] {dag.py:3427} INFO - Setting next_dagrun for latest_only_with_trigger to 2023-01-19T16:36:21.214167+00:00, run_after=2023-01-19T20:36:21.214167+00:00
[2023-01-19T20:36:21.254+0000] {processor.py:175} INFO - Processing /home/airflow/.local/lib/python3.7/site-packages/airflow/example_dags/example_latest_only_with_trigger.py took 0.170 seconds
[2023-01-19T20:36:51.900+0000] {processor.py:153} INFO - Started process (PID=1467) to work on /home/airflow/.local/lib/python3.7/site-packages/airflow/example_dags/example_latest_only_with_trigger.py
[2023-01-19T20:36:51.902+0000] {processor.py:743} INFO - Processing file /home/airflow/.local/lib/python3.7/site-packages/airflow/example_dags/example_latest_only_with_trigger.py for tasks to queue
[2023-01-19T20:36:51.902+0000] {logging_mixin.py:137} INFO - [2023-01-19T20:36:51.902+0000] {dagbag.py:538} INFO - Filling up the DagBag from /home/airflow/.local/lib/python3.7/site-packages/airflow/example_dags/example_latest_only_with_trigger.py
[2023-01-19T20:36:51.921+0000] {processor.py:753} INFO - DAG(s) dict_keys(['latest_only_with_trigger']) retrieved from /home/airflow/.local/lib/python3.7/site-packages/airflow/example_dags/example_latest_only_with_trigger.py
[2023-01-19T20:36:51.981+0000] {logging_mixin.py:137} INFO - [2023-01-19T20:36:51.981+0000] {dag.py:2676} INFO - Sync 1 DAGs
[2023-01-19T20:36:52.020+0000] {logging_mixin.py:137} INFO - [2023-01-19T20:36:52.019+0000] {dag.py:3427} INFO - Setting next_dagrun for latest_only_with_trigger to 2023-01-19T16:36:52.019220+00:00, run_after=2023-01-19T20:36:52.019220+00:00
[2023-01-19T20:36:52.048+0000] {processor.py:175} INFO - Processing /home/airflow/.local/lib/python3.7/site-packages/airflow/example_dags/example_latest_only_with_trigger.py took 0.152 seconds
[2023-01-19T20:37:23.281+0000] {processor.py:153} INFO - Started process (PID=1555) to work on /home/airflow/.local/lib/python3.7/site-packages/airflow/example_dags/example_latest_only_with_trigger.py
[2023-01-19T20:37:23.282+0000] {processor.py:743} INFO - Processing file /home/airflow/.local/lib/python3.7/site-packages/airflow/example_dags/example_latest_only_with_trigger.py for tasks to queue
[2023-01-19T20:37:23.283+0000] {logging_mixin.py:137} INFO - [2023-01-19T20:37:23.283+0000] {dagbag.py:538} INFO - Filling up the DagBag from /home/airflow/.local/lib/python3.7/site-packages/airflow/example_dags/example_latest_only_with_trigger.py
[2023-01-19T20:37:23.306+0000] {processor.py:753} INFO - DAG(s) dict_keys(['latest_only_with_trigger']) retrieved from /home/airflow/.local/lib/python3.7/site-packages/airflow/example_dags/example_latest_only_with_trigger.py
[2023-01-19T20:37:23.359+0000] {logging_mixin.py:137} INFO - [2023-01-19T20:37:23.359+0000] {dag.py:2676} INFO - Sync 1 DAGs
[2023-01-19T20:37:23.394+0000] {logging_mixin.py:137} INFO - [2023-01-19T20:37:23.393+0000] {dag.py:3427} INFO - Setting next_dagrun for latest_only_with_trigger to 2023-01-19T16:37:23.393685+00:00, run_after=2023-01-19T20:37:23.393685+00:00
[2023-01-19T20:37:23.421+0000] {processor.py:175} INFO - Processing /home/airflow/.local/lib/python3.7/site-packages/airflow/example_dags/example_latest_only_with_trigger.py took 0.145 seconds
[2023-01-19T20:37:54.217+0000] {processor.py:153} INFO - Started process (PID=1627) to work on /home/airflow/.local/lib/python3.7/site-packages/airflow/example_dags/example_latest_only_with_trigger.py
[2023-01-19T20:37:54.218+0000] {processor.py:743} INFO - Processing file /home/airflow/.local/lib/python3.7/site-packages/airflow/example_dags/example_latest_only_with_trigger.py for tasks to queue
[2023-01-19T20:37:54.218+0000] {logging_mixin.py:137} INFO - [2023-01-19T20:37:54.218+0000] {dagbag.py:538} INFO - Filling up the DagBag from /home/airflow/.local/lib/python3.7/site-packages/airflow/example_dags/example_latest_only_with_trigger.py
[2023-01-19T20:37:54.238+0000] {processor.py:753} INFO - DAG(s) dict_keys(['latest_only_with_trigger']) retrieved from /home/airflow/.local/lib/python3.7/site-packages/airflow/example_dags/example_latest_only_with_trigger.py
[2023-01-19T20:37:54.287+0000] {logging_mixin.py:137} INFO - [2023-01-19T20:37:54.287+0000] {dag.py:2676} INFO - Sync 1 DAGs
[2023-01-19T20:37:54.321+0000] {logging_mixin.py:137} INFO - [2023-01-19T20:37:54.321+0000] {dag.py:3427} INFO - Setting next_dagrun for latest_only_with_trigger to 2023-01-19T16:37:54.320798+00:00, run_after=2023-01-19T20:37:54.320798+00:00
[2023-01-19T20:37:54.345+0000] {processor.py:175} INFO - Processing /home/airflow/.local/lib/python3.7/site-packages/airflow/example_dags/example_latest_only_with_trigger.py took 0.132 seconds
[2023-01-19T20:38:24.640+0000] {processor.py:153} INFO - Started process (PID=1708) to work on /home/airflow/.local/lib/python3.7/site-packages/airflow/example_dags/example_latest_only_with_trigger.py
[2023-01-19T20:38:24.641+0000] {processor.py:743} INFO - Processing file /home/airflow/.local/lib/python3.7/site-packages/airflow/example_dags/example_latest_only_with_trigger.py for tasks to queue
[2023-01-19T20:38:24.642+0000] {logging_mixin.py:137} INFO - [2023-01-19T20:38:24.642+0000] {dagbag.py:538} INFO - Filling up the DagBag from /home/airflow/.local/lib/python3.7/site-packages/airflow/example_dags/example_latest_only_with_trigger.py
[2023-01-19T20:38:24.660+0000] {processor.py:753} INFO - DAG(s) dict_keys(['latest_only_with_trigger']) retrieved from /home/airflow/.local/lib/python3.7/site-packages/airflow/example_dags/example_latest_only_with_trigger.py
[2023-01-19T20:38:24.709+0000] {logging_mixin.py:137} INFO - [2023-01-19T20:38:24.709+0000] {dag.py:2676} INFO - Sync 1 DAGs
[2023-01-19T20:38:24.751+0000] {logging_mixin.py:137} INFO - [2023-01-19T20:38:24.750+0000] {dag.py:3427} INFO - Setting next_dagrun for latest_only_with_trigger to 2023-01-19T16:38:24.750518+00:00, run_after=2023-01-19T20:38:24.750518+00:00
[2023-01-19T20:38:24.778+0000] {processor.py:175} INFO - Processing /home/airflow/.local/lib/python3.7/site-packages/airflow/example_dags/example_latest_only_with_trigger.py took 0.143 seconds
[2023-01-19T20:38:55.655+0000] {processor.py:153} INFO - Started process (PID=1787) to work on /home/airflow/.local/lib/python3.7/site-packages/airflow/example_dags/example_latest_only_with_trigger.py
[2023-01-19T20:38:55.657+0000] {processor.py:743} INFO - Processing file /home/airflow/.local/lib/python3.7/site-packages/airflow/example_dags/example_latest_only_with_trigger.py for tasks to queue
[2023-01-19T20:38:55.658+0000] {logging_mixin.py:137} INFO - [2023-01-19T20:38:55.658+0000] {dagbag.py:538} INFO - Filling up the DagBag from /home/airflow/.local/lib/python3.7/site-packages/airflow/example_dags/example_latest_only_with_trigger.py
[2023-01-19T20:38:55.677+0000] {processor.py:753} INFO - DAG(s) dict_keys(['latest_only_with_trigger']) retrieved from /home/airflow/.local/lib/python3.7/site-packages/airflow/example_dags/example_latest_only_with_trigger.py
[2023-01-19T20:38:55.734+0000] {logging_mixin.py:137} INFO - [2023-01-19T20:38:55.734+0000] {dag.py:2676} INFO - Sync 1 DAGs
[2023-01-19T20:38:55.769+0000] {logging_mixin.py:137} INFO - [2023-01-19T20:38:55.769+0000] {dag.py:3427} INFO - Setting next_dagrun for latest_only_with_trigger to 2023-01-19T16:38:55.769576+00:00, run_after=2023-01-19T20:38:55.769576+00:00
[2023-01-19T20:38:55.805+0000] {processor.py:175} INFO - Processing /home/airflow/.local/lib/python3.7/site-packages/airflow/example_dags/example_latest_only_with_trigger.py took 0.154 seconds
[2023-01-19T20:39:25.985+0000] {processor.py:153} INFO - Started process (PID=1859) to work on /home/airflow/.local/lib/python3.7/site-packages/airflow/example_dags/example_latest_only_with_trigger.py
[2023-01-19T20:39:25.986+0000] {processor.py:743} INFO - Processing file /home/airflow/.local/lib/python3.7/site-packages/airflow/example_dags/example_latest_only_with_trigger.py for tasks to queue
[2023-01-19T20:39:25.987+0000] {logging_mixin.py:137} INFO - [2023-01-19T20:39:25.987+0000] {dagbag.py:538} INFO - Filling up the DagBag from /home/airflow/.local/lib/python3.7/site-packages/airflow/example_dags/example_latest_only_with_trigger.py
[2023-01-19T20:39:26.005+0000] {processor.py:753} INFO - DAG(s) dict_keys(['latest_only_with_trigger']) retrieved from /home/airflow/.local/lib/python3.7/site-packages/airflow/example_dags/example_latest_only_with_trigger.py
[2023-01-19T20:39:26.055+0000] {logging_mixin.py:137} INFO - [2023-01-19T20:39:26.055+0000] {dag.py:2676} INFO - Sync 1 DAGs
[2023-01-19T20:39:26.092+0000] {logging_mixin.py:137} INFO - [2023-01-19T20:39:26.092+0000] {dag.py:3427} INFO - Setting next_dagrun for latest_only_with_trigger to 2023-01-19T16:39:26.092222+00:00, run_after=2023-01-19T20:39:26.092222+00:00
[2023-01-19T20:39:26.118+0000] {processor.py:175} INFO - Processing /home/airflow/.local/lib/python3.7/site-packages/airflow/example_dags/example_latest_only_with_trigger.py took 0.137 seconds
[2023-01-19T20:39:56.260+0000] {processor.py:153} INFO - Started process (PID=1931) to work on /home/airflow/.local/lib/python3.7/site-packages/airflow/example_dags/example_latest_only_with_trigger.py
[2023-01-19T20:39:56.262+0000] {processor.py:743} INFO - Processing file /home/airflow/.local/lib/python3.7/site-packages/airflow/example_dags/example_latest_only_with_trigger.py for tasks to queue
[2023-01-19T20:39:56.263+0000] {logging_mixin.py:137} INFO - [2023-01-19T20:39:56.263+0000] {dagbag.py:538} INFO - Filling up the DagBag from /home/airflow/.local/lib/python3.7/site-packages/airflow/example_dags/example_latest_only_with_trigger.py
[2023-01-19T20:39:56.283+0000] {processor.py:753} INFO - DAG(s) dict_keys(['latest_only_with_trigger']) retrieved from /home/airflow/.local/lib/python3.7/site-packages/airflow/example_dags/example_latest_only_with_trigger.py
[2023-01-19T20:39:56.339+0000] {logging_mixin.py:137} INFO - [2023-01-19T20:39:56.339+0000] {dag.py:2676} INFO - Sync 1 DAGs
[2023-01-19T20:39:56.388+0000] {logging_mixin.py:137} INFO - [2023-01-19T20:39:56.387+0000] {dag.py:3427} INFO - Setting next_dagrun for latest_only_with_trigger to 2023-01-19T16:39:56.387545+00:00, run_after=2023-01-19T20:39:56.387545+00:00
[2023-01-19T20:39:56.417+0000] {processor.py:175} INFO - Processing /home/airflow/.local/lib/python3.7/site-packages/airflow/example_dags/example_latest_only_with_trigger.py took 0.161 seconds
[2023-01-19T20:40:26.594+0000] {processor.py:153} INFO - Started process (PID=2020) to work on /home/airflow/.local/lib/python3.7/site-packages/airflow/example_dags/example_latest_only_with_trigger.py
[2023-01-19T20:40:26.595+0000] {processor.py:743} INFO - Processing file /home/airflow/.local/lib/python3.7/site-packages/airflow/example_dags/example_latest_only_with_trigger.py for tasks to queue
[2023-01-19T20:40:26.596+0000] {logging_mixin.py:137} INFO - [2023-01-19T20:40:26.595+0000] {dagbag.py:538} INFO - Filling up the DagBag from /home/airflow/.local/lib/python3.7/site-packages/airflow/example_dags/example_latest_only_with_trigger.py
[2023-01-19T20:40:26.614+0000] {processor.py:753} INFO - DAG(s) dict_keys(['latest_only_with_trigger']) retrieved from /home/airflow/.local/lib/python3.7/site-packages/airflow/example_dags/example_latest_only_with_trigger.py
[2023-01-19T20:40:26.666+0000] {logging_mixin.py:137} INFO - [2023-01-19T20:40:26.665+0000] {dag.py:2676} INFO - Sync 1 DAGs
[2023-01-19T20:40:26.712+0000] {logging_mixin.py:137} INFO - [2023-01-19T20:40:26.712+0000] {dag.py:3427} INFO - Setting next_dagrun for latest_only_with_trigger to 2023-01-19T16:40:26.711701+00:00, run_after=2023-01-19T20:40:26.711701+00:00
[2023-01-19T20:40:26.744+0000] {processor.py:175} INFO - Processing /home/airflow/.local/lib/python3.7/site-packages/airflow/example_dags/example_latest_only_with_trigger.py took 0.155 seconds
[2023-01-19T20:40:56.961+0000] {processor.py:153} INFO - Started process (PID=2092) to work on /home/airflow/.local/lib/python3.7/site-packages/airflow/example_dags/example_latest_only_with_trigger.py
[2023-01-19T20:40:56.962+0000] {processor.py:743} INFO - Processing file /home/airflow/.local/lib/python3.7/site-packages/airflow/example_dags/example_latest_only_with_trigger.py for tasks to queue
[2023-01-19T20:40:56.963+0000] {logging_mixin.py:137} INFO - [2023-01-19T20:40:56.963+0000] {dagbag.py:538} INFO - Filling up the DagBag from /home/airflow/.local/lib/python3.7/site-packages/airflow/example_dags/example_latest_only_with_trigger.py
[2023-01-19T20:40:56.982+0000] {processor.py:753} INFO - DAG(s) dict_keys(['latest_only_with_trigger']) retrieved from /home/airflow/.local/lib/python3.7/site-packages/airflow/example_dags/example_latest_only_with_trigger.py
[2023-01-19T20:40:57.036+0000] {logging_mixin.py:137} INFO - [2023-01-19T20:40:57.036+0000] {dag.py:2676} INFO - Sync 1 DAGs
[2023-01-19T20:40:57.070+0000] {logging_mixin.py:137} INFO - [2023-01-19T20:40:57.070+0000] {dag.py:3427} INFO - Setting next_dagrun for latest_only_with_trigger to 2023-01-19T16:40:57.069982+00:00, run_after=2023-01-19T20:40:57.069982+00:00
[2023-01-19T20:40:57.099+0000] {processor.py:175} INFO - Processing /home/airflow/.local/lib/python3.7/site-packages/airflow/example_dags/example_latest_only_with_trigger.py took 0.142 seconds
[2023-01-19T20:41:27.309+0000] {processor.py:153} INFO - Started process (PID=2164) to work on /home/airflow/.local/lib/python3.7/site-packages/airflow/example_dags/example_latest_only_with_trigger.py
[2023-01-19T20:41:27.310+0000] {processor.py:743} INFO - Processing file /home/airflow/.local/lib/python3.7/site-packages/airflow/example_dags/example_latest_only_with_trigger.py for tasks to queue
[2023-01-19T20:41:27.311+0000] {logging_mixin.py:137} INFO - [2023-01-19T20:41:27.311+0000] {dagbag.py:538} INFO - Filling up the DagBag from /home/airflow/.local/lib/python3.7/site-packages/airflow/example_dags/example_latest_only_with_trigger.py
[2023-01-19T20:41:27.329+0000] {processor.py:753} INFO - DAG(s) dict_keys(['latest_only_with_trigger']) retrieved from /home/airflow/.local/lib/python3.7/site-packages/airflow/example_dags/example_latest_only_with_trigger.py
[2023-01-19T20:41:27.376+0000] {logging_mixin.py:137} INFO - [2023-01-19T20:41:27.376+0000] {dag.py:2676} INFO - Sync 1 DAGs
[2023-01-19T20:41:27.413+0000] {logging_mixin.py:137} INFO - [2023-01-19T20:41:27.413+0000] {dag.py:3427} INFO - Setting next_dagrun for latest_only_with_trigger to 2023-01-19T16:41:27.412975+00:00, run_after=2023-01-19T20:41:27.412975+00:00
[2023-01-19T20:41:27.439+0000] {processor.py:175} INFO - Processing /home/airflow/.local/lib/python3.7/site-packages/airflow/example_dags/example_latest_only_with_trigger.py took 0.134 seconds
[2023-01-19T20:41:58.317+0000] {processor.py:153} INFO - Started process (PID=2245) to work on /home/airflow/.local/lib/python3.7/site-packages/airflow/example_dags/example_latest_only_with_trigger.py
[2023-01-19T20:41:58.318+0000] {processor.py:743} INFO - Processing file /home/airflow/.local/lib/python3.7/site-packages/airflow/example_dags/example_latest_only_with_trigger.py for tasks to queue
[2023-01-19T20:41:58.319+0000] {logging_mixin.py:137} INFO - [2023-01-19T20:41:58.319+0000] {dagbag.py:538} INFO - Filling up the DagBag from /home/airflow/.local/lib/python3.7/site-packages/airflow/example_dags/example_latest_only_with_trigger.py
[2023-01-19T20:41:58.342+0000] {processor.py:753} INFO - DAG(s) dict_keys(['latest_only_with_trigger']) retrieved from /home/airflow/.local/lib/python3.7/site-packages/airflow/example_dags/example_latest_only_with_trigger.py
[2023-01-19T20:41:58.405+0000] {logging_mixin.py:137} INFO - [2023-01-19T20:41:58.402+0000] {dag.py:2676} INFO - Sync 1 DAGs
[2023-01-19T20:41:58.504+0000] {logging_mixin.py:137} INFO - [2023-01-19T20:41:58.503+0000] {dag.py:3427} INFO - Setting next_dagrun for latest_only_with_trigger to 2023-01-19T16:41:58.503426+00:00, run_after=2023-01-19T20:41:58.503426+00:00
[2023-01-19T20:41:58.536+0000] {processor.py:175} INFO - Processing /home/airflow/.local/lib/python3.7/site-packages/airflow/example_dags/example_latest_only_with_trigger.py took 0.223 seconds
[2023-01-19T20:42:28.952+0000] {processor.py:153} INFO - Started process (PID=2324) to work on /home/airflow/.local/lib/python3.7/site-packages/airflow/example_dags/example_latest_only_with_trigger.py
[2023-01-19T20:42:28.953+0000] {processor.py:743} INFO - Processing file /home/airflow/.local/lib/python3.7/site-packages/airflow/example_dags/example_latest_only_with_trigger.py for tasks to queue
[2023-01-19T20:42:28.954+0000] {logging_mixin.py:137} INFO - [2023-01-19T20:42:28.954+0000] {dagbag.py:538} INFO - Filling up the DagBag from /home/airflow/.local/lib/python3.7/site-packages/airflow/example_dags/example_latest_only_with_trigger.py
[2023-01-19T20:42:28.971+0000] {processor.py:753} INFO - DAG(s) dict_keys(['latest_only_with_trigger']) retrieved from /home/airflow/.local/lib/python3.7/site-packages/airflow/example_dags/example_latest_only_with_trigger.py
[2023-01-19T20:42:29.025+0000] {logging_mixin.py:137} INFO - [2023-01-19T20:42:29.025+0000] {dag.py:2676} INFO - Sync 1 DAGs
[2023-01-19T20:42:29.064+0000] {logging_mixin.py:137} INFO - [2023-01-19T20:42:29.063+0000] {dag.py:3427} INFO - Setting next_dagrun for latest_only_with_trigger to 2023-01-19T16:42:29.063724+00:00, run_after=2023-01-19T20:42:29.063724+00:00
[2023-01-19T20:42:29.099+0000] {processor.py:175} INFO - Processing /home/airflow/.local/lib/python3.7/site-packages/airflow/example_dags/example_latest_only_with_trigger.py took 0.151 seconds
[2023-01-19T20:42:59.639+0000] {processor.py:153} INFO - Started process (PID=2396) to work on /home/airflow/.local/lib/python3.7/site-packages/airflow/example_dags/example_latest_only_with_trigger.py
[2023-01-19T20:42:59.640+0000] {processor.py:743} INFO - Processing file /home/airflow/.local/lib/python3.7/site-packages/airflow/example_dags/example_latest_only_with_trigger.py for tasks to queue
[2023-01-19T20:42:59.641+0000] {logging_mixin.py:137} INFO - [2023-01-19T20:42:59.641+0000] {dagbag.py:538} INFO - Filling up the DagBag from /home/airflow/.local/lib/python3.7/site-packages/airflow/example_dags/example_latest_only_with_trigger.py
[2023-01-19T20:42:59.658+0000] {processor.py:753} INFO - DAG(s) dict_keys(['latest_only_with_trigger']) retrieved from /home/airflow/.local/lib/python3.7/site-packages/airflow/example_dags/example_latest_only_with_trigger.py
[2023-01-19T20:42:59.708+0000] {logging_mixin.py:137} INFO - [2023-01-19T20:42:59.707+0000] {dag.py:2676} INFO - Sync 1 DAGs
[2023-01-19T20:42:59.741+0000] {logging_mixin.py:137} INFO - [2023-01-19T20:42:59.741+0000] {dag.py:3427} INFO - Setting next_dagrun for latest_only_with_trigger to 2023-01-19T16:42:59.741446+00:00, run_after=2023-01-19T20:42:59.741446+00:00
[2023-01-19T20:42:59.774+0000] {processor.py:175} INFO - Processing /home/airflow/.local/lib/python3.7/site-packages/airflow/example_dags/example_latest_only_with_trigger.py took 0.139 seconds
[2023-01-19T20:43:30.084+0000] {processor.py:153} INFO - Started process (PID=2469) to work on /home/airflow/.local/lib/python3.7/site-packages/airflow/example_dags/example_latest_only_with_trigger.py
[2023-01-19T20:43:30.084+0000] {processor.py:743} INFO - Processing file /home/airflow/.local/lib/python3.7/site-packages/airflow/example_dags/example_latest_only_with_trigger.py for tasks to queue
[2023-01-19T20:43:30.085+0000] {logging_mixin.py:137} INFO - [2023-01-19T20:43:30.085+0000] {dagbag.py:538} INFO - Filling up the DagBag from /home/airflow/.local/lib/python3.7/site-packages/airflow/example_dags/example_latest_only_with_trigger.py
[2023-01-19T20:43:30.103+0000] {processor.py:753} INFO - DAG(s) dict_keys(['latest_only_with_trigger']) retrieved from /home/airflow/.local/lib/python3.7/site-packages/airflow/example_dags/example_latest_only_with_trigger.py
[2023-01-19T20:43:30.156+0000] {logging_mixin.py:137} INFO - [2023-01-19T20:43:30.156+0000] {dag.py:2676} INFO - Sync 1 DAGs
[2023-01-19T20:43:30.191+0000] {logging_mixin.py:137} INFO - [2023-01-19T20:43:30.191+0000] {dag.py:3427} INFO - Setting next_dagrun for latest_only_with_trigger to 2023-01-19T16:43:30.191142+00:00, run_after=2023-01-19T20:43:30.191142+00:00
[2023-01-19T20:43:30.220+0000] {processor.py:175} INFO - Processing /home/airflow/.local/lib/python3.7/site-packages/airflow/example_dags/example_latest_only_with_trigger.py took 0.141 seconds
[2023-01-19T20:44:00.842+0000] {processor.py:153} INFO - Started process (PID=2558) to work on /home/airflow/.local/lib/python3.7/site-packages/airflow/example_dags/example_latest_only_with_trigger.py
[2023-01-19T20:44:00.843+0000] {processor.py:743} INFO - Processing file /home/airflow/.local/lib/python3.7/site-packages/airflow/example_dags/example_latest_only_with_trigger.py for tasks to queue
[2023-01-19T20:44:00.843+0000] {logging_mixin.py:137} INFO - [2023-01-19T20:44:00.843+0000] {dagbag.py:538} INFO - Filling up the DagBag from /home/airflow/.local/lib/python3.7/site-packages/airflow/example_dags/example_latest_only_with_trigger.py
[2023-01-19T20:44:00.862+0000] {processor.py:753} INFO - DAG(s) dict_keys(['latest_only_with_trigger']) retrieved from /home/airflow/.local/lib/python3.7/site-packages/airflow/example_dags/example_latest_only_with_trigger.py
[2023-01-19T20:44:00.908+0000] {logging_mixin.py:137} INFO - [2023-01-19T20:44:00.908+0000] {dag.py:2676} INFO - Sync 1 DAGs
[2023-01-19T20:44:00.942+0000] {logging_mixin.py:137} INFO - [2023-01-19T20:44:00.942+0000] {dag.py:3427} INFO - Setting next_dagrun for latest_only_with_trigger to 2023-01-19T16:44:00.941968+00:00, run_after=2023-01-19T20:44:00.941968+00:00
[2023-01-19T20:44:00.970+0000] {processor.py:175} INFO - Processing /home/airflow/.local/lib/python3.7/site-packages/airflow/example_dags/example_latest_only_with_trigger.py took 0.133 seconds
[2023-01-19T20:44:31.279+0000] {processor.py:153} INFO - Started process (PID=2630) to work on /home/airflow/.local/lib/python3.7/site-packages/airflow/example_dags/example_latest_only_with_trigger.py
[2023-01-19T20:44:31.280+0000] {processor.py:743} INFO - Processing file /home/airflow/.local/lib/python3.7/site-packages/airflow/example_dags/example_latest_only_with_trigger.py for tasks to queue
[2023-01-19T20:44:31.281+0000] {logging_mixin.py:137} INFO - [2023-01-19T20:44:31.281+0000] {dagbag.py:538} INFO - Filling up the DagBag from /home/airflow/.local/lib/python3.7/site-packages/airflow/example_dags/example_latest_only_with_trigger.py
[2023-01-19T20:44:31.300+0000] {processor.py:753} INFO - DAG(s) dict_keys(['latest_only_with_trigger']) retrieved from /home/airflow/.local/lib/python3.7/site-packages/airflow/example_dags/example_latest_only_with_trigger.py
[2023-01-19T20:44:31.353+0000] {logging_mixin.py:137} INFO - [2023-01-19T20:44:31.352+0000] {dag.py:2676} INFO - Sync 1 DAGs
[2023-01-19T20:44:31.390+0000] {logging_mixin.py:137} INFO - [2023-01-19T20:44:31.389+0000] {dag.py:3427} INFO - Setting next_dagrun for latest_only_with_trigger to 2023-01-19T16:44:31.389430+00:00, run_after=2023-01-19T20:44:31.389430+00:00
[2023-01-19T20:44:31.438+0000] {processor.py:175} INFO - Processing /home/airflow/.local/lib/python3.7/site-packages/airflow/example_dags/example_latest_only_with_trigger.py took 0.163 seconds
[2023-01-19T20:45:01.892+0000] {processor.py:153} INFO - Started process (PID=2703) to work on /home/airflow/.local/lib/python3.7/site-packages/airflow/example_dags/example_latest_only_with_trigger.py
[2023-01-19T20:45:01.893+0000] {processor.py:743} INFO - Processing file /home/airflow/.local/lib/python3.7/site-packages/airflow/example_dags/example_latest_only_with_trigger.py for tasks to queue
[2023-01-19T20:45:01.894+0000] {logging_mixin.py:137} INFO - [2023-01-19T20:45:01.893+0000] {dagbag.py:538} INFO - Filling up the DagBag from /home/airflow/.local/lib/python3.7/site-packages/airflow/example_dags/example_latest_only_with_trigger.py
[2023-01-19T20:45:01.914+0000] {processor.py:753} INFO - DAG(s) dict_keys(['latest_only_with_trigger']) retrieved from /home/airflow/.local/lib/python3.7/site-packages/airflow/example_dags/example_latest_only_with_trigger.py
[2023-01-19T20:45:01.971+0000] {logging_mixin.py:137} INFO - [2023-01-19T20:45:01.970+0000] {dag.py:2676} INFO - Sync 1 DAGs
[2023-01-19T20:45:02.004+0000] {logging_mixin.py:137} INFO - [2023-01-19T20:45:02.004+0000] {dag.py:3427} INFO - Setting next_dagrun for latest_only_with_trigger to 2023-01-19T16:45:02.003595+00:00, run_after=2023-01-19T20:45:02.003595+00:00
[2023-01-19T20:45:02.031+0000] {processor.py:175} INFO - Processing /home/airflow/.local/lib/python3.7/site-packages/airflow/example_dags/example_latest_only_with_trigger.py took 0.144 seconds
[2023-01-19T20:45:32.498+0000] {processor.py:153} INFO - Started process (PID=2791) to work on /home/airflow/.local/lib/python3.7/site-packages/airflow/example_dags/example_latest_only_with_trigger.py
[2023-01-19T20:45:32.500+0000] {processor.py:743} INFO - Processing file /home/airflow/.local/lib/python3.7/site-packages/airflow/example_dags/example_latest_only_with_trigger.py for tasks to queue
[2023-01-19T20:45:32.501+0000] {logging_mixin.py:137} INFO - [2023-01-19T20:45:32.500+0000] {dagbag.py:538} INFO - Filling up the DagBag from /home/airflow/.local/lib/python3.7/site-packages/airflow/example_dags/example_latest_only_with_trigger.py
[2023-01-19T20:45:32.519+0000] {processor.py:753} INFO - DAG(s) dict_keys(['latest_only_with_trigger']) retrieved from /home/airflow/.local/lib/python3.7/site-packages/airflow/example_dags/example_latest_only_with_trigger.py
[2023-01-19T20:45:32.573+0000] {logging_mixin.py:137} INFO - [2023-01-19T20:45:32.573+0000] {dag.py:2676} INFO - Sync 1 DAGs
[2023-01-19T20:45:32.613+0000] {logging_mixin.py:137} INFO - [2023-01-19T20:45:32.612+0000] {dag.py:3427} INFO - Setting next_dagrun for latest_only_with_trigger to 2023-01-19T16:45:32.612595+00:00, run_after=2023-01-19T20:45:32.612595+00:00
[2023-01-19T20:45:32.644+0000] {processor.py:175} INFO - Processing /home/airflow/.local/lib/python3.7/site-packages/airflow/example_dags/example_latest_only_with_trigger.py took 0.151 seconds
[2023-01-19T20:46:03.067+0000] {processor.py:153} INFO - Started process (PID=2863) to work on /home/airflow/.local/lib/python3.7/site-packages/airflow/example_dags/example_latest_only_with_trigger.py
[2023-01-19T20:46:03.068+0000] {processor.py:743} INFO - Processing file /home/airflow/.local/lib/python3.7/site-packages/airflow/example_dags/example_latest_only_with_trigger.py for tasks to queue
[2023-01-19T20:46:03.069+0000] {logging_mixin.py:137} INFO - [2023-01-19T20:46:03.069+0000] {dagbag.py:538} INFO - Filling up the DagBag from /home/airflow/.local/lib/python3.7/site-packages/airflow/example_dags/example_latest_only_with_trigger.py
[2023-01-19T20:46:03.087+0000] {processor.py:753} INFO - DAG(s) dict_keys(['latest_only_with_trigger']) retrieved from /home/airflow/.local/lib/python3.7/site-packages/airflow/example_dags/example_latest_only_with_trigger.py
[2023-01-19T20:46:03.138+0000] {logging_mixin.py:137} INFO - [2023-01-19T20:46:03.138+0000] {dag.py:2676} INFO - Sync 1 DAGs
[2023-01-19T20:46:03.178+0000] {logging_mixin.py:137} INFO - [2023-01-19T20:46:03.177+0000] {dag.py:3427} INFO - Setting next_dagrun for latest_only_with_trigger to 2023-01-19T16:46:03.177471+00:00, run_after=2023-01-19T20:46:03.177471+00:00
[2023-01-19T20:46:03.209+0000] {processor.py:175} INFO - Processing /home/airflow/.local/lib/python3.7/site-packages/airflow/example_dags/example_latest_only_with_trigger.py took 0.147 seconds
[2023-01-19T20:46:33.635+0000] {processor.py:153} INFO - Started process (PID=2935) to work on /home/airflow/.local/lib/python3.7/site-packages/airflow/example_dags/example_latest_only_with_trigger.py
[2023-01-19T20:46:33.637+0000] {processor.py:743} INFO - Processing file /home/airflow/.local/lib/python3.7/site-packages/airflow/example_dags/example_latest_only_with_trigger.py for tasks to queue
[2023-01-19T20:46:33.637+0000] {logging_mixin.py:137} INFO - [2023-01-19T20:46:33.637+0000] {dagbag.py:538} INFO - Filling up the DagBag from /home/airflow/.local/lib/python3.7/site-packages/airflow/example_dags/example_latest_only_with_trigger.py
[2023-01-19T20:46:33.655+0000] {processor.py:753} INFO - DAG(s) dict_keys(['latest_only_with_trigger']) retrieved from /home/airflow/.local/lib/python3.7/site-packages/airflow/example_dags/example_latest_only_with_trigger.py
[2023-01-19T20:46:33.703+0000] {logging_mixin.py:137} INFO - [2023-01-19T20:46:33.703+0000] {dag.py:2676} INFO - Sync 1 DAGs
[2023-01-19T20:46:33.735+0000] {logging_mixin.py:137} INFO - [2023-01-19T20:46:33.735+0000] {dag.py:3427} INFO - Setting next_dagrun for latest_only_with_trigger to 2023-01-19T16:46:33.735249+00:00, run_after=2023-01-19T20:46:33.735249+00:00
[2023-01-19T20:46:33.761+0000] {processor.py:175} INFO - Processing /home/airflow/.local/lib/python3.7/site-packages/airflow/example_dags/example_latest_only_with_trigger.py took 0.130 seconds
[2023-01-19T20:47:04.130+0000] {processor.py:153} INFO - Started process (PID=3016) to work on /home/airflow/.local/lib/python3.7/site-packages/airflow/example_dags/example_latest_only_with_trigger.py
[2023-01-19T20:47:04.132+0000] {processor.py:743} INFO - Processing file /home/airflow/.local/lib/python3.7/site-packages/airflow/example_dags/example_latest_only_with_trigger.py for tasks to queue
[2023-01-19T20:47:04.133+0000] {logging_mixin.py:137} INFO - [2023-01-19T20:47:04.133+0000] {dagbag.py:538} INFO - Filling up the DagBag from /home/airflow/.local/lib/python3.7/site-packages/airflow/example_dags/example_latest_only_with_trigger.py
[2023-01-19T20:47:04.156+0000] {processor.py:753} INFO - DAG(s) dict_keys(['latest_only_with_trigger']) retrieved from /home/airflow/.local/lib/python3.7/site-packages/airflow/example_dags/example_latest_only_with_trigger.py
[2023-01-19T20:47:04.224+0000] {logging_mixin.py:137} INFO - [2023-01-19T20:47:04.224+0000] {dag.py:2676} INFO - Sync 1 DAGs
[2023-01-19T20:47:04.275+0000] {logging_mixin.py:137} INFO - [2023-01-19T20:47:04.275+0000] {dag.py:3427} INFO - Setting next_dagrun for latest_only_with_trigger to 2023-01-19T16:47:04.274711+00:00, run_after=2023-01-19T20:47:04.274711+00:00
[2023-01-19T20:47:04.313+0000] {processor.py:175} INFO - Processing /home/airflow/.local/lib/python3.7/site-packages/airflow/example_dags/example_latest_only_with_trigger.py took 0.187 seconds
