[2023-01-19T20:21:29.963+0000] {processor.py:153} INFO - Started process (PID=68) to work on /home/airflow/.local/lib/python3.7/site-packages/airflow/example_dags/example_sensors.py
[2023-01-19T20:21:29.965+0000] {processor.py:743} INFO - Processing file /home/airflow/.local/lib/python3.7/site-packages/airflow/example_dags/example_sensors.py for tasks to queue
[2023-01-19T20:21:29.968+0000] {logging_mixin.py:137} INFO - [2023-01-19T20:21:29.968+0000] {dagbag.py:538} INFO - Filling up the DagBag from /home/airflow/.local/lib/python3.7/site-packages/airflow/example_dags/example_sensors.py
[2023-01-19T20:21:30.021+0000] {processor.py:753} INFO - DAG(s) dict_keys(['example_sensors']) retrieved from /home/airflow/.local/lib/python3.7/site-packages/airflow/example_dags/example_sensors.py
[2023-01-19T20:21:30.077+0000] {logging_mixin.py:137} INFO - [2023-01-19T20:21:30.077+0000] {dag.py:2676} INFO - Sync 1 DAGs
[2023-01-19T20:21:30.134+0000] {logging_mixin.py:137} INFO - [2023-01-19T20:21:30.134+0000] {dag.py:3427} INFO - Setting next_dagrun for example_sensors to None, run_after=None
[2023-01-19T20:21:30.163+0000] {processor.py:175} INFO - Processing /home/airflow/.local/lib/python3.7/site-packages/airflow/example_dags/example_sensors.py took 0.208 seconds
[2023-01-19T20:22:47.152+0000] {processor.py:153} INFO - Started process (PID=61) to work on /home/airflow/.local/lib/python3.7/site-packages/airflow/example_dags/example_sensors.py
[2023-01-19T20:22:47.159+0000] {processor.py:743} INFO - Processing file /home/airflow/.local/lib/python3.7/site-packages/airflow/example_dags/example_sensors.py for tasks to queue
[2023-01-19T20:22:47.161+0000] {logging_mixin.py:137} INFO - [2023-01-19T20:22:47.160+0000] {dagbag.py:538} INFO - Filling up the DagBag from /home/airflow/.local/lib/python3.7/site-packages/airflow/example_dags/example_sensors.py
[2023-01-19T20:22:47.212+0000] {processor.py:753} INFO - DAG(s) dict_keys(['example_sensors']) retrieved from /home/airflow/.local/lib/python3.7/site-packages/airflow/example_dags/example_sensors.py
[2023-01-19T20:22:47.342+0000] {logging_mixin.py:137} INFO - [2023-01-19T20:22:47.341+0000] {dag.py:2676} INFO - Sync 1 DAGs
[2023-01-19T20:22:47.431+0000] {logging_mixin.py:137} INFO - [2023-01-19T20:22:47.430+0000] {dag.py:3427} INFO - Setting next_dagrun for example_sensors to None, run_after=None
[2023-01-19T20:22:47.504+0000] {processor.py:175} INFO - Processing /home/airflow/.local/lib/python3.7/site-packages/airflow/example_dags/example_sensors.py took 0.360 seconds
[2023-01-19T20:23:17.710+0000] {processor.py:153} INFO - Started process (PID=141) to work on /home/airflow/.local/lib/python3.7/site-packages/airflow/example_dags/example_sensors.py
[2023-01-19T20:23:17.712+0000] {processor.py:743} INFO - Processing file /home/airflow/.local/lib/python3.7/site-packages/airflow/example_dags/example_sensors.py for tasks to queue
[2023-01-19T20:23:17.713+0000] {logging_mixin.py:137} INFO - [2023-01-19T20:23:17.712+0000] {dagbag.py:538} INFO - Filling up the DagBag from /home/airflow/.local/lib/python3.7/site-packages/airflow/example_dags/example_sensors.py
[2023-01-19T20:23:17.743+0000] {processor.py:753} INFO - DAG(s) dict_keys(['example_sensors']) retrieved from /home/airflow/.local/lib/python3.7/site-packages/airflow/example_dags/example_sensors.py
[2023-01-19T20:23:17.802+0000] {logging_mixin.py:137} INFO - [2023-01-19T20:23:17.802+0000] {dag.py:2676} INFO - Sync 1 DAGs
[2023-01-19T20:23:17.836+0000] {logging_mixin.py:137} INFO - [2023-01-19T20:23:17.835+0000] {dag.py:3427} INFO - Setting next_dagrun for example_sensors to None, run_after=None
[2023-01-19T20:23:17.863+0000] {processor.py:175} INFO - Processing /home/airflow/.local/lib/python3.7/site-packages/airflow/example_dags/example_sensors.py took 0.157 seconds
[2023-01-19T20:23:47.961+0000] {processor.py:153} INFO - Started process (PID=213) to work on /home/airflow/.local/lib/python3.7/site-packages/airflow/example_dags/example_sensors.py
[2023-01-19T20:23:47.962+0000] {processor.py:743} INFO - Processing file /home/airflow/.local/lib/python3.7/site-packages/airflow/example_dags/example_sensors.py for tasks to queue
[2023-01-19T20:23:47.963+0000] {logging_mixin.py:137} INFO - [2023-01-19T20:23:47.963+0000] {dagbag.py:538} INFO - Filling up the DagBag from /home/airflow/.local/lib/python3.7/site-packages/airflow/example_dags/example_sensors.py
[2023-01-19T20:23:47.986+0000] {processor.py:753} INFO - DAG(s) dict_keys(['example_sensors']) retrieved from /home/airflow/.local/lib/python3.7/site-packages/airflow/example_dags/example_sensors.py
[2023-01-19T20:23:48.033+0000] {logging_mixin.py:137} INFO - [2023-01-19T20:23:48.033+0000] {dag.py:2676} INFO - Sync 1 DAGs
[2023-01-19T20:23:48.070+0000] {logging_mixin.py:137} INFO - [2023-01-19T20:23:48.070+0000] {dag.py:3427} INFO - Setting next_dagrun for example_sensors to None, run_after=None
[2023-01-19T20:23:48.097+0000] {processor.py:175} INFO - Processing /home/airflow/.local/lib/python3.7/site-packages/airflow/example_dags/example_sensors.py took 0.141 seconds
[2023-01-19T20:24:18.124+0000] {processor.py:153} INFO - Started process (PID=286) to work on /home/airflow/.local/lib/python3.7/site-packages/airflow/example_dags/example_sensors.py
[2023-01-19T20:24:18.126+0000] {processor.py:743} INFO - Processing file /home/airflow/.local/lib/python3.7/site-packages/airflow/example_dags/example_sensors.py for tasks to queue
[2023-01-19T20:24:18.126+0000] {logging_mixin.py:137} INFO - [2023-01-19T20:24:18.126+0000] {dagbag.py:538} INFO - Filling up the DagBag from /home/airflow/.local/lib/python3.7/site-packages/airflow/example_dags/example_sensors.py
[2023-01-19T20:24:18.151+0000] {processor.py:753} INFO - DAG(s) dict_keys(['example_sensors']) retrieved from /home/airflow/.local/lib/python3.7/site-packages/airflow/example_dags/example_sensors.py
[2023-01-19T20:24:18.214+0000] {logging_mixin.py:137} INFO - [2023-01-19T20:24:18.214+0000] {dag.py:2676} INFO - Sync 1 DAGs
[2023-01-19T20:24:18.269+0000] {logging_mixin.py:137} INFO - [2023-01-19T20:24:18.269+0000] {dag.py:3427} INFO - Setting next_dagrun for example_sensors to None, run_after=None
[2023-01-19T20:24:18.300+0000] {processor.py:175} INFO - Processing /home/airflow/.local/lib/python3.7/site-packages/airflow/example_dags/example_sensors.py took 0.181 seconds
[2023-01-19T20:24:48.790+0000] {processor.py:153} INFO - Started process (PID=373) to work on /home/airflow/.local/lib/python3.7/site-packages/airflow/example_dags/example_sensors.py
[2023-01-19T20:24:48.792+0000] {processor.py:743} INFO - Processing file /home/airflow/.local/lib/python3.7/site-packages/airflow/example_dags/example_sensors.py for tasks to queue
[2023-01-19T20:24:48.793+0000] {logging_mixin.py:137} INFO - [2023-01-19T20:24:48.792+0000] {dagbag.py:538} INFO - Filling up the DagBag from /home/airflow/.local/lib/python3.7/site-packages/airflow/example_dags/example_sensors.py
[2023-01-19T20:24:48.821+0000] {processor.py:753} INFO - DAG(s) dict_keys(['example_sensors']) retrieved from /home/airflow/.local/lib/python3.7/site-packages/airflow/example_dags/example_sensors.py
[2023-01-19T20:24:48.879+0000] {logging_mixin.py:137} INFO - [2023-01-19T20:24:48.879+0000] {dag.py:2676} INFO - Sync 1 DAGs
[2023-01-19T20:24:48.914+0000] {logging_mixin.py:137} INFO - [2023-01-19T20:24:48.913+0000] {dag.py:3427} INFO - Setting next_dagrun for example_sensors to None, run_after=None
[2023-01-19T20:24:48.942+0000] {processor.py:175} INFO - Processing /home/airflow/.local/lib/python3.7/site-packages/airflow/example_dags/example_sensors.py took 0.156 seconds
[2023-01-19T20:25:19.045+0000] {processor.py:153} INFO - Started process (PID=445) to work on /home/airflow/.local/lib/python3.7/site-packages/airflow/example_dags/example_sensors.py
[2023-01-19T20:25:19.046+0000] {processor.py:743} INFO - Processing file /home/airflow/.local/lib/python3.7/site-packages/airflow/example_dags/example_sensors.py for tasks to queue
[2023-01-19T20:25:19.047+0000] {logging_mixin.py:137} INFO - [2023-01-19T20:25:19.047+0000] {dagbag.py:538} INFO - Filling up the DagBag from /home/airflow/.local/lib/python3.7/site-packages/airflow/example_dags/example_sensors.py
[2023-01-19T20:25:19.073+0000] {processor.py:753} INFO - DAG(s) dict_keys(['example_sensors']) retrieved from /home/airflow/.local/lib/python3.7/site-packages/airflow/example_dags/example_sensors.py
[2023-01-19T20:25:19.124+0000] {logging_mixin.py:137} INFO - [2023-01-19T20:25:19.124+0000] {dag.py:2676} INFO - Sync 1 DAGs
[2023-01-19T20:25:19.158+0000] {logging_mixin.py:137} INFO - [2023-01-19T20:25:19.157+0000] {dag.py:3427} INFO - Setting next_dagrun for example_sensors to None, run_after=None
[2023-01-19T20:25:19.186+0000] {processor.py:175} INFO - Processing /home/airflow/.local/lib/python3.7/site-packages/airflow/example_dags/example_sensors.py took 0.145 seconds
[2023-01-19T20:25:49.264+0000] {processor.py:153} INFO - Started process (PID=517) to work on /home/airflow/.local/lib/python3.7/site-packages/airflow/example_dags/example_sensors.py
[2023-01-19T20:25:49.265+0000] {processor.py:743} INFO - Processing file /home/airflow/.local/lib/python3.7/site-packages/airflow/example_dags/example_sensors.py for tasks to queue
[2023-01-19T20:25:49.266+0000] {logging_mixin.py:137} INFO - [2023-01-19T20:25:49.266+0000] {dagbag.py:538} INFO - Filling up the DagBag from /home/airflow/.local/lib/python3.7/site-packages/airflow/example_dags/example_sensors.py
[2023-01-19T20:25:49.289+0000] {processor.py:753} INFO - DAG(s) dict_keys(['example_sensors']) retrieved from /home/airflow/.local/lib/python3.7/site-packages/airflow/example_dags/example_sensors.py
[2023-01-19T20:25:49.321+0000] {logging_mixin.py:137} INFO - [2023-01-19T20:25:49.321+0000] {dag.py:2676} INFO - Sync 1 DAGs
[2023-01-19T20:25:49.357+0000] {logging_mixin.py:137} INFO - [2023-01-19T20:25:49.357+0000] {dag.py:3427} INFO - Setting next_dagrun for example_sensors to None, run_after=None
[2023-01-19T20:25:49.387+0000] {processor.py:175} INFO - Processing /home/airflow/.local/lib/python3.7/site-packages/airflow/example_dags/example_sensors.py took 0.128 seconds
[2023-01-19T20:27:37.557+0000] {processor.py:153} INFO - Started process (PID=68) to work on /home/airflow/.local/lib/python3.7/site-packages/airflow/example_dags/example_sensors.py
[2023-01-19T20:27:37.558+0000] {processor.py:743} INFO - Processing file /home/airflow/.local/lib/python3.7/site-packages/airflow/example_dags/example_sensors.py for tasks to queue
[2023-01-19T20:27:37.559+0000] {logging_mixin.py:137} INFO - [2023-01-19T20:27:37.559+0000] {dagbag.py:538} INFO - Filling up the DagBag from /home/airflow/.local/lib/python3.7/site-packages/airflow/example_dags/example_sensors.py
[2023-01-19T20:27:37.598+0000] {processor.py:753} INFO - DAG(s) dict_keys(['example_sensors']) retrieved from /home/airflow/.local/lib/python3.7/site-packages/airflow/example_dags/example_sensors.py
[2023-01-19T20:27:37.810+0000] {logging_mixin.py:137} INFO - [2023-01-19T20:27:37.810+0000] {manager.py:504} INFO - Created Permission View: can delete on DAG:example_sensors
[2023-01-19T20:27:37.831+0000] {logging_mixin.py:137} INFO - [2023-01-19T20:27:37.831+0000] {manager.py:504} INFO - Created Permission View: can edit on DAG:example_sensors
[2023-01-19T20:27:37.846+0000] {logging_mixin.py:137} INFO - [2023-01-19T20:27:37.846+0000] {manager.py:504} INFO - Created Permission View: can read on DAG:example_sensors
[2023-01-19T20:27:37.846+0000] {logging_mixin.py:137} INFO - [2023-01-19T20:27:37.846+0000] {dag.py:2676} INFO - Sync 1 DAGs
[2023-01-19T20:27:37.872+0000] {logging_mixin.py:137} INFO - [2023-01-19T20:27:37.872+0000] {dag.py:2697} INFO - Creating ORM DAG for example_sensors
[2023-01-19T20:27:37.892+0000] {logging_mixin.py:137} INFO - [2023-01-19T20:27:37.892+0000] {dag.py:3427} INFO - Setting next_dagrun for example_sensors to None, run_after=None
[2023-01-19T20:27:37.925+0000] {processor.py:175} INFO - Processing /home/airflow/.local/lib/python3.7/site-packages/airflow/example_dags/example_sensors.py took 0.372 seconds
[2023-01-19T20:28:08.187+0000] {processor.py:153} INFO - Started process (PID=140) to work on /home/airflow/.local/lib/python3.7/site-packages/airflow/example_dags/example_sensors.py
[2023-01-19T20:28:08.188+0000] {processor.py:743} INFO - Processing file /home/airflow/.local/lib/python3.7/site-packages/airflow/example_dags/example_sensors.py for tasks to queue
[2023-01-19T20:28:08.189+0000] {logging_mixin.py:137} INFO - [2023-01-19T20:28:08.188+0000] {dagbag.py:538} INFO - Filling up the DagBag from /home/airflow/.local/lib/python3.7/site-packages/airflow/example_dags/example_sensors.py
[2023-01-19T20:28:08.222+0000] {processor.py:753} INFO - DAG(s) dict_keys(['example_sensors']) retrieved from /home/airflow/.local/lib/python3.7/site-packages/airflow/example_dags/example_sensors.py
[2023-01-19T20:28:08.284+0000] {logging_mixin.py:137} INFO - [2023-01-19T20:28:08.284+0000] {dag.py:2676} INFO - Sync 1 DAGs
[2023-01-19T20:28:08.325+0000] {logging_mixin.py:137} INFO - [2023-01-19T20:28:08.325+0000] {dag.py:3427} INFO - Setting next_dagrun for example_sensors to None, run_after=None
[2023-01-19T20:28:08.358+0000] {processor.py:175} INFO - Processing /home/airflow/.local/lib/python3.7/site-packages/airflow/example_dags/example_sensors.py took 0.177 seconds
[2023-01-19T20:28:39.290+0000] {processor.py:153} INFO - Started process (PID=221) to work on /home/airflow/.local/lib/python3.7/site-packages/airflow/example_dags/example_sensors.py
[2023-01-19T20:28:39.292+0000] {processor.py:743} INFO - Processing file /home/airflow/.local/lib/python3.7/site-packages/airflow/example_dags/example_sensors.py for tasks to queue
[2023-01-19T20:28:39.293+0000] {logging_mixin.py:137} INFO - [2023-01-19T20:28:39.293+0000] {dagbag.py:538} INFO - Filling up the DagBag from /home/airflow/.local/lib/python3.7/site-packages/airflow/example_dags/example_sensors.py
[2023-01-19T20:28:39.334+0000] {processor.py:753} INFO - DAG(s) dict_keys(['example_sensors']) retrieved from /home/airflow/.local/lib/python3.7/site-packages/airflow/example_dags/example_sensors.py
[2023-01-19T20:28:39.426+0000] {logging_mixin.py:137} INFO - [2023-01-19T20:28:39.425+0000] {dag.py:2676} INFO - Sync 1 DAGs
[2023-01-19T20:28:39.481+0000] {logging_mixin.py:137} INFO - [2023-01-19T20:28:39.481+0000] {dag.py:3427} INFO - Setting next_dagrun for example_sensors to None, run_after=None
[2023-01-19T20:28:39.523+0000] {processor.py:175} INFO - Processing /home/airflow/.local/lib/python3.7/site-packages/airflow/example_dags/example_sensors.py took 0.241 seconds
[2023-01-19T20:29:09.904+0000] {processor.py:153} INFO - Started process (PID=301) to work on /home/airflow/.local/lib/python3.7/site-packages/airflow/example_dags/example_sensors.py
[2023-01-19T20:29:09.906+0000] {processor.py:743} INFO - Processing file /home/airflow/.local/lib/python3.7/site-packages/airflow/example_dags/example_sensors.py for tasks to queue
[2023-01-19T20:29:09.908+0000] {logging_mixin.py:137} INFO - [2023-01-19T20:29:09.907+0000] {dagbag.py:538} INFO - Filling up the DagBag from /home/airflow/.local/lib/python3.7/site-packages/airflow/example_dags/example_sensors.py
[2023-01-19T20:29:09.940+0000] {processor.py:753} INFO - DAG(s) dict_keys(['example_sensors']) retrieved from /home/airflow/.local/lib/python3.7/site-packages/airflow/example_dags/example_sensors.py
[2023-01-19T20:29:10.003+0000] {logging_mixin.py:137} INFO - [2023-01-19T20:29:10.003+0000] {dag.py:2676} INFO - Sync 1 DAGs
[2023-01-19T20:29:10.043+0000] {logging_mixin.py:137} INFO - [2023-01-19T20:29:10.043+0000] {dag.py:3427} INFO - Setting next_dagrun for example_sensors to None, run_after=None
[2023-01-19T20:29:10.080+0000] {processor.py:175} INFO - Processing /home/airflow/.local/lib/python3.7/site-packages/airflow/example_dags/example_sensors.py took 0.182 seconds
[2023-01-19T20:29:40.193+0000] {processor.py:153} INFO - Started process (PID=374) to work on /home/airflow/.local/lib/python3.7/site-packages/airflow/example_dags/example_sensors.py
[2023-01-19T20:29:40.194+0000] {processor.py:743} INFO - Processing file /home/airflow/.local/lib/python3.7/site-packages/airflow/example_dags/example_sensors.py for tasks to queue
[2023-01-19T20:29:40.196+0000] {logging_mixin.py:137} INFO - [2023-01-19T20:29:40.195+0000] {dagbag.py:538} INFO - Filling up the DagBag from /home/airflow/.local/lib/python3.7/site-packages/airflow/example_dags/example_sensors.py
[2023-01-19T20:29:40.223+0000] {processor.py:753} INFO - DAG(s) dict_keys(['example_sensors']) retrieved from /home/airflow/.local/lib/python3.7/site-packages/airflow/example_dags/example_sensors.py
[2023-01-19T20:29:40.283+0000] {logging_mixin.py:137} INFO - [2023-01-19T20:29:40.283+0000] {dag.py:2676} INFO - Sync 1 DAGs
[2023-01-19T20:29:40.323+0000] {logging_mixin.py:137} INFO - [2023-01-19T20:29:40.323+0000] {dag.py:3427} INFO - Setting next_dagrun for example_sensors to None, run_after=None
[2023-01-19T20:29:40.351+0000] {processor.py:175} INFO - Processing /home/airflow/.local/lib/python3.7/site-packages/airflow/example_dags/example_sensors.py took 0.162 seconds
[2023-01-19T20:30:10.757+0000] {processor.py:153} INFO - Started process (PID=446) to work on /home/airflow/.local/lib/python3.7/site-packages/airflow/example_dags/example_sensors.py
[2023-01-19T20:30:10.758+0000] {processor.py:743} INFO - Processing file /home/airflow/.local/lib/python3.7/site-packages/airflow/example_dags/example_sensors.py for tasks to queue
[2023-01-19T20:30:10.759+0000] {logging_mixin.py:137} INFO - [2023-01-19T20:30:10.759+0000] {dagbag.py:538} INFO - Filling up the DagBag from /home/airflow/.local/lib/python3.7/site-packages/airflow/example_dags/example_sensors.py
[2023-01-19T20:30:10.792+0000] {processor.py:753} INFO - DAG(s) dict_keys(['example_sensors']) retrieved from /home/airflow/.local/lib/python3.7/site-packages/airflow/example_dags/example_sensors.py
[2023-01-19T20:30:10.855+0000] {logging_mixin.py:137} INFO - [2023-01-19T20:30:10.854+0000] {dag.py:2676} INFO - Sync 1 DAGs
[2023-01-19T20:30:10.891+0000] {logging_mixin.py:137} INFO - [2023-01-19T20:30:10.891+0000] {dag.py:3427} INFO - Setting next_dagrun for example_sensors to None, run_after=None
[2023-01-19T20:30:10.920+0000] {processor.py:175} INFO - Processing /home/airflow/.local/lib/python3.7/site-packages/airflow/example_dags/example_sensors.py took 0.168 seconds
[2023-01-19T20:30:41.112+0000] {processor.py:153} INFO - Started process (PID=527) to work on /home/airflow/.local/lib/python3.7/site-packages/airflow/example_dags/example_sensors.py
[2023-01-19T20:30:41.113+0000] {processor.py:743} INFO - Processing file /home/airflow/.local/lib/python3.7/site-packages/airflow/example_dags/example_sensors.py for tasks to queue
[2023-01-19T20:30:41.114+0000] {logging_mixin.py:137} INFO - [2023-01-19T20:30:41.114+0000] {dagbag.py:538} INFO - Filling up the DagBag from /home/airflow/.local/lib/python3.7/site-packages/airflow/example_dags/example_sensors.py
[2023-01-19T20:30:41.146+0000] {processor.py:753} INFO - DAG(s) dict_keys(['example_sensors']) retrieved from /home/airflow/.local/lib/python3.7/site-packages/airflow/example_dags/example_sensors.py
[2023-01-19T20:30:41.200+0000] {logging_mixin.py:137} INFO - [2023-01-19T20:30:41.200+0000] {dag.py:2676} INFO - Sync 1 DAGs
[2023-01-19T20:30:41.239+0000] {logging_mixin.py:137} INFO - [2023-01-19T20:30:41.238+0000] {dag.py:3427} INFO - Setting next_dagrun for example_sensors to None, run_after=None
[2023-01-19T20:30:41.267+0000] {processor.py:175} INFO - Processing /home/airflow/.local/lib/python3.7/site-packages/airflow/example_dags/example_sensors.py took 0.160 seconds
[2023-01-19T20:31:13.107+0000] {processor.py:153} INFO - Started process (PID=606) to work on /home/airflow/.local/lib/python3.7/site-packages/airflow/example_dags/example_sensors.py
[2023-01-19T20:31:13.121+0000] {processor.py:743} INFO - Processing file /home/airflow/.local/lib/python3.7/site-packages/airflow/example_dags/example_sensors.py for tasks to queue
[2023-01-19T20:31:13.122+0000] {logging_mixin.py:137} INFO - [2023-01-19T20:31:13.122+0000] {dagbag.py:538} INFO - Filling up the DagBag from /home/airflow/.local/lib/python3.7/site-packages/airflow/example_dags/example_sensors.py
[2023-01-19T20:31:13.159+0000] {processor.py:753} INFO - DAG(s) dict_keys(['example_sensors']) retrieved from /home/airflow/.local/lib/python3.7/site-packages/airflow/example_dags/example_sensors.py
[2023-01-19T20:31:13.245+0000] {logging_mixin.py:137} INFO - [2023-01-19T20:31:13.245+0000] {dag.py:2676} INFO - Sync 1 DAGs
[2023-01-19T20:31:13.303+0000] {logging_mixin.py:137} INFO - [2023-01-19T20:31:13.302+0000] {dag.py:3427} INFO - Setting next_dagrun for example_sensors to None, run_after=None
[2023-01-19T20:31:13.344+0000] {processor.py:175} INFO - Processing /home/airflow/.local/lib/python3.7/site-packages/airflow/example_dags/example_sensors.py took 0.242 seconds
[2023-01-19T20:31:44.119+0000] {processor.py:153} INFO - Started process (PID=678) to work on /home/airflow/.local/lib/python3.7/site-packages/airflow/example_dags/example_sensors.py
[2023-01-19T20:31:44.120+0000] {processor.py:743} INFO - Processing file /home/airflow/.local/lib/python3.7/site-packages/airflow/example_dags/example_sensors.py for tasks to queue
[2023-01-19T20:31:44.121+0000] {logging_mixin.py:137} INFO - [2023-01-19T20:31:44.121+0000] {dagbag.py:538} INFO - Filling up the DagBag from /home/airflow/.local/lib/python3.7/site-packages/airflow/example_dags/example_sensors.py
[2023-01-19T20:31:44.154+0000] {processor.py:753} INFO - DAG(s) dict_keys(['example_sensors']) retrieved from /home/airflow/.local/lib/python3.7/site-packages/airflow/example_dags/example_sensors.py
[2023-01-19T20:31:44.214+0000] {logging_mixin.py:137} INFO - [2023-01-19T20:31:44.214+0000] {dag.py:2676} INFO - Sync 1 DAGs
[2023-01-19T20:31:44.250+0000] {logging_mixin.py:137} INFO - [2023-01-19T20:31:44.250+0000] {dag.py:3427} INFO - Setting next_dagrun for example_sensors to None, run_after=None
[2023-01-19T20:31:44.283+0000] {processor.py:175} INFO - Processing /home/airflow/.local/lib/python3.7/site-packages/airflow/example_dags/example_sensors.py took 0.169 seconds
[2023-01-19T20:32:14.497+0000] {processor.py:153} INFO - Started process (PID=760) to work on /home/airflow/.local/lib/python3.7/site-packages/airflow/example_dags/example_sensors.py
[2023-01-19T20:32:14.499+0000] {processor.py:743} INFO - Processing file /home/airflow/.local/lib/python3.7/site-packages/airflow/example_dags/example_sensors.py for tasks to queue
[2023-01-19T20:32:14.500+0000] {logging_mixin.py:137} INFO - [2023-01-19T20:32:14.500+0000] {dagbag.py:538} INFO - Filling up the DagBag from /home/airflow/.local/lib/python3.7/site-packages/airflow/example_dags/example_sensors.py
[2023-01-19T20:32:14.530+0000] {processor.py:753} INFO - DAG(s) dict_keys(['example_sensors']) retrieved from /home/airflow/.local/lib/python3.7/site-packages/airflow/example_dags/example_sensors.py
[2023-01-19T20:32:14.580+0000] {logging_mixin.py:137} INFO - [2023-01-19T20:32:14.579+0000] {dag.py:2676} INFO - Sync 1 DAGs
[2023-01-19T20:32:14.618+0000] {logging_mixin.py:137} INFO - [2023-01-19T20:32:14.618+0000] {dag.py:3427} INFO - Setting next_dagrun for example_sensors to None, run_after=None
[2023-01-19T20:32:14.647+0000] {processor.py:175} INFO - Processing /home/airflow/.local/lib/python3.7/site-packages/airflow/example_dags/example_sensors.py took 0.155 seconds
[2023-01-19T20:32:44.813+0000] {processor.py:153} INFO - Started process (PID=839) to work on /home/airflow/.local/lib/python3.7/site-packages/airflow/example_dags/example_sensors.py
[2023-01-19T20:32:44.814+0000] {processor.py:743} INFO - Processing file /home/airflow/.local/lib/python3.7/site-packages/airflow/example_dags/example_sensors.py for tasks to queue
[2023-01-19T20:32:44.815+0000] {logging_mixin.py:137} INFO - [2023-01-19T20:32:44.814+0000] {dagbag.py:538} INFO - Filling up the DagBag from /home/airflow/.local/lib/python3.7/site-packages/airflow/example_dags/example_sensors.py
[2023-01-19T20:32:44.838+0000] {processor.py:753} INFO - DAG(s) dict_keys(['example_sensors']) retrieved from /home/airflow/.local/lib/python3.7/site-packages/airflow/example_dags/example_sensors.py
[2023-01-19T20:32:44.887+0000] {logging_mixin.py:137} INFO - [2023-01-19T20:32:44.886+0000] {dag.py:2676} INFO - Sync 1 DAGs
[2023-01-19T20:32:44.922+0000] {logging_mixin.py:137} INFO - [2023-01-19T20:32:44.922+0000] {dag.py:3427} INFO - Setting next_dagrun for example_sensors to None, run_after=None
[2023-01-19T20:32:44.950+0000] {processor.py:175} INFO - Processing /home/airflow/.local/lib/python3.7/site-packages/airflow/example_dags/example_sensors.py took 0.140 seconds
[2023-01-19T20:33:15.066+0000] {processor.py:153} INFO - Started process (PID=911) to work on /home/airflow/.local/lib/python3.7/site-packages/airflow/example_dags/example_sensors.py
[2023-01-19T20:33:15.067+0000] {processor.py:743} INFO - Processing file /home/airflow/.local/lib/python3.7/site-packages/airflow/example_dags/example_sensors.py for tasks to queue
[2023-01-19T20:33:15.068+0000] {logging_mixin.py:137} INFO - [2023-01-19T20:33:15.068+0000] {dagbag.py:538} INFO - Filling up the DagBag from /home/airflow/.local/lib/python3.7/site-packages/airflow/example_dags/example_sensors.py
[2023-01-19T20:33:15.094+0000] {processor.py:753} INFO - DAG(s) dict_keys(['example_sensors']) retrieved from /home/airflow/.local/lib/python3.7/site-packages/airflow/example_dags/example_sensors.py
[2023-01-19T20:33:15.152+0000] {logging_mixin.py:137} INFO - [2023-01-19T20:33:15.152+0000] {dag.py:2676} INFO - Sync 1 DAGs
[2023-01-19T20:33:15.190+0000] {logging_mixin.py:137} INFO - [2023-01-19T20:33:15.189+0000] {dag.py:3427} INFO - Setting next_dagrun for example_sensors to None, run_after=None
[2023-01-19T20:33:15.216+0000] {processor.py:175} INFO - Processing /home/airflow/.local/lib/python3.7/site-packages/airflow/example_dags/example_sensors.py took 0.154 seconds
[2023-01-19T20:33:45.389+0000] {processor.py:153} INFO - Started process (PID=983) to work on /home/airflow/.local/lib/python3.7/site-packages/airflow/example_dags/example_sensors.py
[2023-01-19T20:33:45.390+0000] {processor.py:743} INFO - Processing file /home/airflow/.local/lib/python3.7/site-packages/airflow/example_dags/example_sensors.py for tasks to queue
[2023-01-19T20:33:45.391+0000] {logging_mixin.py:137} INFO - [2023-01-19T20:33:45.391+0000] {dagbag.py:538} INFO - Filling up the DagBag from /home/airflow/.local/lib/python3.7/site-packages/airflow/example_dags/example_sensors.py
[2023-01-19T20:33:45.414+0000] {processor.py:753} INFO - DAG(s) dict_keys(['example_sensors']) retrieved from /home/airflow/.local/lib/python3.7/site-packages/airflow/example_dags/example_sensors.py
[2023-01-19T20:33:45.462+0000] {logging_mixin.py:137} INFO - [2023-01-19T20:33:45.462+0000] {dag.py:2676} INFO - Sync 1 DAGs
[2023-01-19T20:33:45.494+0000] {logging_mixin.py:137} INFO - [2023-01-19T20:33:45.494+0000] {dag.py:3427} INFO - Setting next_dagrun for example_sensors to None, run_after=None
[2023-01-19T20:33:45.519+0000] {processor.py:175} INFO - Processing /home/airflow/.local/lib/python3.7/site-packages/airflow/example_dags/example_sensors.py took 0.134 seconds
[2023-01-19T20:34:15.970+0000] {processor.py:153} INFO - Started process (PID=1071) to work on /home/airflow/.local/lib/python3.7/site-packages/airflow/example_dags/example_sensors.py
[2023-01-19T20:34:15.971+0000] {processor.py:743} INFO - Processing file /home/airflow/.local/lib/python3.7/site-packages/airflow/example_dags/example_sensors.py for tasks to queue
[2023-01-19T20:34:15.972+0000] {logging_mixin.py:137} INFO - [2023-01-19T20:34:15.972+0000] {dagbag.py:538} INFO - Filling up the DagBag from /home/airflow/.local/lib/python3.7/site-packages/airflow/example_dags/example_sensors.py
[2023-01-19T20:34:16.005+0000] {processor.py:753} INFO - DAG(s) dict_keys(['example_sensors']) retrieved from /home/airflow/.local/lib/python3.7/site-packages/airflow/example_dags/example_sensors.py
[2023-01-19T20:34:16.071+0000] {logging_mixin.py:137} INFO - [2023-01-19T20:34:16.071+0000] {dag.py:2676} INFO - Sync 1 DAGs
[2023-01-19T20:34:16.119+0000] {logging_mixin.py:137} INFO - [2023-01-19T20:34:16.119+0000] {dag.py:3427} INFO - Setting next_dagrun for example_sensors to None, run_after=None
[2023-01-19T20:34:16.150+0000] {processor.py:175} INFO - Processing /home/airflow/.local/lib/python3.7/site-packages/airflow/example_dags/example_sensors.py took 0.185 seconds
[2023-01-19T20:34:46.900+0000] {processor.py:153} INFO - Started process (PID=1143) to work on /home/airflow/.local/lib/python3.7/site-packages/airflow/example_dags/example_sensors.py
[2023-01-19T20:34:46.901+0000] {processor.py:743} INFO - Processing file /home/airflow/.local/lib/python3.7/site-packages/airflow/example_dags/example_sensors.py for tasks to queue
[2023-01-19T20:34:46.902+0000] {logging_mixin.py:137} INFO - [2023-01-19T20:34:46.902+0000] {dagbag.py:538} INFO - Filling up the DagBag from /home/airflow/.local/lib/python3.7/site-packages/airflow/example_dags/example_sensors.py
[2023-01-19T20:34:46.933+0000] {processor.py:753} INFO - DAG(s) dict_keys(['example_sensors']) retrieved from /home/airflow/.local/lib/python3.7/site-packages/airflow/example_dags/example_sensors.py
[2023-01-19T20:34:46.991+0000] {logging_mixin.py:137} INFO - [2023-01-19T20:34:46.991+0000] {dag.py:2676} INFO - Sync 1 DAGs
[2023-01-19T20:34:47.028+0000] {logging_mixin.py:137} INFO - [2023-01-19T20:34:47.028+0000] {dag.py:3427} INFO - Setting next_dagrun for example_sensors to None, run_after=None
[2023-01-19T20:34:47.055+0000] {processor.py:175} INFO - Processing /home/airflow/.local/lib/python3.7/site-packages/airflow/example_dags/example_sensors.py took 0.160 seconds
[2023-01-19T20:35:17.684+0000] {processor.py:153} INFO - Started process (PID=1215) to work on /home/airflow/.local/lib/python3.7/site-packages/airflow/example_dags/example_sensors.py
[2023-01-19T20:35:17.685+0000] {processor.py:743} INFO - Processing file /home/airflow/.local/lib/python3.7/site-packages/airflow/example_dags/example_sensors.py for tasks to queue
[2023-01-19T20:35:17.685+0000] {logging_mixin.py:137} INFO - [2023-01-19T20:35:17.685+0000] {dagbag.py:538} INFO - Filling up the DagBag from /home/airflow/.local/lib/python3.7/site-packages/airflow/example_dags/example_sensors.py
[2023-01-19T20:35:17.716+0000] {processor.py:753} INFO - DAG(s) dict_keys(['example_sensors']) retrieved from /home/airflow/.local/lib/python3.7/site-packages/airflow/example_dags/example_sensors.py
[2023-01-19T20:35:17.778+0000] {logging_mixin.py:137} INFO - [2023-01-19T20:35:17.778+0000] {dag.py:2676} INFO - Sync 1 DAGs
[2023-01-19T20:35:17.810+0000] {logging_mixin.py:137} INFO - [2023-01-19T20:35:17.809+0000] {dag.py:3427} INFO - Setting next_dagrun for example_sensors to None, run_after=None
[2023-01-19T20:35:17.835+0000] {processor.py:175} INFO - Processing /home/airflow/.local/lib/python3.7/site-packages/airflow/example_dags/example_sensors.py took 0.155 seconds
[2023-01-19T20:35:48.357+0000] {processor.py:153} INFO - Started process (PID=1303) to work on /home/airflow/.local/lib/python3.7/site-packages/airflow/example_dags/example_sensors.py
[2023-01-19T20:35:48.358+0000] {processor.py:743} INFO - Processing file /home/airflow/.local/lib/python3.7/site-packages/airflow/example_dags/example_sensors.py for tasks to queue
[2023-01-19T20:35:48.359+0000] {logging_mixin.py:137} INFO - [2023-01-19T20:35:48.359+0000] {dagbag.py:538} INFO - Filling up the DagBag from /home/airflow/.local/lib/python3.7/site-packages/airflow/example_dags/example_sensors.py
[2023-01-19T20:35:48.383+0000] {processor.py:753} INFO - DAG(s) dict_keys(['example_sensors']) retrieved from /home/airflow/.local/lib/python3.7/site-packages/airflow/example_dags/example_sensors.py
[2023-01-19T20:35:48.434+0000] {logging_mixin.py:137} INFO - [2023-01-19T20:35:48.434+0000] {dag.py:2676} INFO - Sync 1 DAGs
[2023-01-19T20:35:48.467+0000] {logging_mixin.py:137} INFO - [2023-01-19T20:35:48.467+0000] {dag.py:3427} INFO - Setting next_dagrun for example_sensors to None, run_after=None
[2023-01-19T20:35:48.494+0000] {processor.py:175} INFO - Processing /home/airflow/.local/lib/python3.7/site-packages/airflow/example_dags/example_sensors.py took 0.141 seconds
[2023-01-19T20:36:19.406+0000] {processor.py:153} INFO - Started process (PID=1376) to work on /home/airflow/.local/lib/python3.7/site-packages/airflow/example_dags/example_sensors.py
[2023-01-19T20:36:19.407+0000] {processor.py:743} INFO - Processing file /home/airflow/.local/lib/python3.7/site-packages/airflow/example_dags/example_sensors.py for tasks to queue
[2023-01-19T20:36:19.408+0000] {logging_mixin.py:137} INFO - [2023-01-19T20:36:19.408+0000] {dagbag.py:538} INFO - Filling up the DagBag from /home/airflow/.local/lib/python3.7/site-packages/airflow/example_dags/example_sensors.py
[2023-01-19T20:36:19.432+0000] {processor.py:753} INFO - DAG(s) dict_keys(['example_sensors']) retrieved from /home/airflow/.local/lib/python3.7/site-packages/airflow/example_dags/example_sensors.py
[2023-01-19T20:36:19.484+0000] {logging_mixin.py:137} INFO - [2023-01-19T20:36:19.484+0000] {dag.py:2676} INFO - Sync 1 DAGs
[2023-01-19T20:36:19.515+0000] {logging_mixin.py:137} INFO - [2023-01-19T20:36:19.515+0000] {dag.py:3427} INFO - Setting next_dagrun for example_sensors to None, run_after=None
[2023-01-19T20:36:19.539+0000] {processor.py:175} INFO - Processing /home/airflow/.local/lib/python3.7/site-packages/airflow/example_dags/example_sensors.py took 0.136 seconds
[2023-01-19T20:36:50.115+0000] {processor.py:153} INFO - Started process (PID=1448) to work on /home/airflow/.local/lib/python3.7/site-packages/airflow/example_dags/example_sensors.py
[2023-01-19T20:36:50.116+0000] {processor.py:743} INFO - Processing file /home/airflow/.local/lib/python3.7/site-packages/airflow/example_dags/example_sensors.py for tasks to queue
[2023-01-19T20:36:50.117+0000] {logging_mixin.py:137} INFO - [2023-01-19T20:36:50.117+0000] {dagbag.py:538} INFO - Filling up the DagBag from /home/airflow/.local/lib/python3.7/site-packages/airflow/example_dags/example_sensors.py
[2023-01-19T20:36:50.140+0000] {processor.py:753} INFO - DAG(s) dict_keys(['example_sensors']) retrieved from /home/airflow/.local/lib/python3.7/site-packages/airflow/example_dags/example_sensors.py
[2023-01-19T20:36:50.207+0000] {logging_mixin.py:137} INFO - [2023-01-19T20:36:50.207+0000] {dag.py:2676} INFO - Sync 1 DAGs
[2023-01-19T20:36:50.245+0000] {logging_mixin.py:137} INFO - [2023-01-19T20:36:50.245+0000] {dag.py:3427} INFO - Setting next_dagrun for example_sensors to None, run_after=None
[2023-01-19T20:36:50.271+0000] {processor.py:175} INFO - Processing /home/airflow/.local/lib/python3.7/site-packages/airflow/example_dags/example_sensors.py took 0.160 seconds
[2023-01-19T20:37:21.081+0000] {processor.py:153} INFO - Started process (PID=1536) to work on /home/airflow/.local/lib/python3.7/site-packages/airflow/example_dags/example_sensors.py
[2023-01-19T20:37:21.082+0000] {processor.py:743} INFO - Processing file /home/airflow/.local/lib/python3.7/site-packages/airflow/example_dags/example_sensors.py for tasks to queue
[2023-01-19T20:37:21.082+0000] {logging_mixin.py:137} INFO - [2023-01-19T20:37:21.082+0000] {dagbag.py:538} INFO - Filling up the DagBag from /home/airflow/.local/lib/python3.7/site-packages/airflow/example_dags/example_sensors.py
[2023-01-19T20:37:21.111+0000] {processor.py:753} INFO - DAG(s) dict_keys(['example_sensors']) retrieved from /home/airflow/.local/lib/python3.7/site-packages/airflow/example_dags/example_sensors.py
[2023-01-19T20:37:21.165+0000] {logging_mixin.py:137} INFO - [2023-01-19T20:37:21.165+0000] {dag.py:2676} INFO - Sync 1 DAGs
[2023-01-19T20:37:21.197+0000] {logging_mixin.py:137} INFO - [2023-01-19T20:37:21.197+0000] {dag.py:3427} INFO - Setting next_dagrun for example_sensors to None, run_after=None
[2023-01-19T20:37:21.228+0000] {processor.py:175} INFO - Processing /home/airflow/.local/lib/python3.7/site-packages/airflow/example_dags/example_sensors.py took 0.152 seconds
[2023-01-19T20:37:51.351+0000] {processor.py:153} INFO - Started process (PID=1608) to work on /home/airflow/.local/lib/python3.7/site-packages/airflow/example_dags/example_sensors.py
[2023-01-19T20:37:51.353+0000] {processor.py:743} INFO - Processing file /home/airflow/.local/lib/python3.7/site-packages/airflow/example_dags/example_sensors.py for tasks to queue
[2023-01-19T20:37:51.353+0000] {logging_mixin.py:137} INFO - [2023-01-19T20:37:51.353+0000] {dagbag.py:538} INFO - Filling up the DagBag from /home/airflow/.local/lib/python3.7/site-packages/airflow/example_dags/example_sensors.py
[2023-01-19T20:37:51.378+0000] {processor.py:753} INFO - DAG(s) dict_keys(['example_sensors']) retrieved from /home/airflow/.local/lib/python3.7/site-packages/airflow/example_dags/example_sensors.py
[2023-01-19T20:37:51.432+0000] {logging_mixin.py:137} INFO - [2023-01-19T20:37:51.432+0000] {dag.py:2676} INFO - Sync 1 DAGs
[2023-01-19T20:37:51.464+0000] {logging_mixin.py:137} INFO - [2023-01-19T20:37:51.464+0000] {dag.py:3427} INFO - Setting next_dagrun for example_sensors to None, run_after=None
[2023-01-19T20:37:51.493+0000] {processor.py:175} INFO - Processing /home/airflow/.local/lib/python3.7/site-packages/airflow/example_dags/example_sensors.py took 0.146 seconds
[2023-01-19T20:38:21.951+0000] {processor.py:153} INFO - Started process (PID=1680) to work on /home/airflow/.local/lib/python3.7/site-packages/airflow/example_dags/example_sensors.py
[2023-01-19T20:38:21.952+0000] {processor.py:743} INFO - Processing file /home/airflow/.local/lib/python3.7/site-packages/airflow/example_dags/example_sensors.py for tasks to queue
[2023-01-19T20:38:21.953+0000] {logging_mixin.py:137} INFO - [2023-01-19T20:38:21.953+0000] {dagbag.py:538} INFO - Filling up the DagBag from /home/airflow/.local/lib/python3.7/site-packages/airflow/example_dags/example_sensors.py
[2023-01-19T20:38:21.978+0000] {processor.py:753} INFO - DAG(s) dict_keys(['example_sensors']) retrieved from /home/airflow/.local/lib/python3.7/site-packages/airflow/example_dags/example_sensors.py
[2023-01-19T20:38:22.032+0000] {logging_mixin.py:137} INFO - [2023-01-19T20:38:22.032+0000] {dag.py:2676} INFO - Sync 1 DAGs
[2023-01-19T20:38:22.068+0000] {logging_mixin.py:137} INFO - [2023-01-19T20:38:22.068+0000] {dag.py:3427} INFO - Setting next_dagrun for example_sensors to None, run_after=None
[2023-01-19T20:38:22.092+0000] {processor.py:175} INFO - Processing /home/airflow/.local/lib/python3.7/site-packages/airflow/example_dags/example_sensors.py took 0.145 seconds
[2023-01-19T20:38:52.584+0000] {processor.py:153} INFO - Started process (PID=1768) to work on /home/airflow/.local/lib/python3.7/site-packages/airflow/example_dags/example_sensors.py
[2023-01-19T20:38:52.585+0000] {processor.py:743} INFO - Processing file /home/airflow/.local/lib/python3.7/site-packages/airflow/example_dags/example_sensors.py for tasks to queue
[2023-01-19T20:38:52.586+0000] {logging_mixin.py:137} INFO - [2023-01-19T20:38:52.586+0000] {dagbag.py:538} INFO - Filling up the DagBag from /home/airflow/.local/lib/python3.7/site-packages/airflow/example_dags/example_sensors.py
[2023-01-19T20:38:52.621+0000] {processor.py:753} INFO - DAG(s) dict_keys(['example_sensors']) retrieved from /home/airflow/.local/lib/python3.7/site-packages/airflow/example_dags/example_sensors.py
[2023-01-19T20:38:52.684+0000] {logging_mixin.py:137} INFO - [2023-01-19T20:38:52.684+0000] {dag.py:2676} INFO - Sync 1 DAGs
[2023-01-19T20:38:52.728+0000] {logging_mixin.py:137} INFO - [2023-01-19T20:38:52.728+0000] {dag.py:3427} INFO - Setting next_dagrun for example_sensors to None, run_after=None
[2023-01-19T20:38:52.765+0000] {processor.py:175} INFO - Processing /home/airflow/.local/lib/python3.7/site-packages/airflow/example_dags/example_sensors.py took 0.186 seconds
[2023-01-19T20:39:22.946+0000] {processor.py:153} INFO - Started process (PID=1840) to work on /home/airflow/.local/lib/python3.7/site-packages/airflow/example_dags/example_sensors.py
[2023-01-19T20:39:22.947+0000] {processor.py:743} INFO - Processing file /home/airflow/.local/lib/python3.7/site-packages/airflow/example_dags/example_sensors.py for tasks to queue
[2023-01-19T20:39:22.948+0000] {logging_mixin.py:137} INFO - [2023-01-19T20:39:22.948+0000] {dagbag.py:538} INFO - Filling up the DagBag from /home/airflow/.local/lib/python3.7/site-packages/airflow/example_dags/example_sensors.py
[2023-01-19T20:39:22.977+0000] {processor.py:753} INFO - DAG(s) dict_keys(['example_sensors']) retrieved from /home/airflow/.local/lib/python3.7/site-packages/airflow/example_dags/example_sensors.py
[2023-01-19T20:39:23.031+0000] {logging_mixin.py:137} INFO - [2023-01-19T20:39:23.030+0000] {dag.py:2676} INFO - Sync 1 DAGs
[2023-01-19T20:39:23.063+0000] {logging_mixin.py:137} INFO - [2023-01-19T20:39:23.063+0000] {dag.py:3427} INFO - Setting next_dagrun for example_sensors to None, run_after=None
[2023-01-19T20:39:23.091+0000] {processor.py:175} INFO - Processing /home/airflow/.local/lib/python3.7/site-packages/airflow/example_dags/example_sensors.py took 0.148 seconds
[2023-01-19T20:39:53.193+0000] {processor.py:153} INFO - Started process (PID=1912) to work on /home/airflow/.local/lib/python3.7/site-packages/airflow/example_dags/example_sensors.py
[2023-01-19T20:39:53.195+0000] {processor.py:743} INFO - Processing file /home/airflow/.local/lib/python3.7/site-packages/airflow/example_dags/example_sensors.py for tasks to queue
[2023-01-19T20:39:53.196+0000] {logging_mixin.py:137} INFO - [2023-01-19T20:39:53.195+0000] {dagbag.py:538} INFO - Filling up the DagBag from /home/airflow/.local/lib/python3.7/site-packages/airflow/example_dags/example_sensors.py
[2023-01-19T20:39:53.220+0000] {processor.py:753} INFO - DAG(s) dict_keys(['example_sensors']) retrieved from /home/airflow/.local/lib/python3.7/site-packages/airflow/example_dags/example_sensors.py
[2023-01-19T20:39:53.274+0000] {logging_mixin.py:137} INFO - [2023-01-19T20:39:53.274+0000] {dag.py:2676} INFO - Sync 1 DAGs
[2023-01-19T20:39:53.312+0000] {logging_mixin.py:137} INFO - [2023-01-19T20:39:53.312+0000] {dag.py:3427} INFO - Setting next_dagrun for example_sensors to None, run_after=None
[2023-01-19T20:39:53.341+0000] {processor.py:175} INFO - Processing /home/airflow/.local/lib/python3.7/site-packages/airflow/example_dags/example_sensors.py took 0.152 seconds
[2023-01-19T20:40:23.558+0000] {processor.py:153} INFO - Started process (PID=1984) to work on /home/airflow/.local/lib/python3.7/site-packages/airflow/example_dags/example_sensors.py
[2023-01-19T20:40:23.559+0000] {processor.py:743} INFO - Processing file /home/airflow/.local/lib/python3.7/site-packages/airflow/example_dags/example_sensors.py for tasks to queue
[2023-01-19T20:40:23.560+0000] {logging_mixin.py:137} INFO - [2023-01-19T20:40:23.560+0000] {dagbag.py:538} INFO - Filling up the DagBag from /home/airflow/.local/lib/python3.7/site-packages/airflow/example_dags/example_sensors.py
[2023-01-19T20:40:23.585+0000] {processor.py:753} INFO - DAG(s) dict_keys(['example_sensors']) retrieved from /home/airflow/.local/lib/python3.7/site-packages/airflow/example_dags/example_sensors.py
[2023-01-19T20:40:23.638+0000] {logging_mixin.py:137} INFO - [2023-01-19T20:40:23.638+0000] {dag.py:2676} INFO - Sync 1 DAGs
[2023-01-19T20:40:23.673+0000] {logging_mixin.py:137} INFO - [2023-01-19T20:40:23.673+0000] {dag.py:3427} INFO - Setting next_dagrun for example_sensors to None, run_after=None
[2023-01-19T20:40:23.705+0000] {processor.py:175} INFO - Processing /home/airflow/.local/lib/python3.7/site-packages/airflow/example_dags/example_sensors.py took 0.152 seconds
[2023-01-19T20:40:53.869+0000] {processor.py:153} INFO - Started process (PID=2073) to work on /home/airflow/.local/lib/python3.7/site-packages/airflow/example_dags/example_sensors.py
[2023-01-19T20:40:53.871+0000] {processor.py:743} INFO - Processing file /home/airflow/.local/lib/python3.7/site-packages/airflow/example_dags/example_sensors.py for tasks to queue
[2023-01-19T20:40:53.872+0000] {logging_mixin.py:137} INFO - [2023-01-19T20:40:53.872+0000] {dagbag.py:538} INFO - Filling up the DagBag from /home/airflow/.local/lib/python3.7/site-packages/airflow/example_dags/example_sensors.py
[2023-01-19T20:40:53.902+0000] {processor.py:753} INFO - DAG(s) dict_keys(['example_sensors']) retrieved from /home/airflow/.local/lib/python3.7/site-packages/airflow/example_dags/example_sensors.py
[2023-01-19T20:40:53.967+0000] {logging_mixin.py:137} INFO - [2023-01-19T20:40:53.967+0000] {dag.py:2676} INFO - Sync 1 DAGs
[2023-01-19T20:40:54.018+0000] {logging_mixin.py:137} INFO - [2023-01-19T20:40:54.017+0000] {dag.py:3427} INFO - Setting next_dagrun for example_sensors to None, run_after=None
[2023-01-19T20:40:54.057+0000] {processor.py:175} INFO - Processing /home/airflow/.local/lib/python3.7/site-packages/airflow/example_dags/example_sensors.py took 0.191 seconds
[2023-01-19T20:41:24.233+0000] {processor.py:153} INFO - Started process (PID=2145) to work on /home/airflow/.local/lib/python3.7/site-packages/airflow/example_dags/example_sensors.py
[2023-01-19T20:41:24.234+0000] {processor.py:743} INFO - Processing file /home/airflow/.local/lib/python3.7/site-packages/airflow/example_dags/example_sensors.py for tasks to queue
[2023-01-19T20:41:24.236+0000] {logging_mixin.py:137} INFO - [2023-01-19T20:41:24.235+0000] {dagbag.py:538} INFO - Filling up the DagBag from /home/airflow/.local/lib/python3.7/site-packages/airflow/example_dags/example_sensors.py
[2023-01-19T20:41:24.266+0000] {processor.py:753} INFO - DAG(s) dict_keys(['example_sensors']) retrieved from /home/airflow/.local/lib/python3.7/site-packages/airflow/example_dags/example_sensors.py
[2023-01-19T20:41:24.325+0000] {logging_mixin.py:137} INFO - [2023-01-19T20:41:24.325+0000] {dag.py:2676} INFO - Sync 1 DAGs
[2023-01-19T20:41:24.361+0000] {logging_mixin.py:137} INFO - [2023-01-19T20:41:24.361+0000] {dag.py:3427} INFO - Setting next_dagrun for example_sensors to None, run_after=None
[2023-01-19T20:41:24.389+0000] {processor.py:175} INFO - Processing /home/airflow/.local/lib/python3.7/site-packages/airflow/example_dags/example_sensors.py took 0.160 seconds
[2023-01-19T20:41:54.578+0000] {processor.py:153} INFO - Started process (PID=2217) to work on /home/airflow/.local/lib/python3.7/site-packages/airflow/example_dags/example_sensors.py
[2023-01-19T20:41:54.579+0000] {processor.py:743} INFO - Processing file /home/airflow/.local/lib/python3.7/site-packages/airflow/example_dags/example_sensors.py for tasks to queue
[2023-01-19T20:41:54.581+0000] {logging_mixin.py:137} INFO - [2023-01-19T20:41:54.580+0000] {dagbag.py:538} INFO - Filling up the DagBag from /home/airflow/.local/lib/python3.7/site-packages/airflow/example_dags/example_sensors.py
[2023-01-19T20:41:54.610+0000] {processor.py:753} INFO - DAG(s) dict_keys(['example_sensors']) retrieved from /home/airflow/.local/lib/python3.7/site-packages/airflow/example_dags/example_sensors.py
[2023-01-19T20:41:54.663+0000] {logging_mixin.py:137} INFO - [2023-01-19T20:41:54.663+0000] {dag.py:2676} INFO - Sync 1 DAGs
[2023-01-19T20:41:54.696+0000] {logging_mixin.py:137} INFO - [2023-01-19T20:41:54.696+0000] {dag.py:3427} INFO - Setting next_dagrun for example_sensors to None, run_after=None
[2023-01-19T20:41:54.726+0000] {processor.py:175} INFO - Processing /home/airflow/.local/lib/python3.7/site-packages/airflow/example_dags/example_sensors.py took 0.152 seconds
[2023-01-19T20:42:24.889+0000] {processor.py:153} INFO - Started process (PID=2305) to work on /home/airflow/.local/lib/python3.7/site-packages/airflow/example_dags/example_sensors.py
[2023-01-19T20:42:24.891+0000] {processor.py:743} INFO - Processing file /home/airflow/.local/lib/python3.7/site-packages/airflow/example_dags/example_sensors.py for tasks to queue
[2023-01-19T20:42:24.891+0000] {logging_mixin.py:137} INFO - [2023-01-19T20:42:24.891+0000] {dagbag.py:538} INFO - Filling up the DagBag from /home/airflow/.local/lib/python3.7/site-packages/airflow/example_dags/example_sensors.py
[2023-01-19T20:42:24.916+0000] {processor.py:753} INFO - DAG(s) dict_keys(['example_sensors']) retrieved from /home/airflow/.local/lib/python3.7/site-packages/airflow/example_dags/example_sensors.py
[2023-01-19T20:42:24.977+0000] {logging_mixin.py:137} INFO - [2023-01-19T20:42:24.977+0000] {dag.py:2676} INFO - Sync 1 DAGs
[2023-01-19T20:42:25.022+0000] {logging_mixin.py:137} INFO - [2023-01-19T20:42:25.022+0000] {dag.py:3427} INFO - Setting next_dagrun for example_sensors to None, run_after=None
[2023-01-19T20:42:25.051+0000] {processor.py:175} INFO - Processing /home/airflow/.local/lib/python3.7/site-packages/airflow/example_dags/example_sensors.py took 0.165 seconds
[2023-01-19T20:42:55.950+0000] {processor.py:153} INFO - Started process (PID=2377) to work on /home/airflow/.local/lib/python3.7/site-packages/airflow/example_dags/example_sensors.py
[2023-01-19T20:42:55.951+0000] {processor.py:743} INFO - Processing file /home/airflow/.local/lib/python3.7/site-packages/airflow/example_dags/example_sensors.py for tasks to queue
[2023-01-19T20:42:55.952+0000] {logging_mixin.py:137} INFO - [2023-01-19T20:42:55.952+0000] {dagbag.py:538} INFO - Filling up the DagBag from /home/airflow/.local/lib/python3.7/site-packages/airflow/example_dags/example_sensors.py
[2023-01-19T20:42:55.977+0000] {processor.py:753} INFO - DAG(s) dict_keys(['example_sensors']) retrieved from /home/airflow/.local/lib/python3.7/site-packages/airflow/example_dags/example_sensors.py
[2023-01-19T20:42:56.033+0000] {logging_mixin.py:137} INFO - [2023-01-19T20:42:56.033+0000] {dag.py:2676} INFO - Sync 1 DAGs
[2023-01-19T20:42:56.070+0000] {logging_mixin.py:137} INFO - [2023-01-19T20:42:56.070+0000] {dag.py:3427} INFO - Setting next_dagrun for example_sensors to None, run_after=None
[2023-01-19T20:42:56.096+0000] {processor.py:175} INFO - Processing /home/airflow/.local/lib/python3.7/site-packages/airflow/example_dags/example_sensors.py took 0.150 seconds
[2023-01-19T20:43:26.350+0000] {processor.py:153} INFO - Started process (PID=2450) to work on /home/airflow/.local/lib/python3.7/site-packages/airflow/example_dags/example_sensors.py
[2023-01-19T20:43:26.351+0000] {processor.py:743} INFO - Processing file /home/airflow/.local/lib/python3.7/site-packages/airflow/example_dags/example_sensors.py for tasks to queue
[2023-01-19T20:43:26.352+0000] {logging_mixin.py:137} INFO - [2023-01-19T20:43:26.352+0000] {dagbag.py:538} INFO - Filling up the DagBag from /home/airflow/.local/lib/python3.7/site-packages/airflow/example_dags/example_sensors.py
[2023-01-19T20:43:26.379+0000] {processor.py:753} INFO - DAG(s) dict_keys(['example_sensors']) retrieved from /home/airflow/.local/lib/python3.7/site-packages/airflow/example_dags/example_sensors.py
[2023-01-19T20:43:26.436+0000] {logging_mixin.py:137} INFO - [2023-01-19T20:43:26.436+0000] {dag.py:2676} INFO - Sync 1 DAGs
[2023-01-19T20:43:26.470+0000] {logging_mixin.py:137} INFO - [2023-01-19T20:43:26.470+0000] {dag.py:3427} INFO - Setting next_dagrun for example_sensors to None, run_after=None
[2023-01-19T20:43:26.498+0000] {processor.py:175} INFO - Processing /home/airflow/.local/lib/python3.7/site-packages/airflow/example_dags/example_sensors.py took 0.155 seconds
[2023-01-19T20:43:56.787+0000] {processor.py:153} INFO - Started process (PID=2523) to work on /home/airflow/.local/lib/python3.7/site-packages/airflow/example_dags/example_sensors.py
[2023-01-19T20:43:56.788+0000] {processor.py:743} INFO - Processing file /home/airflow/.local/lib/python3.7/site-packages/airflow/example_dags/example_sensors.py for tasks to queue
[2023-01-19T20:43:56.789+0000] {logging_mixin.py:137} INFO - [2023-01-19T20:43:56.789+0000] {dagbag.py:538} INFO - Filling up the DagBag from /home/airflow/.local/lib/python3.7/site-packages/airflow/example_dags/example_sensors.py
[2023-01-19T20:43:56.821+0000] {processor.py:753} INFO - DAG(s) dict_keys(['example_sensors']) retrieved from /home/airflow/.local/lib/python3.7/site-packages/airflow/example_dags/example_sensors.py
[2023-01-19T20:43:56.891+0000] {logging_mixin.py:137} INFO - [2023-01-19T20:43:56.891+0000] {dag.py:2676} INFO - Sync 1 DAGs
[2023-01-19T20:43:56.929+0000] {logging_mixin.py:137} INFO - [2023-01-19T20:43:56.929+0000] {dag.py:3427} INFO - Setting next_dagrun for example_sensors to None, run_after=None
[2023-01-19T20:43:56.959+0000] {processor.py:175} INFO - Processing /home/airflow/.local/lib/python3.7/site-packages/airflow/example_dags/example_sensors.py took 0.176 seconds
[2023-01-19T20:44:27.072+0000] {processor.py:153} INFO - Started process (PID=2610) to work on /home/airflow/.local/lib/python3.7/site-packages/airflow/example_dags/example_sensors.py
[2023-01-19T20:44:27.073+0000] {processor.py:743} INFO - Processing file /home/airflow/.local/lib/python3.7/site-packages/airflow/example_dags/example_sensors.py for tasks to queue
[2023-01-19T20:44:27.074+0000] {logging_mixin.py:137} INFO - [2023-01-19T20:44:27.074+0000] {dagbag.py:538} INFO - Filling up the DagBag from /home/airflow/.local/lib/python3.7/site-packages/airflow/example_dags/example_sensors.py
[2023-01-19T20:44:27.100+0000] {processor.py:753} INFO - DAG(s) dict_keys(['example_sensors']) retrieved from /home/airflow/.local/lib/python3.7/site-packages/airflow/example_dags/example_sensors.py
[2023-01-19T20:44:27.159+0000] {logging_mixin.py:137} INFO - [2023-01-19T20:44:27.159+0000] {dag.py:2676} INFO - Sync 1 DAGs
[2023-01-19T20:44:27.195+0000] {logging_mixin.py:137} INFO - [2023-01-19T20:44:27.195+0000] {dag.py:3427} INFO - Setting next_dagrun for example_sensors to None, run_after=None
[2023-01-19T20:44:27.223+0000] {processor.py:175} INFO - Processing /home/airflow/.local/lib/python3.7/site-packages/airflow/example_dags/example_sensors.py took 0.156 seconds
[2023-01-19T20:44:58.090+0000] {processor.py:153} INFO - Started process (PID=2684) to work on /home/airflow/.local/lib/python3.7/site-packages/airflow/example_dags/example_sensors.py
[2023-01-19T20:44:58.091+0000] {processor.py:743} INFO - Processing file /home/airflow/.local/lib/python3.7/site-packages/airflow/example_dags/example_sensors.py for tasks to queue
[2023-01-19T20:44:58.092+0000] {logging_mixin.py:137} INFO - [2023-01-19T20:44:58.092+0000] {dagbag.py:538} INFO - Filling up the DagBag from /home/airflow/.local/lib/python3.7/site-packages/airflow/example_dags/example_sensors.py
[2023-01-19T20:44:58.116+0000] {processor.py:753} INFO - DAG(s) dict_keys(['example_sensors']) retrieved from /home/airflow/.local/lib/python3.7/site-packages/airflow/example_dags/example_sensors.py
[2023-01-19T20:44:58.167+0000] {logging_mixin.py:137} INFO - [2023-01-19T20:44:58.167+0000] {dag.py:2676} INFO - Sync 1 DAGs
[2023-01-19T20:44:58.200+0000] {logging_mixin.py:137} INFO - [2023-01-19T20:44:58.200+0000] {dag.py:3427} INFO - Setting next_dagrun for example_sensors to None, run_after=None
[2023-01-19T20:44:58.226+0000] {processor.py:175} INFO - Processing /home/airflow/.local/lib/python3.7/site-packages/airflow/example_dags/example_sensors.py took 0.139 seconds
[2023-01-19T20:45:28.521+0000] {processor.py:153} INFO - Started process (PID=2756) to work on /home/airflow/.local/lib/python3.7/site-packages/airflow/example_dags/example_sensors.py
[2023-01-19T20:45:28.522+0000] {processor.py:743} INFO - Processing file /home/airflow/.local/lib/python3.7/site-packages/airflow/example_dags/example_sensors.py for tasks to queue
[2023-01-19T20:45:28.523+0000] {logging_mixin.py:137} INFO - [2023-01-19T20:45:28.523+0000] {dagbag.py:538} INFO - Filling up the DagBag from /home/airflow/.local/lib/python3.7/site-packages/airflow/example_dags/example_sensors.py
[2023-01-19T20:45:28.550+0000] {processor.py:753} INFO - DAG(s) dict_keys(['example_sensors']) retrieved from /home/airflow/.local/lib/python3.7/site-packages/airflow/example_dags/example_sensors.py
[2023-01-19T20:45:28.615+0000] {logging_mixin.py:137} INFO - [2023-01-19T20:45:28.615+0000] {dag.py:2676} INFO - Sync 1 DAGs
[2023-01-19T20:45:28.653+0000] {logging_mixin.py:137} INFO - [2023-01-19T20:45:28.652+0000] {dag.py:3427} INFO - Setting next_dagrun for example_sensors to None, run_after=None
[2023-01-19T20:45:28.678+0000] {processor.py:175} INFO - Processing /home/airflow/.local/lib/python3.7/site-packages/airflow/example_dags/example_sensors.py took 0.163 seconds
[2023-01-19T20:45:59.336+0000] {processor.py:153} INFO - Started process (PID=2844) to work on /home/airflow/.local/lib/python3.7/site-packages/airflow/example_dags/example_sensors.py
[2023-01-19T20:45:59.337+0000] {processor.py:743} INFO - Processing file /home/airflow/.local/lib/python3.7/site-packages/airflow/example_dags/example_sensors.py for tasks to queue
[2023-01-19T20:45:59.337+0000] {logging_mixin.py:137} INFO - [2023-01-19T20:45:59.337+0000] {dagbag.py:538} INFO - Filling up the DagBag from /home/airflow/.local/lib/python3.7/site-packages/airflow/example_dags/example_sensors.py
[2023-01-19T20:45:59.362+0000] {processor.py:753} INFO - DAG(s) dict_keys(['example_sensors']) retrieved from /home/airflow/.local/lib/python3.7/site-packages/airflow/example_dags/example_sensors.py
[2023-01-19T20:45:59.413+0000] {logging_mixin.py:137} INFO - [2023-01-19T20:45:59.412+0000] {dag.py:2676} INFO - Sync 1 DAGs
[2023-01-19T20:45:59.445+0000] {logging_mixin.py:137} INFO - [2023-01-19T20:45:59.445+0000] {dag.py:3427} INFO - Setting next_dagrun for example_sensors to None, run_after=None
[2023-01-19T20:45:59.471+0000] {processor.py:175} INFO - Processing /home/airflow/.local/lib/python3.7/site-packages/airflow/example_dags/example_sensors.py took 0.140 seconds
[2023-01-19T20:46:29.777+0000] {processor.py:153} INFO - Started process (PID=2916) to work on /home/airflow/.local/lib/python3.7/site-packages/airflow/example_dags/example_sensors.py
[2023-01-19T20:46:29.778+0000] {processor.py:743} INFO - Processing file /home/airflow/.local/lib/python3.7/site-packages/airflow/example_dags/example_sensors.py for tasks to queue
[2023-01-19T20:46:29.779+0000] {logging_mixin.py:137} INFO - [2023-01-19T20:46:29.779+0000] {dagbag.py:538} INFO - Filling up the DagBag from /home/airflow/.local/lib/python3.7/site-packages/airflow/example_dags/example_sensors.py
[2023-01-19T20:46:29.807+0000] {processor.py:753} INFO - DAG(s) dict_keys(['example_sensors']) retrieved from /home/airflow/.local/lib/python3.7/site-packages/airflow/example_dags/example_sensors.py
[2023-01-19T20:46:29.870+0000] {logging_mixin.py:137} INFO - [2023-01-19T20:46:29.870+0000] {dag.py:2676} INFO - Sync 1 DAGs
[2023-01-19T20:46:29.903+0000] {logging_mixin.py:137} INFO - [2023-01-19T20:46:29.903+0000] {dag.py:3427} INFO - Setting next_dagrun for example_sensors to None, run_after=None
[2023-01-19T20:46:29.926+0000] {processor.py:175} INFO - Processing /home/airflow/.local/lib/python3.7/site-packages/airflow/example_dags/example_sensors.py took 0.154 seconds
[2023-01-19T20:47:00.502+0000] {processor.py:153} INFO - Started process (PID=2988) to work on /home/airflow/.local/lib/python3.7/site-packages/airflow/example_dags/example_sensors.py
[2023-01-19T20:47:00.503+0000] {processor.py:743} INFO - Processing file /home/airflow/.local/lib/python3.7/site-packages/airflow/example_dags/example_sensors.py for tasks to queue
[2023-01-19T20:47:00.505+0000] {logging_mixin.py:137} INFO - [2023-01-19T20:47:00.504+0000] {dagbag.py:538} INFO - Filling up the DagBag from /home/airflow/.local/lib/python3.7/site-packages/airflow/example_dags/example_sensors.py
[2023-01-19T20:47:00.534+0000] {processor.py:753} INFO - DAG(s) dict_keys(['example_sensors']) retrieved from /home/airflow/.local/lib/python3.7/site-packages/airflow/example_dags/example_sensors.py
[2023-01-19T20:47:00.589+0000] {logging_mixin.py:137} INFO - [2023-01-19T20:47:00.589+0000] {dag.py:2676} INFO - Sync 1 DAGs
[2023-01-19T20:47:00.622+0000] {logging_mixin.py:137} INFO - [2023-01-19T20:47:00.622+0000] {dag.py:3427} INFO - Setting next_dagrun for example_sensors to None, run_after=None
[2023-01-19T20:47:00.652+0000] {processor.py:175} INFO - Processing /home/airflow/.local/lib/python3.7/site-packages/airflow/example_dags/example_sensors.py took 0.165 seconds
