[2023-01-19T20:21:31.535+0000] {processor.py:153} INFO - Started process (PID=84) to work on /home/airflow/.local/lib/python3.7/site-packages/airflow/example_dags/example_branch_python_dop_operator_3.py
[2023-01-19T20:21:31.536+0000] {processor.py:743} INFO - Processing file /home/airflow/.local/lib/python3.7/site-packages/airflow/example_dags/example_branch_python_dop_operator_3.py for tasks to queue
[2023-01-19T20:21:31.537+0000] {logging_mixin.py:137} INFO - [2023-01-19T20:21:31.536+0000] {dagbag.py:538} INFO - Filling up the DagBag from /home/airflow/.local/lib/python3.7/site-packages/airflow/example_dags/example_branch_python_dop_operator_3.py
[2023-01-19T20:21:31.578+0000] {processor.py:753} INFO - DAG(s) dict_keys(['example_branch_dop_operator_v3']) retrieved from /home/airflow/.local/lib/python3.7/site-packages/airflow/example_dags/example_branch_python_dop_operator_3.py
[2023-01-19T20:21:31.638+0000] {logging_mixin.py:137} INFO - [2023-01-19T20:21:31.638+0000] {dag.py:2676} INFO - Sync 1 DAGs
[2023-01-19T20:21:31.691+0000] {logging_mixin.py:137} INFO - [2023-01-19T20:21:31.691+0000] {dag.py:3427} INFO - Setting next_dagrun for example_branch_dop_operator_v3 to 2023-01-19T20:20:00+00:00, run_after=2023-01-19T20:21:00+00:00
[2023-01-19T20:21:31.716+0000] {processor.py:175} INFO - Processing /home/airflow/.local/lib/python3.7/site-packages/airflow/example_dags/example_branch_python_dop_operator_3.py took 0.187 seconds
[2023-01-19T20:22:49.587+0000] {processor.py:153} INFO - Started process (PID=84) to work on /home/airflow/.local/lib/python3.7/site-packages/airflow/example_dags/example_branch_python_dop_operator_3.py
[2023-01-19T20:22:49.603+0000] {processor.py:743} INFO - Processing file /home/airflow/.local/lib/python3.7/site-packages/airflow/example_dags/example_branch_python_dop_operator_3.py for tasks to queue
[2023-01-19T20:22:49.604+0000] {logging_mixin.py:137} INFO - [2023-01-19T20:22:49.604+0000] {dagbag.py:538} INFO - Filling up the DagBag from /home/airflow/.local/lib/python3.7/site-packages/airflow/example_dags/example_branch_python_dop_operator_3.py
[2023-01-19T20:22:49.654+0000] {processor.py:753} INFO - DAG(s) dict_keys(['example_branch_dop_operator_v3']) retrieved from /home/airflow/.local/lib/python3.7/site-packages/airflow/example_dags/example_branch_python_dop_operator_3.py
[2023-01-19T20:22:49.725+0000] {logging_mixin.py:137} INFO - [2023-01-19T20:22:49.725+0000] {dag.py:2676} INFO - Sync 1 DAGs
[2023-01-19T20:22:49.783+0000] {logging_mixin.py:137} INFO - [2023-01-19T20:22:49.783+0000] {dag.py:3427} INFO - Setting next_dagrun for example_branch_dop_operator_v3 to 2023-01-19T20:21:00+00:00, run_after=2023-01-19T20:22:00+00:00
[2023-01-19T20:22:49.819+0000] {processor.py:175} INFO - Processing /home/airflow/.local/lib/python3.7/site-packages/airflow/example_dags/example_branch_python_dop_operator_3.py took 0.242 seconds
[2023-01-19T20:23:20.322+0000] {processor.py:153} INFO - Started process (PID=156) to work on /home/airflow/.local/lib/python3.7/site-packages/airflow/example_dags/example_branch_python_dop_operator_3.py
[2023-01-19T20:23:20.325+0000] {processor.py:743} INFO - Processing file /home/airflow/.local/lib/python3.7/site-packages/airflow/example_dags/example_branch_python_dop_operator_3.py for tasks to queue
[2023-01-19T20:23:20.327+0000] {logging_mixin.py:137} INFO - [2023-01-19T20:23:20.326+0000] {dagbag.py:538} INFO - Filling up the DagBag from /home/airflow/.local/lib/python3.7/site-packages/airflow/example_dags/example_branch_python_dop_operator_3.py
[2023-01-19T20:23:20.366+0000] {processor.py:753} INFO - DAG(s) dict_keys(['example_branch_dop_operator_v3']) retrieved from /home/airflow/.local/lib/python3.7/site-packages/airflow/example_dags/example_branch_python_dop_operator_3.py
[2023-01-19T20:23:20.425+0000] {logging_mixin.py:137} INFO - [2023-01-19T20:23:20.425+0000] {dag.py:2676} INFO - Sync 1 DAGs
[2023-01-19T20:23:20.474+0000] {logging_mixin.py:137} INFO - [2023-01-19T20:23:20.474+0000] {dag.py:3427} INFO - Setting next_dagrun for example_branch_dop_operator_v3 to 2023-01-19T20:22:00+00:00, run_after=2023-01-19T20:23:00+00:00
[2023-01-19T20:23:20.502+0000] {processor.py:175} INFO - Processing /home/airflow/.local/lib/python3.7/site-packages/airflow/example_dags/example_branch_python_dop_operator_3.py took 0.185 seconds
[2023-01-19T20:23:50.588+0000] {processor.py:153} INFO - Started process (PID=228) to work on /home/airflow/.local/lib/python3.7/site-packages/airflow/example_dags/example_branch_python_dop_operator_3.py
[2023-01-19T20:23:50.590+0000] {processor.py:743} INFO - Processing file /home/airflow/.local/lib/python3.7/site-packages/airflow/example_dags/example_branch_python_dop_operator_3.py for tasks to queue
[2023-01-19T20:23:50.590+0000] {logging_mixin.py:137} INFO - [2023-01-19T20:23:50.590+0000] {dagbag.py:538} INFO - Filling up the DagBag from /home/airflow/.local/lib/python3.7/site-packages/airflow/example_dags/example_branch_python_dop_operator_3.py
[2023-01-19T20:23:50.623+0000] {processor.py:753} INFO - DAG(s) dict_keys(['example_branch_dop_operator_v3']) retrieved from /home/airflow/.local/lib/python3.7/site-packages/airflow/example_dags/example_branch_python_dop_operator_3.py
[2023-01-19T20:23:50.679+0000] {logging_mixin.py:137} INFO - [2023-01-19T20:23:50.678+0000] {dag.py:2676} INFO - Sync 1 DAGs
[2023-01-19T20:23:50.725+0000] {logging_mixin.py:137} INFO - [2023-01-19T20:23:50.725+0000] {dag.py:3427} INFO - Setting next_dagrun for example_branch_dop_operator_v3 to 2023-01-19T20:22:00+00:00, run_after=2023-01-19T20:23:00+00:00
[2023-01-19T20:23:50.754+0000] {processor.py:175} INFO - Processing /home/airflow/.local/lib/python3.7/site-packages/airflow/example_dags/example_branch_python_dop_operator_3.py took 0.172 seconds
[2023-01-19T20:24:21.048+0000] {processor.py:153} INFO - Started process (PID=317) to work on /home/airflow/.local/lib/python3.7/site-packages/airflow/example_dags/example_branch_python_dop_operator_3.py
[2023-01-19T20:24:21.049+0000] {processor.py:743} INFO - Processing file /home/airflow/.local/lib/python3.7/site-packages/airflow/example_dags/example_branch_python_dop_operator_3.py for tasks to queue
[2023-01-19T20:24:21.050+0000] {logging_mixin.py:137} INFO - [2023-01-19T20:24:21.050+0000] {dagbag.py:538} INFO - Filling up the DagBag from /home/airflow/.local/lib/python3.7/site-packages/airflow/example_dags/example_branch_python_dop_operator_3.py
[2023-01-19T20:24:21.087+0000] {processor.py:753} INFO - DAG(s) dict_keys(['example_branch_dop_operator_v3']) retrieved from /home/airflow/.local/lib/python3.7/site-packages/airflow/example_dags/example_branch_python_dop_operator_3.py
[2023-01-19T20:24:21.139+0000] {logging_mixin.py:137} INFO - [2023-01-19T20:24:21.139+0000] {dag.py:2676} INFO - Sync 1 DAGs
[2023-01-19T20:24:21.184+0000] {logging_mixin.py:137} INFO - [2023-01-19T20:24:21.183+0000] {dag.py:3427} INFO - Setting next_dagrun for example_branch_dop_operator_v3 to 2023-01-19T20:23:00+00:00, run_after=2023-01-19T20:24:00+00:00
[2023-01-19T20:24:21.214+0000] {processor.py:175} INFO - Processing /home/airflow/.local/lib/python3.7/site-packages/airflow/example_dags/example_branch_python_dop_operator_3.py took 0.170 seconds
[2023-01-19T20:24:51.248+0000] {processor.py:153} INFO - Started process (PID=388) to work on /home/airflow/.local/lib/python3.7/site-packages/airflow/example_dags/example_branch_python_dop_operator_3.py
[2023-01-19T20:24:51.250+0000] {processor.py:743} INFO - Processing file /home/airflow/.local/lib/python3.7/site-packages/airflow/example_dags/example_branch_python_dop_operator_3.py for tasks to queue
[2023-01-19T20:24:51.250+0000] {logging_mixin.py:137} INFO - [2023-01-19T20:24:51.250+0000] {dagbag.py:538} INFO - Filling up the DagBag from /home/airflow/.local/lib/python3.7/site-packages/airflow/example_dags/example_branch_python_dop_operator_3.py
[2023-01-19T20:24:51.281+0000] {processor.py:753} INFO - DAG(s) dict_keys(['example_branch_dop_operator_v3']) retrieved from /home/airflow/.local/lib/python3.7/site-packages/airflow/example_dags/example_branch_python_dop_operator_3.py
[2023-01-19T20:24:51.330+0000] {logging_mixin.py:137} INFO - [2023-01-19T20:24:51.330+0000] {dag.py:2676} INFO - Sync 1 DAGs
[2023-01-19T20:24:51.375+0000] {logging_mixin.py:137} INFO - [2023-01-19T20:24:51.375+0000] {dag.py:3427} INFO - Setting next_dagrun for example_branch_dop_operator_v3 to 2023-01-19T20:23:00+00:00, run_after=2023-01-19T20:24:00+00:00
[2023-01-19T20:24:51.407+0000] {processor.py:175} INFO - Processing /home/airflow/.local/lib/python3.7/site-packages/airflow/example_dags/example_branch_python_dop_operator_3.py took 0.162 seconds
[2023-01-19T20:25:21.586+0000] {processor.py:153} INFO - Started process (PID=460) to work on /home/airflow/.local/lib/python3.7/site-packages/airflow/example_dags/example_branch_python_dop_operator_3.py
[2023-01-19T20:25:21.587+0000] {processor.py:743} INFO - Processing file /home/airflow/.local/lib/python3.7/site-packages/airflow/example_dags/example_branch_python_dop_operator_3.py for tasks to queue
[2023-01-19T20:25:21.588+0000] {logging_mixin.py:137} INFO - [2023-01-19T20:25:21.588+0000] {dagbag.py:538} INFO - Filling up the DagBag from /home/airflow/.local/lib/python3.7/site-packages/airflow/example_dags/example_branch_python_dop_operator_3.py
[2023-01-19T20:25:21.621+0000] {processor.py:753} INFO - DAG(s) dict_keys(['example_branch_dop_operator_v3']) retrieved from /home/airflow/.local/lib/python3.7/site-packages/airflow/example_dags/example_branch_python_dop_operator_3.py
[2023-01-19T20:25:21.673+0000] {logging_mixin.py:137} INFO - [2023-01-19T20:25:21.672+0000] {dag.py:2676} INFO - Sync 1 DAGs
[2023-01-19T20:25:21.717+0000] {logging_mixin.py:137} INFO - [2023-01-19T20:25:21.717+0000] {dag.py:3427} INFO - Setting next_dagrun for example_branch_dop_operator_v3 to 2023-01-19T20:24:00+00:00, run_after=2023-01-19T20:25:00+00:00
[2023-01-19T20:25:21.746+0000] {processor.py:175} INFO - Processing /home/airflow/.local/lib/python3.7/site-packages/airflow/example_dags/example_branch_python_dop_operator_3.py took 0.165 seconds
[2023-01-19T20:25:52.000+0000] {processor.py:153} INFO - Started process (PID=532) to work on /home/airflow/.local/lib/python3.7/site-packages/airflow/example_dags/example_branch_python_dop_operator_3.py
[2023-01-19T20:25:52.001+0000] {processor.py:743} INFO - Processing file /home/airflow/.local/lib/python3.7/site-packages/airflow/example_dags/example_branch_python_dop_operator_3.py for tasks to queue
[2023-01-19T20:25:52.002+0000] {logging_mixin.py:137} INFO - [2023-01-19T20:25:52.002+0000] {dagbag.py:538} INFO - Filling up the DagBag from /home/airflow/.local/lib/python3.7/site-packages/airflow/example_dags/example_branch_python_dop_operator_3.py
[2023-01-19T20:25:52.036+0000] {processor.py:753} INFO - DAG(s) dict_keys(['example_branch_dop_operator_v3']) retrieved from /home/airflow/.local/lib/python3.7/site-packages/airflow/example_dags/example_branch_python_dop_operator_3.py
[2023-01-19T20:25:52.076+0000] {logging_mixin.py:137} INFO - [2023-01-19T20:25:52.076+0000] {dag.py:2676} INFO - Sync 1 DAGs
[2023-01-19T20:25:52.128+0000] {logging_mixin.py:137} INFO - [2023-01-19T20:25:52.128+0000] {dag.py:3427} INFO - Setting next_dagrun for example_branch_dop_operator_v3 to 2023-01-19T20:24:00+00:00, run_after=2023-01-19T20:25:00+00:00
[2023-01-19T20:25:52.161+0000] {processor.py:175} INFO - Processing /home/airflow/.local/lib/python3.7/site-packages/airflow/example_dags/example_branch_python_dop_operator_3.py took 0.165 seconds
[2023-01-19T20:27:40.690+0000] {processor.py:153} INFO - Started process (PID=84) to work on /home/airflow/.local/lib/python3.7/site-packages/airflow/example_dags/example_branch_python_dop_operator_3.py
[2023-01-19T20:27:40.691+0000] {processor.py:743} INFO - Processing file /home/airflow/.local/lib/python3.7/site-packages/airflow/example_dags/example_branch_python_dop_operator_3.py for tasks to queue
[2023-01-19T20:27:40.692+0000] {logging_mixin.py:137} INFO - [2023-01-19T20:27:40.692+0000] {dagbag.py:538} INFO - Filling up the DagBag from /home/airflow/.local/lib/python3.7/site-packages/airflow/example_dags/example_branch_python_dop_operator_3.py
[2023-01-19T20:27:40.729+0000] {processor.py:753} INFO - DAG(s) dict_keys(['example_branch_dop_operator_v3']) retrieved from /home/airflow/.local/lib/python3.7/site-packages/airflow/example_dags/example_branch_python_dop_operator_3.py
[2023-01-19T20:27:40.911+0000] {logging_mixin.py:137} INFO - [2023-01-19T20:27:40.911+0000] {manager.py:504} INFO - Created Permission View: can delete on DAG:example_branch_dop_operator_v3
[2023-01-19T20:27:40.926+0000] {logging_mixin.py:137} INFO - [2023-01-19T20:27:40.926+0000] {manager.py:504} INFO - Created Permission View: can edit on DAG:example_branch_dop_operator_v3
[2023-01-19T20:27:40.939+0000] {logging_mixin.py:137} INFO - [2023-01-19T20:27:40.939+0000] {manager.py:504} INFO - Created Permission View: can read on DAG:example_branch_dop_operator_v3
[2023-01-19T20:27:40.939+0000] {logging_mixin.py:137} INFO - [2023-01-19T20:27:40.939+0000] {dag.py:2676} INFO - Sync 1 DAGs
[2023-01-19T20:27:40.958+0000] {logging_mixin.py:137} INFO - [2023-01-19T20:27:40.958+0000] {dag.py:2697} INFO - Creating ORM DAG for example_branch_dop_operator_v3
[2023-01-19T20:27:40.984+0000] {logging_mixin.py:137} INFO - [2023-01-19T20:27:40.984+0000] {dag.py:3427} INFO - Setting next_dagrun for example_branch_dop_operator_v3 to 2023-01-19T20:26:00+00:00, run_after=2023-01-19T20:27:00+00:00
[2023-01-19T20:27:41.024+0000] {processor.py:175} INFO - Processing /home/airflow/.local/lib/python3.7/site-packages/airflow/example_dags/example_branch_python_dop_operator_3.py took 0.338 seconds
[2023-01-19T20:28:11.402+0000] {processor.py:153} INFO - Started process (PID=163) to work on /home/airflow/.local/lib/python3.7/site-packages/airflow/example_dags/example_branch_python_dop_operator_3.py
[2023-01-19T20:28:11.404+0000] {processor.py:743} INFO - Processing file /home/airflow/.local/lib/python3.7/site-packages/airflow/example_dags/example_branch_python_dop_operator_3.py for tasks to queue
[2023-01-19T20:28:11.405+0000] {logging_mixin.py:137} INFO - [2023-01-19T20:28:11.404+0000] {dagbag.py:538} INFO - Filling up the DagBag from /home/airflow/.local/lib/python3.7/site-packages/airflow/example_dags/example_branch_python_dop_operator_3.py
[2023-01-19T20:28:11.454+0000] {processor.py:753} INFO - DAG(s) dict_keys(['example_branch_dop_operator_v3']) retrieved from /home/airflow/.local/lib/python3.7/site-packages/airflow/example_dags/example_branch_python_dop_operator_3.py
[2023-01-19T20:28:11.525+0000] {logging_mixin.py:137} INFO - [2023-01-19T20:28:11.524+0000] {dag.py:2676} INFO - Sync 1 DAGs
[2023-01-19T20:28:11.591+0000] {logging_mixin.py:137} INFO - [2023-01-19T20:28:11.591+0000] {dag.py:3427} INFO - Setting next_dagrun for example_branch_dop_operator_v3 to 2023-01-19T20:27:00+00:00, run_after=2023-01-19T20:28:00+00:00
[2023-01-19T20:28:11.632+0000] {processor.py:175} INFO - Processing /home/airflow/.local/lib/python3.7/site-packages/airflow/example_dags/example_branch_python_dop_operator_3.py took 0.236 seconds
[2023-01-19T20:28:42.288+0000] {processor.py:153} INFO - Started process (PID=244) to work on /home/airflow/.local/lib/python3.7/site-packages/airflow/example_dags/example_branch_python_dop_operator_3.py
[2023-01-19T20:28:42.290+0000] {processor.py:743} INFO - Processing file /home/airflow/.local/lib/python3.7/site-packages/airflow/example_dags/example_branch_python_dop_operator_3.py for tasks to queue
[2023-01-19T20:28:42.291+0000] {logging_mixin.py:137} INFO - [2023-01-19T20:28:42.290+0000] {dagbag.py:538} INFO - Filling up the DagBag from /home/airflow/.local/lib/python3.7/site-packages/airflow/example_dags/example_branch_python_dop_operator_3.py
[2023-01-19T20:28:42.334+0000] {processor.py:753} INFO - DAG(s) dict_keys(['example_branch_dop_operator_v3']) retrieved from /home/airflow/.local/lib/python3.7/site-packages/airflow/example_dags/example_branch_python_dop_operator_3.py
[2023-01-19T20:28:42.395+0000] {logging_mixin.py:137} INFO - [2023-01-19T20:28:42.395+0000] {dag.py:2676} INFO - Sync 1 DAGs
[2023-01-19T20:28:42.449+0000] {logging_mixin.py:137} INFO - [2023-01-19T20:28:42.449+0000] {dag.py:3427} INFO - Setting next_dagrun for example_branch_dop_operator_v3 to 2023-01-19T20:27:00+00:00, run_after=2023-01-19T20:28:00+00:00
[2023-01-19T20:28:42.483+0000] {processor.py:175} INFO - Processing /home/airflow/.local/lib/python3.7/site-packages/airflow/example_dags/example_branch_python_dop_operator_3.py took 0.198 seconds
[2023-01-19T20:29:12.701+0000] {processor.py:153} INFO - Started process (PID=317) to work on /home/airflow/.local/lib/python3.7/site-packages/airflow/example_dags/example_branch_python_dop_operator_3.py
[2023-01-19T20:29:12.702+0000] {processor.py:743} INFO - Processing file /home/airflow/.local/lib/python3.7/site-packages/airflow/example_dags/example_branch_python_dop_operator_3.py for tasks to queue
[2023-01-19T20:29:12.703+0000] {logging_mixin.py:137} INFO - [2023-01-19T20:29:12.703+0000] {dagbag.py:538} INFO - Filling up the DagBag from /home/airflow/.local/lib/python3.7/site-packages/airflow/example_dags/example_branch_python_dop_operator_3.py
[2023-01-19T20:29:12.742+0000] {processor.py:753} INFO - DAG(s) dict_keys(['example_branch_dop_operator_v3']) retrieved from /home/airflow/.local/lib/python3.7/site-packages/airflow/example_dags/example_branch_python_dop_operator_3.py
[2023-01-19T20:29:12.809+0000] {logging_mixin.py:137} INFO - [2023-01-19T20:29:12.809+0000] {dag.py:2676} INFO - Sync 1 DAGs
[2023-01-19T20:29:12.860+0000] {logging_mixin.py:137} INFO - [2023-01-19T20:29:12.859+0000] {dag.py:3427} INFO - Setting next_dagrun for example_branch_dop_operator_v3 to 2023-01-19T20:28:00+00:00, run_after=2023-01-19T20:29:00+00:00
[2023-01-19T20:29:12.896+0000] {processor.py:175} INFO - Processing /home/airflow/.local/lib/python3.7/site-packages/airflow/example_dags/example_branch_python_dop_operator_3.py took 0.200 seconds
[2023-01-19T20:29:43.423+0000] {processor.py:153} INFO - Started process (PID=390) to work on /home/airflow/.local/lib/python3.7/site-packages/airflow/example_dags/example_branch_python_dop_operator_3.py
[2023-01-19T20:29:43.426+0000] {processor.py:743} INFO - Processing file /home/airflow/.local/lib/python3.7/site-packages/airflow/example_dags/example_branch_python_dop_operator_3.py for tasks to queue
[2023-01-19T20:29:43.427+0000] {logging_mixin.py:137} INFO - [2023-01-19T20:29:43.427+0000] {dagbag.py:538} INFO - Filling up the DagBag from /home/airflow/.local/lib/python3.7/site-packages/airflow/example_dags/example_branch_python_dop_operator_3.py
[2023-01-19T20:29:43.484+0000] {processor.py:753} INFO - DAG(s) dict_keys(['example_branch_dop_operator_v3']) retrieved from /home/airflow/.local/lib/python3.7/site-packages/airflow/example_dags/example_branch_python_dop_operator_3.py
[2023-01-19T20:29:43.564+0000] {logging_mixin.py:137} INFO - [2023-01-19T20:29:43.563+0000] {dag.py:2676} INFO - Sync 1 DAGs
[2023-01-19T20:29:43.634+0000] {logging_mixin.py:137} INFO - [2023-01-19T20:29:43.633+0000] {dag.py:3427} INFO - Setting next_dagrun for example_branch_dop_operator_v3 to 2023-01-19T20:28:00+00:00, run_after=2023-01-19T20:29:00+00:00
[2023-01-19T20:29:43.685+0000] {processor.py:175} INFO - Processing /home/airflow/.local/lib/python3.7/site-packages/airflow/example_dags/example_branch_python_dop_operator_3.py took 0.269 seconds
[2023-01-19T20:30:13.786+0000] {processor.py:153} INFO - Started process (PID=469) to work on /home/airflow/.local/lib/python3.7/site-packages/airflow/example_dags/example_branch_python_dop_operator_3.py
[2023-01-19T20:30:13.786+0000] {processor.py:743} INFO - Processing file /home/airflow/.local/lib/python3.7/site-packages/airflow/example_dags/example_branch_python_dop_operator_3.py for tasks to queue
[2023-01-19T20:30:13.787+0000] {logging_mixin.py:137} INFO - [2023-01-19T20:30:13.787+0000] {dagbag.py:538} INFO - Filling up the DagBag from /home/airflow/.local/lib/python3.7/site-packages/airflow/example_dags/example_branch_python_dop_operator_3.py
[2023-01-19T20:30:13.819+0000] {processor.py:753} INFO - DAG(s) dict_keys(['example_branch_dop_operator_v3']) retrieved from /home/airflow/.local/lib/python3.7/site-packages/airflow/example_dags/example_branch_python_dop_operator_3.py
[2023-01-19T20:30:13.869+0000] {logging_mixin.py:137} INFO - [2023-01-19T20:30:13.869+0000] {dag.py:2676} INFO - Sync 1 DAGs
[2023-01-19T20:30:13.924+0000] {logging_mixin.py:137} INFO - [2023-01-19T20:30:13.924+0000] {dag.py:3427} INFO - Setting next_dagrun for example_branch_dop_operator_v3 to 2023-01-19T20:29:00+00:00, run_after=2023-01-19T20:30:00+00:00
[2023-01-19T20:30:13.954+0000] {processor.py:175} INFO - Processing /home/airflow/.local/lib/python3.7/site-packages/airflow/example_dags/example_branch_python_dop_operator_3.py took 0.173 seconds
[2023-01-19T20:30:43.995+0000] {processor.py:153} INFO - Started process (PID=550) to work on /home/airflow/.local/lib/python3.7/site-packages/airflow/example_dags/example_branch_python_dop_operator_3.py
[2023-01-19T20:30:43.995+0000] {processor.py:743} INFO - Processing file /home/airflow/.local/lib/python3.7/site-packages/airflow/example_dags/example_branch_python_dop_operator_3.py for tasks to queue
[2023-01-19T20:30:43.996+0000] {logging_mixin.py:137} INFO - [2023-01-19T20:30:43.996+0000] {dagbag.py:538} INFO - Filling up the DagBag from /home/airflow/.local/lib/python3.7/site-packages/airflow/example_dags/example_branch_python_dop_operator_3.py
[2023-01-19T20:30:44.024+0000] {processor.py:753} INFO - DAG(s) dict_keys(['example_branch_dop_operator_v3']) retrieved from /home/airflow/.local/lib/python3.7/site-packages/airflow/example_dags/example_branch_python_dop_operator_3.py
[2023-01-19T20:30:44.068+0000] {logging_mixin.py:137} INFO - [2023-01-19T20:30:44.068+0000] {dag.py:2676} INFO - Sync 1 DAGs
[2023-01-19T20:30:44.105+0000] {logging_mixin.py:137} INFO - [2023-01-19T20:30:44.105+0000] {dag.py:3427} INFO - Setting next_dagrun for example_branch_dop_operator_v3 to 2023-01-19T20:29:00+00:00, run_after=2023-01-19T20:30:00+00:00
[2023-01-19T20:30:44.131+0000] {processor.py:175} INFO - Processing /home/airflow/.local/lib/python3.7/site-packages/airflow/example_dags/example_branch_python_dop_operator_3.py took 0.140 seconds
[2023-01-19T20:31:15.582+0000] {processor.py:153} INFO - Started process (PID=622) to work on /home/airflow/.local/lib/python3.7/site-packages/airflow/example_dags/example_branch_python_dop_operator_3.py
[2023-01-19T20:31:15.585+0000] {processor.py:743} INFO - Processing file /home/airflow/.local/lib/python3.7/site-packages/airflow/example_dags/example_branch_python_dop_operator_3.py for tasks to queue
[2023-01-19T20:31:15.586+0000] {logging_mixin.py:137} INFO - [2023-01-19T20:31:15.586+0000] {dagbag.py:538} INFO - Filling up the DagBag from /home/airflow/.local/lib/python3.7/site-packages/airflow/example_dags/example_branch_python_dop_operator_3.py
[2023-01-19T20:31:15.654+0000] {processor.py:753} INFO - DAG(s) dict_keys(['example_branch_dop_operator_v3']) retrieved from /home/airflow/.local/lib/python3.7/site-packages/airflow/example_dags/example_branch_python_dop_operator_3.py
[2023-01-19T20:31:15.759+0000] {logging_mixin.py:137} INFO - [2023-01-19T20:31:15.759+0000] {dag.py:2676} INFO - Sync 1 DAGs
[2023-01-19T20:31:15.830+0000] {logging_mixin.py:137} INFO - [2023-01-19T20:31:15.830+0000] {dag.py:3427} INFO - Setting next_dagrun for example_branch_dop_operator_v3 to 2023-01-19T20:30:00+00:00, run_after=2023-01-19T20:31:00+00:00
[2023-01-19T20:31:15.892+0000] {processor.py:175} INFO - Processing /home/airflow/.local/lib/python3.7/site-packages/airflow/example_dags/example_branch_python_dop_operator_3.py took 0.325 seconds
[2023-01-19T20:31:45.919+0000] {processor.py:153} INFO - Started process (PID=694) to work on /home/airflow/.local/lib/python3.7/site-packages/airflow/example_dags/example_branch_python_dop_operator_3.py
[2023-01-19T20:31:45.921+0000] {processor.py:743} INFO - Processing file /home/airflow/.local/lib/python3.7/site-packages/airflow/example_dags/example_branch_python_dop_operator_3.py for tasks to queue
[2023-01-19T20:31:45.921+0000] {logging_mixin.py:137} INFO - [2023-01-19T20:31:45.921+0000] {dagbag.py:538} INFO - Filling up the DagBag from /home/airflow/.local/lib/python3.7/site-packages/airflow/example_dags/example_branch_python_dop_operator_3.py
[2023-01-19T20:31:45.953+0000] {processor.py:753} INFO - DAG(s) dict_keys(['example_branch_dop_operator_v3']) retrieved from /home/airflow/.local/lib/python3.7/site-packages/airflow/example_dags/example_branch_python_dop_operator_3.py
[2023-01-19T20:31:45.999+0000] {logging_mixin.py:137} INFO - [2023-01-19T20:31:45.999+0000] {dag.py:2676} INFO - Sync 1 DAGs
[2023-01-19T20:31:46.037+0000] {logging_mixin.py:137} INFO - [2023-01-19T20:31:46.037+0000] {dag.py:3427} INFO - Setting next_dagrun for example_branch_dop_operator_v3 to 2023-01-19T20:30:00+00:00, run_after=2023-01-19T20:31:00+00:00
[2023-01-19T20:31:46.064+0000] {processor.py:175} INFO - Processing /home/airflow/.local/lib/python3.7/site-packages/airflow/example_dags/example_branch_python_dop_operator_3.py took 0.149 seconds
[2023-01-19T20:32:16.186+0000] {processor.py:153} INFO - Started process (PID=783) to work on /home/airflow/.local/lib/python3.7/site-packages/airflow/example_dags/example_branch_python_dop_operator_3.py
[2023-01-19T20:32:16.187+0000] {processor.py:743} INFO - Processing file /home/airflow/.local/lib/python3.7/site-packages/airflow/example_dags/example_branch_python_dop_operator_3.py for tasks to queue
[2023-01-19T20:32:16.188+0000] {logging_mixin.py:137} INFO - [2023-01-19T20:32:16.188+0000] {dagbag.py:538} INFO - Filling up the DagBag from /home/airflow/.local/lib/python3.7/site-packages/airflow/example_dags/example_branch_python_dop_operator_3.py
[2023-01-19T20:32:16.220+0000] {processor.py:753} INFO - DAG(s) dict_keys(['example_branch_dop_operator_v3']) retrieved from /home/airflow/.local/lib/python3.7/site-packages/airflow/example_dags/example_branch_python_dop_operator_3.py
[2023-01-19T20:32:16.272+0000] {logging_mixin.py:137} INFO - [2023-01-19T20:32:16.272+0000] {dag.py:2676} INFO - Sync 1 DAGs
[2023-01-19T20:32:16.318+0000] {logging_mixin.py:137} INFO - [2023-01-19T20:32:16.318+0000] {dag.py:3427} INFO - Setting next_dagrun for example_branch_dop_operator_v3 to 2023-01-19T20:31:00+00:00, run_after=2023-01-19T20:32:00+00:00
[2023-01-19T20:32:16.345+0000] {processor.py:175} INFO - Processing /home/airflow/.local/lib/python3.7/site-packages/airflow/example_dags/example_branch_python_dop_operator_3.py took 0.164 seconds
[2023-01-19T20:32:46.836+0000] {processor.py:153} INFO - Started process (PID=855) to work on /home/airflow/.local/lib/python3.7/site-packages/airflow/example_dags/example_branch_python_dop_operator_3.py
[2023-01-19T20:32:46.837+0000] {processor.py:743} INFO - Processing file /home/airflow/.local/lib/python3.7/site-packages/airflow/example_dags/example_branch_python_dop_operator_3.py for tasks to queue
[2023-01-19T20:32:46.838+0000] {logging_mixin.py:137} INFO - [2023-01-19T20:32:46.837+0000] {dagbag.py:538} INFO - Filling up the DagBag from /home/airflow/.local/lib/python3.7/site-packages/airflow/example_dags/example_branch_python_dop_operator_3.py
[2023-01-19T20:32:46.868+0000] {processor.py:753} INFO - DAG(s) dict_keys(['example_branch_dop_operator_v3']) retrieved from /home/airflow/.local/lib/python3.7/site-packages/airflow/example_dags/example_branch_python_dop_operator_3.py
[2023-01-19T20:32:46.919+0000] {logging_mixin.py:137} INFO - [2023-01-19T20:32:46.919+0000] {dag.py:2676} INFO - Sync 1 DAGs
[2023-01-19T20:32:46.959+0000] {logging_mixin.py:137} INFO - [2023-01-19T20:32:46.959+0000] {dag.py:3427} INFO - Setting next_dagrun for example_branch_dop_operator_v3 to 2023-01-19T20:31:00+00:00, run_after=2023-01-19T20:32:00+00:00
[2023-01-19T20:32:46.988+0000] {processor.py:175} INFO - Processing /home/airflow/.local/lib/python3.7/site-packages/airflow/example_dags/example_branch_python_dop_operator_3.py took 0.156 seconds
[2023-01-19T20:33:17.124+0000] {processor.py:153} INFO - Started process (PID=927) to work on /home/airflow/.local/lib/python3.7/site-packages/airflow/example_dags/example_branch_python_dop_operator_3.py
[2023-01-19T20:33:17.125+0000] {processor.py:743} INFO - Processing file /home/airflow/.local/lib/python3.7/site-packages/airflow/example_dags/example_branch_python_dop_operator_3.py for tasks to queue
[2023-01-19T20:33:17.126+0000] {logging_mixin.py:137} INFO - [2023-01-19T20:33:17.126+0000] {dagbag.py:538} INFO - Filling up the DagBag from /home/airflow/.local/lib/python3.7/site-packages/airflow/example_dags/example_branch_python_dop_operator_3.py
[2023-01-19T20:33:17.158+0000] {processor.py:753} INFO - DAG(s) dict_keys(['example_branch_dop_operator_v3']) retrieved from /home/airflow/.local/lib/python3.7/site-packages/airflow/example_dags/example_branch_python_dop_operator_3.py
[2023-01-19T20:33:17.208+0000] {logging_mixin.py:137} INFO - [2023-01-19T20:33:17.208+0000] {dag.py:2676} INFO - Sync 1 DAGs
[2023-01-19T20:33:17.253+0000] {logging_mixin.py:137} INFO - [2023-01-19T20:33:17.253+0000] {dag.py:3427} INFO - Setting next_dagrun for example_branch_dop_operator_v3 to 2023-01-19T20:32:00+00:00, run_after=2023-01-19T20:33:00+00:00
[2023-01-19T20:33:17.280+0000] {processor.py:175} INFO - Processing /home/airflow/.local/lib/python3.7/site-packages/airflow/example_dags/example_branch_python_dop_operator_3.py took 0.160 seconds
[2023-01-19T20:33:47.463+0000] {processor.py:153} INFO - Started process (PID=999) to work on /home/airflow/.local/lib/python3.7/site-packages/airflow/example_dags/example_branch_python_dop_operator_3.py
[2023-01-19T20:33:47.464+0000] {processor.py:743} INFO - Processing file /home/airflow/.local/lib/python3.7/site-packages/airflow/example_dags/example_branch_python_dop_operator_3.py for tasks to queue
[2023-01-19T20:33:47.465+0000] {logging_mixin.py:137} INFO - [2023-01-19T20:33:47.465+0000] {dagbag.py:538} INFO - Filling up the DagBag from /home/airflow/.local/lib/python3.7/site-packages/airflow/example_dags/example_branch_python_dop_operator_3.py
[2023-01-19T20:33:47.496+0000] {processor.py:753} INFO - DAG(s) dict_keys(['example_branch_dop_operator_v3']) retrieved from /home/airflow/.local/lib/python3.7/site-packages/airflow/example_dags/example_branch_python_dop_operator_3.py
[2023-01-19T20:33:47.545+0000] {logging_mixin.py:137} INFO - [2023-01-19T20:33:47.544+0000] {dag.py:2676} INFO - Sync 1 DAGs
[2023-01-19T20:33:47.584+0000] {logging_mixin.py:137} INFO - [2023-01-19T20:33:47.584+0000] {dag.py:3427} INFO - Setting next_dagrun for example_branch_dop_operator_v3 to 2023-01-19T20:32:00+00:00, run_after=2023-01-19T20:33:00+00:00
[2023-01-19T20:33:47.614+0000] {processor.py:175} INFO - Processing /home/airflow/.local/lib/python3.7/site-packages/airflow/example_dags/example_branch_python_dop_operator_3.py took 0.154 seconds
[2023-01-19T20:34:17.677+0000] {processor.py:153} INFO - Started process (PID=1087) to work on /home/airflow/.local/lib/python3.7/site-packages/airflow/example_dags/example_branch_python_dop_operator_3.py
[2023-01-19T20:34:17.678+0000] {processor.py:743} INFO - Processing file /home/airflow/.local/lib/python3.7/site-packages/airflow/example_dags/example_branch_python_dop_operator_3.py for tasks to queue
[2023-01-19T20:34:17.678+0000] {logging_mixin.py:137} INFO - [2023-01-19T20:34:17.678+0000] {dagbag.py:538} INFO - Filling up the DagBag from /home/airflow/.local/lib/python3.7/site-packages/airflow/example_dags/example_branch_python_dop_operator_3.py
[2023-01-19T20:34:17.709+0000] {processor.py:753} INFO - DAG(s) dict_keys(['example_branch_dop_operator_v3']) retrieved from /home/airflow/.local/lib/python3.7/site-packages/airflow/example_dags/example_branch_python_dop_operator_3.py
[2023-01-19T20:34:17.763+0000] {logging_mixin.py:137} INFO - [2023-01-19T20:34:17.763+0000] {dag.py:2676} INFO - Sync 1 DAGs
[2023-01-19T20:34:17.805+0000] {logging_mixin.py:137} INFO - [2023-01-19T20:34:17.805+0000] {dag.py:3427} INFO - Setting next_dagrun for example_branch_dop_operator_v3 to 2023-01-19T20:33:00+00:00, run_after=2023-01-19T20:34:00+00:00
[2023-01-19T20:34:17.834+0000] {processor.py:175} INFO - Processing /home/airflow/.local/lib/python3.7/site-packages/airflow/example_dags/example_branch_python_dop_operator_3.py took 0.161 seconds
[2023-01-19T20:34:48.470+0000] {processor.py:153} INFO - Started process (PID=1159) to work on /home/airflow/.local/lib/python3.7/site-packages/airflow/example_dags/example_branch_python_dop_operator_3.py
[2023-01-19T20:34:48.471+0000] {processor.py:743} INFO - Processing file /home/airflow/.local/lib/python3.7/site-packages/airflow/example_dags/example_branch_python_dop_operator_3.py for tasks to queue
[2023-01-19T20:34:48.472+0000] {logging_mixin.py:137} INFO - [2023-01-19T20:34:48.472+0000] {dagbag.py:538} INFO - Filling up the DagBag from /home/airflow/.local/lib/python3.7/site-packages/airflow/example_dags/example_branch_python_dop_operator_3.py
[2023-01-19T20:34:48.540+0000] {processor.py:753} INFO - DAG(s) dict_keys(['example_branch_dop_operator_v3']) retrieved from /home/airflow/.local/lib/python3.7/site-packages/airflow/example_dags/example_branch_python_dop_operator_3.py
[2023-01-19T20:34:48.664+0000] {logging_mixin.py:137} INFO - [2023-01-19T20:34:48.664+0000] {dag.py:2676} INFO - Sync 1 DAGs
[2023-01-19T20:34:48.711+0000] {logging_mixin.py:137} INFO - [2023-01-19T20:34:48.711+0000] {dag.py:3427} INFO - Setting next_dagrun for example_branch_dop_operator_v3 to 2023-01-19T20:33:00+00:00, run_after=2023-01-19T20:34:00+00:00
[2023-01-19T20:34:48.739+0000] {processor.py:175} INFO - Processing /home/airflow/.local/lib/python3.7/site-packages/airflow/example_dags/example_branch_python_dop_operator_3.py took 0.274 seconds
[2023-01-19T20:35:19.139+0000] {processor.py:153} INFO - Started process (PID=1231) to work on /home/airflow/.local/lib/python3.7/site-packages/airflow/example_dags/example_branch_python_dop_operator_3.py
[2023-01-19T20:35:19.141+0000] {processor.py:743} INFO - Processing file /home/airflow/.local/lib/python3.7/site-packages/airflow/example_dags/example_branch_python_dop_operator_3.py for tasks to queue
[2023-01-19T20:35:19.142+0000] {logging_mixin.py:137} INFO - [2023-01-19T20:35:19.141+0000] {dagbag.py:538} INFO - Filling up the DagBag from /home/airflow/.local/lib/python3.7/site-packages/airflow/example_dags/example_branch_python_dop_operator_3.py
[2023-01-19T20:35:19.176+0000] {processor.py:753} INFO - DAG(s) dict_keys(['example_branch_dop_operator_v3']) retrieved from /home/airflow/.local/lib/python3.7/site-packages/airflow/example_dags/example_branch_python_dop_operator_3.py
[2023-01-19T20:35:19.227+0000] {logging_mixin.py:137} INFO - [2023-01-19T20:35:19.227+0000] {dag.py:2676} INFO - Sync 1 DAGs
[2023-01-19T20:35:19.269+0000] {logging_mixin.py:137} INFO - [2023-01-19T20:35:19.269+0000] {dag.py:3427} INFO - Setting next_dagrun for example_branch_dop_operator_v3 to 2023-01-19T20:34:00+00:00, run_after=2023-01-19T20:35:00+00:00
[2023-01-19T20:35:19.295+0000] {processor.py:175} INFO - Processing /home/airflow/.local/lib/python3.7/site-packages/airflow/example_dags/example_branch_python_dop_operator_3.py took 0.159 seconds
[2023-01-19T20:35:50.112+0000] {processor.py:153} INFO - Started process (PID=1319) to work on /home/airflow/.local/lib/python3.7/site-packages/airflow/example_dags/example_branch_python_dop_operator_3.py
[2023-01-19T20:35:50.113+0000] {processor.py:743} INFO - Processing file /home/airflow/.local/lib/python3.7/site-packages/airflow/example_dags/example_branch_python_dop_operator_3.py for tasks to queue
[2023-01-19T20:35:50.114+0000] {logging_mixin.py:137} INFO - [2023-01-19T20:35:50.114+0000] {dagbag.py:538} INFO - Filling up the DagBag from /home/airflow/.local/lib/python3.7/site-packages/airflow/example_dags/example_branch_python_dop_operator_3.py
[2023-01-19T20:35:50.149+0000] {processor.py:753} INFO - DAG(s) dict_keys(['example_branch_dop_operator_v3']) retrieved from /home/airflow/.local/lib/python3.7/site-packages/airflow/example_dags/example_branch_python_dop_operator_3.py
[2023-01-19T20:35:50.197+0000] {logging_mixin.py:137} INFO - [2023-01-19T20:35:50.197+0000] {dag.py:2676} INFO - Sync 1 DAGs
[2023-01-19T20:35:50.243+0000] {logging_mixin.py:137} INFO - [2023-01-19T20:35:50.243+0000] {dag.py:3427} INFO - Setting next_dagrun for example_branch_dop_operator_v3 to 2023-01-19T20:34:00+00:00, run_after=2023-01-19T20:35:00+00:00
[2023-01-19T20:35:50.270+0000] {processor.py:175} INFO - Processing /home/airflow/.local/lib/python3.7/site-packages/airflow/example_dags/example_branch_python_dop_operator_3.py took 0.162 seconds
[2023-01-19T20:36:20.779+0000] {processor.py:153} INFO - Started process (PID=1392) to work on /home/airflow/.local/lib/python3.7/site-packages/airflow/example_dags/example_branch_python_dop_operator_3.py
[2023-01-19T20:36:20.780+0000] {processor.py:743} INFO - Processing file /home/airflow/.local/lib/python3.7/site-packages/airflow/example_dags/example_branch_python_dop_operator_3.py for tasks to queue
[2023-01-19T20:36:20.781+0000] {logging_mixin.py:137} INFO - [2023-01-19T20:36:20.781+0000] {dagbag.py:538} INFO - Filling up the DagBag from /home/airflow/.local/lib/python3.7/site-packages/airflow/example_dags/example_branch_python_dop_operator_3.py
[2023-01-19T20:36:20.815+0000] {processor.py:753} INFO - DAG(s) dict_keys(['example_branch_dop_operator_v3']) retrieved from /home/airflow/.local/lib/python3.7/site-packages/airflow/example_dags/example_branch_python_dop_operator_3.py
[2023-01-19T20:36:20.863+0000] {logging_mixin.py:137} INFO - [2023-01-19T20:36:20.863+0000] {dag.py:2676} INFO - Sync 1 DAGs
[2023-01-19T20:36:20.904+0000] {logging_mixin.py:137} INFO - [2023-01-19T20:36:20.904+0000] {dag.py:3427} INFO - Setting next_dagrun for example_branch_dop_operator_v3 to 2023-01-19T20:35:00+00:00, run_after=2023-01-19T20:36:00+00:00
[2023-01-19T20:36:20.931+0000] {processor.py:175} INFO - Processing /home/airflow/.local/lib/python3.7/site-packages/airflow/example_dags/example_branch_python_dop_operator_3.py took 0.156 seconds
[2023-01-19T20:36:51.552+0000] {processor.py:153} INFO - Started process (PID=1464) to work on /home/airflow/.local/lib/python3.7/site-packages/airflow/example_dags/example_branch_python_dop_operator_3.py
[2023-01-19T20:36:51.553+0000] {processor.py:743} INFO - Processing file /home/airflow/.local/lib/python3.7/site-packages/airflow/example_dags/example_branch_python_dop_operator_3.py for tasks to queue
[2023-01-19T20:36:51.554+0000] {logging_mixin.py:137} INFO - [2023-01-19T20:36:51.554+0000] {dagbag.py:538} INFO - Filling up the DagBag from /home/airflow/.local/lib/python3.7/site-packages/airflow/example_dags/example_branch_python_dop_operator_3.py
[2023-01-19T20:36:51.595+0000] {processor.py:753} INFO - DAG(s) dict_keys(['example_branch_dop_operator_v3']) retrieved from /home/airflow/.local/lib/python3.7/site-packages/airflow/example_dags/example_branch_python_dop_operator_3.py
[2023-01-19T20:36:51.646+0000] {logging_mixin.py:137} INFO - [2023-01-19T20:36:51.646+0000] {dag.py:2676} INFO - Sync 1 DAGs
[2023-01-19T20:36:51.686+0000] {logging_mixin.py:137} INFO - [2023-01-19T20:36:51.686+0000] {dag.py:3427} INFO - Setting next_dagrun for example_branch_dop_operator_v3 to 2023-01-19T20:35:00+00:00, run_after=2023-01-19T20:36:00+00:00
[2023-01-19T20:36:51.713+0000] {processor.py:175} INFO - Processing /home/airflow/.local/lib/python3.7/site-packages/airflow/example_dags/example_branch_python_dop_operator_3.py took 0.165 seconds
[2023-01-19T20:37:22.915+0000] {processor.py:153} INFO - Started process (PID=1552) to work on /home/airflow/.local/lib/python3.7/site-packages/airflow/example_dags/example_branch_python_dop_operator_3.py
[2023-01-19T20:37:22.916+0000] {processor.py:743} INFO - Processing file /home/airflow/.local/lib/python3.7/site-packages/airflow/example_dags/example_branch_python_dop_operator_3.py for tasks to queue
[2023-01-19T20:37:22.917+0000] {logging_mixin.py:137} INFO - [2023-01-19T20:37:22.917+0000] {dagbag.py:538} INFO - Filling up the DagBag from /home/airflow/.local/lib/python3.7/site-packages/airflow/example_dags/example_branch_python_dop_operator_3.py
[2023-01-19T20:37:22.955+0000] {processor.py:753} INFO - DAG(s) dict_keys(['example_branch_dop_operator_v3']) retrieved from /home/airflow/.local/lib/python3.7/site-packages/airflow/example_dags/example_branch_python_dop_operator_3.py
[2023-01-19T20:37:23.008+0000] {logging_mixin.py:137} INFO - [2023-01-19T20:37:23.008+0000] {dag.py:2676} INFO - Sync 1 DAGs
[2023-01-19T20:37:23.049+0000] {logging_mixin.py:137} INFO - [2023-01-19T20:37:23.049+0000] {dag.py:3427} INFO - Setting next_dagrun for example_branch_dop_operator_v3 to 2023-01-19T20:36:00+00:00, run_after=2023-01-19T20:37:00+00:00
[2023-01-19T20:37:23.074+0000] {processor.py:175} INFO - Processing /home/airflow/.local/lib/python3.7/site-packages/airflow/example_dags/example_branch_python_dop_operator_3.py took 0.163 seconds
[2023-01-19T20:37:53.897+0000] {processor.py:153} INFO - Started process (PID=1624) to work on /home/airflow/.local/lib/python3.7/site-packages/airflow/example_dags/example_branch_python_dop_operator_3.py
[2023-01-19T20:37:53.898+0000] {processor.py:743} INFO - Processing file /home/airflow/.local/lib/python3.7/site-packages/airflow/example_dags/example_branch_python_dop_operator_3.py for tasks to queue
[2023-01-19T20:37:53.899+0000] {logging_mixin.py:137} INFO - [2023-01-19T20:37:53.898+0000] {dagbag.py:538} INFO - Filling up the DagBag from /home/airflow/.local/lib/python3.7/site-packages/airflow/example_dags/example_branch_python_dop_operator_3.py
[2023-01-19T20:37:53.930+0000] {processor.py:753} INFO - DAG(s) dict_keys(['example_branch_dop_operator_v3']) retrieved from /home/airflow/.local/lib/python3.7/site-packages/airflow/example_dags/example_branch_python_dop_operator_3.py
[2023-01-19T20:37:53.979+0000] {logging_mixin.py:137} INFO - [2023-01-19T20:37:53.979+0000] {dag.py:2676} INFO - Sync 1 DAGs
[2023-01-19T20:37:54.019+0000] {logging_mixin.py:137} INFO - [2023-01-19T20:37:54.018+0000] {dag.py:3427} INFO - Setting next_dagrun for example_branch_dop_operator_v3 to 2023-01-19T20:36:00+00:00, run_after=2023-01-19T20:37:00+00:00
[2023-01-19T20:37:54.048+0000] {processor.py:175} INFO - Processing /home/airflow/.local/lib/python3.7/site-packages/airflow/example_dags/example_branch_python_dop_operator_3.py took 0.155 seconds
[2023-01-19T20:38:24.296+0000] {processor.py:153} INFO - Started process (PID=1703) to work on /home/airflow/.local/lib/python3.7/site-packages/airflow/example_dags/example_branch_python_dop_operator_3.py
[2023-01-19T20:38:24.297+0000] {processor.py:743} INFO - Processing file /home/airflow/.local/lib/python3.7/site-packages/airflow/example_dags/example_branch_python_dop_operator_3.py for tasks to queue
[2023-01-19T20:38:24.298+0000] {logging_mixin.py:137} INFO - [2023-01-19T20:38:24.298+0000] {dagbag.py:538} INFO - Filling up the DagBag from /home/airflow/.local/lib/python3.7/site-packages/airflow/example_dags/example_branch_python_dop_operator_3.py
[2023-01-19T20:38:24.336+0000] {processor.py:753} INFO - DAG(s) dict_keys(['example_branch_dop_operator_v3']) retrieved from /home/airflow/.local/lib/python3.7/site-packages/airflow/example_dags/example_branch_python_dop_operator_3.py
[2023-01-19T20:38:24.390+0000] {logging_mixin.py:137} INFO - [2023-01-19T20:38:24.390+0000] {dag.py:2676} INFO - Sync 1 DAGs
[2023-01-19T20:38:24.435+0000] {logging_mixin.py:137} INFO - [2023-01-19T20:38:24.435+0000] {dag.py:3427} INFO - Setting next_dagrun for example_branch_dop_operator_v3 to 2023-01-19T20:37:00+00:00, run_after=2023-01-19T20:38:00+00:00
[2023-01-19T20:38:24.465+0000] {processor.py:175} INFO - Processing /home/airflow/.local/lib/python3.7/site-packages/airflow/example_dags/example_branch_python_dop_operator_3.py took 0.172 seconds
[2023-01-19T20:38:55.308+0000] {processor.py:153} INFO - Started process (PID=1784) to work on /home/airflow/.local/lib/python3.7/site-packages/airflow/example_dags/example_branch_python_dop_operator_3.py
[2023-01-19T20:38:55.309+0000] {processor.py:743} INFO - Processing file /home/airflow/.local/lib/python3.7/site-packages/airflow/example_dags/example_branch_python_dop_operator_3.py for tasks to queue
[2023-01-19T20:38:55.310+0000] {logging_mixin.py:137} INFO - [2023-01-19T20:38:55.310+0000] {dagbag.py:538} INFO - Filling up the DagBag from /home/airflow/.local/lib/python3.7/site-packages/airflow/example_dags/example_branch_python_dop_operator_3.py
[2023-01-19T20:38:55.342+0000] {processor.py:753} INFO - DAG(s) dict_keys(['example_branch_dop_operator_v3']) retrieved from /home/airflow/.local/lib/python3.7/site-packages/airflow/example_dags/example_branch_python_dop_operator_3.py
[2023-01-19T20:38:55.394+0000] {logging_mixin.py:137} INFO - [2023-01-19T20:38:55.394+0000] {dag.py:2676} INFO - Sync 1 DAGs
[2023-01-19T20:38:55.435+0000] {logging_mixin.py:137} INFO - [2023-01-19T20:38:55.435+0000] {dag.py:3427} INFO - Setting next_dagrun for example_branch_dop_operator_v3 to 2023-01-19T20:37:00+00:00, run_after=2023-01-19T20:38:00+00:00
[2023-01-19T20:38:55.465+0000] {processor.py:175} INFO - Processing /home/airflow/.local/lib/python3.7/site-packages/airflow/example_dags/example_branch_python_dop_operator_3.py took 0.161 seconds
[2023-01-19T20:39:25.635+0000] {processor.py:153} INFO - Started process (PID=1856) to work on /home/airflow/.local/lib/python3.7/site-packages/airflow/example_dags/example_branch_python_dop_operator_3.py
[2023-01-19T20:39:25.636+0000] {processor.py:743} INFO - Processing file /home/airflow/.local/lib/python3.7/site-packages/airflow/example_dags/example_branch_python_dop_operator_3.py for tasks to queue
[2023-01-19T20:39:25.637+0000] {logging_mixin.py:137} INFO - [2023-01-19T20:39:25.637+0000] {dagbag.py:538} INFO - Filling up the DagBag from /home/airflow/.local/lib/python3.7/site-packages/airflow/example_dags/example_branch_python_dop_operator_3.py
[2023-01-19T20:39:25.673+0000] {processor.py:753} INFO - DAG(s) dict_keys(['example_branch_dop_operator_v3']) retrieved from /home/airflow/.local/lib/python3.7/site-packages/airflow/example_dags/example_branch_python_dop_operator_3.py
[2023-01-19T20:39:25.721+0000] {logging_mixin.py:137} INFO - [2023-01-19T20:39:25.721+0000] {dag.py:2676} INFO - Sync 1 DAGs
[2023-01-19T20:39:25.762+0000] {logging_mixin.py:137} INFO - [2023-01-19T20:39:25.762+0000] {dag.py:3427} INFO - Setting next_dagrun for example_branch_dop_operator_v3 to 2023-01-19T20:38:00+00:00, run_after=2023-01-19T20:39:00+00:00
[2023-01-19T20:39:25.794+0000] {processor.py:175} INFO - Processing /home/airflow/.local/lib/python3.7/site-packages/airflow/example_dags/example_branch_python_dop_operator_3.py took 0.164 seconds
[2023-01-19T20:39:55.919+0000] {processor.py:153} INFO - Started process (PID=1928) to work on /home/airflow/.local/lib/python3.7/site-packages/airflow/example_dags/example_branch_python_dop_operator_3.py
[2023-01-19T20:39:55.920+0000] {processor.py:743} INFO - Processing file /home/airflow/.local/lib/python3.7/site-packages/airflow/example_dags/example_branch_python_dop_operator_3.py for tasks to queue
[2023-01-19T20:39:55.922+0000] {logging_mixin.py:137} INFO - [2023-01-19T20:39:55.921+0000] {dagbag.py:538} INFO - Filling up the DagBag from /home/airflow/.local/lib/python3.7/site-packages/airflow/example_dags/example_branch_python_dop_operator_3.py
[2023-01-19T20:39:55.967+0000] {processor.py:753} INFO - DAG(s) dict_keys(['example_branch_dop_operator_v3']) retrieved from /home/airflow/.local/lib/python3.7/site-packages/airflow/example_dags/example_branch_python_dop_operator_3.py
[2023-01-19T20:39:56.019+0000] {logging_mixin.py:137} INFO - [2023-01-19T20:39:56.018+0000] {dag.py:2676} INFO - Sync 1 DAGs
[2023-01-19T20:39:56.061+0000] {logging_mixin.py:137} INFO - [2023-01-19T20:39:56.061+0000] {dag.py:3427} INFO - Setting next_dagrun for example_branch_dop_operator_v3 to 2023-01-19T20:38:00+00:00, run_after=2023-01-19T20:39:00+00:00
[2023-01-19T20:39:56.087+0000] {processor.py:175} INFO - Processing /home/airflow/.local/lib/python3.7/site-packages/airflow/example_dags/example_branch_python_dop_operator_3.py took 0.174 seconds
[2023-01-19T20:40:26.244+0000] {processor.py:153} INFO - Started process (PID=2017) to work on /home/airflow/.local/lib/python3.7/site-packages/airflow/example_dags/example_branch_python_dop_operator_3.py
[2023-01-19T20:40:26.245+0000] {processor.py:743} INFO - Processing file /home/airflow/.local/lib/python3.7/site-packages/airflow/example_dags/example_branch_python_dop_operator_3.py for tasks to queue
[2023-01-19T20:40:26.246+0000] {logging_mixin.py:137} INFO - [2023-01-19T20:40:26.246+0000] {dagbag.py:538} INFO - Filling up the DagBag from /home/airflow/.local/lib/python3.7/site-packages/airflow/example_dags/example_branch_python_dop_operator_3.py
[2023-01-19T20:40:26.284+0000] {processor.py:753} INFO - DAG(s) dict_keys(['example_branch_dop_operator_v3']) retrieved from /home/airflow/.local/lib/python3.7/site-packages/airflow/example_dags/example_branch_python_dop_operator_3.py
[2023-01-19T20:40:26.340+0000] {logging_mixin.py:137} INFO - [2023-01-19T20:40:26.340+0000] {dag.py:2676} INFO - Sync 1 DAGs
[2023-01-19T20:40:26.385+0000] {logging_mixin.py:137} INFO - [2023-01-19T20:40:26.384+0000] {dag.py:3427} INFO - Setting next_dagrun for example_branch_dop_operator_v3 to 2023-01-19T20:39:00+00:00, run_after=2023-01-19T20:40:00+00:00
[2023-01-19T20:40:26.416+0000] {processor.py:175} INFO - Processing /home/airflow/.local/lib/python3.7/site-packages/airflow/example_dags/example_branch_python_dop_operator_3.py took 0.178 seconds
[2023-01-19T20:40:56.635+0000] {processor.py:153} INFO - Started process (PID=2089) to work on /home/airflow/.local/lib/python3.7/site-packages/airflow/example_dags/example_branch_python_dop_operator_3.py
[2023-01-19T20:40:56.636+0000] {processor.py:743} INFO - Processing file /home/airflow/.local/lib/python3.7/site-packages/airflow/example_dags/example_branch_python_dop_operator_3.py for tasks to queue
[2023-01-19T20:40:56.637+0000] {logging_mixin.py:137} INFO - [2023-01-19T20:40:56.637+0000] {dagbag.py:538} INFO - Filling up the DagBag from /home/airflow/.local/lib/python3.7/site-packages/airflow/example_dags/example_branch_python_dop_operator_3.py
[2023-01-19T20:40:56.669+0000] {processor.py:753} INFO - DAG(s) dict_keys(['example_branch_dop_operator_v3']) retrieved from /home/airflow/.local/lib/python3.7/site-packages/airflow/example_dags/example_branch_python_dop_operator_3.py
[2023-01-19T20:40:56.718+0000] {logging_mixin.py:137} INFO - [2023-01-19T20:40:56.718+0000] {dag.py:2676} INFO - Sync 1 DAGs
[2023-01-19T20:40:56.761+0000] {logging_mixin.py:137} INFO - [2023-01-19T20:40:56.761+0000] {dag.py:3427} INFO - Setting next_dagrun for example_branch_dop_operator_v3 to 2023-01-19T20:39:00+00:00, run_after=2023-01-19T20:40:00+00:00
[2023-01-19T20:40:56.792+0000] {processor.py:175} INFO - Processing /home/airflow/.local/lib/python3.7/site-packages/airflow/example_dags/example_branch_python_dop_operator_3.py took 0.160 seconds
[2023-01-19T20:41:26.969+0000] {processor.py:153} INFO - Started process (PID=2161) to work on /home/airflow/.local/lib/python3.7/site-packages/airflow/example_dags/example_branch_python_dop_operator_3.py
[2023-01-19T20:41:26.973+0000] {processor.py:743} INFO - Processing file /home/airflow/.local/lib/python3.7/site-packages/airflow/example_dags/example_branch_python_dop_operator_3.py for tasks to queue
[2023-01-19T20:41:26.975+0000] {logging_mixin.py:137} INFO - [2023-01-19T20:41:26.974+0000] {dagbag.py:538} INFO - Filling up the DagBag from /home/airflow/.local/lib/python3.7/site-packages/airflow/example_dags/example_branch_python_dop_operator_3.py
[2023-01-19T20:41:27.014+0000] {processor.py:753} INFO - DAG(s) dict_keys(['example_branch_dop_operator_v3']) retrieved from /home/airflow/.local/lib/python3.7/site-packages/airflow/example_dags/example_branch_python_dop_operator_3.py
[2023-01-19T20:41:27.063+0000] {logging_mixin.py:137} INFO - [2023-01-19T20:41:27.063+0000] {dag.py:2676} INFO - Sync 1 DAGs
[2023-01-19T20:41:27.103+0000] {logging_mixin.py:137} INFO - [2023-01-19T20:41:27.103+0000] {dag.py:3427} INFO - Setting next_dagrun for example_branch_dop_operator_v3 to 2023-01-19T20:40:00+00:00, run_after=2023-01-19T20:41:00+00:00
[2023-01-19T20:41:27.129+0000] {processor.py:175} INFO - Processing /home/airflow/.local/lib/python3.7/site-packages/airflow/example_dags/example_branch_python_dop_operator_3.py took 0.164 seconds
[2023-01-19T20:41:57.937+0000] {processor.py:153} INFO - Started process (PID=2242) to work on /home/airflow/.local/lib/python3.7/site-packages/airflow/example_dags/example_branch_python_dop_operator_3.py
[2023-01-19T20:41:57.938+0000] {processor.py:743} INFO - Processing file /home/airflow/.local/lib/python3.7/site-packages/airflow/example_dags/example_branch_python_dop_operator_3.py for tasks to queue
[2023-01-19T20:41:57.939+0000] {logging_mixin.py:137} INFO - [2023-01-19T20:41:57.939+0000] {dagbag.py:538} INFO - Filling up the DagBag from /home/airflow/.local/lib/python3.7/site-packages/airflow/example_dags/example_branch_python_dop_operator_3.py
[2023-01-19T20:41:57.976+0000] {processor.py:753} INFO - DAG(s) dict_keys(['example_branch_dop_operator_v3']) retrieved from /home/airflow/.local/lib/python3.7/site-packages/airflow/example_dags/example_branch_python_dop_operator_3.py
[2023-01-19T20:41:58.037+0000] {logging_mixin.py:137} INFO - [2023-01-19T20:41:58.037+0000] {dag.py:2676} INFO - Sync 1 DAGs
[2023-01-19T20:41:58.083+0000] {logging_mixin.py:137} INFO - [2023-01-19T20:41:58.083+0000] {dag.py:3427} INFO - Setting next_dagrun for example_branch_dop_operator_v3 to 2023-01-19T20:40:00+00:00, run_after=2023-01-19T20:41:00+00:00
[2023-01-19T20:41:58.113+0000] {processor.py:175} INFO - Processing /home/airflow/.local/lib/python3.7/site-packages/airflow/example_dags/example_branch_python_dop_operator_3.py took 0.182 seconds
[2023-01-19T20:42:28.584+0000] {processor.py:153} INFO - Started process (PID=2321) to work on /home/airflow/.local/lib/python3.7/site-packages/airflow/example_dags/example_branch_python_dop_operator_3.py
[2023-01-19T20:42:28.585+0000] {processor.py:743} INFO - Processing file /home/airflow/.local/lib/python3.7/site-packages/airflow/example_dags/example_branch_python_dop_operator_3.py for tasks to queue
[2023-01-19T20:42:28.586+0000] {logging_mixin.py:137} INFO - [2023-01-19T20:42:28.585+0000] {dagbag.py:538} INFO - Filling up the DagBag from /home/airflow/.local/lib/python3.7/site-packages/airflow/example_dags/example_branch_python_dop_operator_3.py
[2023-01-19T20:42:28.621+0000] {processor.py:753} INFO - DAG(s) dict_keys(['example_branch_dop_operator_v3']) retrieved from /home/airflow/.local/lib/python3.7/site-packages/airflow/example_dags/example_branch_python_dop_operator_3.py
[2023-01-19T20:42:28.673+0000] {logging_mixin.py:137} INFO - [2023-01-19T20:42:28.673+0000] {dag.py:2676} INFO - Sync 1 DAGs
[2023-01-19T20:42:28.715+0000] {logging_mixin.py:137} INFO - [2023-01-19T20:42:28.714+0000] {dag.py:3427} INFO - Setting next_dagrun for example_branch_dop_operator_v3 to 2023-01-19T20:41:00+00:00, run_after=2023-01-19T20:42:00+00:00
[2023-01-19T20:42:28.743+0000] {processor.py:175} INFO - Processing /home/airflow/.local/lib/python3.7/site-packages/airflow/example_dags/example_branch_python_dop_operator_3.py took 0.163 seconds
[2023-01-19T20:42:59.304+0000] {processor.py:153} INFO - Started process (PID=2393) to work on /home/airflow/.local/lib/python3.7/site-packages/airflow/example_dags/example_branch_python_dop_operator_3.py
[2023-01-19T20:42:59.305+0000] {processor.py:743} INFO - Processing file /home/airflow/.local/lib/python3.7/site-packages/airflow/example_dags/example_branch_python_dop_operator_3.py for tasks to queue
[2023-01-19T20:42:59.306+0000] {logging_mixin.py:137} INFO - [2023-01-19T20:42:59.306+0000] {dagbag.py:538} INFO - Filling up the DagBag from /home/airflow/.local/lib/python3.7/site-packages/airflow/example_dags/example_branch_python_dop_operator_3.py
[2023-01-19T20:42:59.343+0000] {processor.py:753} INFO - DAG(s) dict_keys(['example_branch_dop_operator_v3']) retrieved from /home/airflow/.local/lib/python3.7/site-packages/airflow/example_dags/example_branch_python_dop_operator_3.py
[2023-01-19T20:42:59.393+0000] {logging_mixin.py:137} INFO - [2023-01-19T20:42:59.393+0000] {dag.py:2676} INFO - Sync 1 DAGs
[2023-01-19T20:42:59.435+0000] {logging_mixin.py:137} INFO - [2023-01-19T20:42:59.435+0000] {dag.py:3427} INFO - Setting next_dagrun for example_branch_dop_operator_v3 to 2023-01-19T20:41:00+00:00, run_after=2023-01-19T20:42:00+00:00
[2023-01-19T20:42:59.462+0000] {processor.py:175} INFO - Processing /home/airflow/.local/lib/python3.7/site-packages/airflow/example_dags/example_branch_python_dop_operator_3.py took 0.163 seconds
[2023-01-19T20:43:29.728+0000] {processor.py:153} INFO - Started process (PID=2466) to work on /home/airflow/.local/lib/python3.7/site-packages/airflow/example_dags/example_branch_python_dop_operator_3.py
[2023-01-19T20:43:29.730+0000] {processor.py:743} INFO - Processing file /home/airflow/.local/lib/python3.7/site-packages/airflow/example_dags/example_branch_python_dop_operator_3.py for tasks to queue
[2023-01-19T20:43:29.731+0000] {logging_mixin.py:137} INFO - [2023-01-19T20:43:29.730+0000] {dagbag.py:538} INFO - Filling up the DagBag from /home/airflow/.local/lib/python3.7/site-packages/airflow/example_dags/example_branch_python_dop_operator_3.py
[2023-01-19T20:43:29.761+0000] {processor.py:753} INFO - DAG(s) dict_keys(['example_branch_dop_operator_v3']) retrieved from /home/airflow/.local/lib/python3.7/site-packages/airflow/example_dags/example_branch_python_dop_operator_3.py
[2023-01-19T20:43:29.810+0000] {logging_mixin.py:137} INFO - [2023-01-19T20:43:29.810+0000] {dag.py:2676} INFO - Sync 1 DAGs
[2023-01-19T20:43:29.849+0000] {logging_mixin.py:137} INFO - [2023-01-19T20:43:29.849+0000] {dag.py:3427} INFO - Setting next_dagrun for example_branch_dop_operator_v3 to 2023-01-19T20:42:00+00:00, run_after=2023-01-19T20:43:00+00:00
[2023-01-19T20:43:29.877+0000] {processor.py:175} INFO - Processing /home/airflow/.local/lib/python3.7/site-packages/airflow/example_dags/example_branch_python_dop_operator_3.py took 0.152 seconds
[2023-01-19T20:44:00.508+0000] {processor.py:153} INFO - Started process (PID=2555) to work on /home/airflow/.local/lib/python3.7/site-packages/airflow/example_dags/example_branch_python_dop_operator_3.py
[2023-01-19T20:44:00.509+0000] {processor.py:743} INFO - Processing file /home/airflow/.local/lib/python3.7/site-packages/airflow/example_dags/example_branch_python_dop_operator_3.py for tasks to queue
[2023-01-19T20:44:00.510+0000] {logging_mixin.py:137} INFO - [2023-01-19T20:44:00.510+0000] {dagbag.py:538} INFO - Filling up the DagBag from /home/airflow/.local/lib/python3.7/site-packages/airflow/example_dags/example_branch_python_dop_operator_3.py
[2023-01-19T20:44:00.547+0000] {processor.py:753} INFO - DAG(s) dict_keys(['example_branch_dop_operator_v3']) retrieved from /home/airflow/.local/lib/python3.7/site-packages/airflow/example_dags/example_branch_python_dop_operator_3.py
[2023-01-19T20:44:00.597+0000] {logging_mixin.py:137} INFO - [2023-01-19T20:44:00.596+0000] {dag.py:2676} INFO - Sync 1 DAGs
[2023-01-19T20:44:00.641+0000] {logging_mixin.py:137} INFO - [2023-01-19T20:44:00.641+0000] {dag.py:3427} INFO - Setting next_dagrun for example_branch_dop_operator_v3 to 2023-01-19T20:43:00+00:00, run_after=2023-01-19T20:44:00+00:00
[2023-01-19T20:44:00.669+0000] {processor.py:175} INFO - Processing /home/airflow/.local/lib/python3.7/site-packages/airflow/example_dags/example_branch_python_dop_operator_3.py took 0.166 seconds
[2023-01-19T20:44:30.781+0000] {processor.py:153} INFO - Started process (PID=2627) to work on /home/airflow/.local/lib/python3.7/site-packages/airflow/example_dags/example_branch_python_dop_operator_3.py
[2023-01-19T20:44:30.782+0000] {processor.py:743} INFO - Processing file /home/airflow/.local/lib/python3.7/site-packages/airflow/example_dags/example_branch_python_dop_operator_3.py for tasks to queue
[2023-01-19T20:44:30.783+0000] {logging_mixin.py:137} INFO - [2023-01-19T20:44:30.783+0000] {dagbag.py:538} INFO - Filling up the DagBag from /home/airflow/.local/lib/python3.7/site-packages/airflow/example_dags/example_branch_python_dop_operator_3.py
[2023-01-19T20:44:30.814+0000] {processor.py:753} INFO - DAG(s) dict_keys(['example_branch_dop_operator_v3']) retrieved from /home/airflow/.local/lib/python3.7/site-packages/airflow/example_dags/example_branch_python_dop_operator_3.py
[2023-01-19T20:44:30.865+0000] {logging_mixin.py:137} INFO - [2023-01-19T20:44:30.865+0000] {dag.py:2676} INFO - Sync 1 DAGs
[2023-01-19T20:44:30.907+0000] {logging_mixin.py:137} INFO - [2023-01-19T20:44:30.907+0000] {dag.py:3427} INFO - Setting next_dagrun for example_branch_dop_operator_v3 to 2023-01-19T20:43:00+00:00, run_after=2023-01-19T20:44:00+00:00
[2023-01-19T20:44:30.933+0000] {processor.py:175} INFO - Processing /home/airflow/.local/lib/python3.7/site-packages/airflow/example_dags/example_branch_python_dop_operator_3.py took 0.157 seconds
[2023-01-19T20:45:01.379+0000] {processor.py:153} INFO - Started process (PID=2700) to work on /home/airflow/.local/lib/python3.7/site-packages/airflow/example_dags/example_branch_python_dop_operator_3.py
[2023-01-19T20:45:01.381+0000] {processor.py:743} INFO - Processing file /home/airflow/.local/lib/python3.7/site-packages/airflow/example_dags/example_branch_python_dop_operator_3.py for tasks to queue
[2023-01-19T20:45:01.382+0000] {logging_mixin.py:137} INFO - [2023-01-19T20:45:01.381+0000] {dagbag.py:538} INFO - Filling up the DagBag from /home/airflow/.local/lib/python3.7/site-packages/airflow/example_dags/example_branch_python_dop_operator_3.py
[2023-01-19T20:45:01.415+0000] {processor.py:753} INFO - DAG(s) dict_keys(['example_branch_dop_operator_v3']) retrieved from /home/airflow/.local/lib/python3.7/site-packages/airflow/example_dags/example_branch_python_dop_operator_3.py
[2023-01-19T20:45:01.476+0000] {logging_mixin.py:137} INFO - [2023-01-19T20:45:01.476+0000] {dag.py:2676} INFO - Sync 1 DAGs
[2023-01-19T20:45:01.522+0000] {logging_mixin.py:137} INFO - [2023-01-19T20:45:01.522+0000] {dag.py:3427} INFO - Setting next_dagrun for example_branch_dop_operator_v3 to 2023-01-19T20:44:00+00:00, run_after=2023-01-19T20:45:00+00:00
[2023-01-19T20:45:01.549+0000] {processor.py:175} INFO - Processing /home/airflow/.local/lib/python3.7/site-packages/airflow/example_dags/example_branch_python_dop_operator_3.py took 0.174 seconds
[2023-01-19T20:45:31.986+0000] {processor.py:153} INFO - Started process (PID=2788) to work on /home/airflow/.local/lib/python3.7/site-packages/airflow/example_dags/example_branch_python_dop_operator_3.py
[2023-01-19T20:45:31.988+0000] {processor.py:743} INFO - Processing file /home/airflow/.local/lib/python3.7/site-packages/airflow/example_dags/example_branch_python_dop_operator_3.py for tasks to queue
[2023-01-19T20:45:31.989+0000] {logging_mixin.py:137} INFO - [2023-01-19T20:45:31.989+0000] {dagbag.py:538} INFO - Filling up the DagBag from /home/airflow/.local/lib/python3.7/site-packages/airflow/example_dags/example_branch_python_dop_operator_3.py
[2023-01-19T20:45:32.027+0000] {processor.py:753} INFO - DAG(s) dict_keys(['example_branch_dop_operator_v3']) retrieved from /home/airflow/.local/lib/python3.7/site-packages/airflow/example_dags/example_branch_python_dop_operator_3.py
[2023-01-19T20:45:32.084+0000] {logging_mixin.py:137} INFO - [2023-01-19T20:45:32.084+0000] {dag.py:2676} INFO - Sync 1 DAGs
[2023-01-19T20:45:32.136+0000] {logging_mixin.py:137} INFO - [2023-01-19T20:45:32.136+0000] {dag.py:3427} INFO - Setting next_dagrun for example_branch_dop_operator_v3 to 2023-01-19T20:44:00+00:00, run_after=2023-01-19T20:45:00+00:00
[2023-01-19T20:45:32.166+0000] {processor.py:175} INFO - Processing /home/airflow/.local/lib/python3.7/site-packages/airflow/example_dags/example_branch_python_dop_operator_3.py took 0.185 seconds
[2023-01-19T20:46:02.641+0000] {processor.py:153} INFO - Started process (PID=2860) to work on /home/airflow/.local/lib/python3.7/site-packages/airflow/example_dags/example_branch_python_dop_operator_3.py
[2023-01-19T20:46:02.642+0000] {processor.py:743} INFO - Processing file /home/airflow/.local/lib/python3.7/site-packages/airflow/example_dags/example_branch_python_dop_operator_3.py for tasks to queue
[2023-01-19T20:46:02.643+0000] {logging_mixin.py:137} INFO - [2023-01-19T20:46:02.643+0000] {dagbag.py:538} INFO - Filling up the DagBag from /home/airflow/.local/lib/python3.7/site-packages/airflow/example_dags/example_branch_python_dop_operator_3.py
[2023-01-19T20:46:02.681+0000] {processor.py:753} INFO - DAG(s) dict_keys(['example_branch_dop_operator_v3']) retrieved from /home/airflow/.local/lib/python3.7/site-packages/airflow/example_dags/example_branch_python_dop_operator_3.py
[2023-01-19T20:46:02.751+0000] {logging_mixin.py:137} INFO - [2023-01-19T20:46:02.750+0000] {dag.py:2676} INFO - Sync 1 DAGs
[2023-01-19T20:46:02.810+0000] {logging_mixin.py:137} INFO - [2023-01-19T20:46:02.810+0000] {dag.py:3427} INFO - Setting next_dagrun for example_branch_dop_operator_v3 to 2023-01-19T20:45:00+00:00, run_after=2023-01-19T20:46:00+00:00
[2023-01-19T20:46:02.841+0000] {processor.py:175} INFO - Processing /home/airflow/.local/lib/python3.7/site-packages/airflow/example_dags/example_branch_python_dop_operator_3.py took 0.206 seconds
[2023-01-19T20:46:33.165+0000] {processor.py:153} INFO - Started process (PID=2932) to work on /home/airflow/.local/lib/python3.7/site-packages/airflow/example_dags/example_branch_python_dop_operator_3.py
[2023-01-19T20:46:33.166+0000] {processor.py:743} INFO - Processing file /home/airflow/.local/lib/python3.7/site-packages/airflow/example_dags/example_branch_python_dop_operator_3.py for tasks to queue
[2023-01-19T20:46:33.167+0000] {logging_mixin.py:137} INFO - [2023-01-19T20:46:33.167+0000] {dagbag.py:538} INFO - Filling up the DagBag from /home/airflow/.local/lib/python3.7/site-packages/airflow/example_dags/example_branch_python_dop_operator_3.py
[2023-01-19T20:46:33.197+0000] {processor.py:753} INFO - DAG(s) dict_keys(['example_branch_dop_operator_v3']) retrieved from /home/airflow/.local/lib/python3.7/site-packages/airflow/example_dags/example_branch_python_dop_operator_3.py
[2023-01-19T20:46:33.247+0000] {logging_mixin.py:137} INFO - [2023-01-19T20:46:33.247+0000] {dag.py:2676} INFO - Sync 1 DAGs
[2023-01-19T20:46:33.287+0000] {logging_mixin.py:137} INFO - [2023-01-19T20:46:33.287+0000] {dag.py:3427} INFO - Setting next_dagrun for example_branch_dop_operator_v3 to 2023-01-19T20:45:00+00:00, run_after=2023-01-19T20:46:00+00:00
[2023-01-19T20:46:33.317+0000] {processor.py:175} INFO - Processing /home/airflow/.local/lib/python3.7/site-packages/airflow/example_dags/example_branch_python_dop_operator_3.py took 0.157 seconds
[2023-01-19T20:47:03.690+0000] {processor.py:153} INFO - Started process (PID=3013) to work on /home/airflow/.local/lib/python3.7/site-packages/airflow/example_dags/example_branch_python_dop_operator_3.py
[2023-01-19T20:47:03.692+0000] {processor.py:743} INFO - Processing file /home/airflow/.local/lib/python3.7/site-packages/airflow/example_dags/example_branch_python_dop_operator_3.py for tasks to queue
[2023-01-19T20:47:03.693+0000] {logging_mixin.py:137} INFO - [2023-01-19T20:47:03.693+0000] {dagbag.py:538} INFO - Filling up the DagBag from /home/airflow/.local/lib/python3.7/site-packages/airflow/example_dags/example_branch_python_dop_operator_3.py
[2023-01-19T20:47:03.739+0000] {processor.py:753} INFO - DAG(s) dict_keys(['example_branch_dop_operator_v3']) retrieved from /home/airflow/.local/lib/python3.7/site-packages/airflow/example_dags/example_branch_python_dop_operator_3.py
[2023-01-19T20:47:03.800+0000] {logging_mixin.py:137} INFO - [2023-01-19T20:47:03.799+0000] {dag.py:2676} INFO - Sync 1 DAGs
[2023-01-19T20:47:03.853+0000] {logging_mixin.py:137} INFO - [2023-01-19T20:47:03.853+0000] {dag.py:3427} INFO - Setting next_dagrun for example_branch_dop_operator_v3 to 2023-01-19T20:46:00+00:00, run_after=2023-01-19T20:47:00+00:00
[2023-01-19T20:47:03.891+0000] {processor.py:175} INFO - Processing /home/airflow/.local/lib/python3.7/site-packages/airflow/example_dags/example_branch_python_dop_operator_3.py took 0.209 seconds
