[2023-01-19T20:21:29.456+0000] {processor.py:153} INFO - Started process (PID=63) to work on /home/airflow/.local/lib/python3.7/site-packages/airflow/example_dags/example_dag_decorator.py
[2023-01-19T20:21:29.457+0000] {processor.py:743} INFO - Processing file /home/airflow/.local/lib/python3.7/site-packages/airflow/example_dags/example_dag_decorator.py for tasks to queue
[2023-01-19T20:21:29.458+0000] {logging_mixin.py:137} INFO - [2023-01-19T20:21:29.458+0000] {dagbag.py:538} INFO - Filling up the DagBag from /home/airflow/.local/lib/python3.7/site-packages/airflow/example_dags/example_dag_decorator.py
[2023-01-19T20:21:29.492+0000] {logging_mixin.py:137} INFO - [2023-01-19T20:21:29.492+0000] {taskmixin.py:205} WARNING - Dependency <Task(_PythonDecoratedOperator): prepare_email>, send_email already registered for DAG: example_dag_decorator
[2023-01-19T20:21:29.493+0000] {logging_mixin.py:137} INFO - [2023-01-19T20:21:29.493+0000] {taskmixin.py:205} WARNING - Dependency <Task(EmailOperator): send_email>, prepare_email already registered for DAG: example_dag_decorator
[2023-01-19T20:21:29.527+0000] {processor.py:753} INFO - DAG(s) dict_keys(['example_dag_decorator']) retrieved from /home/airflow/.local/lib/python3.7/site-packages/airflow/example_dags/example_dag_decorator.py
[2023-01-19T20:21:29.572+0000] {logging_mixin.py:137} INFO - [2023-01-19T20:21:29.572+0000] {dag.py:2676} INFO - Sync 1 DAGs
[2023-01-19T20:21:29.613+0000] {logging_mixin.py:137} INFO - [2023-01-19T20:21:29.613+0000] {dag.py:3427} INFO - Setting next_dagrun for example_dag_decorator to None, run_after=None
[2023-01-19T20:21:29.640+0000] {processor.py:175} INFO - Processing /home/airflow/.local/lib/python3.7/site-packages/airflow/example_dags/example_dag_decorator.py took 0.188 seconds
[2023-01-19T20:22:46.025+0000] {processor.py:153} INFO - Started process (PID=56) to work on /home/airflow/.local/lib/python3.7/site-packages/airflow/example_dags/example_dag_decorator.py
[2023-01-19T20:22:46.026+0000] {processor.py:743} INFO - Processing file /home/airflow/.local/lib/python3.7/site-packages/airflow/example_dags/example_dag_decorator.py for tasks to queue
[2023-01-19T20:22:46.028+0000] {logging_mixin.py:137} INFO - [2023-01-19T20:22:46.027+0000] {dagbag.py:538} INFO - Filling up the DagBag from /home/airflow/.local/lib/python3.7/site-packages/airflow/example_dags/example_dag_decorator.py
[2023-01-19T20:22:46.065+0000] {logging_mixin.py:137} INFO - [2023-01-19T20:22:46.065+0000] {taskmixin.py:205} WARNING - Dependency <Task(_PythonDecoratedOperator): prepare_email>, send_email already registered for DAG: example_dag_decorator
[2023-01-19T20:22:46.065+0000] {logging_mixin.py:137} INFO - [2023-01-19T20:22:46.065+0000] {taskmixin.py:205} WARNING - Dependency <Task(EmailOperator): send_email>, prepare_email already registered for DAG: example_dag_decorator
[2023-01-19T20:22:46.100+0000] {processor.py:753} INFO - DAG(s) dict_keys(['example_dag_decorator']) retrieved from /home/airflow/.local/lib/python3.7/site-packages/airflow/example_dags/example_dag_decorator.py
[2023-01-19T20:22:46.288+0000] {logging_mixin.py:137} INFO - [2023-01-19T20:22:46.288+0000] {dag.py:2676} INFO - Sync 1 DAGs
[2023-01-19T20:22:46.345+0000] {logging_mixin.py:137} INFO - [2023-01-19T20:22:46.345+0000] {dag.py:3427} INFO - Setting next_dagrun for example_dag_decorator to None, run_after=None
[2023-01-19T20:22:46.392+0000] {processor.py:175} INFO - Processing /home/airflow/.local/lib/python3.7/site-packages/airflow/example_dags/example_dag_decorator.py took 0.379 seconds
[2023-01-19T20:23:16.583+0000] {processor.py:153} INFO - Started process (PID=135) to work on /home/airflow/.local/lib/python3.7/site-packages/airflow/example_dags/example_dag_decorator.py
[2023-01-19T20:23:16.584+0000] {processor.py:743} INFO - Processing file /home/airflow/.local/lib/python3.7/site-packages/airflow/example_dags/example_dag_decorator.py for tasks to queue
[2023-01-19T20:23:16.585+0000] {logging_mixin.py:137} INFO - [2023-01-19T20:23:16.585+0000] {dagbag.py:538} INFO - Filling up the DagBag from /home/airflow/.local/lib/python3.7/site-packages/airflow/example_dags/example_dag_decorator.py
[2023-01-19T20:23:16.613+0000] {logging_mixin.py:137} INFO - [2023-01-19T20:23:16.613+0000] {taskmixin.py:205} WARNING - Dependency <Task(_PythonDecoratedOperator): prepare_email>, send_email already registered for DAG: example_dag_decorator
[2023-01-19T20:23:16.614+0000] {logging_mixin.py:137} INFO - [2023-01-19T20:23:16.613+0000] {taskmixin.py:205} WARNING - Dependency <Task(EmailOperator): send_email>, prepare_email already registered for DAG: example_dag_decorator
[2023-01-19T20:23:16.634+0000] {processor.py:753} INFO - DAG(s) dict_keys(['example_dag_decorator']) retrieved from /home/airflow/.local/lib/python3.7/site-packages/airflow/example_dags/example_dag_decorator.py
[2023-01-19T20:23:16.780+0000] {logging_mixin.py:137} INFO - [2023-01-19T20:23:16.780+0000] {dag.py:2676} INFO - Sync 1 DAGs
[2023-01-19T20:23:16.818+0000] {logging_mixin.py:137} INFO - [2023-01-19T20:23:16.818+0000] {dag.py:3427} INFO - Setting next_dagrun for example_dag_decorator to None, run_after=None
[2023-01-19T20:23:16.852+0000] {processor.py:175} INFO - Processing /home/airflow/.local/lib/python3.7/site-packages/airflow/example_dags/example_dag_decorator.py took 0.274 seconds
[2023-01-19T20:23:47.218+0000] {processor.py:153} INFO - Started process (PID=207) to work on /home/airflow/.local/lib/python3.7/site-packages/airflow/example_dags/example_dag_decorator.py
[2023-01-19T20:23:47.219+0000] {processor.py:743} INFO - Processing file /home/airflow/.local/lib/python3.7/site-packages/airflow/example_dags/example_dag_decorator.py for tasks to queue
[2023-01-19T20:23:47.221+0000] {logging_mixin.py:137} INFO - [2023-01-19T20:23:47.220+0000] {dagbag.py:538} INFO - Filling up the DagBag from /home/airflow/.local/lib/python3.7/site-packages/airflow/example_dags/example_dag_decorator.py
[2023-01-19T20:23:47.241+0000] {logging_mixin.py:137} INFO - [2023-01-19T20:23:47.241+0000] {taskmixin.py:205} WARNING - Dependency <Task(_PythonDecoratedOperator): prepare_email>, send_email already registered for DAG: example_dag_decorator
[2023-01-19T20:23:47.241+0000] {logging_mixin.py:137} INFO - [2023-01-19T20:23:47.241+0000] {taskmixin.py:205} WARNING - Dependency <Task(EmailOperator): send_email>, prepare_email already registered for DAG: example_dag_decorator
[2023-01-19T20:23:47.257+0000] {processor.py:753} INFO - DAG(s) dict_keys(['example_dag_decorator']) retrieved from /home/airflow/.local/lib/python3.7/site-packages/airflow/example_dags/example_dag_decorator.py
[2023-01-19T20:23:47.363+0000] {logging_mixin.py:137} INFO - [2023-01-19T20:23:47.363+0000] {dag.py:2676} INFO - Sync 1 DAGs
[2023-01-19T20:23:47.393+0000] {logging_mixin.py:137} INFO - [2023-01-19T20:23:47.393+0000] {dag.py:3427} INFO - Setting next_dagrun for example_dag_decorator to None, run_after=None
[2023-01-19T20:23:47.421+0000] {processor.py:175} INFO - Processing /home/airflow/.local/lib/python3.7/site-packages/airflow/example_dags/example_dag_decorator.py took 0.207 seconds
[2023-01-19T20:24:17.471+0000] {processor.py:153} INFO - Started process (PID=280) to work on /home/airflow/.local/lib/python3.7/site-packages/airflow/example_dags/example_dag_decorator.py
[2023-01-19T20:24:17.473+0000] {processor.py:743} INFO - Processing file /home/airflow/.local/lib/python3.7/site-packages/airflow/example_dags/example_dag_decorator.py for tasks to queue
[2023-01-19T20:24:17.473+0000] {logging_mixin.py:137} INFO - [2023-01-19T20:24:17.473+0000] {dagbag.py:538} INFO - Filling up the DagBag from /home/airflow/.local/lib/python3.7/site-packages/airflow/example_dags/example_dag_decorator.py
[2023-01-19T20:24:17.497+0000] {logging_mixin.py:137} INFO - [2023-01-19T20:24:17.497+0000] {taskmixin.py:205} WARNING - Dependency <Task(_PythonDecoratedOperator): prepare_email>, send_email already registered for DAG: example_dag_decorator
[2023-01-19T20:24:17.498+0000] {logging_mixin.py:137} INFO - [2023-01-19T20:24:17.498+0000] {taskmixin.py:205} WARNING - Dependency <Task(EmailOperator): send_email>, prepare_email already registered for DAG: example_dag_decorator
[2023-01-19T20:24:17.512+0000] {processor.py:753} INFO - DAG(s) dict_keys(['example_dag_decorator']) retrieved from /home/airflow/.local/lib/python3.7/site-packages/airflow/example_dags/example_dag_decorator.py
[2023-01-19T20:24:17.625+0000] {logging_mixin.py:137} INFO - [2023-01-19T20:24:17.624+0000] {dag.py:2676} INFO - Sync 1 DAGs
[2023-01-19T20:24:17.659+0000] {logging_mixin.py:137} INFO - [2023-01-19T20:24:17.659+0000] {dag.py:3427} INFO - Setting next_dagrun for example_dag_decorator to None, run_after=None
[2023-01-19T20:24:17.692+0000] {processor.py:175} INFO - Processing /home/airflow/.local/lib/python3.7/site-packages/airflow/example_dags/example_dag_decorator.py took 0.225 seconds
[2023-01-19T20:24:48.052+0000] {processor.py:153} INFO - Started process (PID=368) to work on /home/airflow/.local/lib/python3.7/site-packages/airflow/example_dags/example_dag_decorator.py
[2023-01-19T20:24:48.054+0000] {processor.py:743} INFO - Processing file /home/airflow/.local/lib/python3.7/site-packages/airflow/example_dags/example_dag_decorator.py for tasks to queue
[2023-01-19T20:24:48.055+0000] {logging_mixin.py:137} INFO - [2023-01-19T20:24:48.055+0000] {dagbag.py:538} INFO - Filling up the DagBag from /home/airflow/.local/lib/python3.7/site-packages/airflow/example_dags/example_dag_decorator.py
[2023-01-19T20:24:48.085+0000] {logging_mixin.py:137} INFO - [2023-01-19T20:24:48.085+0000] {taskmixin.py:205} WARNING - Dependency <Task(_PythonDecoratedOperator): prepare_email>, send_email already registered for DAG: example_dag_decorator
[2023-01-19T20:24:48.086+0000] {logging_mixin.py:137} INFO - [2023-01-19T20:24:48.085+0000] {taskmixin.py:205} WARNING - Dependency <Task(EmailOperator): send_email>, prepare_email already registered for DAG: example_dag_decorator
[2023-01-19T20:24:48.103+0000] {processor.py:753} INFO - DAG(s) dict_keys(['example_dag_decorator']) retrieved from /home/airflow/.local/lib/python3.7/site-packages/airflow/example_dags/example_dag_decorator.py
[2023-01-19T20:24:48.250+0000] {logging_mixin.py:137} INFO - [2023-01-19T20:24:48.249+0000] {dag.py:2676} INFO - Sync 1 DAGs
[2023-01-19T20:24:48.286+0000] {logging_mixin.py:137} INFO - [2023-01-19T20:24:48.286+0000] {dag.py:3427} INFO - Setting next_dagrun for example_dag_decorator to None, run_after=None
[2023-01-19T20:24:48.320+0000] {processor.py:175} INFO - Processing /home/airflow/.local/lib/python3.7/site-packages/airflow/example_dags/example_dag_decorator.py took 0.273 seconds
[2023-01-19T20:25:18.405+0000] {processor.py:153} INFO - Started process (PID=440) to work on /home/airflow/.local/lib/python3.7/site-packages/airflow/example_dags/example_dag_decorator.py
[2023-01-19T20:25:18.406+0000] {processor.py:743} INFO - Processing file /home/airflow/.local/lib/python3.7/site-packages/airflow/example_dags/example_dag_decorator.py for tasks to queue
[2023-01-19T20:25:18.407+0000] {logging_mixin.py:137} INFO - [2023-01-19T20:25:18.407+0000] {dagbag.py:538} INFO - Filling up the DagBag from /home/airflow/.local/lib/python3.7/site-packages/airflow/example_dags/example_dag_decorator.py
[2023-01-19T20:25:18.429+0000] {logging_mixin.py:137} INFO - [2023-01-19T20:25:18.429+0000] {taskmixin.py:205} WARNING - Dependency <Task(_PythonDecoratedOperator): prepare_email>, send_email already registered for DAG: example_dag_decorator
[2023-01-19T20:25:18.429+0000] {logging_mixin.py:137} INFO - [2023-01-19T20:25:18.429+0000] {taskmixin.py:205} WARNING - Dependency <Task(EmailOperator): send_email>, prepare_email already registered for DAG: example_dag_decorator
[2023-01-19T20:25:18.443+0000] {processor.py:753} INFO - DAG(s) dict_keys(['example_dag_decorator']) retrieved from /home/airflow/.local/lib/python3.7/site-packages/airflow/example_dags/example_dag_decorator.py
[2023-01-19T20:25:18.561+0000] {logging_mixin.py:137} INFO - [2023-01-19T20:25:18.560+0000] {dag.py:2676} INFO - Sync 1 DAGs
[2023-01-19T20:25:18.598+0000] {logging_mixin.py:137} INFO - [2023-01-19T20:25:18.598+0000] {dag.py:3427} INFO - Setting next_dagrun for example_dag_decorator to None, run_after=None
[2023-01-19T20:25:18.626+0000] {processor.py:175} INFO - Processing /home/airflow/.local/lib/python3.7/site-packages/airflow/example_dags/example_dag_decorator.py took 0.226 seconds
[2023-01-19T20:25:48.751+0000] {processor.py:153} INFO - Started process (PID=513) to work on /home/airflow/.local/lib/python3.7/site-packages/airflow/example_dags/example_dag_decorator.py
[2023-01-19T20:25:48.753+0000] {processor.py:743} INFO - Processing file /home/airflow/.local/lib/python3.7/site-packages/airflow/example_dags/example_dag_decorator.py for tasks to queue
[2023-01-19T20:25:48.754+0000] {logging_mixin.py:137} INFO - [2023-01-19T20:25:48.753+0000] {dagbag.py:538} INFO - Filling up the DagBag from /home/airflow/.local/lib/python3.7/site-packages/airflow/example_dags/example_dag_decorator.py
[2023-01-19T20:25:48.774+0000] {logging_mixin.py:137} INFO - [2023-01-19T20:25:48.774+0000] {taskmixin.py:205} WARNING - Dependency <Task(_PythonDecoratedOperator): prepare_email>, send_email already registered for DAG: example_dag_decorator
[2023-01-19T20:25:48.775+0000] {logging_mixin.py:137} INFO - [2023-01-19T20:25:48.774+0000] {taskmixin.py:205} WARNING - Dependency <Task(EmailOperator): send_email>, prepare_email already registered for DAG: example_dag_decorator
[2023-01-19T20:25:48.789+0000] {processor.py:753} INFO - DAG(s) dict_keys(['example_dag_decorator']) retrieved from /home/airflow/.local/lib/python3.7/site-packages/airflow/example_dags/example_dag_decorator.py
[2023-01-19T20:25:48.819+0000] {logging_mixin.py:137} INFO - [2023-01-19T20:25:48.819+0000] {dag.py:2676} INFO - Sync 1 DAGs
[2023-01-19T20:25:48.857+0000] {logging_mixin.py:137} INFO - [2023-01-19T20:25:48.857+0000] {dag.py:3427} INFO - Setting next_dagrun for example_dag_decorator to None, run_after=None
[2023-01-19T20:25:48.888+0000] {processor.py:175} INFO - Processing /home/airflow/.local/lib/python3.7/site-packages/airflow/example_dags/example_dag_decorator.py took 0.142 seconds
[2023-01-19T20:27:36.467+0000] {processor.py:153} INFO - Started process (PID=63) to work on /home/airflow/.local/lib/python3.7/site-packages/airflow/example_dags/example_dag_decorator.py
[2023-01-19T20:27:36.469+0000] {processor.py:743} INFO - Processing file /home/airflow/.local/lib/python3.7/site-packages/airflow/example_dags/example_dag_decorator.py for tasks to queue
[2023-01-19T20:27:36.470+0000] {logging_mixin.py:137} INFO - [2023-01-19T20:27:36.470+0000] {dagbag.py:538} INFO - Filling up the DagBag from /home/airflow/.local/lib/python3.7/site-packages/airflow/example_dags/example_dag_decorator.py
[2023-01-19T20:27:36.502+0000] {logging_mixin.py:137} INFO - [2023-01-19T20:27:36.502+0000] {taskmixin.py:205} WARNING - Dependency <Task(_PythonDecoratedOperator): prepare_email>, send_email already registered for DAG: example_dag_decorator
[2023-01-19T20:27:36.502+0000] {logging_mixin.py:137} INFO - [2023-01-19T20:27:36.502+0000] {taskmixin.py:205} WARNING - Dependency <Task(EmailOperator): send_email>, prepare_email already registered for DAG: example_dag_decorator
[2023-01-19T20:27:36.530+0000] {processor.py:753} INFO - DAG(s) dict_keys(['example_dag_decorator']) retrieved from /home/airflow/.local/lib/python3.7/site-packages/airflow/example_dags/example_dag_decorator.py
[2023-01-19T20:27:36.756+0000] {logging_mixin.py:137} INFO - [2023-01-19T20:27:36.756+0000] {manager.py:504} INFO - Created Permission View: can delete on DAG:example_dag_decorator
[2023-01-19T20:27:36.771+0000] {logging_mixin.py:137} INFO - [2023-01-19T20:27:36.771+0000] {manager.py:504} INFO - Created Permission View: can edit on DAG:example_dag_decorator
[2023-01-19T20:27:36.783+0000] {logging_mixin.py:137} INFO - [2023-01-19T20:27:36.783+0000] {manager.py:504} INFO - Created Permission View: can read on DAG:example_dag_decorator
[2023-01-19T20:27:36.783+0000] {logging_mixin.py:137} INFO - [2023-01-19T20:27:36.783+0000] {dag.py:2676} INFO - Sync 1 DAGs
[2023-01-19T20:27:36.809+0000] {logging_mixin.py:137} INFO - [2023-01-19T20:27:36.809+0000] {dag.py:2697} INFO - Creating ORM DAG for example_dag_decorator
[2023-01-19T20:27:36.830+0000] {logging_mixin.py:137} INFO - [2023-01-19T20:27:36.830+0000] {dag.py:3427} INFO - Setting next_dagrun for example_dag_decorator to None, run_after=None
[2023-01-19T20:27:36.859+0000] {processor.py:175} INFO - Processing /home/airflow/.local/lib/python3.7/site-packages/airflow/example_dags/example_dag_decorator.py took 0.397 seconds
[2023-01-19T20:28:07.595+0000] {processor.py:153} INFO - Started process (PID=135) to work on /home/airflow/.local/lib/python3.7/site-packages/airflow/example_dags/example_dag_decorator.py
[2023-01-19T20:28:07.598+0000] {processor.py:743} INFO - Processing file /home/airflow/.local/lib/python3.7/site-packages/airflow/example_dags/example_dag_decorator.py for tasks to queue
[2023-01-19T20:28:07.599+0000] {logging_mixin.py:137} INFO - [2023-01-19T20:28:07.599+0000] {dagbag.py:538} INFO - Filling up the DagBag from /home/airflow/.local/lib/python3.7/site-packages/airflow/example_dags/example_dag_decorator.py
[2023-01-19T20:28:07.623+0000] {logging_mixin.py:137} INFO - [2023-01-19T20:28:07.623+0000] {taskmixin.py:205} WARNING - Dependency <Task(_PythonDecoratedOperator): prepare_email>, send_email already registered for DAG: example_dag_decorator
[2023-01-19T20:28:07.623+0000] {logging_mixin.py:137} INFO - [2023-01-19T20:28:07.623+0000] {taskmixin.py:205} WARNING - Dependency <Task(EmailOperator): send_email>, prepare_email already registered for DAG: example_dag_decorator
[2023-01-19T20:28:07.638+0000] {processor.py:753} INFO - DAG(s) dict_keys(['example_dag_decorator']) retrieved from /home/airflow/.local/lib/python3.7/site-packages/airflow/example_dags/example_dag_decorator.py
[2023-01-19T20:28:07.741+0000] {logging_mixin.py:137} INFO - [2023-01-19T20:28:07.741+0000] {dag.py:2676} INFO - Sync 1 DAGs
[2023-01-19T20:28:07.772+0000] {logging_mixin.py:137} INFO - [2023-01-19T20:28:07.771+0000] {dag.py:3427} INFO - Setting next_dagrun for example_dag_decorator to None, run_after=None
[2023-01-19T20:28:07.800+0000] {processor.py:175} INFO - Processing /home/airflow/.local/lib/python3.7/site-packages/airflow/example_dags/example_dag_decorator.py took 0.208 seconds
[2023-01-19T20:28:38.000+0000] {processor.py:153} INFO - Started process (PID=207) to work on /home/airflow/.local/lib/python3.7/site-packages/airflow/example_dags/example_dag_decorator.py
[2023-01-19T20:28:38.001+0000] {processor.py:743} INFO - Processing file /home/airflow/.local/lib/python3.7/site-packages/airflow/example_dags/example_dag_decorator.py for tasks to queue
[2023-01-19T20:28:38.002+0000] {logging_mixin.py:137} INFO - [2023-01-19T20:28:38.002+0000] {dagbag.py:538} INFO - Filling up the DagBag from /home/airflow/.local/lib/python3.7/site-packages/airflow/example_dags/example_dag_decorator.py
[2023-01-19T20:28:38.029+0000] {logging_mixin.py:137} INFO - [2023-01-19T20:28:38.029+0000] {taskmixin.py:205} WARNING - Dependency <Task(_PythonDecoratedOperator): prepare_email>, send_email already registered for DAG: example_dag_decorator
[2023-01-19T20:28:38.030+0000] {logging_mixin.py:137} INFO - [2023-01-19T20:28:38.030+0000] {taskmixin.py:205} WARNING - Dependency <Task(EmailOperator): send_email>, prepare_email already registered for DAG: example_dag_decorator
[2023-01-19T20:28:38.050+0000] {processor.py:753} INFO - DAG(s) dict_keys(['example_dag_decorator']) retrieved from /home/airflow/.local/lib/python3.7/site-packages/airflow/example_dags/example_dag_decorator.py
[2023-01-19T20:28:38.314+0000] {logging_mixin.py:137} INFO - [2023-01-19T20:28:38.313+0000] {dag.py:2676} INFO - Sync 1 DAGs
[2023-01-19T20:28:38.404+0000] {logging_mixin.py:137} INFO - [2023-01-19T20:28:38.404+0000] {dag.py:3427} INFO - Setting next_dagrun for example_dag_decorator to None, run_after=None
[2023-01-19T20:28:38.504+0000] {processor.py:175} INFO - Processing /home/airflow/.local/lib/python3.7/site-packages/airflow/example_dags/example_dag_decorator.py took 0.510 seconds
[2023-01-19T20:29:09.257+0000] {processor.py:153} INFO - Started process (PID=296) to work on /home/airflow/.local/lib/python3.7/site-packages/airflow/example_dags/example_dag_decorator.py
[2023-01-19T20:29:09.259+0000] {processor.py:743} INFO - Processing file /home/airflow/.local/lib/python3.7/site-packages/airflow/example_dags/example_dag_decorator.py for tasks to queue
[2023-01-19T20:29:09.260+0000] {logging_mixin.py:137} INFO - [2023-01-19T20:29:09.260+0000] {dagbag.py:538} INFO - Filling up the DagBag from /home/airflow/.local/lib/python3.7/site-packages/airflow/example_dags/example_dag_decorator.py
[2023-01-19T20:29:09.291+0000] {logging_mixin.py:137} INFO - [2023-01-19T20:29:09.290+0000] {taskmixin.py:205} WARNING - Dependency <Task(_PythonDecoratedOperator): prepare_email>, send_email already registered for DAG: example_dag_decorator
[2023-01-19T20:29:09.291+0000] {logging_mixin.py:137} INFO - [2023-01-19T20:29:09.291+0000] {taskmixin.py:205} WARNING - Dependency <Task(EmailOperator): send_email>, prepare_email already registered for DAG: example_dag_decorator
[2023-01-19T20:29:09.313+0000] {processor.py:753} INFO - DAG(s) dict_keys(['example_dag_decorator']) retrieved from /home/airflow/.local/lib/python3.7/site-packages/airflow/example_dags/example_dag_decorator.py
[2023-01-19T20:29:09.479+0000] {logging_mixin.py:137} INFO - [2023-01-19T20:29:09.478+0000] {dag.py:2676} INFO - Sync 1 DAGs
[2023-01-19T20:29:09.525+0000] {logging_mixin.py:137} INFO - [2023-01-19T20:29:09.525+0000] {dag.py:3427} INFO - Setting next_dagrun for example_dag_decorator to None, run_after=None
[2023-01-19T20:29:09.562+0000] {processor.py:175} INFO - Processing /home/airflow/.local/lib/python3.7/site-packages/airflow/example_dags/example_dag_decorator.py took 0.313 seconds
[2023-01-19T20:29:39.599+0000] {processor.py:153} INFO - Started process (PID=369) to work on /home/airflow/.local/lib/python3.7/site-packages/airflow/example_dags/example_dag_decorator.py
[2023-01-19T20:29:39.601+0000] {processor.py:743} INFO - Processing file /home/airflow/.local/lib/python3.7/site-packages/airflow/example_dags/example_dag_decorator.py for tasks to queue
[2023-01-19T20:29:39.602+0000] {logging_mixin.py:137} INFO - [2023-01-19T20:29:39.601+0000] {dagbag.py:538} INFO - Filling up the DagBag from /home/airflow/.local/lib/python3.7/site-packages/airflow/example_dags/example_dag_decorator.py
[2023-01-19T20:29:39.625+0000] {logging_mixin.py:137} INFO - [2023-01-19T20:29:39.625+0000] {taskmixin.py:205} WARNING - Dependency <Task(_PythonDecoratedOperator): prepare_email>, send_email already registered for DAG: example_dag_decorator
[2023-01-19T20:29:39.626+0000] {logging_mixin.py:137} INFO - [2023-01-19T20:29:39.626+0000] {taskmixin.py:205} WARNING - Dependency <Task(EmailOperator): send_email>, prepare_email already registered for DAG: example_dag_decorator
[2023-01-19T20:29:39.642+0000] {processor.py:753} INFO - DAG(s) dict_keys(['example_dag_decorator']) retrieved from /home/airflow/.local/lib/python3.7/site-packages/airflow/example_dags/example_dag_decorator.py
[2023-01-19T20:29:39.740+0000] {logging_mixin.py:137} INFO - [2023-01-19T20:29:39.740+0000] {dag.py:2676} INFO - Sync 1 DAGs
[2023-01-19T20:29:39.768+0000] {logging_mixin.py:137} INFO - [2023-01-19T20:29:39.768+0000] {dag.py:3427} INFO - Setting next_dagrun for example_dag_decorator to None, run_after=None
[2023-01-19T20:29:39.794+0000] {processor.py:175} INFO - Processing /home/airflow/.local/lib/python3.7/site-packages/airflow/example_dags/example_dag_decorator.py took 0.198 seconds
[2023-01-19T20:30:10.168+0000] {processor.py:153} INFO - Started process (PID=441) to work on /home/airflow/.local/lib/python3.7/site-packages/airflow/example_dags/example_dag_decorator.py
[2023-01-19T20:30:10.169+0000] {processor.py:743} INFO - Processing file /home/airflow/.local/lib/python3.7/site-packages/airflow/example_dags/example_dag_decorator.py for tasks to queue
[2023-01-19T20:30:10.170+0000] {logging_mixin.py:137} INFO - [2023-01-19T20:30:10.169+0000] {dagbag.py:538} INFO - Filling up the DagBag from /home/airflow/.local/lib/python3.7/site-packages/airflow/example_dags/example_dag_decorator.py
[2023-01-19T20:30:10.195+0000] {logging_mixin.py:137} INFO - [2023-01-19T20:30:10.195+0000] {taskmixin.py:205} WARNING - Dependency <Task(_PythonDecoratedOperator): prepare_email>, send_email already registered for DAG: example_dag_decorator
[2023-01-19T20:30:10.195+0000] {logging_mixin.py:137} INFO - [2023-01-19T20:30:10.195+0000] {taskmixin.py:205} WARNING - Dependency <Task(EmailOperator): send_email>, prepare_email already registered for DAG: example_dag_decorator
[2023-01-19T20:30:10.215+0000] {processor.py:753} INFO - DAG(s) dict_keys(['example_dag_decorator']) retrieved from /home/airflow/.local/lib/python3.7/site-packages/airflow/example_dags/example_dag_decorator.py
[2023-01-19T20:30:10.326+0000] {logging_mixin.py:137} INFO - [2023-01-19T20:30:10.326+0000] {dag.py:2676} INFO - Sync 1 DAGs
[2023-01-19T20:30:10.356+0000] {logging_mixin.py:137} INFO - [2023-01-19T20:30:10.356+0000] {dag.py:3427} INFO - Setting next_dagrun for example_dag_decorator to None, run_after=None
[2023-01-19T20:30:10.383+0000] {processor.py:175} INFO - Processing /home/airflow/.local/lib/python3.7/site-packages/airflow/example_dags/example_dag_decorator.py took 0.219 seconds
[2023-01-19T20:30:40.592+0000] {processor.py:153} INFO - Started process (PID=520) to work on /home/airflow/.local/lib/python3.7/site-packages/airflow/example_dags/example_dag_decorator.py
[2023-01-19T20:30:40.593+0000] {processor.py:743} INFO - Processing file /home/airflow/.local/lib/python3.7/site-packages/airflow/example_dags/example_dag_decorator.py for tasks to queue
[2023-01-19T20:30:40.595+0000] {logging_mixin.py:137} INFO - [2023-01-19T20:30:40.594+0000] {dagbag.py:538} INFO - Filling up the DagBag from /home/airflow/.local/lib/python3.7/site-packages/airflow/example_dags/example_dag_decorator.py
[2023-01-19T20:30:40.625+0000] {logging_mixin.py:137} INFO - [2023-01-19T20:30:40.624+0000] {taskmixin.py:205} WARNING - Dependency <Task(_PythonDecoratedOperator): prepare_email>, send_email already registered for DAG: example_dag_decorator
[2023-01-19T20:30:40.625+0000] {logging_mixin.py:137} INFO - [2023-01-19T20:30:40.625+0000] {taskmixin.py:205} WARNING - Dependency <Task(EmailOperator): send_email>, prepare_email already registered for DAG: example_dag_decorator
[2023-01-19T20:30:40.645+0000] {processor.py:753} INFO - DAG(s) dict_keys(['example_dag_decorator']) retrieved from /home/airflow/.local/lib/python3.7/site-packages/airflow/example_dags/example_dag_decorator.py
[2023-01-19T20:30:40.761+0000] {logging_mixin.py:137} INFO - [2023-01-19T20:30:40.761+0000] {dag.py:2676} INFO - Sync 1 DAGs
[2023-01-19T20:30:40.803+0000] {logging_mixin.py:137} INFO - [2023-01-19T20:30:40.802+0000] {dag.py:3427} INFO - Setting next_dagrun for example_dag_decorator to None, run_after=None
[2023-01-19T20:30:40.842+0000] {processor.py:175} INFO - Processing /home/airflow/.local/lib/python3.7/site-packages/airflow/example_dags/example_dag_decorator.py took 0.254 seconds
[2023-01-19T20:31:12.108+0000] {processor.py:153} INFO - Started process (PID=601) to work on /home/airflow/.local/lib/python3.7/site-packages/airflow/example_dags/example_dag_decorator.py
[2023-01-19T20:31:12.111+0000] {processor.py:743} INFO - Processing file /home/airflow/.local/lib/python3.7/site-packages/airflow/example_dags/example_dag_decorator.py for tasks to queue
[2023-01-19T20:31:12.112+0000] {logging_mixin.py:137} INFO - [2023-01-19T20:31:12.112+0000] {dagbag.py:538} INFO - Filling up the DagBag from /home/airflow/.local/lib/python3.7/site-packages/airflow/example_dags/example_dag_decorator.py
[2023-01-19T20:31:12.148+0000] {logging_mixin.py:137} INFO - [2023-01-19T20:31:12.147+0000] {taskmixin.py:205} WARNING - Dependency <Task(_PythonDecoratedOperator): prepare_email>, send_email already registered for DAG: example_dag_decorator
[2023-01-19T20:31:12.148+0000] {logging_mixin.py:137} INFO - [2023-01-19T20:31:12.148+0000] {taskmixin.py:205} WARNING - Dependency <Task(EmailOperator): send_email>, prepare_email already registered for DAG: example_dag_decorator
[2023-01-19T20:31:12.178+0000] {processor.py:753} INFO - DAG(s) dict_keys(['example_dag_decorator']) retrieved from /home/airflow/.local/lib/python3.7/site-packages/airflow/example_dags/example_dag_decorator.py
[2023-01-19T20:31:12.455+0000] {logging_mixin.py:137} INFO - [2023-01-19T20:31:12.455+0000] {dag.py:2676} INFO - Sync 1 DAGs
[2023-01-19T20:31:12.538+0000] {logging_mixin.py:137} INFO - [2023-01-19T20:31:12.537+0000] {dag.py:3427} INFO - Setting next_dagrun for example_dag_decorator to None, run_after=None
[2023-01-19T20:31:12.650+0000] {processor.py:175} INFO - Processing /home/airflow/.local/lib/python3.7/site-packages/airflow/example_dags/example_dag_decorator.py took 0.547 seconds
[2023-01-19T20:31:43.661+0000] {processor.py:153} INFO - Started process (PID=674) to work on /home/airflow/.local/lib/python3.7/site-packages/airflow/example_dags/example_dag_decorator.py
[2023-01-19T20:31:43.663+0000] {processor.py:743} INFO - Processing file /home/airflow/.local/lib/python3.7/site-packages/airflow/example_dags/example_dag_decorator.py for tasks to queue
[2023-01-19T20:31:43.664+0000] {logging_mixin.py:137} INFO - [2023-01-19T20:31:43.664+0000] {dagbag.py:538} INFO - Filling up the DagBag from /home/airflow/.local/lib/python3.7/site-packages/airflow/example_dags/example_dag_decorator.py
[2023-01-19T20:31:43.691+0000] {logging_mixin.py:137} INFO - [2023-01-19T20:31:43.691+0000] {taskmixin.py:205} WARNING - Dependency <Task(_PythonDecoratedOperator): prepare_email>, send_email already registered for DAG: example_dag_decorator
[2023-01-19T20:31:43.691+0000] {logging_mixin.py:137} INFO - [2023-01-19T20:31:43.691+0000] {taskmixin.py:205} WARNING - Dependency <Task(EmailOperator): send_email>, prepare_email already registered for DAG: example_dag_decorator
[2023-01-19T20:31:43.709+0000] {processor.py:753} INFO - DAG(s) dict_keys(['example_dag_decorator']) retrieved from /home/airflow/.local/lib/python3.7/site-packages/airflow/example_dags/example_dag_decorator.py
[2023-01-19T20:31:43.839+0000] {logging_mixin.py:137} INFO - [2023-01-19T20:31:43.839+0000] {dag.py:2676} INFO - Sync 1 DAGs
[2023-01-19T20:31:43.875+0000] {logging_mixin.py:137} INFO - [2023-01-19T20:31:43.875+0000] {dag.py:3427} INFO - Setting next_dagrun for example_dag_decorator to None, run_after=None
[2023-01-19T20:31:43.909+0000] {processor.py:175} INFO - Processing /home/airflow/.local/lib/python3.7/site-packages/airflow/example_dags/example_dag_decorator.py took 0.252 seconds
[2023-01-19T20:32:14.063+0000] {processor.py:153} INFO - Started process (PID=756) to work on /home/airflow/.local/lib/python3.7/site-packages/airflow/example_dags/example_dag_decorator.py
[2023-01-19T20:32:14.064+0000] {processor.py:743} INFO - Processing file /home/airflow/.local/lib/python3.7/site-packages/airflow/example_dags/example_dag_decorator.py for tasks to queue
[2023-01-19T20:32:14.064+0000] {logging_mixin.py:137} INFO - [2023-01-19T20:32:14.064+0000] {dagbag.py:538} INFO - Filling up the DagBag from /home/airflow/.local/lib/python3.7/site-packages/airflow/example_dags/example_dag_decorator.py
[2023-01-19T20:32:14.090+0000] {logging_mixin.py:137} INFO - [2023-01-19T20:32:14.090+0000] {taskmixin.py:205} WARNING - Dependency <Task(_PythonDecoratedOperator): prepare_email>, send_email already registered for DAG: example_dag_decorator
[2023-01-19T20:32:14.091+0000] {logging_mixin.py:137} INFO - [2023-01-19T20:32:14.091+0000] {taskmixin.py:205} WARNING - Dependency <Task(EmailOperator): send_email>, prepare_email already registered for DAG: example_dag_decorator
[2023-01-19T20:32:14.110+0000] {processor.py:753} INFO - DAG(s) dict_keys(['example_dag_decorator']) retrieved from /home/airflow/.local/lib/python3.7/site-packages/airflow/example_dags/example_dag_decorator.py
[2023-01-19T20:32:14.249+0000] {logging_mixin.py:137} INFO - [2023-01-19T20:32:14.249+0000] {dag.py:2676} INFO - Sync 1 DAGs
[2023-01-19T20:32:14.284+0000] {logging_mixin.py:137} INFO - [2023-01-19T20:32:14.284+0000] {dag.py:3427} INFO - Setting next_dagrun for example_dag_decorator to None, run_after=None
[2023-01-19T20:32:14.321+0000] {processor.py:175} INFO - Processing /home/airflow/.local/lib/python3.7/site-packages/airflow/example_dags/example_dag_decorator.py took 0.263 seconds
[2023-01-19T20:32:44.359+0000] {processor.py:153} INFO - Started process (PID=835) to work on /home/airflow/.local/lib/python3.7/site-packages/airflow/example_dags/example_dag_decorator.py
[2023-01-19T20:32:44.360+0000] {processor.py:743} INFO - Processing file /home/airflow/.local/lib/python3.7/site-packages/airflow/example_dags/example_dag_decorator.py for tasks to queue
[2023-01-19T20:32:44.362+0000] {logging_mixin.py:137} INFO - [2023-01-19T20:32:44.362+0000] {dagbag.py:538} INFO - Filling up the DagBag from /home/airflow/.local/lib/python3.7/site-packages/airflow/example_dags/example_dag_decorator.py
[2023-01-19T20:32:44.384+0000] {logging_mixin.py:137} INFO - [2023-01-19T20:32:44.384+0000] {taskmixin.py:205} WARNING - Dependency <Task(_PythonDecoratedOperator): prepare_email>, send_email already registered for DAG: example_dag_decorator
[2023-01-19T20:32:44.385+0000] {logging_mixin.py:137} INFO - [2023-01-19T20:32:44.385+0000] {taskmixin.py:205} WARNING - Dependency <Task(EmailOperator): send_email>, prepare_email already registered for DAG: example_dag_decorator
[2023-01-19T20:32:44.400+0000] {processor.py:753} INFO - DAG(s) dict_keys(['example_dag_decorator']) retrieved from /home/airflow/.local/lib/python3.7/site-packages/airflow/example_dags/example_dag_decorator.py
[2023-01-19T20:32:44.517+0000] {logging_mixin.py:137} INFO - [2023-01-19T20:32:44.516+0000] {dag.py:2676} INFO - Sync 1 DAGs
[2023-01-19T20:32:44.550+0000] {logging_mixin.py:137} INFO - [2023-01-19T20:32:44.550+0000] {dag.py:3427} INFO - Setting next_dagrun for example_dag_decorator to None, run_after=None
[2023-01-19T20:32:44.585+0000] {processor.py:175} INFO - Processing /home/airflow/.local/lib/python3.7/site-packages/airflow/example_dags/example_dag_decorator.py took 0.231 seconds
[2023-01-19T20:33:14.608+0000] {processor.py:153} INFO - Started process (PID=907) to work on /home/airflow/.local/lib/python3.7/site-packages/airflow/example_dags/example_dag_decorator.py
[2023-01-19T20:33:14.610+0000] {processor.py:743} INFO - Processing file /home/airflow/.local/lib/python3.7/site-packages/airflow/example_dags/example_dag_decorator.py for tasks to queue
[2023-01-19T20:33:14.612+0000] {logging_mixin.py:137} INFO - [2023-01-19T20:33:14.611+0000] {dagbag.py:538} INFO - Filling up the DagBag from /home/airflow/.local/lib/python3.7/site-packages/airflow/example_dags/example_dag_decorator.py
[2023-01-19T20:33:14.639+0000] {logging_mixin.py:137} INFO - [2023-01-19T20:33:14.639+0000] {taskmixin.py:205} WARNING - Dependency <Task(_PythonDecoratedOperator): prepare_email>, send_email already registered for DAG: example_dag_decorator
[2023-01-19T20:33:14.639+0000] {logging_mixin.py:137} INFO - [2023-01-19T20:33:14.639+0000] {taskmixin.py:205} WARNING - Dependency <Task(EmailOperator): send_email>, prepare_email already registered for DAG: example_dag_decorator
[2023-01-19T20:33:14.663+0000] {processor.py:753} INFO - DAG(s) dict_keys(['example_dag_decorator']) retrieved from /home/airflow/.local/lib/python3.7/site-packages/airflow/example_dags/example_dag_decorator.py
[2023-01-19T20:33:14.795+0000] {logging_mixin.py:137} INFO - [2023-01-19T20:33:14.795+0000] {dag.py:2676} INFO - Sync 1 DAGs
[2023-01-19T20:33:14.832+0000] {logging_mixin.py:137} INFO - [2023-01-19T20:33:14.832+0000] {dag.py:3427} INFO - Setting next_dagrun for example_dag_decorator to None, run_after=None
[2023-01-19T20:33:14.867+0000] {processor.py:175} INFO - Processing /home/airflow/.local/lib/python3.7/site-packages/airflow/example_dags/example_dag_decorator.py took 0.264 seconds
[2023-01-19T20:33:45.010+0000] {processor.py:153} INFO - Started process (PID=979) to work on /home/airflow/.local/lib/python3.7/site-packages/airflow/example_dags/example_dag_decorator.py
[2023-01-19T20:33:45.012+0000] {processor.py:743} INFO - Processing file /home/airflow/.local/lib/python3.7/site-packages/airflow/example_dags/example_dag_decorator.py for tasks to queue
[2023-01-19T20:33:45.012+0000] {logging_mixin.py:137} INFO - [2023-01-19T20:33:45.012+0000] {dagbag.py:538} INFO - Filling up the DagBag from /home/airflow/.local/lib/python3.7/site-packages/airflow/example_dags/example_dag_decorator.py
[2023-01-19T20:33:45.040+0000] {logging_mixin.py:137} INFO - [2023-01-19T20:33:45.040+0000] {taskmixin.py:205} WARNING - Dependency <Task(_PythonDecoratedOperator): prepare_email>, send_email already registered for DAG: example_dag_decorator
[2023-01-19T20:33:45.040+0000] {logging_mixin.py:137} INFO - [2023-01-19T20:33:45.040+0000] {taskmixin.py:205} WARNING - Dependency <Task(EmailOperator): send_email>, prepare_email already registered for DAG: example_dag_decorator
[2023-01-19T20:33:45.056+0000] {processor.py:753} INFO - DAG(s) dict_keys(['example_dag_decorator']) retrieved from /home/airflow/.local/lib/python3.7/site-packages/airflow/example_dags/example_dag_decorator.py
[2023-01-19T20:33:45.161+0000] {logging_mixin.py:137} INFO - [2023-01-19T20:33:45.161+0000] {dag.py:2676} INFO - Sync 1 DAGs
[2023-01-19T20:33:45.193+0000] {logging_mixin.py:137} INFO - [2023-01-19T20:33:45.192+0000] {dag.py:3427} INFO - Setting next_dagrun for example_dag_decorator to None, run_after=None
[2023-01-19T20:33:45.222+0000] {processor.py:175} INFO - Processing /home/airflow/.local/lib/python3.7/site-packages/airflow/example_dags/example_dag_decorator.py took 0.217 seconds
[2023-01-19T20:34:15.376+0000] {processor.py:153} INFO - Started process (PID=1060) to work on /home/airflow/.local/lib/python3.7/site-packages/airflow/example_dags/example_dag_decorator.py
[2023-01-19T20:34:15.401+0000] {processor.py:743} INFO - Processing file /home/airflow/.local/lib/python3.7/site-packages/airflow/example_dags/example_dag_decorator.py for tasks to queue
[2023-01-19T20:34:15.402+0000] {logging_mixin.py:137} INFO - [2023-01-19T20:34:15.402+0000] {dagbag.py:538} INFO - Filling up the DagBag from /home/airflow/.local/lib/python3.7/site-packages/airflow/example_dags/example_dag_decorator.py
[2023-01-19T20:34:15.531+0000] {logging_mixin.py:137} INFO - [2023-01-19T20:34:15.531+0000] {taskmixin.py:205} WARNING - Dependency <Task(_PythonDecoratedOperator): prepare_email>, send_email already registered for DAG: example_dag_decorator
[2023-01-19T20:34:15.532+0000] {logging_mixin.py:137} INFO - [2023-01-19T20:34:15.531+0000] {taskmixin.py:205} WARNING - Dependency <Task(EmailOperator): send_email>, prepare_email already registered for DAG: example_dag_decorator
[2023-01-19T20:34:15.553+0000] {processor.py:753} INFO - DAG(s) dict_keys(['example_dag_decorator']) retrieved from /home/airflow/.local/lib/python3.7/site-packages/airflow/example_dags/example_dag_decorator.py
[2023-01-19T20:34:15.689+0000] {logging_mixin.py:137} INFO - [2023-01-19T20:34:15.688+0000] {dag.py:2676} INFO - Sync 1 DAGs
[2023-01-19T20:34:15.729+0000] {logging_mixin.py:137} INFO - [2023-01-19T20:34:15.729+0000] {dag.py:3427} INFO - Setting next_dagrun for example_dag_decorator to None, run_after=None
[2023-01-19T20:34:15.766+0000] {processor.py:175} INFO - Processing /home/airflow/.local/lib/python3.7/site-packages/airflow/example_dags/example_dag_decorator.py took 0.408 seconds
[2023-01-19T20:34:46.483+0000] {processor.py:153} INFO - Started process (PID=1139) to work on /home/airflow/.local/lib/python3.7/site-packages/airflow/example_dags/example_dag_decorator.py
[2023-01-19T20:34:46.485+0000] {processor.py:743} INFO - Processing file /home/airflow/.local/lib/python3.7/site-packages/airflow/example_dags/example_dag_decorator.py for tasks to queue
[2023-01-19T20:34:46.485+0000] {logging_mixin.py:137} INFO - [2023-01-19T20:34:46.485+0000] {dagbag.py:538} INFO - Filling up the DagBag from /home/airflow/.local/lib/python3.7/site-packages/airflow/example_dags/example_dag_decorator.py
[2023-01-19T20:34:46.514+0000] {logging_mixin.py:137} INFO - [2023-01-19T20:34:46.514+0000] {taskmixin.py:205} WARNING - Dependency <Task(_PythonDecoratedOperator): prepare_email>, send_email already registered for DAG: example_dag_decorator
[2023-01-19T20:34:46.515+0000] {logging_mixin.py:137} INFO - [2023-01-19T20:34:46.515+0000] {taskmixin.py:205} WARNING - Dependency <Task(EmailOperator): send_email>, prepare_email already registered for DAG: example_dag_decorator
[2023-01-19T20:34:46.534+0000] {processor.py:753} INFO - DAG(s) dict_keys(['example_dag_decorator']) retrieved from /home/airflow/.local/lib/python3.7/site-packages/airflow/example_dags/example_dag_decorator.py
[2023-01-19T20:34:46.649+0000] {logging_mixin.py:137} INFO - [2023-01-19T20:34:46.649+0000] {dag.py:2676} INFO - Sync 1 DAGs
[2023-01-19T20:34:46.682+0000] {logging_mixin.py:137} INFO - [2023-01-19T20:34:46.682+0000] {dag.py:3427} INFO - Setting next_dagrun for example_dag_decorator to None, run_after=None
[2023-01-19T20:34:46.714+0000] {processor.py:175} INFO - Processing /home/airflow/.local/lib/python3.7/site-packages/airflow/example_dags/example_dag_decorator.py took 0.235 seconds
[2023-01-19T20:35:17.276+0000] {processor.py:153} INFO - Started process (PID=1211) to work on /home/airflow/.local/lib/python3.7/site-packages/airflow/example_dags/example_dag_decorator.py
[2023-01-19T20:35:17.278+0000] {processor.py:743} INFO - Processing file /home/airflow/.local/lib/python3.7/site-packages/airflow/example_dags/example_dag_decorator.py for tasks to queue
[2023-01-19T20:35:17.280+0000] {logging_mixin.py:137} INFO - [2023-01-19T20:35:17.280+0000] {dagbag.py:538} INFO - Filling up the DagBag from /home/airflow/.local/lib/python3.7/site-packages/airflow/example_dags/example_dag_decorator.py
[2023-01-19T20:35:17.306+0000] {logging_mixin.py:137} INFO - [2023-01-19T20:35:17.306+0000] {taskmixin.py:205} WARNING - Dependency <Task(_PythonDecoratedOperator): prepare_email>, send_email already registered for DAG: example_dag_decorator
[2023-01-19T20:35:17.306+0000] {logging_mixin.py:137} INFO - [2023-01-19T20:35:17.306+0000] {taskmixin.py:205} WARNING - Dependency <Task(EmailOperator): send_email>, prepare_email already registered for DAG: example_dag_decorator
[2023-01-19T20:35:17.322+0000] {processor.py:753} INFO - DAG(s) dict_keys(['example_dag_decorator']) retrieved from /home/airflow/.local/lib/python3.7/site-packages/airflow/example_dags/example_dag_decorator.py
[2023-01-19T20:35:17.434+0000] {logging_mixin.py:137} INFO - [2023-01-19T20:35:17.433+0000] {dag.py:2676} INFO - Sync 1 DAGs
[2023-01-19T20:35:17.468+0000] {logging_mixin.py:137} INFO - [2023-01-19T20:35:17.467+0000] {dag.py:3427} INFO - Setting next_dagrun for example_dag_decorator to None, run_after=None
[2023-01-19T20:35:17.500+0000] {processor.py:175} INFO - Processing /home/airflow/.local/lib/python3.7/site-packages/airflow/example_dags/example_dag_decorator.py took 0.232 seconds
[2023-01-19T20:35:47.899+0000] {processor.py:153} INFO - Started process (PID=1299) to work on /home/airflow/.local/lib/python3.7/site-packages/airflow/example_dags/example_dag_decorator.py
[2023-01-19T20:35:47.901+0000] {processor.py:743} INFO - Processing file /home/airflow/.local/lib/python3.7/site-packages/airflow/example_dags/example_dag_decorator.py for tasks to queue
[2023-01-19T20:35:47.902+0000] {logging_mixin.py:137} INFO - [2023-01-19T20:35:47.901+0000] {dagbag.py:538} INFO - Filling up the DagBag from /home/airflow/.local/lib/python3.7/site-packages/airflow/example_dags/example_dag_decorator.py
[2023-01-19T20:35:47.929+0000] {logging_mixin.py:137} INFO - [2023-01-19T20:35:47.929+0000] {taskmixin.py:205} WARNING - Dependency <Task(_PythonDecoratedOperator): prepare_email>, send_email already registered for DAG: example_dag_decorator
[2023-01-19T20:35:47.930+0000] {logging_mixin.py:137} INFO - [2023-01-19T20:35:47.930+0000] {taskmixin.py:205} WARNING - Dependency <Task(EmailOperator): send_email>, prepare_email already registered for DAG: example_dag_decorator
[2023-01-19T20:35:47.947+0000] {processor.py:753} INFO - DAG(s) dict_keys(['example_dag_decorator']) retrieved from /home/airflow/.local/lib/python3.7/site-packages/airflow/example_dags/example_dag_decorator.py
[2023-01-19T20:35:48.092+0000] {logging_mixin.py:137} INFO - [2023-01-19T20:35:48.091+0000] {dag.py:2676} INFO - Sync 1 DAGs
[2023-01-19T20:35:48.125+0000] {logging_mixin.py:137} INFO - [2023-01-19T20:35:48.125+0000] {dag.py:3427} INFO - Setting next_dagrun for example_dag_decorator to None, run_after=None
[2023-01-19T20:35:48.155+0000] {processor.py:175} INFO - Processing /home/airflow/.local/lib/python3.7/site-packages/airflow/example_dags/example_dag_decorator.py took 0.261 seconds
[2023-01-19T20:36:18.889+0000] {processor.py:153} INFO - Started process (PID=1372) to work on /home/airflow/.local/lib/python3.7/site-packages/airflow/example_dags/example_dag_decorator.py
[2023-01-19T20:36:18.891+0000] {processor.py:743} INFO - Processing file /home/airflow/.local/lib/python3.7/site-packages/airflow/example_dags/example_dag_decorator.py for tasks to queue
[2023-01-19T20:36:18.892+0000] {logging_mixin.py:137} INFO - [2023-01-19T20:36:18.892+0000] {dagbag.py:538} INFO - Filling up the DagBag from /home/airflow/.local/lib/python3.7/site-packages/airflow/example_dags/example_dag_decorator.py
[2023-01-19T20:36:18.915+0000] {logging_mixin.py:137} INFO - [2023-01-19T20:36:18.914+0000] {taskmixin.py:205} WARNING - Dependency <Task(_PythonDecoratedOperator): prepare_email>, send_email already registered for DAG: example_dag_decorator
[2023-01-19T20:36:18.915+0000] {logging_mixin.py:137} INFO - [2023-01-19T20:36:18.915+0000] {taskmixin.py:205} WARNING - Dependency <Task(EmailOperator): send_email>, prepare_email already registered for DAG: example_dag_decorator
[2023-01-19T20:36:18.937+0000] {processor.py:753} INFO - DAG(s) dict_keys(['example_dag_decorator']) retrieved from /home/airflow/.local/lib/python3.7/site-packages/airflow/example_dags/example_dag_decorator.py
[2023-01-19T20:36:19.162+0000] {logging_mixin.py:137} INFO - [2023-01-19T20:36:19.161+0000] {dag.py:2676} INFO - Sync 1 DAGs
[2023-01-19T20:36:19.191+0000] {logging_mixin.py:137} INFO - [2023-01-19T20:36:19.191+0000] {dag.py:3427} INFO - Setting next_dagrun for example_dag_decorator to None, run_after=None
[2023-01-19T20:36:19.220+0000] {processor.py:175} INFO - Processing /home/airflow/.local/lib/python3.7/site-packages/airflow/example_dags/example_dag_decorator.py took 0.335 seconds
[2023-01-19T20:36:49.726+0000] {processor.py:153} INFO - Started process (PID=1444) to work on /home/airflow/.local/lib/python3.7/site-packages/airflow/example_dags/example_dag_decorator.py
[2023-01-19T20:36:49.728+0000] {processor.py:743} INFO - Processing file /home/airflow/.local/lib/python3.7/site-packages/airflow/example_dags/example_dag_decorator.py for tasks to queue
[2023-01-19T20:36:49.728+0000] {logging_mixin.py:137} INFO - [2023-01-19T20:36:49.728+0000] {dagbag.py:538} INFO - Filling up the DagBag from /home/airflow/.local/lib/python3.7/site-packages/airflow/example_dags/example_dag_decorator.py
[2023-01-19T20:36:49.750+0000] {logging_mixin.py:137} INFO - [2023-01-19T20:36:49.749+0000] {taskmixin.py:205} WARNING - Dependency <Task(_PythonDecoratedOperator): prepare_email>, send_email already registered for DAG: example_dag_decorator
[2023-01-19T20:36:49.750+0000] {logging_mixin.py:137} INFO - [2023-01-19T20:36:49.750+0000] {taskmixin.py:205} WARNING - Dependency <Task(EmailOperator): send_email>, prepare_email already registered for DAG: example_dag_decorator
[2023-01-19T20:36:49.764+0000] {processor.py:753} INFO - DAG(s) dict_keys(['example_dag_decorator']) retrieved from /home/airflow/.local/lib/python3.7/site-packages/airflow/example_dags/example_dag_decorator.py
[2023-01-19T20:36:49.875+0000] {logging_mixin.py:137} INFO - [2023-01-19T20:36:49.875+0000] {dag.py:2676} INFO - Sync 1 DAGs
[2023-01-19T20:36:49.906+0000] {logging_mixin.py:137} INFO - [2023-01-19T20:36:49.906+0000] {dag.py:3427} INFO - Setting next_dagrun for example_dag_decorator to None, run_after=None
[2023-01-19T20:36:49.936+0000] {processor.py:175} INFO - Processing /home/airflow/.local/lib/python3.7/site-packages/airflow/example_dags/example_dag_decorator.py took 0.214 seconds
[2023-01-19T20:37:20.643+0000] {processor.py:153} INFO - Started process (PID=1532) to work on /home/airflow/.local/lib/python3.7/site-packages/airflow/example_dags/example_dag_decorator.py
[2023-01-19T20:37:20.644+0000] {processor.py:743} INFO - Processing file /home/airflow/.local/lib/python3.7/site-packages/airflow/example_dags/example_dag_decorator.py for tasks to queue
[2023-01-19T20:37:20.645+0000] {logging_mixin.py:137} INFO - [2023-01-19T20:37:20.645+0000] {dagbag.py:538} INFO - Filling up the DagBag from /home/airflow/.local/lib/python3.7/site-packages/airflow/example_dags/example_dag_decorator.py
[2023-01-19T20:37:20.670+0000] {logging_mixin.py:137} INFO - [2023-01-19T20:37:20.669+0000] {taskmixin.py:205} WARNING - Dependency <Task(_PythonDecoratedOperator): prepare_email>, send_email already registered for DAG: example_dag_decorator
[2023-01-19T20:37:20.670+0000] {logging_mixin.py:137} INFO - [2023-01-19T20:37:20.670+0000] {taskmixin.py:205} WARNING - Dependency <Task(EmailOperator): send_email>, prepare_email already registered for DAG: example_dag_decorator
[2023-01-19T20:37:20.688+0000] {processor.py:753} INFO - DAG(s) dict_keys(['example_dag_decorator']) retrieved from /home/airflow/.local/lib/python3.7/site-packages/airflow/example_dags/example_dag_decorator.py
[2023-01-19T20:37:20.818+0000] {logging_mixin.py:137} INFO - [2023-01-19T20:37:20.817+0000] {dag.py:2676} INFO - Sync 1 DAGs
[2023-01-19T20:37:20.852+0000] {logging_mixin.py:137} INFO - [2023-01-19T20:37:20.852+0000] {dag.py:3427} INFO - Setting next_dagrun for example_dag_decorator to None, run_after=None
[2023-01-19T20:37:20.883+0000] {processor.py:175} INFO - Processing /home/airflow/.local/lib/python3.7/site-packages/airflow/example_dags/example_dag_decorator.py took 0.245 seconds
[2023-01-19T20:37:50.938+0000] {processor.py:153} INFO - Started process (PID=1604) to work on /home/airflow/.local/lib/python3.7/site-packages/airflow/example_dags/example_dag_decorator.py
[2023-01-19T20:37:50.940+0000] {processor.py:743} INFO - Processing file /home/airflow/.local/lib/python3.7/site-packages/airflow/example_dags/example_dag_decorator.py for tasks to queue
[2023-01-19T20:37:50.941+0000] {logging_mixin.py:137} INFO - [2023-01-19T20:37:50.940+0000] {dagbag.py:538} INFO - Filling up the DagBag from /home/airflow/.local/lib/python3.7/site-packages/airflow/example_dags/example_dag_decorator.py
[2023-01-19T20:37:50.962+0000] {logging_mixin.py:137} INFO - [2023-01-19T20:37:50.962+0000] {taskmixin.py:205} WARNING - Dependency <Task(_PythonDecoratedOperator): prepare_email>, send_email already registered for DAG: example_dag_decorator
[2023-01-19T20:37:50.962+0000] {logging_mixin.py:137} INFO - [2023-01-19T20:37:50.962+0000] {taskmixin.py:205} WARNING - Dependency <Task(EmailOperator): send_email>, prepare_email already registered for DAG: example_dag_decorator
[2023-01-19T20:37:50.980+0000] {processor.py:753} INFO - DAG(s) dict_keys(['example_dag_decorator']) retrieved from /home/airflow/.local/lib/python3.7/site-packages/airflow/example_dags/example_dag_decorator.py
[2023-01-19T20:37:51.096+0000] {logging_mixin.py:137} INFO - [2023-01-19T20:37:51.095+0000] {dag.py:2676} INFO - Sync 1 DAGs
[2023-01-19T20:37:51.128+0000] {logging_mixin.py:137} INFO - [2023-01-19T20:37:51.128+0000] {dag.py:3427} INFO - Setting next_dagrun for example_dag_decorator to None, run_after=None
[2023-01-19T20:37:51.155+0000] {processor.py:175} INFO - Processing /home/airflow/.local/lib/python3.7/site-packages/airflow/example_dags/example_dag_decorator.py took 0.220 seconds
[2023-01-19T20:38:21.557+0000] {processor.py:153} INFO - Started process (PID=1676) to work on /home/airflow/.local/lib/python3.7/site-packages/airflow/example_dags/example_dag_decorator.py
[2023-01-19T20:38:21.558+0000] {processor.py:743} INFO - Processing file /home/airflow/.local/lib/python3.7/site-packages/airflow/example_dags/example_dag_decorator.py for tasks to queue
[2023-01-19T20:38:21.559+0000] {logging_mixin.py:137} INFO - [2023-01-19T20:38:21.559+0000] {dagbag.py:538} INFO - Filling up the DagBag from /home/airflow/.local/lib/python3.7/site-packages/airflow/example_dags/example_dag_decorator.py
[2023-01-19T20:38:21.589+0000] {logging_mixin.py:137} INFO - [2023-01-19T20:38:21.589+0000] {taskmixin.py:205} WARNING - Dependency <Task(_PythonDecoratedOperator): prepare_email>, send_email already registered for DAG: example_dag_decorator
[2023-01-19T20:38:21.589+0000] {logging_mixin.py:137} INFO - [2023-01-19T20:38:21.589+0000] {taskmixin.py:205} WARNING - Dependency <Task(EmailOperator): send_email>, prepare_email already registered for DAG: example_dag_decorator
[2023-01-19T20:38:21.604+0000] {processor.py:753} INFO - DAG(s) dict_keys(['example_dag_decorator']) retrieved from /home/airflow/.local/lib/python3.7/site-packages/airflow/example_dags/example_dag_decorator.py
[2023-01-19T20:38:21.717+0000] {logging_mixin.py:137} INFO - [2023-01-19T20:38:21.716+0000] {dag.py:2676} INFO - Sync 1 DAGs
[2023-01-19T20:38:21.748+0000] {logging_mixin.py:137} INFO - [2023-01-19T20:38:21.748+0000] {dag.py:3427} INFO - Setting next_dagrun for example_dag_decorator to None, run_after=None
[2023-01-19T20:38:21.779+0000] {processor.py:175} INFO - Processing /home/airflow/.local/lib/python3.7/site-packages/airflow/example_dags/example_dag_decorator.py took 0.227 seconds
[2023-01-19T20:38:52.099+0000] {processor.py:153} INFO - Started process (PID=1764) to work on /home/airflow/.local/lib/python3.7/site-packages/airflow/example_dags/example_dag_decorator.py
[2023-01-19T20:38:52.100+0000] {processor.py:743} INFO - Processing file /home/airflow/.local/lib/python3.7/site-packages/airflow/example_dags/example_dag_decorator.py for tasks to queue
[2023-01-19T20:38:52.101+0000] {logging_mixin.py:137} INFO - [2023-01-19T20:38:52.101+0000] {dagbag.py:538} INFO - Filling up the DagBag from /home/airflow/.local/lib/python3.7/site-packages/airflow/example_dags/example_dag_decorator.py
[2023-01-19T20:38:52.133+0000] {logging_mixin.py:137} INFO - [2023-01-19T20:38:52.133+0000] {taskmixin.py:205} WARNING - Dependency <Task(_PythonDecoratedOperator): prepare_email>, send_email already registered for DAG: example_dag_decorator
[2023-01-19T20:38:52.133+0000] {logging_mixin.py:137} INFO - [2023-01-19T20:38:52.133+0000] {taskmixin.py:205} WARNING - Dependency <Task(EmailOperator): send_email>, prepare_email already registered for DAG: example_dag_decorator
[2023-01-19T20:38:52.152+0000] {processor.py:753} INFO - DAG(s) dict_keys(['example_dag_decorator']) retrieved from /home/airflow/.local/lib/python3.7/site-packages/airflow/example_dags/example_dag_decorator.py
[2023-01-19T20:38:52.289+0000] {logging_mixin.py:137} INFO - [2023-01-19T20:38:52.289+0000] {dag.py:2676} INFO - Sync 1 DAGs
[2023-01-19T20:38:52.332+0000] {logging_mixin.py:137} INFO - [2023-01-19T20:38:52.332+0000] {dag.py:3427} INFO - Setting next_dagrun for example_dag_decorator to None, run_after=None
[2023-01-19T20:38:52.367+0000] {processor.py:175} INFO - Processing /home/airflow/.local/lib/python3.7/site-packages/airflow/example_dags/example_dag_decorator.py took 0.273 seconds
[2023-01-19T20:39:22.540+0000] {processor.py:153} INFO - Started process (PID=1836) to work on /home/airflow/.local/lib/python3.7/site-packages/airflow/example_dags/example_dag_decorator.py
[2023-01-19T20:39:22.542+0000] {processor.py:743} INFO - Processing file /home/airflow/.local/lib/python3.7/site-packages/airflow/example_dags/example_dag_decorator.py for tasks to queue
[2023-01-19T20:39:22.542+0000] {logging_mixin.py:137} INFO - [2023-01-19T20:39:22.542+0000] {dagbag.py:538} INFO - Filling up the DagBag from /home/airflow/.local/lib/python3.7/site-packages/airflow/example_dags/example_dag_decorator.py
[2023-01-19T20:39:22.566+0000] {logging_mixin.py:137} INFO - [2023-01-19T20:39:22.566+0000] {taskmixin.py:205} WARNING - Dependency <Task(_PythonDecoratedOperator): prepare_email>, send_email already registered for DAG: example_dag_decorator
[2023-01-19T20:39:22.566+0000] {logging_mixin.py:137} INFO - [2023-01-19T20:39:22.566+0000] {taskmixin.py:205} WARNING - Dependency <Task(EmailOperator): send_email>, prepare_email already registered for DAG: example_dag_decorator
[2023-01-19T20:39:22.581+0000] {processor.py:753} INFO - DAG(s) dict_keys(['example_dag_decorator']) retrieved from /home/airflow/.local/lib/python3.7/site-packages/airflow/example_dags/example_dag_decorator.py
[2023-01-19T20:39:22.696+0000] {logging_mixin.py:137} INFO - [2023-01-19T20:39:22.695+0000] {dag.py:2676} INFO - Sync 1 DAGs
[2023-01-19T20:39:22.733+0000] {logging_mixin.py:137} INFO - [2023-01-19T20:39:22.733+0000] {dag.py:3427} INFO - Setting next_dagrun for example_dag_decorator to None, run_after=None
[2023-01-19T20:39:22.764+0000] {processor.py:175} INFO - Processing /home/airflow/.local/lib/python3.7/site-packages/airflow/example_dags/example_dag_decorator.py took 0.228 seconds
[2023-01-19T20:39:52.942+0000] {processor.py:153} INFO - Started process (PID=1909) to work on /home/airflow/.local/lib/python3.7/site-packages/airflow/example_dags/example_dag_decorator.py
[2023-01-19T20:39:52.943+0000] {processor.py:743} INFO - Processing file /home/airflow/.local/lib/python3.7/site-packages/airflow/example_dags/example_dag_decorator.py for tasks to queue
[2023-01-19T20:39:52.945+0000] {logging_mixin.py:137} INFO - [2023-01-19T20:39:52.944+0000] {dagbag.py:538} INFO - Filling up the DagBag from /home/airflow/.local/lib/python3.7/site-packages/airflow/example_dags/example_dag_decorator.py
[2023-01-19T20:39:52.968+0000] {logging_mixin.py:137} INFO - [2023-01-19T20:39:52.968+0000] {taskmixin.py:205} WARNING - Dependency <Task(_PythonDecoratedOperator): prepare_email>, send_email already registered for DAG: example_dag_decorator
[2023-01-19T20:39:52.968+0000] {logging_mixin.py:137} INFO - [2023-01-19T20:39:52.968+0000] {taskmixin.py:205} WARNING - Dependency <Task(EmailOperator): send_email>, prepare_email already registered for DAG: example_dag_decorator
[2023-01-19T20:39:52.985+0000] {processor.py:753} INFO - DAG(s) dict_keys(['example_dag_decorator']) retrieved from /home/airflow/.local/lib/python3.7/site-packages/airflow/example_dags/example_dag_decorator.py
[2023-01-19T20:39:53.104+0000] {logging_mixin.py:137} INFO - [2023-01-19T20:39:53.104+0000] {dag.py:2676} INFO - Sync 1 DAGs
[2023-01-19T20:39:53.138+0000] {logging_mixin.py:137} INFO - [2023-01-19T20:39:53.137+0000] {dag.py:3427} INFO - Setting next_dagrun for example_dag_decorator to None, run_after=None
[2023-01-19T20:39:53.168+0000] {processor.py:175} INFO - Processing /home/airflow/.local/lib/python3.7/site-packages/airflow/example_dags/example_dag_decorator.py took 0.230 seconds
[2023-01-19T20:40:23.226+0000] {processor.py:153} INFO - Started process (PID=1981) to work on /home/airflow/.local/lib/python3.7/site-packages/airflow/example_dags/example_dag_decorator.py
[2023-01-19T20:40:23.235+0000] {processor.py:743} INFO - Processing file /home/airflow/.local/lib/python3.7/site-packages/airflow/example_dags/example_dag_decorator.py for tasks to queue
[2023-01-19T20:40:23.237+0000] {logging_mixin.py:137} INFO - [2023-01-19T20:40:23.236+0000] {dagbag.py:538} INFO - Filling up the DagBag from /home/airflow/.local/lib/python3.7/site-packages/airflow/example_dags/example_dag_decorator.py
[2023-01-19T20:40:23.278+0000] {logging_mixin.py:137} INFO - [2023-01-19T20:40:23.278+0000] {taskmixin.py:205} WARNING - Dependency <Task(_PythonDecoratedOperator): prepare_email>, send_email already registered for DAG: example_dag_decorator
[2023-01-19T20:40:23.278+0000] {logging_mixin.py:137} INFO - [2023-01-19T20:40:23.278+0000] {taskmixin.py:205} WARNING - Dependency <Task(EmailOperator): send_email>, prepare_email already registered for DAG: example_dag_decorator
[2023-01-19T20:40:23.315+0000] {processor.py:753} INFO - DAG(s) dict_keys(['example_dag_decorator']) retrieved from /home/airflow/.local/lib/python3.7/site-packages/airflow/example_dags/example_dag_decorator.py
[2023-01-19T20:40:23.447+0000] {logging_mixin.py:137} INFO - [2023-01-19T20:40:23.447+0000] {dag.py:2676} INFO - Sync 1 DAGs
[2023-01-19T20:40:23.477+0000] {logging_mixin.py:137} INFO - [2023-01-19T20:40:23.477+0000] {dag.py:3427} INFO - Setting next_dagrun for example_dag_decorator to None, run_after=None
[2023-01-19T20:40:23.508+0000] {processor.py:175} INFO - Processing /home/airflow/.local/lib/python3.7/site-packages/airflow/example_dags/example_dag_decorator.py took 0.287 seconds
[2023-01-19T20:40:53.593+0000] {processor.py:153} INFO - Started process (PID=2070) to work on /home/airflow/.local/lib/python3.7/site-packages/airflow/example_dags/example_dag_decorator.py
[2023-01-19T20:40:53.595+0000] {processor.py:743} INFO - Processing file /home/airflow/.local/lib/python3.7/site-packages/airflow/example_dags/example_dag_decorator.py for tasks to queue
[2023-01-19T20:40:53.596+0000] {logging_mixin.py:137} INFO - [2023-01-19T20:40:53.595+0000] {dagbag.py:538} INFO - Filling up the DagBag from /home/airflow/.local/lib/python3.7/site-packages/airflow/example_dags/example_dag_decorator.py
[2023-01-19T20:40:53.627+0000] {logging_mixin.py:137} INFO - [2023-01-19T20:40:53.626+0000] {taskmixin.py:205} WARNING - Dependency <Task(_PythonDecoratedOperator): prepare_email>, send_email already registered for DAG: example_dag_decorator
[2023-01-19T20:40:53.627+0000] {logging_mixin.py:137} INFO - [2023-01-19T20:40:53.627+0000] {taskmixin.py:205} WARNING - Dependency <Task(EmailOperator): send_email>, prepare_email already registered for DAG: example_dag_decorator
[2023-01-19T20:40:53.644+0000] {processor.py:753} INFO - DAG(s) dict_keys(['example_dag_decorator']) retrieved from /home/airflow/.local/lib/python3.7/site-packages/airflow/example_dags/example_dag_decorator.py
[2023-01-19T20:40:53.769+0000] {logging_mixin.py:137} INFO - [2023-01-19T20:40:53.769+0000] {dag.py:2676} INFO - Sync 1 DAGs
[2023-01-19T20:40:53.810+0000] {logging_mixin.py:137} INFO - [2023-01-19T20:40:53.810+0000] {dag.py:3427} INFO - Setting next_dagrun for example_dag_decorator to None, run_after=None
[2023-01-19T20:40:53.843+0000] {processor.py:175} INFO - Processing /home/airflow/.local/lib/python3.7/site-packages/airflow/example_dags/example_dag_decorator.py took 0.256 seconds
[2023-01-19T20:41:23.969+0000] {processor.py:153} INFO - Started process (PID=2142) to work on /home/airflow/.local/lib/python3.7/site-packages/airflow/example_dags/example_dag_decorator.py
[2023-01-19T20:41:23.970+0000] {processor.py:743} INFO - Processing file /home/airflow/.local/lib/python3.7/site-packages/airflow/example_dags/example_dag_decorator.py for tasks to queue
[2023-01-19T20:41:23.971+0000] {logging_mixin.py:137} INFO - [2023-01-19T20:41:23.971+0000] {dagbag.py:538} INFO - Filling up the DagBag from /home/airflow/.local/lib/python3.7/site-packages/airflow/example_dags/example_dag_decorator.py
[2023-01-19T20:41:23.993+0000] {logging_mixin.py:137} INFO - [2023-01-19T20:41:23.992+0000] {taskmixin.py:205} WARNING - Dependency <Task(_PythonDecoratedOperator): prepare_email>, send_email already registered for DAG: example_dag_decorator
[2023-01-19T20:41:23.993+0000] {logging_mixin.py:137} INFO - [2023-01-19T20:41:23.993+0000] {taskmixin.py:205} WARNING - Dependency <Task(EmailOperator): send_email>, prepare_email already registered for DAG: example_dag_decorator
[2023-01-19T20:41:24.008+0000] {processor.py:753} INFO - DAG(s) dict_keys(['example_dag_decorator']) retrieved from /home/airflow/.local/lib/python3.7/site-packages/airflow/example_dags/example_dag_decorator.py
[2023-01-19T20:41:24.138+0000] {logging_mixin.py:137} INFO - [2023-01-19T20:41:24.137+0000] {dag.py:2676} INFO - Sync 1 DAGs
[2023-01-19T20:41:24.177+0000] {logging_mixin.py:137} INFO - [2023-01-19T20:41:24.177+0000] {dag.py:3427} INFO - Setting next_dagrun for example_dag_decorator to None, run_after=None
[2023-01-19T20:41:24.209+0000] {processor.py:175} INFO - Processing /home/airflow/.local/lib/python3.7/site-packages/airflow/example_dags/example_dag_decorator.py took 0.244 seconds
[2023-01-19T20:41:54.415+0000] {processor.py:153} INFO - Started process (PID=2215) to work on /home/airflow/.local/lib/python3.7/site-packages/airflow/example_dags/example_dag_decorator.py
[2023-01-19T20:41:54.416+0000] {processor.py:743} INFO - Processing file /home/airflow/.local/lib/python3.7/site-packages/airflow/example_dags/example_dag_decorator.py for tasks to queue
[2023-01-19T20:41:54.417+0000] {logging_mixin.py:137} INFO - [2023-01-19T20:41:54.417+0000] {dagbag.py:538} INFO - Filling up the DagBag from /home/airflow/.local/lib/python3.7/site-packages/airflow/example_dags/example_dag_decorator.py
[2023-01-19T20:41:54.439+0000] {logging_mixin.py:137} INFO - [2023-01-19T20:41:54.439+0000] {taskmixin.py:205} WARNING - Dependency <Task(_PythonDecoratedOperator): prepare_email>, send_email already registered for DAG: example_dag_decorator
[2023-01-19T20:41:54.439+0000] {logging_mixin.py:137} INFO - [2023-01-19T20:41:54.439+0000] {taskmixin.py:205} WARNING - Dependency <Task(EmailOperator): send_email>, prepare_email already registered for DAG: example_dag_decorator
[2023-01-19T20:41:54.461+0000] {processor.py:753} INFO - DAG(s) dict_keys(['example_dag_decorator']) retrieved from /home/airflow/.local/lib/python3.7/site-packages/airflow/example_dags/example_dag_decorator.py
[2023-01-19T20:41:54.572+0000] {logging_mixin.py:137} INFO - [2023-01-19T20:41:54.572+0000] {dag.py:2676} INFO - Sync 1 DAGs
[2023-01-19T20:41:54.606+0000] {logging_mixin.py:137} INFO - [2023-01-19T20:41:54.605+0000] {dag.py:3427} INFO - Setting next_dagrun for example_dag_decorator to None, run_after=None
[2023-01-19T20:41:54.636+0000] {processor.py:175} INFO - Processing /home/airflow/.local/lib/python3.7/site-packages/airflow/example_dags/example_dag_decorator.py took 0.225 seconds
[2023-01-19T20:42:24.884+0000] {processor.py:153} INFO - Started process (PID=2304) to work on /home/airflow/.local/lib/python3.7/site-packages/airflow/example_dags/example_dag_decorator.py
[2023-01-19T20:42:24.885+0000] {processor.py:743} INFO - Processing file /home/airflow/.local/lib/python3.7/site-packages/airflow/example_dags/example_dag_decorator.py for tasks to queue
[2023-01-19T20:42:24.886+0000] {logging_mixin.py:137} INFO - [2023-01-19T20:42:24.886+0000] {dagbag.py:538} INFO - Filling up the DagBag from /home/airflow/.local/lib/python3.7/site-packages/airflow/example_dags/example_dag_decorator.py
[2023-01-19T20:42:24.911+0000] {logging_mixin.py:137} INFO - [2023-01-19T20:42:24.911+0000] {taskmixin.py:205} WARNING - Dependency <Task(_PythonDecoratedOperator): prepare_email>, send_email already registered for DAG: example_dag_decorator
[2023-01-19T20:42:24.912+0000] {logging_mixin.py:137} INFO - [2023-01-19T20:42:24.912+0000] {taskmixin.py:205} WARNING - Dependency <Task(EmailOperator): send_email>, prepare_email already registered for DAG: example_dag_decorator
[2023-01-19T20:42:24.927+0000] {processor.py:753} INFO - DAG(s) dict_keys(['example_dag_decorator']) retrieved from /home/airflow/.local/lib/python3.7/site-packages/airflow/example_dags/example_dag_decorator.py
[2023-01-19T20:42:25.068+0000] {logging_mixin.py:137} INFO - [2023-01-19T20:42:25.068+0000] {dag.py:2676} INFO - Sync 1 DAGs
[2023-01-19T20:42:25.113+0000] {logging_mixin.py:137} INFO - [2023-01-19T20:42:25.113+0000] {dag.py:3427} INFO - Setting next_dagrun for example_dag_decorator to None, run_after=None
[2023-01-19T20:42:25.149+0000] {processor.py:175} INFO - Processing /home/airflow/.local/lib/python3.7/site-packages/airflow/example_dags/example_dag_decorator.py took 0.269 seconds
[2023-01-19T20:42:55.946+0000] {processor.py:153} INFO - Started process (PID=2376) to work on /home/airflow/.local/lib/python3.7/site-packages/airflow/example_dags/example_dag_decorator.py
[2023-01-19T20:42:55.947+0000] {processor.py:743} INFO - Processing file /home/airflow/.local/lib/python3.7/site-packages/airflow/example_dags/example_dag_decorator.py for tasks to queue
[2023-01-19T20:42:55.948+0000] {logging_mixin.py:137} INFO - [2023-01-19T20:42:55.948+0000] {dagbag.py:538} INFO - Filling up the DagBag from /home/airflow/.local/lib/python3.7/site-packages/airflow/example_dags/example_dag_decorator.py
[2023-01-19T20:42:55.970+0000] {logging_mixin.py:137} INFO - [2023-01-19T20:42:55.970+0000] {taskmixin.py:205} WARNING - Dependency <Task(_PythonDecoratedOperator): prepare_email>, send_email already registered for DAG: example_dag_decorator
[2023-01-19T20:42:55.970+0000] {logging_mixin.py:137} INFO - [2023-01-19T20:42:55.970+0000] {taskmixin.py:205} WARNING - Dependency <Task(EmailOperator): send_email>, prepare_email already registered for DAG: example_dag_decorator
[2023-01-19T20:42:55.988+0000] {processor.py:753} INFO - DAG(s) dict_keys(['example_dag_decorator']) retrieved from /home/airflow/.local/lib/python3.7/site-packages/airflow/example_dags/example_dag_decorator.py
[2023-01-19T20:42:56.105+0000] {logging_mixin.py:137} INFO - [2023-01-19T20:42:56.104+0000] {dag.py:2676} INFO - Sync 1 DAGs
[2023-01-19T20:42:56.139+0000] {logging_mixin.py:137} INFO - [2023-01-19T20:42:56.139+0000] {dag.py:3427} INFO - Setting next_dagrun for example_dag_decorator to None, run_after=None
[2023-01-19T20:42:56.167+0000] {processor.py:175} INFO - Processing /home/airflow/.local/lib/python3.7/site-packages/airflow/example_dags/example_dag_decorator.py took 0.226 seconds
[2023-01-19T20:43:26.343+0000] {processor.py:153} INFO - Started process (PID=2449) to work on /home/airflow/.local/lib/python3.7/site-packages/airflow/example_dags/example_dag_decorator.py
[2023-01-19T20:43:26.344+0000] {processor.py:743} INFO - Processing file /home/airflow/.local/lib/python3.7/site-packages/airflow/example_dags/example_dag_decorator.py for tasks to queue
[2023-01-19T20:43:26.345+0000] {logging_mixin.py:137} INFO - [2023-01-19T20:43:26.345+0000] {dagbag.py:538} INFO - Filling up the DagBag from /home/airflow/.local/lib/python3.7/site-packages/airflow/example_dags/example_dag_decorator.py
[2023-01-19T20:43:26.371+0000] {logging_mixin.py:137} INFO - [2023-01-19T20:43:26.371+0000] {taskmixin.py:205} WARNING - Dependency <Task(_PythonDecoratedOperator): prepare_email>, send_email already registered for DAG: example_dag_decorator
[2023-01-19T20:43:26.372+0000] {logging_mixin.py:137} INFO - [2023-01-19T20:43:26.371+0000] {taskmixin.py:205} WARNING - Dependency <Task(EmailOperator): send_email>, prepare_email already registered for DAG: example_dag_decorator
[2023-01-19T20:43:26.388+0000] {processor.py:753} INFO - DAG(s) dict_keys(['example_dag_decorator']) retrieved from /home/airflow/.local/lib/python3.7/site-packages/airflow/example_dags/example_dag_decorator.py
[2023-01-19T20:43:26.507+0000] {logging_mixin.py:137} INFO - [2023-01-19T20:43:26.507+0000] {dag.py:2676} INFO - Sync 1 DAGs
[2023-01-19T20:43:26.547+0000] {logging_mixin.py:137} INFO - [2023-01-19T20:43:26.547+0000] {dag.py:3427} INFO - Setting next_dagrun for example_dag_decorator to None, run_after=None
[2023-01-19T20:43:26.578+0000] {processor.py:175} INFO - Processing /home/airflow/.local/lib/python3.7/site-packages/airflow/example_dags/example_dag_decorator.py took 0.241 seconds
[2023-01-19T20:43:56.782+0000] {processor.py:153} INFO - Started process (PID=2522) to work on /home/airflow/.local/lib/python3.7/site-packages/airflow/example_dags/example_dag_decorator.py
[2023-01-19T20:43:56.784+0000] {processor.py:743} INFO - Processing file /home/airflow/.local/lib/python3.7/site-packages/airflow/example_dags/example_dag_decorator.py for tasks to queue
[2023-01-19T20:43:56.784+0000] {logging_mixin.py:137} INFO - [2023-01-19T20:43:56.784+0000] {dagbag.py:538} INFO - Filling up the DagBag from /home/airflow/.local/lib/python3.7/site-packages/airflow/example_dags/example_dag_decorator.py
[2023-01-19T20:43:56.812+0000] {logging_mixin.py:137} INFO - [2023-01-19T20:43:56.812+0000] {taskmixin.py:205} WARNING - Dependency <Task(_PythonDecoratedOperator): prepare_email>, send_email already registered for DAG: example_dag_decorator
[2023-01-19T20:43:56.812+0000] {logging_mixin.py:137} INFO - [2023-01-19T20:43:56.812+0000] {taskmixin.py:205} WARNING - Dependency <Task(EmailOperator): send_email>, prepare_email already registered for DAG: example_dag_decorator
[2023-01-19T20:43:56.832+0000] {processor.py:753} INFO - DAG(s) dict_keys(['example_dag_decorator']) retrieved from /home/airflow/.local/lib/python3.7/site-packages/airflow/example_dags/example_dag_decorator.py
[2023-01-19T20:43:56.962+0000] {logging_mixin.py:137} INFO - [2023-01-19T20:43:56.961+0000] {dag.py:2676} INFO - Sync 1 DAGs
[2023-01-19T20:43:56.995+0000] {logging_mixin.py:137} INFO - [2023-01-19T20:43:56.994+0000] {dag.py:3427} INFO - Setting next_dagrun for example_dag_decorator to None, run_after=None
[2023-01-19T20:43:57.031+0000] {processor.py:175} INFO - Processing /home/airflow/.local/lib/python3.7/site-packages/airflow/example_dags/example_dag_decorator.py took 0.254 seconds
[2023-01-19T20:44:27.173+0000] {processor.py:153} INFO - Started process (PID=2611) to work on /home/airflow/.local/lib/python3.7/site-packages/airflow/example_dags/example_dag_decorator.py
[2023-01-19T20:44:27.174+0000] {processor.py:743} INFO - Processing file /home/airflow/.local/lib/python3.7/site-packages/airflow/example_dags/example_dag_decorator.py for tasks to queue
[2023-01-19T20:44:27.175+0000] {logging_mixin.py:137} INFO - [2023-01-19T20:44:27.175+0000] {dagbag.py:538} INFO - Filling up the DagBag from /home/airflow/.local/lib/python3.7/site-packages/airflow/example_dags/example_dag_decorator.py
[2023-01-19T20:44:27.196+0000] {logging_mixin.py:137} INFO - [2023-01-19T20:44:27.196+0000] {taskmixin.py:205} WARNING - Dependency <Task(_PythonDecoratedOperator): prepare_email>, send_email already registered for DAG: example_dag_decorator
[2023-01-19T20:44:27.197+0000] {logging_mixin.py:137} INFO - [2023-01-19T20:44:27.197+0000] {taskmixin.py:205} WARNING - Dependency <Task(EmailOperator): send_email>, prepare_email already registered for DAG: example_dag_decorator
[2023-01-19T20:44:27.214+0000] {processor.py:753} INFO - DAG(s) dict_keys(['example_dag_decorator']) retrieved from /home/airflow/.local/lib/python3.7/site-packages/airflow/example_dags/example_dag_decorator.py
[2023-01-19T20:44:27.333+0000] {logging_mixin.py:137} INFO - [2023-01-19T20:44:27.332+0000] {dag.py:2676} INFO - Sync 1 DAGs
[2023-01-19T20:44:27.364+0000] {logging_mixin.py:137} INFO - [2023-01-19T20:44:27.364+0000] {dag.py:3427} INFO - Setting next_dagrun for example_dag_decorator to None, run_after=None
[2023-01-19T20:44:27.396+0000] {processor.py:175} INFO - Processing /home/airflow/.local/lib/python3.7/site-packages/airflow/example_dags/example_dag_decorator.py took 0.230 seconds
[2023-01-19T20:44:58.085+0000] {processor.py:153} INFO - Started process (PID=2683) to work on /home/airflow/.local/lib/python3.7/site-packages/airflow/example_dags/example_dag_decorator.py
[2023-01-19T20:44:58.087+0000] {processor.py:743} INFO - Processing file /home/airflow/.local/lib/python3.7/site-packages/airflow/example_dags/example_dag_decorator.py for tasks to queue
[2023-01-19T20:44:58.087+0000] {logging_mixin.py:137} INFO - [2023-01-19T20:44:58.087+0000] {dagbag.py:538} INFO - Filling up the DagBag from /home/airflow/.local/lib/python3.7/site-packages/airflow/example_dags/example_dag_decorator.py
[2023-01-19T20:44:58.108+0000] {logging_mixin.py:137} INFO - [2023-01-19T20:44:58.108+0000] {taskmixin.py:205} WARNING - Dependency <Task(_PythonDecoratedOperator): prepare_email>, send_email already registered for DAG: example_dag_decorator
[2023-01-19T20:44:58.109+0000] {logging_mixin.py:137} INFO - [2023-01-19T20:44:58.108+0000] {taskmixin.py:205} WARNING - Dependency <Task(EmailOperator): send_email>, prepare_email already registered for DAG: example_dag_decorator
[2023-01-19T20:44:58.123+0000] {processor.py:753} INFO - DAG(s) dict_keys(['example_dag_decorator']) retrieved from /home/airflow/.local/lib/python3.7/site-packages/airflow/example_dags/example_dag_decorator.py
[2023-01-19T20:44:58.231+0000] {logging_mixin.py:137} INFO - [2023-01-19T20:44:58.230+0000] {dag.py:2676} INFO - Sync 1 DAGs
[2023-01-19T20:44:58.265+0000] {logging_mixin.py:137} INFO - [2023-01-19T20:44:58.264+0000] {dag.py:3427} INFO - Setting next_dagrun for example_dag_decorator to None, run_after=None
[2023-01-19T20:44:58.293+0000] {processor.py:175} INFO - Processing /home/airflow/.local/lib/python3.7/site-packages/airflow/example_dags/example_dag_decorator.py took 0.211 seconds
[2023-01-19T20:45:28.514+0000] {processor.py:153} INFO - Started process (PID=2755) to work on /home/airflow/.local/lib/python3.7/site-packages/airflow/example_dags/example_dag_decorator.py
[2023-01-19T20:45:28.515+0000] {processor.py:743} INFO - Processing file /home/airflow/.local/lib/python3.7/site-packages/airflow/example_dags/example_dag_decorator.py for tasks to queue
[2023-01-19T20:45:28.516+0000] {logging_mixin.py:137} INFO - [2023-01-19T20:45:28.516+0000] {dagbag.py:538} INFO - Filling up the DagBag from /home/airflow/.local/lib/python3.7/site-packages/airflow/example_dags/example_dag_decorator.py
[2023-01-19T20:45:28.543+0000] {logging_mixin.py:137} INFO - [2023-01-19T20:45:28.543+0000] {taskmixin.py:205} WARNING - Dependency <Task(_PythonDecoratedOperator): prepare_email>, send_email already registered for DAG: example_dag_decorator
[2023-01-19T20:45:28.543+0000] {logging_mixin.py:137} INFO - [2023-01-19T20:45:28.543+0000] {taskmixin.py:205} WARNING - Dependency <Task(EmailOperator): send_email>, prepare_email already registered for DAG: example_dag_decorator
[2023-01-19T20:45:28.558+0000] {processor.py:753} INFO - DAG(s) dict_keys(['example_dag_decorator']) retrieved from /home/airflow/.local/lib/python3.7/site-packages/airflow/example_dags/example_dag_decorator.py
[2023-01-19T20:45:28.673+0000] {logging_mixin.py:137} INFO - [2023-01-19T20:45:28.673+0000] {dag.py:2676} INFO - Sync 1 DAGs
[2023-01-19T20:45:28.708+0000] {logging_mixin.py:137} INFO - [2023-01-19T20:45:28.708+0000] {dag.py:3427} INFO - Setting next_dagrun for example_dag_decorator to None, run_after=None
[2023-01-19T20:45:28.745+0000] {processor.py:175} INFO - Processing /home/airflow/.local/lib/python3.7/site-packages/airflow/example_dags/example_dag_decorator.py took 0.236 seconds
[2023-01-19T20:45:59.330+0000] {processor.py:153} INFO - Started process (PID=2843) to work on /home/airflow/.local/lib/python3.7/site-packages/airflow/example_dags/example_dag_decorator.py
[2023-01-19T20:45:59.332+0000] {processor.py:743} INFO - Processing file /home/airflow/.local/lib/python3.7/site-packages/airflow/example_dags/example_dag_decorator.py for tasks to queue
[2023-01-19T20:45:59.332+0000] {logging_mixin.py:137} INFO - [2023-01-19T20:45:59.332+0000] {dagbag.py:538} INFO - Filling up the DagBag from /home/airflow/.local/lib/python3.7/site-packages/airflow/example_dags/example_dag_decorator.py
[2023-01-19T20:45:59.354+0000] {logging_mixin.py:137} INFO - [2023-01-19T20:45:59.354+0000] {taskmixin.py:205} WARNING - Dependency <Task(_PythonDecoratedOperator): prepare_email>, send_email already registered for DAG: example_dag_decorator
[2023-01-19T20:45:59.355+0000] {logging_mixin.py:137} INFO - [2023-01-19T20:45:59.355+0000] {taskmixin.py:205} WARNING - Dependency <Task(EmailOperator): send_email>, prepare_email already registered for DAG: example_dag_decorator
[2023-01-19T20:45:59.369+0000] {processor.py:753} INFO - DAG(s) dict_keys(['example_dag_decorator']) retrieved from /home/airflow/.local/lib/python3.7/site-packages/airflow/example_dags/example_dag_decorator.py
[2023-01-19T20:45:59.476+0000] {logging_mixin.py:137} INFO - [2023-01-19T20:45:59.475+0000] {dag.py:2676} INFO - Sync 1 DAGs
[2023-01-19T20:45:59.505+0000] {logging_mixin.py:137} INFO - [2023-01-19T20:45:59.505+0000] {dag.py:3427} INFO - Setting next_dagrun for example_dag_decorator to None, run_after=None
[2023-01-19T20:45:59.532+0000] {processor.py:175} INFO - Processing /home/airflow/.local/lib/python3.7/site-packages/airflow/example_dags/example_dag_decorator.py took 0.206 seconds
[2023-01-19T20:46:29.773+0000] {processor.py:153} INFO - Started process (PID=2915) to work on /home/airflow/.local/lib/python3.7/site-packages/airflow/example_dags/example_dag_decorator.py
[2023-01-19T20:46:29.774+0000] {processor.py:743} INFO - Processing file /home/airflow/.local/lib/python3.7/site-packages/airflow/example_dags/example_dag_decorator.py for tasks to queue
[2023-01-19T20:46:29.775+0000] {logging_mixin.py:137} INFO - [2023-01-19T20:46:29.775+0000] {dagbag.py:538} INFO - Filling up the DagBag from /home/airflow/.local/lib/python3.7/site-packages/airflow/example_dags/example_dag_decorator.py
[2023-01-19T20:46:29.802+0000] {logging_mixin.py:137} INFO - [2023-01-19T20:46:29.802+0000] {taskmixin.py:205} WARNING - Dependency <Task(_PythonDecoratedOperator): prepare_email>, send_email already registered for DAG: example_dag_decorator
[2023-01-19T20:46:29.802+0000] {logging_mixin.py:137} INFO - [2023-01-19T20:46:29.802+0000] {taskmixin.py:205} WARNING - Dependency <Task(EmailOperator): send_email>, prepare_email already registered for DAG: example_dag_decorator
[2023-01-19T20:46:29.821+0000] {processor.py:753} INFO - DAG(s) dict_keys(['example_dag_decorator']) retrieved from /home/airflow/.local/lib/python3.7/site-packages/airflow/example_dags/example_dag_decorator.py
[2023-01-19T20:46:29.936+0000] {logging_mixin.py:137} INFO - [2023-01-19T20:46:29.935+0000] {dag.py:2676} INFO - Sync 1 DAGs
[2023-01-19T20:46:29.965+0000] {logging_mixin.py:137} INFO - [2023-01-19T20:46:29.965+0000] {dag.py:3427} INFO - Setting next_dagrun for example_dag_decorator to None, run_after=None
[2023-01-19T20:46:29.992+0000] {processor.py:175} INFO - Processing /home/airflow/.local/lib/python3.7/site-packages/airflow/example_dags/example_dag_decorator.py took 0.224 seconds
[2023-01-19T20:47:00.488+0000] {processor.py:153} INFO - Started process (PID=2987) to work on /home/airflow/.local/lib/python3.7/site-packages/airflow/example_dags/example_dag_decorator.py
[2023-01-19T20:47:00.498+0000] {processor.py:743} INFO - Processing file /home/airflow/.local/lib/python3.7/site-packages/airflow/example_dags/example_dag_decorator.py for tasks to queue
[2023-01-19T20:47:00.502+0000] {logging_mixin.py:137} INFO - [2023-01-19T20:47:00.502+0000] {dagbag.py:538} INFO - Filling up the DagBag from /home/airflow/.local/lib/python3.7/site-packages/airflow/example_dags/example_dag_decorator.py
[2023-01-19T20:47:00.529+0000] {logging_mixin.py:137} INFO - [2023-01-19T20:47:00.529+0000] {taskmixin.py:205} WARNING - Dependency <Task(_PythonDecoratedOperator): prepare_email>, send_email already registered for DAG: example_dag_decorator
[2023-01-19T20:47:00.530+0000] {logging_mixin.py:137} INFO - [2023-01-19T20:47:00.529+0000] {taskmixin.py:205} WARNING - Dependency <Task(EmailOperator): send_email>, prepare_email already registered for DAG: example_dag_decorator
[2023-01-19T20:47:00.545+0000] {processor.py:753} INFO - DAG(s) dict_keys(['example_dag_decorator']) retrieved from /home/airflow/.local/lib/python3.7/site-packages/airflow/example_dags/example_dag_decorator.py
[2023-01-19T20:47:00.652+0000] {logging_mixin.py:137} INFO - [2023-01-19T20:47:00.652+0000] {dag.py:2676} INFO - Sync 1 DAGs
[2023-01-19T20:47:00.689+0000] {logging_mixin.py:137} INFO - [2023-01-19T20:47:00.689+0000] {dag.py:3427} INFO - Setting next_dagrun for example_dag_decorator to None, run_after=None
[2023-01-19T20:47:00.717+0000] {processor.py:175} INFO - Processing /home/airflow/.local/lib/python3.7/site-packages/airflow/example_dags/example_dag_decorator.py took 0.240 seconds
