[2023-01-19T20:21:30.376+0000] {processor.py:153} INFO - Started process (PID=72) to work on /home/airflow/.local/lib/python3.7/site-packages/airflow/example_dags/example_short_circuit_decorator.py
[2023-01-19T20:21:30.377+0000] {processor.py:743} INFO - Processing file /home/airflow/.local/lib/python3.7/site-packages/airflow/example_dags/example_short_circuit_decorator.py for tasks to queue
[2023-01-19T20:21:30.379+0000] {logging_mixin.py:137} INFO - [2023-01-19T20:21:30.379+0000] {dagbag.py:538} INFO - Filling up the DagBag from /home/airflow/.local/lib/python3.7/site-packages/airflow/example_dags/example_short_circuit_decorator.py
[2023-01-19T20:21:30.422+0000] {processor.py:753} INFO - DAG(s) dict_keys(['example_short_circuit_decorator']) retrieved from /home/airflow/.local/lib/python3.7/site-packages/airflow/example_dags/example_short_circuit_decorator.py
[2023-01-19T20:21:30.465+0000] {logging_mixin.py:137} INFO - [2023-01-19T20:21:30.465+0000] {dag.py:2676} INFO - Sync 1 DAGs
[2023-01-19T20:21:30.516+0000] {logging_mixin.py:137} INFO - [2023-01-19T20:21:30.516+0000] {dag.py:3427} INFO - Setting next_dagrun for example_short_circuit_decorator to 2023-01-18T20:21:30.515715+00:00, run_after=2023-01-19T20:21:30.515715+00:00
[2023-01-19T20:21:30.553+0000] {processor.py:175} INFO - Processing /home/airflow/.local/lib/python3.7/site-packages/airflow/example_dags/example_short_circuit_decorator.py took 0.184 seconds
[2023-01-19T20:22:47.835+0000] {processor.py:153} INFO - Started process (PID=72) to work on /home/airflow/.local/lib/python3.7/site-packages/airflow/example_dags/example_short_circuit_decorator.py
[2023-01-19T20:22:47.837+0000] {processor.py:743} INFO - Processing file /home/airflow/.local/lib/python3.7/site-packages/airflow/example_dags/example_short_circuit_decorator.py for tasks to queue
[2023-01-19T20:22:47.838+0000] {logging_mixin.py:137} INFO - [2023-01-19T20:22:47.838+0000] {dagbag.py:538} INFO - Filling up the DagBag from /home/airflow/.local/lib/python3.7/site-packages/airflow/example_dags/example_short_circuit_decorator.py
[2023-01-19T20:22:47.908+0000] {processor.py:753} INFO - DAG(s) dict_keys(['example_short_circuit_decorator']) retrieved from /home/airflow/.local/lib/python3.7/site-packages/airflow/example_dags/example_short_circuit_decorator.py
[2023-01-19T20:22:47.985+0000] {logging_mixin.py:137} INFO - [2023-01-19T20:22:47.985+0000] {dag.py:2676} INFO - Sync 1 DAGs
[2023-01-19T20:22:48.039+0000] {logging_mixin.py:137} INFO - [2023-01-19T20:22:48.039+0000] {dag.py:3427} INFO - Setting next_dagrun for example_short_circuit_decorator to 2023-01-18T20:22:48.038477+00:00, run_after=2023-01-19T20:22:48.038477+00:00
[2023-01-19T20:22:48.083+0000] {processor.py:175} INFO - Processing /home/airflow/.local/lib/python3.7/site-packages/airflow/example_dags/example_short_circuit_decorator.py took 0.253 seconds
[2023-01-19T20:23:18.901+0000] {processor.py:153} INFO - Started process (PID=144) to work on /home/airflow/.local/lib/python3.7/site-packages/airflow/example_dags/example_short_circuit_decorator.py
[2023-01-19T20:23:18.904+0000] {processor.py:743} INFO - Processing file /home/airflow/.local/lib/python3.7/site-packages/airflow/example_dags/example_short_circuit_decorator.py for tasks to queue
[2023-01-19T20:23:18.906+0000] {logging_mixin.py:137} INFO - [2023-01-19T20:23:18.905+0000] {dagbag.py:538} INFO - Filling up the DagBag from /home/airflow/.local/lib/python3.7/site-packages/airflow/example_dags/example_short_circuit_decorator.py
[2023-01-19T20:23:18.950+0000] {processor.py:753} INFO - DAG(s) dict_keys(['example_short_circuit_decorator']) retrieved from /home/airflow/.local/lib/python3.7/site-packages/airflow/example_dags/example_short_circuit_decorator.py
[2023-01-19T20:23:19.013+0000] {logging_mixin.py:137} INFO - [2023-01-19T20:23:19.012+0000] {dag.py:2676} INFO - Sync 1 DAGs
[2023-01-19T20:23:19.060+0000] {logging_mixin.py:137} INFO - [2023-01-19T20:23:19.060+0000] {dag.py:3427} INFO - Setting next_dagrun for example_short_circuit_decorator to 2023-01-18T20:23:19.060109+00:00, run_after=2023-01-19T20:23:19.060109+00:00
[2023-01-19T20:23:19.097+0000] {processor.py:175} INFO - Processing /home/airflow/.local/lib/python3.7/site-packages/airflow/example_dags/example_short_circuit_decorator.py took 0.200 seconds
[2023-01-19T20:23:49.136+0000] {processor.py:153} INFO - Started process (PID=216) to work on /home/airflow/.local/lib/python3.7/site-packages/airflow/example_dags/example_short_circuit_decorator.py
[2023-01-19T20:23:49.137+0000] {processor.py:743} INFO - Processing file /home/airflow/.local/lib/python3.7/site-packages/airflow/example_dags/example_short_circuit_decorator.py for tasks to queue
[2023-01-19T20:23:49.138+0000] {logging_mixin.py:137} INFO - [2023-01-19T20:23:49.138+0000] {dagbag.py:538} INFO - Filling up the DagBag from /home/airflow/.local/lib/python3.7/site-packages/airflow/example_dags/example_short_circuit_decorator.py
[2023-01-19T20:23:49.169+0000] {processor.py:753} INFO - DAG(s) dict_keys(['example_short_circuit_decorator']) retrieved from /home/airflow/.local/lib/python3.7/site-packages/airflow/example_dags/example_short_circuit_decorator.py
[2023-01-19T20:23:49.223+0000] {logging_mixin.py:137} INFO - [2023-01-19T20:23:49.223+0000] {dag.py:2676} INFO - Sync 1 DAGs
[2023-01-19T20:23:49.256+0000] {logging_mixin.py:137} INFO - [2023-01-19T20:23:49.256+0000] {dag.py:3427} INFO - Setting next_dagrun for example_short_circuit_decorator to 2023-01-18T20:23:49.256364+00:00, run_after=2023-01-19T20:23:49.256364+00:00
[2023-01-19T20:23:49.282+0000] {processor.py:175} INFO - Processing /home/airflow/.local/lib/python3.7/site-packages/airflow/example_dags/example_short_circuit_decorator.py took 0.149 seconds
[2023-01-19T20:24:19.358+0000] {processor.py:153} INFO - Started process (PID=295) to work on /home/airflow/.local/lib/python3.7/site-packages/airflow/example_dags/example_short_circuit_decorator.py
[2023-01-19T20:24:19.359+0000] {processor.py:743} INFO - Processing file /home/airflow/.local/lib/python3.7/site-packages/airflow/example_dags/example_short_circuit_decorator.py for tasks to queue
[2023-01-19T20:24:19.360+0000] {logging_mixin.py:137} INFO - [2023-01-19T20:24:19.359+0000] {dagbag.py:538} INFO - Filling up the DagBag from /home/airflow/.local/lib/python3.7/site-packages/airflow/example_dags/example_short_circuit_decorator.py
[2023-01-19T20:24:19.404+0000] {processor.py:753} INFO - DAG(s) dict_keys(['example_short_circuit_decorator']) retrieved from /home/airflow/.local/lib/python3.7/site-packages/airflow/example_dags/example_short_circuit_decorator.py
[2023-01-19T20:24:19.465+0000] {logging_mixin.py:137} INFO - [2023-01-19T20:24:19.464+0000] {dag.py:2676} INFO - Sync 1 DAGs
[2023-01-19T20:24:19.508+0000] {logging_mixin.py:137} INFO - [2023-01-19T20:24:19.507+0000] {dag.py:3427} INFO - Setting next_dagrun for example_short_circuit_decorator to 2023-01-18T20:24:19.507476+00:00, run_after=2023-01-19T20:24:19.507476+00:00
[2023-01-19T20:24:19.538+0000] {processor.py:175} INFO - Processing /home/airflow/.local/lib/python3.7/site-packages/airflow/example_dags/example_short_circuit_decorator.py took 0.185 seconds
[2023-01-19T20:24:50.149+0000] {processor.py:153} INFO - Started process (PID=377) to work on /home/airflow/.local/lib/python3.7/site-packages/airflow/example_dags/example_short_circuit_decorator.py
[2023-01-19T20:24:50.151+0000] {processor.py:743} INFO - Processing file /home/airflow/.local/lib/python3.7/site-packages/airflow/example_dags/example_short_circuit_decorator.py for tasks to queue
[2023-01-19T20:24:50.152+0000] {logging_mixin.py:137} INFO - [2023-01-19T20:24:50.151+0000] {dagbag.py:538} INFO - Filling up the DagBag from /home/airflow/.local/lib/python3.7/site-packages/airflow/example_dags/example_short_circuit_decorator.py
[2023-01-19T20:24:50.185+0000] {processor.py:753} INFO - DAG(s) dict_keys(['example_short_circuit_decorator']) retrieved from /home/airflow/.local/lib/python3.7/site-packages/airflow/example_dags/example_short_circuit_decorator.py
[2023-01-19T20:24:50.241+0000] {logging_mixin.py:137} INFO - [2023-01-19T20:24:50.241+0000] {dag.py:2676} INFO - Sync 1 DAGs
[2023-01-19T20:24:50.279+0000] {logging_mixin.py:137} INFO - [2023-01-19T20:24:50.279+0000] {dag.py:3427} INFO - Setting next_dagrun for example_short_circuit_decorator to 2023-01-18T20:24:50.278989+00:00, run_after=2023-01-19T20:24:50.278989+00:00
[2023-01-19T20:24:50.312+0000] {processor.py:175} INFO - Processing /home/airflow/.local/lib/python3.7/site-packages/airflow/example_dags/example_short_circuit_decorator.py took 0.169 seconds
[2023-01-19T20:25:20.393+0000] {processor.py:153} INFO - Started process (PID=449) to work on /home/airflow/.local/lib/python3.7/site-packages/airflow/example_dags/example_short_circuit_decorator.py
[2023-01-19T20:25:20.394+0000] {processor.py:743} INFO - Processing file /home/airflow/.local/lib/python3.7/site-packages/airflow/example_dags/example_short_circuit_decorator.py for tasks to queue
[2023-01-19T20:25:20.396+0000] {logging_mixin.py:137} INFO - [2023-01-19T20:25:20.395+0000] {dagbag.py:538} INFO - Filling up the DagBag from /home/airflow/.local/lib/python3.7/site-packages/airflow/example_dags/example_short_circuit_decorator.py
[2023-01-19T20:25:20.432+0000] {processor.py:753} INFO - DAG(s) dict_keys(['example_short_circuit_decorator']) retrieved from /home/airflow/.local/lib/python3.7/site-packages/airflow/example_dags/example_short_circuit_decorator.py
[2023-01-19T20:25:20.500+0000] {logging_mixin.py:137} INFO - [2023-01-19T20:25:20.500+0000] {dag.py:2676} INFO - Sync 1 DAGs
[2023-01-19T20:25:20.540+0000] {logging_mixin.py:137} INFO - [2023-01-19T20:25:20.540+0000] {dag.py:3427} INFO - Setting next_dagrun for example_short_circuit_decorator to 2023-01-18T20:25:20.540220+00:00, run_after=2023-01-19T20:25:20.540220+00:00
[2023-01-19T20:25:20.574+0000] {processor.py:175} INFO - Processing /home/airflow/.local/lib/python3.7/site-packages/airflow/example_dags/example_short_circuit_decorator.py took 0.185 seconds
[2023-01-19T20:25:50.725+0000] {processor.py:153} INFO - Started process (PID=521) to work on /home/airflow/.local/lib/python3.7/site-packages/airflow/example_dags/example_short_circuit_decorator.py
[2023-01-19T20:25:50.727+0000] {processor.py:743} INFO - Processing file /home/airflow/.local/lib/python3.7/site-packages/airflow/example_dags/example_short_circuit_decorator.py for tasks to queue
[2023-01-19T20:25:50.728+0000] {logging_mixin.py:137} INFO - [2023-01-19T20:25:50.727+0000] {dagbag.py:538} INFO - Filling up the DagBag from /home/airflow/.local/lib/python3.7/site-packages/airflow/example_dags/example_short_circuit_decorator.py
[2023-01-19T20:25:50.766+0000] {processor.py:753} INFO - DAG(s) dict_keys(['example_short_circuit_decorator']) retrieved from /home/airflow/.local/lib/python3.7/site-packages/airflow/example_dags/example_short_circuit_decorator.py
[2023-01-19T20:25:50.800+0000] {logging_mixin.py:137} INFO - [2023-01-19T20:25:50.800+0000] {dag.py:2676} INFO - Sync 1 DAGs
[2023-01-19T20:25:50.836+0000] {logging_mixin.py:137} INFO - [2023-01-19T20:25:50.835+0000] {dag.py:3427} INFO - Setting next_dagrun for example_short_circuit_decorator to 2023-01-18T20:25:50.835491+00:00, run_after=2023-01-19T20:25:50.835491+00:00
[2023-01-19T20:25:50.865+0000] {processor.py:175} INFO - Processing /home/airflow/.local/lib/python3.7/site-packages/airflow/example_dags/example_short_circuit_decorator.py took 0.145 seconds
[2023-01-19T20:27:38.342+0000] {processor.py:153} INFO - Started process (PID=72) to work on /home/airflow/.local/lib/python3.7/site-packages/airflow/example_dags/example_short_circuit_decorator.py
[2023-01-19T20:27:38.343+0000] {processor.py:743} INFO - Processing file /home/airflow/.local/lib/python3.7/site-packages/airflow/example_dags/example_short_circuit_decorator.py for tasks to queue
[2023-01-19T20:27:38.344+0000] {logging_mixin.py:137} INFO - [2023-01-19T20:27:38.344+0000] {dagbag.py:538} INFO - Filling up the DagBag from /home/airflow/.local/lib/python3.7/site-packages/airflow/example_dags/example_short_circuit_decorator.py
[2023-01-19T20:27:38.378+0000] {processor.py:753} INFO - DAG(s) dict_keys(['example_short_circuit_decorator']) retrieved from /home/airflow/.local/lib/python3.7/site-packages/airflow/example_dags/example_short_circuit_decorator.py
[2023-01-19T20:27:38.544+0000] {logging_mixin.py:137} INFO - [2023-01-19T20:27:38.544+0000] {manager.py:504} INFO - Created Permission View: can delete on DAG:example_short_circuit_decorator
[2023-01-19T20:27:38.558+0000] {logging_mixin.py:137} INFO - [2023-01-19T20:27:38.558+0000] {manager.py:504} INFO - Created Permission View: can edit on DAG:example_short_circuit_decorator
[2023-01-19T20:27:38.570+0000] {logging_mixin.py:137} INFO - [2023-01-19T20:27:38.570+0000] {manager.py:504} INFO - Created Permission View: can read on DAG:example_short_circuit_decorator
[2023-01-19T20:27:38.571+0000] {logging_mixin.py:137} INFO - [2023-01-19T20:27:38.571+0000] {dag.py:2676} INFO - Sync 1 DAGs
[2023-01-19T20:27:38.592+0000] {logging_mixin.py:137} INFO - [2023-01-19T20:27:38.592+0000] {dag.py:2697} INFO - Creating ORM DAG for example_short_circuit_decorator
[2023-01-19T20:27:38.609+0000] {logging_mixin.py:137} INFO - [2023-01-19T20:27:38.609+0000] {dag.py:3427} INFO - Setting next_dagrun for example_short_circuit_decorator to 2023-01-18T20:27:38.609477+00:00, run_after=2023-01-19T20:27:38.609477+00:00
[2023-01-19T20:27:38.636+0000] {processor.py:175} INFO - Processing /home/airflow/.local/lib/python3.7/site-packages/airflow/example_dags/example_short_circuit_decorator.py took 0.298 seconds
[2023-01-19T20:28:09.585+0000] {processor.py:153} INFO - Started process (PID=144) to work on /home/airflow/.local/lib/python3.7/site-packages/airflow/example_dags/example_short_circuit_decorator.py
[2023-01-19T20:28:09.586+0000] {processor.py:743} INFO - Processing file /home/airflow/.local/lib/python3.7/site-packages/airflow/example_dags/example_short_circuit_decorator.py for tasks to queue
[2023-01-19T20:28:09.587+0000] {logging_mixin.py:137} INFO - [2023-01-19T20:28:09.587+0000] {dagbag.py:538} INFO - Filling up the DagBag from /home/airflow/.local/lib/python3.7/site-packages/airflow/example_dags/example_short_circuit_decorator.py
[2023-01-19T20:28:09.624+0000] {processor.py:753} INFO - DAG(s) dict_keys(['example_short_circuit_decorator']) retrieved from /home/airflow/.local/lib/python3.7/site-packages/airflow/example_dags/example_short_circuit_decorator.py
[2023-01-19T20:28:09.678+0000] {logging_mixin.py:137} INFO - [2023-01-19T20:28:09.678+0000] {dag.py:2676} INFO - Sync 1 DAGs
[2023-01-19T20:28:09.725+0000] {logging_mixin.py:137} INFO - [2023-01-19T20:28:09.725+0000] {dag.py:3427} INFO - Setting next_dagrun for example_short_circuit_decorator to 2023-01-18T20:28:09.724899+00:00, run_after=2023-01-19T20:28:09.724899+00:00
[2023-01-19T20:28:09.762+0000] {processor.py:175} INFO - Processing /home/airflow/.local/lib/python3.7/site-packages/airflow/example_dags/example_short_circuit_decorator.py took 0.180 seconds
[2023-01-19T20:28:40.613+0000] {processor.py:153} INFO - Started process (PID=225) to work on /home/airflow/.local/lib/python3.7/site-packages/airflow/example_dags/example_short_circuit_decorator.py
[2023-01-19T20:28:40.631+0000] {processor.py:743} INFO - Processing file /home/airflow/.local/lib/python3.7/site-packages/airflow/example_dags/example_short_circuit_decorator.py for tasks to queue
[2023-01-19T20:28:40.633+0000] {logging_mixin.py:137} INFO - [2023-01-19T20:28:40.633+0000] {dagbag.py:538} INFO - Filling up the DagBag from /home/airflow/.local/lib/python3.7/site-packages/airflow/example_dags/example_short_circuit_decorator.py
[2023-01-19T20:28:40.784+0000] {processor.py:753} INFO - DAG(s) dict_keys(['example_short_circuit_decorator']) retrieved from /home/airflow/.local/lib/python3.7/site-packages/airflow/example_dags/example_short_circuit_decorator.py
[2023-01-19T20:28:40.972+0000] {logging_mixin.py:137} INFO - [2023-01-19T20:28:40.971+0000] {dag.py:2676} INFO - Sync 1 DAGs
[2023-01-19T20:28:41.045+0000] {logging_mixin.py:137} INFO - [2023-01-19T20:28:41.045+0000] {dag.py:3427} INFO - Setting next_dagrun for example_short_circuit_decorator to 2023-01-18T20:28:41.044716+00:00, run_after=2023-01-19T20:28:41.044716+00:00
[2023-01-19T20:28:41.094+0000] {processor.py:175} INFO - Processing /home/airflow/.local/lib/python3.7/site-packages/airflow/example_dags/example_short_circuit_decorator.py took 0.498 seconds
[2023-01-19T20:29:11.264+0000] {processor.py:153} INFO - Started process (PID=305) to work on /home/airflow/.local/lib/python3.7/site-packages/airflow/example_dags/example_short_circuit_decorator.py
[2023-01-19T20:29:11.274+0000] {processor.py:743} INFO - Processing file /home/airflow/.local/lib/python3.7/site-packages/airflow/example_dags/example_short_circuit_decorator.py for tasks to queue
[2023-01-19T20:29:11.275+0000] {logging_mixin.py:137} INFO - [2023-01-19T20:29:11.275+0000] {dagbag.py:538} INFO - Filling up the DagBag from /home/airflow/.local/lib/python3.7/site-packages/airflow/example_dags/example_short_circuit_decorator.py
[2023-01-19T20:29:11.335+0000] {processor.py:753} INFO - DAG(s) dict_keys(['example_short_circuit_decorator']) retrieved from /home/airflow/.local/lib/python3.7/site-packages/airflow/example_dags/example_short_circuit_decorator.py
[2023-01-19T20:29:11.416+0000] {logging_mixin.py:137} INFO - [2023-01-19T20:29:11.416+0000] {dag.py:2676} INFO - Sync 1 DAGs
[2023-01-19T20:29:11.470+0000] {logging_mixin.py:137} INFO - [2023-01-19T20:29:11.469+0000] {dag.py:3427} INFO - Setting next_dagrun for example_short_circuit_decorator to 2023-01-18T20:29:11.469533+00:00, run_after=2023-01-19T20:29:11.469533+00:00
[2023-01-19T20:29:11.499+0000] {processor.py:175} INFO - Processing /home/airflow/.local/lib/python3.7/site-packages/airflow/example_dags/example_short_circuit_decorator.py took 0.243 seconds
[2023-01-19T20:29:41.614+0000] {processor.py:153} INFO - Started process (PID=378) to work on /home/airflow/.local/lib/python3.7/site-packages/airflow/example_dags/example_short_circuit_decorator.py
[2023-01-19T20:29:41.624+0000] {processor.py:743} INFO - Processing file /home/airflow/.local/lib/python3.7/site-packages/airflow/example_dags/example_short_circuit_decorator.py for tasks to queue
[2023-01-19T20:29:41.626+0000] {logging_mixin.py:137} INFO - [2023-01-19T20:29:41.625+0000] {dagbag.py:538} INFO - Filling up the DagBag from /home/airflow/.local/lib/python3.7/site-packages/airflow/example_dags/example_short_circuit_decorator.py
[2023-01-19T20:29:41.701+0000] {processor.py:753} INFO - DAG(s) dict_keys(['example_short_circuit_decorator']) retrieved from /home/airflow/.local/lib/python3.7/site-packages/airflow/example_dags/example_short_circuit_decorator.py
[2023-01-19T20:29:41.767+0000] {logging_mixin.py:137} INFO - [2023-01-19T20:29:41.767+0000] {dag.py:2676} INFO - Sync 1 DAGs
[2023-01-19T20:29:41.805+0000] {logging_mixin.py:137} INFO - [2023-01-19T20:29:41.805+0000] {dag.py:3427} INFO - Setting next_dagrun for example_short_circuit_decorator to 2023-01-18T20:29:41.804770+00:00, run_after=2023-01-19T20:29:41.804770+00:00
[2023-01-19T20:29:41.839+0000] {processor.py:175} INFO - Processing /home/airflow/.local/lib/python3.7/site-packages/airflow/example_dags/example_short_circuit_decorator.py took 0.233 seconds
[2023-01-19T20:30:12.012+0000] {processor.py:153} INFO - Started process (PID=450) to work on /home/airflow/.local/lib/python3.7/site-packages/airflow/example_dags/example_short_circuit_decorator.py
[2023-01-19T20:30:12.013+0000] {processor.py:743} INFO - Processing file /home/airflow/.local/lib/python3.7/site-packages/airflow/example_dags/example_short_circuit_decorator.py for tasks to queue
[2023-01-19T20:30:12.014+0000] {logging_mixin.py:137} INFO - [2023-01-19T20:30:12.014+0000] {dagbag.py:538} INFO - Filling up the DagBag from /home/airflow/.local/lib/python3.7/site-packages/airflow/example_dags/example_short_circuit_decorator.py
[2023-01-19T20:30:12.049+0000] {processor.py:753} INFO - DAG(s) dict_keys(['example_short_circuit_decorator']) retrieved from /home/airflow/.local/lib/python3.7/site-packages/airflow/example_dags/example_short_circuit_decorator.py
[2023-01-19T20:30:12.123+0000] {logging_mixin.py:137} INFO - [2023-01-19T20:30:12.123+0000] {dag.py:2676} INFO - Sync 1 DAGs
[2023-01-19T20:30:12.159+0000] {logging_mixin.py:137} INFO - [2023-01-19T20:30:12.159+0000] {dag.py:3427} INFO - Setting next_dagrun for example_short_circuit_decorator to 2023-01-18T20:30:12.159308+00:00, run_after=2023-01-19T20:30:12.159308+00:00
[2023-01-19T20:30:12.188+0000] {processor.py:175} INFO - Processing /home/airflow/.local/lib/python3.7/site-packages/airflow/example_dags/example_short_circuit_decorator.py took 0.181 seconds
[2023-01-19T20:30:42.458+0000] {processor.py:153} INFO - Started process (PID=538) to work on /home/airflow/.local/lib/python3.7/site-packages/airflow/example_dags/example_short_circuit_decorator.py
[2023-01-19T20:30:42.459+0000] {processor.py:743} INFO - Processing file /home/airflow/.local/lib/python3.7/site-packages/airflow/example_dags/example_short_circuit_decorator.py for tasks to queue
[2023-01-19T20:30:42.460+0000] {logging_mixin.py:137} INFO - [2023-01-19T20:30:42.460+0000] {dagbag.py:538} INFO - Filling up the DagBag from /home/airflow/.local/lib/python3.7/site-packages/airflow/example_dags/example_short_circuit_decorator.py
[2023-01-19T20:30:42.501+0000] {processor.py:753} INFO - DAG(s) dict_keys(['example_short_circuit_decorator']) retrieved from /home/airflow/.local/lib/python3.7/site-packages/airflow/example_dags/example_short_circuit_decorator.py
[2023-01-19T20:30:42.581+0000] {logging_mixin.py:137} INFO - [2023-01-19T20:30:42.581+0000] {dag.py:2676} INFO - Sync 1 DAGs
[2023-01-19T20:30:42.617+0000] {logging_mixin.py:137} INFO - [2023-01-19T20:30:42.617+0000] {dag.py:3427} INFO - Setting next_dagrun for example_short_circuit_decorator to 2023-01-18T20:30:42.616807+00:00, run_after=2023-01-19T20:30:42.616807+00:00
[2023-01-19T20:30:42.642+0000] {processor.py:175} INFO - Processing /home/airflow/.local/lib/python3.7/site-packages/airflow/example_dags/example_short_circuit_decorator.py took 0.189 seconds
[2023-01-19T20:31:13.636+0000] {processor.py:153} INFO - Started process (PID=610) to work on /home/airflow/.local/lib/python3.7/site-packages/airflow/example_dags/example_short_circuit_decorator.py
[2023-01-19T20:31:13.638+0000] {processor.py:743} INFO - Processing file /home/airflow/.local/lib/python3.7/site-packages/airflow/example_dags/example_short_circuit_decorator.py for tasks to queue
[2023-01-19T20:31:13.640+0000] {logging_mixin.py:137} INFO - [2023-01-19T20:31:13.639+0000] {dagbag.py:538} INFO - Filling up the DagBag from /home/airflow/.local/lib/python3.7/site-packages/airflow/example_dags/example_short_circuit_decorator.py
[2023-01-19T20:31:13.689+0000] {processor.py:753} INFO - DAG(s) dict_keys(['example_short_circuit_decorator']) retrieved from /home/airflow/.local/lib/python3.7/site-packages/airflow/example_dags/example_short_circuit_decorator.py
[2023-01-19T20:31:13.770+0000] {logging_mixin.py:137} INFO - [2023-01-19T20:31:13.769+0000] {dag.py:2676} INFO - Sync 1 DAGs
[2023-01-19T20:31:13.837+0000] {logging_mixin.py:137} INFO - [2023-01-19T20:31:13.836+0000] {dag.py:3427} INFO - Setting next_dagrun for example_short_circuit_decorator to 2023-01-18T20:31:13.835497+00:00, run_after=2023-01-19T20:31:13.835497+00:00
[2023-01-19T20:31:13.887+0000] {processor.py:175} INFO - Processing /home/airflow/.local/lib/python3.7/site-packages/airflow/example_dags/example_short_circuit_decorator.py took 0.256 seconds
[2023-01-19T20:31:44.646+0000] {processor.py:153} INFO - Started process (PID=682) to work on /home/airflow/.local/lib/python3.7/site-packages/airflow/example_dags/example_short_circuit_decorator.py
[2023-01-19T20:31:44.647+0000] {processor.py:743} INFO - Processing file /home/airflow/.local/lib/python3.7/site-packages/airflow/example_dags/example_short_circuit_decorator.py for tasks to queue
[2023-01-19T20:31:44.648+0000] {logging_mixin.py:137} INFO - [2023-01-19T20:31:44.648+0000] {dagbag.py:538} INFO - Filling up the DagBag from /home/airflow/.local/lib/python3.7/site-packages/airflow/example_dags/example_short_circuit_decorator.py
[2023-01-19T20:31:44.692+0000] {processor.py:753} INFO - DAG(s) dict_keys(['example_short_circuit_decorator']) retrieved from /home/airflow/.local/lib/python3.7/site-packages/airflow/example_dags/example_short_circuit_decorator.py
[2023-01-19T20:31:44.802+0000] {logging_mixin.py:137} INFO - [2023-01-19T20:31:44.802+0000] {dag.py:2676} INFO - Sync 1 DAGs
[2023-01-19T20:31:44.841+0000] {logging_mixin.py:137} INFO - [2023-01-19T20:31:44.841+0000] {dag.py:3427} INFO - Setting next_dagrun for example_short_circuit_decorator to 2023-01-18T20:31:44.841342+00:00, run_after=2023-01-19T20:31:44.841342+00:00
[2023-01-19T20:31:44.872+0000] {processor.py:175} INFO - Processing /home/airflow/.local/lib/python3.7/site-packages/airflow/example_dags/example_short_circuit_decorator.py took 0.232 seconds
[2023-01-19T20:32:14.957+0000] {processor.py:153} INFO - Started process (PID=771) to work on /home/airflow/.local/lib/python3.7/site-packages/airflow/example_dags/example_short_circuit_decorator.py
[2023-01-19T20:32:14.958+0000] {processor.py:743} INFO - Processing file /home/airflow/.local/lib/python3.7/site-packages/airflow/example_dags/example_short_circuit_decorator.py for tasks to queue
[2023-01-19T20:32:14.960+0000] {logging_mixin.py:137} INFO - [2023-01-19T20:32:14.960+0000] {dagbag.py:538} INFO - Filling up the DagBag from /home/airflow/.local/lib/python3.7/site-packages/airflow/example_dags/example_short_circuit_decorator.py
[2023-01-19T20:32:15.009+0000] {processor.py:753} INFO - DAG(s) dict_keys(['example_short_circuit_decorator']) retrieved from /home/airflow/.local/lib/python3.7/site-packages/airflow/example_dags/example_short_circuit_decorator.py
[2023-01-19T20:32:15.074+0000] {logging_mixin.py:137} INFO - [2023-01-19T20:32:15.073+0000] {dag.py:2676} INFO - Sync 1 DAGs
[2023-01-19T20:32:15.128+0000] {logging_mixin.py:137} INFO - [2023-01-19T20:32:15.128+0000] {dag.py:3427} INFO - Setting next_dagrun for example_short_circuit_decorator to 2023-01-18T20:32:15.127937+00:00, run_after=2023-01-19T20:32:15.127937+00:00
[2023-01-19T20:32:15.159+0000] {processor.py:175} INFO - Processing /home/airflow/.local/lib/python3.7/site-packages/airflow/example_dags/example_short_circuit_decorator.py took 0.207 seconds
[2023-01-19T20:32:45.339+0000] {processor.py:153} INFO - Started process (PID=843) to work on /home/airflow/.local/lib/python3.7/site-packages/airflow/example_dags/example_short_circuit_decorator.py
[2023-01-19T20:32:45.340+0000] {processor.py:743} INFO - Processing file /home/airflow/.local/lib/python3.7/site-packages/airflow/example_dags/example_short_circuit_decorator.py for tasks to queue
[2023-01-19T20:32:45.340+0000] {logging_mixin.py:137} INFO - [2023-01-19T20:32:45.340+0000] {dagbag.py:538} INFO - Filling up the DagBag from /home/airflow/.local/lib/python3.7/site-packages/airflow/example_dags/example_short_circuit_decorator.py
[2023-01-19T20:32:45.372+0000] {processor.py:753} INFO - DAG(s) dict_keys(['example_short_circuit_decorator']) retrieved from /home/airflow/.local/lib/python3.7/site-packages/airflow/example_dags/example_short_circuit_decorator.py
[2023-01-19T20:32:45.427+0000] {logging_mixin.py:137} INFO - [2023-01-19T20:32:45.427+0000] {dag.py:2676} INFO - Sync 1 DAGs
[2023-01-19T20:32:45.464+0000] {logging_mixin.py:137} INFO - [2023-01-19T20:32:45.464+0000] {dag.py:3427} INFO - Setting next_dagrun for example_short_circuit_decorator to 2023-01-18T20:32:45.463741+00:00, run_after=2023-01-19T20:32:45.463741+00:00
[2023-01-19T20:32:45.494+0000] {processor.py:175} INFO - Processing /home/airflow/.local/lib/python3.7/site-packages/airflow/example_dags/example_short_circuit_decorator.py took 0.159 seconds
[2023-01-19T20:33:15.587+0000] {processor.py:153} INFO - Started process (PID=915) to work on /home/airflow/.local/lib/python3.7/site-packages/airflow/example_dags/example_short_circuit_decorator.py
[2023-01-19T20:33:15.588+0000] {processor.py:743} INFO - Processing file /home/airflow/.local/lib/python3.7/site-packages/airflow/example_dags/example_short_circuit_decorator.py for tasks to queue
[2023-01-19T20:33:15.589+0000] {logging_mixin.py:137} INFO - [2023-01-19T20:33:15.589+0000] {dagbag.py:538} INFO - Filling up the DagBag from /home/airflow/.local/lib/python3.7/site-packages/airflow/example_dags/example_short_circuit_decorator.py
[2023-01-19T20:33:15.620+0000] {processor.py:753} INFO - DAG(s) dict_keys(['example_short_circuit_decorator']) retrieved from /home/airflow/.local/lib/python3.7/site-packages/airflow/example_dags/example_short_circuit_decorator.py
[2023-01-19T20:33:15.672+0000] {logging_mixin.py:137} INFO - [2023-01-19T20:33:15.672+0000] {dag.py:2676} INFO - Sync 1 DAGs
[2023-01-19T20:33:15.708+0000] {logging_mixin.py:137} INFO - [2023-01-19T20:33:15.708+0000] {dag.py:3427} INFO - Setting next_dagrun for example_short_circuit_decorator to 2023-01-18T20:33:15.707909+00:00, run_after=2023-01-19T20:33:15.707909+00:00
[2023-01-19T20:33:15.762+0000] {processor.py:175} INFO - Processing /home/airflow/.local/lib/python3.7/site-packages/airflow/example_dags/example_short_circuit_decorator.py took 0.178 seconds
[2023-01-19T20:33:45.856+0000] {processor.py:153} INFO - Started process (PID=987) to work on /home/airflow/.local/lib/python3.7/site-packages/airflow/example_dags/example_short_circuit_decorator.py
[2023-01-19T20:33:45.857+0000] {processor.py:743} INFO - Processing file /home/airflow/.local/lib/python3.7/site-packages/airflow/example_dags/example_short_circuit_decorator.py for tasks to queue
[2023-01-19T20:33:45.858+0000] {logging_mixin.py:137} INFO - [2023-01-19T20:33:45.857+0000] {dagbag.py:538} INFO - Filling up the DagBag from /home/airflow/.local/lib/python3.7/site-packages/airflow/example_dags/example_short_circuit_decorator.py
[2023-01-19T20:33:45.889+0000] {processor.py:753} INFO - DAG(s) dict_keys(['example_short_circuit_decorator']) retrieved from /home/airflow/.local/lib/python3.7/site-packages/airflow/example_dags/example_short_circuit_decorator.py
[2023-01-19T20:33:45.937+0000] {logging_mixin.py:137} INFO - [2023-01-19T20:33:45.936+0000] {dag.py:2676} INFO - Sync 1 DAGs
[2023-01-19T20:33:45.970+0000] {logging_mixin.py:137} INFO - [2023-01-19T20:33:45.969+0000] {dag.py:3427} INFO - Setting next_dagrun for example_short_circuit_decorator to 2023-01-18T20:33:45.969652+00:00, run_after=2023-01-19T20:33:45.969652+00:00
[2023-01-19T20:33:45.996+0000] {processor.py:175} INFO - Processing /home/airflow/.local/lib/python3.7/site-packages/airflow/example_dags/example_short_circuit_decorator.py took 0.144 seconds
[2023-01-19T20:34:16.360+0000] {processor.py:153} INFO - Started process (PID=1075) to work on /home/airflow/.local/lib/python3.7/site-packages/airflow/example_dags/example_short_circuit_decorator.py
[2023-01-19T20:34:16.361+0000] {processor.py:743} INFO - Processing file /home/airflow/.local/lib/python3.7/site-packages/airflow/example_dags/example_short_circuit_decorator.py for tasks to queue
[2023-01-19T20:34:16.362+0000] {logging_mixin.py:137} INFO - [2023-01-19T20:34:16.362+0000] {dagbag.py:538} INFO - Filling up the DagBag from /home/airflow/.local/lib/python3.7/site-packages/airflow/example_dags/example_short_circuit_decorator.py
[2023-01-19T20:34:16.400+0000] {processor.py:753} INFO - DAG(s) dict_keys(['example_short_circuit_decorator']) retrieved from /home/airflow/.local/lib/python3.7/site-packages/airflow/example_dags/example_short_circuit_decorator.py
[2023-01-19T20:34:16.463+0000] {logging_mixin.py:137} INFO - [2023-01-19T20:34:16.463+0000] {dag.py:2676} INFO - Sync 1 DAGs
[2023-01-19T20:34:16.507+0000] {logging_mixin.py:137} INFO - [2023-01-19T20:34:16.507+0000] {dag.py:3427} INFO - Setting next_dagrun for example_short_circuit_decorator to 2023-01-18T20:34:16.507130+00:00, run_after=2023-01-19T20:34:16.507130+00:00
[2023-01-19T20:34:16.537+0000] {processor.py:175} INFO - Processing /home/airflow/.local/lib/python3.7/site-packages/airflow/example_dags/example_short_circuit_decorator.py took 0.181 seconds
[2023-01-19T20:34:47.251+0000] {processor.py:153} INFO - Started process (PID=1147) to work on /home/airflow/.local/lib/python3.7/site-packages/airflow/example_dags/example_short_circuit_decorator.py
[2023-01-19T20:34:47.253+0000] {processor.py:743} INFO - Processing file /home/airflow/.local/lib/python3.7/site-packages/airflow/example_dags/example_short_circuit_decorator.py for tasks to queue
[2023-01-19T20:34:47.254+0000] {logging_mixin.py:137} INFO - [2023-01-19T20:34:47.254+0000] {dagbag.py:538} INFO - Filling up the DagBag from /home/airflow/.local/lib/python3.7/site-packages/airflow/example_dags/example_short_circuit_decorator.py
[2023-01-19T20:34:47.291+0000] {processor.py:753} INFO - DAG(s) dict_keys(['example_short_circuit_decorator']) retrieved from /home/airflow/.local/lib/python3.7/site-packages/airflow/example_dags/example_short_circuit_decorator.py
[2023-01-19T20:34:47.346+0000] {logging_mixin.py:137} INFO - [2023-01-19T20:34:47.346+0000] {dag.py:2676} INFO - Sync 1 DAGs
[2023-01-19T20:34:47.383+0000] {logging_mixin.py:137} INFO - [2023-01-19T20:34:47.383+0000] {dag.py:3427} INFO - Setting next_dagrun for example_short_circuit_decorator to 2023-01-18T20:34:47.382711+00:00, run_after=2023-01-19T20:34:47.382711+00:00
[2023-01-19T20:34:47.412+0000] {processor.py:175} INFO - Processing /home/airflow/.local/lib/python3.7/site-packages/airflow/example_dags/example_short_circuit_decorator.py took 0.165 seconds
[2023-01-19T20:35:18.045+0000] {processor.py:153} INFO - Started process (PID=1219) to work on /home/airflow/.local/lib/python3.7/site-packages/airflow/example_dags/example_short_circuit_decorator.py
[2023-01-19T20:35:18.046+0000] {processor.py:743} INFO - Processing file /home/airflow/.local/lib/python3.7/site-packages/airflow/example_dags/example_short_circuit_decorator.py for tasks to queue
[2023-01-19T20:35:18.047+0000] {logging_mixin.py:137} INFO - [2023-01-19T20:35:18.047+0000] {dagbag.py:538} INFO - Filling up the DagBag from /home/airflow/.local/lib/python3.7/site-packages/airflow/example_dags/example_short_circuit_decorator.py
[2023-01-19T20:35:18.089+0000] {processor.py:753} INFO - DAG(s) dict_keys(['example_short_circuit_decorator']) retrieved from /home/airflow/.local/lib/python3.7/site-packages/airflow/example_dags/example_short_circuit_decorator.py
[2023-01-19T20:35:18.151+0000] {logging_mixin.py:137} INFO - [2023-01-19T20:35:18.151+0000] {dag.py:2676} INFO - Sync 1 DAGs
[2023-01-19T20:35:18.188+0000] {logging_mixin.py:137} INFO - [2023-01-19T20:35:18.188+0000] {dag.py:3427} INFO - Setting next_dagrun for example_short_circuit_decorator to 2023-01-18T20:35:18.187817+00:00, run_after=2023-01-19T20:35:18.187817+00:00
[2023-01-19T20:35:18.214+0000] {processor.py:175} INFO - Processing /home/airflow/.local/lib/python3.7/site-packages/airflow/example_dags/example_short_circuit_decorator.py took 0.174 seconds
[2023-01-19T20:35:48.893+0000] {processor.py:153} INFO - Started process (PID=1307) to work on /home/airflow/.local/lib/python3.7/site-packages/airflow/example_dags/example_short_circuit_decorator.py
[2023-01-19T20:35:48.894+0000] {processor.py:743} INFO - Processing file /home/airflow/.local/lib/python3.7/site-packages/airflow/example_dags/example_short_circuit_decorator.py for tasks to queue
[2023-01-19T20:35:48.895+0000] {logging_mixin.py:137} INFO - [2023-01-19T20:35:48.895+0000] {dagbag.py:538} INFO - Filling up the DagBag from /home/airflow/.local/lib/python3.7/site-packages/airflow/example_dags/example_short_circuit_decorator.py
[2023-01-19T20:35:48.936+0000] {processor.py:753} INFO - DAG(s) dict_keys(['example_short_circuit_decorator']) retrieved from /home/airflow/.local/lib/python3.7/site-packages/airflow/example_dags/example_short_circuit_decorator.py
[2023-01-19T20:35:48.988+0000] {logging_mixin.py:137} INFO - [2023-01-19T20:35:48.988+0000] {dag.py:2676} INFO - Sync 1 DAGs
[2023-01-19T20:35:49.023+0000] {logging_mixin.py:137} INFO - [2023-01-19T20:35:49.022+0000] {dag.py:3427} INFO - Setting next_dagrun for example_short_circuit_decorator to 2023-01-18T20:35:49.022192+00:00, run_after=2023-01-19T20:35:49.022192+00:00
[2023-01-19T20:35:49.054+0000] {processor.py:175} INFO - Processing /home/airflow/.local/lib/python3.7/site-packages/airflow/example_dags/example_short_circuit_decorator.py took 0.167 seconds
[2023-01-19T20:36:19.734+0000] {processor.py:153} INFO - Started process (PID=1380) to work on /home/airflow/.local/lib/python3.7/site-packages/airflow/example_dags/example_short_circuit_decorator.py
[2023-01-19T20:36:19.735+0000] {processor.py:743} INFO - Processing file /home/airflow/.local/lib/python3.7/site-packages/airflow/example_dags/example_short_circuit_decorator.py for tasks to queue
[2023-01-19T20:36:19.736+0000] {logging_mixin.py:137} INFO - [2023-01-19T20:36:19.735+0000] {dagbag.py:538} INFO - Filling up the DagBag from /home/airflow/.local/lib/python3.7/site-packages/airflow/example_dags/example_short_circuit_decorator.py
[2023-01-19T20:36:19.767+0000] {processor.py:753} INFO - DAG(s) dict_keys(['example_short_circuit_decorator']) retrieved from /home/airflow/.local/lib/python3.7/site-packages/airflow/example_dags/example_short_circuit_decorator.py
[2023-01-19T20:36:19.817+0000] {logging_mixin.py:137} INFO - [2023-01-19T20:36:19.817+0000] {dag.py:2676} INFO - Sync 1 DAGs
[2023-01-19T20:36:19.852+0000] {logging_mixin.py:137} INFO - [2023-01-19T20:36:19.852+0000] {dag.py:3427} INFO - Setting next_dagrun for example_short_circuit_decorator to 2023-01-18T20:36:19.852249+00:00, run_after=2023-01-19T20:36:19.852249+00:00
[2023-01-19T20:36:19.879+0000] {processor.py:175} INFO - Processing /home/airflow/.local/lib/python3.7/site-packages/airflow/example_dags/example_short_circuit_decorator.py took 0.149 seconds
[2023-01-19T20:36:50.485+0000] {processor.py:153} INFO - Started process (PID=1452) to work on /home/airflow/.local/lib/python3.7/site-packages/airflow/example_dags/example_short_circuit_decorator.py
[2023-01-19T20:36:50.487+0000] {processor.py:743} INFO - Processing file /home/airflow/.local/lib/python3.7/site-packages/airflow/example_dags/example_short_circuit_decorator.py for tasks to queue
[2023-01-19T20:36:50.487+0000] {logging_mixin.py:137} INFO - [2023-01-19T20:36:50.487+0000] {dagbag.py:538} INFO - Filling up the DagBag from /home/airflow/.local/lib/python3.7/site-packages/airflow/example_dags/example_short_circuit_decorator.py
[2023-01-19T20:36:50.521+0000] {processor.py:753} INFO - DAG(s) dict_keys(['example_short_circuit_decorator']) retrieved from /home/airflow/.local/lib/python3.7/site-packages/airflow/example_dags/example_short_circuit_decorator.py
[2023-01-19T20:36:50.574+0000] {logging_mixin.py:137} INFO - [2023-01-19T20:36:50.573+0000] {dag.py:2676} INFO - Sync 1 DAGs
[2023-01-19T20:36:50.606+0000] {logging_mixin.py:137} INFO - [2023-01-19T20:36:50.606+0000] {dag.py:3427} INFO - Setting next_dagrun for example_short_circuit_decorator to 2023-01-18T20:36:50.606216+00:00, run_after=2023-01-19T20:36:50.606216+00:00
[2023-01-19T20:36:50.634+0000] {processor.py:175} INFO - Processing /home/airflow/.local/lib/python3.7/site-packages/airflow/example_dags/example_short_circuit_decorator.py took 0.153 seconds
[2023-01-19T20:37:21.600+0000] {processor.py:153} INFO - Started process (PID=1540) to work on /home/airflow/.local/lib/python3.7/site-packages/airflow/example_dags/example_short_circuit_decorator.py
[2023-01-19T20:37:21.601+0000] {processor.py:743} INFO - Processing file /home/airflow/.local/lib/python3.7/site-packages/airflow/example_dags/example_short_circuit_decorator.py for tasks to queue
[2023-01-19T20:37:21.601+0000] {logging_mixin.py:137} INFO - [2023-01-19T20:37:21.601+0000] {dagbag.py:538} INFO - Filling up the DagBag from /home/airflow/.local/lib/python3.7/site-packages/airflow/example_dags/example_short_circuit_decorator.py
[2023-01-19T20:37:21.635+0000] {processor.py:753} INFO - DAG(s) dict_keys(['example_short_circuit_decorator']) retrieved from /home/airflow/.local/lib/python3.7/site-packages/airflow/example_dags/example_short_circuit_decorator.py
[2023-01-19T20:37:21.686+0000] {logging_mixin.py:137} INFO - [2023-01-19T20:37:21.685+0000] {dag.py:2676} INFO - Sync 1 DAGs
[2023-01-19T20:37:21.720+0000] {logging_mixin.py:137} INFO - [2023-01-19T20:37:21.720+0000] {dag.py:3427} INFO - Setting next_dagrun for example_short_circuit_decorator to 2023-01-18T20:37:21.720318+00:00, run_after=2023-01-19T20:37:21.720318+00:00
[2023-01-19T20:37:21.750+0000] {processor.py:175} INFO - Processing /home/airflow/.local/lib/python3.7/site-packages/airflow/example_dags/example_short_circuit_decorator.py took 0.155 seconds
[2023-01-19T20:37:51.820+0000] {processor.py:153} INFO - Started process (PID=1612) to work on /home/airflow/.local/lib/python3.7/site-packages/airflow/example_dags/example_short_circuit_decorator.py
[2023-01-19T20:37:51.821+0000] {processor.py:743} INFO - Processing file /home/airflow/.local/lib/python3.7/site-packages/airflow/example_dags/example_short_circuit_decorator.py for tasks to queue
[2023-01-19T20:37:51.822+0000] {logging_mixin.py:137} INFO - [2023-01-19T20:37:51.822+0000] {dagbag.py:538} INFO - Filling up the DagBag from /home/airflow/.local/lib/python3.7/site-packages/airflow/example_dags/example_short_circuit_decorator.py
[2023-01-19T20:37:51.857+0000] {processor.py:753} INFO - DAG(s) dict_keys(['example_short_circuit_decorator']) retrieved from /home/airflow/.local/lib/python3.7/site-packages/airflow/example_dags/example_short_circuit_decorator.py
[2023-01-19T20:37:51.907+0000] {logging_mixin.py:137} INFO - [2023-01-19T20:37:51.906+0000] {dag.py:2676} INFO - Sync 1 DAGs
[2023-01-19T20:37:51.947+0000] {logging_mixin.py:137} INFO - [2023-01-19T20:37:51.947+0000] {dag.py:3427} INFO - Setting next_dagrun for example_short_circuit_decorator to 2023-01-18T20:37:51.947163+00:00, run_after=2023-01-19T20:37:51.947163+00:00
[2023-01-19T20:37:51.976+0000] {processor.py:175} INFO - Processing /home/airflow/.local/lib/python3.7/site-packages/airflow/example_dags/example_short_circuit_decorator.py took 0.159 seconds
[2023-01-19T20:38:22.290+0000] {processor.py:153} INFO - Started process (PID=1684) to work on /home/airflow/.local/lib/python3.7/site-packages/airflow/example_dags/example_short_circuit_decorator.py
[2023-01-19T20:38:22.291+0000] {processor.py:743} INFO - Processing file /home/airflow/.local/lib/python3.7/site-packages/airflow/example_dags/example_short_circuit_decorator.py for tasks to queue
[2023-01-19T20:38:22.292+0000] {logging_mixin.py:137} INFO - [2023-01-19T20:38:22.291+0000] {dagbag.py:538} INFO - Filling up the DagBag from /home/airflow/.local/lib/python3.7/site-packages/airflow/example_dags/example_short_circuit_decorator.py
[2023-01-19T20:38:22.326+0000] {processor.py:753} INFO - DAG(s) dict_keys(['example_short_circuit_decorator']) retrieved from /home/airflow/.local/lib/python3.7/site-packages/airflow/example_dags/example_short_circuit_decorator.py
[2023-01-19T20:38:22.374+0000] {logging_mixin.py:137} INFO - [2023-01-19T20:38:22.374+0000] {dag.py:2676} INFO - Sync 1 DAGs
[2023-01-19T20:38:22.409+0000] {logging_mixin.py:137} INFO - [2023-01-19T20:38:22.409+0000] {dag.py:3427} INFO - Setting next_dagrun for example_short_circuit_decorator to 2023-01-18T20:38:22.409382+00:00, run_after=2023-01-19T20:38:22.409382+00:00
[2023-01-19T20:38:22.436+0000] {processor.py:175} INFO - Processing /home/airflow/.local/lib/python3.7/site-packages/airflow/example_dags/example_short_circuit_decorator.py took 0.151 seconds
[2023-01-19T20:38:52.982+0000] {processor.py:153} INFO - Started process (PID=1772) to work on /home/airflow/.local/lib/python3.7/site-packages/airflow/example_dags/example_short_circuit_decorator.py
[2023-01-19T20:38:52.983+0000] {processor.py:743} INFO - Processing file /home/airflow/.local/lib/python3.7/site-packages/airflow/example_dags/example_short_circuit_decorator.py for tasks to queue
[2023-01-19T20:38:52.984+0000] {logging_mixin.py:137} INFO - [2023-01-19T20:38:52.984+0000] {dagbag.py:538} INFO - Filling up the DagBag from /home/airflow/.local/lib/python3.7/site-packages/airflow/example_dags/example_short_circuit_decorator.py
[2023-01-19T20:38:53.028+0000] {processor.py:753} INFO - DAG(s) dict_keys(['example_short_circuit_decorator']) retrieved from /home/airflow/.local/lib/python3.7/site-packages/airflow/example_dags/example_short_circuit_decorator.py
[2023-01-19T20:38:53.084+0000] {logging_mixin.py:137} INFO - [2023-01-19T20:38:53.084+0000] {dag.py:2676} INFO - Sync 1 DAGs
[2023-01-19T20:38:53.128+0000] {logging_mixin.py:137} INFO - [2023-01-19T20:38:53.128+0000] {dag.py:3427} INFO - Setting next_dagrun for example_short_circuit_decorator to 2023-01-18T20:38:53.128454+00:00, run_after=2023-01-19T20:38:53.128454+00:00
[2023-01-19T20:38:53.165+0000] {processor.py:175} INFO - Processing /home/airflow/.local/lib/python3.7/site-packages/airflow/example_dags/example_short_circuit_decorator.py took 0.188 seconds
[2023-01-19T20:39:23.447+0000] {processor.py:153} INFO - Started process (PID=1844) to work on /home/airflow/.local/lib/python3.7/site-packages/airflow/example_dags/example_short_circuit_decorator.py
[2023-01-19T20:39:23.449+0000] {processor.py:743} INFO - Processing file /home/airflow/.local/lib/python3.7/site-packages/airflow/example_dags/example_short_circuit_decorator.py for tasks to queue
[2023-01-19T20:39:23.449+0000] {logging_mixin.py:137} INFO - [2023-01-19T20:39:23.449+0000] {dagbag.py:538} INFO - Filling up the DagBag from /home/airflow/.local/lib/python3.7/site-packages/airflow/example_dags/example_short_circuit_decorator.py
[2023-01-19T20:39:23.485+0000] {processor.py:753} INFO - DAG(s) dict_keys(['example_short_circuit_decorator']) retrieved from /home/airflow/.local/lib/python3.7/site-packages/airflow/example_dags/example_short_circuit_decorator.py
[2023-01-19T20:39:23.534+0000] {logging_mixin.py:137} INFO - [2023-01-19T20:39:23.534+0000] {dag.py:2676} INFO - Sync 1 DAGs
[2023-01-19T20:39:23.568+0000] {logging_mixin.py:137} INFO - [2023-01-19T20:39:23.567+0000] {dag.py:3427} INFO - Setting next_dagrun for example_short_circuit_decorator to 2023-01-18T20:39:23.567655+00:00, run_after=2023-01-19T20:39:23.567655+00:00
[2023-01-19T20:39:23.598+0000] {processor.py:175} INFO - Processing /home/airflow/.local/lib/python3.7/site-packages/airflow/example_dags/example_short_circuit_decorator.py took 0.154 seconds
[2023-01-19T20:39:53.663+0000] {processor.py:153} INFO - Started process (PID=1916) to work on /home/airflow/.local/lib/python3.7/site-packages/airflow/example_dags/example_short_circuit_decorator.py
[2023-01-19T20:39:53.664+0000] {processor.py:743} INFO - Processing file /home/airflow/.local/lib/python3.7/site-packages/airflow/example_dags/example_short_circuit_decorator.py for tasks to queue
[2023-01-19T20:39:53.665+0000] {logging_mixin.py:137} INFO - [2023-01-19T20:39:53.665+0000] {dagbag.py:538} INFO - Filling up the DagBag from /home/airflow/.local/lib/python3.7/site-packages/airflow/example_dags/example_short_circuit_decorator.py
[2023-01-19T20:39:53.698+0000] {processor.py:753} INFO - DAG(s) dict_keys(['example_short_circuit_decorator']) retrieved from /home/airflow/.local/lib/python3.7/site-packages/airflow/example_dags/example_short_circuit_decorator.py
[2023-01-19T20:39:53.748+0000] {logging_mixin.py:137} INFO - [2023-01-19T20:39:53.748+0000] {dag.py:2676} INFO - Sync 1 DAGs
[2023-01-19T20:39:53.784+0000] {logging_mixin.py:137} INFO - [2023-01-19T20:39:53.784+0000] {dag.py:3427} INFO - Setting next_dagrun for example_short_circuit_decorator to 2023-01-18T20:39:53.783649+00:00, run_after=2023-01-19T20:39:53.783649+00:00
[2023-01-19T20:39:53.813+0000] {processor.py:175} INFO - Processing /home/airflow/.local/lib/python3.7/site-packages/airflow/example_dags/example_short_circuit_decorator.py took 0.154 seconds
[2023-01-19T20:40:24.095+0000] {processor.py:153} INFO - Started process (PID=1996) to work on /home/airflow/.local/lib/python3.7/site-packages/airflow/example_dags/example_short_circuit_decorator.py
[2023-01-19T20:40:24.096+0000] {processor.py:743} INFO - Processing file /home/airflow/.local/lib/python3.7/site-packages/airflow/example_dags/example_short_circuit_decorator.py for tasks to queue
[2023-01-19T20:40:24.098+0000] {logging_mixin.py:137} INFO - [2023-01-19T20:40:24.097+0000] {dagbag.py:538} INFO - Filling up the DagBag from /home/airflow/.local/lib/python3.7/site-packages/airflow/example_dags/example_short_circuit_decorator.py
[2023-01-19T20:40:24.143+0000] {processor.py:753} INFO - DAG(s) dict_keys(['example_short_circuit_decorator']) retrieved from /home/airflow/.local/lib/python3.7/site-packages/airflow/example_dags/example_short_circuit_decorator.py
[2023-01-19T20:40:24.211+0000] {logging_mixin.py:137} INFO - [2023-01-19T20:40:24.211+0000] {dag.py:2676} INFO - Sync 1 DAGs
[2023-01-19T20:40:24.262+0000] {logging_mixin.py:137} INFO - [2023-01-19T20:40:24.262+0000] {dag.py:3427} INFO - Setting next_dagrun for example_short_circuit_decorator to 2023-01-18T20:40:24.261922+00:00, run_after=2023-01-19T20:40:24.261922+00:00
[2023-01-19T20:40:24.309+0000] {processor.py:175} INFO - Processing /home/airflow/.local/lib/python3.7/site-packages/airflow/example_dags/example_short_circuit_decorator.py took 0.219 seconds
[2023-01-19T20:40:54.398+0000] {processor.py:153} INFO - Started process (PID=2077) to work on /home/airflow/.local/lib/python3.7/site-packages/airflow/example_dags/example_short_circuit_decorator.py
[2023-01-19T20:40:54.400+0000] {processor.py:743} INFO - Processing file /home/airflow/.local/lib/python3.7/site-packages/airflow/example_dags/example_short_circuit_decorator.py for tasks to queue
[2023-01-19T20:40:54.400+0000] {logging_mixin.py:137} INFO - [2023-01-19T20:40:54.400+0000] {dagbag.py:538} INFO - Filling up the DagBag from /home/airflow/.local/lib/python3.7/site-packages/airflow/example_dags/example_short_circuit_decorator.py
[2023-01-19T20:40:54.434+0000] {processor.py:753} INFO - DAG(s) dict_keys(['example_short_circuit_decorator']) retrieved from /home/airflow/.local/lib/python3.7/site-packages/airflow/example_dags/example_short_circuit_decorator.py
[2023-01-19T20:40:54.482+0000] {logging_mixin.py:137} INFO - [2023-01-19T20:40:54.482+0000] {dag.py:2676} INFO - Sync 1 DAGs
[2023-01-19T20:40:54.517+0000] {logging_mixin.py:137} INFO - [2023-01-19T20:40:54.516+0000] {dag.py:3427} INFO - Setting next_dagrun for example_short_circuit_decorator to 2023-01-18T20:40:54.516614+00:00, run_after=2023-01-19T20:40:54.516614+00:00
[2023-01-19T20:40:54.543+0000] {processor.py:175} INFO - Processing /home/airflow/.local/lib/python3.7/site-packages/airflow/example_dags/example_short_circuit_decorator.py took 0.148 seconds
[2023-01-19T20:41:24.576+0000] {processor.py:153} INFO - Started process (PID=2149) to work on /home/airflow/.local/lib/python3.7/site-packages/airflow/example_dags/example_short_circuit_decorator.py
[2023-01-19T20:41:24.577+0000] {processor.py:743} INFO - Processing file /home/airflow/.local/lib/python3.7/site-packages/airflow/example_dags/example_short_circuit_decorator.py for tasks to queue
[2023-01-19T20:41:24.578+0000] {logging_mixin.py:137} INFO - [2023-01-19T20:41:24.577+0000] {dagbag.py:538} INFO - Filling up the DagBag from /home/airflow/.local/lib/python3.7/site-packages/airflow/example_dags/example_short_circuit_decorator.py
[2023-01-19T20:41:24.611+0000] {processor.py:753} INFO - DAG(s) dict_keys(['example_short_circuit_decorator']) retrieved from /home/airflow/.local/lib/python3.7/site-packages/airflow/example_dags/example_short_circuit_decorator.py
[2023-01-19T20:41:24.662+0000] {logging_mixin.py:137} INFO - [2023-01-19T20:41:24.661+0000] {dag.py:2676} INFO - Sync 1 DAGs
[2023-01-19T20:41:24.700+0000] {logging_mixin.py:137} INFO - [2023-01-19T20:41:24.699+0000] {dag.py:3427} INFO - Setting next_dagrun for example_short_circuit_decorator to 2023-01-18T20:41:24.699512+00:00, run_after=2023-01-19T20:41:24.699512+00:00
[2023-01-19T20:41:24.729+0000] {processor.py:175} INFO - Processing /home/airflow/.local/lib/python3.7/site-packages/airflow/example_dags/example_short_circuit_decorator.py took 0.158 seconds
[2023-01-19T20:41:54.916+0000] {processor.py:153} INFO - Started process (PID=2221) to work on /home/airflow/.local/lib/python3.7/site-packages/airflow/example_dags/example_short_circuit_decorator.py
[2023-01-19T20:41:54.917+0000] {processor.py:743} INFO - Processing file /home/airflow/.local/lib/python3.7/site-packages/airflow/example_dags/example_short_circuit_decorator.py for tasks to queue
[2023-01-19T20:41:54.918+0000] {logging_mixin.py:137} INFO - [2023-01-19T20:41:54.918+0000] {dagbag.py:538} INFO - Filling up the DagBag from /home/airflow/.local/lib/python3.7/site-packages/airflow/example_dags/example_short_circuit_decorator.py
[2023-01-19T20:41:54.957+0000] {processor.py:753} INFO - DAG(s) dict_keys(['example_short_circuit_decorator']) retrieved from /home/airflow/.local/lib/python3.7/site-packages/airflow/example_dags/example_short_circuit_decorator.py
[2023-01-19T20:41:55.009+0000] {logging_mixin.py:137} INFO - [2023-01-19T20:41:55.009+0000] {dag.py:2676} INFO - Sync 1 DAGs
[2023-01-19T20:41:55.044+0000] {logging_mixin.py:137} INFO - [2023-01-19T20:41:55.044+0000] {dag.py:3427} INFO - Setting next_dagrun for example_short_circuit_decorator to 2023-01-18T20:41:55.044153+00:00, run_after=2023-01-19T20:41:55.044153+00:00
[2023-01-19T20:41:55.076+0000] {processor.py:175} INFO - Processing /home/airflow/.local/lib/python3.7/site-packages/airflow/example_dags/example_short_circuit_decorator.py took 0.164 seconds
[2023-01-19T20:42:25.345+0000] {processor.py:153} INFO - Started process (PID=2309) to work on /home/airflow/.local/lib/python3.7/site-packages/airflow/example_dags/example_short_circuit_decorator.py
[2023-01-19T20:42:25.346+0000] {processor.py:743} INFO - Processing file /home/airflow/.local/lib/python3.7/site-packages/airflow/example_dags/example_short_circuit_decorator.py for tasks to queue
[2023-01-19T20:42:25.347+0000] {logging_mixin.py:137} INFO - [2023-01-19T20:42:25.347+0000] {dagbag.py:538} INFO - Filling up the DagBag from /home/airflow/.local/lib/python3.7/site-packages/airflow/example_dags/example_short_circuit_decorator.py
[2023-01-19T20:42:25.391+0000] {processor.py:753} INFO - DAG(s) dict_keys(['example_short_circuit_decorator']) retrieved from /home/airflow/.local/lib/python3.7/site-packages/airflow/example_dags/example_short_circuit_decorator.py
[2023-01-19T20:42:25.465+0000] {logging_mixin.py:137} INFO - [2023-01-19T20:42:25.465+0000] {dag.py:2676} INFO - Sync 1 DAGs
[2023-01-19T20:42:25.521+0000] {logging_mixin.py:137} INFO - [2023-01-19T20:42:25.520+0000] {dag.py:3427} INFO - Setting next_dagrun for example_short_circuit_decorator to 2023-01-18T20:42:25.520300+00:00, run_after=2023-01-19T20:42:25.520300+00:00
[2023-01-19T20:42:25.556+0000] {processor.py:175} INFO - Processing /home/airflow/.local/lib/python3.7/site-packages/airflow/example_dags/example_short_circuit_decorator.py took 0.215 seconds
[2023-01-19T20:42:56.357+0000] {processor.py:153} INFO - Started process (PID=2381) to work on /home/airflow/.local/lib/python3.7/site-packages/airflow/example_dags/example_short_circuit_decorator.py
[2023-01-19T20:42:56.358+0000] {processor.py:743} INFO - Processing file /home/airflow/.local/lib/python3.7/site-packages/airflow/example_dags/example_short_circuit_decorator.py for tasks to queue
[2023-01-19T20:42:56.358+0000] {logging_mixin.py:137} INFO - [2023-01-19T20:42:56.358+0000] {dagbag.py:538} INFO - Filling up the DagBag from /home/airflow/.local/lib/python3.7/site-packages/airflow/example_dags/example_short_circuit_decorator.py
[2023-01-19T20:42:56.396+0000] {processor.py:753} INFO - DAG(s) dict_keys(['example_short_circuit_decorator']) retrieved from /home/airflow/.local/lib/python3.7/site-packages/airflow/example_dags/example_short_circuit_decorator.py
[2023-01-19T20:42:56.446+0000] {logging_mixin.py:137} INFO - [2023-01-19T20:42:56.446+0000] {dag.py:2676} INFO - Sync 1 DAGs
[2023-01-19T20:42:56.477+0000] {logging_mixin.py:137} INFO - [2023-01-19T20:42:56.477+0000] {dag.py:3427} INFO - Setting next_dagrun for example_short_circuit_decorator to 2023-01-18T20:42:56.477438+00:00, run_after=2023-01-19T20:42:56.477438+00:00
[2023-01-19T20:42:56.503+0000] {processor.py:175} INFO - Processing /home/airflow/.local/lib/python3.7/site-packages/airflow/example_dags/example_short_circuit_decorator.py took 0.151 seconds
[2023-01-19T20:43:26.874+0000] {processor.py:153} INFO - Started process (PID=2454) to work on /home/airflow/.local/lib/python3.7/site-packages/airflow/example_dags/example_short_circuit_decorator.py
[2023-01-19T20:43:26.875+0000] {processor.py:743} INFO - Processing file /home/airflow/.local/lib/python3.7/site-packages/airflow/example_dags/example_short_circuit_decorator.py for tasks to queue
[2023-01-19T20:43:26.876+0000] {logging_mixin.py:137} INFO - [2023-01-19T20:43:26.876+0000] {dagbag.py:538} INFO - Filling up the DagBag from /home/airflow/.local/lib/python3.7/site-packages/airflow/example_dags/example_short_circuit_decorator.py
[2023-01-19T20:43:26.908+0000] {processor.py:753} INFO - DAG(s) dict_keys(['example_short_circuit_decorator']) retrieved from /home/airflow/.local/lib/python3.7/site-packages/airflow/example_dags/example_short_circuit_decorator.py
[2023-01-19T20:43:26.955+0000] {logging_mixin.py:137} INFO - [2023-01-19T20:43:26.955+0000] {dag.py:2676} INFO - Sync 1 DAGs
[2023-01-19T20:43:26.991+0000] {logging_mixin.py:137} INFO - [2023-01-19T20:43:26.991+0000] {dag.py:3427} INFO - Setting next_dagrun for example_short_circuit_decorator to 2023-01-18T20:43:26.990945+00:00, run_after=2023-01-19T20:43:26.990945+00:00
[2023-01-19T20:43:27.020+0000] {processor.py:175} INFO - Processing /home/airflow/.local/lib/python3.7/site-packages/airflow/example_dags/example_short_circuit_decorator.py took 0.151 seconds
[2023-01-19T20:43:57.311+0000] {processor.py:153} INFO - Started process (PID=2534) to work on /home/airflow/.local/lib/python3.7/site-packages/airflow/example_dags/example_short_circuit_decorator.py
[2023-01-19T20:43:57.313+0000] {processor.py:743} INFO - Processing file /home/airflow/.local/lib/python3.7/site-packages/airflow/example_dags/example_short_circuit_decorator.py for tasks to queue
[2023-01-19T20:43:57.314+0000] {logging_mixin.py:137} INFO - [2023-01-19T20:43:57.313+0000] {dagbag.py:538} INFO - Filling up the DagBag from /home/airflow/.local/lib/python3.7/site-packages/airflow/example_dags/example_short_circuit_decorator.py
[2023-01-19T20:43:57.355+0000] {processor.py:753} INFO - DAG(s) dict_keys(['example_short_circuit_decorator']) retrieved from /home/airflow/.local/lib/python3.7/site-packages/airflow/example_dags/example_short_circuit_decorator.py
[2023-01-19T20:43:57.449+0000] {logging_mixin.py:137} INFO - [2023-01-19T20:43:57.449+0000] {dag.py:2676} INFO - Sync 1 DAGs
[2023-01-19T20:43:57.500+0000] {logging_mixin.py:137} INFO - [2023-01-19T20:43:57.499+0000] {dag.py:3427} INFO - Setting next_dagrun for example_short_circuit_decorator to 2023-01-18T20:43:57.499374+00:00, run_after=2023-01-19T20:43:57.499374+00:00
[2023-01-19T20:43:57.541+0000] {processor.py:175} INFO - Processing /home/airflow/.local/lib/python3.7/site-packages/airflow/example_dags/example_short_circuit_decorator.py took 0.236 seconds
[2023-01-19T20:44:27.571+0000] {processor.py:153} INFO - Started process (PID=2615) to work on /home/airflow/.local/lib/python3.7/site-packages/airflow/example_dags/example_short_circuit_decorator.py
[2023-01-19T20:44:27.572+0000] {processor.py:743} INFO - Processing file /home/airflow/.local/lib/python3.7/site-packages/airflow/example_dags/example_short_circuit_decorator.py for tasks to queue
[2023-01-19T20:44:27.573+0000] {logging_mixin.py:137} INFO - [2023-01-19T20:44:27.573+0000] {dagbag.py:538} INFO - Filling up the DagBag from /home/airflow/.local/lib/python3.7/site-packages/airflow/example_dags/example_short_circuit_decorator.py
[2023-01-19T20:44:27.605+0000] {processor.py:753} INFO - DAG(s) dict_keys(['example_short_circuit_decorator']) retrieved from /home/airflow/.local/lib/python3.7/site-packages/airflow/example_dags/example_short_circuit_decorator.py
[2023-01-19T20:44:27.653+0000] {logging_mixin.py:137} INFO - [2023-01-19T20:44:27.653+0000] {dag.py:2676} INFO - Sync 1 DAGs
[2023-01-19T20:44:27.688+0000] {logging_mixin.py:137} INFO - [2023-01-19T20:44:27.688+0000] {dag.py:3427} INFO - Setting next_dagrun for example_short_circuit_decorator to 2023-01-18T20:44:27.688498+00:00, run_after=2023-01-19T20:44:27.688498+00:00
[2023-01-19T20:44:27.714+0000] {processor.py:175} INFO - Processing /home/airflow/.local/lib/python3.7/site-packages/airflow/example_dags/example_short_circuit_decorator.py took 0.147 seconds
[2023-01-19T20:44:58.466+0000] {processor.py:153} INFO - Started process (PID=2688) to work on /home/airflow/.local/lib/python3.7/site-packages/airflow/example_dags/example_short_circuit_decorator.py
[2023-01-19T20:44:58.467+0000] {processor.py:743} INFO - Processing file /home/airflow/.local/lib/python3.7/site-packages/airflow/example_dags/example_short_circuit_decorator.py for tasks to queue
[2023-01-19T20:44:58.468+0000] {logging_mixin.py:137} INFO - [2023-01-19T20:44:58.468+0000] {dagbag.py:538} INFO - Filling up the DagBag from /home/airflow/.local/lib/python3.7/site-packages/airflow/example_dags/example_short_circuit_decorator.py
[2023-01-19T20:44:58.498+0000] {processor.py:753} INFO - DAG(s) dict_keys(['example_short_circuit_decorator']) retrieved from /home/airflow/.local/lib/python3.7/site-packages/airflow/example_dags/example_short_circuit_decorator.py
[2023-01-19T20:44:58.551+0000] {logging_mixin.py:137} INFO - [2023-01-19T20:44:58.551+0000] {dag.py:2676} INFO - Sync 1 DAGs
[2023-01-19T20:44:58.585+0000] {logging_mixin.py:137} INFO - [2023-01-19T20:44:58.585+0000] {dag.py:3427} INFO - Setting next_dagrun for example_short_circuit_decorator to 2023-01-18T20:44:58.585231+00:00, run_after=2023-01-19T20:44:58.585231+00:00
[2023-01-19T20:44:58.612+0000] {processor.py:175} INFO - Processing /home/airflow/.local/lib/python3.7/site-packages/airflow/example_dags/example_short_circuit_decorator.py took 0.150 seconds
[2023-01-19T20:45:28.930+0000] {processor.py:153} INFO - Started process (PID=2760) to work on /home/airflow/.local/lib/python3.7/site-packages/airflow/example_dags/example_short_circuit_decorator.py
[2023-01-19T20:45:28.931+0000] {processor.py:743} INFO - Processing file /home/airflow/.local/lib/python3.7/site-packages/airflow/example_dags/example_short_circuit_decorator.py for tasks to queue
[2023-01-19T20:45:28.931+0000] {logging_mixin.py:137} INFO - [2023-01-19T20:45:28.931+0000] {dagbag.py:538} INFO - Filling up the DagBag from /home/airflow/.local/lib/python3.7/site-packages/airflow/example_dags/example_short_circuit_decorator.py
[2023-01-19T20:45:28.963+0000] {processor.py:753} INFO - DAG(s) dict_keys(['example_short_circuit_decorator']) retrieved from /home/airflow/.local/lib/python3.7/site-packages/airflow/example_dags/example_short_circuit_decorator.py
[2023-01-19T20:45:29.014+0000] {logging_mixin.py:137} INFO - [2023-01-19T20:45:29.014+0000] {dag.py:2676} INFO - Sync 1 DAGs
[2023-01-19T20:45:29.052+0000] {logging_mixin.py:137} INFO - [2023-01-19T20:45:29.052+0000] {dag.py:3427} INFO - Setting next_dagrun for example_short_circuit_decorator to 2023-01-18T20:45:29.051806+00:00, run_after=2023-01-19T20:45:29.051806+00:00
[2023-01-19T20:45:29.079+0000] {processor.py:175} INFO - Processing /home/airflow/.local/lib/python3.7/site-packages/airflow/example_dags/example_short_circuit_decorator.py took 0.153 seconds
[2023-01-19T20:45:59.718+0000] {processor.py:153} INFO - Started process (PID=2848) to work on /home/airflow/.local/lib/python3.7/site-packages/airflow/example_dags/example_short_circuit_decorator.py
[2023-01-19T20:45:59.720+0000] {processor.py:743} INFO - Processing file /home/airflow/.local/lib/python3.7/site-packages/airflow/example_dags/example_short_circuit_decorator.py for tasks to queue
[2023-01-19T20:45:59.720+0000] {logging_mixin.py:137} INFO - [2023-01-19T20:45:59.720+0000] {dagbag.py:538} INFO - Filling up the DagBag from /home/airflow/.local/lib/python3.7/site-packages/airflow/example_dags/example_short_circuit_decorator.py
[2023-01-19T20:45:59.752+0000] {processor.py:753} INFO - DAG(s) dict_keys(['example_short_circuit_decorator']) retrieved from /home/airflow/.local/lib/python3.7/site-packages/airflow/example_dags/example_short_circuit_decorator.py
[2023-01-19T20:45:59.807+0000] {logging_mixin.py:137} INFO - [2023-01-19T20:45:59.806+0000] {dag.py:2676} INFO - Sync 1 DAGs
[2023-01-19T20:45:59.857+0000] {logging_mixin.py:137} INFO - [2023-01-19T20:45:59.856+0000] {dag.py:3427} INFO - Setting next_dagrun for example_short_circuit_decorator to 2023-01-18T20:45:59.856647+00:00, run_after=2023-01-19T20:45:59.856647+00:00
[2023-01-19T20:45:59.884+0000] {processor.py:175} INFO - Processing /home/airflow/.local/lib/python3.7/site-packages/airflow/example_dags/example_short_circuit_decorator.py took 0.170 seconds
[2023-01-19T20:46:30.181+0000] {processor.py:153} INFO - Started process (PID=2920) to work on /home/airflow/.local/lib/python3.7/site-packages/airflow/example_dags/example_short_circuit_decorator.py
[2023-01-19T20:46:30.182+0000] {processor.py:743} INFO - Processing file /home/airflow/.local/lib/python3.7/site-packages/airflow/example_dags/example_short_circuit_decorator.py for tasks to queue
[2023-01-19T20:46:30.183+0000] {logging_mixin.py:137} INFO - [2023-01-19T20:46:30.183+0000] {dagbag.py:538} INFO - Filling up the DagBag from /home/airflow/.local/lib/python3.7/site-packages/airflow/example_dags/example_short_circuit_decorator.py
[2023-01-19T20:46:30.218+0000] {processor.py:753} INFO - DAG(s) dict_keys(['example_short_circuit_decorator']) retrieved from /home/airflow/.local/lib/python3.7/site-packages/airflow/example_dags/example_short_circuit_decorator.py
[2023-01-19T20:46:30.270+0000] {logging_mixin.py:137} INFO - [2023-01-19T20:46:30.270+0000] {dag.py:2676} INFO - Sync 1 DAGs
[2023-01-19T20:46:30.303+0000] {logging_mixin.py:137} INFO - [2023-01-19T20:46:30.303+0000] {dag.py:3427} INFO - Setting next_dagrun for example_short_circuit_decorator to 2023-01-18T20:46:30.302879+00:00, run_after=2023-01-19T20:46:30.302879+00:00
[2023-01-19T20:46:30.329+0000] {processor.py:175} INFO - Processing /home/airflow/.local/lib/python3.7/site-packages/airflow/example_dags/example_short_circuit_decorator.py took 0.154 seconds
[2023-01-19T20:47:00.902+0000] {processor.py:153} INFO - Started process (PID=2992) to work on /home/airflow/.local/lib/python3.7/site-packages/airflow/example_dags/example_short_circuit_decorator.py
[2023-01-19T20:47:00.903+0000] {processor.py:743} INFO - Processing file /home/airflow/.local/lib/python3.7/site-packages/airflow/example_dags/example_short_circuit_decorator.py for tasks to queue
[2023-01-19T20:47:00.904+0000] {logging_mixin.py:137} INFO - [2023-01-19T20:47:00.904+0000] {dagbag.py:538} INFO - Filling up the DagBag from /home/airflow/.local/lib/python3.7/site-packages/airflow/example_dags/example_short_circuit_decorator.py
[2023-01-19T20:47:00.936+0000] {processor.py:753} INFO - DAG(s) dict_keys(['example_short_circuit_decorator']) retrieved from /home/airflow/.local/lib/python3.7/site-packages/airflow/example_dags/example_short_circuit_decorator.py
[2023-01-19T20:47:00.991+0000] {logging_mixin.py:137} INFO - [2023-01-19T20:47:00.991+0000] {dag.py:2676} INFO - Sync 1 DAGs
[2023-01-19T20:47:01.025+0000] {logging_mixin.py:137} INFO - [2023-01-19T20:47:01.025+0000] {dag.py:3427} INFO - Setting next_dagrun for example_short_circuit_decorator to 2023-01-18T20:47:01.024859+00:00, run_after=2023-01-19T20:47:01.024859+00:00
[2023-01-19T20:47:01.051+0000] {processor.py:175} INFO - Processing /home/airflow/.local/lib/python3.7/site-packages/airflow/example_dags/example_short_circuit_decorator.py took 0.153 seconds
