[2023-01-19T20:21:32.181+0000] {processor.py:153} INFO - Started process (PID=90) to work on /home/airflow/.local/lib/python3.7/site-packages/airflow/example_dags/example_external_task_marker_dag.py
[2023-01-19T20:21:32.182+0000] {processor.py:743} INFO - Processing file /home/airflow/.local/lib/python3.7/site-packages/airflow/example_dags/example_external_task_marker_dag.py for tasks to queue
[2023-01-19T20:21:32.184+0000] {logging_mixin.py:137} INFO - [2023-01-19T20:21:32.184+0000] {dagbag.py:538} INFO - Filling up the DagBag from /home/airflow/.local/lib/python3.7/site-packages/airflow/example_dags/example_external_task_marker_dag.py
[2023-01-19T20:21:32.215+0000] {processor.py:753} INFO - DAG(s) dict_keys(['example_external_task_marker_parent', 'example_external_task_marker_child']) retrieved from /home/airflow/.local/lib/python3.7/site-packages/airflow/example_dags/example_external_task_marker_dag.py
[2023-01-19T20:21:32.294+0000] {logging_mixin.py:137} INFO - [2023-01-19T20:21:32.294+0000] {dag.py:2676} INFO - Sync 2 DAGs
[2023-01-19T20:21:32.338+0000] {logging_mixin.py:137} INFO - [2023-01-19T20:21:32.338+0000] {dag.py:3427} INFO - Setting next_dagrun for example_external_task_marker_child to None, run_after=None
[2023-01-19T20:21:32.343+0000] {logging_mixin.py:137} INFO - [2023-01-19T20:21:32.342+0000] {dag.py:3427} INFO - Setting next_dagrun for example_external_task_marker_parent to None, run_after=None
[2023-01-19T20:21:32.366+0000] {processor.py:175} INFO - Processing /home/airflow/.local/lib/python3.7/site-packages/airflow/example_dags/example_external_task_marker_dag.py took 0.192 seconds
[2023-01-19T20:22:50.252+0000] {processor.py:153} INFO - Started process (PID=90) to work on /home/airflow/.local/lib/python3.7/site-packages/airflow/example_dags/example_external_task_marker_dag.py
[2023-01-19T20:22:50.254+0000] {processor.py:743} INFO - Processing file /home/airflow/.local/lib/python3.7/site-packages/airflow/example_dags/example_external_task_marker_dag.py for tasks to queue
[2023-01-19T20:22:50.255+0000] {logging_mixin.py:137} INFO - [2023-01-19T20:22:50.254+0000] {dagbag.py:538} INFO - Filling up the DagBag from /home/airflow/.local/lib/python3.7/site-packages/airflow/example_dags/example_external_task_marker_dag.py
[2023-01-19T20:22:50.295+0000] {processor.py:753} INFO - DAG(s) dict_keys(['example_external_task_marker_parent', 'example_external_task_marker_child']) retrieved from /home/airflow/.local/lib/python3.7/site-packages/airflow/example_dags/example_external_task_marker_dag.py
[2023-01-19T20:22:50.365+0000] {logging_mixin.py:137} INFO - [2023-01-19T20:22:50.364+0000] {dag.py:2676} INFO - Sync 2 DAGs
[2023-01-19T20:22:50.407+0000] {logging_mixin.py:137} INFO - [2023-01-19T20:22:50.407+0000] {dag.py:3427} INFO - Setting next_dagrun for example_external_task_marker_child to None, run_after=None
[2023-01-19T20:22:50.415+0000] {logging_mixin.py:137} INFO - [2023-01-19T20:22:50.414+0000] {dag.py:3427} INFO - Setting next_dagrun for example_external_task_marker_parent to None, run_after=None
[2023-01-19T20:22:50.446+0000] {processor.py:175} INFO - Processing /home/airflow/.local/lib/python3.7/site-packages/airflow/example_dags/example_external_task_marker_dag.py took 0.198 seconds
[2023-01-19T20:23:21.059+0000] {processor.py:153} INFO - Started process (PID=162) to work on /home/airflow/.local/lib/python3.7/site-packages/airflow/example_dags/example_external_task_marker_dag.py
[2023-01-19T20:23:21.060+0000] {processor.py:743} INFO - Processing file /home/airflow/.local/lib/python3.7/site-packages/airflow/example_dags/example_external_task_marker_dag.py for tasks to queue
[2023-01-19T20:23:21.061+0000] {logging_mixin.py:137} INFO - [2023-01-19T20:23:21.061+0000] {dagbag.py:538} INFO - Filling up the DagBag from /home/airflow/.local/lib/python3.7/site-packages/airflow/example_dags/example_external_task_marker_dag.py
[2023-01-19T20:23:21.083+0000] {processor.py:753} INFO - DAG(s) dict_keys(['example_external_task_marker_child', 'example_external_task_marker_parent']) retrieved from /home/airflow/.local/lib/python3.7/site-packages/airflow/example_dags/example_external_task_marker_dag.py
[2023-01-19T20:23:21.138+0000] {logging_mixin.py:137} INFO - [2023-01-19T20:23:21.138+0000] {dag.py:2676} INFO - Sync 2 DAGs
[2023-01-19T20:23:21.181+0000] {logging_mixin.py:137} INFO - [2023-01-19T20:23:21.181+0000] {dag.py:3427} INFO - Setting next_dagrun for example_external_task_marker_child to None, run_after=None
[2023-01-19T20:23:21.186+0000] {logging_mixin.py:137} INFO - [2023-01-19T20:23:21.186+0000] {dag.py:3427} INFO - Setting next_dagrun for example_external_task_marker_parent to None, run_after=None
[2023-01-19T20:23:21.215+0000] {processor.py:175} INFO - Processing /home/airflow/.local/lib/python3.7/site-packages/airflow/example_dags/example_external_task_marker_dag.py took 0.160 seconds
[2023-01-19T20:23:51.468+0000] {processor.py:153} INFO - Started process (PID=234) to work on /home/airflow/.local/lib/python3.7/site-packages/airflow/example_dags/example_external_task_marker_dag.py
[2023-01-19T20:23:51.469+0000] {processor.py:743} INFO - Processing file /home/airflow/.local/lib/python3.7/site-packages/airflow/example_dags/example_external_task_marker_dag.py for tasks to queue
[2023-01-19T20:23:51.470+0000] {logging_mixin.py:137} INFO - [2023-01-19T20:23:51.469+0000] {dagbag.py:538} INFO - Filling up the DagBag from /home/airflow/.local/lib/python3.7/site-packages/airflow/example_dags/example_external_task_marker_dag.py
[2023-01-19T20:23:51.490+0000] {processor.py:753} INFO - DAG(s) dict_keys(['example_external_task_marker_parent', 'example_external_task_marker_child']) retrieved from /home/airflow/.local/lib/python3.7/site-packages/airflow/example_dags/example_external_task_marker_dag.py
[2023-01-19T20:23:51.543+0000] {logging_mixin.py:137} INFO - [2023-01-19T20:23:51.543+0000] {dag.py:2676} INFO - Sync 2 DAGs
[2023-01-19T20:23:51.575+0000] {logging_mixin.py:137} INFO - [2023-01-19T20:23:51.575+0000] {dag.py:3427} INFO - Setting next_dagrun for example_external_task_marker_child to None, run_after=None
[2023-01-19T20:23:51.580+0000] {logging_mixin.py:137} INFO - [2023-01-19T20:23:51.580+0000] {dag.py:3427} INFO - Setting next_dagrun for example_external_task_marker_parent to None, run_after=None
[2023-01-19T20:23:51.604+0000] {processor.py:175} INFO - Processing /home/airflow/.local/lib/python3.7/site-packages/airflow/example_dags/example_external_task_marker_dag.py took 0.140 seconds
[2023-01-19T20:24:21.782+0000] {processor.py:153} INFO - Started process (PID=323) to work on /home/airflow/.local/lib/python3.7/site-packages/airflow/example_dags/example_external_task_marker_dag.py
[2023-01-19T20:24:21.784+0000] {processor.py:743} INFO - Processing file /home/airflow/.local/lib/python3.7/site-packages/airflow/example_dags/example_external_task_marker_dag.py for tasks to queue
[2023-01-19T20:24:21.784+0000] {logging_mixin.py:137} INFO - [2023-01-19T20:24:21.784+0000] {dagbag.py:538} INFO - Filling up the DagBag from /home/airflow/.local/lib/python3.7/site-packages/airflow/example_dags/example_external_task_marker_dag.py
[2023-01-19T20:24:21.805+0000] {processor.py:753} INFO - DAG(s) dict_keys(['example_external_task_marker_child', 'example_external_task_marker_parent']) retrieved from /home/airflow/.local/lib/python3.7/site-packages/airflow/example_dags/example_external_task_marker_dag.py
[2023-01-19T20:24:21.867+0000] {logging_mixin.py:137} INFO - [2023-01-19T20:24:21.867+0000] {dag.py:2676} INFO - Sync 2 DAGs
[2023-01-19T20:24:21.901+0000] {logging_mixin.py:137} INFO - [2023-01-19T20:24:21.901+0000] {dag.py:3427} INFO - Setting next_dagrun for example_external_task_marker_child to None, run_after=None
[2023-01-19T20:24:21.905+0000] {logging_mixin.py:137} INFO - [2023-01-19T20:24:21.905+0000] {dag.py:3427} INFO - Setting next_dagrun for example_external_task_marker_parent to None, run_after=None
[2023-01-19T20:24:21.928+0000] {processor.py:175} INFO - Processing /home/airflow/.local/lib/python3.7/site-packages/airflow/example_dags/example_external_task_marker_dag.py took 0.150 seconds
[2023-01-19T20:24:51.999+0000] {processor.py:153} INFO - Started process (PID=394) to work on /home/airflow/.local/lib/python3.7/site-packages/airflow/example_dags/example_external_task_marker_dag.py
[2023-01-19T20:24:52.000+0000] {processor.py:743} INFO - Processing file /home/airflow/.local/lib/python3.7/site-packages/airflow/example_dags/example_external_task_marker_dag.py for tasks to queue
[2023-01-19T20:24:52.002+0000] {logging_mixin.py:137} INFO - [2023-01-19T20:24:52.001+0000] {dagbag.py:538} INFO - Filling up the DagBag from /home/airflow/.local/lib/python3.7/site-packages/airflow/example_dags/example_external_task_marker_dag.py
[2023-01-19T20:24:52.032+0000] {processor.py:753} INFO - DAG(s) dict_keys(['example_external_task_marker_child', 'example_external_task_marker_parent']) retrieved from /home/airflow/.local/lib/python3.7/site-packages/airflow/example_dags/example_external_task_marker_dag.py
[2023-01-19T20:24:52.101+0000] {logging_mixin.py:137} INFO - [2023-01-19T20:24:52.101+0000] {dag.py:2676} INFO - Sync 2 DAGs
[2023-01-19T20:24:52.140+0000] {logging_mixin.py:137} INFO - [2023-01-19T20:24:52.140+0000] {dag.py:3427} INFO - Setting next_dagrun for example_external_task_marker_child to None, run_after=None
[2023-01-19T20:24:52.144+0000] {logging_mixin.py:137} INFO - [2023-01-19T20:24:52.144+0000] {dag.py:3427} INFO - Setting next_dagrun for example_external_task_marker_parent to None, run_after=None
[2023-01-19T20:24:52.170+0000] {processor.py:175} INFO - Processing /home/airflow/.local/lib/python3.7/site-packages/airflow/example_dags/example_external_task_marker_dag.py took 0.175 seconds
[2023-01-19T20:25:22.333+0000] {processor.py:153} INFO - Started process (PID=467) to work on /home/airflow/.local/lib/python3.7/site-packages/airflow/example_dags/example_external_task_marker_dag.py
[2023-01-19T20:25:22.335+0000] {processor.py:743} INFO - Processing file /home/airflow/.local/lib/python3.7/site-packages/airflow/example_dags/example_external_task_marker_dag.py for tasks to queue
[2023-01-19T20:25:22.336+0000] {logging_mixin.py:137} INFO - [2023-01-19T20:25:22.336+0000] {dagbag.py:538} INFO - Filling up the DagBag from /home/airflow/.local/lib/python3.7/site-packages/airflow/example_dags/example_external_task_marker_dag.py
[2023-01-19T20:25:22.357+0000] {processor.py:753} INFO - DAG(s) dict_keys(['example_external_task_marker_parent', 'example_external_task_marker_child']) retrieved from /home/airflow/.local/lib/python3.7/site-packages/airflow/example_dags/example_external_task_marker_dag.py
[2023-01-19T20:25:22.417+0000] {logging_mixin.py:137} INFO - [2023-01-19T20:25:22.417+0000] {dag.py:2676} INFO - Sync 2 DAGs
[2023-01-19T20:25:22.450+0000] {logging_mixin.py:137} INFO - [2023-01-19T20:25:22.450+0000] {dag.py:3427} INFO - Setting next_dagrun for example_external_task_marker_child to None, run_after=None
[2023-01-19T20:25:22.454+0000] {logging_mixin.py:137} INFO - [2023-01-19T20:25:22.454+0000] {dag.py:3427} INFO - Setting next_dagrun for example_external_task_marker_parent to None, run_after=None
[2023-01-19T20:25:22.480+0000] {processor.py:175} INFO - Processing /home/airflow/.local/lib/python3.7/site-packages/airflow/example_dags/example_external_task_marker_dag.py took 0.151 seconds
[2023-01-19T20:25:52.739+0000] {processor.py:153} INFO - Started process (PID=539) to work on /home/airflow/.local/lib/python3.7/site-packages/airflow/example_dags/example_external_task_marker_dag.py
[2023-01-19T20:25:52.740+0000] {processor.py:743} INFO - Processing file /home/airflow/.local/lib/python3.7/site-packages/airflow/example_dags/example_external_task_marker_dag.py for tasks to queue
[2023-01-19T20:25:52.742+0000] {logging_mixin.py:137} INFO - [2023-01-19T20:25:52.741+0000] {dagbag.py:538} INFO - Filling up the DagBag from /home/airflow/.local/lib/python3.7/site-packages/airflow/example_dags/example_external_task_marker_dag.py
[2023-01-19T20:25:52.766+0000] {processor.py:753} INFO - DAG(s) dict_keys(['example_external_task_marker_parent', 'example_external_task_marker_child']) retrieved from /home/airflow/.local/lib/python3.7/site-packages/airflow/example_dags/example_external_task_marker_dag.py
[2023-01-19T20:25:52.879+0000] {logging_mixin.py:137} INFO - [2023-01-19T20:25:52.879+0000] {dag.py:2676} INFO - Sync 2 DAGs
[2023-01-19T20:25:52.928+0000] {logging_mixin.py:137} INFO - [2023-01-19T20:25:52.928+0000] {dag.py:3427} INFO - Setting next_dagrun for example_external_task_marker_child to None, run_after=None
[2023-01-19T20:25:52.935+0000] {logging_mixin.py:137} INFO - [2023-01-19T20:25:52.934+0000] {dag.py:3427} INFO - Setting next_dagrun for example_external_task_marker_parent to None, run_after=None
[2023-01-19T20:25:52.967+0000] {processor.py:175} INFO - Processing /home/airflow/.local/lib/python3.7/site-packages/airflow/example_dags/example_external_task_marker_dag.py took 0.232 seconds
[2023-01-19T20:27:41.949+0000] {processor.py:153} INFO - Started process (PID=90) to work on /home/airflow/.local/lib/python3.7/site-packages/airflow/example_dags/example_external_task_marker_dag.py
[2023-01-19T20:27:41.969+0000] {processor.py:743} INFO - Processing file /home/airflow/.local/lib/python3.7/site-packages/airflow/example_dags/example_external_task_marker_dag.py for tasks to queue
[2023-01-19T20:27:41.969+0000] {logging_mixin.py:137} INFO - [2023-01-19T20:27:41.969+0000] {dagbag.py:538} INFO - Filling up the DagBag from /home/airflow/.local/lib/python3.7/site-packages/airflow/example_dags/example_external_task_marker_dag.py
[2023-01-19T20:27:41.990+0000] {processor.py:753} INFO - DAG(s) dict_keys(['example_external_task_marker_child', 'example_external_task_marker_parent']) retrieved from /home/airflow/.local/lib/python3.7/site-packages/airflow/example_dags/example_external_task_marker_dag.py
[2023-01-19T20:27:42.304+0000] {logging_mixin.py:137} INFO - [2023-01-19T20:27:42.304+0000] {manager.py:504} INFO - Created Permission View: can delete on DAG:example_external_task_marker_child
[2023-01-19T20:27:42.325+0000] {logging_mixin.py:137} INFO - [2023-01-19T20:27:42.324+0000] {manager.py:504} INFO - Created Permission View: can edit on DAG:example_external_task_marker_child
[2023-01-19T20:27:42.340+0000] {logging_mixin.py:137} INFO - [2023-01-19T20:27:42.340+0000] {manager.py:504} INFO - Created Permission View: can read on DAG:example_external_task_marker_child
[2023-01-19T20:27:42.373+0000] {logging_mixin.py:137} INFO - [2023-01-19T20:27:42.373+0000] {manager.py:504} INFO - Created Permission View: can delete on DAG:example_external_task_marker_parent
[2023-01-19T20:27:42.391+0000] {logging_mixin.py:137} INFO - [2023-01-19T20:27:42.390+0000] {manager.py:504} INFO - Created Permission View: can edit on DAG:example_external_task_marker_parent
[2023-01-19T20:27:42.408+0000] {logging_mixin.py:137} INFO - [2023-01-19T20:27:42.408+0000] {manager.py:504} INFO - Created Permission View: can read on DAG:example_external_task_marker_parent
[2023-01-19T20:27:42.408+0000] {logging_mixin.py:137} INFO - [2023-01-19T20:27:42.408+0000] {dag.py:2676} INFO - Sync 2 DAGs
[2023-01-19T20:27:42.433+0000] {logging_mixin.py:137} INFO - [2023-01-19T20:27:42.433+0000] {dag.py:2697} INFO - Creating ORM DAG for example_external_task_marker_child
[2023-01-19T20:27:42.434+0000] {logging_mixin.py:137} INFO - [2023-01-19T20:27:42.434+0000] {dag.py:2697} INFO - Creating ORM DAG for example_external_task_marker_parent
[2023-01-19T20:27:42.450+0000] {logging_mixin.py:137} INFO - [2023-01-19T20:27:42.450+0000] {dag.py:3427} INFO - Setting next_dagrun for example_external_task_marker_child to None, run_after=None
[2023-01-19T20:27:42.451+0000] {logging_mixin.py:137} INFO - [2023-01-19T20:27:42.451+0000] {dag.py:3427} INFO - Setting next_dagrun for example_external_task_marker_parent to None, run_after=None
[2023-01-19T20:27:42.493+0000] {processor.py:175} INFO - Processing /home/airflow/.local/lib/python3.7/site-packages/airflow/example_dags/example_external_task_marker_dag.py took 0.548 seconds
[2023-01-19T20:28:12.719+0000] {processor.py:153} INFO - Started process (PID=171) to work on /home/airflow/.local/lib/python3.7/site-packages/airflow/example_dags/example_external_task_marker_dag.py
[2023-01-19T20:28:12.723+0000] {processor.py:743} INFO - Processing file /home/airflow/.local/lib/python3.7/site-packages/airflow/example_dags/example_external_task_marker_dag.py for tasks to queue
[2023-01-19T20:28:12.724+0000] {logging_mixin.py:137} INFO - [2023-01-19T20:28:12.724+0000] {dagbag.py:538} INFO - Filling up the DagBag from /home/airflow/.local/lib/python3.7/site-packages/airflow/example_dags/example_external_task_marker_dag.py
[2023-01-19T20:28:12.806+0000] {processor.py:753} INFO - DAG(s) dict_keys(['example_external_task_marker_parent', 'example_external_task_marker_child']) retrieved from /home/airflow/.local/lib/python3.7/site-packages/airflow/example_dags/example_external_task_marker_dag.py
[2023-01-19T20:28:12.982+0000] {logging_mixin.py:137} INFO - [2023-01-19T20:28:12.981+0000] {dag.py:2676} INFO - Sync 2 DAGs
[2023-01-19T20:28:13.058+0000] {logging_mixin.py:137} INFO - [2023-01-19T20:28:13.058+0000] {dag.py:3427} INFO - Setting next_dagrun for example_external_task_marker_child to None, run_after=None
[2023-01-19T20:28:13.066+0000] {logging_mixin.py:137} INFO - [2023-01-19T20:28:13.066+0000] {dag.py:3427} INFO - Setting next_dagrun for example_external_task_marker_parent to None, run_after=None
[2023-01-19T20:28:13.105+0000] {processor.py:175} INFO - Processing /home/airflow/.local/lib/python3.7/site-packages/airflow/example_dags/example_external_task_marker_dag.py took 0.395 seconds
[2023-01-19T20:28:44.058+0000] {processor.py:153} INFO - Started process (PID=252) to work on /home/airflow/.local/lib/python3.7/site-packages/airflow/example_dags/example_external_task_marker_dag.py
[2023-01-19T20:28:44.059+0000] {processor.py:743} INFO - Processing file /home/airflow/.local/lib/python3.7/site-packages/airflow/example_dags/example_external_task_marker_dag.py for tasks to queue
[2023-01-19T20:28:44.060+0000] {logging_mixin.py:137} INFO - [2023-01-19T20:28:44.060+0000] {dagbag.py:538} INFO - Filling up the DagBag from /home/airflow/.local/lib/python3.7/site-packages/airflow/example_dags/example_external_task_marker_dag.py
[2023-01-19T20:28:44.080+0000] {processor.py:753} INFO - DAG(s) dict_keys(['example_external_task_marker_child', 'example_external_task_marker_parent']) retrieved from /home/airflow/.local/lib/python3.7/site-packages/airflow/example_dags/example_external_task_marker_dag.py
[2023-01-19T20:28:44.139+0000] {logging_mixin.py:137} INFO - [2023-01-19T20:28:44.139+0000] {dag.py:2676} INFO - Sync 2 DAGs
[2023-01-19T20:28:44.175+0000] {logging_mixin.py:137} INFO - [2023-01-19T20:28:44.175+0000] {dag.py:3427} INFO - Setting next_dagrun for example_external_task_marker_child to None, run_after=None
[2023-01-19T20:28:44.180+0000] {logging_mixin.py:137} INFO - [2023-01-19T20:28:44.180+0000] {dag.py:3427} INFO - Setting next_dagrun for example_external_task_marker_parent to None, run_after=None
[2023-01-19T20:28:44.207+0000] {processor.py:175} INFO - Processing /home/airflow/.local/lib/python3.7/site-packages/airflow/example_dags/example_external_task_marker_dag.py took 0.154 seconds
[2023-01-19T20:29:14.375+0000] {processor.py:153} INFO - Started process (PID=325) to work on /home/airflow/.local/lib/python3.7/site-packages/airflow/example_dags/example_external_task_marker_dag.py
[2023-01-19T20:29:14.376+0000] {processor.py:743} INFO - Processing file /home/airflow/.local/lib/python3.7/site-packages/airflow/example_dags/example_external_task_marker_dag.py for tasks to queue
[2023-01-19T20:29:14.377+0000] {logging_mixin.py:137} INFO - [2023-01-19T20:29:14.377+0000] {dagbag.py:538} INFO - Filling up the DagBag from /home/airflow/.local/lib/python3.7/site-packages/airflow/example_dags/example_external_task_marker_dag.py
[2023-01-19T20:29:14.394+0000] {processor.py:753} INFO - DAG(s) dict_keys(['example_external_task_marker_child', 'example_external_task_marker_parent']) retrieved from /home/airflow/.local/lib/python3.7/site-packages/airflow/example_dags/example_external_task_marker_dag.py
[2023-01-19T20:29:14.446+0000] {logging_mixin.py:137} INFO - [2023-01-19T20:29:14.446+0000] {dag.py:2676} INFO - Sync 2 DAGs
[2023-01-19T20:29:14.478+0000] {logging_mixin.py:137} INFO - [2023-01-19T20:29:14.478+0000] {dag.py:3427} INFO - Setting next_dagrun for example_external_task_marker_child to None, run_after=None
[2023-01-19T20:29:14.483+0000] {logging_mixin.py:137} INFO - [2023-01-19T20:29:14.482+0000] {dag.py:3427} INFO - Setting next_dagrun for example_external_task_marker_parent to None, run_after=None
[2023-01-19T20:29:14.506+0000] {processor.py:175} INFO - Processing /home/airflow/.local/lib/python3.7/site-packages/airflow/example_dags/example_external_task_marker_dag.py took 0.135 seconds
[2023-01-19T20:29:45.145+0000] {processor.py:153} INFO - Started process (PID=398) to work on /home/airflow/.local/lib/python3.7/site-packages/airflow/example_dags/example_external_task_marker_dag.py
[2023-01-19T20:29:45.146+0000] {processor.py:743} INFO - Processing file /home/airflow/.local/lib/python3.7/site-packages/airflow/example_dags/example_external_task_marker_dag.py for tasks to queue
[2023-01-19T20:29:45.147+0000] {logging_mixin.py:137} INFO - [2023-01-19T20:29:45.147+0000] {dagbag.py:538} INFO - Filling up the DagBag from /home/airflow/.local/lib/python3.7/site-packages/airflow/example_dags/example_external_task_marker_dag.py
[2023-01-19T20:29:45.164+0000] {processor.py:753} INFO - DAG(s) dict_keys(['example_external_task_marker_child', 'example_external_task_marker_parent']) retrieved from /home/airflow/.local/lib/python3.7/site-packages/airflow/example_dags/example_external_task_marker_dag.py
[2023-01-19T20:29:45.213+0000] {logging_mixin.py:137} INFO - [2023-01-19T20:29:45.213+0000] {dag.py:2676} INFO - Sync 2 DAGs
[2023-01-19T20:29:45.246+0000] {logging_mixin.py:137} INFO - [2023-01-19T20:29:45.246+0000] {dag.py:3427} INFO - Setting next_dagrun for example_external_task_marker_child to None, run_after=None
[2023-01-19T20:29:45.252+0000] {logging_mixin.py:137} INFO - [2023-01-19T20:29:45.252+0000] {dag.py:3427} INFO - Setting next_dagrun for example_external_task_marker_parent to None, run_after=None
[2023-01-19T20:29:45.275+0000] {processor.py:175} INFO - Processing /home/airflow/.local/lib/python3.7/site-packages/airflow/example_dags/example_external_task_marker_dag.py took 0.133 seconds
[2023-01-19T20:30:15.406+0000] {processor.py:153} INFO - Started process (PID=486) to work on /home/airflow/.local/lib/python3.7/site-packages/airflow/example_dags/example_external_task_marker_dag.py
[2023-01-19T20:30:15.407+0000] {processor.py:743} INFO - Processing file /home/airflow/.local/lib/python3.7/site-packages/airflow/example_dags/example_external_task_marker_dag.py for tasks to queue
[2023-01-19T20:30:15.408+0000] {logging_mixin.py:137} INFO - [2023-01-19T20:30:15.408+0000] {dagbag.py:538} INFO - Filling up the DagBag from /home/airflow/.local/lib/python3.7/site-packages/airflow/example_dags/example_external_task_marker_dag.py
[2023-01-19T20:30:15.433+0000] {processor.py:753} INFO - DAG(s) dict_keys(['example_external_task_marker_child', 'example_external_task_marker_parent']) retrieved from /home/airflow/.local/lib/python3.7/site-packages/airflow/example_dags/example_external_task_marker_dag.py
[2023-01-19T20:30:15.490+0000] {logging_mixin.py:137} INFO - [2023-01-19T20:30:15.490+0000] {dag.py:2676} INFO - Sync 2 DAGs
[2023-01-19T20:30:15.540+0000] {logging_mixin.py:137} INFO - [2023-01-19T20:30:15.540+0000] {dag.py:3427} INFO - Setting next_dagrun for example_external_task_marker_child to None, run_after=None
[2023-01-19T20:30:15.546+0000] {logging_mixin.py:137} INFO - [2023-01-19T20:30:15.546+0000] {dag.py:3427} INFO - Setting next_dagrun for example_external_task_marker_parent to None, run_after=None
[2023-01-19T20:30:15.571+0000] {processor.py:175} INFO - Processing /home/airflow/.local/lib/python3.7/site-packages/airflow/example_dags/example_external_task_marker_dag.py took 0.171 seconds
[2023-01-19T20:30:45.671+0000] {processor.py:153} INFO - Started process (PID=558) to work on /home/airflow/.local/lib/python3.7/site-packages/airflow/example_dags/example_external_task_marker_dag.py
[2023-01-19T20:30:45.672+0000] {processor.py:743} INFO - Processing file /home/airflow/.local/lib/python3.7/site-packages/airflow/example_dags/example_external_task_marker_dag.py for tasks to queue
[2023-01-19T20:30:45.673+0000] {logging_mixin.py:137} INFO - [2023-01-19T20:30:45.673+0000] {dagbag.py:538} INFO - Filling up the DagBag from /home/airflow/.local/lib/python3.7/site-packages/airflow/example_dags/example_external_task_marker_dag.py
[2023-01-19T20:30:45.690+0000] {processor.py:753} INFO - DAG(s) dict_keys(['example_external_task_marker_child', 'example_external_task_marker_parent']) retrieved from /home/airflow/.local/lib/python3.7/site-packages/airflow/example_dags/example_external_task_marker_dag.py
[2023-01-19T20:30:45.743+0000] {logging_mixin.py:137} INFO - [2023-01-19T20:30:45.743+0000] {dag.py:2676} INFO - Sync 2 DAGs
[2023-01-19T20:30:45.778+0000] {logging_mixin.py:137} INFO - [2023-01-19T20:30:45.778+0000] {dag.py:3427} INFO - Setting next_dagrun for example_external_task_marker_child to None, run_after=None
[2023-01-19T20:30:45.783+0000] {logging_mixin.py:137} INFO - [2023-01-19T20:30:45.782+0000] {dag.py:3427} INFO - Setting next_dagrun for example_external_task_marker_parent to None, run_after=None
[2023-01-19T20:30:45.807+0000] {processor.py:175} INFO - Processing /home/airflow/.local/lib/python3.7/site-packages/airflow/example_dags/example_external_task_marker_dag.py took 0.140 seconds
[2023-01-19T20:31:16.607+0000] {processor.py:153} INFO - Started process (PID=630) to work on /home/airflow/.local/lib/python3.7/site-packages/airflow/example_dags/example_external_task_marker_dag.py
[2023-01-19T20:31:16.608+0000] {processor.py:743} INFO - Processing file /home/airflow/.local/lib/python3.7/site-packages/airflow/example_dags/example_external_task_marker_dag.py for tasks to queue
[2023-01-19T20:31:16.609+0000] {logging_mixin.py:137} INFO - [2023-01-19T20:31:16.609+0000] {dagbag.py:538} INFO - Filling up the DagBag from /home/airflow/.local/lib/python3.7/site-packages/airflow/example_dags/example_external_task_marker_dag.py
[2023-01-19T20:31:16.626+0000] {processor.py:753} INFO - DAG(s) dict_keys(['example_external_task_marker_parent', 'example_external_task_marker_child']) retrieved from /home/airflow/.local/lib/python3.7/site-packages/airflow/example_dags/example_external_task_marker_dag.py
[2023-01-19T20:31:16.675+0000] {logging_mixin.py:137} INFO - [2023-01-19T20:31:16.675+0000] {dag.py:2676} INFO - Sync 2 DAGs
[2023-01-19T20:31:16.708+0000] {logging_mixin.py:137} INFO - [2023-01-19T20:31:16.708+0000] {dag.py:3427} INFO - Setting next_dagrun for example_external_task_marker_child to None, run_after=None
[2023-01-19T20:31:16.712+0000] {logging_mixin.py:137} INFO - [2023-01-19T20:31:16.712+0000] {dag.py:3427} INFO - Setting next_dagrun for example_external_task_marker_parent to None, run_after=None
[2023-01-19T20:31:16.734+0000] {processor.py:175} INFO - Processing /home/airflow/.local/lib/python3.7/site-packages/airflow/example_dags/example_external_task_marker_dag.py took 0.131 seconds
[2023-01-19T20:31:46.804+0000] {processor.py:153} INFO - Started process (PID=702) to work on /home/airflow/.local/lib/python3.7/site-packages/airflow/example_dags/example_external_task_marker_dag.py
[2023-01-19T20:31:46.805+0000] {processor.py:743} INFO - Processing file /home/airflow/.local/lib/python3.7/site-packages/airflow/example_dags/example_external_task_marker_dag.py for tasks to queue
[2023-01-19T20:31:46.806+0000] {logging_mixin.py:137} INFO - [2023-01-19T20:31:46.806+0000] {dagbag.py:538} INFO - Filling up the DagBag from /home/airflow/.local/lib/python3.7/site-packages/airflow/example_dags/example_external_task_marker_dag.py
[2023-01-19T20:31:46.827+0000] {processor.py:753} INFO - DAG(s) dict_keys(['example_external_task_marker_parent', 'example_external_task_marker_child']) retrieved from /home/airflow/.local/lib/python3.7/site-packages/airflow/example_dags/example_external_task_marker_dag.py
[2023-01-19T20:31:46.922+0000] {logging_mixin.py:137} INFO - [2023-01-19T20:31:46.921+0000] {dag.py:2676} INFO - Sync 2 DAGs
[2023-01-19T20:31:46.966+0000] {logging_mixin.py:137} INFO - [2023-01-19T20:31:46.966+0000] {dag.py:3427} INFO - Setting next_dagrun for example_external_task_marker_child to None, run_after=None
[2023-01-19T20:31:46.972+0000] {logging_mixin.py:137} INFO - [2023-01-19T20:31:46.972+0000] {dag.py:3427} INFO - Setting next_dagrun for example_external_task_marker_parent to None, run_after=None
[2023-01-19T20:31:47.000+0000] {processor.py:175} INFO - Processing /home/airflow/.local/lib/python3.7/site-packages/airflow/example_dags/example_external_task_marker_dag.py took 0.201 seconds
[2023-01-19T20:32:17.109+0000] {processor.py:153} INFO - Started process (PID=791) to work on /home/airflow/.local/lib/python3.7/site-packages/airflow/example_dags/example_external_task_marker_dag.py
[2023-01-19T20:32:17.110+0000] {processor.py:743} INFO - Processing file /home/airflow/.local/lib/python3.7/site-packages/airflow/example_dags/example_external_task_marker_dag.py for tasks to queue
[2023-01-19T20:32:17.111+0000] {logging_mixin.py:137} INFO - [2023-01-19T20:32:17.111+0000] {dagbag.py:538} INFO - Filling up the DagBag from /home/airflow/.local/lib/python3.7/site-packages/airflow/example_dags/example_external_task_marker_dag.py
[2023-01-19T20:32:17.129+0000] {processor.py:753} INFO - DAG(s) dict_keys(['example_external_task_marker_parent', 'example_external_task_marker_child']) retrieved from /home/airflow/.local/lib/python3.7/site-packages/airflow/example_dags/example_external_task_marker_dag.py
[2023-01-19T20:32:17.183+0000] {logging_mixin.py:137} INFO - [2023-01-19T20:32:17.182+0000] {dag.py:2676} INFO - Sync 2 DAGs
[2023-01-19T20:32:17.216+0000] {logging_mixin.py:137} INFO - [2023-01-19T20:32:17.216+0000] {dag.py:3427} INFO - Setting next_dagrun for example_external_task_marker_child to None, run_after=None
[2023-01-19T20:32:17.221+0000] {logging_mixin.py:137} INFO - [2023-01-19T20:32:17.220+0000] {dag.py:3427} INFO - Setting next_dagrun for example_external_task_marker_parent to None, run_after=None
[2023-01-19T20:32:17.247+0000] {processor.py:175} INFO - Processing /home/airflow/.local/lib/python3.7/site-packages/airflow/example_dags/example_external_task_marker_dag.py took 0.142 seconds
[2023-01-19T20:32:47.382+0000] {processor.py:153} INFO - Started process (PID=863) to work on /home/airflow/.local/lib/python3.7/site-packages/airflow/example_dags/example_external_task_marker_dag.py
[2023-01-19T20:32:47.385+0000] {processor.py:743} INFO - Processing file /home/airflow/.local/lib/python3.7/site-packages/airflow/example_dags/example_external_task_marker_dag.py for tasks to queue
[2023-01-19T20:32:47.385+0000] {logging_mixin.py:137} INFO - [2023-01-19T20:32:47.385+0000] {dagbag.py:538} INFO - Filling up the DagBag from /home/airflow/.local/lib/python3.7/site-packages/airflow/example_dags/example_external_task_marker_dag.py
[2023-01-19T20:32:47.404+0000] {processor.py:753} INFO - DAG(s) dict_keys(['example_external_task_marker_parent', 'example_external_task_marker_child']) retrieved from /home/airflow/.local/lib/python3.7/site-packages/airflow/example_dags/example_external_task_marker_dag.py
[2023-01-19T20:32:47.457+0000] {logging_mixin.py:137} INFO - [2023-01-19T20:32:47.457+0000] {dag.py:2676} INFO - Sync 2 DAGs
[2023-01-19T20:32:47.498+0000] {logging_mixin.py:137} INFO - [2023-01-19T20:32:47.497+0000] {dag.py:3427} INFO - Setting next_dagrun for example_external_task_marker_child to None, run_after=None
[2023-01-19T20:32:47.503+0000] {logging_mixin.py:137} INFO - [2023-01-19T20:32:47.502+0000] {dag.py:3427} INFO - Setting next_dagrun for example_external_task_marker_parent to None, run_after=None
[2023-01-19T20:32:47.528+0000] {processor.py:175} INFO - Processing /home/airflow/.local/lib/python3.7/site-packages/airflow/example_dags/example_external_task_marker_dag.py took 0.149 seconds
[2023-01-19T20:33:17.675+0000] {processor.py:153} INFO - Started process (PID=935) to work on /home/airflow/.local/lib/python3.7/site-packages/airflow/example_dags/example_external_task_marker_dag.py
[2023-01-19T20:33:17.676+0000] {processor.py:743} INFO - Processing file /home/airflow/.local/lib/python3.7/site-packages/airflow/example_dags/example_external_task_marker_dag.py for tasks to queue
[2023-01-19T20:33:17.677+0000] {logging_mixin.py:137} INFO - [2023-01-19T20:33:17.677+0000] {dagbag.py:538} INFO - Filling up the DagBag from /home/airflow/.local/lib/python3.7/site-packages/airflow/example_dags/example_external_task_marker_dag.py
[2023-01-19T20:33:17.695+0000] {processor.py:753} INFO - DAG(s) dict_keys(['example_external_task_marker_child', 'example_external_task_marker_parent']) retrieved from /home/airflow/.local/lib/python3.7/site-packages/airflow/example_dags/example_external_task_marker_dag.py
[2023-01-19T20:33:17.747+0000] {logging_mixin.py:137} INFO - [2023-01-19T20:33:17.747+0000] {dag.py:2676} INFO - Sync 2 DAGs
[2023-01-19T20:33:17.780+0000] {logging_mixin.py:137} INFO - [2023-01-19T20:33:17.779+0000] {dag.py:3427} INFO - Setting next_dagrun for example_external_task_marker_child to None, run_after=None
[2023-01-19T20:33:17.785+0000] {logging_mixin.py:137} INFO - [2023-01-19T20:33:17.785+0000] {dag.py:3427} INFO - Setting next_dagrun for example_external_task_marker_parent to None, run_after=None
[2023-01-19T20:33:17.810+0000] {processor.py:175} INFO - Processing /home/airflow/.local/lib/python3.7/site-packages/airflow/example_dags/example_external_task_marker_dag.py took 0.139 seconds
[2023-01-19T20:33:48.061+0000] {processor.py:153} INFO - Started process (PID=1016) to work on /home/airflow/.local/lib/python3.7/site-packages/airflow/example_dags/example_external_task_marker_dag.py
[2023-01-19T20:33:48.062+0000] {processor.py:743} INFO - Processing file /home/airflow/.local/lib/python3.7/site-packages/airflow/example_dags/example_external_task_marker_dag.py for tasks to queue
[2023-01-19T20:33:48.063+0000] {logging_mixin.py:137} INFO - [2023-01-19T20:33:48.063+0000] {dagbag.py:538} INFO - Filling up the DagBag from /home/airflow/.local/lib/python3.7/site-packages/airflow/example_dags/example_external_task_marker_dag.py
[2023-01-19T20:33:48.082+0000] {processor.py:753} INFO - DAG(s) dict_keys(['example_external_task_marker_parent', 'example_external_task_marker_child']) retrieved from /home/airflow/.local/lib/python3.7/site-packages/airflow/example_dags/example_external_task_marker_dag.py
[2023-01-19T20:33:48.139+0000] {logging_mixin.py:137} INFO - [2023-01-19T20:33:48.139+0000] {dag.py:2676} INFO - Sync 2 DAGs
[2023-01-19T20:33:48.176+0000] {logging_mixin.py:137} INFO - [2023-01-19T20:33:48.176+0000] {dag.py:3427} INFO - Setting next_dagrun for example_external_task_marker_child to None, run_after=None
[2023-01-19T20:33:48.182+0000] {logging_mixin.py:137} INFO - [2023-01-19T20:33:48.182+0000] {dag.py:3427} INFO - Setting next_dagrun for example_external_task_marker_parent to None, run_after=None
[2023-01-19T20:33:48.207+0000] {processor.py:175} INFO - Processing /home/airflow/.local/lib/python3.7/site-packages/airflow/example_dags/example_external_task_marker_dag.py took 0.150 seconds
[2023-01-19T20:34:18.335+0000] {processor.py:153} INFO - Started process (PID=1095) to work on /home/airflow/.local/lib/python3.7/site-packages/airflow/example_dags/example_external_task_marker_dag.py
[2023-01-19T20:34:18.336+0000] {processor.py:743} INFO - Processing file /home/airflow/.local/lib/python3.7/site-packages/airflow/example_dags/example_external_task_marker_dag.py for tasks to queue
[2023-01-19T20:34:18.336+0000] {logging_mixin.py:137} INFO - [2023-01-19T20:34:18.336+0000] {dagbag.py:538} INFO - Filling up the DagBag from /home/airflow/.local/lib/python3.7/site-packages/airflow/example_dags/example_external_task_marker_dag.py
[2023-01-19T20:34:18.355+0000] {processor.py:753} INFO - DAG(s) dict_keys(['example_external_task_marker_child', 'example_external_task_marker_parent']) retrieved from /home/airflow/.local/lib/python3.7/site-packages/airflow/example_dags/example_external_task_marker_dag.py
[2023-01-19T20:34:18.417+0000] {logging_mixin.py:137} INFO - [2023-01-19T20:34:18.416+0000] {dag.py:2676} INFO - Sync 2 DAGs
[2023-01-19T20:34:18.450+0000] {logging_mixin.py:137} INFO - [2023-01-19T20:34:18.450+0000] {dag.py:3427} INFO - Setting next_dagrun for example_external_task_marker_child to None, run_after=None
[2023-01-19T20:34:18.458+0000] {logging_mixin.py:137} INFO - [2023-01-19T20:34:18.458+0000] {dag.py:3427} INFO - Setting next_dagrun for example_external_task_marker_parent to None, run_after=None
[2023-01-19T20:34:18.499+0000] {processor.py:175} INFO - Processing /home/airflow/.local/lib/python3.7/site-packages/airflow/example_dags/example_external_task_marker_dag.py took 0.168 seconds
[2023-01-19T20:34:49.069+0000] {processor.py:153} INFO - Started process (PID=1165) to work on /home/airflow/.local/lib/python3.7/site-packages/airflow/example_dags/example_external_task_marker_dag.py
[2023-01-19T20:34:49.071+0000] {processor.py:743} INFO - Processing file /home/airflow/.local/lib/python3.7/site-packages/airflow/example_dags/example_external_task_marker_dag.py for tasks to queue
[2023-01-19T20:34:49.071+0000] {logging_mixin.py:137} INFO - [2023-01-19T20:34:49.071+0000] {dagbag.py:538} INFO - Filling up the DagBag from /home/airflow/.local/lib/python3.7/site-packages/airflow/example_dags/example_external_task_marker_dag.py
[2023-01-19T20:34:49.092+0000] {processor.py:753} INFO - DAG(s) dict_keys(['example_external_task_marker_child', 'example_external_task_marker_parent']) retrieved from /home/airflow/.local/lib/python3.7/site-packages/airflow/example_dags/example_external_task_marker_dag.py
[2023-01-19T20:34:49.154+0000] {logging_mixin.py:137} INFO - [2023-01-19T20:34:49.154+0000] {dag.py:2676} INFO - Sync 2 DAGs
[2023-01-19T20:34:49.188+0000] {logging_mixin.py:137} INFO - [2023-01-19T20:34:49.188+0000] {dag.py:3427} INFO - Setting next_dagrun for example_external_task_marker_child to None, run_after=None
[2023-01-19T20:34:49.194+0000] {logging_mixin.py:137} INFO - [2023-01-19T20:34:49.194+0000] {dag.py:3427} INFO - Setting next_dagrun for example_external_task_marker_parent to None, run_after=None
[2023-01-19T20:34:49.223+0000] {processor.py:175} INFO - Processing /home/airflow/.local/lib/python3.7/site-packages/airflow/example_dags/example_external_task_marker_dag.py took 0.157 seconds
[2023-01-19T20:35:19.633+0000] {processor.py:153} INFO - Started process (PID=1237) to work on /home/airflow/.local/lib/python3.7/site-packages/airflow/example_dags/example_external_task_marker_dag.py
[2023-01-19T20:35:19.634+0000] {processor.py:743} INFO - Processing file /home/airflow/.local/lib/python3.7/site-packages/airflow/example_dags/example_external_task_marker_dag.py for tasks to queue
[2023-01-19T20:35:19.635+0000] {logging_mixin.py:137} INFO - [2023-01-19T20:35:19.635+0000] {dagbag.py:538} INFO - Filling up the DagBag from /home/airflow/.local/lib/python3.7/site-packages/airflow/example_dags/example_external_task_marker_dag.py
[2023-01-19T20:35:19.652+0000] {processor.py:753} INFO - DAG(s) dict_keys(['example_external_task_marker_child', 'example_external_task_marker_parent']) retrieved from /home/airflow/.local/lib/python3.7/site-packages/airflow/example_dags/example_external_task_marker_dag.py
[2023-01-19T20:35:19.709+0000] {logging_mixin.py:137} INFO - [2023-01-19T20:35:19.709+0000] {dag.py:2676} INFO - Sync 2 DAGs
[2023-01-19T20:35:19.743+0000] {logging_mixin.py:137} INFO - [2023-01-19T20:35:19.743+0000] {dag.py:3427} INFO - Setting next_dagrun for example_external_task_marker_child to None, run_after=None
[2023-01-19T20:35:19.747+0000] {logging_mixin.py:137} INFO - [2023-01-19T20:35:19.747+0000] {dag.py:3427} INFO - Setting next_dagrun for example_external_task_marker_parent to None, run_after=None
[2023-01-19T20:35:19.772+0000] {processor.py:175} INFO - Processing /home/airflow/.local/lib/python3.7/site-packages/airflow/example_dags/example_external_task_marker_dag.py took 0.144 seconds
[2023-01-19T20:35:50.613+0000] {processor.py:153} INFO - Started process (PID=1325) to work on /home/airflow/.local/lib/python3.7/site-packages/airflow/example_dags/example_external_task_marker_dag.py
[2023-01-19T20:35:50.615+0000] {processor.py:743} INFO - Processing file /home/airflow/.local/lib/python3.7/site-packages/airflow/example_dags/example_external_task_marker_dag.py for tasks to queue
[2023-01-19T20:35:50.616+0000] {logging_mixin.py:137} INFO - [2023-01-19T20:35:50.615+0000] {dagbag.py:538} INFO - Filling up the DagBag from /home/airflow/.local/lib/python3.7/site-packages/airflow/example_dags/example_external_task_marker_dag.py
[2023-01-19T20:35:50.637+0000] {processor.py:753} INFO - DAG(s) dict_keys(['example_external_task_marker_parent', 'example_external_task_marker_child']) retrieved from /home/airflow/.local/lib/python3.7/site-packages/airflow/example_dags/example_external_task_marker_dag.py
[2023-01-19T20:35:50.731+0000] {logging_mixin.py:137} INFO - [2023-01-19T20:35:50.731+0000] {dag.py:2676} INFO - Sync 2 DAGs
[2023-01-19T20:35:50.765+0000] {logging_mixin.py:137} INFO - [2023-01-19T20:35:50.765+0000] {dag.py:3427} INFO - Setting next_dagrun for example_external_task_marker_child to None, run_after=None
[2023-01-19T20:35:50.770+0000] {logging_mixin.py:137} INFO - [2023-01-19T20:35:50.770+0000] {dag.py:3427} INFO - Setting next_dagrun for example_external_task_marker_parent to None, run_after=None
[2023-01-19T20:35:50.795+0000] {processor.py:175} INFO - Processing /home/airflow/.local/lib/python3.7/site-packages/airflow/example_dags/example_external_task_marker_dag.py took 0.187 seconds
[2023-01-19T20:36:21.332+0000] {processor.py:153} INFO - Started process (PID=1398) to work on /home/airflow/.local/lib/python3.7/site-packages/airflow/example_dags/example_external_task_marker_dag.py
[2023-01-19T20:36:21.334+0000] {processor.py:743} INFO - Processing file /home/airflow/.local/lib/python3.7/site-packages/airflow/example_dags/example_external_task_marker_dag.py for tasks to queue
[2023-01-19T20:36:21.334+0000] {logging_mixin.py:137} INFO - [2023-01-19T20:36:21.334+0000] {dagbag.py:538} INFO - Filling up the DagBag from /home/airflow/.local/lib/python3.7/site-packages/airflow/example_dags/example_external_task_marker_dag.py
[2023-01-19T20:36:21.352+0000] {processor.py:753} INFO - DAG(s) dict_keys(['example_external_task_marker_parent', 'example_external_task_marker_child']) retrieved from /home/airflow/.local/lib/python3.7/site-packages/airflow/example_dags/example_external_task_marker_dag.py
[2023-01-19T20:36:21.403+0000] {logging_mixin.py:137} INFO - [2023-01-19T20:36:21.403+0000] {dag.py:2676} INFO - Sync 2 DAGs
[2023-01-19T20:36:21.436+0000] {logging_mixin.py:137} INFO - [2023-01-19T20:36:21.436+0000] {dag.py:3427} INFO - Setting next_dagrun for example_external_task_marker_child to None, run_after=None
[2023-01-19T20:36:21.441+0000] {logging_mixin.py:137} INFO - [2023-01-19T20:36:21.441+0000] {dag.py:3427} INFO - Setting next_dagrun for example_external_task_marker_parent to None, run_after=None
[2023-01-19T20:36:21.469+0000] {processor.py:175} INFO - Processing /home/airflow/.local/lib/python3.7/site-packages/airflow/example_dags/example_external_task_marker_dag.py took 0.140 seconds
[2023-01-19T20:36:52.284+0000] {processor.py:153} INFO - Started process (PID=1477) to work on /home/airflow/.local/lib/python3.7/site-packages/airflow/example_dags/example_external_task_marker_dag.py
[2023-01-19T20:36:52.286+0000] {processor.py:743} INFO - Processing file /home/airflow/.local/lib/python3.7/site-packages/airflow/example_dags/example_external_task_marker_dag.py for tasks to queue
[2023-01-19T20:36:52.287+0000] {logging_mixin.py:137} INFO - [2023-01-19T20:36:52.287+0000] {dagbag.py:538} INFO - Filling up the DagBag from /home/airflow/.local/lib/python3.7/site-packages/airflow/example_dags/example_external_task_marker_dag.py
[2023-01-19T20:36:52.306+0000] {processor.py:753} INFO - DAG(s) dict_keys(['example_external_task_marker_parent', 'example_external_task_marker_child']) retrieved from /home/airflow/.local/lib/python3.7/site-packages/airflow/example_dags/example_external_task_marker_dag.py
[2023-01-19T20:36:52.368+0000] {logging_mixin.py:137} INFO - [2023-01-19T20:36:52.368+0000] {dag.py:2676} INFO - Sync 2 DAGs
[2023-01-19T20:36:52.408+0000] {logging_mixin.py:137} INFO - [2023-01-19T20:36:52.408+0000] {dag.py:3427} INFO - Setting next_dagrun for example_external_task_marker_child to None, run_after=None
[2023-01-19T20:36:52.413+0000] {logging_mixin.py:137} INFO - [2023-01-19T20:36:52.412+0000] {dag.py:3427} INFO - Setting next_dagrun for example_external_task_marker_parent to None, run_after=None
[2023-01-19T20:36:52.437+0000] {processor.py:175} INFO - Processing /home/airflow/.local/lib/python3.7/site-packages/airflow/example_dags/example_external_task_marker_dag.py took 0.159 seconds
[2023-01-19T20:37:23.604+0000] {processor.py:153} INFO - Started process (PID=1558) to work on /home/airflow/.local/lib/python3.7/site-packages/airflow/example_dags/example_external_task_marker_dag.py
[2023-01-19T20:37:23.605+0000] {processor.py:743} INFO - Processing file /home/airflow/.local/lib/python3.7/site-packages/airflow/example_dags/example_external_task_marker_dag.py for tasks to queue
[2023-01-19T20:37:23.606+0000] {logging_mixin.py:137} INFO - [2023-01-19T20:37:23.605+0000] {dagbag.py:538} INFO - Filling up the DagBag from /home/airflow/.local/lib/python3.7/site-packages/airflow/example_dags/example_external_task_marker_dag.py
[2023-01-19T20:37:23.623+0000] {processor.py:753} INFO - DAG(s) dict_keys(['example_external_task_marker_child', 'example_external_task_marker_parent']) retrieved from /home/airflow/.local/lib/python3.7/site-packages/airflow/example_dags/example_external_task_marker_dag.py
[2023-01-19T20:37:23.677+0000] {logging_mixin.py:137} INFO - [2023-01-19T20:37:23.677+0000] {dag.py:2676} INFO - Sync 2 DAGs
[2023-01-19T20:37:23.710+0000] {logging_mixin.py:137} INFO - [2023-01-19T20:37:23.710+0000] {dag.py:3427} INFO - Setting next_dagrun for example_external_task_marker_child to None, run_after=None
[2023-01-19T20:37:23.716+0000] {logging_mixin.py:137} INFO - [2023-01-19T20:37:23.716+0000] {dag.py:3427} INFO - Setting next_dagrun for example_external_task_marker_parent to None, run_after=None
[2023-01-19T20:37:23.739+0000] {processor.py:175} INFO - Processing /home/airflow/.local/lib/python3.7/site-packages/airflow/example_dags/example_external_task_marker_dag.py took 0.139 seconds
[2023-01-19T20:37:54.403+0000] {processor.py:153} INFO - Started process (PID=1630) to work on /home/airflow/.local/lib/python3.7/site-packages/airflow/example_dags/example_external_task_marker_dag.py
[2023-01-19T20:37:54.404+0000] {processor.py:743} INFO - Processing file /home/airflow/.local/lib/python3.7/site-packages/airflow/example_dags/example_external_task_marker_dag.py for tasks to queue
[2023-01-19T20:37:54.405+0000] {logging_mixin.py:137} INFO - [2023-01-19T20:37:54.405+0000] {dagbag.py:538} INFO - Filling up the DagBag from /home/airflow/.local/lib/python3.7/site-packages/airflow/example_dags/example_external_task_marker_dag.py
[2023-01-19T20:37:54.423+0000] {processor.py:753} INFO - DAG(s) dict_keys(['example_external_task_marker_parent', 'example_external_task_marker_child']) retrieved from /home/airflow/.local/lib/python3.7/site-packages/airflow/example_dags/example_external_task_marker_dag.py
[2023-01-19T20:37:54.484+0000] {logging_mixin.py:137} INFO - [2023-01-19T20:37:54.483+0000] {dag.py:2676} INFO - Sync 2 DAGs
[2023-01-19T20:37:54.515+0000] {logging_mixin.py:137} INFO - [2023-01-19T20:37:54.515+0000] {dag.py:3427} INFO - Setting next_dagrun for example_external_task_marker_child to None, run_after=None
[2023-01-19T20:37:54.520+0000] {logging_mixin.py:137} INFO - [2023-01-19T20:37:54.519+0000] {dag.py:3427} INFO - Setting next_dagrun for example_external_task_marker_parent to None, run_after=None
[2023-01-19T20:37:54.545+0000] {processor.py:175} INFO - Processing /home/airflow/.local/lib/python3.7/site-packages/airflow/example_dags/example_external_task_marker_dag.py took 0.146 seconds
[2023-01-19T20:38:24.958+0000] {processor.py:153} INFO - Started process (PID=1711) to work on /home/airflow/.local/lib/python3.7/site-packages/airflow/example_dags/example_external_task_marker_dag.py
[2023-01-19T20:38:24.960+0000] {processor.py:743} INFO - Processing file /home/airflow/.local/lib/python3.7/site-packages/airflow/example_dags/example_external_task_marker_dag.py for tasks to queue
[2023-01-19T20:38:24.961+0000] {logging_mixin.py:137} INFO - [2023-01-19T20:38:24.961+0000] {dagbag.py:538} INFO - Filling up the DagBag from /home/airflow/.local/lib/python3.7/site-packages/airflow/example_dags/example_external_task_marker_dag.py
[2023-01-19T20:38:24.980+0000] {processor.py:753} INFO - DAG(s) dict_keys(['example_external_task_marker_parent', 'example_external_task_marker_child']) retrieved from /home/airflow/.local/lib/python3.7/site-packages/airflow/example_dags/example_external_task_marker_dag.py
[2023-01-19T20:38:25.040+0000] {logging_mixin.py:137} INFO - [2023-01-19T20:38:25.040+0000] {dag.py:2676} INFO - Sync 2 DAGs
[2023-01-19T20:38:25.074+0000] {logging_mixin.py:137} INFO - [2023-01-19T20:38:25.074+0000] {dag.py:3427} INFO - Setting next_dagrun for example_external_task_marker_child to None, run_after=None
[2023-01-19T20:38:25.079+0000] {logging_mixin.py:137} INFO - [2023-01-19T20:38:25.079+0000] {dag.py:3427} INFO - Setting next_dagrun for example_external_task_marker_parent to None, run_after=None
[2023-01-19T20:38:25.106+0000] {processor.py:175} INFO - Processing /home/airflow/.local/lib/python3.7/site-packages/airflow/example_dags/example_external_task_marker_dag.py took 0.152 seconds
[2023-01-19T20:38:55.998+0000] {processor.py:153} INFO - Started process (PID=1790) to work on /home/airflow/.local/lib/python3.7/site-packages/airflow/example_dags/example_external_task_marker_dag.py
[2023-01-19T20:38:55.999+0000] {processor.py:743} INFO - Processing file /home/airflow/.local/lib/python3.7/site-packages/airflow/example_dags/example_external_task_marker_dag.py for tasks to queue
[2023-01-19T20:38:56.000+0000] {logging_mixin.py:137} INFO - [2023-01-19T20:38:56.000+0000] {dagbag.py:538} INFO - Filling up the DagBag from /home/airflow/.local/lib/python3.7/site-packages/airflow/example_dags/example_external_task_marker_dag.py
[2023-01-19T20:38:56.018+0000] {processor.py:753} INFO - DAG(s) dict_keys(['example_external_task_marker_parent', 'example_external_task_marker_child']) retrieved from /home/airflow/.local/lib/python3.7/site-packages/airflow/example_dags/example_external_task_marker_dag.py
[2023-01-19T20:38:56.071+0000] {logging_mixin.py:137} INFO - [2023-01-19T20:38:56.071+0000] {dag.py:2676} INFO - Sync 2 DAGs
[2023-01-19T20:38:56.109+0000] {logging_mixin.py:137} INFO - [2023-01-19T20:38:56.109+0000] {dag.py:3427} INFO - Setting next_dagrun for example_external_task_marker_child to None, run_after=None
[2023-01-19T20:38:56.114+0000] {logging_mixin.py:137} INFO - [2023-01-19T20:38:56.114+0000] {dag.py:3427} INFO - Setting next_dagrun for example_external_task_marker_parent to None, run_after=None
[2023-01-19T20:38:56.139+0000] {processor.py:175} INFO - Processing /home/airflow/.local/lib/python3.7/site-packages/airflow/example_dags/example_external_task_marker_dag.py took 0.145 seconds
[2023-01-19T20:39:26.170+0000] {processor.py:153} INFO - Started process (PID=1862) to work on /home/airflow/.local/lib/python3.7/site-packages/airflow/example_dags/example_external_task_marker_dag.py
[2023-01-19T20:39:26.172+0000] {processor.py:743} INFO - Processing file /home/airflow/.local/lib/python3.7/site-packages/airflow/example_dags/example_external_task_marker_dag.py for tasks to queue
[2023-01-19T20:39:26.173+0000] {logging_mixin.py:137} INFO - [2023-01-19T20:39:26.172+0000] {dagbag.py:538} INFO - Filling up the DagBag from /home/airflow/.local/lib/python3.7/site-packages/airflow/example_dags/example_external_task_marker_dag.py
[2023-01-19T20:39:26.191+0000] {processor.py:753} INFO - DAG(s) dict_keys(['example_external_task_marker_parent', 'example_external_task_marker_child']) retrieved from /home/airflow/.local/lib/python3.7/site-packages/airflow/example_dags/example_external_task_marker_dag.py
[2023-01-19T20:39:26.242+0000] {logging_mixin.py:137} INFO - [2023-01-19T20:39:26.242+0000] {dag.py:2676} INFO - Sync 2 DAGs
[2023-01-19T20:39:26.277+0000] {logging_mixin.py:137} INFO - [2023-01-19T20:39:26.277+0000] {dag.py:3427} INFO - Setting next_dagrun for example_external_task_marker_child to None, run_after=None
[2023-01-19T20:39:26.281+0000] {logging_mixin.py:137} INFO - [2023-01-19T20:39:26.281+0000] {dag.py:3427} INFO - Setting next_dagrun for example_external_task_marker_parent to None, run_after=None
[2023-01-19T20:39:26.308+0000] {processor.py:175} INFO - Processing /home/airflow/.local/lib/python3.7/site-packages/airflow/example_dags/example_external_task_marker_dag.py took 0.142 seconds
[2023-01-19T20:39:56.621+0000] {processor.py:153} INFO - Started process (PID=1934) to work on /home/airflow/.local/lib/python3.7/site-packages/airflow/example_dags/example_external_task_marker_dag.py
[2023-01-19T20:39:56.623+0000] {processor.py:743} INFO - Processing file /home/airflow/.local/lib/python3.7/site-packages/airflow/example_dags/example_external_task_marker_dag.py for tasks to queue
[2023-01-19T20:39:56.624+0000] {logging_mixin.py:137} INFO - [2023-01-19T20:39:56.623+0000] {dagbag.py:538} INFO - Filling up the DagBag from /home/airflow/.local/lib/python3.7/site-packages/airflow/example_dags/example_external_task_marker_dag.py
[2023-01-19T20:39:56.643+0000] {processor.py:753} INFO - DAG(s) dict_keys(['example_external_task_marker_child', 'example_external_task_marker_parent']) retrieved from /home/airflow/.local/lib/python3.7/site-packages/airflow/example_dags/example_external_task_marker_dag.py
[2023-01-19T20:39:56.697+0000] {logging_mixin.py:137} INFO - [2023-01-19T20:39:56.697+0000] {dag.py:2676} INFO - Sync 2 DAGs
[2023-01-19T20:39:56.733+0000] {logging_mixin.py:137} INFO - [2023-01-19T20:39:56.732+0000] {dag.py:3427} INFO - Setting next_dagrun for example_external_task_marker_child to None, run_after=None
[2023-01-19T20:39:56.737+0000] {logging_mixin.py:137} INFO - [2023-01-19T20:39:56.737+0000] {dag.py:3427} INFO - Setting next_dagrun for example_external_task_marker_parent to None, run_after=None
[2023-01-19T20:39:56.762+0000] {processor.py:175} INFO - Processing /home/airflow/.local/lib/python3.7/site-packages/airflow/example_dags/example_external_task_marker_dag.py took 0.145 seconds
[2023-01-19T20:40:27.186+0000] {processor.py:153} INFO - Started process (PID=2023) to work on /home/airflow/.local/lib/python3.7/site-packages/airflow/example_dags/example_external_task_marker_dag.py
[2023-01-19T20:40:27.188+0000] {processor.py:743} INFO - Processing file /home/airflow/.local/lib/python3.7/site-packages/airflow/example_dags/example_external_task_marker_dag.py for tasks to queue
[2023-01-19T20:40:27.189+0000] {logging_mixin.py:137} INFO - [2023-01-19T20:40:27.189+0000] {dagbag.py:538} INFO - Filling up the DagBag from /home/airflow/.local/lib/python3.7/site-packages/airflow/example_dags/example_external_task_marker_dag.py
[2023-01-19T20:40:27.216+0000] {processor.py:753} INFO - DAG(s) dict_keys(['example_external_task_marker_child', 'example_external_task_marker_parent']) retrieved from /home/airflow/.local/lib/python3.7/site-packages/airflow/example_dags/example_external_task_marker_dag.py
[2023-01-19T20:40:27.282+0000] {logging_mixin.py:137} INFO - [2023-01-19T20:40:27.282+0000] {dag.py:2676} INFO - Sync 2 DAGs
[2023-01-19T20:40:27.325+0000] {logging_mixin.py:137} INFO - [2023-01-19T20:40:27.325+0000] {dag.py:3427} INFO - Setting next_dagrun for example_external_task_marker_child to None, run_after=None
[2023-01-19T20:40:27.332+0000] {logging_mixin.py:137} INFO - [2023-01-19T20:40:27.331+0000] {dag.py:3427} INFO - Setting next_dagrun for example_external_task_marker_parent to None, run_after=None
[2023-01-19T20:40:27.355+0000] {processor.py:175} INFO - Processing /home/airflow/.local/lib/python3.7/site-packages/airflow/example_dags/example_external_task_marker_dag.py took 0.174 seconds
[2023-01-19T20:40:57.457+0000] {processor.py:153} INFO - Started process (PID=2095) to work on /home/airflow/.local/lib/python3.7/site-packages/airflow/example_dags/example_external_task_marker_dag.py
[2023-01-19T20:40:57.459+0000] {processor.py:743} INFO - Processing file /home/airflow/.local/lib/python3.7/site-packages/airflow/example_dags/example_external_task_marker_dag.py for tasks to queue
[2023-01-19T20:40:57.459+0000] {logging_mixin.py:137} INFO - [2023-01-19T20:40:57.459+0000] {dagbag.py:538} INFO - Filling up the DagBag from /home/airflow/.local/lib/python3.7/site-packages/airflow/example_dags/example_external_task_marker_dag.py
[2023-01-19T20:40:57.478+0000] {processor.py:753} INFO - DAG(s) dict_keys(['example_external_task_marker_parent', 'example_external_task_marker_child']) retrieved from /home/airflow/.local/lib/python3.7/site-packages/airflow/example_dags/example_external_task_marker_dag.py
[2023-01-19T20:40:57.543+0000] {logging_mixin.py:137} INFO - [2023-01-19T20:40:57.542+0000] {dag.py:2676} INFO - Sync 2 DAGs
[2023-01-19T20:40:57.581+0000] {logging_mixin.py:137} INFO - [2023-01-19T20:40:57.581+0000] {dag.py:3427} INFO - Setting next_dagrun for example_external_task_marker_child to None, run_after=None
[2023-01-19T20:40:57.586+0000] {logging_mixin.py:137} INFO - [2023-01-19T20:40:57.585+0000] {dag.py:3427} INFO - Setting next_dagrun for example_external_task_marker_parent to None, run_after=None
[2023-01-19T20:40:57.609+0000] {processor.py:175} INFO - Processing /home/airflow/.local/lib/python3.7/site-packages/airflow/example_dags/example_external_task_marker_dag.py took 0.157 seconds
[2023-01-19T20:41:27.642+0000] {processor.py:153} INFO - Started process (PID=2167) to work on /home/airflow/.local/lib/python3.7/site-packages/airflow/example_dags/example_external_task_marker_dag.py
[2023-01-19T20:41:27.644+0000] {processor.py:743} INFO - Processing file /home/airflow/.local/lib/python3.7/site-packages/airflow/example_dags/example_external_task_marker_dag.py for tasks to queue
[2023-01-19T20:41:27.644+0000] {logging_mixin.py:137} INFO - [2023-01-19T20:41:27.644+0000] {dagbag.py:538} INFO - Filling up the DagBag from /home/airflow/.local/lib/python3.7/site-packages/airflow/example_dags/example_external_task_marker_dag.py
[2023-01-19T20:41:27.662+0000] {processor.py:753} INFO - DAG(s) dict_keys(['example_external_task_marker_child', 'example_external_task_marker_parent']) retrieved from /home/airflow/.local/lib/python3.7/site-packages/airflow/example_dags/example_external_task_marker_dag.py
[2023-01-19T20:41:27.718+0000] {logging_mixin.py:137} INFO - [2023-01-19T20:41:27.718+0000] {dag.py:2676} INFO - Sync 2 DAGs
[2023-01-19T20:41:27.753+0000] {logging_mixin.py:137} INFO - [2023-01-19T20:41:27.753+0000] {dag.py:3427} INFO - Setting next_dagrun for example_external_task_marker_child to None, run_after=None
[2023-01-19T20:41:27.758+0000] {logging_mixin.py:137} INFO - [2023-01-19T20:41:27.758+0000] {dag.py:3427} INFO - Setting next_dagrun for example_external_task_marker_parent to None, run_after=None
[2023-01-19T20:41:27.784+0000] {processor.py:175} INFO - Processing /home/airflow/.local/lib/python3.7/site-packages/airflow/example_dags/example_external_task_marker_dag.py took 0.147 seconds
[2023-01-19T20:41:58.716+0000] {processor.py:153} INFO - Started process (PID=2255) to work on /home/airflow/.local/lib/python3.7/site-packages/airflow/example_dags/example_external_task_marker_dag.py
[2023-01-19T20:41:58.718+0000] {processor.py:743} INFO - Processing file /home/airflow/.local/lib/python3.7/site-packages/airflow/example_dags/example_external_task_marker_dag.py for tasks to queue
[2023-01-19T20:41:58.718+0000] {logging_mixin.py:137} INFO - [2023-01-19T20:41:58.718+0000] {dagbag.py:538} INFO - Filling up the DagBag from /home/airflow/.local/lib/python3.7/site-packages/airflow/example_dags/example_external_task_marker_dag.py
[2023-01-19T20:41:58.743+0000] {processor.py:753} INFO - DAG(s) dict_keys(['example_external_task_marker_parent', 'example_external_task_marker_child']) retrieved from /home/airflow/.local/lib/python3.7/site-packages/airflow/example_dags/example_external_task_marker_dag.py
[2023-01-19T20:41:58.800+0000] {logging_mixin.py:137} INFO - [2023-01-19T20:41:58.800+0000] {dag.py:2676} INFO - Sync 2 DAGs
[2023-01-19T20:41:58.843+0000] {logging_mixin.py:137} INFO - [2023-01-19T20:41:58.843+0000] {dag.py:3427} INFO - Setting next_dagrun for example_external_task_marker_child to None, run_after=None
[2023-01-19T20:41:58.848+0000] {logging_mixin.py:137} INFO - [2023-01-19T20:41:58.848+0000] {dag.py:3427} INFO - Setting next_dagrun for example_external_task_marker_parent to None, run_after=None
[2023-01-19T20:41:58.874+0000] {processor.py:175} INFO - Processing /home/airflow/.local/lib/python3.7/site-packages/airflow/example_dags/example_external_task_marker_dag.py took 0.162 seconds
[2023-01-19T20:42:29.275+0000] {processor.py:153} INFO - Started process (PID=2327) to work on /home/airflow/.local/lib/python3.7/site-packages/airflow/example_dags/example_external_task_marker_dag.py
[2023-01-19T20:42:29.276+0000] {processor.py:743} INFO - Processing file /home/airflow/.local/lib/python3.7/site-packages/airflow/example_dags/example_external_task_marker_dag.py for tasks to queue
[2023-01-19T20:42:29.277+0000] {logging_mixin.py:137} INFO - [2023-01-19T20:42:29.277+0000] {dagbag.py:538} INFO - Filling up the DagBag from /home/airflow/.local/lib/python3.7/site-packages/airflow/example_dags/example_external_task_marker_dag.py
[2023-01-19T20:42:29.296+0000] {processor.py:753} INFO - DAG(s) dict_keys(['example_external_task_marker_child', 'example_external_task_marker_parent']) retrieved from /home/airflow/.local/lib/python3.7/site-packages/airflow/example_dags/example_external_task_marker_dag.py
[2023-01-19T20:42:29.349+0000] {logging_mixin.py:137} INFO - [2023-01-19T20:42:29.348+0000] {dag.py:2676} INFO - Sync 2 DAGs
[2023-01-19T20:42:29.387+0000] {logging_mixin.py:137} INFO - [2023-01-19T20:42:29.387+0000] {dag.py:3427} INFO - Setting next_dagrun for example_external_task_marker_child to None, run_after=None
[2023-01-19T20:42:29.392+0000] {logging_mixin.py:137} INFO - [2023-01-19T20:42:29.392+0000] {dag.py:3427} INFO - Setting next_dagrun for example_external_task_marker_parent to None, run_after=None
[2023-01-19T20:42:29.419+0000] {processor.py:175} INFO - Processing /home/airflow/.local/lib/python3.7/site-packages/airflow/example_dags/example_external_task_marker_dag.py took 0.148 seconds
[2023-01-19T20:42:59.948+0000] {processor.py:153} INFO - Started process (PID=2399) to work on /home/airflow/.local/lib/python3.7/site-packages/airflow/example_dags/example_external_task_marker_dag.py
[2023-01-19T20:42:59.949+0000] {processor.py:743} INFO - Processing file /home/airflow/.local/lib/python3.7/site-packages/airflow/example_dags/example_external_task_marker_dag.py for tasks to queue
[2023-01-19T20:42:59.950+0000] {logging_mixin.py:137} INFO - [2023-01-19T20:42:59.950+0000] {dagbag.py:538} INFO - Filling up the DagBag from /home/airflow/.local/lib/python3.7/site-packages/airflow/example_dags/example_external_task_marker_dag.py
[2023-01-19T20:42:59.967+0000] {processor.py:753} INFO - DAG(s) dict_keys(['example_external_task_marker_child', 'example_external_task_marker_parent']) retrieved from /home/airflow/.local/lib/python3.7/site-packages/airflow/example_dags/example_external_task_marker_dag.py
[2023-01-19T20:43:00.030+0000] {logging_mixin.py:137} INFO - [2023-01-19T20:43:00.030+0000] {dag.py:2676} INFO - Sync 2 DAGs
[2023-01-19T20:43:00.063+0000] {logging_mixin.py:137} INFO - [2023-01-19T20:43:00.062+0000] {dag.py:3427} INFO - Setting next_dagrun for example_external_task_marker_child to None, run_after=None
[2023-01-19T20:43:00.067+0000] {logging_mixin.py:137} INFO - [2023-01-19T20:43:00.067+0000] {dag.py:3427} INFO - Setting next_dagrun for example_external_task_marker_parent to None, run_after=None
[2023-01-19T20:43:00.091+0000] {processor.py:175} INFO - Processing /home/airflow/.local/lib/python3.7/site-packages/airflow/example_dags/example_external_task_marker_dag.py took 0.147 seconds
[2023-01-19T20:43:30.412+0000] {processor.py:153} INFO - Started process (PID=2472) to work on /home/airflow/.local/lib/python3.7/site-packages/airflow/example_dags/example_external_task_marker_dag.py
[2023-01-19T20:43:30.413+0000] {processor.py:743} INFO - Processing file /home/airflow/.local/lib/python3.7/site-packages/airflow/example_dags/example_external_task_marker_dag.py for tasks to queue
[2023-01-19T20:43:30.414+0000] {logging_mixin.py:137} INFO - [2023-01-19T20:43:30.414+0000] {dagbag.py:538} INFO - Filling up the DagBag from /home/airflow/.local/lib/python3.7/site-packages/airflow/example_dags/example_external_task_marker_dag.py
[2023-01-19T20:43:30.434+0000] {processor.py:753} INFO - DAG(s) dict_keys(['example_external_task_marker_child', 'example_external_task_marker_parent']) retrieved from /home/airflow/.local/lib/python3.7/site-packages/airflow/example_dags/example_external_task_marker_dag.py
[2023-01-19T20:43:30.496+0000] {logging_mixin.py:137} INFO - [2023-01-19T20:43:30.495+0000] {dag.py:2676} INFO - Sync 2 DAGs
[2023-01-19T20:43:30.534+0000] {logging_mixin.py:137} INFO - [2023-01-19T20:43:30.533+0000] {dag.py:3427} INFO - Setting next_dagrun for example_external_task_marker_child to None, run_after=None
[2023-01-19T20:43:30.539+0000] {logging_mixin.py:137} INFO - [2023-01-19T20:43:30.538+0000] {dag.py:3427} INFO - Setting next_dagrun for example_external_task_marker_parent to None, run_after=None
[2023-01-19T20:43:30.563+0000] {processor.py:175} INFO - Processing /home/airflow/.local/lib/python3.7/site-packages/airflow/example_dags/example_external_task_marker_dag.py took 0.156 seconds
[2023-01-19T20:44:01.071+0000] {processor.py:153} INFO - Started process (PID=2562) to work on /home/airflow/.local/lib/python3.7/site-packages/airflow/example_dags/example_external_task_marker_dag.py
[2023-01-19T20:44:01.073+0000] {processor.py:743} INFO - Processing file /home/airflow/.local/lib/python3.7/site-packages/airflow/example_dags/example_external_task_marker_dag.py for tasks to queue
[2023-01-19T20:44:01.074+0000] {logging_mixin.py:137} INFO - [2023-01-19T20:44:01.073+0000] {dagbag.py:538} INFO - Filling up the DagBag from /home/airflow/.local/lib/python3.7/site-packages/airflow/example_dags/example_external_task_marker_dag.py
[2023-01-19T20:44:01.091+0000] {processor.py:753} INFO - DAG(s) dict_keys(['example_external_task_marker_child', 'example_external_task_marker_parent']) retrieved from /home/airflow/.local/lib/python3.7/site-packages/airflow/example_dags/example_external_task_marker_dag.py
[2023-01-19T20:44:01.143+0000] {logging_mixin.py:137} INFO - [2023-01-19T20:44:01.143+0000] {dag.py:2676} INFO - Sync 2 DAGs
[2023-01-19T20:44:01.177+0000] {logging_mixin.py:137} INFO - [2023-01-19T20:44:01.177+0000] {dag.py:3427} INFO - Setting next_dagrun for example_external_task_marker_child to None, run_after=None
[2023-01-19T20:44:01.181+0000] {logging_mixin.py:137} INFO - [2023-01-19T20:44:01.181+0000] {dag.py:3427} INFO - Setting next_dagrun for example_external_task_marker_parent to None, run_after=None
[2023-01-19T20:44:01.206+0000] {processor.py:175} INFO - Processing /home/airflow/.local/lib/python3.7/site-packages/airflow/example_dags/example_external_task_marker_dag.py took 0.139 seconds
[2023-01-19T20:44:31.641+0000] {processor.py:153} INFO - Started process (PID=2633) to work on /home/airflow/.local/lib/python3.7/site-packages/airflow/example_dags/example_external_task_marker_dag.py
[2023-01-19T20:44:31.642+0000] {processor.py:743} INFO - Processing file /home/airflow/.local/lib/python3.7/site-packages/airflow/example_dags/example_external_task_marker_dag.py for tasks to queue
[2023-01-19T20:44:31.643+0000] {logging_mixin.py:137} INFO - [2023-01-19T20:44:31.643+0000] {dagbag.py:538} INFO - Filling up the DagBag from /home/airflow/.local/lib/python3.7/site-packages/airflow/example_dags/example_external_task_marker_dag.py
[2023-01-19T20:44:31.661+0000] {processor.py:753} INFO - DAG(s) dict_keys(['example_external_task_marker_child', 'example_external_task_marker_parent']) retrieved from /home/airflow/.local/lib/python3.7/site-packages/airflow/example_dags/example_external_task_marker_dag.py
[2023-01-19T20:44:31.718+0000] {logging_mixin.py:137} INFO - [2023-01-19T20:44:31.717+0000] {dag.py:2676} INFO - Sync 2 DAGs
[2023-01-19T20:44:31.756+0000] {logging_mixin.py:137} INFO - [2023-01-19T20:44:31.756+0000] {dag.py:3427} INFO - Setting next_dagrun for example_external_task_marker_child to None, run_after=None
[2023-01-19T20:44:31.761+0000] {logging_mixin.py:137} INFO - [2023-01-19T20:44:31.761+0000] {dag.py:3427} INFO - Setting next_dagrun for example_external_task_marker_parent to None, run_after=None
[2023-01-19T20:44:31.787+0000] {processor.py:175} INFO - Processing /home/airflow/.local/lib/python3.7/site-packages/airflow/example_dags/example_external_task_marker_dag.py took 0.150 seconds
[2023-01-19T20:45:02.072+0000] {processor.py:153} INFO - Started process (PID=2706) to work on /home/airflow/.local/lib/python3.7/site-packages/airflow/example_dags/example_external_task_marker_dag.py
[2023-01-19T20:45:02.073+0000] {processor.py:743} INFO - Processing file /home/airflow/.local/lib/python3.7/site-packages/airflow/example_dags/example_external_task_marker_dag.py for tasks to queue
[2023-01-19T20:45:02.074+0000] {logging_mixin.py:137} INFO - [2023-01-19T20:45:02.073+0000] {dagbag.py:538} INFO - Filling up the DagBag from /home/airflow/.local/lib/python3.7/site-packages/airflow/example_dags/example_external_task_marker_dag.py
[2023-01-19T20:45:02.093+0000] {processor.py:753} INFO - DAG(s) dict_keys(['example_external_task_marker_parent', 'example_external_task_marker_child']) retrieved from /home/airflow/.local/lib/python3.7/site-packages/airflow/example_dags/example_external_task_marker_dag.py
[2023-01-19T20:45:02.146+0000] {logging_mixin.py:137} INFO - [2023-01-19T20:45:02.146+0000] {dag.py:2676} INFO - Sync 2 DAGs
[2023-01-19T20:45:02.181+0000] {logging_mixin.py:137} INFO - [2023-01-19T20:45:02.181+0000] {dag.py:3427} INFO - Setting next_dagrun for example_external_task_marker_child to None, run_after=None
[2023-01-19T20:45:02.186+0000] {logging_mixin.py:137} INFO - [2023-01-19T20:45:02.186+0000] {dag.py:3427} INFO - Setting next_dagrun for example_external_task_marker_parent to None, run_after=None
[2023-01-19T20:45:02.212+0000] {processor.py:175} INFO - Processing /home/airflow/.local/lib/python3.7/site-packages/airflow/example_dags/example_external_task_marker_dag.py took 0.144 seconds
[2023-01-19T20:45:32.680+0000] {processor.py:153} INFO - Started process (PID=2794) to work on /home/airflow/.local/lib/python3.7/site-packages/airflow/example_dags/example_external_task_marker_dag.py
[2023-01-19T20:45:32.681+0000] {processor.py:743} INFO - Processing file /home/airflow/.local/lib/python3.7/site-packages/airflow/example_dags/example_external_task_marker_dag.py for tasks to queue
[2023-01-19T20:45:32.682+0000] {logging_mixin.py:137} INFO - [2023-01-19T20:45:32.682+0000] {dagbag.py:538} INFO - Filling up the DagBag from /home/airflow/.local/lib/python3.7/site-packages/airflow/example_dags/example_external_task_marker_dag.py
[2023-01-19T20:45:32.699+0000] {processor.py:753} INFO - DAG(s) dict_keys(['example_external_task_marker_child', 'example_external_task_marker_parent']) retrieved from /home/airflow/.local/lib/python3.7/site-packages/airflow/example_dags/example_external_task_marker_dag.py
[2023-01-19T20:45:32.751+0000] {logging_mixin.py:137} INFO - [2023-01-19T20:45:32.751+0000] {dag.py:2676} INFO - Sync 2 DAGs
[2023-01-19T20:45:32.781+0000] {logging_mixin.py:137} INFO - [2023-01-19T20:45:32.781+0000] {dag.py:3427} INFO - Setting next_dagrun for example_external_task_marker_child to None, run_after=None
[2023-01-19T20:45:32.785+0000] {logging_mixin.py:137} INFO - [2023-01-19T20:45:32.785+0000] {dag.py:3427} INFO - Setting next_dagrun for example_external_task_marker_parent to None, run_after=None
[2023-01-19T20:45:32.806+0000] {processor.py:175} INFO - Processing /home/airflow/.local/lib/python3.7/site-packages/airflow/example_dags/example_external_task_marker_dag.py took 0.131 seconds
[2023-01-19T20:46:03.268+0000] {processor.py:153} INFO - Started process (PID=2866) to work on /home/airflow/.local/lib/python3.7/site-packages/airflow/example_dags/example_external_task_marker_dag.py
[2023-01-19T20:46:03.269+0000] {processor.py:743} INFO - Processing file /home/airflow/.local/lib/python3.7/site-packages/airflow/example_dags/example_external_task_marker_dag.py for tasks to queue
[2023-01-19T20:46:03.270+0000] {logging_mixin.py:137} INFO - [2023-01-19T20:46:03.270+0000] {dagbag.py:538} INFO - Filling up the DagBag from /home/airflow/.local/lib/python3.7/site-packages/airflow/example_dags/example_external_task_marker_dag.py
[2023-01-19T20:46:03.287+0000] {processor.py:753} INFO - DAG(s) dict_keys(['example_external_task_marker_parent', 'example_external_task_marker_child']) retrieved from /home/airflow/.local/lib/python3.7/site-packages/airflow/example_dags/example_external_task_marker_dag.py
[2023-01-19T20:46:03.336+0000] {logging_mixin.py:137} INFO - [2023-01-19T20:46:03.336+0000] {dag.py:2676} INFO - Sync 2 DAGs
[2023-01-19T20:46:03.370+0000] {logging_mixin.py:137} INFO - [2023-01-19T20:46:03.369+0000] {dag.py:3427} INFO - Setting next_dagrun for example_external_task_marker_child to None, run_after=None
[2023-01-19T20:46:03.374+0000] {logging_mixin.py:137} INFO - [2023-01-19T20:46:03.374+0000] {dag.py:3427} INFO - Setting next_dagrun for example_external_task_marker_parent to None, run_after=None
[2023-01-19T20:46:03.398+0000] {processor.py:175} INFO - Processing /home/airflow/.local/lib/python3.7/site-packages/airflow/example_dags/example_external_task_marker_dag.py took 0.134 seconds
[2023-01-19T20:46:33.798+0000] {processor.py:153} INFO - Started process (PID=2938) to work on /home/airflow/.local/lib/python3.7/site-packages/airflow/example_dags/example_external_task_marker_dag.py
[2023-01-19T20:46:33.800+0000] {processor.py:743} INFO - Processing file /home/airflow/.local/lib/python3.7/site-packages/airflow/example_dags/example_external_task_marker_dag.py for tasks to queue
[2023-01-19T20:46:33.801+0000] {logging_mixin.py:137} INFO - [2023-01-19T20:46:33.800+0000] {dagbag.py:538} INFO - Filling up the DagBag from /home/airflow/.local/lib/python3.7/site-packages/airflow/example_dags/example_external_task_marker_dag.py
[2023-01-19T20:46:33.820+0000] {processor.py:753} INFO - DAG(s) dict_keys(['example_external_task_marker_child', 'example_external_task_marker_parent']) retrieved from /home/airflow/.local/lib/python3.7/site-packages/airflow/example_dags/example_external_task_marker_dag.py
[2023-01-19T20:46:33.880+0000] {logging_mixin.py:137} INFO - [2023-01-19T20:46:33.880+0000] {dag.py:2676} INFO - Sync 2 DAGs
[2023-01-19T20:46:33.925+0000] {logging_mixin.py:137} INFO - [2023-01-19T20:46:33.925+0000] {dag.py:3427} INFO - Setting next_dagrun for example_external_task_marker_child to None, run_after=None
[2023-01-19T20:46:33.932+0000] {logging_mixin.py:137} INFO - [2023-01-19T20:46:33.932+0000] {dag.py:3427} INFO - Setting next_dagrun for example_external_task_marker_parent to None, run_after=None
[2023-01-19T20:46:33.963+0000] {processor.py:175} INFO - Processing /home/airflow/.local/lib/python3.7/site-packages/airflow/example_dags/example_external_task_marker_dag.py took 0.168 seconds
[2023-01-19T20:47:04.385+0000] {processor.py:153} INFO - Started process (PID=3019) to work on /home/airflow/.local/lib/python3.7/site-packages/airflow/example_dags/example_external_task_marker_dag.py
[2023-01-19T20:47:04.387+0000] {processor.py:743} INFO - Processing file /home/airflow/.local/lib/python3.7/site-packages/airflow/example_dags/example_external_task_marker_dag.py for tasks to queue
[2023-01-19T20:47:04.388+0000] {logging_mixin.py:137} INFO - [2023-01-19T20:47:04.388+0000] {dagbag.py:538} INFO - Filling up the DagBag from /home/airflow/.local/lib/python3.7/site-packages/airflow/example_dags/example_external_task_marker_dag.py
[2023-01-19T20:47:04.416+0000] {processor.py:753} INFO - DAG(s) dict_keys(['example_external_task_marker_parent', 'example_external_task_marker_child']) retrieved from /home/airflow/.local/lib/python3.7/site-packages/airflow/example_dags/example_external_task_marker_dag.py
[2023-01-19T20:47:04.495+0000] {logging_mixin.py:137} INFO - [2023-01-19T20:47:04.495+0000] {dag.py:2676} INFO - Sync 2 DAGs
[2023-01-19T20:47:04.548+0000] {logging_mixin.py:137} INFO - [2023-01-19T20:47:04.548+0000] {dag.py:3427} INFO - Setting next_dagrun for example_external_task_marker_child to None, run_after=None
[2023-01-19T20:47:04.554+0000] {logging_mixin.py:137} INFO - [2023-01-19T20:47:04.554+0000] {dag.py:3427} INFO - Setting next_dagrun for example_external_task_marker_parent to None, run_after=None
[2023-01-19T20:47:04.586+0000] {processor.py:175} INFO - Processing /home/airflow/.local/lib/python3.7/site-packages/airflow/example_dags/example_external_task_marker_dag.py took 0.207 seconds
