[2023-01-19T20:21:30.952+0000] {processor.py:153} INFO - Started process (PID=78) to work on /home/airflow/.local/lib/python3.7/site-packages/airflow/example_dags/example_branch_operator.py
[2023-01-19T20:21:30.954+0000] {processor.py:743} INFO - Processing file /home/airflow/.local/lib/python3.7/site-packages/airflow/example_dags/example_branch_operator.py for tasks to queue
[2023-01-19T20:21:30.956+0000] {logging_mixin.py:137} INFO - [2023-01-19T20:21:30.955+0000] {dagbag.py:538} INFO - Filling up the DagBag from /home/airflow/.local/lib/python3.7/site-packages/airflow/example_dags/example_branch_operator.py
[2023-01-19T20:21:30.986+0000] {processor.py:753} INFO - DAG(s) dict_keys(['example_branch_operator']) retrieved from /home/airflow/.local/lib/python3.7/site-packages/airflow/example_dags/example_branch_operator.py
[2023-01-19T20:21:31.046+0000] {logging_mixin.py:137} INFO - [2023-01-19T20:21:31.046+0000] {dag.py:2676} INFO - Sync 1 DAGs
[2023-01-19T20:21:31.086+0000] {logging_mixin.py:137} INFO - [2023-01-19T20:21:31.086+0000] {dag.py:3427} INFO - Setting next_dagrun for example_branch_operator to 2023-01-18T00:00:00+00:00, run_after=2023-01-19T00:00:00+00:00
[2023-01-19T20:21:31.116+0000] {processor.py:175} INFO - Processing /home/airflow/.local/lib/python3.7/site-packages/airflow/example_dags/example_branch_operator.py took 0.172 seconds
[2023-01-19T20:22:48.734+0000] {processor.py:153} INFO - Started process (PID=78) to work on /home/airflow/.local/lib/python3.7/site-packages/airflow/example_dags/example_branch_operator.py
[2023-01-19T20:22:48.736+0000] {processor.py:743} INFO - Processing file /home/airflow/.local/lib/python3.7/site-packages/airflow/example_dags/example_branch_operator.py for tasks to queue
[2023-01-19T20:22:48.737+0000] {logging_mixin.py:137} INFO - [2023-01-19T20:22:48.737+0000] {dagbag.py:538} INFO - Filling up the DagBag from /home/airflow/.local/lib/python3.7/site-packages/airflow/example_dags/example_branch_operator.py
[2023-01-19T20:22:48.769+0000] {processor.py:753} INFO - DAG(s) dict_keys(['example_branch_operator']) retrieved from /home/airflow/.local/lib/python3.7/site-packages/airflow/example_dags/example_branch_operator.py
[2023-01-19T20:22:48.838+0000] {logging_mixin.py:137} INFO - [2023-01-19T20:22:48.838+0000] {dag.py:2676} INFO - Sync 1 DAGs
[2023-01-19T20:22:48.897+0000] {logging_mixin.py:137} INFO - [2023-01-19T20:22:48.897+0000] {dag.py:3427} INFO - Setting next_dagrun for example_branch_operator to 2023-01-18T00:00:00+00:00, run_after=2023-01-19T00:00:00+00:00
[2023-01-19T20:22:48.939+0000] {processor.py:175} INFO - Processing /home/airflow/.local/lib/python3.7/site-packages/airflow/example_dags/example_branch_operator.py took 0.210 seconds
[2023-01-19T20:23:19.593+0000] {processor.py:153} INFO - Started process (PID=150) to work on /home/airflow/.local/lib/python3.7/site-packages/airflow/example_dags/example_branch_operator.py
[2023-01-19T20:23:19.595+0000] {processor.py:743} INFO - Processing file /home/airflow/.local/lib/python3.7/site-packages/airflow/example_dags/example_branch_operator.py for tasks to queue
[2023-01-19T20:23:19.596+0000] {logging_mixin.py:137} INFO - [2023-01-19T20:23:19.595+0000] {dagbag.py:538} INFO - Filling up the DagBag from /home/airflow/.local/lib/python3.7/site-packages/airflow/example_dags/example_branch_operator.py
[2023-01-19T20:23:19.620+0000] {processor.py:753} INFO - DAG(s) dict_keys(['example_branch_operator']) retrieved from /home/airflow/.local/lib/python3.7/site-packages/airflow/example_dags/example_branch_operator.py
[2023-01-19T20:23:19.681+0000] {logging_mixin.py:137} INFO - [2023-01-19T20:23:19.681+0000] {dag.py:2676} INFO - Sync 1 DAGs
[2023-01-19T20:23:19.736+0000] {logging_mixin.py:137} INFO - [2023-01-19T20:23:19.736+0000] {dag.py:3427} INFO - Setting next_dagrun for example_branch_operator to 2023-01-18T00:00:00+00:00, run_after=2023-01-19T00:00:00+00:00
[2023-01-19T20:23:19.774+0000] {processor.py:175} INFO - Processing /home/airflow/.local/lib/python3.7/site-packages/airflow/example_dags/example_branch_operator.py took 0.186 seconds
[2023-01-19T20:23:49.883+0000] {processor.py:153} INFO - Started process (PID=222) to work on /home/airflow/.local/lib/python3.7/site-packages/airflow/example_dags/example_branch_operator.py
[2023-01-19T20:23:49.885+0000] {processor.py:743} INFO - Processing file /home/airflow/.local/lib/python3.7/site-packages/airflow/example_dags/example_branch_operator.py for tasks to queue
[2023-01-19T20:23:49.886+0000] {logging_mixin.py:137} INFO - [2023-01-19T20:23:49.886+0000] {dagbag.py:538} INFO - Filling up the DagBag from /home/airflow/.local/lib/python3.7/site-packages/airflow/example_dags/example_branch_operator.py
[2023-01-19T20:23:49.907+0000] {processor.py:753} INFO - DAG(s) dict_keys(['example_branch_operator']) retrieved from /home/airflow/.local/lib/python3.7/site-packages/airflow/example_dags/example_branch_operator.py
[2023-01-19T20:23:49.956+0000] {logging_mixin.py:137} INFO - [2023-01-19T20:23:49.956+0000] {dag.py:2676} INFO - Sync 1 DAGs
[2023-01-19T20:23:49.992+0000] {logging_mixin.py:137} INFO - [2023-01-19T20:23:49.992+0000] {dag.py:3427} INFO - Setting next_dagrun for example_branch_operator to 2023-01-18T00:00:00+00:00, run_after=2023-01-19T00:00:00+00:00
[2023-01-19T20:23:50.020+0000] {processor.py:175} INFO - Processing /home/airflow/.local/lib/python3.7/site-packages/airflow/example_dags/example_branch_operator.py took 0.140 seconds
[2023-01-19T20:24:20.255+0000] {processor.py:153} INFO - Started process (PID=304) to work on /home/airflow/.local/lib/python3.7/site-packages/airflow/example_dags/example_branch_operator.py
[2023-01-19T20:24:20.256+0000] {processor.py:743} INFO - Processing file /home/airflow/.local/lib/python3.7/site-packages/airflow/example_dags/example_branch_operator.py for tasks to queue
[2023-01-19T20:24:20.258+0000] {logging_mixin.py:137} INFO - [2023-01-19T20:24:20.257+0000] {dagbag.py:538} INFO - Filling up the DagBag from /home/airflow/.local/lib/python3.7/site-packages/airflow/example_dags/example_branch_operator.py
[2023-01-19T20:24:20.283+0000] {processor.py:753} INFO - DAG(s) dict_keys(['example_branch_operator']) retrieved from /home/airflow/.local/lib/python3.7/site-packages/airflow/example_dags/example_branch_operator.py
[2023-01-19T20:24:20.339+0000] {logging_mixin.py:137} INFO - [2023-01-19T20:24:20.338+0000] {dag.py:2676} INFO - Sync 1 DAGs
[2023-01-19T20:24:20.384+0000] {logging_mixin.py:137} INFO - [2023-01-19T20:24:20.384+0000] {dag.py:3427} INFO - Setting next_dagrun for example_branch_operator to 2023-01-18T00:00:00+00:00, run_after=2023-01-19T00:00:00+00:00
[2023-01-19T20:24:20.416+0000] {processor.py:175} INFO - Processing /home/airflow/.local/lib/python3.7/site-packages/airflow/example_dags/example_branch_operator.py took 0.165 seconds
[2023-01-19T20:24:50.698+0000] {processor.py:153} INFO - Started process (PID=383) to work on /home/airflow/.local/lib/python3.7/site-packages/airflow/example_dags/example_branch_operator.py
[2023-01-19T20:24:50.699+0000] {processor.py:743} INFO - Processing file /home/airflow/.local/lib/python3.7/site-packages/airflow/example_dags/example_branch_operator.py for tasks to queue
[2023-01-19T20:24:50.701+0000] {logging_mixin.py:137} INFO - [2023-01-19T20:24:50.700+0000] {dagbag.py:538} INFO - Filling up the DagBag from /home/airflow/.local/lib/python3.7/site-packages/airflow/example_dags/example_branch_operator.py
[2023-01-19T20:24:50.731+0000] {processor.py:753} INFO - DAG(s) dict_keys(['example_branch_operator']) retrieved from /home/airflow/.local/lib/python3.7/site-packages/airflow/example_dags/example_branch_operator.py
[2023-01-19T20:24:50.794+0000] {logging_mixin.py:137} INFO - [2023-01-19T20:24:50.794+0000] {dag.py:2676} INFO - Sync 1 DAGs
[2023-01-19T20:24:50.836+0000] {logging_mixin.py:137} INFO - [2023-01-19T20:24:50.836+0000] {dag.py:3427} INFO - Setting next_dagrun for example_branch_operator to 2023-01-18T00:00:00+00:00, run_after=2023-01-19T00:00:00+00:00
[2023-01-19T20:24:50.865+0000] {processor.py:175} INFO - Processing /home/airflow/.local/lib/python3.7/site-packages/airflow/example_dags/example_branch_operator.py took 0.171 seconds
[2023-01-19T20:25:21.004+0000] {processor.py:153} INFO - Started process (PID=455) to work on /home/airflow/.local/lib/python3.7/site-packages/airflow/example_dags/example_branch_operator.py
[2023-01-19T20:25:21.005+0000] {processor.py:743} INFO - Processing file /home/airflow/.local/lib/python3.7/site-packages/airflow/example_dags/example_branch_operator.py for tasks to queue
[2023-01-19T20:25:21.006+0000] {logging_mixin.py:137} INFO - [2023-01-19T20:25:21.006+0000] {dagbag.py:538} INFO - Filling up the DagBag from /home/airflow/.local/lib/python3.7/site-packages/airflow/example_dags/example_branch_operator.py
[2023-01-19T20:25:21.030+0000] {processor.py:753} INFO - DAG(s) dict_keys(['example_branch_operator']) retrieved from /home/airflow/.local/lib/python3.7/site-packages/airflow/example_dags/example_branch_operator.py
[2023-01-19T20:25:21.086+0000] {logging_mixin.py:137} INFO - [2023-01-19T20:25:21.086+0000] {dag.py:2676} INFO - Sync 1 DAGs
[2023-01-19T20:25:21.133+0000] {logging_mixin.py:137} INFO - [2023-01-19T20:25:21.133+0000] {dag.py:3427} INFO - Setting next_dagrun for example_branch_operator to 2023-01-18T00:00:00+00:00, run_after=2023-01-19T00:00:00+00:00
[2023-01-19T20:25:21.164+0000] {processor.py:175} INFO - Processing /home/airflow/.local/lib/python3.7/site-packages/airflow/example_dags/example_branch_operator.py took 0.164 seconds
[2023-01-19T20:25:51.378+0000] {processor.py:153} INFO - Started process (PID=527) to work on /home/airflow/.local/lib/python3.7/site-packages/airflow/example_dags/example_branch_operator.py
[2023-01-19T20:25:51.379+0000] {processor.py:743} INFO - Processing file /home/airflow/.local/lib/python3.7/site-packages/airflow/example_dags/example_branch_operator.py for tasks to queue
[2023-01-19T20:25:51.382+0000] {logging_mixin.py:137} INFO - [2023-01-19T20:25:51.381+0000] {dagbag.py:538} INFO - Filling up the DagBag from /home/airflow/.local/lib/python3.7/site-packages/airflow/example_dags/example_branch_operator.py
[2023-01-19T20:25:51.413+0000] {processor.py:753} INFO - DAG(s) dict_keys(['example_branch_operator']) retrieved from /home/airflow/.local/lib/python3.7/site-packages/airflow/example_dags/example_branch_operator.py
[2023-01-19T20:25:51.452+0000] {logging_mixin.py:137} INFO - [2023-01-19T20:25:51.452+0000] {dag.py:2676} INFO - Sync 1 DAGs
[2023-01-19T20:25:51.494+0000] {logging_mixin.py:137} INFO - [2023-01-19T20:25:51.494+0000] {dag.py:3427} INFO - Setting next_dagrun for example_branch_operator to 2023-01-18T00:00:00+00:00, run_after=2023-01-19T00:00:00+00:00
[2023-01-19T20:25:51.521+0000] {processor.py:175} INFO - Processing /home/airflow/.local/lib/python3.7/site-packages/airflow/example_dags/example_branch_operator.py took 0.146 seconds
[2023-01-19T20:27:39.322+0000] {processor.py:153} INFO - Started process (PID=78) to work on /home/airflow/.local/lib/python3.7/site-packages/airflow/example_dags/example_branch_operator.py
[2023-01-19T20:27:39.323+0000] {processor.py:743} INFO - Processing file /home/airflow/.local/lib/python3.7/site-packages/airflow/example_dags/example_branch_operator.py for tasks to queue
[2023-01-19T20:27:39.324+0000] {logging_mixin.py:137} INFO - [2023-01-19T20:27:39.324+0000] {dagbag.py:538} INFO - Filling up the DagBag from /home/airflow/.local/lib/python3.7/site-packages/airflow/example_dags/example_branch_operator.py
[2023-01-19T20:27:39.355+0000] {processor.py:753} INFO - DAG(s) dict_keys(['example_branch_operator']) retrieved from /home/airflow/.local/lib/python3.7/site-packages/airflow/example_dags/example_branch_operator.py
[2023-01-19T20:27:39.550+0000] {logging_mixin.py:137} INFO - [2023-01-19T20:27:39.549+0000] {manager.py:504} INFO - Created Permission View: can delete on DAG:example_branch_operator
[2023-01-19T20:27:39.564+0000] {logging_mixin.py:137} INFO - [2023-01-19T20:27:39.564+0000] {manager.py:504} INFO - Created Permission View: can edit on DAG:example_branch_operator
[2023-01-19T20:27:39.576+0000] {logging_mixin.py:137} INFO - [2023-01-19T20:27:39.575+0000] {manager.py:504} INFO - Created Permission View: can read on DAG:example_branch_operator
[2023-01-19T20:27:39.576+0000] {logging_mixin.py:137} INFO - [2023-01-19T20:27:39.576+0000] {dag.py:2676} INFO - Sync 1 DAGs
[2023-01-19T20:27:39.597+0000] {logging_mixin.py:137} INFO - [2023-01-19T20:27:39.597+0000] {dag.py:2697} INFO - Creating ORM DAG for example_branch_operator
[2023-01-19T20:27:39.617+0000] {logging_mixin.py:137} INFO - [2023-01-19T20:27:39.617+0000] {dag.py:3427} INFO - Setting next_dagrun for example_branch_operator to 2023-01-18T00:00:00+00:00, run_after=2023-01-19T00:00:00+00:00
[2023-01-19T20:27:39.648+0000] {processor.py:175} INFO - Processing /home/airflow/.local/lib/python3.7/site-packages/airflow/example_dags/example_branch_operator.py took 0.334 seconds
[2023-01-19T20:28:10.243+0000] {processor.py:153} INFO - Started process (PID=150) to work on /home/airflow/.local/lib/python3.7/site-packages/airflow/example_dags/example_branch_operator.py
[2023-01-19T20:28:10.244+0000] {processor.py:743} INFO - Processing file /home/airflow/.local/lib/python3.7/site-packages/airflow/example_dags/example_branch_operator.py for tasks to queue
[2023-01-19T20:28:10.245+0000] {logging_mixin.py:137} INFO - [2023-01-19T20:28:10.244+0000] {dagbag.py:538} INFO - Filling up the DagBag from /home/airflow/.local/lib/python3.7/site-packages/airflow/example_dags/example_branch_operator.py
[2023-01-19T20:28:10.276+0000] {processor.py:753} INFO - DAG(s) dict_keys(['example_branch_operator']) retrieved from /home/airflow/.local/lib/python3.7/site-packages/airflow/example_dags/example_branch_operator.py
[2023-01-19T20:28:10.337+0000] {logging_mixin.py:137} INFO - [2023-01-19T20:28:10.337+0000] {dag.py:2676} INFO - Sync 1 DAGs
[2023-01-19T20:28:10.376+0000] {logging_mixin.py:137} INFO - [2023-01-19T20:28:10.376+0000] {dag.py:3427} INFO - Setting next_dagrun for example_branch_operator to 2023-01-18T00:00:00+00:00, run_after=2023-01-19T00:00:00+00:00
[2023-01-19T20:28:10.403+0000] {processor.py:175} INFO - Processing /home/airflow/.local/lib/python3.7/site-packages/airflow/example_dags/example_branch_operator.py took 0.164 seconds
[2023-01-19T20:28:41.610+0000] {processor.py:153} INFO - Started process (PID=238) to work on /home/airflow/.local/lib/python3.7/site-packages/airflow/example_dags/example_branch_operator.py
[2023-01-19T20:28:41.612+0000] {processor.py:743} INFO - Processing file /home/airflow/.local/lib/python3.7/site-packages/airflow/example_dags/example_branch_operator.py for tasks to queue
[2023-01-19T20:28:41.614+0000] {logging_mixin.py:137} INFO - [2023-01-19T20:28:41.613+0000] {dagbag.py:538} INFO - Filling up the DagBag from /home/airflow/.local/lib/python3.7/site-packages/airflow/example_dags/example_branch_operator.py
[2023-01-19T20:28:41.647+0000] {processor.py:753} INFO - DAG(s) dict_keys(['example_branch_operator']) retrieved from /home/airflow/.local/lib/python3.7/site-packages/airflow/example_dags/example_branch_operator.py
[2023-01-19T20:28:41.708+0000] {logging_mixin.py:137} INFO - [2023-01-19T20:28:41.707+0000] {dag.py:2676} INFO - Sync 1 DAGs
[2023-01-19T20:28:41.756+0000] {logging_mixin.py:137} INFO - [2023-01-19T20:28:41.756+0000] {dag.py:3427} INFO - Setting next_dagrun for example_branch_operator to 2023-01-18T00:00:00+00:00, run_after=2023-01-19T00:00:00+00:00
[2023-01-19T20:28:41.788+0000] {processor.py:175} INFO - Processing /home/airflow/.local/lib/python3.7/site-packages/airflow/example_dags/example_branch_operator.py took 0.184 seconds
[2023-01-19T20:29:12.103+0000] {processor.py:153} INFO - Started process (PID=311) to work on /home/airflow/.local/lib/python3.7/site-packages/airflow/example_dags/example_branch_operator.py
[2023-01-19T20:29:12.104+0000] {processor.py:743} INFO - Processing file /home/airflow/.local/lib/python3.7/site-packages/airflow/example_dags/example_branch_operator.py for tasks to queue
[2023-01-19T20:29:12.106+0000] {logging_mixin.py:137} INFO - [2023-01-19T20:29:12.105+0000] {dagbag.py:538} INFO - Filling up the DagBag from /home/airflow/.local/lib/python3.7/site-packages/airflow/example_dags/example_branch_operator.py
[2023-01-19T20:29:12.134+0000] {processor.py:753} INFO - DAG(s) dict_keys(['example_branch_operator']) retrieved from /home/airflow/.local/lib/python3.7/site-packages/airflow/example_dags/example_branch_operator.py
[2023-01-19T20:29:12.192+0000] {logging_mixin.py:137} INFO - [2023-01-19T20:29:12.192+0000] {dag.py:2676} INFO - Sync 1 DAGs
[2023-01-19T20:29:12.241+0000] {logging_mixin.py:137} INFO - [2023-01-19T20:29:12.241+0000] {dag.py:3427} INFO - Setting next_dagrun for example_branch_operator to 2023-01-18T00:00:00+00:00, run_after=2023-01-19T00:00:00+00:00
[2023-01-19T20:29:12.269+0000] {processor.py:175} INFO - Processing /home/airflow/.local/lib/python3.7/site-packages/airflow/example_dags/example_branch_operator.py took 0.170 seconds
[2023-01-19T20:29:42.389+0000] {processor.py:153} INFO - Started process (PID=384) to work on /home/airflow/.local/lib/python3.7/site-packages/airflow/example_dags/example_branch_operator.py
[2023-01-19T20:29:42.390+0000] {processor.py:743} INFO - Processing file /home/airflow/.local/lib/python3.7/site-packages/airflow/example_dags/example_branch_operator.py for tasks to queue
[2023-01-19T20:29:42.391+0000] {logging_mixin.py:137} INFO - [2023-01-19T20:29:42.391+0000] {dagbag.py:538} INFO - Filling up the DagBag from /home/airflow/.local/lib/python3.7/site-packages/airflow/example_dags/example_branch_operator.py
[2023-01-19T20:29:42.419+0000] {processor.py:753} INFO - DAG(s) dict_keys(['example_branch_operator']) retrieved from /home/airflow/.local/lib/python3.7/site-packages/airflow/example_dags/example_branch_operator.py
[2023-01-19T20:29:42.525+0000] {logging_mixin.py:137} INFO - [2023-01-19T20:29:42.524+0000] {dag.py:2676} INFO - Sync 1 DAGs
[2023-01-19T20:29:42.579+0000] {logging_mixin.py:137} INFO - [2023-01-19T20:29:42.578+0000] {dag.py:3427} INFO - Setting next_dagrun for example_branch_operator to 2023-01-18T00:00:00+00:00, run_after=2023-01-19T00:00:00+00:00
[2023-01-19T20:29:42.620+0000] {processor.py:175} INFO - Processing /home/airflow/.local/lib/python3.7/site-packages/airflow/example_dags/example_branch_operator.py took 0.236 seconds
[2023-01-19T20:30:12.984+0000] {processor.py:153} INFO - Started process (PID=456) to work on /home/airflow/.local/lib/python3.7/site-packages/airflow/example_dags/example_branch_operator.py
[2023-01-19T20:30:12.985+0000] {processor.py:743} INFO - Processing file /home/airflow/.local/lib/python3.7/site-packages/airflow/example_dags/example_branch_operator.py for tasks to queue
[2023-01-19T20:30:12.986+0000] {logging_mixin.py:137} INFO - [2023-01-19T20:30:12.986+0000] {dagbag.py:538} INFO - Filling up the DagBag from /home/airflow/.local/lib/python3.7/site-packages/airflow/example_dags/example_branch_operator.py
[2023-01-19T20:30:13.010+0000] {processor.py:753} INFO - DAG(s) dict_keys(['example_branch_operator']) retrieved from /home/airflow/.local/lib/python3.7/site-packages/airflow/example_dags/example_branch_operator.py
[2023-01-19T20:30:13.066+0000] {logging_mixin.py:137} INFO - [2023-01-19T20:30:13.066+0000] {dag.py:2676} INFO - Sync 1 DAGs
[2023-01-19T20:30:13.105+0000] {logging_mixin.py:137} INFO - [2023-01-19T20:30:13.105+0000] {dag.py:3427} INFO - Setting next_dagrun for example_branch_operator to 2023-01-18T00:00:00+00:00, run_after=2023-01-19T00:00:00+00:00
[2023-01-19T20:30:13.136+0000] {processor.py:175} INFO - Processing /home/airflow/.local/lib/python3.7/site-packages/airflow/example_dags/example_branch_operator.py took 0.156 seconds
[2023-01-19T20:30:43.235+0000] {processor.py:153} INFO - Started process (PID=544) to work on /home/airflow/.local/lib/python3.7/site-packages/airflow/example_dags/example_branch_operator.py
[2023-01-19T20:30:43.236+0000] {processor.py:743} INFO - Processing file /home/airflow/.local/lib/python3.7/site-packages/airflow/example_dags/example_branch_operator.py for tasks to queue
[2023-01-19T20:30:43.237+0000] {logging_mixin.py:137} INFO - [2023-01-19T20:30:43.237+0000] {dagbag.py:538} INFO - Filling up the DagBag from /home/airflow/.local/lib/python3.7/site-packages/airflow/example_dags/example_branch_operator.py
[2023-01-19T20:30:43.269+0000] {processor.py:753} INFO - DAG(s) dict_keys(['example_branch_operator']) retrieved from /home/airflow/.local/lib/python3.7/site-packages/airflow/example_dags/example_branch_operator.py
[2023-01-19T20:30:43.327+0000] {logging_mixin.py:137} INFO - [2023-01-19T20:30:43.326+0000] {dag.py:2676} INFO - Sync 1 DAGs
[2023-01-19T20:30:43.367+0000] {logging_mixin.py:137} INFO - [2023-01-19T20:30:43.367+0000] {dag.py:3427} INFO - Setting next_dagrun for example_branch_operator to 2023-01-18T00:00:00+00:00, run_after=2023-01-19T00:00:00+00:00
[2023-01-19T20:30:43.399+0000] {processor.py:175} INFO - Processing /home/airflow/.local/lib/python3.7/site-packages/airflow/example_dags/example_branch_operator.py took 0.169 seconds
[2023-01-19T20:31:14.522+0000] {processor.py:153} INFO - Started process (PID=616) to work on /home/airflow/.local/lib/python3.7/site-packages/airflow/example_dags/example_branch_operator.py
[2023-01-19T20:31:14.524+0000] {processor.py:743} INFO - Processing file /home/airflow/.local/lib/python3.7/site-packages/airflow/example_dags/example_branch_operator.py for tasks to queue
[2023-01-19T20:31:14.526+0000] {logging_mixin.py:137} INFO - [2023-01-19T20:31:14.525+0000] {dagbag.py:538} INFO - Filling up the DagBag from /home/airflow/.local/lib/python3.7/site-packages/airflow/example_dags/example_branch_operator.py
[2023-01-19T20:31:14.569+0000] {processor.py:753} INFO - DAG(s) dict_keys(['example_branch_operator']) retrieved from /home/airflow/.local/lib/python3.7/site-packages/airflow/example_dags/example_branch_operator.py
[2023-01-19T20:31:14.762+0000] {logging_mixin.py:137} INFO - [2023-01-19T20:31:14.762+0000] {dag.py:2676} INFO - Sync 1 DAGs
[2023-01-19T20:31:14.872+0000] {logging_mixin.py:137} INFO - [2023-01-19T20:31:14.872+0000] {dag.py:3427} INFO - Setting next_dagrun for example_branch_operator to 2023-01-18T00:00:00+00:00, run_after=2023-01-19T00:00:00+00:00
[2023-01-19T20:31:14.925+0000] {processor.py:175} INFO - Processing /home/airflow/.local/lib/python3.7/site-packages/airflow/example_dags/example_branch_operator.py took 0.411 seconds
[2023-01-19T20:31:45.270+0000] {processor.py:153} INFO - Started process (PID=688) to work on /home/airflow/.local/lib/python3.7/site-packages/airflow/example_dags/example_branch_operator.py
[2023-01-19T20:31:45.271+0000] {processor.py:743} INFO - Processing file /home/airflow/.local/lib/python3.7/site-packages/airflow/example_dags/example_branch_operator.py for tasks to queue
[2023-01-19T20:31:45.272+0000] {logging_mixin.py:137} INFO - [2023-01-19T20:31:45.272+0000] {dagbag.py:538} INFO - Filling up the DagBag from /home/airflow/.local/lib/python3.7/site-packages/airflow/example_dags/example_branch_operator.py
[2023-01-19T20:31:45.294+0000] {processor.py:753} INFO - DAG(s) dict_keys(['example_branch_operator']) retrieved from /home/airflow/.local/lib/python3.7/site-packages/airflow/example_dags/example_branch_operator.py
[2023-01-19T20:31:45.348+0000] {logging_mixin.py:137} INFO - [2023-01-19T20:31:45.348+0000] {dag.py:2676} INFO - Sync 1 DAGs
[2023-01-19T20:31:45.382+0000] {logging_mixin.py:137} INFO - [2023-01-19T20:31:45.382+0000] {dag.py:3427} INFO - Setting next_dagrun for example_branch_operator to 2023-01-18T00:00:00+00:00, run_after=2023-01-19T00:00:00+00:00
[2023-01-19T20:31:45.408+0000] {processor.py:175} INFO - Processing /home/airflow/.local/lib/python3.7/site-packages/airflow/example_dags/example_branch_operator.py took 0.142 seconds
[2023-01-19T20:32:15.647+0000] {processor.py:153} INFO - Started process (PID=777) to work on /home/airflow/.local/lib/python3.7/site-packages/airflow/example_dags/example_branch_operator.py
[2023-01-19T20:32:15.648+0000] {processor.py:743} INFO - Processing file /home/airflow/.local/lib/python3.7/site-packages/airflow/example_dags/example_branch_operator.py for tasks to queue
[2023-01-19T20:32:15.648+0000] {logging_mixin.py:137} INFO - [2023-01-19T20:32:15.648+0000] {dagbag.py:538} INFO - Filling up the DagBag from /home/airflow/.local/lib/python3.7/site-packages/airflow/example_dags/example_branch_operator.py
[2023-01-19T20:32:15.674+0000] {processor.py:753} INFO - DAG(s) dict_keys(['example_branch_operator']) retrieved from /home/airflow/.local/lib/python3.7/site-packages/airflow/example_dags/example_branch_operator.py
[2023-01-19T20:32:15.729+0000] {logging_mixin.py:137} INFO - [2023-01-19T20:32:15.728+0000] {dag.py:2676} INFO - Sync 1 DAGs
[2023-01-19T20:32:15.767+0000] {logging_mixin.py:137} INFO - [2023-01-19T20:32:15.767+0000] {dag.py:3427} INFO - Setting next_dagrun for example_branch_operator to 2023-01-18T00:00:00+00:00, run_after=2023-01-19T00:00:00+00:00
[2023-01-19T20:32:15.794+0000] {processor.py:175} INFO - Processing /home/airflow/.local/lib/python3.7/site-packages/airflow/example_dags/example_branch_operator.py took 0.151 seconds
[2023-01-19T20:32:46.020+0000] {processor.py:153} INFO - Started process (PID=849) to work on /home/airflow/.local/lib/python3.7/site-packages/airflow/example_dags/example_branch_operator.py
[2023-01-19T20:32:46.021+0000] {processor.py:743} INFO - Processing file /home/airflow/.local/lib/python3.7/site-packages/airflow/example_dags/example_branch_operator.py for tasks to queue
[2023-01-19T20:32:46.022+0000] {logging_mixin.py:137} INFO - [2023-01-19T20:32:46.022+0000] {dagbag.py:538} INFO - Filling up the DagBag from /home/airflow/.local/lib/python3.7/site-packages/airflow/example_dags/example_branch_operator.py
[2023-01-19T20:32:46.047+0000] {processor.py:753} INFO - DAG(s) dict_keys(['example_branch_operator']) retrieved from /home/airflow/.local/lib/python3.7/site-packages/airflow/example_dags/example_branch_operator.py
[2023-01-19T20:32:46.199+0000] {logging_mixin.py:137} INFO - [2023-01-19T20:32:46.199+0000] {dag.py:2676} INFO - Sync 1 DAGs
[2023-01-19T20:32:46.237+0000] {logging_mixin.py:137} INFO - [2023-01-19T20:32:46.237+0000] {dag.py:3427} INFO - Setting next_dagrun for example_branch_operator to 2023-01-18T00:00:00+00:00, run_after=2023-01-19T00:00:00+00:00
[2023-01-19T20:32:46.276+0000] {processor.py:175} INFO - Processing /home/airflow/.local/lib/python3.7/site-packages/airflow/example_dags/example_branch_operator.py took 0.260 seconds
[2023-01-19T20:33:16.317+0000] {processor.py:153} INFO - Started process (PID=921) to work on /home/airflow/.local/lib/python3.7/site-packages/airflow/example_dags/example_branch_operator.py
[2023-01-19T20:33:16.318+0000] {processor.py:743} INFO - Processing file /home/airflow/.local/lib/python3.7/site-packages/airflow/example_dags/example_branch_operator.py for tasks to queue
[2023-01-19T20:33:16.318+0000] {logging_mixin.py:137} INFO - [2023-01-19T20:33:16.318+0000] {dagbag.py:538} INFO - Filling up the DagBag from /home/airflow/.local/lib/python3.7/site-packages/airflow/example_dags/example_branch_operator.py
[2023-01-19T20:33:16.341+0000] {processor.py:753} INFO - DAG(s) dict_keys(['example_branch_operator']) retrieved from /home/airflow/.local/lib/python3.7/site-packages/airflow/example_dags/example_branch_operator.py
[2023-01-19T20:33:16.391+0000] {logging_mixin.py:137} INFO - [2023-01-19T20:33:16.390+0000] {dag.py:2676} INFO - Sync 1 DAGs
[2023-01-19T20:33:16.430+0000] {logging_mixin.py:137} INFO - [2023-01-19T20:33:16.429+0000] {dag.py:3427} INFO - Setting next_dagrun for example_branch_operator to 2023-01-18T00:00:00+00:00, run_after=2023-01-19T00:00:00+00:00
[2023-01-19T20:33:16.456+0000] {processor.py:175} INFO - Processing /home/airflow/.local/lib/python3.7/site-packages/airflow/example_dags/example_branch_operator.py took 0.143 seconds
[2023-01-19T20:33:46.483+0000] {processor.py:153} INFO - Started process (PID=993) to work on /home/airflow/.local/lib/python3.7/site-packages/airflow/example_dags/example_branch_operator.py
[2023-01-19T20:33:46.484+0000] {processor.py:743} INFO - Processing file /home/airflow/.local/lib/python3.7/site-packages/airflow/example_dags/example_branch_operator.py for tasks to queue
[2023-01-19T20:33:46.485+0000] {logging_mixin.py:137} INFO - [2023-01-19T20:33:46.484+0000] {dagbag.py:538} INFO - Filling up the DagBag from /home/airflow/.local/lib/python3.7/site-packages/airflow/example_dags/example_branch_operator.py
[2023-01-19T20:33:46.506+0000] {processor.py:753} INFO - DAG(s) dict_keys(['example_branch_operator']) retrieved from /home/airflow/.local/lib/python3.7/site-packages/airflow/example_dags/example_branch_operator.py
[2023-01-19T20:33:46.556+0000] {logging_mixin.py:137} INFO - [2023-01-19T20:33:46.556+0000] {dag.py:2676} INFO - Sync 1 DAGs
[2023-01-19T20:33:46.593+0000] {logging_mixin.py:137} INFO - [2023-01-19T20:33:46.593+0000] {dag.py:3427} INFO - Setting next_dagrun for example_branch_operator to 2023-01-18T00:00:00+00:00, run_after=2023-01-19T00:00:00+00:00
[2023-01-19T20:33:46.620+0000] {processor.py:175} INFO - Processing /home/airflow/.local/lib/python3.7/site-packages/airflow/example_dags/example_branch_operator.py took 0.140 seconds
[2023-01-19T20:34:16.916+0000] {processor.py:153} INFO - Started process (PID=1081) to work on /home/airflow/.local/lib/python3.7/site-packages/airflow/example_dags/example_branch_operator.py
[2023-01-19T20:34:16.917+0000] {processor.py:743} INFO - Processing file /home/airflow/.local/lib/python3.7/site-packages/airflow/example_dags/example_branch_operator.py for tasks to queue
[2023-01-19T20:34:16.918+0000] {logging_mixin.py:137} INFO - [2023-01-19T20:34:16.918+0000] {dagbag.py:538} INFO - Filling up the DagBag from /home/airflow/.local/lib/python3.7/site-packages/airflow/example_dags/example_branch_operator.py
[2023-01-19T20:34:16.946+0000] {processor.py:753} INFO - DAG(s) dict_keys(['example_branch_operator']) retrieved from /home/airflow/.local/lib/python3.7/site-packages/airflow/example_dags/example_branch_operator.py
[2023-01-19T20:34:17.006+0000] {logging_mixin.py:137} INFO - [2023-01-19T20:34:17.006+0000] {dag.py:2676} INFO - Sync 1 DAGs
[2023-01-19T20:34:17.051+0000] {logging_mixin.py:137} INFO - [2023-01-19T20:34:17.051+0000] {dag.py:3427} INFO - Setting next_dagrun for example_branch_operator to 2023-01-18T00:00:00+00:00, run_after=2023-01-19T00:00:00+00:00
[2023-01-19T20:34:17.082+0000] {processor.py:175} INFO - Processing /home/airflow/.local/lib/python3.7/site-packages/airflow/example_dags/example_branch_operator.py took 0.170 seconds
[2023-01-19T20:34:47.766+0000] {processor.py:153} INFO - Started process (PID=1153) to work on /home/airflow/.local/lib/python3.7/site-packages/airflow/example_dags/example_branch_operator.py
[2023-01-19T20:34:47.767+0000] {processor.py:743} INFO - Processing file /home/airflow/.local/lib/python3.7/site-packages/airflow/example_dags/example_branch_operator.py for tasks to queue
[2023-01-19T20:34:47.768+0000] {logging_mixin.py:137} INFO - [2023-01-19T20:34:47.767+0000] {dagbag.py:538} INFO - Filling up the DagBag from /home/airflow/.local/lib/python3.7/site-packages/airflow/example_dags/example_branch_operator.py
[2023-01-19T20:34:47.789+0000] {processor.py:753} INFO - DAG(s) dict_keys(['example_branch_operator']) retrieved from /home/airflow/.local/lib/python3.7/site-packages/airflow/example_dags/example_branch_operator.py
[2023-01-19T20:34:47.840+0000] {logging_mixin.py:137} INFO - [2023-01-19T20:34:47.840+0000] {dag.py:2676} INFO - Sync 1 DAGs
[2023-01-19T20:34:47.880+0000] {logging_mixin.py:137} INFO - [2023-01-19T20:34:47.880+0000] {dag.py:3427} INFO - Setting next_dagrun for example_branch_operator to 2023-01-18T00:00:00+00:00, run_after=2023-01-19T00:00:00+00:00
[2023-01-19T20:34:47.908+0000] {processor.py:175} INFO - Processing /home/airflow/.local/lib/python3.7/site-packages/airflow/example_dags/example_branch_operator.py took 0.146 seconds
[2023-01-19T20:35:18.584+0000] {processor.py:153} INFO - Started process (PID=1225) to work on /home/airflow/.local/lib/python3.7/site-packages/airflow/example_dags/example_branch_operator.py
[2023-01-19T20:35:18.585+0000] {processor.py:743} INFO - Processing file /home/airflow/.local/lib/python3.7/site-packages/airflow/example_dags/example_branch_operator.py for tasks to queue
[2023-01-19T20:35:18.586+0000] {logging_mixin.py:137} INFO - [2023-01-19T20:35:18.586+0000] {dagbag.py:538} INFO - Filling up the DagBag from /home/airflow/.local/lib/python3.7/site-packages/airflow/example_dags/example_branch_operator.py
[2023-01-19T20:35:18.610+0000] {processor.py:753} INFO - DAG(s) dict_keys(['example_branch_operator']) retrieved from /home/airflow/.local/lib/python3.7/site-packages/airflow/example_dags/example_branch_operator.py
[2023-01-19T20:35:18.668+0000] {logging_mixin.py:137} INFO - [2023-01-19T20:35:18.667+0000] {dag.py:2676} INFO - Sync 1 DAGs
[2023-01-19T20:35:18.712+0000] {logging_mixin.py:137} INFO - [2023-01-19T20:35:18.712+0000] {dag.py:3427} INFO - Setting next_dagrun for example_branch_operator to 2023-01-18T00:00:00+00:00, run_after=2023-01-19T00:00:00+00:00
[2023-01-19T20:35:18.735+0000] {processor.py:175} INFO - Processing /home/airflow/.local/lib/python3.7/site-packages/airflow/example_dags/example_branch_operator.py took 0.154 seconds
[2023-01-19T20:35:49.615+0000] {processor.py:153} INFO - Started process (PID=1313) to work on /home/airflow/.local/lib/python3.7/site-packages/airflow/example_dags/example_branch_operator.py
[2023-01-19T20:35:49.616+0000] {processor.py:743} INFO - Processing file /home/airflow/.local/lib/python3.7/site-packages/airflow/example_dags/example_branch_operator.py for tasks to queue
[2023-01-19T20:35:49.616+0000] {logging_mixin.py:137} INFO - [2023-01-19T20:35:49.616+0000] {dagbag.py:538} INFO - Filling up the DagBag from /home/airflow/.local/lib/python3.7/site-packages/airflow/example_dags/example_branch_operator.py
[2023-01-19T20:35:49.642+0000] {processor.py:753} INFO - DAG(s) dict_keys(['example_branch_operator']) retrieved from /home/airflow/.local/lib/python3.7/site-packages/airflow/example_dags/example_branch_operator.py
[2023-01-19T20:35:49.693+0000] {logging_mixin.py:137} INFO - [2023-01-19T20:35:49.692+0000] {dag.py:2676} INFO - Sync 1 DAGs
[2023-01-19T20:35:49.728+0000] {logging_mixin.py:137} INFO - [2023-01-19T20:35:49.727+0000] {dag.py:3427} INFO - Setting next_dagrun for example_branch_operator to 2023-01-18T00:00:00+00:00, run_after=2023-01-19T00:00:00+00:00
[2023-01-19T20:35:49.755+0000] {processor.py:175} INFO - Processing /home/airflow/.local/lib/python3.7/site-packages/airflow/example_dags/example_branch_operator.py took 0.145 seconds
[2023-01-19T20:36:20.235+0000] {processor.py:153} INFO - Started process (PID=1386) to work on /home/airflow/.local/lib/python3.7/site-packages/airflow/example_dags/example_branch_operator.py
[2023-01-19T20:36:20.237+0000] {processor.py:743} INFO - Processing file /home/airflow/.local/lib/python3.7/site-packages/airflow/example_dags/example_branch_operator.py for tasks to queue
[2023-01-19T20:36:20.238+0000] {logging_mixin.py:137} INFO - [2023-01-19T20:36:20.238+0000] {dagbag.py:538} INFO - Filling up the DagBag from /home/airflow/.local/lib/python3.7/site-packages/airflow/example_dags/example_branch_operator.py
[2023-01-19T20:36:20.266+0000] {processor.py:753} INFO - DAG(s) dict_keys(['example_branch_operator']) retrieved from /home/airflow/.local/lib/python3.7/site-packages/airflow/example_dags/example_branch_operator.py
[2023-01-19T20:36:20.343+0000] {logging_mixin.py:137} INFO - [2023-01-19T20:36:20.342+0000] {dag.py:2676} INFO - Sync 1 DAGs
[2023-01-19T20:36:20.381+0000] {logging_mixin.py:137} INFO - [2023-01-19T20:36:20.381+0000] {dag.py:3427} INFO - Setting next_dagrun for example_branch_operator to 2023-01-18T00:00:00+00:00, run_after=2023-01-19T00:00:00+00:00
[2023-01-19T20:36:20.408+0000] {processor.py:175} INFO - Processing /home/airflow/.local/lib/python3.7/site-packages/airflow/example_dags/example_branch_operator.py took 0.179 seconds
[2023-01-19T20:36:50.995+0000] {processor.py:153} INFO - Started process (PID=1458) to work on /home/airflow/.local/lib/python3.7/site-packages/airflow/example_dags/example_branch_operator.py
[2023-01-19T20:36:50.996+0000] {processor.py:743} INFO - Processing file /home/airflow/.local/lib/python3.7/site-packages/airflow/example_dags/example_branch_operator.py for tasks to queue
[2023-01-19T20:36:50.997+0000] {logging_mixin.py:137} INFO - [2023-01-19T20:36:50.997+0000] {dagbag.py:538} INFO - Filling up the DagBag from /home/airflow/.local/lib/python3.7/site-packages/airflow/example_dags/example_branch_operator.py
[2023-01-19T20:36:51.019+0000] {processor.py:753} INFO - DAG(s) dict_keys(['example_branch_operator']) retrieved from /home/airflow/.local/lib/python3.7/site-packages/airflow/example_dags/example_branch_operator.py
[2023-01-19T20:36:51.071+0000] {logging_mixin.py:137} INFO - [2023-01-19T20:36:51.070+0000] {dag.py:2676} INFO - Sync 1 DAGs
[2023-01-19T20:36:51.109+0000] {logging_mixin.py:137} INFO - [2023-01-19T20:36:51.108+0000] {dag.py:3427} INFO - Setting next_dagrun for example_branch_operator to 2023-01-18T00:00:00+00:00, run_after=2023-01-19T00:00:00+00:00
[2023-01-19T20:36:51.137+0000] {processor.py:175} INFO - Processing /home/airflow/.local/lib/python3.7/site-packages/airflow/example_dags/example_branch_operator.py took 0.146 seconds
[2023-01-19T20:37:22.127+0000] {processor.py:153} INFO - Started process (PID=1546) to work on /home/airflow/.local/lib/python3.7/site-packages/airflow/example_dags/example_branch_operator.py
[2023-01-19T20:37:22.128+0000] {processor.py:743} INFO - Processing file /home/airflow/.local/lib/python3.7/site-packages/airflow/example_dags/example_branch_operator.py for tasks to queue
[2023-01-19T20:37:22.129+0000] {logging_mixin.py:137} INFO - [2023-01-19T20:37:22.129+0000] {dagbag.py:538} INFO - Filling up the DagBag from /home/airflow/.local/lib/python3.7/site-packages/airflow/example_dags/example_branch_operator.py
[2023-01-19T20:37:22.155+0000] {processor.py:753} INFO - DAG(s) dict_keys(['example_branch_operator']) retrieved from /home/airflow/.local/lib/python3.7/site-packages/airflow/example_dags/example_branch_operator.py
[2023-01-19T20:37:22.210+0000] {logging_mixin.py:137} INFO - [2023-01-19T20:37:22.210+0000] {dag.py:2676} INFO - Sync 1 DAGs
[2023-01-19T20:37:22.250+0000] {logging_mixin.py:137} INFO - [2023-01-19T20:37:22.250+0000] {dag.py:3427} INFO - Setting next_dagrun for example_branch_operator to 2023-01-18T00:00:00+00:00, run_after=2023-01-19T00:00:00+00:00
[2023-01-19T20:37:22.279+0000] {processor.py:175} INFO - Processing /home/airflow/.local/lib/python3.7/site-packages/airflow/example_dags/example_branch_operator.py took 0.155 seconds
[2023-01-19T20:37:52.413+0000] {processor.py:153} INFO - Started process (PID=1618) to work on /home/airflow/.local/lib/python3.7/site-packages/airflow/example_dags/example_branch_operator.py
[2023-01-19T20:37:52.414+0000] {processor.py:743} INFO - Processing file /home/airflow/.local/lib/python3.7/site-packages/airflow/example_dags/example_branch_operator.py for tasks to queue
[2023-01-19T20:37:52.415+0000] {logging_mixin.py:137} INFO - [2023-01-19T20:37:52.415+0000] {dagbag.py:538} INFO - Filling up the DagBag from /home/airflow/.local/lib/python3.7/site-packages/airflow/example_dags/example_branch_operator.py
[2023-01-19T20:37:52.437+0000] {processor.py:753} INFO - DAG(s) dict_keys(['example_branch_operator']) retrieved from /home/airflow/.local/lib/python3.7/site-packages/airflow/example_dags/example_branch_operator.py
[2023-01-19T20:37:52.486+0000] {logging_mixin.py:137} INFO - [2023-01-19T20:37:52.486+0000] {dag.py:2676} INFO - Sync 1 DAGs
[2023-01-19T20:37:52.522+0000] {logging_mixin.py:137} INFO - [2023-01-19T20:37:52.522+0000] {dag.py:3427} INFO - Setting next_dagrun for example_branch_operator to 2023-01-18T00:00:00+00:00, run_after=2023-01-19T00:00:00+00:00
[2023-01-19T20:37:52.547+0000] {processor.py:175} INFO - Processing /home/airflow/.local/lib/python3.7/site-packages/airflow/example_dags/example_branch_operator.py took 0.138 seconds
[2023-01-19T20:38:22.805+0000] {processor.py:153} INFO - Started process (PID=1690) to work on /home/airflow/.local/lib/python3.7/site-packages/airflow/example_dags/example_branch_operator.py
[2023-01-19T20:38:22.806+0000] {processor.py:743} INFO - Processing file /home/airflow/.local/lib/python3.7/site-packages/airflow/example_dags/example_branch_operator.py for tasks to queue
[2023-01-19T20:38:22.807+0000] {logging_mixin.py:137} INFO - [2023-01-19T20:38:22.807+0000] {dagbag.py:538} INFO - Filling up the DagBag from /home/airflow/.local/lib/python3.7/site-packages/airflow/example_dags/example_branch_operator.py
[2023-01-19T20:38:22.829+0000] {processor.py:753} INFO - DAG(s) dict_keys(['example_branch_operator']) retrieved from /home/airflow/.local/lib/python3.7/site-packages/airflow/example_dags/example_branch_operator.py
[2023-01-19T20:38:22.878+0000] {logging_mixin.py:137} INFO - [2023-01-19T20:38:22.878+0000] {dag.py:2676} INFO - Sync 1 DAGs
[2023-01-19T20:38:22.915+0000] {logging_mixin.py:137} INFO - [2023-01-19T20:38:22.915+0000] {dag.py:3427} INFO - Setting next_dagrun for example_branch_operator to 2023-01-18T00:00:00+00:00, run_after=2023-01-19T00:00:00+00:00
[2023-01-19T20:38:22.947+0000] {processor.py:175} INFO - Processing /home/airflow/.local/lib/python3.7/site-packages/airflow/example_dags/example_branch_operator.py took 0.146 seconds
[2023-01-19T20:38:53.609+0000] {processor.py:153} INFO - Started process (PID=1778) to work on /home/airflow/.local/lib/python3.7/site-packages/airflow/example_dags/example_branch_operator.py
[2023-01-19T20:38:53.610+0000] {processor.py:743} INFO - Processing file /home/airflow/.local/lib/python3.7/site-packages/airflow/example_dags/example_branch_operator.py for tasks to queue
[2023-01-19T20:38:53.611+0000] {logging_mixin.py:137} INFO - [2023-01-19T20:38:53.611+0000] {dagbag.py:538} INFO - Filling up the DagBag from /home/airflow/.local/lib/python3.7/site-packages/airflow/example_dags/example_branch_operator.py
[2023-01-19T20:38:53.641+0000] {processor.py:753} INFO - DAG(s) dict_keys(['example_branch_operator']) retrieved from /home/airflow/.local/lib/python3.7/site-packages/airflow/example_dags/example_branch_operator.py
[2023-01-19T20:38:53.712+0000] {logging_mixin.py:137} INFO - [2023-01-19T20:38:53.712+0000] {dag.py:2676} INFO - Sync 1 DAGs
[2023-01-19T20:38:53.766+0000] {logging_mixin.py:137} INFO - [2023-01-19T20:38:53.766+0000] {dag.py:3427} INFO - Setting next_dagrun for example_branch_operator to 2023-01-18T00:00:00+00:00, run_after=2023-01-19T00:00:00+00:00
[2023-01-19T20:38:53.802+0000] {processor.py:175} INFO - Processing /home/airflow/.local/lib/python3.7/site-packages/airflow/example_dags/example_branch_operator.py took 0.200 seconds
[2023-01-19T20:39:23.976+0000] {processor.py:153} INFO - Started process (PID=1850) to work on /home/airflow/.local/lib/python3.7/site-packages/airflow/example_dags/example_branch_operator.py
[2023-01-19T20:39:23.977+0000] {processor.py:743} INFO - Processing file /home/airflow/.local/lib/python3.7/site-packages/airflow/example_dags/example_branch_operator.py for tasks to queue
[2023-01-19T20:39:23.978+0000] {logging_mixin.py:137} INFO - [2023-01-19T20:39:23.978+0000] {dagbag.py:538} INFO - Filling up the DagBag from /home/airflow/.local/lib/python3.7/site-packages/airflow/example_dags/example_branch_operator.py
[2023-01-19T20:39:24.000+0000] {processor.py:753} INFO - DAG(s) dict_keys(['example_branch_operator']) retrieved from /home/airflow/.local/lib/python3.7/site-packages/airflow/example_dags/example_branch_operator.py
[2023-01-19T20:39:24.050+0000] {logging_mixin.py:137} INFO - [2023-01-19T20:39:24.050+0000] {dag.py:2676} INFO - Sync 1 DAGs
[2023-01-19T20:39:24.085+0000] {logging_mixin.py:137} INFO - [2023-01-19T20:39:24.085+0000] {dag.py:3427} INFO - Setting next_dagrun for example_branch_operator to 2023-01-18T00:00:00+00:00, run_after=2023-01-19T00:00:00+00:00
[2023-01-19T20:39:24.113+0000] {processor.py:175} INFO - Processing /home/airflow/.local/lib/python3.7/site-packages/airflow/example_dags/example_branch_operator.py took 0.142 seconds
[2023-01-19T20:39:54.312+0000] {processor.py:153} INFO - Started process (PID=1922) to work on /home/airflow/.local/lib/python3.7/site-packages/airflow/example_dags/example_branch_operator.py
[2023-01-19T20:39:54.314+0000] {processor.py:743} INFO - Processing file /home/airflow/.local/lib/python3.7/site-packages/airflow/example_dags/example_branch_operator.py for tasks to queue
[2023-01-19T20:39:54.314+0000] {logging_mixin.py:137} INFO - [2023-01-19T20:39:54.314+0000] {dagbag.py:538} INFO - Filling up the DagBag from /home/airflow/.local/lib/python3.7/site-packages/airflow/example_dags/example_branch_operator.py
[2023-01-19T20:39:54.336+0000] {processor.py:753} INFO - DAG(s) dict_keys(['example_branch_operator']) retrieved from /home/airflow/.local/lib/python3.7/site-packages/airflow/example_dags/example_branch_operator.py
[2023-01-19T20:39:54.387+0000] {logging_mixin.py:137} INFO - [2023-01-19T20:39:54.387+0000] {dag.py:2676} INFO - Sync 1 DAGs
[2023-01-19T20:39:54.422+0000] {logging_mixin.py:137} INFO - [2023-01-19T20:39:54.422+0000] {dag.py:3427} INFO - Setting next_dagrun for example_branch_operator to 2023-01-18T00:00:00+00:00, run_after=2023-01-19T00:00:00+00:00
[2023-01-19T20:39:54.449+0000] {processor.py:175} INFO - Processing /home/airflow/.local/lib/python3.7/site-packages/airflow/example_dags/example_branch_operator.py took 0.141 seconds
[2023-01-19T20:40:24.741+0000] {processor.py:153} INFO - Started process (PID=2004) to work on /home/airflow/.local/lib/python3.7/site-packages/airflow/example_dags/example_branch_operator.py
[2023-01-19T20:40:24.742+0000] {processor.py:743} INFO - Processing file /home/airflow/.local/lib/python3.7/site-packages/airflow/example_dags/example_branch_operator.py for tasks to queue
[2023-01-19T20:40:24.743+0000] {logging_mixin.py:137} INFO - [2023-01-19T20:40:24.743+0000] {dagbag.py:538} INFO - Filling up the DagBag from /home/airflow/.local/lib/python3.7/site-packages/airflow/example_dags/example_branch_operator.py
[2023-01-19T20:40:24.771+0000] {processor.py:753} INFO - DAG(s) dict_keys(['example_branch_operator']) retrieved from /home/airflow/.local/lib/python3.7/site-packages/airflow/example_dags/example_branch_operator.py
[2023-01-19T20:40:24.829+0000] {logging_mixin.py:137} INFO - [2023-01-19T20:40:24.828+0000] {dag.py:2676} INFO - Sync 1 DAGs
[2023-01-19T20:40:24.901+0000] {logging_mixin.py:137} INFO - [2023-01-19T20:40:24.901+0000] {dag.py:3427} INFO - Setting next_dagrun for example_branch_operator to 2023-01-18T00:00:00+00:00, run_after=2023-01-19T00:00:00+00:00
[2023-01-19T20:40:24.932+0000] {processor.py:175} INFO - Processing /home/airflow/.local/lib/python3.7/site-packages/airflow/example_dags/example_branch_operator.py took 0.195 seconds
[2023-01-19T20:40:55.058+0000] {processor.py:153} INFO - Started process (PID=2083) to work on /home/airflow/.local/lib/python3.7/site-packages/airflow/example_dags/example_branch_operator.py
[2023-01-19T20:40:55.059+0000] {processor.py:743} INFO - Processing file /home/airflow/.local/lib/python3.7/site-packages/airflow/example_dags/example_branch_operator.py for tasks to queue
[2023-01-19T20:40:55.060+0000] {logging_mixin.py:137} INFO - [2023-01-19T20:40:55.060+0000] {dagbag.py:538} INFO - Filling up the DagBag from /home/airflow/.local/lib/python3.7/site-packages/airflow/example_dags/example_branch_operator.py
[2023-01-19T20:40:55.083+0000] {processor.py:753} INFO - DAG(s) dict_keys(['example_branch_operator']) retrieved from /home/airflow/.local/lib/python3.7/site-packages/airflow/example_dags/example_branch_operator.py
[2023-01-19T20:40:55.136+0000] {logging_mixin.py:137} INFO - [2023-01-19T20:40:55.136+0000] {dag.py:2676} INFO - Sync 1 DAGs
[2023-01-19T20:40:55.172+0000] {logging_mixin.py:137} INFO - [2023-01-19T20:40:55.172+0000] {dag.py:3427} INFO - Setting next_dagrun for example_branch_operator to 2023-01-18T00:00:00+00:00, run_after=2023-01-19T00:00:00+00:00
[2023-01-19T20:40:55.200+0000] {processor.py:175} INFO - Processing /home/airflow/.local/lib/python3.7/site-packages/airflow/example_dags/example_branch_operator.py took 0.147 seconds
[2023-01-19T20:41:25.255+0000] {processor.py:153} INFO - Started process (PID=2155) to work on /home/airflow/.local/lib/python3.7/site-packages/airflow/example_dags/example_branch_operator.py
[2023-01-19T20:41:25.256+0000] {processor.py:743} INFO - Processing file /home/airflow/.local/lib/python3.7/site-packages/airflow/example_dags/example_branch_operator.py for tasks to queue
[2023-01-19T20:41:25.257+0000] {logging_mixin.py:137} INFO - [2023-01-19T20:41:25.257+0000] {dagbag.py:538} INFO - Filling up the DagBag from /home/airflow/.local/lib/python3.7/site-packages/airflow/example_dags/example_branch_operator.py
[2023-01-19T20:41:25.280+0000] {processor.py:753} INFO - DAG(s) dict_keys(['example_branch_operator']) retrieved from /home/airflow/.local/lib/python3.7/site-packages/airflow/example_dags/example_branch_operator.py
[2023-01-19T20:41:25.330+0000] {logging_mixin.py:137} INFO - [2023-01-19T20:41:25.330+0000] {dag.py:2676} INFO - Sync 1 DAGs
[2023-01-19T20:41:25.367+0000] {logging_mixin.py:137} INFO - [2023-01-19T20:41:25.367+0000] {dag.py:3427} INFO - Setting next_dagrun for example_branch_operator to 2023-01-18T00:00:00+00:00, run_after=2023-01-19T00:00:00+00:00
[2023-01-19T20:41:25.394+0000] {processor.py:175} INFO - Processing /home/airflow/.local/lib/python3.7/site-packages/airflow/example_dags/example_branch_operator.py took 0.145 seconds
[2023-01-19T20:41:55.434+0000] {processor.py:153} INFO - Started process (PID=2227) to work on /home/airflow/.local/lib/python3.7/site-packages/airflow/example_dags/example_branch_operator.py
[2023-01-19T20:41:55.435+0000] {processor.py:743} INFO - Processing file /home/airflow/.local/lib/python3.7/site-packages/airflow/example_dags/example_branch_operator.py for tasks to queue
[2023-01-19T20:41:55.436+0000] {logging_mixin.py:137} INFO - [2023-01-19T20:41:55.436+0000] {dagbag.py:538} INFO - Filling up the DagBag from /home/airflow/.local/lib/python3.7/site-packages/airflow/example_dags/example_branch_operator.py
[2023-01-19T20:41:55.460+0000] {processor.py:753} INFO - DAG(s) dict_keys(['example_branch_operator']) retrieved from /home/airflow/.local/lib/python3.7/site-packages/airflow/example_dags/example_branch_operator.py
[2023-01-19T20:41:55.510+0000] {logging_mixin.py:137} INFO - [2023-01-19T20:41:55.510+0000] {dag.py:2676} INFO - Sync 1 DAGs
[2023-01-19T20:41:55.545+0000] {logging_mixin.py:137} INFO - [2023-01-19T20:41:55.544+0000] {dag.py:3427} INFO - Setting next_dagrun for example_branch_operator to 2023-01-18T00:00:00+00:00, run_after=2023-01-19T00:00:00+00:00
[2023-01-19T20:41:55.573+0000] {processor.py:175} INFO - Processing /home/airflow/.local/lib/python3.7/site-packages/airflow/example_dags/example_branch_operator.py took 0.142 seconds
[2023-01-19T20:42:26.028+0000] {processor.py:153} INFO - Started process (PID=2315) to work on /home/airflow/.local/lib/python3.7/site-packages/airflow/example_dags/example_branch_operator.py
[2023-01-19T20:42:26.029+0000] {processor.py:743} INFO - Processing file /home/airflow/.local/lib/python3.7/site-packages/airflow/example_dags/example_branch_operator.py for tasks to queue
[2023-01-19T20:42:26.031+0000] {logging_mixin.py:137} INFO - [2023-01-19T20:42:26.031+0000] {dagbag.py:538} INFO - Filling up the DagBag from /home/airflow/.local/lib/python3.7/site-packages/airflow/example_dags/example_branch_operator.py
[2023-01-19T20:42:26.060+0000] {processor.py:753} INFO - DAG(s) dict_keys(['example_branch_operator']) retrieved from /home/airflow/.local/lib/python3.7/site-packages/airflow/example_dags/example_branch_operator.py
[2023-01-19T20:42:26.124+0000] {logging_mixin.py:137} INFO - [2023-01-19T20:42:26.124+0000] {dag.py:2676} INFO - Sync 1 DAGs
[2023-01-19T20:42:26.168+0000] {logging_mixin.py:137} INFO - [2023-01-19T20:42:26.168+0000] {dag.py:3427} INFO - Setting next_dagrun for example_branch_operator to 2023-01-18T00:00:00+00:00, run_after=2023-01-19T00:00:00+00:00
[2023-01-19T20:42:26.217+0000] {processor.py:175} INFO - Processing /home/airflow/.local/lib/python3.7/site-packages/airflow/example_dags/example_branch_operator.py took 0.194 seconds
[2023-01-19T20:42:56.860+0000] {processor.py:153} INFO - Started process (PID=2387) to work on /home/airflow/.local/lib/python3.7/site-packages/airflow/example_dags/example_branch_operator.py
[2023-01-19T20:42:56.861+0000] {processor.py:743} INFO - Processing file /home/airflow/.local/lib/python3.7/site-packages/airflow/example_dags/example_branch_operator.py for tasks to queue
[2023-01-19T20:42:56.862+0000] {logging_mixin.py:137} INFO - [2023-01-19T20:42:56.862+0000] {dagbag.py:538} INFO - Filling up the DagBag from /home/airflow/.local/lib/python3.7/site-packages/airflow/example_dags/example_branch_operator.py
[2023-01-19T20:42:56.885+0000] {processor.py:753} INFO - DAG(s) dict_keys(['example_branch_operator']) retrieved from /home/airflow/.local/lib/python3.7/site-packages/airflow/example_dags/example_branch_operator.py
[2023-01-19T20:42:56.938+0000] {logging_mixin.py:137} INFO - [2023-01-19T20:42:56.937+0000] {dag.py:2676} INFO - Sync 1 DAGs
[2023-01-19T20:42:56.977+0000] {logging_mixin.py:137} INFO - [2023-01-19T20:42:56.977+0000] {dag.py:3427} INFO - Setting next_dagrun for example_branch_operator to 2023-01-18T00:00:00+00:00, run_after=2023-01-19T00:00:00+00:00
[2023-01-19T20:42:57.006+0000] {processor.py:175} INFO - Processing /home/airflow/.local/lib/python3.7/site-packages/airflow/example_dags/example_branch_operator.py took 0.151 seconds
[2023-01-19T20:43:27.383+0000] {processor.py:153} INFO - Started process (PID=2460) to work on /home/airflow/.local/lib/python3.7/site-packages/airflow/example_dags/example_branch_operator.py
[2023-01-19T20:43:27.385+0000] {processor.py:743} INFO - Processing file /home/airflow/.local/lib/python3.7/site-packages/airflow/example_dags/example_branch_operator.py for tasks to queue
[2023-01-19T20:43:27.385+0000] {logging_mixin.py:137} INFO - [2023-01-19T20:43:27.385+0000] {dagbag.py:538} INFO - Filling up the DagBag from /home/airflow/.local/lib/python3.7/site-packages/airflow/example_dags/example_branch_operator.py
[2023-01-19T20:43:27.409+0000] {processor.py:753} INFO - DAG(s) dict_keys(['example_branch_operator']) retrieved from /home/airflow/.local/lib/python3.7/site-packages/airflow/example_dags/example_branch_operator.py
[2023-01-19T20:43:27.463+0000] {logging_mixin.py:137} INFO - [2023-01-19T20:43:27.463+0000] {dag.py:2676} INFO - Sync 1 DAGs
[2023-01-19T20:43:27.499+0000] {logging_mixin.py:137} INFO - [2023-01-19T20:43:27.499+0000] {dag.py:3427} INFO - Setting next_dagrun for example_branch_operator to 2023-01-18T00:00:00+00:00, run_after=2023-01-19T00:00:00+00:00
[2023-01-19T20:43:27.528+0000] {processor.py:175} INFO - Processing /home/airflow/.local/lib/python3.7/site-packages/airflow/example_dags/example_branch_operator.py took 0.150 seconds
[2023-01-19T20:43:57.969+0000] {processor.py:153} INFO - Started process (PID=2542) to work on /home/airflow/.local/lib/python3.7/site-packages/airflow/example_dags/example_branch_operator.py
[2023-01-19T20:43:57.970+0000] {processor.py:743} INFO - Processing file /home/airflow/.local/lib/python3.7/site-packages/airflow/example_dags/example_branch_operator.py for tasks to queue
[2023-01-19T20:43:57.971+0000] {logging_mixin.py:137} INFO - [2023-01-19T20:43:57.971+0000] {dagbag.py:538} INFO - Filling up the DagBag from /home/airflow/.local/lib/python3.7/site-packages/airflow/example_dags/example_branch_operator.py
[2023-01-19T20:43:58.003+0000] {processor.py:753} INFO - DAG(s) dict_keys(['example_branch_operator']) retrieved from /home/airflow/.local/lib/python3.7/site-packages/airflow/example_dags/example_branch_operator.py
[2023-01-19T20:43:58.067+0000] {logging_mixin.py:137} INFO - [2023-01-19T20:43:58.066+0000] {dag.py:2676} INFO - Sync 1 DAGs
[2023-01-19T20:43:58.117+0000] {logging_mixin.py:137} INFO - [2023-01-19T20:43:58.117+0000] {dag.py:3427} INFO - Setting next_dagrun for example_branch_operator to 2023-01-18T00:00:00+00:00, run_after=2023-01-19T00:00:00+00:00
[2023-01-19T20:43:58.151+0000] {processor.py:175} INFO - Processing /home/airflow/.local/lib/python3.7/site-packages/airflow/example_dags/example_branch_operator.py took 0.187 seconds
[2023-01-19T20:44:28.230+0000] {processor.py:153} INFO - Started process (PID=2621) to work on /home/airflow/.local/lib/python3.7/site-packages/airflow/example_dags/example_branch_operator.py
[2023-01-19T20:44:28.232+0000] {processor.py:743} INFO - Processing file /home/airflow/.local/lib/python3.7/site-packages/airflow/example_dags/example_branch_operator.py for tasks to queue
[2023-01-19T20:44:28.233+0000] {logging_mixin.py:137} INFO - [2023-01-19T20:44:28.233+0000] {dagbag.py:538} INFO - Filling up the DagBag from /home/airflow/.local/lib/python3.7/site-packages/airflow/example_dags/example_branch_operator.py
[2023-01-19T20:44:28.263+0000] {processor.py:753} INFO - DAG(s) dict_keys(['example_branch_operator']) retrieved from /home/airflow/.local/lib/python3.7/site-packages/airflow/example_dags/example_branch_operator.py
[2023-01-19T20:44:28.321+0000] {logging_mixin.py:137} INFO - [2023-01-19T20:44:28.321+0000] {dag.py:2676} INFO - Sync 1 DAGs
[2023-01-19T20:44:28.360+0000] {logging_mixin.py:137} INFO - [2023-01-19T20:44:28.360+0000] {dag.py:3427} INFO - Setting next_dagrun for example_branch_operator to 2023-01-18T00:00:00+00:00, run_after=2023-01-19T00:00:00+00:00
[2023-01-19T20:44:28.391+0000] {processor.py:175} INFO - Processing /home/airflow/.local/lib/python3.7/site-packages/airflow/example_dags/example_branch_operator.py took 0.165 seconds
[2023-01-19T20:44:59.061+0000] {processor.py:153} INFO - Started process (PID=2694) to work on /home/airflow/.local/lib/python3.7/site-packages/airflow/example_dags/example_branch_operator.py
[2023-01-19T20:44:59.062+0000] {processor.py:743} INFO - Processing file /home/airflow/.local/lib/python3.7/site-packages/airflow/example_dags/example_branch_operator.py for tasks to queue
[2023-01-19T20:44:59.063+0000] {logging_mixin.py:137} INFO - [2023-01-19T20:44:59.063+0000] {dagbag.py:538} INFO - Filling up the DagBag from /home/airflow/.local/lib/python3.7/site-packages/airflow/example_dags/example_branch_operator.py
[2023-01-19T20:44:59.085+0000] {processor.py:753} INFO - DAG(s) dict_keys(['example_branch_operator']) retrieved from /home/airflow/.local/lib/python3.7/site-packages/airflow/example_dags/example_branch_operator.py
[2023-01-19T20:44:59.136+0000] {logging_mixin.py:137} INFO - [2023-01-19T20:44:59.136+0000] {dag.py:2676} INFO - Sync 1 DAGs
[2023-01-19T20:44:59.170+0000] {logging_mixin.py:137} INFO - [2023-01-19T20:44:59.170+0000] {dag.py:3427} INFO - Setting next_dagrun for example_branch_operator to 2023-01-18T00:00:00+00:00, run_after=2023-01-19T00:00:00+00:00
[2023-01-19T20:44:59.196+0000] {processor.py:175} INFO - Processing /home/airflow/.local/lib/python3.7/site-packages/airflow/example_dags/example_branch_operator.py took 0.140 seconds
[2023-01-19T20:45:29.450+0000] {processor.py:153} INFO - Started process (PID=2766) to work on /home/airflow/.local/lib/python3.7/site-packages/airflow/example_dags/example_branch_operator.py
[2023-01-19T20:45:29.451+0000] {processor.py:743} INFO - Processing file /home/airflow/.local/lib/python3.7/site-packages/airflow/example_dags/example_branch_operator.py for tasks to queue
[2023-01-19T20:45:29.451+0000] {logging_mixin.py:137} INFO - [2023-01-19T20:45:29.451+0000] {dagbag.py:538} INFO - Filling up the DagBag from /home/airflow/.local/lib/python3.7/site-packages/airflow/example_dags/example_branch_operator.py
[2023-01-19T20:45:29.473+0000] {processor.py:753} INFO - DAG(s) dict_keys(['example_branch_operator']) retrieved from /home/airflow/.local/lib/python3.7/site-packages/airflow/example_dags/example_branch_operator.py
[2023-01-19T20:45:29.527+0000] {logging_mixin.py:137} INFO - [2023-01-19T20:45:29.527+0000] {dag.py:2676} INFO - Sync 1 DAGs
[2023-01-19T20:45:29.573+0000] {logging_mixin.py:137} INFO - [2023-01-19T20:45:29.573+0000] {dag.py:3427} INFO - Setting next_dagrun for example_branch_operator to 2023-01-18T00:00:00+00:00, run_after=2023-01-19T00:00:00+00:00
[2023-01-19T20:45:29.598+0000] {processor.py:175} INFO - Processing /home/airflow/.local/lib/python3.7/site-packages/airflow/example_dags/example_branch_operator.py took 0.152 seconds
[2023-01-19T20:46:00.265+0000] {processor.py:153} INFO - Started process (PID=2854) to work on /home/airflow/.local/lib/python3.7/site-packages/airflow/example_dags/example_branch_operator.py
[2023-01-19T20:46:00.267+0000] {processor.py:743} INFO - Processing file /home/airflow/.local/lib/python3.7/site-packages/airflow/example_dags/example_branch_operator.py for tasks to queue
[2023-01-19T20:46:00.267+0000] {logging_mixin.py:137} INFO - [2023-01-19T20:46:00.267+0000] {dagbag.py:538} INFO - Filling up the DagBag from /home/airflow/.local/lib/python3.7/site-packages/airflow/example_dags/example_branch_operator.py
[2023-01-19T20:46:00.288+0000] {processor.py:753} INFO - DAG(s) dict_keys(['example_branch_operator']) retrieved from /home/airflow/.local/lib/python3.7/site-packages/airflow/example_dags/example_branch_operator.py
[2023-01-19T20:46:00.341+0000] {logging_mixin.py:137} INFO - [2023-01-19T20:46:00.341+0000] {dag.py:2676} INFO - Sync 1 DAGs
[2023-01-19T20:46:00.387+0000] {logging_mixin.py:137} INFO - [2023-01-19T20:46:00.387+0000] {dag.py:3427} INFO - Setting next_dagrun for example_branch_operator to 2023-01-18T00:00:00+00:00, run_after=2023-01-19T00:00:00+00:00
[2023-01-19T20:46:00.419+0000] {processor.py:175} INFO - Processing /home/airflow/.local/lib/python3.7/site-packages/airflow/example_dags/example_branch_operator.py took 0.157 seconds
[2023-01-19T20:46:30.709+0000] {processor.py:153} INFO - Started process (PID=2926) to work on /home/airflow/.local/lib/python3.7/site-packages/airflow/example_dags/example_branch_operator.py
[2023-01-19T20:46:30.711+0000] {processor.py:743} INFO - Processing file /home/airflow/.local/lib/python3.7/site-packages/airflow/example_dags/example_branch_operator.py for tasks to queue
[2023-01-19T20:46:30.712+0000] {logging_mixin.py:137} INFO - [2023-01-19T20:46:30.711+0000] {dagbag.py:538} INFO - Filling up the DagBag from /home/airflow/.local/lib/python3.7/site-packages/airflow/example_dags/example_branch_operator.py
[2023-01-19T20:46:30.733+0000] {processor.py:753} INFO - DAG(s) dict_keys(['example_branch_operator']) retrieved from /home/airflow/.local/lib/python3.7/site-packages/airflow/example_dags/example_branch_operator.py
[2023-01-19T20:46:30.782+0000] {logging_mixin.py:137} INFO - [2023-01-19T20:46:30.782+0000] {dag.py:2676} INFO - Sync 1 DAGs
[2023-01-19T20:46:30.822+0000] {logging_mixin.py:137} INFO - [2023-01-19T20:46:30.822+0000] {dag.py:3427} INFO - Setting next_dagrun for example_branch_operator to 2023-01-18T00:00:00+00:00, run_after=2023-01-19T00:00:00+00:00
[2023-01-19T20:46:30.848+0000] {processor.py:175} INFO - Processing /home/airflow/.local/lib/python3.7/site-packages/airflow/example_dags/example_branch_operator.py took 0.142 seconds
[2023-01-19T20:47:01.411+0000] {processor.py:153} INFO - Started process (PID=2998) to work on /home/airflow/.local/lib/python3.7/site-packages/airflow/example_dags/example_branch_operator.py
[2023-01-19T20:47:01.412+0000] {processor.py:743} INFO - Processing file /home/airflow/.local/lib/python3.7/site-packages/airflow/example_dags/example_branch_operator.py for tasks to queue
[2023-01-19T20:47:01.412+0000] {logging_mixin.py:137} INFO - [2023-01-19T20:47:01.412+0000] {dagbag.py:538} INFO - Filling up the DagBag from /home/airflow/.local/lib/python3.7/site-packages/airflow/example_dags/example_branch_operator.py
[2023-01-19T20:47:01.435+0000] {processor.py:753} INFO - DAG(s) dict_keys(['example_branch_operator']) retrieved from /home/airflow/.local/lib/python3.7/site-packages/airflow/example_dags/example_branch_operator.py
[2023-01-19T20:47:01.487+0000] {logging_mixin.py:137} INFO - [2023-01-19T20:47:01.487+0000] {dag.py:2676} INFO - Sync 1 DAGs
[2023-01-19T20:47:01.539+0000] {logging_mixin.py:137} INFO - [2023-01-19T20:47:01.539+0000] {dag.py:3427} INFO - Setting next_dagrun for example_branch_operator to 2023-01-18T00:00:00+00:00, run_after=2023-01-19T00:00:00+00:00
[2023-01-19T20:47:01.577+0000] {processor.py:175} INFO - Processing /home/airflow/.local/lib/python3.7/site-packages/airflow/example_dags/example_branch_operator.py took 0.170 seconds
