[2023-01-19T20:21:29.264+0000] {processor.py:153} INFO - Started process (PID=61) to work on /home/airflow/.local/lib/python3.7/site-packages/airflow/example_dags/example_branch_labels.py
[2023-01-19T20:21:29.265+0000] {processor.py:743} INFO - Processing file /home/airflow/.local/lib/python3.7/site-packages/airflow/example_dags/example_branch_labels.py for tasks to queue
[2023-01-19T20:21:29.266+0000] {logging_mixin.py:137} INFO - [2023-01-19T20:21:29.266+0000] {dagbag.py:538} INFO - Filling up the DagBag from /home/airflow/.local/lib/python3.7/site-packages/airflow/example_dags/example_branch_labels.py
[2023-01-19T20:21:29.291+0000] {processor.py:753} INFO - DAG(s) dict_keys(['example_branch_labels']) retrieved from /home/airflow/.local/lib/python3.7/site-packages/airflow/example_dags/example_branch_labels.py
[2023-01-19T20:21:29.339+0000] {logging_mixin.py:137} INFO - [2023-01-19T20:21:29.339+0000] {dag.py:2676} INFO - Sync 1 DAGs
[2023-01-19T20:21:29.394+0000] {logging_mixin.py:137} INFO - [2023-01-19T20:21:29.394+0000] {dag.py:3427} INFO - Setting next_dagrun for example_branch_labels to 2023-01-18T00:00:00+00:00, run_after=2023-01-19T00:00:00+00:00
[2023-01-19T20:21:29.429+0000] {processor.py:175} INFO - Processing /home/airflow/.local/lib/python3.7/site-packages/airflow/example_dags/example_branch_labels.py took 0.170 seconds
[2023-01-19T20:22:00.257+0000] {processor.py:153} INFO - Started process (PID=133) to work on /home/airflow/.local/lib/python3.7/site-packages/airflow/example_dags/example_branch_labels.py
[2023-01-19T20:22:00.260+0000] {processor.py:743} INFO - Processing file /home/airflow/.local/lib/python3.7/site-packages/airflow/example_dags/example_branch_labels.py for tasks to queue
[2023-01-19T20:22:00.262+0000] {logging_mixin.py:137} INFO - [2023-01-19T20:22:00.262+0000] {dagbag.py:538} INFO - Filling up the DagBag from /home/airflow/.local/lib/python3.7/site-packages/airflow/example_dags/example_branch_labels.py
[2023-01-19T20:22:00.311+0000] {processor.py:753} INFO - DAG(s) dict_keys(['example_branch_labels']) retrieved from /home/airflow/.local/lib/python3.7/site-packages/airflow/example_dags/example_branch_labels.py
[2023-01-19T20:22:00.435+0000] {processor.py:178} ERROR - Got an exception! Propagating...
Traceback (most recent call last):
  File "/home/airflow/.local/lib/python3.7/site-packages/sqlalchemy/engine/base.py", line 3361, in _wrap_pool_connect
    return fn()
  File "/home/airflow/.local/lib/python3.7/site-packages/sqlalchemy/pool/base.py", line 325, in connect
    return _ConnectionFairy._checkout(self)
  File "/home/airflow/.local/lib/python3.7/site-packages/sqlalchemy/pool/base.py", line 888, in _checkout
    fairy = _ConnectionRecord.checkout(pool)
  File "/home/airflow/.local/lib/python3.7/site-packages/sqlalchemy/pool/base.py", line 491, in checkout
    rec = pool._do_get()
  File "/home/airflow/.local/lib/python3.7/site-packages/sqlalchemy/pool/impl.py", line 146, in _do_get
    self._dec_overflow()
  File "/home/airflow/.local/lib/python3.7/site-packages/sqlalchemy/util/langhelpers.py", line 72, in __exit__
    with_traceback=exc_tb,
  File "/home/airflow/.local/lib/python3.7/site-packages/sqlalchemy/util/compat.py", line 210, in raise_
    raise exception
  File "/home/airflow/.local/lib/python3.7/site-packages/sqlalchemy/pool/impl.py", line 143, in _do_get
    return self._create_connection()
  File "/home/airflow/.local/lib/python3.7/site-packages/sqlalchemy/pool/base.py", line 271, in _create_connection
    return _ConnectionRecord(self)
  File "/home/airflow/.local/lib/python3.7/site-packages/sqlalchemy/pool/base.py", line 386, in __init__
    self.__connect()
  File "/home/airflow/.local/lib/python3.7/site-packages/sqlalchemy/pool/base.py", line 685, in __connect
    pool.logger.debug("Error on connect(): %s", e)
  File "/home/airflow/.local/lib/python3.7/site-packages/sqlalchemy/util/langhelpers.py", line 72, in __exit__
    with_traceback=exc_tb,
  File "/home/airflow/.local/lib/python3.7/site-packages/sqlalchemy/util/compat.py", line 210, in raise_
    raise exception
  File "/home/airflow/.local/lib/python3.7/site-packages/sqlalchemy/pool/base.py", line 680, in __connect
    self.dbapi_connection = connection = pool._invoke_creator(self)
  File "/home/airflow/.local/lib/python3.7/site-packages/sqlalchemy/engine/create.py", line 578, in connect
    return dialect.connect(*cargs, **cparams)
  File "/home/airflow/.local/lib/python3.7/site-packages/sqlalchemy/engine/default.py", line 598, in connect
    return self.dbapi.connect(*cargs, **cparams)
  File "/home/airflow/.local/lib/python3.7/site-packages/psycopg2/__init__.py", line 122, in connect
    conn = _connect(dsn, connection_factory=connection_factory, **kwasync)
psycopg2.OperationalError: connection to server at "postgres" (172.21.0.3), port 5432 failed: Connection refused
	Is the server running on that host and accepting TCP/IP connections?


The above exception was the direct cause of the following exception:

Traceback (most recent call last):
  File "/home/airflow/.local/lib/python3.7/site-packages/airflow/dag_processing/processor.py", line 174, in _run_file_processor
    _handle_dag_file_processing()
  File "/home/airflow/.local/lib/python3.7/site-packages/airflow/dag_processing/processor.py", line 158, in _handle_dag_file_processing
    callback_requests=callback_requests,
  File "/home/airflow/.local/lib/python3.7/site-packages/airflow/utils/session.py", line 75, in wrapper
    return func(*args, session=session, **kwargs)
  File "/home/airflow/.local/lib/python3.7/site-packages/airflow/dag_processing/processor.py", line 768, in process_file
    dagbag.sync_to_db(processor_subdir=self._dag_directory, session=session)
  File "/home/airflow/.local/lib/python3.7/site-packages/airflow/utils/session.py", line 72, in wrapper
    return func(*args, **kwargs)
  File "/home/airflow/.local/lib/python3.7/site-packages/airflow/models/dagbag.py", line 645, in sync_to_db
    for attempt in run_with_db_retries(logger=self.log):
  File "/home/airflow/.local/lib/python3.7/site-packages/tenacity/__init__.py", line 384, in __iter__
    do = self.iter(retry_state=retry_state)
  File "/home/airflow/.local/lib/python3.7/site-packages/tenacity/__init__.py", line 362, in iter
    raise retry_exc.reraise()
  File "/home/airflow/.local/lib/python3.7/site-packages/tenacity/__init__.py", line 195, in reraise
    raise self.last_attempt.result()
  File "/usr/local/lib/python3.7/concurrent/futures/_base.py", line 428, in result
    return self.__get_result()
  File "/usr/local/lib/python3.7/concurrent/futures/_base.py", line 384, in __get_result
    raise self._exception
  File "/home/airflow/.local/lib/python3.7/site-packages/airflow/models/dagbag.py", line 657, in sync_to_db
    serialize_errors.extend(_serialize_dag_capturing_errors(dag, session))
  File "/home/airflow/.local/lib/python3.7/site-packages/airflow/models/dagbag.py", line 631, in _serialize_dag_capturing_errors
    session=session,
  File "/home/airflow/.local/lib/python3.7/site-packages/airflow/utils/session.py", line 72, in wrapper
    return func(*args, **kwargs)
  File "/home/airflow/.local/lib/python3.7/site-packages/airflow/models/serialized_dag.py", line 149, in write_dag
    (timezone.utcnow() - timedelta(seconds=min_update_interval)) < cls.last_updated,
  File "/home/airflow/.local/lib/python3.7/site-packages/sqlalchemy/orm/query.py", line 2892, in scalar
    ret = self.one()
  File "/home/airflow/.local/lib/python3.7/site-packages/sqlalchemy/orm/query.py", line 2869, in one
    return self._iter().one()
  File "/home/airflow/.local/lib/python3.7/site-packages/sqlalchemy/orm/query.py", line 2918, in _iter
    execution_options={"_sa_orm_load_options": self.load_options},
  File "/home/airflow/.local/lib/python3.7/site-packages/sqlalchemy/orm/session.py", line 1713, in execute
    conn = self._connection_for_bind(bind)
  File "/home/airflow/.local/lib/python3.7/site-packages/sqlalchemy/orm/session.py", line 1553, in _connection_for_bind
    engine, execution_options
  File "/home/airflow/.local/lib/python3.7/site-packages/sqlalchemy/orm/session.py", line 747, in _connection_for_bind
    conn = bind.connect()
  File "/home/airflow/.local/lib/python3.7/site-packages/sqlalchemy/engine/base.py", line 3315, in connect
    return self._connection_cls(self, close_with_result=close_with_result)
  File "/home/airflow/.local/lib/python3.7/site-packages/sqlalchemy/engine/base.py", line 96, in __init__
    else engine.raw_connection()
  File "/home/airflow/.local/lib/python3.7/site-packages/sqlalchemy/engine/base.py", line 3394, in raw_connection
    return self._wrap_pool_connect(self.pool.connect, _connection)
  File "/home/airflow/.local/lib/python3.7/site-packages/sqlalchemy/engine/base.py", line 3365, in _wrap_pool_connect
    e, dialect, self
  File "/home/airflow/.local/lib/python3.7/site-packages/sqlalchemy/engine/base.py", line 2199, in _handle_dbapi_exception_noconnection
    sqlalchemy_exception, with_traceback=exc_info[2], from_=e
  File "/home/airflow/.local/lib/python3.7/site-packages/sqlalchemy/util/compat.py", line 210, in raise_
    raise exception
  File "/home/airflow/.local/lib/python3.7/site-packages/sqlalchemy/engine/base.py", line 3361, in _wrap_pool_connect
    return fn()
  File "/home/airflow/.local/lib/python3.7/site-packages/sqlalchemy/pool/base.py", line 325, in connect
    return _ConnectionFairy._checkout(self)
  File "/home/airflow/.local/lib/python3.7/site-packages/sqlalchemy/pool/base.py", line 888, in _checkout
    fairy = _ConnectionRecord.checkout(pool)
  File "/home/airflow/.local/lib/python3.7/site-packages/sqlalchemy/pool/base.py", line 491, in checkout
    rec = pool._do_get()
  File "/home/airflow/.local/lib/python3.7/site-packages/sqlalchemy/pool/impl.py", line 146, in _do_get
    self._dec_overflow()
  File "/home/airflow/.local/lib/python3.7/site-packages/sqlalchemy/util/langhelpers.py", line 72, in __exit__
    with_traceback=exc_tb,
  File "/home/airflow/.local/lib/python3.7/site-packages/sqlalchemy/util/compat.py", line 210, in raise_
    raise exception
  File "/home/airflow/.local/lib/python3.7/site-packages/sqlalchemy/pool/impl.py", line 143, in _do_get
    return self._create_connection()
  File "/home/airflow/.local/lib/python3.7/site-packages/sqlalchemy/pool/base.py", line 271, in _create_connection
    return _ConnectionRecord(self)
  File "/home/airflow/.local/lib/python3.7/site-packages/sqlalchemy/pool/base.py", line 386, in __init__
    self.__connect()
  File "/home/airflow/.local/lib/python3.7/site-packages/sqlalchemy/pool/base.py", line 685, in __connect
    pool.logger.debug("Error on connect(): %s", e)
  File "/home/airflow/.local/lib/python3.7/site-packages/sqlalchemy/util/langhelpers.py", line 72, in __exit__
    with_traceback=exc_tb,
  File "/home/airflow/.local/lib/python3.7/site-packages/sqlalchemy/util/compat.py", line 210, in raise_
    raise exception
  File "/home/airflow/.local/lib/python3.7/site-packages/sqlalchemy/pool/base.py", line 680, in __connect
    self.dbapi_connection = connection = pool._invoke_creator(self)
  File "/home/airflow/.local/lib/python3.7/site-packages/sqlalchemy/engine/create.py", line 578, in connect
    return dialect.connect(*cargs, **cparams)
  File "/home/airflow/.local/lib/python3.7/site-packages/sqlalchemy/engine/default.py", line 598, in connect
    return self.dbapi.connect(*cargs, **cparams)
  File "/home/airflow/.local/lib/python3.7/site-packages/psycopg2/__init__.py", line 122, in connect
    conn = _connect(dsn, connection_factory=connection_factory, **kwasync)
sqlalchemy.exc.OperationalError: (psycopg2.OperationalError) connection to server at "postgres" (172.21.0.3), port 5432 failed: Connection refused
	Is the server running on that host and accepting TCP/IP connections?

(Background on this error at: https://sqlalche.me/e/14/e3q8)
[2023-01-19T20:22:45.803+0000] {processor.py:153} INFO - Started process (PID=52) to work on /home/airflow/.local/lib/python3.7/site-packages/airflow/example_dags/example_branch_labels.py
[2023-01-19T20:22:45.805+0000] {processor.py:743} INFO - Processing file /home/airflow/.local/lib/python3.7/site-packages/airflow/example_dags/example_branch_labels.py for tasks to queue
[2023-01-19T20:22:45.806+0000] {logging_mixin.py:137} INFO - [2023-01-19T20:22:45.806+0000] {dagbag.py:538} INFO - Filling up the DagBag from /home/airflow/.local/lib/python3.7/site-packages/airflow/example_dags/example_branch_labels.py
[2023-01-19T20:22:45.841+0000] {processor.py:753} INFO - DAG(s) dict_keys(['example_branch_labels']) retrieved from /home/airflow/.local/lib/python3.7/site-packages/airflow/example_dags/example_branch_labels.py
[2023-01-19T20:22:45.907+0000] {logging_mixin.py:137} INFO - [2023-01-19T20:22:45.907+0000] {dag.py:2676} INFO - Sync 1 DAGs
[2023-01-19T20:22:45.957+0000] {logging_mixin.py:137} INFO - [2023-01-19T20:22:45.956+0000] {dag.py:3427} INFO - Setting next_dagrun for example_branch_labels to 2023-01-18T00:00:00+00:00, run_after=2023-01-19T00:00:00+00:00
[2023-01-19T20:22:45.988+0000] {processor.py:175} INFO - Processing /home/airflow/.local/lib/python3.7/site-packages/airflow/example_dags/example_branch_labels.py took 0.196 seconds
[2023-01-19T20:23:16.373+0000] {processor.py:153} INFO - Started process (PID=133) to work on /home/airflow/.local/lib/python3.7/site-packages/airflow/example_dags/example_branch_labels.py
[2023-01-19T20:23:16.374+0000] {processor.py:743} INFO - Processing file /home/airflow/.local/lib/python3.7/site-packages/airflow/example_dags/example_branch_labels.py for tasks to queue
[2023-01-19T20:23:16.375+0000] {logging_mixin.py:137} INFO - [2023-01-19T20:23:16.374+0000] {dagbag.py:538} INFO - Filling up the DagBag from /home/airflow/.local/lib/python3.7/site-packages/airflow/example_dags/example_branch_labels.py
[2023-01-19T20:23:16.402+0000] {processor.py:753} INFO - DAG(s) dict_keys(['example_branch_labels']) retrieved from /home/airflow/.local/lib/python3.7/site-packages/airflow/example_dags/example_branch_labels.py
[2023-01-19T20:23:16.461+0000] {logging_mixin.py:137} INFO - [2023-01-19T20:23:16.461+0000] {dag.py:2676} INFO - Sync 1 DAGs
[2023-01-19T20:23:16.519+0000] {logging_mixin.py:137} INFO - [2023-01-19T20:23:16.518+0000] {dag.py:3427} INFO - Setting next_dagrun for example_branch_labels to 2023-01-18T00:00:00+00:00, run_after=2023-01-19T00:00:00+00:00
[2023-01-19T20:23:16.554+0000] {processor.py:175} INFO - Processing /home/airflow/.local/lib/python3.7/site-packages/airflow/example_dags/example_branch_labels.py took 0.185 seconds
[2023-01-19T20:23:47.066+0000] {processor.py:153} INFO - Started process (PID=205) to work on /home/airflow/.local/lib/python3.7/site-packages/airflow/example_dags/example_branch_labels.py
[2023-01-19T20:23:47.067+0000] {processor.py:743} INFO - Processing file /home/airflow/.local/lib/python3.7/site-packages/airflow/example_dags/example_branch_labels.py for tasks to queue
[2023-01-19T20:23:47.067+0000] {logging_mixin.py:137} INFO - [2023-01-19T20:23:47.067+0000] {dagbag.py:538} INFO - Filling up the DagBag from /home/airflow/.local/lib/python3.7/site-packages/airflow/example_dags/example_branch_labels.py
[2023-01-19T20:23:47.086+0000] {processor.py:753} INFO - DAG(s) dict_keys(['example_branch_labels']) retrieved from /home/airflow/.local/lib/python3.7/site-packages/airflow/example_dags/example_branch_labels.py
[2023-01-19T20:23:47.134+0000] {logging_mixin.py:137} INFO - [2023-01-19T20:23:47.134+0000] {dag.py:2676} INFO - Sync 1 DAGs
[2023-01-19T20:23:47.167+0000] {logging_mixin.py:137} INFO - [2023-01-19T20:23:47.167+0000] {dag.py:3427} INFO - Setting next_dagrun for example_branch_labels to 2023-01-18T00:00:00+00:00, run_after=2023-01-19T00:00:00+00:00
[2023-01-19T20:23:47.195+0000] {processor.py:175} INFO - Processing /home/airflow/.local/lib/python3.7/site-packages/airflow/example_dags/example_branch_labels.py took 0.133 seconds
[2023-01-19T20:24:17.318+0000] {processor.py:153} INFO - Started process (PID=278) to work on /home/airflow/.local/lib/python3.7/site-packages/airflow/example_dags/example_branch_labels.py
[2023-01-19T20:24:17.319+0000] {processor.py:743} INFO - Processing file /home/airflow/.local/lib/python3.7/site-packages/airflow/example_dags/example_branch_labels.py for tasks to queue
[2023-01-19T20:24:17.320+0000] {logging_mixin.py:137} INFO - [2023-01-19T20:24:17.320+0000] {dagbag.py:538} INFO - Filling up the DagBag from /home/airflow/.local/lib/python3.7/site-packages/airflow/example_dags/example_branch_labels.py
[2023-01-19T20:24:17.339+0000] {processor.py:753} INFO - DAG(s) dict_keys(['example_branch_labels']) retrieved from /home/airflow/.local/lib/python3.7/site-packages/airflow/example_dags/example_branch_labels.py
[2023-01-19T20:24:17.386+0000] {logging_mixin.py:137} INFO - [2023-01-19T20:24:17.386+0000] {dag.py:2676} INFO - Sync 1 DAGs
[2023-01-19T20:24:17.422+0000] {logging_mixin.py:137} INFO - [2023-01-19T20:24:17.421+0000] {dag.py:3427} INFO - Setting next_dagrun for example_branch_labels to 2023-01-18T00:00:00+00:00, run_after=2023-01-19T00:00:00+00:00
[2023-01-19T20:24:17.448+0000] {processor.py:175} INFO - Processing /home/airflow/.local/lib/python3.7/site-packages/airflow/example_dags/example_branch_labels.py took 0.134 seconds
[2023-01-19T20:24:47.856+0000] {processor.py:153} INFO - Started process (PID=366) to work on /home/airflow/.local/lib/python3.7/site-packages/airflow/example_dags/example_branch_labels.py
[2023-01-19T20:24:47.858+0000] {processor.py:743} INFO - Processing file /home/airflow/.local/lib/python3.7/site-packages/airflow/example_dags/example_branch_labels.py for tasks to queue
[2023-01-19T20:24:47.859+0000] {logging_mixin.py:137} INFO - [2023-01-19T20:24:47.859+0000] {dagbag.py:538} INFO - Filling up the DagBag from /home/airflow/.local/lib/python3.7/site-packages/airflow/example_dags/example_branch_labels.py
[2023-01-19T20:24:47.891+0000] {processor.py:753} INFO - DAG(s) dict_keys(['example_branch_labels']) retrieved from /home/airflow/.local/lib/python3.7/site-packages/airflow/example_dags/example_branch_labels.py
[2023-01-19T20:24:47.953+0000] {logging_mixin.py:137} INFO - [2023-01-19T20:24:47.952+0000] {dag.py:2676} INFO - Sync 1 DAGs
[2023-01-19T20:24:47.995+0000] {logging_mixin.py:137} INFO - [2023-01-19T20:24:47.995+0000] {dag.py:3427} INFO - Setting next_dagrun for example_branch_labels to 2023-01-18T00:00:00+00:00, run_after=2023-01-19T00:00:00+00:00
[2023-01-19T20:24:48.025+0000] {processor.py:175} INFO - Processing /home/airflow/.local/lib/python3.7/site-packages/airflow/example_dags/example_branch_labels.py took 0.174 seconds
[2023-01-19T20:25:18.106+0000] {processor.py:153} INFO - Started process (PID=438) to work on /home/airflow/.local/lib/python3.7/site-packages/airflow/example_dags/example_branch_labels.py
[2023-01-19T20:25:18.107+0000] {processor.py:743} INFO - Processing file /home/airflow/.local/lib/python3.7/site-packages/airflow/example_dags/example_branch_labels.py for tasks to queue
[2023-01-19T20:25:18.108+0000] {logging_mixin.py:137} INFO - [2023-01-19T20:25:18.107+0000] {dagbag.py:538} INFO - Filling up the DagBag from /home/airflow/.local/lib/python3.7/site-packages/airflow/example_dags/example_branch_labels.py
[2023-01-19T20:25:18.126+0000] {processor.py:753} INFO - DAG(s) dict_keys(['example_branch_labels']) retrieved from /home/airflow/.local/lib/python3.7/site-packages/airflow/example_dags/example_branch_labels.py
[2023-01-19T20:25:18.176+0000] {logging_mixin.py:137} INFO - [2023-01-19T20:25:18.176+0000] {dag.py:2676} INFO - Sync 1 DAGs
[2023-01-19T20:25:18.214+0000] {logging_mixin.py:137} INFO - [2023-01-19T20:25:18.214+0000] {dag.py:3427} INFO - Setting next_dagrun for example_branch_labels to 2023-01-18T00:00:00+00:00, run_after=2023-01-19T00:00:00+00:00
[2023-01-19T20:25:18.242+0000] {processor.py:175} INFO - Processing /home/airflow/.local/lib/python3.7/site-packages/airflow/example_dags/example_branch_labels.py took 0.140 seconds
[2023-01-19T20:25:48.456+0000] {processor.py:153} INFO - Started process (PID=510) to work on /home/airflow/.local/lib/python3.7/site-packages/airflow/example_dags/example_branch_labels.py
[2023-01-19T20:25:48.457+0000] {processor.py:743} INFO - Processing file /home/airflow/.local/lib/python3.7/site-packages/airflow/example_dags/example_branch_labels.py for tasks to queue
[2023-01-19T20:25:48.458+0000] {logging_mixin.py:137} INFO - [2023-01-19T20:25:48.457+0000] {dagbag.py:538} INFO - Filling up the DagBag from /home/airflow/.local/lib/python3.7/site-packages/airflow/example_dags/example_branch_labels.py
[2023-01-19T20:25:48.476+0000] {processor.py:753} INFO - DAG(s) dict_keys(['example_branch_labels']) retrieved from /home/airflow/.local/lib/python3.7/site-packages/airflow/example_dags/example_branch_labels.py
[2023-01-19T20:25:48.510+0000] {logging_mixin.py:137} INFO - [2023-01-19T20:25:48.509+0000] {dag.py:2676} INFO - Sync 1 DAGs
[2023-01-19T20:25:48.550+0000] {logging_mixin.py:137} INFO - [2023-01-19T20:25:48.550+0000] {dag.py:3427} INFO - Setting next_dagrun for example_branch_labels to 2023-01-18T00:00:00+00:00, run_after=2023-01-19T00:00:00+00:00
[2023-01-19T20:25:48.578+0000] {processor.py:175} INFO - Processing /home/airflow/.local/lib/python3.7/site-packages/airflow/example_dags/example_branch_labels.py took 0.126 seconds
[2023-01-19T20:27:36.119+0000] {processor.py:153} INFO - Started process (PID=61) to work on /home/airflow/.local/lib/python3.7/site-packages/airflow/example_dags/example_branch_labels.py
[2023-01-19T20:27:36.121+0000] {processor.py:743} INFO - Processing file /home/airflow/.local/lib/python3.7/site-packages/airflow/example_dags/example_branch_labels.py for tasks to queue
[2023-01-19T20:27:36.122+0000] {logging_mixin.py:137} INFO - [2023-01-19T20:27:36.121+0000] {dagbag.py:538} INFO - Filling up the DagBag from /home/airflow/.local/lib/python3.7/site-packages/airflow/example_dags/example_branch_labels.py
[2023-01-19T20:27:36.143+0000] {processor.py:753} INFO - DAG(s) dict_keys(['example_branch_labels']) retrieved from /home/airflow/.local/lib/python3.7/site-packages/airflow/example_dags/example_branch_labels.py
[2023-01-19T20:27:36.340+0000] {logging_mixin.py:137} INFO - [2023-01-19T20:27:36.340+0000] {manager.py:504} INFO - Created Permission View: can delete on DAG:example_branch_labels
[2023-01-19T20:27:36.353+0000] {logging_mixin.py:137} INFO - [2023-01-19T20:27:36.352+0000] {manager.py:504} INFO - Created Permission View: can edit on DAG:example_branch_labels
[2023-01-19T20:27:36.365+0000] {logging_mixin.py:137} INFO - [2023-01-19T20:27:36.365+0000] {manager.py:504} INFO - Created Permission View: can read on DAG:example_branch_labels
[2023-01-19T20:27:36.366+0000] {logging_mixin.py:137} INFO - [2023-01-19T20:27:36.366+0000] {dag.py:2676} INFO - Sync 1 DAGs
[2023-01-19T20:27:36.387+0000] {logging_mixin.py:137} INFO - [2023-01-19T20:27:36.386+0000] {dag.py:2697} INFO - Creating ORM DAG for example_branch_labels
[2023-01-19T20:27:36.409+0000] {logging_mixin.py:137} INFO - [2023-01-19T20:27:36.409+0000] {dag.py:3427} INFO - Setting next_dagrun for example_branch_labels to 2023-01-18T00:00:00+00:00, run_after=2023-01-19T00:00:00+00:00
[2023-01-19T20:27:36.436+0000] {processor.py:175} INFO - Processing /home/airflow/.local/lib/python3.7/site-packages/airflow/example_dags/example_branch_labels.py took 0.321 seconds
[2023-01-19T20:28:07.253+0000] {processor.py:153} INFO - Started process (PID=133) to work on /home/airflow/.local/lib/python3.7/site-packages/airflow/example_dags/example_branch_labels.py
[2023-01-19T20:28:07.254+0000] {processor.py:743} INFO - Processing file /home/airflow/.local/lib/python3.7/site-packages/airflow/example_dags/example_branch_labels.py for tasks to queue
[2023-01-19T20:28:07.255+0000] {logging_mixin.py:137} INFO - [2023-01-19T20:28:07.255+0000] {dagbag.py:538} INFO - Filling up the DagBag from /home/airflow/.local/lib/python3.7/site-packages/airflow/example_dags/example_branch_labels.py
[2023-01-19T20:28:07.286+0000] {processor.py:753} INFO - DAG(s) dict_keys(['example_branch_labels']) retrieved from /home/airflow/.local/lib/python3.7/site-packages/airflow/example_dags/example_branch_labels.py
[2023-01-19T20:28:07.350+0000] {logging_mixin.py:137} INFO - [2023-01-19T20:28:07.349+0000] {dag.py:2676} INFO - Sync 1 DAGs
[2023-01-19T20:28:07.385+0000] {logging_mixin.py:137} INFO - [2023-01-19T20:28:07.384+0000] {dag.py:3427} INFO - Setting next_dagrun for example_branch_labels to 2023-01-18T00:00:00+00:00, run_after=2023-01-19T00:00:00+00:00
[2023-01-19T20:28:07.410+0000] {processor.py:175} INFO - Processing /home/airflow/.local/lib/python3.7/site-packages/airflow/example_dags/example_branch_labels.py took 0.166 seconds
[2023-01-19T20:28:37.808+0000] {processor.py:153} INFO - Started process (PID=205) to work on /home/airflow/.local/lib/python3.7/site-packages/airflow/example_dags/example_branch_labels.py
[2023-01-19T20:28:37.810+0000] {processor.py:743} INFO - Processing file /home/airflow/.local/lib/python3.7/site-packages/airflow/example_dags/example_branch_labels.py for tasks to queue
[2023-01-19T20:28:37.811+0000] {logging_mixin.py:137} INFO - [2023-01-19T20:28:37.811+0000] {dagbag.py:538} INFO - Filling up the DagBag from /home/airflow/.local/lib/python3.7/site-packages/airflow/example_dags/example_branch_labels.py
[2023-01-19T20:28:37.833+0000] {processor.py:753} INFO - DAG(s) dict_keys(['example_branch_labels']) retrieved from /home/airflow/.local/lib/python3.7/site-packages/airflow/example_dags/example_branch_labels.py
[2023-01-19T20:28:37.889+0000] {logging_mixin.py:137} INFO - [2023-01-19T20:28:37.889+0000] {dag.py:2676} INFO - Sync 1 DAGs
[2023-01-19T20:28:37.937+0000] {logging_mixin.py:137} INFO - [2023-01-19T20:28:37.937+0000] {dag.py:3427} INFO - Setting next_dagrun for example_branch_labels to 2023-01-18T00:00:00+00:00, run_after=2023-01-19T00:00:00+00:00
[2023-01-19T20:28:37.973+0000] {processor.py:175} INFO - Processing /home/airflow/.local/lib/python3.7/site-packages/airflow/example_dags/example_branch_labels.py took 0.170 seconds
[2023-01-19T20:29:08.995+0000] {processor.py:153} INFO - Started process (PID=294) to work on /home/airflow/.local/lib/python3.7/site-packages/airflow/example_dags/example_branch_labels.py
[2023-01-19T20:29:08.997+0000] {processor.py:743} INFO - Processing file /home/airflow/.local/lib/python3.7/site-packages/airflow/example_dags/example_branch_labels.py for tasks to queue
[2023-01-19T20:29:08.998+0000] {logging_mixin.py:137} INFO - [2023-01-19T20:29:08.998+0000] {dagbag.py:538} INFO - Filling up the DagBag from /home/airflow/.local/lib/python3.7/site-packages/airflow/example_dags/example_branch_labels.py
[2023-01-19T20:29:09.027+0000] {processor.py:753} INFO - DAG(s) dict_keys(['example_branch_labels']) retrieved from /home/airflow/.local/lib/python3.7/site-packages/airflow/example_dags/example_branch_labels.py
[2023-01-19T20:29:09.109+0000] {logging_mixin.py:137} INFO - [2023-01-19T20:29:09.108+0000] {dag.py:2676} INFO - Sync 1 DAGs
[2023-01-19T20:29:09.182+0000] {logging_mixin.py:137} INFO - [2023-01-19T20:29:09.181+0000] {dag.py:3427} INFO - Setting next_dagrun for example_branch_labels to 2023-01-18T00:00:00+00:00, run_after=2023-01-19T00:00:00+00:00
[2023-01-19T20:29:09.221+0000] {processor.py:175} INFO - Processing /home/airflow/.local/lib/python3.7/site-packages/airflow/example_dags/example_branch_labels.py took 0.233 seconds
[2023-01-19T20:29:39.273+0000] {processor.py:153} INFO - Started process (PID=367) to work on /home/airflow/.local/lib/python3.7/site-packages/airflow/example_dags/example_branch_labels.py
[2023-01-19T20:29:39.274+0000] {processor.py:743} INFO - Processing file /home/airflow/.local/lib/python3.7/site-packages/airflow/example_dags/example_branch_labels.py for tasks to queue
[2023-01-19T20:29:39.275+0000] {logging_mixin.py:137} INFO - [2023-01-19T20:29:39.274+0000] {dagbag.py:538} INFO - Filling up the DagBag from /home/airflow/.local/lib/python3.7/site-packages/airflow/example_dags/example_branch_labels.py
[2023-01-19T20:29:39.295+0000] {processor.py:753} INFO - DAG(s) dict_keys(['example_branch_labels']) retrieved from /home/airflow/.local/lib/python3.7/site-packages/airflow/example_dags/example_branch_labels.py
[2023-01-19T20:29:39.350+0000] {logging_mixin.py:137} INFO - [2023-01-19T20:29:39.350+0000] {dag.py:2676} INFO - Sync 1 DAGs
[2023-01-19T20:29:39.390+0000] {logging_mixin.py:137} INFO - [2023-01-19T20:29:39.390+0000] {dag.py:3427} INFO - Setting next_dagrun for example_branch_labels to 2023-01-18T00:00:00+00:00, run_after=2023-01-19T00:00:00+00:00
[2023-01-19T20:29:39.420+0000] {processor.py:175} INFO - Processing /home/airflow/.local/lib/python3.7/site-packages/airflow/example_dags/example_branch_labels.py took 0.151 seconds
[2023-01-19T20:30:10.000+0000] {processor.py:153} INFO - Started process (PID=439) to work on /home/airflow/.local/lib/python3.7/site-packages/airflow/example_dags/example_branch_labels.py
[2023-01-19T20:30:10.002+0000] {processor.py:743} INFO - Processing file /home/airflow/.local/lib/python3.7/site-packages/airflow/example_dags/example_branch_labels.py for tasks to queue
[2023-01-19T20:30:10.002+0000] {logging_mixin.py:137} INFO - [2023-01-19T20:30:10.002+0000] {dagbag.py:538} INFO - Filling up the DagBag from /home/airflow/.local/lib/python3.7/site-packages/airflow/example_dags/example_branch_labels.py
[2023-01-19T20:30:10.022+0000] {processor.py:753} INFO - DAG(s) dict_keys(['example_branch_labels']) retrieved from /home/airflow/.local/lib/python3.7/site-packages/airflow/example_dags/example_branch_labels.py
[2023-01-19T20:30:10.073+0000] {logging_mixin.py:137} INFO - [2023-01-19T20:30:10.073+0000] {dag.py:2676} INFO - Sync 1 DAGs
[2023-01-19T20:30:10.109+0000] {logging_mixin.py:137} INFO - [2023-01-19T20:30:10.108+0000] {dag.py:3427} INFO - Setting next_dagrun for example_branch_labels to 2023-01-18T00:00:00+00:00, run_after=2023-01-19T00:00:00+00:00
[2023-01-19T20:30:10.140+0000] {processor.py:175} INFO - Processing /home/airflow/.local/lib/python3.7/site-packages/airflow/example_dags/example_branch_labels.py took 0.145 seconds
[2023-01-19T20:30:40.402+0000] {processor.py:153} INFO - Started process (PID=518) to work on /home/airflow/.local/lib/python3.7/site-packages/airflow/example_dags/example_branch_labels.py
[2023-01-19T20:30:40.403+0000] {processor.py:743} INFO - Processing file /home/airflow/.local/lib/python3.7/site-packages/airflow/example_dags/example_branch_labels.py for tasks to queue
[2023-01-19T20:30:40.404+0000] {logging_mixin.py:137} INFO - [2023-01-19T20:30:40.403+0000] {dagbag.py:538} INFO - Filling up the DagBag from /home/airflow/.local/lib/python3.7/site-packages/airflow/example_dags/example_branch_labels.py
[2023-01-19T20:30:40.430+0000] {processor.py:753} INFO - DAG(s) dict_keys(['example_branch_labels']) retrieved from /home/airflow/.local/lib/python3.7/site-packages/airflow/example_dags/example_branch_labels.py
[2023-01-19T20:30:40.492+0000] {logging_mixin.py:137} INFO - [2023-01-19T20:30:40.492+0000] {dag.py:2676} INFO - Sync 1 DAGs
[2023-01-19T20:30:40.537+0000] {logging_mixin.py:137} INFO - [2023-01-19T20:30:40.537+0000] {dag.py:3427} INFO - Setting next_dagrun for example_branch_labels to 2023-01-18T00:00:00+00:00, run_after=2023-01-19T00:00:00+00:00
[2023-01-19T20:30:40.565+0000] {processor.py:175} INFO - Processing /home/airflow/.local/lib/python3.7/site-packages/airflow/example_dags/example_branch_labels.py took 0.168 seconds
[2023-01-19T20:31:11.533+0000] {processor.py:153} INFO - Started process (PID=599) to work on /home/airflow/.local/lib/python3.7/site-packages/airflow/example_dags/example_branch_labels.py
[2023-01-19T20:31:11.535+0000] {processor.py:743} INFO - Processing file /home/airflow/.local/lib/python3.7/site-packages/airflow/example_dags/example_branch_labels.py for tasks to queue
[2023-01-19T20:31:11.536+0000] {logging_mixin.py:137} INFO - [2023-01-19T20:31:11.536+0000] {dagbag.py:538} INFO - Filling up the DagBag from /home/airflow/.local/lib/python3.7/site-packages/airflow/example_dags/example_branch_labels.py
[2023-01-19T20:31:11.573+0000] {processor.py:753} INFO - DAG(s) dict_keys(['example_branch_labels']) retrieved from /home/airflow/.local/lib/python3.7/site-packages/airflow/example_dags/example_branch_labels.py
[2023-01-19T20:31:11.700+0000] {logging_mixin.py:137} INFO - [2023-01-19T20:31:11.700+0000] {dag.py:2676} INFO - Sync 1 DAGs
[2023-01-19T20:31:11.767+0000] {logging_mixin.py:137} INFO - [2023-01-19T20:31:11.767+0000] {dag.py:3427} INFO - Setting next_dagrun for example_branch_labels to 2023-01-18T00:00:00+00:00, run_after=2023-01-19T00:00:00+00:00
[2023-01-19T20:31:11.814+0000] {processor.py:175} INFO - Processing /home/airflow/.local/lib/python3.7/site-packages/airflow/example_dags/example_branch_labels.py took 0.287 seconds
[2023-01-19T20:31:42.318+0000] {processor.py:153} INFO - Started process (PID=671) to work on /home/airflow/.local/lib/python3.7/site-packages/airflow/example_dags/example_branch_labels.py
[2023-01-19T20:31:42.319+0000] {processor.py:743} INFO - Processing file /home/airflow/.local/lib/python3.7/site-packages/airflow/example_dags/example_branch_labels.py for tasks to queue
[2023-01-19T20:31:42.319+0000] {logging_mixin.py:137} INFO - [2023-01-19T20:31:42.319+0000] {dagbag.py:538} INFO - Filling up the DagBag from /home/airflow/.local/lib/python3.7/site-packages/airflow/example_dags/example_branch_labels.py
[2023-01-19T20:31:42.340+0000] {processor.py:753} INFO - DAG(s) dict_keys(['example_branch_labels']) retrieved from /home/airflow/.local/lib/python3.7/site-packages/airflow/example_dags/example_branch_labels.py
[2023-01-19T20:31:42.392+0000] {logging_mixin.py:137} INFO - [2023-01-19T20:31:42.392+0000] {dag.py:2676} INFO - Sync 1 DAGs
[2023-01-19T20:31:42.430+0000] {logging_mixin.py:137} INFO - [2023-01-19T20:31:42.430+0000] {dag.py:3427} INFO - Setting next_dagrun for example_branch_labels to 2023-01-18T00:00:00+00:00, run_after=2023-01-19T00:00:00+00:00
[2023-01-19T20:31:42.456+0000] {processor.py:175} INFO - Processing /home/airflow/.local/lib/python3.7/site-packages/airflow/example_dags/example_branch_labels.py took 0.143 seconds
[2023-01-19T20:32:12.690+0000] {processor.py:153} INFO - Started process (PID=744) to work on /home/airflow/.local/lib/python3.7/site-packages/airflow/example_dags/example_branch_labels.py
[2023-01-19T20:32:12.691+0000] {processor.py:743} INFO - Processing file /home/airflow/.local/lib/python3.7/site-packages/airflow/example_dags/example_branch_labels.py for tasks to queue
[2023-01-19T20:32:12.692+0000] {logging_mixin.py:137} INFO - [2023-01-19T20:32:12.692+0000] {dagbag.py:538} INFO - Filling up the DagBag from /home/airflow/.local/lib/python3.7/site-packages/airflow/example_dags/example_branch_labels.py
[2023-01-19T20:32:12.727+0000] {processor.py:753} INFO - DAG(s) dict_keys(['example_branch_labels']) retrieved from /home/airflow/.local/lib/python3.7/site-packages/airflow/example_dags/example_branch_labels.py
[2023-01-19T20:32:12.792+0000] {logging_mixin.py:137} INFO - [2023-01-19T20:32:12.791+0000] {dag.py:2676} INFO - Sync 1 DAGs
[2023-01-19T20:32:12.831+0000] {logging_mixin.py:137} INFO - [2023-01-19T20:32:12.830+0000] {dag.py:3427} INFO - Setting next_dagrun for example_branch_labels to 2023-01-18T00:00:00+00:00, run_after=2023-01-19T00:00:00+00:00
[2023-01-19T20:32:12.855+0000] {processor.py:175} INFO - Processing /home/airflow/.local/lib/python3.7/site-packages/airflow/example_dags/example_branch_labels.py took 0.168 seconds
[2023-01-19T20:32:42.984+0000] {processor.py:153} INFO - Started process (PID=832) to work on /home/airflow/.local/lib/python3.7/site-packages/airflow/example_dags/example_branch_labels.py
[2023-01-19T20:32:42.985+0000] {processor.py:743} INFO - Processing file /home/airflow/.local/lib/python3.7/site-packages/airflow/example_dags/example_branch_labels.py for tasks to queue
[2023-01-19T20:32:42.986+0000] {logging_mixin.py:137} INFO - [2023-01-19T20:32:42.986+0000] {dagbag.py:538} INFO - Filling up the DagBag from /home/airflow/.local/lib/python3.7/site-packages/airflow/example_dags/example_branch_labels.py
[2023-01-19T20:32:43.011+0000] {processor.py:753} INFO - DAG(s) dict_keys(['example_branch_labels']) retrieved from /home/airflow/.local/lib/python3.7/site-packages/airflow/example_dags/example_branch_labels.py
[2023-01-19T20:32:43.071+0000] {logging_mixin.py:137} INFO - [2023-01-19T20:32:43.071+0000] {dag.py:2676} INFO - Sync 1 DAGs
[2023-01-19T20:32:43.118+0000] {logging_mixin.py:137} INFO - [2023-01-19T20:32:43.118+0000] {dag.py:3427} INFO - Setting next_dagrun for example_branch_labels to 2023-01-18T00:00:00+00:00, run_after=2023-01-19T00:00:00+00:00
[2023-01-19T20:32:43.155+0000] {processor.py:175} INFO - Processing /home/airflow/.local/lib/python3.7/site-packages/airflow/example_dags/example_branch_labels.py took 0.176 seconds
[2023-01-19T20:33:13.202+0000] {processor.py:153} INFO - Started process (PID=904) to work on /home/airflow/.local/lib/python3.7/site-packages/airflow/example_dags/example_branch_labels.py
[2023-01-19T20:33:13.203+0000] {processor.py:743} INFO - Processing file /home/airflow/.local/lib/python3.7/site-packages/airflow/example_dags/example_branch_labels.py for tasks to queue
[2023-01-19T20:33:13.204+0000] {logging_mixin.py:137} INFO - [2023-01-19T20:33:13.204+0000] {dagbag.py:538} INFO - Filling up the DagBag from /home/airflow/.local/lib/python3.7/site-packages/airflow/example_dags/example_branch_labels.py
[2023-01-19T20:33:13.235+0000] {processor.py:753} INFO - DAG(s) dict_keys(['example_branch_labels']) retrieved from /home/airflow/.local/lib/python3.7/site-packages/airflow/example_dags/example_branch_labels.py
[2023-01-19T20:33:13.291+0000] {logging_mixin.py:137} INFO - [2023-01-19T20:33:13.291+0000] {dag.py:2676} INFO - Sync 1 DAGs
[2023-01-19T20:33:13.338+0000] {logging_mixin.py:137} INFO - [2023-01-19T20:33:13.338+0000] {dag.py:3427} INFO - Setting next_dagrun for example_branch_labels to 2023-01-18T00:00:00+00:00, run_after=2023-01-19T00:00:00+00:00
[2023-01-19T20:33:13.362+0000] {processor.py:175} INFO - Processing /home/airflow/.local/lib/python3.7/site-packages/airflow/example_dags/example_branch_labels.py took 0.165 seconds
[2023-01-19T20:33:43.515+0000] {processor.py:153} INFO - Started process (PID=976) to work on /home/airflow/.local/lib/python3.7/site-packages/airflow/example_dags/example_branch_labels.py
[2023-01-19T20:33:43.516+0000] {processor.py:743} INFO - Processing file /home/airflow/.local/lib/python3.7/site-packages/airflow/example_dags/example_branch_labels.py for tasks to queue
[2023-01-19T20:33:43.517+0000] {logging_mixin.py:137} INFO - [2023-01-19T20:33:43.516+0000] {dagbag.py:538} INFO - Filling up the DagBag from /home/airflow/.local/lib/python3.7/site-packages/airflow/example_dags/example_branch_labels.py
[2023-01-19T20:33:43.537+0000] {processor.py:753} INFO - DAG(s) dict_keys(['example_branch_labels']) retrieved from /home/airflow/.local/lib/python3.7/site-packages/airflow/example_dags/example_branch_labels.py
[2023-01-19T20:33:43.587+0000] {logging_mixin.py:137} INFO - [2023-01-19T20:33:43.587+0000] {dag.py:2676} INFO - Sync 1 DAGs
[2023-01-19T20:33:43.623+0000] {logging_mixin.py:137} INFO - [2023-01-19T20:33:43.622+0000] {dag.py:3427} INFO - Setting next_dagrun for example_branch_labels to 2023-01-18T00:00:00+00:00, run_after=2023-01-19T00:00:00+00:00
[2023-01-19T20:33:43.649+0000] {processor.py:175} INFO - Processing /home/airflow/.local/lib/python3.7/site-packages/airflow/example_dags/example_branch_labels.py took 0.138 seconds
[2023-01-19T20:34:13.766+0000] {processor.py:153} INFO - Started process (PID=1048) to work on /home/airflow/.local/lib/python3.7/site-packages/airflow/example_dags/example_branch_labels.py
[2023-01-19T20:34:13.767+0000] {processor.py:743} INFO - Processing file /home/airflow/.local/lib/python3.7/site-packages/airflow/example_dags/example_branch_labels.py for tasks to queue
[2023-01-19T20:34:13.768+0000] {logging_mixin.py:137} INFO - [2023-01-19T20:34:13.767+0000] {dagbag.py:538} INFO - Filling up the DagBag from /home/airflow/.local/lib/python3.7/site-packages/airflow/example_dags/example_branch_labels.py
[2023-01-19T20:34:13.785+0000] {processor.py:753} INFO - DAG(s) dict_keys(['example_branch_labels']) retrieved from /home/airflow/.local/lib/python3.7/site-packages/airflow/example_dags/example_branch_labels.py
[2023-01-19T20:34:13.831+0000] {logging_mixin.py:137} INFO - [2023-01-19T20:34:13.831+0000] {dag.py:2676} INFO - Sync 1 DAGs
[2023-01-19T20:34:13.868+0000] {logging_mixin.py:137} INFO - [2023-01-19T20:34:13.868+0000] {dag.py:3427} INFO - Setting next_dagrun for example_branch_labels to 2023-01-18T00:00:00+00:00, run_after=2023-01-19T00:00:00+00:00
[2023-01-19T20:34:13.895+0000] {processor.py:175} INFO - Processing /home/airflow/.local/lib/python3.7/site-packages/airflow/example_dags/example_branch_labels.py took 0.133 seconds
[2023-01-19T20:34:44.306+0000] {processor.py:153} INFO - Started process (PID=1136) to work on /home/airflow/.local/lib/python3.7/site-packages/airflow/example_dags/example_branch_labels.py
[2023-01-19T20:34:44.310+0000] {processor.py:743} INFO - Processing file /home/airflow/.local/lib/python3.7/site-packages/airflow/example_dags/example_branch_labels.py for tasks to queue
[2023-01-19T20:34:44.312+0000] {logging_mixin.py:137} INFO - [2023-01-19T20:34:44.312+0000] {dagbag.py:538} INFO - Filling up the DagBag from /home/airflow/.local/lib/python3.7/site-packages/airflow/example_dags/example_branch_labels.py
[2023-01-19T20:34:44.333+0000] {processor.py:753} INFO - DAG(s) dict_keys(['example_branch_labels']) retrieved from /home/airflow/.local/lib/python3.7/site-packages/airflow/example_dags/example_branch_labels.py
[2023-01-19T20:34:44.385+0000] {logging_mixin.py:137} INFO - [2023-01-19T20:34:44.384+0000] {dag.py:2676} INFO - Sync 1 DAGs
[2023-01-19T20:34:44.421+0000] {logging_mixin.py:137} INFO - [2023-01-19T20:34:44.421+0000] {dag.py:3427} INFO - Setting next_dagrun for example_branch_labels to 2023-01-18T00:00:00+00:00, run_after=2023-01-19T00:00:00+00:00
[2023-01-19T20:34:44.446+0000] {processor.py:175} INFO - Processing /home/airflow/.local/lib/python3.7/site-packages/airflow/example_dags/example_branch_labels.py took 0.145 seconds
[2023-01-19T20:35:14.976+0000] {processor.py:153} INFO - Started process (PID=1208) to work on /home/airflow/.local/lib/python3.7/site-packages/airflow/example_dags/example_branch_labels.py
[2023-01-19T20:35:14.977+0000] {processor.py:743} INFO - Processing file /home/airflow/.local/lib/python3.7/site-packages/airflow/example_dags/example_branch_labels.py for tasks to queue
[2023-01-19T20:35:14.978+0000] {logging_mixin.py:137} INFO - [2023-01-19T20:35:14.978+0000] {dagbag.py:538} INFO - Filling up the DagBag from /home/airflow/.local/lib/python3.7/site-packages/airflow/example_dags/example_branch_labels.py
[2023-01-19T20:35:14.998+0000] {processor.py:753} INFO - DAG(s) dict_keys(['example_branch_labels']) retrieved from /home/airflow/.local/lib/python3.7/site-packages/airflow/example_dags/example_branch_labels.py
[2023-01-19T20:35:15.046+0000] {logging_mixin.py:137} INFO - [2023-01-19T20:35:15.046+0000] {dag.py:2676} INFO - Sync 1 DAGs
[2023-01-19T20:35:15.082+0000] {logging_mixin.py:137} INFO - [2023-01-19T20:35:15.082+0000] {dag.py:3427} INFO - Setting next_dagrun for example_branch_labels to 2023-01-18T00:00:00+00:00, run_after=2023-01-19T00:00:00+00:00
[2023-01-19T20:35:15.109+0000] {processor.py:175} INFO - Processing /home/airflow/.local/lib/python3.7/site-packages/airflow/example_dags/example_branch_labels.py took 0.138 seconds
[2023-01-19T20:35:45.604+0000] {processor.py:153} INFO - Started process (PID=1280) to work on /home/airflow/.local/lib/python3.7/site-packages/airflow/example_dags/example_branch_labels.py
[2023-01-19T20:35:45.605+0000] {processor.py:743} INFO - Processing file /home/airflow/.local/lib/python3.7/site-packages/airflow/example_dags/example_branch_labels.py for tasks to queue
[2023-01-19T20:35:45.607+0000] {logging_mixin.py:137} INFO - [2023-01-19T20:35:45.606+0000] {dagbag.py:538} INFO - Filling up the DagBag from /home/airflow/.local/lib/python3.7/site-packages/airflow/example_dags/example_branch_labels.py
[2023-01-19T20:35:45.629+0000] {processor.py:753} INFO - DAG(s) dict_keys(['example_branch_labels']) retrieved from /home/airflow/.local/lib/python3.7/site-packages/airflow/example_dags/example_branch_labels.py
[2023-01-19T20:35:45.686+0000] {logging_mixin.py:137} INFO - [2023-01-19T20:35:45.685+0000] {dag.py:2676} INFO - Sync 1 DAGs
[2023-01-19T20:35:45.723+0000] {logging_mixin.py:137} INFO - [2023-01-19T20:35:45.723+0000] {dag.py:3427} INFO - Setting next_dagrun for example_branch_labels to 2023-01-18T00:00:00+00:00, run_after=2023-01-19T00:00:00+00:00
[2023-01-19T20:35:45.751+0000] {processor.py:175} INFO - Processing /home/airflow/.local/lib/python3.7/site-packages/airflow/example_dags/example_branch_labels.py took 0.151 seconds
[2023-01-19T20:36:16.693+0000] {processor.py:153} INFO - Started process (PID=1369) to work on /home/airflow/.local/lib/python3.7/site-packages/airflow/example_dags/example_branch_labels.py
[2023-01-19T20:36:16.694+0000] {processor.py:743} INFO - Processing file /home/airflow/.local/lib/python3.7/site-packages/airflow/example_dags/example_branch_labels.py for tasks to queue
[2023-01-19T20:36:16.695+0000] {logging_mixin.py:137} INFO - [2023-01-19T20:36:16.695+0000] {dagbag.py:538} INFO - Filling up the DagBag from /home/airflow/.local/lib/python3.7/site-packages/airflow/example_dags/example_branch_labels.py
[2023-01-19T20:36:16.717+0000] {processor.py:753} INFO - DAG(s) dict_keys(['example_branch_labels']) retrieved from /home/airflow/.local/lib/python3.7/site-packages/airflow/example_dags/example_branch_labels.py
[2023-01-19T20:36:16.772+0000] {logging_mixin.py:137} INFO - [2023-01-19T20:36:16.772+0000] {dag.py:2676} INFO - Sync 1 DAGs
[2023-01-19T20:36:16.807+0000] {logging_mixin.py:137} INFO - [2023-01-19T20:36:16.807+0000] {dag.py:3427} INFO - Setting next_dagrun for example_branch_labels to 2023-01-18T00:00:00+00:00, run_after=2023-01-19T00:00:00+00:00
[2023-01-19T20:36:16.836+0000] {processor.py:175} INFO - Processing /home/airflow/.local/lib/python3.7/site-packages/airflow/example_dags/example_branch_labels.py took 0.149 seconds
[2023-01-19T20:36:47.386+0000] {processor.py:153} INFO - Started process (PID=1441) to work on /home/airflow/.local/lib/python3.7/site-packages/airflow/example_dags/example_branch_labels.py
[2023-01-19T20:36:47.387+0000] {processor.py:743} INFO - Processing file /home/airflow/.local/lib/python3.7/site-packages/airflow/example_dags/example_branch_labels.py for tasks to queue
[2023-01-19T20:36:47.388+0000] {logging_mixin.py:137} INFO - [2023-01-19T20:36:47.388+0000] {dagbag.py:538} INFO - Filling up the DagBag from /home/airflow/.local/lib/python3.7/site-packages/airflow/example_dags/example_branch_labels.py
[2023-01-19T20:36:47.413+0000] {processor.py:753} INFO - DAG(s) dict_keys(['example_branch_labels']) retrieved from /home/airflow/.local/lib/python3.7/site-packages/airflow/example_dags/example_branch_labels.py
[2023-01-19T20:36:47.459+0000] {logging_mixin.py:137} INFO - [2023-01-19T20:36:47.458+0000] {dag.py:2676} INFO - Sync 1 DAGs
[2023-01-19T20:36:47.496+0000] {logging_mixin.py:137} INFO - [2023-01-19T20:36:47.496+0000] {dag.py:3427} INFO - Setting next_dagrun for example_branch_labels to 2023-01-18T00:00:00+00:00, run_after=2023-01-19T00:00:00+00:00
[2023-01-19T20:36:47.520+0000] {processor.py:175} INFO - Processing /home/airflow/.local/lib/python3.7/site-packages/airflow/example_dags/example_branch_labels.py took 0.140 seconds
[2023-01-19T20:37:18.214+0000] {processor.py:153} INFO - Started process (PID=1513) to work on /home/airflow/.local/lib/python3.7/site-packages/airflow/example_dags/example_branch_labels.py
[2023-01-19T20:37:18.215+0000] {processor.py:743} INFO - Processing file /home/airflow/.local/lib/python3.7/site-packages/airflow/example_dags/example_branch_labels.py for tasks to queue
[2023-01-19T20:37:18.216+0000] {logging_mixin.py:137} INFO - [2023-01-19T20:37:18.216+0000] {dagbag.py:538} INFO - Filling up the DagBag from /home/airflow/.local/lib/python3.7/site-packages/airflow/example_dags/example_branch_labels.py
[2023-01-19T20:37:18.234+0000] {processor.py:753} INFO - DAG(s) dict_keys(['example_branch_labels']) retrieved from /home/airflow/.local/lib/python3.7/site-packages/airflow/example_dags/example_branch_labels.py
[2023-01-19T20:37:18.281+0000] {logging_mixin.py:137} INFO - [2023-01-19T20:37:18.281+0000] {dag.py:2676} INFO - Sync 1 DAGs
[2023-01-19T20:37:18.318+0000] {logging_mixin.py:137} INFO - [2023-01-19T20:37:18.317+0000] {dag.py:3427} INFO - Setting next_dagrun for example_branch_labels to 2023-01-18T00:00:00+00:00, run_after=2023-01-19T00:00:00+00:00
[2023-01-19T20:37:18.349+0000] {processor.py:175} INFO - Processing /home/airflow/.local/lib/python3.7/site-packages/airflow/example_dags/example_branch_labels.py took 0.140 seconds
[2023-01-19T20:37:48.601+0000] {processor.py:153} INFO - Started process (PID=1601) to work on /home/airflow/.local/lib/python3.7/site-packages/airflow/example_dags/example_branch_labels.py
[2023-01-19T20:37:48.602+0000] {processor.py:743} INFO - Processing file /home/airflow/.local/lib/python3.7/site-packages/airflow/example_dags/example_branch_labels.py for tasks to queue
[2023-01-19T20:37:48.603+0000] {logging_mixin.py:137} INFO - [2023-01-19T20:37:48.603+0000] {dagbag.py:538} INFO - Filling up the DagBag from /home/airflow/.local/lib/python3.7/site-packages/airflow/example_dags/example_branch_labels.py
[2023-01-19T20:37:48.622+0000] {processor.py:753} INFO - DAG(s) dict_keys(['example_branch_labels']) retrieved from /home/airflow/.local/lib/python3.7/site-packages/airflow/example_dags/example_branch_labels.py
[2023-01-19T20:37:48.675+0000] {logging_mixin.py:137} INFO - [2023-01-19T20:37:48.675+0000] {dag.py:2676} INFO - Sync 1 DAGs
[2023-01-19T20:37:48.710+0000] {logging_mixin.py:137} INFO - [2023-01-19T20:37:48.710+0000] {dag.py:3427} INFO - Setting next_dagrun for example_branch_labels to 2023-01-18T00:00:00+00:00, run_after=2023-01-19T00:00:00+00:00
[2023-01-19T20:37:48.735+0000] {processor.py:175} INFO - Processing /home/airflow/.local/lib/python3.7/site-packages/airflow/example_dags/example_branch_labels.py took 0.137 seconds
[2023-01-19T20:38:19.370+0000] {processor.py:153} INFO - Started process (PID=1673) to work on /home/airflow/.local/lib/python3.7/site-packages/airflow/example_dags/example_branch_labels.py
[2023-01-19T20:38:19.371+0000] {processor.py:743} INFO - Processing file /home/airflow/.local/lib/python3.7/site-packages/airflow/example_dags/example_branch_labels.py for tasks to queue
[2023-01-19T20:38:19.371+0000] {logging_mixin.py:137} INFO - [2023-01-19T20:38:19.371+0000] {dagbag.py:538} INFO - Filling up the DagBag from /home/airflow/.local/lib/python3.7/site-packages/airflow/example_dags/example_branch_labels.py
[2023-01-19T20:38:19.390+0000] {processor.py:753} INFO - DAG(s) dict_keys(['example_branch_labels']) retrieved from /home/airflow/.local/lib/python3.7/site-packages/airflow/example_dags/example_branch_labels.py
[2023-01-19T20:38:19.443+0000] {logging_mixin.py:137} INFO - [2023-01-19T20:38:19.443+0000] {dag.py:2676} INFO - Sync 1 DAGs
[2023-01-19T20:38:19.476+0000] {logging_mixin.py:137} INFO - [2023-01-19T20:38:19.476+0000] {dag.py:3427} INFO - Setting next_dagrun for example_branch_labels to 2023-01-18T00:00:00+00:00, run_after=2023-01-19T00:00:00+00:00
[2023-01-19T20:38:19.503+0000] {processor.py:175} INFO - Processing /home/airflow/.local/lib/python3.7/site-packages/airflow/example_dags/example_branch_labels.py took 0.138 seconds
[2023-01-19T20:38:49.911+0000] {processor.py:153} INFO - Started process (PID=1745) to work on /home/airflow/.local/lib/python3.7/site-packages/airflow/example_dags/example_branch_labels.py
[2023-01-19T20:38:49.912+0000] {processor.py:743} INFO - Processing file /home/airflow/.local/lib/python3.7/site-packages/airflow/example_dags/example_branch_labels.py for tasks to queue
[2023-01-19T20:38:49.913+0000] {logging_mixin.py:137} INFO - [2023-01-19T20:38:49.912+0000] {dagbag.py:538} INFO - Filling up the DagBag from /home/airflow/.local/lib/python3.7/site-packages/airflow/example_dags/example_branch_labels.py
[2023-01-19T20:38:49.932+0000] {processor.py:753} INFO - DAG(s) dict_keys(['example_branch_labels']) retrieved from /home/airflow/.local/lib/python3.7/site-packages/airflow/example_dags/example_branch_labels.py
[2023-01-19T20:38:49.981+0000] {logging_mixin.py:137} INFO - [2023-01-19T20:38:49.980+0000] {dag.py:2676} INFO - Sync 1 DAGs
[2023-01-19T20:38:50.016+0000] {logging_mixin.py:137} INFO - [2023-01-19T20:38:50.016+0000] {dag.py:3427} INFO - Setting next_dagrun for example_branch_labels to 2023-01-18T00:00:00+00:00, run_after=2023-01-19T00:00:00+00:00
[2023-01-19T20:38:50.043+0000] {processor.py:175} INFO - Processing /home/airflow/.local/lib/python3.7/site-packages/airflow/example_dags/example_branch_labels.py took 0.137 seconds
[2023-01-19T20:39:20.164+0000] {processor.py:153} INFO - Started process (PID=1833) to work on /home/airflow/.local/lib/python3.7/site-packages/airflow/example_dags/example_branch_labels.py
[2023-01-19T20:39:20.165+0000] {processor.py:743} INFO - Processing file /home/airflow/.local/lib/python3.7/site-packages/airflow/example_dags/example_branch_labels.py for tasks to queue
[2023-01-19T20:39:20.166+0000] {logging_mixin.py:137} INFO - [2023-01-19T20:39:20.166+0000] {dagbag.py:538} INFO - Filling up the DagBag from /home/airflow/.local/lib/python3.7/site-packages/airflow/example_dags/example_branch_labels.py
[2023-01-19T20:39:20.188+0000] {processor.py:753} INFO - DAG(s) dict_keys(['example_branch_labels']) retrieved from /home/airflow/.local/lib/python3.7/site-packages/airflow/example_dags/example_branch_labels.py
[2023-01-19T20:39:20.250+0000] {logging_mixin.py:137} INFO - [2023-01-19T20:39:20.249+0000] {dag.py:2676} INFO - Sync 1 DAGs
[2023-01-19T20:39:20.288+0000] {logging_mixin.py:137} INFO - [2023-01-19T20:39:20.288+0000] {dag.py:3427} INFO - Setting next_dagrun for example_branch_labels to 2023-01-18T00:00:00+00:00, run_after=2023-01-19T00:00:00+00:00
[2023-01-19T20:39:20.311+0000] {processor.py:175} INFO - Processing /home/airflow/.local/lib/python3.7/site-packages/airflow/example_dags/example_branch_labels.py took 0.152 seconds
[2023-01-19T20:39:50.413+0000] {processor.py:153} INFO - Started process (PID=1905) to work on /home/airflow/.local/lib/python3.7/site-packages/airflow/example_dags/example_branch_labels.py
[2023-01-19T20:39:50.415+0000] {processor.py:743} INFO - Processing file /home/airflow/.local/lib/python3.7/site-packages/airflow/example_dags/example_branch_labels.py for tasks to queue
[2023-01-19T20:39:50.415+0000] {logging_mixin.py:137} INFO - [2023-01-19T20:39:50.415+0000] {dagbag.py:538} INFO - Filling up the DagBag from /home/airflow/.local/lib/python3.7/site-packages/airflow/example_dags/example_branch_labels.py
[2023-01-19T20:39:50.435+0000] {processor.py:753} INFO - DAG(s) dict_keys(['example_branch_labels']) retrieved from /home/airflow/.local/lib/python3.7/site-packages/airflow/example_dags/example_branch_labels.py
[2023-01-19T20:39:50.485+0000] {logging_mixin.py:137} INFO - [2023-01-19T20:39:50.485+0000] {dag.py:2676} INFO - Sync 1 DAGs
[2023-01-19T20:39:50.517+0000] {logging_mixin.py:137} INFO - [2023-01-19T20:39:50.516+0000] {dag.py:3427} INFO - Setting next_dagrun for example_branch_labels to 2023-01-18T00:00:00+00:00, run_after=2023-01-19T00:00:00+00:00
[2023-01-19T20:39:50.539+0000] {processor.py:175} INFO - Processing /home/airflow/.local/lib/python3.7/site-packages/airflow/example_dags/example_branch_labels.py took 0.130 seconds
[2023-01-19T20:40:20.688+0000] {processor.py:153} INFO - Started process (PID=1977) to work on /home/airflow/.local/lib/python3.7/site-packages/airflow/example_dags/example_branch_labels.py
[2023-01-19T20:40:20.689+0000] {processor.py:743} INFO - Processing file /home/airflow/.local/lib/python3.7/site-packages/airflow/example_dags/example_branch_labels.py for tasks to queue
[2023-01-19T20:40:20.690+0000] {logging_mixin.py:137} INFO - [2023-01-19T20:40:20.690+0000] {dagbag.py:538} INFO - Filling up the DagBag from /home/airflow/.local/lib/python3.7/site-packages/airflow/example_dags/example_branch_labels.py
[2023-01-19T20:40:20.711+0000] {processor.py:753} INFO - DAG(s) dict_keys(['example_branch_labels']) retrieved from /home/airflow/.local/lib/python3.7/site-packages/airflow/example_dags/example_branch_labels.py
[2023-01-19T20:40:20.763+0000] {logging_mixin.py:137} INFO - [2023-01-19T20:40:20.763+0000] {dag.py:2676} INFO - Sync 1 DAGs
[2023-01-19T20:40:20.801+0000] {logging_mixin.py:137} INFO - [2023-01-19T20:40:20.801+0000] {dag.py:3427} INFO - Setting next_dagrun for example_branch_labels to 2023-01-18T00:00:00+00:00, run_after=2023-01-19T00:00:00+00:00
[2023-01-19T20:40:20.827+0000] {processor.py:175} INFO - Processing /home/airflow/.local/lib/python3.7/site-packages/airflow/example_dags/example_branch_labels.py took 0.144 seconds
[2023-01-19T20:40:50.986+0000] {processor.py:153} INFO - Started process (PID=2057) to work on /home/airflow/.local/lib/python3.7/site-packages/airflow/example_dags/example_branch_labels.py
[2023-01-19T20:40:50.987+0000] {processor.py:743} INFO - Processing file /home/airflow/.local/lib/python3.7/site-packages/airflow/example_dags/example_branch_labels.py for tasks to queue
[2023-01-19T20:40:50.988+0000] {logging_mixin.py:137} INFO - [2023-01-19T20:40:50.988+0000] {dagbag.py:538} INFO - Filling up the DagBag from /home/airflow/.local/lib/python3.7/site-packages/airflow/example_dags/example_branch_labels.py
[2023-01-19T20:40:51.011+0000] {processor.py:753} INFO - DAG(s) dict_keys(['example_branch_labels']) retrieved from /home/airflow/.local/lib/python3.7/site-packages/airflow/example_dags/example_branch_labels.py
[2023-01-19T20:40:51.076+0000] {logging_mixin.py:137} INFO - [2023-01-19T20:40:51.076+0000] {dag.py:2676} INFO - Sync 1 DAGs
[2023-01-19T20:40:51.119+0000] {logging_mixin.py:137} INFO - [2023-01-19T20:40:51.119+0000] {dag.py:3427} INFO - Setting next_dagrun for example_branch_labels to 2023-01-18T00:00:00+00:00, run_after=2023-01-19T00:00:00+00:00
[2023-01-19T20:40:51.148+0000] {processor.py:175} INFO - Processing /home/airflow/.local/lib/python3.7/site-packages/airflow/example_dags/example_branch_labels.py took 0.167 seconds
[2023-01-19T20:41:21.266+0000] {processor.py:153} INFO - Started process (PID=2138) to work on /home/airflow/.local/lib/python3.7/site-packages/airflow/example_dags/example_branch_labels.py
[2023-01-19T20:41:21.267+0000] {processor.py:743} INFO - Processing file /home/airflow/.local/lib/python3.7/site-packages/airflow/example_dags/example_branch_labels.py for tasks to queue
[2023-01-19T20:41:21.268+0000] {logging_mixin.py:137} INFO - [2023-01-19T20:41:21.268+0000] {dagbag.py:538} INFO - Filling up the DagBag from /home/airflow/.local/lib/python3.7/site-packages/airflow/example_dags/example_branch_labels.py
[2023-01-19T20:41:21.286+0000] {processor.py:753} INFO - DAG(s) dict_keys(['example_branch_labels']) retrieved from /home/airflow/.local/lib/python3.7/site-packages/airflow/example_dags/example_branch_labels.py
[2023-01-19T20:41:21.334+0000] {logging_mixin.py:137} INFO - [2023-01-19T20:41:21.334+0000] {dag.py:2676} INFO - Sync 1 DAGs
[2023-01-19T20:41:21.371+0000] {logging_mixin.py:137} INFO - [2023-01-19T20:41:21.371+0000] {dag.py:3427} INFO - Setting next_dagrun for example_branch_labels to 2023-01-18T00:00:00+00:00, run_after=2023-01-19T00:00:00+00:00
[2023-01-19T20:41:21.398+0000] {processor.py:175} INFO - Processing /home/airflow/.local/lib/python3.7/site-packages/airflow/example_dags/example_branch_labels.py took 0.135 seconds
[2023-01-19T20:41:51.493+0000] {processor.py:153} INFO - Started process (PID=2210) to work on /home/airflow/.local/lib/python3.7/site-packages/airflow/example_dags/example_branch_labels.py
[2023-01-19T20:41:51.494+0000] {processor.py:743} INFO - Processing file /home/airflow/.local/lib/python3.7/site-packages/airflow/example_dags/example_branch_labels.py for tasks to queue
[2023-01-19T20:41:51.495+0000] {logging_mixin.py:137} INFO - [2023-01-19T20:41:51.495+0000] {dagbag.py:538} INFO - Filling up the DagBag from /home/airflow/.local/lib/python3.7/site-packages/airflow/example_dags/example_branch_labels.py
[2023-01-19T20:41:51.517+0000] {processor.py:753} INFO - DAG(s) dict_keys(['example_branch_labels']) retrieved from /home/airflow/.local/lib/python3.7/site-packages/airflow/example_dags/example_branch_labels.py
[2023-01-19T20:41:51.582+0000] {logging_mixin.py:137} INFO - [2023-01-19T20:41:51.582+0000] {dag.py:2676} INFO - Sync 1 DAGs
[2023-01-19T20:41:51.625+0000] {logging_mixin.py:137} INFO - [2023-01-19T20:41:51.625+0000] {dag.py:3427} INFO - Setting next_dagrun for example_branch_labels to 2023-01-18T00:00:00+00:00, run_after=2023-01-19T00:00:00+00:00
[2023-01-19T20:41:51.658+0000] {processor.py:175} INFO - Processing /home/airflow/.local/lib/python3.7/site-packages/airflow/example_dags/example_branch_labels.py took 0.170 seconds
[2023-01-19T20:42:21.789+0000] {processor.py:153} INFO - Started process (PID=2282) to work on /home/airflow/.local/lib/python3.7/site-packages/airflow/example_dags/example_branch_labels.py
[2023-01-19T20:42:21.790+0000] {processor.py:743} INFO - Processing file /home/airflow/.local/lib/python3.7/site-packages/airflow/example_dags/example_branch_labels.py for tasks to queue
[2023-01-19T20:42:21.792+0000] {logging_mixin.py:137} INFO - [2023-01-19T20:42:21.792+0000] {dagbag.py:538} INFO - Filling up the DagBag from /home/airflow/.local/lib/python3.7/site-packages/airflow/example_dags/example_branch_labels.py
[2023-01-19T20:42:21.814+0000] {processor.py:753} INFO - DAG(s) dict_keys(['example_branch_labels']) retrieved from /home/airflow/.local/lib/python3.7/site-packages/airflow/example_dags/example_branch_labels.py
[2023-01-19T20:42:21.872+0000] {logging_mixin.py:137} INFO - [2023-01-19T20:42:21.871+0000] {dag.py:2676} INFO - Sync 1 DAGs
[2023-01-19T20:42:21.912+0000] {logging_mixin.py:137} INFO - [2023-01-19T20:42:21.912+0000] {dag.py:3427} INFO - Setting next_dagrun for example_branch_labels to 2023-01-18T00:00:00+00:00, run_after=2023-01-19T00:00:00+00:00
[2023-01-19T20:42:21.939+0000] {processor.py:175} INFO - Processing /home/airflow/.local/lib/python3.7/site-packages/airflow/example_dags/example_branch_labels.py took 0.155 seconds
[2023-01-19T20:42:52.408+0000] {processor.py:153} INFO - Started process (PID=2363) to work on /home/airflow/.local/lib/python3.7/site-packages/airflow/example_dags/example_branch_labels.py
[2023-01-19T20:42:52.409+0000] {processor.py:743} INFO - Processing file /home/airflow/.local/lib/python3.7/site-packages/airflow/example_dags/example_branch_labels.py for tasks to queue
[2023-01-19T20:42:52.410+0000] {logging_mixin.py:137} INFO - [2023-01-19T20:42:52.410+0000] {dagbag.py:538} INFO - Filling up the DagBag from /home/airflow/.local/lib/python3.7/site-packages/airflow/example_dags/example_branch_labels.py
[2023-01-19T20:42:52.430+0000] {processor.py:753} INFO - DAG(s) dict_keys(['example_branch_labels']) retrieved from /home/airflow/.local/lib/python3.7/site-packages/airflow/example_dags/example_branch_labels.py
[2023-01-19T20:42:52.480+0000] {logging_mixin.py:137} INFO - [2023-01-19T20:42:52.479+0000] {dag.py:2676} INFO - Sync 1 DAGs
[2023-01-19T20:42:52.529+0000] {logging_mixin.py:137} INFO - [2023-01-19T20:42:52.528+0000] {dag.py:3427} INFO - Setting next_dagrun for example_branch_labels to 2023-01-18T00:00:00+00:00, run_after=2023-01-19T00:00:00+00:00
[2023-01-19T20:42:52.563+0000] {processor.py:175} INFO - Processing /home/airflow/.local/lib/python3.7/site-packages/airflow/example_dags/example_branch_labels.py took 0.159 seconds
[2023-01-19T20:43:22.908+0000] {processor.py:153} INFO - Started process (PID=2443) to work on /home/airflow/.local/lib/python3.7/site-packages/airflow/example_dags/example_branch_labels.py
[2023-01-19T20:43:22.909+0000] {processor.py:743} INFO - Processing file /home/airflow/.local/lib/python3.7/site-packages/airflow/example_dags/example_branch_labels.py for tasks to queue
[2023-01-19T20:43:22.910+0000] {logging_mixin.py:137} INFO - [2023-01-19T20:43:22.909+0000] {dagbag.py:538} INFO - Filling up the DagBag from /home/airflow/.local/lib/python3.7/site-packages/airflow/example_dags/example_branch_labels.py
[2023-01-19T20:43:22.929+0000] {processor.py:753} INFO - DAG(s) dict_keys(['example_branch_labels']) retrieved from /home/airflow/.local/lib/python3.7/site-packages/airflow/example_dags/example_branch_labels.py
[2023-01-19T20:43:22.975+0000] {logging_mixin.py:137} INFO - [2023-01-19T20:43:22.975+0000] {dag.py:2676} INFO - Sync 1 DAGs
[2023-01-19T20:43:23.014+0000] {logging_mixin.py:137} INFO - [2023-01-19T20:43:23.013+0000] {dag.py:3427} INFO - Setting next_dagrun for example_branch_labels to 2023-01-18T00:00:00+00:00, run_after=2023-01-19T00:00:00+00:00
[2023-01-19T20:43:23.041+0000] {processor.py:175} INFO - Processing /home/airflow/.local/lib/python3.7/site-packages/airflow/example_dags/example_branch_labels.py took 0.138 seconds
[2023-01-19T20:43:53.288+0000] {processor.py:153} INFO - Started process (PID=2516) to work on /home/airflow/.local/lib/python3.7/site-packages/airflow/example_dags/example_branch_labels.py
[2023-01-19T20:43:53.290+0000] {processor.py:743} INFO - Processing file /home/airflow/.local/lib/python3.7/site-packages/airflow/example_dags/example_branch_labels.py for tasks to queue
[2023-01-19T20:43:53.290+0000] {logging_mixin.py:137} INFO - [2023-01-19T20:43:53.290+0000] {dagbag.py:538} INFO - Filling up the DagBag from /home/airflow/.local/lib/python3.7/site-packages/airflow/example_dags/example_branch_labels.py
[2023-01-19T20:43:53.311+0000] {processor.py:753} INFO - DAG(s) dict_keys(['example_branch_labels']) retrieved from /home/airflow/.local/lib/python3.7/site-packages/airflow/example_dags/example_branch_labels.py
[2023-01-19T20:43:53.360+0000] {logging_mixin.py:137} INFO - [2023-01-19T20:43:53.359+0000] {dag.py:2676} INFO - Sync 1 DAGs
[2023-01-19T20:43:53.400+0000] {logging_mixin.py:137} INFO - [2023-01-19T20:43:53.399+0000] {dag.py:3427} INFO - Setting next_dagrun for example_branch_labels to 2023-01-18T00:00:00+00:00, run_after=2023-01-19T00:00:00+00:00
[2023-01-19T20:43:53.429+0000] {processor.py:175} INFO - Processing /home/airflow/.local/lib/python3.7/site-packages/airflow/example_dags/example_branch_labels.py took 0.146 seconds
[2023-01-19T20:44:24.189+0000] {processor.py:153} INFO - Started process (PID=2595) to work on /home/airflow/.local/lib/python3.7/site-packages/airflow/example_dags/example_branch_labels.py
[2023-01-19T20:44:24.191+0000] {processor.py:743} INFO - Processing file /home/airflow/.local/lib/python3.7/site-packages/airflow/example_dags/example_branch_labels.py for tasks to queue
[2023-01-19T20:44:24.192+0000] {logging_mixin.py:137} INFO - [2023-01-19T20:44:24.192+0000] {dagbag.py:538} INFO - Filling up the DagBag from /home/airflow/.local/lib/python3.7/site-packages/airflow/example_dags/example_branch_labels.py
[2023-01-19T20:44:24.216+0000] {processor.py:753} INFO - DAG(s) dict_keys(['example_branch_labels']) retrieved from /home/airflow/.local/lib/python3.7/site-packages/airflow/example_dags/example_branch_labels.py
[2023-01-19T20:44:24.274+0000] {logging_mixin.py:137} INFO - [2023-01-19T20:44:24.274+0000] {dag.py:2676} INFO - Sync 1 DAGs
[2023-01-19T20:44:24.327+0000] {logging_mixin.py:137} INFO - [2023-01-19T20:44:24.327+0000] {dag.py:3427} INFO - Setting next_dagrun for example_branch_labels to 2023-01-18T00:00:00+00:00, run_after=2023-01-19T00:00:00+00:00
[2023-01-19T20:44:24.358+0000] {processor.py:175} INFO - Processing /home/airflow/.local/lib/python3.7/site-packages/airflow/example_dags/example_branch_labels.py took 0.173 seconds
[2023-01-19T20:44:54.546+0000] {processor.py:153} INFO - Started process (PID=2677) to work on /home/airflow/.local/lib/python3.7/site-packages/airflow/example_dags/example_branch_labels.py
[2023-01-19T20:44:54.547+0000] {processor.py:743} INFO - Processing file /home/airflow/.local/lib/python3.7/site-packages/airflow/example_dags/example_branch_labels.py for tasks to queue
[2023-01-19T20:44:54.548+0000] {logging_mixin.py:137} INFO - [2023-01-19T20:44:54.548+0000] {dagbag.py:538} INFO - Filling up the DagBag from /home/airflow/.local/lib/python3.7/site-packages/airflow/example_dags/example_branch_labels.py
[2023-01-19T20:44:54.566+0000] {processor.py:753} INFO - DAG(s) dict_keys(['example_branch_labels']) retrieved from /home/airflow/.local/lib/python3.7/site-packages/airflow/example_dags/example_branch_labels.py
[2023-01-19T20:44:54.611+0000] {logging_mixin.py:137} INFO - [2023-01-19T20:44:54.611+0000] {dag.py:2676} INFO - Sync 1 DAGs
[2023-01-19T20:44:54.646+0000] {logging_mixin.py:137} INFO - [2023-01-19T20:44:54.646+0000] {dag.py:3427} INFO - Setting next_dagrun for example_branch_labels to 2023-01-18T00:00:00+00:00, run_after=2023-01-19T00:00:00+00:00
[2023-01-19T20:44:54.668+0000] {processor.py:175} INFO - Processing /home/airflow/.local/lib/python3.7/site-packages/airflow/example_dags/example_branch_labels.py took 0.127 seconds
[2023-01-19T20:45:25.082+0000] {processor.py:153} INFO - Started process (PID=2749) to work on /home/airflow/.local/lib/python3.7/site-packages/airflow/example_dags/example_branch_labels.py
[2023-01-19T20:45:25.083+0000] {processor.py:743} INFO - Processing file /home/airflow/.local/lib/python3.7/site-packages/airflow/example_dags/example_branch_labels.py for tasks to queue
[2023-01-19T20:45:25.084+0000] {logging_mixin.py:137} INFO - [2023-01-19T20:45:25.084+0000] {dagbag.py:538} INFO - Filling up the DagBag from /home/airflow/.local/lib/python3.7/site-packages/airflow/example_dags/example_branch_labels.py
[2023-01-19T20:45:25.103+0000] {processor.py:753} INFO - DAG(s) dict_keys(['example_branch_labels']) retrieved from /home/airflow/.local/lib/python3.7/site-packages/airflow/example_dags/example_branch_labels.py
[2023-01-19T20:45:25.150+0000] {logging_mixin.py:137} INFO - [2023-01-19T20:45:25.150+0000] {dag.py:2676} INFO - Sync 1 DAGs
[2023-01-19T20:45:25.189+0000] {logging_mixin.py:137} INFO - [2023-01-19T20:45:25.189+0000] {dag.py:3427} INFO - Setting next_dagrun for example_branch_labels to 2023-01-18T00:00:00+00:00, run_after=2023-01-19T00:00:00+00:00
[2023-01-19T20:45:25.223+0000] {processor.py:175} INFO - Processing /home/airflow/.local/lib/python3.7/site-packages/airflow/example_dags/example_branch_labels.py took 0.145 seconds
[2023-01-19T20:45:55.708+0000] {processor.py:153} INFO - Started process (PID=2821) to work on /home/airflow/.local/lib/python3.7/site-packages/airflow/example_dags/example_branch_labels.py
[2023-01-19T20:45:55.711+0000] {processor.py:743} INFO - Processing file /home/airflow/.local/lib/python3.7/site-packages/airflow/example_dags/example_branch_labels.py for tasks to queue
[2023-01-19T20:45:55.712+0000] {logging_mixin.py:137} INFO - [2023-01-19T20:45:55.712+0000] {dagbag.py:538} INFO - Filling up the DagBag from /home/airflow/.local/lib/python3.7/site-packages/airflow/example_dags/example_branch_labels.py
[2023-01-19T20:45:55.737+0000] {processor.py:753} INFO - DAG(s) dict_keys(['example_branch_labels']) retrieved from /home/airflow/.local/lib/python3.7/site-packages/airflow/example_dags/example_branch_labels.py
[2023-01-19T20:45:55.813+0000] {logging_mixin.py:137} INFO - [2023-01-19T20:45:55.813+0000] {dag.py:2676} INFO - Sync 1 DAGs
[2023-01-19T20:45:55.855+0000] {logging_mixin.py:137} INFO - [2023-01-19T20:45:55.854+0000] {dag.py:3427} INFO - Setting next_dagrun for example_branch_labels to 2023-01-18T00:00:00+00:00, run_after=2023-01-19T00:00:00+00:00
[2023-01-19T20:45:55.884+0000] {processor.py:175} INFO - Processing /home/airflow/.local/lib/python3.7/site-packages/airflow/example_dags/example_branch_labels.py took 0.180 seconds
[2023-01-19T20:46:26.273+0000] {processor.py:153} INFO - Started process (PID=2909) to work on /home/airflow/.local/lib/python3.7/site-packages/airflow/example_dags/example_branch_labels.py
[2023-01-19T20:46:26.274+0000] {processor.py:743} INFO - Processing file /home/airflow/.local/lib/python3.7/site-packages/airflow/example_dags/example_branch_labels.py for tasks to queue
[2023-01-19T20:46:26.275+0000] {logging_mixin.py:137} INFO - [2023-01-19T20:46:26.275+0000] {dagbag.py:538} INFO - Filling up the DagBag from /home/airflow/.local/lib/python3.7/site-packages/airflow/example_dags/example_branch_labels.py
[2023-01-19T20:46:26.294+0000] {processor.py:753} INFO - DAG(s) dict_keys(['example_branch_labels']) retrieved from /home/airflow/.local/lib/python3.7/site-packages/airflow/example_dags/example_branch_labels.py
[2023-01-19T20:46:26.344+0000] {logging_mixin.py:137} INFO - [2023-01-19T20:46:26.344+0000] {dag.py:2676} INFO - Sync 1 DAGs
[2023-01-19T20:46:26.382+0000] {logging_mixin.py:137} INFO - [2023-01-19T20:46:26.381+0000] {dag.py:3427} INFO - Setting next_dagrun for example_branch_labels to 2023-01-18T00:00:00+00:00, run_after=2023-01-19T00:00:00+00:00
[2023-01-19T20:46:26.409+0000] {processor.py:175} INFO - Processing /home/airflow/.local/lib/python3.7/site-packages/airflow/example_dags/example_branch_labels.py took 0.140 seconds
[2023-01-19T20:46:56.945+0000] {processor.py:153} INFO - Started process (PID=2981) to work on /home/airflow/.local/lib/python3.7/site-packages/airflow/example_dags/example_branch_labels.py
[2023-01-19T20:46:56.946+0000] {processor.py:743} INFO - Processing file /home/airflow/.local/lib/python3.7/site-packages/airflow/example_dags/example_branch_labels.py for tasks to queue
[2023-01-19T20:46:56.949+0000] {logging_mixin.py:137} INFO - [2023-01-19T20:46:56.948+0000] {dagbag.py:538} INFO - Filling up the DagBag from /home/airflow/.local/lib/python3.7/site-packages/airflow/example_dags/example_branch_labels.py
[2023-01-19T20:46:56.968+0000] {processor.py:753} INFO - DAG(s) dict_keys(['example_branch_labels']) retrieved from /home/airflow/.local/lib/python3.7/site-packages/airflow/example_dags/example_branch_labels.py
[2023-01-19T20:46:57.024+0000] {logging_mixin.py:137} INFO - [2023-01-19T20:46:57.024+0000] {dag.py:2676} INFO - Sync 1 DAGs
[2023-01-19T20:46:57.061+0000] {logging_mixin.py:137} INFO - [2023-01-19T20:46:57.061+0000] {dag.py:3427} INFO - Setting next_dagrun for example_branch_labels to 2023-01-18T00:00:00+00:00, run_after=2023-01-19T00:00:00+00:00
[2023-01-19T20:46:57.105+0000] {processor.py:175} INFO - Processing /home/airflow/.local/lib/python3.7/site-packages/airflow/example_dags/example_branch_labels.py took 0.165 seconds
