[2023-01-19T20:21:29.919+0000] {processor.py:153} INFO - Started process (PID=67) to work on /home/airflow/.local/lib/python3.7/site-packages/airflow/example_dags/example_skip_dag.py
[2023-01-19T20:21:29.920+0000] {processor.py:743} INFO - Processing file /home/airflow/.local/lib/python3.7/site-packages/airflow/example_dags/example_skip_dag.py for tasks to queue
[2023-01-19T20:21:29.922+0000] {logging_mixin.py:137} INFO - [2023-01-19T20:21:29.922+0000] {dagbag.py:538} INFO - Filling up the DagBag from /home/airflow/.local/lib/python3.7/site-packages/airflow/example_dags/example_skip_dag.py
[2023-01-19T20:21:29.949+0000] {processor.py:753} INFO - DAG(s) dict_keys(['example_skip_dag']) retrieved from /home/airflow/.local/lib/python3.7/site-packages/airflow/example_dags/example_skip_dag.py
[2023-01-19T20:21:30.014+0000] {logging_mixin.py:137} INFO - [2023-01-19T20:21:30.014+0000] {dag.py:2676} INFO - Sync 1 DAGs
[2023-01-19T20:21:30.073+0000] {logging_mixin.py:137} INFO - [2023-01-19T20:21:30.072+0000] {dag.py:3427} INFO - Setting next_dagrun for example_skip_dag to 2023-01-18T20:21:30.072491+00:00, run_after=2023-01-19T20:21:30.072491+00:00
[2023-01-19T20:21:30.112+0000] {processor.py:175} INFO - Processing /home/airflow/.local/lib/python3.7/site-packages/airflow/example_dags/example_skip_dag.py took 0.200 seconds
[2023-01-19T20:22:46.903+0000] {processor.py:153} INFO - Started process (PID=60) to work on /home/airflow/.local/lib/python3.7/site-packages/airflow/example_dags/example_skip_dag.py
[2023-01-19T20:22:46.905+0000] {processor.py:743} INFO - Processing file /home/airflow/.local/lib/python3.7/site-packages/airflow/example_dags/example_skip_dag.py for tasks to queue
[2023-01-19T20:22:46.906+0000] {logging_mixin.py:137} INFO - [2023-01-19T20:22:46.906+0000] {dagbag.py:538} INFO - Filling up the DagBag from /home/airflow/.local/lib/python3.7/site-packages/airflow/example_dags/example_skip_dag.py
[2023-01-19T20:22:46.943+0000] {processor.py:753} INFO - DAG(s) dict_keys(['example_skip_dag']) retrieved from /home/airflow/.local/lib/python3.7/site-packages/airflow/example_dags/example_skip_dag.py
[2023-01-19T20:22:47.012+0000] {logging_mixin.py:137} INFO - [2023-01-19T20:22:47.012+0000] {dag.py:2676} INFO - Sync 1 DAGs
[2023-01-19T20:22:47.063+0000] {logging_mixin.py:137} INFO - [2023-01-19T20:22:47.063+0000] {dag.py:3427} INFO - Setting next_dagrun for example_skip_dag to 2023-01-18T20:22:47.062878+00:00, run_after=2023-01-19T20:22:47.062878+00:00
[2023-01-19T20:22:47.112+0000] {processor.py:175} INFO - Processing /home/airflow/.local/lib/python3.7/site-packages/airflow/example_dags/example_skip_dag.py took 0.214 seconds
[2023-01-19T20:23:17.174+0000] {processor.py:153} INFO - Started process (PID=138) to work on /home/airflow/.local/lib/python3.7/site-packages/airflow/example_dags/example_skip_dag.py
[2023-01-19T20:23:17.176+0000] {processor.py:743} INFO - Processing file /home/airflow/.local/lib/python3.7/site-packages/airflow/example_dags/example_skip_dag.py for tasks to queue
[2023-01-19T20:23:17.177+0000] {logging_mixin.py:137} INFO - [2023-01-19T20:23:17.177+0000] {dagbag.py:538} INFO - Filling up the DagBag from /home/airflow/.local/lib/python3.7/site-packages/airflow/example_dags/example_skip_dag.py
[2023-01-19T20:23:17.198+0000] {processor.py:753} INFO - DAG(s) dict_keys(['example_skip_dag']) retrieved from /home/airflow/.local/lib/python3.7/site-packages/airflow/example_dags/example_skip_dag.py
[2023-01-19T20:23:17.251+0000] {logging_mixin.py:137} INFO - [2023-01-19T20:23:17.251+0000] {dag.py:2676} INFO - Sync 1 DAGs
[2023-01-19T20:23:17.283+0000] {logging_mixin.py:137} INFO - [2023-01-19T20:23:17.283+0000] {dag.py:3427} INFO - Setting next_dagrun for example_skip_dag to 2023-01-18T20:23:17.282846+00:00, run_after=2023-01-19T20:23:17.282846+00:00
[2023-01-19T20:23:17.307+0000] {processor.py:175} INFO - Processing /home/airflow/.local/lib/python3.7/site-packages/airflow/example_dags/example_skip_dag.py took 0.138 seconds
[2023-01-19T20:23:47.464+0000] {processor.py:153} INFO - Started process (PID=210) to work on /home/airflow/.local/lib/python3.7/site-packages/airflow/example_dags/example_skip_dag.py
[2023-01-19T20:23:47.465+0000] {processor.py:743} INFO - Processing file /home/airflow/.local/lib/python3.7/site-packages/airflow/example_dags/example_skip_dag.py for tasks to queue
[2023-01-19T20:23:47.466+0000] {logging_mixin.py:137} INFO - [2023-01-19T20:23:47.466+0000] {dagbag.py:538} INFO - Filling up the DagBag from /home/airflow/.local/lib/python3.7/site-packages/airflow/example_dags/example_skip_dag.py
[2023-01-19T20:23:47.485+0000] {processor.py:753} INFO - DAG(s) dict_keys(['example_skip_dag']) retrieved from /home/airflow/.local/lib/python3.7/site-packages/airflow/example_dags/example_skip_dag.py
[2023-01-19T20:23:47.535+0000] {logging_mixin.py:137} INFO - [2023-01-19T20:23:47.535+0000] {dag.py:2676} INFO - Sync 1 DAGs
[2023-01-19T20:23:47.566+0000] {logging_mixin.py:137} INFO - [2023-01-19T20:23:47.566+0000] {dag.py:3427} INFO - Setting next_dagrun for example_skip_dag to 2023-01-18T20:23:47.565796+00:00, run_after=2023-01-19T20:23:47.565796+00:00
[2023-01-19T20:23:47.591+0000] {processor.py:175} INFO - Processing /home/airflow/.local/lib/python3.7/site-packages/airflow/example_dags/example_skip_dag.py took 0.131 seconds
[2023-01-19T20:24:17.806+0000] {processor.py:153} INFO - Started process (PID=283) to work on /home/airflow/.local/lib/python3.7/site-packages/airflow/example_dags/example_skip_dag.py
[2023-01-19T20:24:17.807+0000] {processor.py:743} INFO - Processing file /home/airflow/.local/lib/python3.7/site-packages/airflow/example_dags/example_skip_dag.py for tasks to queue
[2023-01-19T20:24:17.808+0000] {logging_mixin.py:137} INFO - [2023-01-19T20:24:17.807+0000] {dagbag.py:538} INFO - Filling up the DagBag from /home/airflow/.local/lib/python3.7/site-packages/airflow/example_dags/example_skip_dag.py
[2023-01-19T20:24:17.825+0000] {processor.py:753} INFO - DAG(s) dict_keys(['example_skip_dag']) retrieved from /home/airflow/.local/lib/python3.7/site-packages/airflow/example_dags/example_skip_dag.py
[2023-01-19T20:24:17.875+0000] {logging_mixin.py:137} INFO - [2023-01-19T20:24:17.874+0000] {dag.py:2676} INFO - Sync 1 DAGs
[2023-01-19T20:24:17.908+0000] {logging_mixin.py:137} INFO - [2023-01-19T20:24:17.908+0000] {dag.py:3427} INFO - Setting next_dagrun for example_skip_dag to 2023-01-18T20:24:17.908291+00:00, run_after=2023-01-19T20:24:17.908291+00:00
[2023-01-19T20:24:17.935+0000] {processor.py:175} INFO - Processing /home/airflow/.local/lib/python3.7/site-packages/airflow/example_dags/example_skip_dag.py took 0.133 seconds
[2023-01-19T20:24:48.628+0000] {processor.py:153} INFO - Started process (PID=372) to work on /home/airflow/.local/lib/python3.7/site-packages/airflow/example_dags/example_skip_dag.py
[2023-01-19T20:24:48.629+0000] {processor.py:743} INFO - Processing file /home/airflow/.local/lib/python3.7/site-packages/airflow/example_dags/example_skip_dag.py for tasks to queue
[2023-01-19T20:24:48.630+0000] {logging_mixin.py:137} INFO - [2023-01-19T20:24:48.630+0000] {dagbag.py:538} INFO - Filling up the DagBag from /home/airflow/.local/lib/python3.7/site-packages/airflow/example_dags/example_skip_dag.py
[2023-01-19T20:24:48.652+0000] {processor.py:753} INFO - DAG(s) dict_keys(['example_skip_dag']) retrieved from /home/airflow/.local/lib/python3.7/site-packages/airflow/example_dags/example_skip_dag.py
[2023-01-19T20:24:48.706+0000] {logging_mixin.py:137} INFO - [2023-01-19T20:24:48.706+0000] {dag.py:2676} INFO - Sync 1 DAGs
[2023-01-19T20:24:48.741+0000] {logging_mixin.py:137} INFO - [2023-01-19T20:24:48.741+0000] {dag.py:3427} INFO - Setting next_dagrun for example_skip_dag to 2023-01-18T20:24:48.740565+00:00, run_after=2023-01-19T20:24:48.740565+00:00
[2023-01-19T20:24:48.768+0000] {processor.py:175} INFO - Processing /home/airflow/.local/lib/python3.7/site-packages/airflow/example_dags/example_skip_dag.py took 0.145 seconds
[2023-01-19T20:25:18.882+0000] {processor.py:153} INFO - Started process (PID=444) to work on /home/airflow/.local/lib/python3.7/site-packages/airflow/example_dags/example_skip_dag.py
[2023-01-19T20:25:18.883+0000] {processor.py:743} INFO - Processing file /home/airflow/.local/lib/python3.7/site-packages/airflow/example_dags/example_skip_dag.py for tasks to queue
[2023-01-19T20:25:18.884+0000] {logging_mixin.py:137} INFO - [2023-01-19T20:25:18.884+0000] {dagbag.py:538} INFO - Filling up the DagBag from /home/airflow/.local/lib/python3.7/site-packages/airflow/example_dags/example_skip_dag.py
[2023-01-19T20:25:18.904+0000] {processor.py:753} INFO - DAG(s) dict_keys(['example_skip_dag']) retrieved from /home/airflow/.local/lib/python3.7/site-packages/airflow/example_dags/example_skip_dag.py
[2023-01-19T20:25:18.956+0000] {logging_mixin.py:137} INFO - [2023-01-19T20:25:18.956+0000] {dag.py:2676} INFO - Sync 1 DAGs
[2023-01-19T20:25:18.992+0000] {logging_mixin.py:137} INFO - [2023-01-19T20:25:18.991+0000] {dag.py:3427} INFO - Setting next_dagrun for example_skip_dag to 2023-01-18T20:25:18.991558+00:00, run_after=2023-01-19T20:25:18.991558+00:00
[2023-01-19T20:25:19.019+0000] {processor.py:175} INFO - Processing /home/airflow/.local/lib/python3.7/site-packages/airflow/example_dags/example_skip_dag.py took 0.141 seconds
[2023-01-19T20:25:49.104+0000] {processor.py:153} INFO - Started process (PID=516) to work on /home/airflow/.local/lib/python3.7/site-packages/airflow/example_dags/example_skip_dag.py
[2023-01-19T20:25:49.105+0000] {processor.py:743} INFO - Processing file /home/airflow/.local/lib/python3.7/site-packages/airflow/example_dags/example_skip_dag.py for tasks to queue
[2023-01-19T20:25:49.108+0000] {logging_mixin.py:137} INFO - [2023-01-19T20:25:49.108+0000] {dagbag.py:538} INFO - Filling up the DagBag from /home/airflow/.local/lib/python3.7/site-packages/airflow/example_dags/example_skip_dag.py
[2023-01-19T20:25:49.127+0000] {processor.py:753} INFO - DAG(s) dict_keys(['example_skip_dag']) retrieved from /home/airflow/.local/lib/python3.7/site-packages/airflow/example_dags/example_skip_dag.py
[2023-01-19T20:25:49.172+0000] {logging_mixin.py:137} INFO - [2023-01-19T20:25:49.171+0000] {dag.py:2676} INFO - Sync 1 DAGs
[2023-01-19T20:25:49.212+0000] {logging_mixin.py:137} INFO - [2023-01-19T20:25:49.211+0000] {dag.py:3427} INFO - Setting next_dagrun for example_skip_dag to 2023-01-18T20:25:49.211671+00:00, run_after=2023-01-19T20:25:49.211671+00:00
[2023-01-19T20:25:49.240+0000] {processor.py:175} INFO - Processing /home/airflow/.local/lib/python3.7/site-packages/airflow/example_dags/example_skip_dag.py took 0.141 seconds
[2023-01-19T20:27:37.517+0000] {processor.py:153} INFO - Started process (PID=67) to work on /home/airflow/.local/lib/python3.7/site-packages/airflow/example_dags/example_skip_dag.py
[2023-01-19T20:27:37.519+0000] {processor.py:743} INFO - Processing file /home/airflow/.local/lib/python3.7/site-packages/airflow/example_dags/example_skip_dag.py for tasks to queue
[2023-01-19T20:27:37.520+0000] {logging_mixin.py:137} INFO - [2023-01-19T20:27:37.520+0000] {dagbag.py:538} INFO - Filling up the DagBag from /home/airflow/.local/lib/python3.7/site-packages/airflow/example_dags/example_skip_dag.py
[2023-01-19T20:27:37.548+0000] {processor.py:753} INFO - DAG(s) dict_keys(['example_skip_dag']) retrieved from /home/airflow/.local/lib/python3.7/site-packages/airflow/example_dags/example_skip_dag.py
[2023-01-19T20:27:37.748+0000] {logging_mixin.py:137} INFO - [2023-01-19T20:27:37.748+0000] {manager.py:504} INFO - Created Permission View: can delete on DAG:example_skip_dag
[2023-01-19T20:27:37.766+0000] {logging_mixin.py:137} INFO - [2023-01-19T20:27:37.765+0000] {manager.py:504} INFO - Created Permission View: can edit on DAG:example_skip_dag
[2023-01-19T20:27:37.778+0000] {logging_mixin.py:137} INFO - [2023-01-19T20:27:37.778+0000] {manager.py:504} INFO - Created Permission View: can read on DAG:example_skip_dag
[2023-01-19T20:27:37.779+0000] {logging_mixin.py:137} INFO - [2023-01-19T20:27:37.778+0000] {dag.py:2676} INFO - Sync 1 DAGs
[2023-01-19T20:27:37.801+0000] {logging_mixin.py:137} INFO - [2023-01-19T20:27:37.801+0000] {dag.py:2697} INFO - Creating ORM DAG for example_skip_dag
[2023-01-19T20:27:37.820+0000] {logging_mixin.py:137} INFO - [2023-01-19T20:27:37.819+0000] {dag.py:3427} INFO - Setting next_dagrun for example_skip_dag to 2023-01-18T20:27:37.819278+00:00, run_after=2023-01-19T20:27:37.819278+00:00
[2023-01-19T20:27:37.855+0000] {processor.py:175} INFO - Processing /home/airflow/.local/lib/python3.7/site-packages/airflow/example_dags/example_skip_dag.py took 0.343 seconds
[2023-01-19T20:28:08.059+0000] {processor.py:153} INFO - Started process (PID=139) to work on /home/airflow/.local/lib/python3.7/site-packages/airflow/example_dags/example_skip_dag.py
[2023-01-19T20:28:08.059+0000] {processor.py:743} INFO - Processing file /home/airflow/.local/lib/python3.7/site-packages/airflow/example_dags/example_skip_dag.py for tasks to queue
[2023-01-19T20:28:08.060+0000] {logging_mixin.py:137} INFO - [2023-01-19T20:28:08.060+0000] {dagbag.py:538} INFO - Filling up the DagBag from /home/airflow/.local/lib/python3.7/site-packages/airflow/example_dags/example_skip_dag.py
[2023-01-19T20:28:08.086+0000] {processor.py:753} INFO - DAG(s) dict_keys(['example_skip_dag']) retrieved from /home/airflow/.local/lib/python3.7/site-packages/airflow/example_dags/example_skip_dag.py
[2023-01-19T20:28:08.142+0000] {logging_mixin.py:137} INFO - [2023-01-19T20:28:08.141+0000] {dag.py:2676} INFO - Sync 1 DAGs
[2023-01-19T20:28:08.189+0000] {logging_mixin.py:137} INFO - [2023-01-19T20:28:08.189+0000] {dag.py:3427} INFO - Setting next_dagrun for example_skip_dag to 2023-01-18T20:28:08.188718+00:00, run_after=2023-01-19T20:28:08.188718+00:00
[2023-01-19T20:28:08.224+0000] {processor.py:175} INFO - Processing /home/airflow/.local/lib/python3.7/site-packages/airflow/example_dags/example_skip_dag.py took 0.170 seconds
[2023-01-19T20:28:39.067+0000] {processor.py:153} INFO - Started process (PID=218) to work on /home/airflow/.local/lib/python3.7/site-packages/airflow/example_dags/example_skip_dag.py
[2023-01-19T20:28:39.070+0000] {processor.py:743} INFO - Processing file /home/airflow/.local/lib/python3.7/site-packages/airflow/example_dags/example_skip_dag.py for tasks to queue
[2023-01-19T20:28:39.072+0000] {logging_mixin.py:137} INFO - [2023-01-19T20:28:39.072+0000] {dagbag.py:538} INFO - Filling up the DagBag from /home/airflow/.local/lib/python3.7/site-packages/airflow/example_dags/example_skip_dag.py
[2023-01-19T20:28:39.100+0000] {processor.py:753} INFO - DAG(s) dict_keys(['example_skip_dag']) retrieved from /home/airflow/.local/lib/python3.7/site-packages/airflow/example_dags/example_skip_dag.py
[2023-01-19T20:28:39.165+0000] {logging_mixin.py:137} INFO - [2023-01-19T20:28:39.165+0000] {dag.py:2676} INFO - Sync 1 DAGs
[2023-01-19T20:28:39.217+0000] {logging_mixin.py:137} INFO - [2023-01-19T20:28:39.217+0000] {dag.py:3427} INFO - Setting next_dagrun for example_skip_dag to 2023-01-18T20:28:39.216594+00:00, run_after=2023-01-19T20:28:39.216594+00:00
[2023-01-19T20:28:39.260+0000] {processor.py:175} INFO - Processing /home/airflow/.local/lib/python3.7/site-packages/airflow/example_dags/example_skip_dag.py took 0.197 seconds
[2023-01-19T20:29:09.864+0000] {processor.py:153} INFO - Started process (PID=300) to work on /home/airflow/.local/lib/python3.7/site-packages/airflow/example_dags/example_skip_dag.py
[2023-01-19T20:29:09.865+0000] {processor.py:743} INFO - Processing file /home/airflow/.local/lib/python3.7/site-packages/airflow/example_dags/example_skip_dag.py for tasks to queue
[2023-01-19T20:29:09.866+0000] {logging_mixin.py:137} INFO - [2023-01-19T20:29:09.866+0000] {dagbag.py:538} INFO - Filling up the DagBag from /home/airflow/.local/lib/python3.7/site-packages/airflow/example_dags/example_skip_dag.py
[2023-01-19T20:29:09.891+0000] {processor.py:753} INFO - DAG(s) dict_keys(['example_skip_dag']) retrieved from /home/airflow/.local/lib/python3.7/site-packages/airflow/example_dags/example_skip_dag.py
[2023-01-19T20:29:09.952+0000] {logging_mixin.py:137} INFO - [2023-01-19T20:29:09.952+0000] {dag.py:2676} INFO - Sync 1 DAGs
[2023-01-19T20:29:09.996+0000] {logging_mixin.py:137} INFO - [2023-01-19T20:29:09.996+0000] {dag.py:3427} INFO - Setting next_dagrun for example_skip_dag to 2023-01-18T20:29:09.995770+00:00, run_after=2023-01-19T20:29:09.995770+00:00
[2023-01-19T20:29:10.029+0000] {processor.py:175} INFO - Processing /home/airflow/.local/lib/python3.7/site-packages/airflow/example_dags/example_skip_dag.py took 0.171 seconds
[2023-01-19T20:29:40.147+0000] {processor.py:153} INFO - Started process (PID=373) to work on /home/airflow/.local/lib/python3.7/site-packages/airflow/example_dags/example_skip_dag.py
[2023-01-19T20:29:40.148+0000] {processor.py:743} INFO - Processing file /home/airflow/.local/lib/python3.7/site-packages/airflow/example_dags/example_skip_dag.py for tasks to queue
[2023-01-19T20:29:40.149+0000] {logging_mixin.py:137} INFO - [2023-01-19T20:29:40.149+0000] {dagbag.py:538} INFO - Filling up the DagBag from /home/airflow/.local/lib/python3.7/site-packages/airflow/example_dags/example_skip_dag.py
[2023-01-19T20:29:40.168+0000] {processor.py:753} INFO - DAG(s) dict_keys(['example_skip_dag']) retrieved from /home/airflow/.local/lib/python3.7/site-packages/airflow/example_dags/example_skip_dag.py
[2023-01-19T20:29:40.225+0000] {logging_mixin.py:137} INFO - [2023-01-19T20:29:40.225+0000] {dag.py:2676} INFO - Sync 1 DAGs
[2023-01-19T20:29:40.264+0000] {logging_mixin.py:137} INFO - [2023-01-19T20:29:40.264+0000] {dag.py:3427} INFO - Setting next_dagrun for example_skip_dag to 2023-01-18T20:29:40.264331+00:00, run_after=2023-01-19T20:29:40.264331+00:00
[2023-01-19T20:29:40.295+0000] {processor.py:175} INFO - Processing /home/airflow/.local/lib/python3.7/site-packages/airflow/example_dags/example_skip_dag.py took 0.154 seconds
[2023-01-19T20:30:10.633+0000] {processor.py:153} INFO - Started process (PID=445) to work on /home/airflow/.local/lib/python3.7/site-packages/airflow/example_dags/example_skip_dag.py
[2023-01-19T20:30:10.634+0000] {processor.py:743} INFO - Processing file /home/airflow/.local/lib/python3.7/site-packages/airflow/example_dags/example_skip_dag.py for tasks to queue
[2023-01-19T20:30:10.634+0000] {logging_mixin.py:137} INFO - [2023-01-19T20:30:10.634+0000] {dagbag.py:538} INFO - Filling up the DagBag from /home/airflow/.local/lib/python3.7/site-packages/airflow/example_dags/example_skip_dag.py
[2023-01-19T20:30:10.654+0000] {processor.py:753} INFO - DAG(s) dict_keys(['example_skip_dag']) retrieved from /home/airflow/.local/lib/python3.7/site-packages/airflow/example_dags/example_skip_dag.py
[2023-01-19T20:30:10.714+0000] {logging_mixin.py:137} INFO - [2023-01-19T20:30:10.714+0000] {dag.py:2676} INFO - Sync 1 DAGs
[2023-01-19T20:30:10.754+0000] {logging_mixin.py:137} INFO - [2023-01-19T20:30:10.754+0000] {dag.py:3427} INFO - Setting next_dagrun for example_skip_dag to 2023-01-18T20:30:10.753789+00:00, run_after=2023-01-19T20:30:10.753789+00:00
[2023-01-19T20:30:10.785+0000] {processor.py:175} INFO - Processing /home/airflow/.local/lib/python3.7/site-packages/airflow/example_dags/example_skip_dag.py took 0.156 seconds
[2023-01-19T20:30:41.088+0000] {processor.py:153} INFO - Started process (PID=526) to work on /home/airflow/.local/lib/python3.7/site-packages/airflow/example_dags/example_skip_dag.py
[2023-01-19T20:30:41.089+0000] {processor.py:743} INFO - Processing file /home/airflow/.local/lib/python3.7/site-packages/airflow/example_dags/example_skip_dag.py for tasks to queue
[2023-01-19T20:30:41.090+0000] {logging_mixin.py:137} INFO - [2023-01-19T20:30:41.090+0000] {dagbag.py:538} INFO - Filling up the DagBag from /home/airflow/.local/lib/python3.7/site-packages/airflow/example_dags/example_skip_dag.py
[2023-01-19T20:30:41.111+0000] {processor.py:753} INFO - DAG(s) dict_keys(['example_skip_dag']) retrieved from /home/airflow/.local/lib/python3.7/site-packages/airflow/example_dags/example_skip_dag.py
[2023-01-19T20:30:41.165+0000] {logging_mixin.py:137} INFO - [2023-01-19T20:30:41.165+0000] {dag.py:2676} INFO - Sync 1 DAGs
[2023-01-19T20:30:41.202+0000] {logging_mixin.py:137} INFO - [2023-01-19T20:30:41.202+0000] {dag.py:3427} INFO - Setting next_dagrun for example_skip_dag to 2023-01-18T20:30:41.202389+00:00, run_after=2023-01-19T20:30:41.202389+00:00
[2023-01-19T20:30:41.229+0000] {processor.py:175} INFO - Processing /home/airflow/.local/lib/python3.7/site-packages/airflow/example_dags/example_skip_dag.py took 0.145 seconds
[2023-01-19T20:31:13.033+0000] {processor.py:153} INFO - Started process (PID=605) to work on /home/airflow/.local/lib/python3.7/site-packages/airflow/example_dags/example_skip_dag.py
[2023-01-19T20:31:13.038+0000] {processor.py:743} INFO - Processing file /home/airflow/.local/lib/python3.7/site-packages/airflow/example_dags/example_skip_dag.py for tasks to queue
[2023-01-19T20:31:13.041+0000] {logging_mixin.py:137} INFO - [2023-01-19T20:31:13.041+0000] {dagbag.py:538} INFO - Filling up the DagBag from /home/airflow/.local/lib/python3.7/site-packages/airflow/example_dags/example_skip_dag.py
[2023-01-19T20:31:13.089+0000] {processor.py:753} INFO - DAG(s) dict_keys(['example_skip_dag']) retrieved from /home/airflow/.local/lib/python3.7/site-packages/airflow/example_dags/example_skip_dag.py
[2023-01-19T20:31:13.179+0000] {logging_mixin.py:137} INFO - [2023-01-19T20:31:13.178+0000] {dag.py:2676} INFO - Sync 1 DAGs
[2023-01-19T20:31:13.237+0000] {logging_mixin.py:137} INFO - [2023-01-19T20:31:13.236+0000] {dag.py:3427} INFO - Setting next_dagrun for example_skip_dag to 2023-01-18T20:31:13.236587+00:00, run_after=2023-01-19T20:31:13.236587+00:00
[2023-01-19T20:31:13.288+0000] {processor.py:175} INFO - Processing /home/airflow/.local/lib/python3.7/site-packages/airflow/example_dags/example_skip_dag.py took 0.262 seconds
[2023-01-19T20:31:44.113+0000] {processor.py:153} INFO - Started process (PID=677) to work on /home/airflow/.local/lib/python3.7/site-packages/airflow/example_dags/example_skip_dag.py
[2023-01-19T20:31:44.114+0000] {processor.py:743} INFO - Processing file /home/airflow/.local/lib/python3.7/site-packages/airflow/example_dags/example_skip_dag.py for tasks to queue
[2023-01-19T20:31:44.115+0000] {logging_mixin.py:137} INFO - [2023-01-19T20:31:44.115+0000] {dagbag.py:538} INFO - Filling up the DagBag from /home/airflow/.local/lib/python3.7/site-packages/airflow/example_dags/example_skip_dag.py
[2023-01-19T20:31:44.141+0000] {processor.py:753} INFO - DAG(s) dict_keys(['example_skip_dag']) retrieved from /home/airflow/.local/lib/python3.7/site-packages/airflow/example_dags/example_skip_dag.py
[2023-01-19T20:31:44.204+0000] {logging_mixin.py:137} INFO - [2023-01-19T20:31:44.204+0000] {dag.py:2676} INFO - Sync 1 DAGs
[2023-01-19T20:31:44.242+0000] {logging_mixin.py:137} INFO - [2023-01-19T20:31:44.242+0000] {dag.py:3427} INFO - Setting next_dagrun for example_skip_dag to 2023-01-18T20:31:44.242212+00:00, run_after=2023-01-19T20:31:44.242212+00:00
[2023-01-19T20:31:44.273+0000] {processor.py:175} INFO - Processing /home/airflow/.local/lib/python3.7/site-packages/airflow/example_dags/example_skip_dag.py took 0.166 seconds
[2023-01-19T20:32:14.344+0000] {processor.py:153} INFO - Started process (PID=759) to work on /home/airflow/.local/lib/python3.7/site-packages/airflow/example_dags/example_skip_dag.py
[2023-01-19T20:32:14.345+0000] {processor.py:743} INFO - Processing file /home/airflow/.local/lib/python3.7/site-packages/airflow/example_dags/example_skip_dag.py for tasks to queue
[2023-01-19T20:32:14.346+0000] {logging_mixin.py:137} INFO - [2023-01-19T20:32:14.346+0000] {dagbag.py:538} INFO - Filling up the DagBag from /home/airflow/.local/lib/python3.7/site-packages/airflow/example_dags/example_skip_dag.py
[2023-01-19T20:32:14.370+0000] {processor.py:753} INFO - DAG(s) dict_keys(['example_skip_dag']) retrieved from /home/airflow/.local/lib/python3.7/site-packages/airflow/example_dags/example_skip_dag.py
[2023-01-19T20:32:14.425+0000] {logging_mixin.py:137} INFO - [2023-01-19T20:32:14.425+0000] {dag.py:2676} INFO - Sync 1 DAGs
[2023-01-19T20:32:14.463+0000] {logging_mixin.py:137} INFO - [2023-01-19T20:32:14.463+0000] {dag.py:3427} INFO - Setting next_dagrun for example_skip_dag to 2023-01-18T20:32:14.462691+00:00, run_after=2023-01-19T20:32:14.462691+00:00
[2023-01-19T20:32:14.495+0000] {processor.py:175} INFO - Processing /home/airflow/.local/lib/python3.7/site-packages/airflow/example_dags/example_skip_dag.py took 0.155 seconds
[2023-01-19T20:32:44.611+0000] {processor.py:153} INFO - Started process (PID=838) to work on /home/airflow/.local/lib/python3.7/site-packages/airflow/example_dags/example_skip_dag.py
[2023-01-19T20:32:44.613+0000] {processor.py:743} INFO - Processing file /home/airflow/.local/lib/python3.7/site-packages/airflow/example_dags/example_skip_dag.py for tasks to queue
[2023-01-19T20:32:44.613+0000] {logging_mixin.py:137} INFO - [2023-01-19T20:32:44.613+0000] {dagbag.py:538} INFO - Filling up the DagBag from /home/airflow/.local/lib/python3.7/site-packages/airflow/example_dags/example_skip_dag.py
[2023-01-19T20:32:44.631+0000] {processor.py:753} INFO - DAG(s) dict_keys(['example_skip_dag']) retrieved from /home/airflow/.local/lib/python3.7/site-packages/airflow/example_dags/example_skip_dag.py
[2023-01-19T20:32:44.720+0000] {logging_mixin.py:137} INFO - [2023-01-19T20:32:44.719+0000] {dag.py:2676} INFO - Sync 1 DAGs
[2023-01-19T20:32:44.760+0000] {logging_mixin.py:137} INFO - [2023-01-19T20:32:44.760+0000] {dag.py:3427} INFO - Setting next_dagrun for example_skip_dag to 2023-01-18T20:32:44.759738+00:00, run_after=2023-01-19T20:32:44.759738+00:00
[2023-01-19T20:32:44.789+0000] {processor.py:175} INFO - Processing /home/airflow/.local/lib/python3.7/site-packages/airflow/example_dags/example_skip_dag.py took 0.183 seconds
[2023-01-19T20:33:14.895+0000] {processor.py:153} INFO - Started process (PID=910) to work on /home/airflow/.local/lib/python3.7/site-packages/airflow/example_dags/example_skip_dag.py
[2023-01-19T20:33:14.896+0000] {processor.py:743} INFO - Processing file /home/airflow/.local/lib/python3.7/site-packages/airflow/example_dags/example_skip_dag.py for tasks to queue
[2023-01-19T20:33:14.898+0000] {logging_mixin.py:137} INFO - [2023-01-19T20:33:14.897+0000] {dagbag.py:538} INFO - Filling up the DagBag from /home/airflow/.local/lib/python3.7/site-packages/airflow/example_dags/example_skip_dag.py
[2023-01-19T20:33:14.917+0000] {processor.py:753} INFO - DAG(s) dict_keys(['example_skip_dag']) retrieved from /home/airflow/.local/lib/python3.7/site-packages/airflow/example_dags/example_skip_dag.py
[2023-01-19T20:33:14.976+0000] {logging_mixin.py:137} INFO - [2023-01-19T20:33:14.976+0000] {dag.py:2676} INFO - Sync 1 DAGs
[2023-01-19T20:33:15.013+0000] {logging_mixin.py:137} INFO - [2023-01-19T20:33:15.012+0000] {dag.py:3427} INFO - Setting next_dagrun for example_skip_dag to 2023-01-18T20:33:15.012464+00:00, run_after=2023-01-19T20:33:15.012464+00:00
[2023-01-19T20:33:15.045+0000] {processor.py:175} INFO - Processing /home/airflow/.local/lib/python3.7/site-packages/airflow/example_dags/example_skip_dag.py took 0.156 seconds
[2023-01-19T20:33:45.245+0000] {processor.py:153} INFO - Started process (PID=982) to work on /home/airflow/.local/lib/python3.7/site-packages/airflow/example_dags/example_skip_dag.py
[2023-01-19T20:33:45.247+0000] {processor.py:743} INFO - Processing file /home/airflow/.local/lib/python3.7/site-packages/airflow/example_dags/example_skip_dag.py for tasks to queue
[2023-01-19T20:33:45.247+0000] {logging_mixin.py:137} INFO - [2023-01-19T20:33:45.247+0000] {dagbag.py:538} INFO - Filling up the DagBag from /home/airflow/.local/lib/python3.7/site-packages/airflow/example_dags/example_skip_dag.py
[2023-01-19T20:33:45.264+0000] {processor.py:753} INFO - DAG(s) dict_keys(['example_skip_dag']) retrieved from /home/airflow/.local/lib/python3.7/site-packages/airflow/example_dags/example_skip_dag.py
[2023-01-19T20:33:45.310+0000] {logging_mixin.py:137} INFO - [2023-01-19T20:33:45.310+0000] {dag.py:2676} INFO - Sync 1 DAGs
[2023-01-19T20:33:45.342+0000] {logging_mixin.py:137} INFO - [2023-01-19T20:33:45.341+0000] {dag.py:3427} INFO - Setting next_dagrun for example_skip_dag to 2023-01-18T20:33:45.341610+00:00, run_after=2023-01-19T20:33:45.341610+00:00
[2023-01-19T20:33:45.368+0000] {processor.py:175} INFO - Processing /home/airflow/.local/lib/python3.7/site-packages/airflow/example_dags/example_skip_dag.py took 0.127 seconds
[2023-01-19T20:34:15.793+0000] {processor.py:153} INFO - Started process (PID=1070) to work on /home/airflow/.local/lib/python3.7/site-packages/airflow/example_dags/example_skip_dag.py
[2023-01-19T20:34:15.794+0000] {processor.py:743} INFO - Processing file /home/airflow/.local/lib/python3.7/site-packages/airflow/example_dags/example_skip_dag.py for tasks to queue
[2023-01-19T20:34:15.795+0000] {logging_mixin.py:137} INFO - [2023-01-19T20:34:15.795+0000] {dagbag.py:538} INFO - Filling up the DagBag from /home/airflow/.local/lib/python3.7/site-packages/airflow/example_dags/example_skip_dag.py
[2023-01-19T20:34:15.816+0000] {processor.py:753} INFO - DAG(s) dict_keys(['example_skip_dag']) retrieved from /home/airflow/.local/lib/python3.7/site-packages/airflow/example_dags/example_skip_dag.py
[2023-01-19T20:34:15.884+0000] {logging_mixin.py:137} INFO - [2023-01-19T20:34:15.884+0000] {dag.py:2676} INFO - Sync 1 DAGs
[2023-01-19T20:34:15.929+0000] {logging_mixin.py:137} INFO - [2023-01-19T20:34:15.929+0000] {dag.py:3427} INFO - Setting next_dagrun for example_skip_dag to 2023-01-18T20:34:15.928815+00:00, run_after=2023-01-19T20:34:15.928815+00:00
[2023-01-19T20:34:15.960+0000] {processor.py:175} INFO - Processing /home/airflow/.local/lib/python3.7/site-packages/airflow/example_dags/example_skip_dag.py took 0.172 seconds
[2023-01-19T20:34:46.739+0000] {processor.py:153} INFO - Started process (PID=1142) to work on /home/airflow/.local/lib/python3.7/site-packages/airflow/example_dags/example_skip_dag.py
[2023-01-19T20:34:46.741+0000] {processor.py:743} INFO - Processing file /home/airflow/.local/lib/python3.7/site-packages/airflow/example_dags/example_skip_dag.py for tasks to queue
[2023-01-19T20:34:46.742+0000] {logging_mixin.py:137} INFO - [2023-01-19T20:34:46.741+0000] {dagbag.py:538} INFO - Filling up the DagBag from /home/airflow/.local/lib/python3.7/site-packages/airflow/example_dags/example_skip_dag.py
[2023-01-19T20:34:46.760+0000] {processor.py:753} INFO - DAG(s) dict_keys(['example_skip_dag']) retrieved from /home/airflow/.local/lib/python3.7/site-packages/airflow/example_dags/example_skip_dag.py
[2023-01-19T20:34:46.810+0000] {logging_mixin.py:137} INFO - [2023-01-19T20:34:46.810+0000] {dag.py:2676} INFO - Sync 1 DAGs
[2023-01-19T20:34:46.849+0000] {logging_mixin.py:137} INFO - [2023-01-19T20:34:46.849+0000] {dag.py:3427} INFO - Setting next_dagrun for example_skip_dag to 2023-01-18T20:34:46.848926+00:00, run_after=2023-01-19T20:34:46.848926+00:00
[2023-01-19T20:34:46.878+0000] {processor.py:175} INFO - Processing /home/airflow/.local/lib/python3.7/site-packages/airflow/example_dags/example_skip_dag.py took 0.144 seconds
[2023-01-19T20:35:17.529+0000] {processor.py:153} INFO - Started process (PID=1214) to work on /home/airflow/.local/lib/python3.7/site-packages/airflow/example_dags/example_skip_dag.py
[2023-01-19T20:35:17.530+0000] {processor.py:743} INFO - Processing file /home/airflow/.local/lib/python3.7/site-packages/airflow/example_dags/example_skip_dag.py for tasks to queue
[2023-01-19T20:35:17.531+0000] {logging_mixin.py:137} INFO - [2023-01-19T20:35:17.531+0000] {dagbag.py:538} INFO - Filling up the DagBag from /home/airflow/.local/lib/python3.7/site-packages/airflow/example_dags/example_skip_dag.py
[2023-01-19T20:35:17.550+0000] {processor.py:753} INFO - DAG(s) dict_keys(['example_skip_dag']) retrieved from /home/airflow/.local/lib/python3.7/site-packages/airflow/example_dags/example_skip_dag.py
[2023-01-19T20:35:17.598+0000] {logging_mixin.py:137} INFO - [2023-01-19T20:35:17.597+0000] {dag.py:2676} INFO - Sync 1 DAGs
[2023-01-19T20:35:17.635+0000] {logging_mixin.py:137} INFO - [2023-01-19T20:35:17.635+0000] {dag.py:3427} INFO - Setting next_dagrun for example_skip_dag to 2023-01-18T20:35:17.635484+00:00, run_after=2023-01-19T20:35:17.635484+00:00
[2023-01-19T20:35:17.663+0000] {processor.py:175} INFO - Processing /home/airflow/.local/lib/python3.7/site-packages/airflow/example_dags/example_skip_dag.py took 0.139 seconds
[2023-01-19T20:35:48.182+0000] {processor.py:153} INFO - Started process (PID=1302) to work on /home/airflow/.local/lib/python3.7/site-packages/airflow/example_dags/example_skip_dag.py
[2023-01-19T20:35:48.183+0000] {processor.py:743} INFO - Processing file /home/airflow/.local/lib/python3.7/site-packages/airflow/example_dags/example_skip_dag.py for tasks to queue
[2023-01-19T20:35:48.184+0000] {logging_mixin.py:137} INFO - [2023-01-19T20:35:48.184+0000] {dagbag.py:538} INFO - Filling up the DagBag from /home/airflow/.local/lib/python3.7/site-packages/airflow/example_dags/example_skip_dag.py
[2023-01-19T20:35:48.209+0000] {processor.py:753} INFO - DAG(s) dict_keys(['example_skip_dag']) retrieved from /home/airflow/.local/lib/python3.7/site-packages/airflow/example_dags/example_skip_dag.py
[2023-01-19T20:35:48.263+0000] {logging_mixin.py:137} INFO - [2023-01-19T20:35:48.263+0000] {dag.py:2676} INFO - Sync 1 DAGs
[2023-01-19T20:35:48.304+0000] {logging_mixin.py:137} INFO - [2023-01-19T20:35:48.304+0000] {dag.py:3427} INFO - Setting next_dagrun for example_skip_dag to 2023-01-18T20:35:48.304202+00:00, run_after=2023-01-19T20:35:48.304202+00:00
[2023-01-19T20:35:48.334+0000] {processor.py:175} INFO - Processing /home/airflow/.local/lib/python3.7/site-packages/airflow/example_dags/example_skip_dag.py took 0.157 seconds
[2023-01-19T20:36:19.250+0000] {processor.py:153} INFO - Started process (PID=1375) to work on /home/airflow/.local/lib/python3.7/site-packages/airflow/example_dags/example_skip_dag.py
[2023-01-19T20:36:19.251+0000] {processor.py:743} INFO - Processing file /home/airflow/.local/lib/python3.7/site-packages/airflow/example_dags/example_skip_dag.py for tasks to queue
[2023-01-19T20:36:19.252+0000] {logging_mixin.py:137} INFO - [2023-01-19T20:36:19.252+0000] {dagbag.py:538} INFO - Filling up the DagBag from /home/airflow/.local/lib/python3.7/site-packages/airflow/example_dags/example_skip_dag.py
[2023-01-19T20:36:19.271+0000] {processor.py:753} INFO - DAG(s) dict_keys(['example_skip_dag']) retrieved from /home/airflow/.local/lib/python3.7/site-packages/airflow/example_dags/example_skip_dag.py
[2023-01-19T20:36:19.320+0000] {logging_mixin.py:137} INFO - [2023-01-19T20:36:19.320+0000] {dag.py:2676} INFO - Sync 1 DAGs
[2023-01-19T20:36:19.358+0000] {logging_mixin.py:137} INFO - [2023-01-19T20:36:19.358+0000] {dag.py:3427} INFO - Setting next_dagrun for example_skip_dag to 2023-01-18T20:36:19.357881+00:00, run_after=2023-01-19T20:36:19.357881+00:00
[2023-01-19T20:36:19.386+0000] {processor.py:175} INFO - Processing /home/airflow/.local/lib/python3.7/site-packages/airflow/example_dags/example_skip_dag.py took 0.140 seconds
[2023-01-19T20:36:49.961+0000] {processor.py:153} INFO - Started process (PID=1447) to work on /home/airflow/.local/lib/python3.7/site-packages/airflow/example_dags/example_skip_dag.py
[2023-01-19T20:36:49.962+0000] {processor.py:743} INFO - Processing file /home/airflow/.local/lib/python3.7/site-packages/airflow/example_dags/example_skip_dag.py for tasks to queue
[2023-01-19T20:36:49.963+0000] {logging_mixin.py:137} INFO - [2023-01-19T20:36:49.963+0000] {dagbag.py:538} INFO - Filling up the DagBag from /home/airflow/.local/lib/python3.7/site-packages/airflow/example_dags/example_skip_dag.py
[2023-01-19T20:36:49.980+0000] {processor.py:753} INFO - DAG(s) dict_keys(['example_skip_dag']) retrieved from /home/airflow/.local/lib/python3.7/site-packages/airflow/example_dags/example_skip_dag.py
[2023-01-19T20:36:50.027+0000] {logging_mixin.py:137} INFO - [2023-01-19T20:36:50.027+0000] {dag.py:2676} INFO - Sync 1 DAGs
[2023-01-19T20:36:50.063+0000] {logging_mixin.py:137} INFO - [2023-01-19T20:36:50.062+0000] {dag.py:3427} INFO - Setting next_dagrun for example_skip_dag to 2023-01-18T20:36:50.062650+00:00, run_after=2023-01-19T20:36:50.062650+00:00
[2023-01-19T20:36:50.089+0000] {processor.py:175} INFO - Processing /home/airflow/.local/lib/python3.7/site-packages/airflow/example_dags/example_skip_dag.py took 0.133 seconds
[2023-01-19T20:37:20.905+0000] {processor.py:153} INFO - Started process (PID=1535) to work on /home/airflow/.local/lib/python3.7/site-packages/airflow/example_dags/example_skip_dag.py
[2023-01-19T20:37:20.906+0000] {processor.py:743} INFO - Processing file /home/airflow/.local/lib/python3.7/site-packages/airflow/example_dags/example_skip_dag.py for tasks to queue
[2023-01-19T20:37:20.907+0000] {logging_mixin.py:137} INFO - [2023-01-19T20:37:20.907+0000] {dagbag.py:538} INFO - Filling up the DagBag from /home/airflow/.local/lib/python3.7/site-packages/airflow/example_dags/example_skip_dag.py
[2023-01-19T20:37:20.924+0000] {processor.py:753} INFO - DAG(s) dict_keys(['example_skip_dag']) retrieved from /home/airflow/.local/lib/python3.7/site-packages/airflow/example_dags/example_skip_dag.py
[2023-01-19T20:37:20.981+0000] {logging_mixin.py:137} INFO - [2023-01-19T20:37:20.981+0000] {dag.py:2676} INFO - Sync 1 DAGs
[2023-01-19T20:37:21.024+0000] {logging_mixin.py:137} INFO - [2023-01-19T20:37:21.024+0000] {dag.py:3427} INFO - Setting next_dagrun for example_skip_dag to 2023-01-18T20:37:21.023740+00:00, run_after=2023-01-19T20:37:21.023740+00:00
[2023-01-19T20:37:21.055+0000] {processor.py:175} INFO - Processing /home/airflow/.local/lib/python3.7/site-packages/airflow/example_dags/example_skip_dag.py took 0.153 seconds
[2023-01-19T20:37:51.182+0000] {processor.py:153} INFO - Started process (PID=1607) to work on /home/airflow/.local/lib/python3.7/site-packages/airflow/example_dags/example_skip_dag.py
[2023-01-19T20:37:51.183+0000] {processor.py:743} INFO - Processing file /home/airflow/.local/lib/python3.7/site-packages/airflow/example_dags/example_skip_dag.py for tasks to queue
[2023-01-19T20:37:51.184+0000] {logging_mixin.py:137} INFO - [2023-01-19T20:37:51.184+0000] {dagbag.py:538} INFO - Filling up the DagBag from /home/airflow/.local/lib/python3.7/site-packages/airflow/example_dags/example_skip_dag.py
[2023-01-19T20:37:51.206+0000] {processor.py:753} INFO - DAG(s) dict_keys(['example_skip_dag']) retrieved from /home/airflow/.local/lib/python3.7/site-packages/airflow/example_dags/example_skip_dag.py
[2023-01-19T20:37:51.260+0000] {logging_mixin.py:137} INFO - [2023-01-19T20:37:51.260+0000] {dag.py:2676} INFO - Sync 1 DAGs
[2023-01-19T20:37:51.299+0000] {logging_mixin.py:137} INFO - [2023-01-19T20:37:51.298+0000] {dag.py:3427} INFO - Setting next_dagrun for example_skip_dag to 2023-01-18T20:37:51.298529+00:00, run_after=2023-01-19T20:37:51.298529+00:00
[2023-01-19T20:37:51.327+0000] {processor.py:175} INFO - Processing /home/airflow/.local/lib/python3.7/site-packages/airflow/example_dags/example_skip_dag.py took 0.150 seconds
[2023-01-19T20:38:21.802+0000] {processor.py:153} INFO - Started process (PID=1679) to work on /home/airflow/.local/lib/python3.7/site-packages/airflow/example_dags/example_skip_dag.py
[2023-01-19T20:38:21.803+0000] {processor.py:743} INFO - Processing file /home/airflow/.local/lib/python3.7/site-packages/airflow/example_dags/example_skip_dag.py for tasks to queue
[2023-01-19T20:38:21.803+0000] {logging_mixin.py:137} INFO - [2023-01-19T20:38:21.803+0000] {dagbag.py:538} INFO - Filling up the DagBag from /home/airflow/.local/lib/python3.7/site-packages/airflow/example_dags/example_skip_dag.py
[2023-01-19T20:38:21.821+0000] {processor.py:753} INFO - DAG(s) dict_keys(['example_skip_dag']) retrieved from /home/airflow/.local/lib/python3.7/site-packages/airflow/example_dags/example_skip_dag.py
[2023-01-19T20:38:21.868+0000] {logging_mixin.py:137} INFO - [2023-01-19T20:38:21.868+0000] {dag.py:2676} INFO - Sync 1 DAGs
[2023-01-19T20:38:21.903+0000] {logging_mixin.py:137} INFO - [2023-01-19T20:38:21.903+0000] {dag.py:3427} INFO - Setting next_dagrun for example_skip_dag to 2023-01-18T20:38:21.903031+00:00, run_after=2023-01-19T20:38:21.903031+00:00
[2023-01-19T20:38:21.934+0000] {processor.py:175} INFO - Processing /home/airflow/.local/lib/python3.7/site-packages/airflow/example_dags/example_skip_dag.py took 0.136 seconds
[2023-01-19T20:38:52.398+0000] {processor.py:153} INFO - Started process (PID=1767) to work on /home/airflow/.local/lib/python3.7/site-packages/airflow/example_dags/example_skip_dag.py
[2023-01-19T20:38:52.399+0000] {processor.py:743} INFO - Processing file /home/airflow/.local/lib/python3.7/site-packages/airflow/example_dags/example_skip_dag.py for tasks to queue
[2023-01-19T20:38:52.400+0000] {logging_mixin.py:137} INFO - [2023-01-19T20:38:52.400+0000] {dagbag.py:538} INFO - Filling up the DagBag from /home/airflow/.local/lib/python3.7/site-packages/airflow/example_dags/example_skip_dag.py
[2023-01-19T20:38:52.428+0000] {processor.py:753} INFO - DAG(s) dict_keys(['example_skip_dag']) retrieved from /home/airflow/.local/lib/python3.7/site-packages/airflow/example_dags/example_skip_dag.py
[2023-01-19T20:38:52.478+0000] {logging_mixin.py:137} INFO - [2023-01-19T20:38:52.478+0000] {dag.py:2676} INFO - Sync 1 DAGs
[2023-01-19T20:38:52.525+0000] {logging_mixin.py:137} INFO - [2023-01-19T20:38:52.524+0000] {dag.py:3427} INFO - Setting next_dagrun for example_skip_dag to 2023-01-18T20:38:52.523912+00:00, run_after=2023-01-19T20:38:52.523912+00:00
[2023-01-19T20:38:52.557+0000] {processor.py:175} INFO - Processing /home/airflow/.local/lib/python3.7/site-packages/airflow/example_dags/example_skip_dag.py took 0.164 seconds
[2023-01-19T20:39:22.787+0000] {processor.py:153} INFO - Started process (PID=1839) to work on /home/airflow/.local/lib/python3.7/site-packages/airflow/example_dags/example_skip_dag.py
[2023-01-19T20:39:22.788+0000] {processor.py:743} INFO - Processing file /home/airflow/.local/lib/python3.7/site-packages/airflow/example_dags/example_skip_dag.py for tasks to queue
[2023-01-19T20:39:22.789+0000] {logging_mixin.py:137} INFO - [2023-01-19T20:39:22.789+0000] {dagbag.py:538} INFO - Filling up the DagBag from /home/airflow/.local/lib/python3.7/site-packages/airflow/example_dags/example_skip_dag.py
[2023-01-19T20:39:22.811+0000] {processor.py:753} INFO - DAG(s) dict_keys(['example_skip_dag']) retrieved from /home/airflow/.local/lib/python3.7/site-packages/airflow/example_dags/example_skip_dag.py
[2023-01-19T20:39:22.859+0000] {logging_mixin.py:137} INFO - [2023-01-19T20:39:22.859+0000] {dag.py:2676} INFO - Sync 1 DAGs
[2023-01-19T20:39:22.895+0000] {logging_mixin.py:137} INFO - [2023-01-19T20:39:22.895+0000] {dag.py:3427} INFO - Setting next_dagrun for example_skip_dag to 2023-01-18T20:39:22.895141+00:00, run_after=2023-01-19T20:39:22.895141+00:00
[2023-01-19T20:39:22.928+0000] {processor.py:175} INFO - Processing /home/airflow/.local/lib/python3.7/site-packages/airflow/example_dags/example_skip_dag.py took 0.145 seconds
[2023-01-19T20:39:53.181+0000] {processor.py:153} INFO - Started process (PID=1911) to work on /home/airflow/.local/lib/python3.7/site-packages/airflow/example_dags/example_skip_dag.py
[2023-01-19T20:39:53.182+0000] {processor.py:743} INFO - Processing file /home/airflow/.local/lib/python3.7/site-packages/airflow/example_dags/example_skip_dag.py for tasks to queue
[2023-01-19T20:39:53.183+0000] {logging_mixin.py:137} INFO - [2023-01-19T20:39:53.183+0000] {dagbag.py:538} INFO - Filling up the DagBag from /home/airflow/.local/lib/python3.7/site-packages/airflow/example_dags/example_skip_dag.py
[2023-01-19T20:39:53.201+0000] {processor.py:753} INFO - DAG(s) dict_keys(['example_skip_dag']) retrieved from /home/airflow/.local/lib/python3.7/site-packages/airflow/example_dags/example_skip_dag.py
[2023-01-19T20:39:53.248+0000] {logging_mixin.py:137} INFO - [2023-01-19T20:39:53.248+0000] {dag.py:2676} INFO - Sync 1 DAGs
[2023-01-19T20:39:53.285+0000] {logging_mixin.py:137} INFO - [2023-01-19T20:39:53.284+0000] {dag.py:3427} INFO - Setting next_dagrun for example_skip_dag to 2023-01-18T20:39:53.284498+00:00, run_after=2023-01-19T20:39:53.284498+00:00
[2023-01-19T20:39:53.314+0000] {processor.py:175} INFO - Processing /home/airflow/.local/lib/python3.7/site-packages/airflow/example_dags/example_skip_dag.py took 0.137 seconds
[2023-01-19T20:40:23.530+0000] {processor.py:153} INFO - Started process (PID=1983) to work on /home/airflow/.local/lib/python3.7/site-packages/airflow/example_dags/example_skip_dag.py
[2023-01-19T20:40:23.531+0000] {processor.py:743} INFO - Processing file /home/airflow/.local/lib/python3.7/site-packages/airflow/example_dags/example_skip_dag.py for tasks to queue
[2023-01-19T20:40:23.532+0000] {logging_mixin.py:137} INFO - [2023-01-19T20:40:23.532+0000] {dagbag.py:538} INFO - Filling up the DagBag from /home/airflow/.local/lib/python3.7/site-packages/airflow/example_dags/example_skip_dag.py
[2023-01-19T20:40:23.551+0000] {processor.py:753} INFO - DAG(s) dict_keys(['example_skip_dag']) retrieved from /home/airflow/.local/lib/python3.7/site-packages/airflow/example_dags/example_skip_dag.py
[2023-01-19T20:40:23.596+0000] {logging_mixin.py:137} INFO - [2023-01-19T20:40:23.596+0000] {dag.py:2676} INFO - Sync 1 DAGs
[2023-01-19T20:40:23.631+0000] {logging_mixin.py:137} INFO - [2023-01-19T20:40:23.631+0000] {dag.py:3427} INFO - Setting next_dagrun for example_skip_dag to 2023-01-18T20:40:23.630593+00:00, run_after=2023-01-19T20:40:23.630593+00:00
[2023-01-19T20:40:23.658+0000] {processor.py:175} INFO - Processing /home/airflow/.local/lib/python3.7/site-packages/airflow/example_dags/example_skip_dag.py took 0.132 seconds
[2023-01-19T20:40:53.821+0000] {processor.py:153} INFO - Started process (PID=2072) to work on /home/airflow/.local/lib/python3.7/site-packages/airflow/example_dags/example_skip_dag.py
[2023-01-19T20:40:53.822+0000] {processor.py:743} INFO - Processing file /home/airflow/.local/lib/python3.7/site-packages/airflow/example_dags/example_skip_dag.py for tasks to queue
[2023-01-19T20:40:53.823+0000] {logging_mixin.py:137} INFO - [2023-01-19T20:40:53.823+0000] {dagbag.py:538} INFO - Filling up the DagBag from /home/airflow/.local/lib/python3.7/site-packages/airflow/example_dags/example_skip_dag.py
[2023-01-19T20:40:53.847+0000] {processor.py:753} INFO - DAG(s) dict_keys(['example_skip_dag']) retrieved from /home/airflow/.local/lib/python3.7/site-packages/airflow/example_dags/example_skip_dag.py
[2023-01-19T20:40:53.904+0000] {logging_mixin.py:137} INFO - [2023-01-19T20:40:53.903+0000] {dag.py:2676} INFO - Sync 1 DAGs
[2023-01-19T20:40:53.951+0000] {logging_mixin.py:137} INFO - [2023-01-19T20:40:53.951+0000] {dag.py:3427} INFO - Setting next_dagrun for example_skip_dag to 2023-01-18T20:40:53.950987+00:00, run_after=2023-01-19T20:40:53.950987+00:00
[2023-01-19T20:40:53.985+0000] {processor.py:175} INFO - Processing /home/airflow/.local/lib/python3.7/site-packages/airflow/example_dags/example_skip_dag.py took 0.168 seconds
[2023-01-19T20:41:24.169+0000] {processor.py:153} INFO - Started process (PID=2144) to work on /home/airflow/.local/lib/python3.7/site-packages/airflow/example_dags/example_skip_dag.py
[2023-01-19T20:41:24.170+0000] {processor.py:743} INFO - Processing file /home/airflow/.local/lib/python3.7/site-packages/airflow/example_dags/example_skip_dag.py for tasks to queue
[2023-01-19T20:41:24.172+0000] {logging_mixin.py:137} INFO - [2023-01-19T20:41:24.171+0000] {dagbag.py:538} INFO - Filling up the DagBag from /home/airflow/.local/lib/python3.7/site-packages/airflow/example_dags/example_skip_dag.py
[2023-01-19T20:41:24.192+0000] {processor.py:753} INFO - DAG(s) dict_keys(['example_skip_dag']) retrieved from /home/airflow/.local/lib/python3.7/site-packages/airflow/example_dags/example_skip_dag.py
[2023-01-19T20:41:24.250+0000] {logging_mixin.py:137} INFO - [2023-01-19T20:41:24.250+0000] {dag.py:2676} INFO - Sync 1 DAGs
[2023-01-19T20:41:24.291+0000] {logging_mixin.py:137} INFO - [2023-01-19T20:41:24.291+0000] {dag.py:3427} INFO - Setting next_dagrun for example_skip_dag to 2023-01-18T20:41:24.290656+00:00, run_after=2023-01-19T20:41:24.290656+00:00
[2023-01-19T20:41:24.319+0000] {processor.py:175} INFO - Processing /home/airflow/.local/lib/python3.7/site-packages/airflow/example_dags/example_skip_dag.py took 0.154 seconds
[2023-01-19T20:41:54.419+0000] {processor.py:153} INFO - Started process (PID=2216) to work on /home/airflow/.local/lib/python3.7/site-packages/airflow/example_dags/example_skip_dag.py
[2023-01-19T20:41:54.421+0000] {processor.py:743} INFO - Processing file /home/airflow/.local/lib/python3.7/site-packages/airflow/example_dags/example_skip_dag.py for tasks to queue
[2023-01-19T20:41:54.422+0000] {logging_mixin.py:137} INFO - [2023-01-19T20:41:54.422+0000] {dagbag.py:538} INFO - Filling up the DagBag from /home/airflow/.local/lib/python3.7/site-packages/airflow/example_dags/example_skip_dag.py
[2023-01-19T20:41:54.439+0000] {processor.py:753} INFO - DAG(s) dict_keys(['example_skip_dag']) retrieved from /home/airflow/.local/lib/python3.7/site-packages/airflow/example_dags/example_skip_dag.py
[2023-01-19T20:41:54.496+0000] {logging_mixin.py:137} INFO - [2023-01-19T20:41:54.496+0000] {dag.py:2676} INFO - Sync 1 DAGs
[2023-01-19T20:41:54.528+0000] {logging_mixin.py:137} INFO - [2023-01-19T20:41:54.528+0000] {dag.py:3427} INFO - Setting next_dagrun for example_skip_dag to 2023-01-18T20:41:54.528467+00:00, run_after=2023-01-19T20:41:54.528467+00:00
[2023-01-19T20:41:54.556+0000] {processor.py:175} INFO - Processing /home/airflow/.local/lib/python3.7/site-packages/airflow/example_dags/example_skip_dag.py took 0.140 seconds
[2023-01-19T20:42:24.644+0000] {processor.py:153} INFO - Started process (PID=2296) to work on /home/airflow/.local/lib/python3.7/site-packages/airflow/example_dags/example_skip_dag.py
[2023-01-19T20:42:24.645+0000] {processor.py:743} INFO - Processing file /home/airflow/.local/lib/python3.7/site-packages/airflow/example_dags/example_skip_dag.py for tasks to queue
[2023-01-19T20:42:24.646+0000] {logging_mixin.py:137} INFO - [2023-01-19T20:42:24.646+0000] {dagbag.py:538} INFO - Filling up the DagBag from /home/airflow/.local/lib/python3.7/site-packages/airflow/example_dags/example_skip_dag.py
[2023-01-19T20:42:24.664+0000] {processor.py:753} INFO - DAG(s) dict_keys(['example_skip_dag']) retrieved from /home/airflow/.local/lib/python3.7/site-packages/airflow/example_dags/example_skip_dag.py
[2023-01-19T20:42:24.723+0000] {logging_mixin.py:137} INFO - [2023-01-19T20:42:24.722+0000] {dag.py:2676} INFO - Sync 1 DAGs
[2023-01-19T20:42:24.825+0000] {logging_mixin.py:137} INFO - [2023-01-19T20:42:24.825+0000] {dag.py:3427} INFO - Setting next_dagrun for example_skip_dag to 2023-01-18T20:42:24.825487+00:00, run_after=2023-01-19T20:42:24.825487+00:00
[2023-01-19T20:42:24.858+0000] {processor.py:175} INFO - Processing /home/airflow/.local/lib/python3.7/site-packages/airflow/example_dags/example_skip_dag.py took 0.218 seconds
[2023-01-19T20:42:54.933+0000] {processor.py:153} INFO - Started process (PID=2375) to work on /home/airflow/.local/lib/python3.7/site-packages/airflow/example_dags/example_skip_dag.py
[2023-01-19T20:42:54.934+0000] {processor.py:743} INFO - Processing file /home/airflow/.local/lib/python3.7/site-packages/airflow/example_dags/example_skip_dag.py for tasks to queue
[2023-01-19T20:42:54.935+0000] {logging_mixin.py:137} INFO - [2023-01-19T20:42:54.935+0000] {dagbag.py:538} INFO - Filling up the DagBag from /home/airflow/.local/lib/python3.7/site-packages/airflow/example_dags/example_skip_dag.py
[2023-01-19T20:42:54.954+0000] {processor.py:753} INFO - DAG(s) dict_keys(['example_skip_dag']) retrieved from /home/airflow/.local/lib/python3.7/site-packages/airflow/example_dags/example_skip_dag.py
[2023-01-19T20:42:55.004+0000] {logging_mixin.py:137} INFO - [2023-01-19T20:42:55.004+0000] {dag.py:2676} INFO - Sync 1 DAGs
[2023-01-19T20:42:55.041+0000] {logging_mixin.py:137} INFO - [2023-01-19T20:42:55.041+0000] {dag.py:3427} INFO - Setting next_dagrun for example_skip_dag to 2023-01-18T20:42:55.041165+00:00, run_after=2023-01-19T20:42:55.041165+00:00
[2023-01-19T20:42:55.068+0000] {processor.py:175} INFO - Processing /home/airflow/.local/lib/python3.7/site-packages/airflow/example_dags/example_skip_dag.py took 0.140 seconds
[2023-01-19T20:43:25.287+0000] {processor.py:153} INFO - Started process (PID=2448) to work on /home/airflow/.local/lib/python3.7/site-packages/airflow/example_dags/example_skip_dag.py
[2023-01-19T20:43:25.288+0000] {processor.py:743} INFO - Processing file /home/airflow/.local/lib/python3.7/site-packages/airflow/example_dags/example_skip_dag.py for tasks to queue
[2023-01-19T20:43:25.289+0000] {logging_mixin.py:137} INFO - [2023-01-19T20:43:25.289+0000] {dagbag.py:538} INFO - Filling up the DagBag from /home/airflow/.local/lib/python3.7/site-packages/airflow/example_dags/example_skip_dag.py
[2023-01-19T20:43:25.309+0000] {processor.py:753} INFO - DAG(s) dict_keys(['example_skip_dag']) retrieved from /home/airflow/.local/lib/python3.7/site-packages/airflow/example_dags/example_skip_dag.py
[2023-01-19T20:43:25.359+0000] {logging_mixin.py:137} INFO - [2023-01-19T20:43:25.359+0000] {dag.py:2676} INFO - Sync 1 DAGs
[2023-01-19T20:43:25.393+0000] {logging_mixin.py:137} INFO - [2023-01-19T20:43:25.392+0000] {dag.py:3427} INFO - Setting next_dagrun for example_skip_dag to 2023-01-18T20:43:25.392676+00:00, run_after=2023-01-19T20:43:25.392676+00:00
[2023-01-19T20:43:25.420+0000] {processor.py:175} INFO - Processing /home/airflow/.local/lib/python3.7/site-packages/airflow/example_dags/example_skip_dag.py took 0.137 seconds
[2023-01-19T20:43:55.703+0000] {processor.py:153} INFO - Started process (PID=2521) to work on /home/airflow/.local/lib/python3.7/site-packages/airflow/example_dags/example_skip_dag.py
[2023-01-19T20:43:55.704+0000] {processor.py:743} INFO - Processing file /home/airflow/.local/lib/python3.7/site-packages/airflow/example_dags/example_skip_dag.py for tasks to queue
[2023-01-19T20:43:55.705+0000] {logging_mixin.py:137} INFO - [2023-01-19T20:43:55.705+0000] {dagbag.py:538} INFO - Filling up the DagBag from /home/airflow/.local/lib/python3.7/site-packages/airflow/example_dags/example_skip_dag.py
[2023-01-19T20:43:55.725+0000] {processor.py:753} INFO - DAG(s) dict_keys(['example_skip_dag']) retrieved from /home/airflow/.local/lib/python3.7/site-packages/airflow/example_dags/example_skip_dag.py
[2023-01-19T20:43:55.774+0000] {logging_mixin.py:137} INFO - [2023-01-19T20:43:55.774+0000] {dag.py:2676} INFO - Sync 1 DAGs
[2023-01-19T20:43:55.807+0000] {logging_mixin.py:137} INFO - [2023-01-19T20:43:55.807+0000] {dag.py:3427} INFO - Setting next_dagrun for example_skip_dag to 2023-01-18T20:43:55.807539+00:00, run_after=2023-01-19T20:43:55.807539+00:00
[2023-01-19T20:43:55.835+0000] {processor.py:175} INFO - Processing /home/airflow/.local/lib/python3.7/site-packages/airflow/example_dags/example_skip_dag.py took 0.137 seconds
[2023-01-19T20:44:26.007+0000] {processor.py:153} INFO - Started process (PID=2609) to work on /home/airflow/.local/lib/python3.7/site-packages/airflow/example_dags/example_skip_dag.py
[2023-01-19T20:44:26.009+0000] {processor.py:743} INFO - Processing file /home/airflow/.local/lib/python3.7/site-packages/airflow/example_dags/example_skip_dag.py for tasks to queue
[2023-01-19T20:44:26.010+0000] {logging_mixin.py:137} INFO - [2023-01-19T20:44:26.010+0000] {dagbag.py:538} INFO - Filling up the DagBag from /home/airflow/.local/lib/python3.7/site-packages/airflow/example_dags/example_skip_dag.py
[2023-01-19T20:44:26.033+0000] {processor.py:753} INFO - DAG(s) dict_keys(['example_skip_dag']) retrieved from /home/airflow/.local/lib/python3.7/site-packages/airflow/example_dags/example_skip_dag.py
[2023-01-19T20:44:26.084+0000] {logging_mixin.py:137} INFO - [2023-01-19T20:44:26.084+0000] {dag.py:2676} INFO - Sync 1 DAGs
[2023-01-19T20:44:26.118+0000] {logging_mixin.py:137} INFO - [2023-01-19T20:44:26.117+0000] {dag.py:3427} INFO - Setting next_dagrun for example_skip_dag to 2023-01-18T20:44:26.117597+00:00, run_after=2023-01-19T20:44:26.117597+00:00
[2023-01-19T20:44:26.143+0000] {processor.py:175} INFO - Processing /home/airflow/.local/lib/python3.7/site-packages/airflow/example_dags/example_skip_dag.py took 0.141 seconds
[2023-01-19T20:44:57.034+0000] {processor.py:153} INFO - Started process (PID=2682) to work on /home/airflow/.local/lib/python3.7/site-packages/airflow/example_dags/example_skip_dag.py
[2023-01-19T20:44:57.036+0000] {processor.py:743} INFO - Processing file /home/airflow/.local/lib/python3.7/site-packages/airflow/example_dags/example_skip_dag.py for tasks to queue
[2023-01-19T20:44:57.036+0000] {logging_mixin.py:137} INFO - [2023-01-19T20:44:57.036+0000] {dagbag.py:538} INFO - Filling up the DagBag from /home/airflow/.local/lib/python3.7/site-packages/airflow/example_dags/example_skip_dag.py
[2023-01-19T20:44:57.057+0000] {processor.py:753} INFO - DAG(s) dict_keys(['example_skip_dag']) retrieved from /home/airflow/.local/lib/python3.7/site-packages/airflow/example_dags/example_skip_dag.py
[2023-01-19T20:44:57.103+0000] {logging_mixin.py:137} INFO - [2023-01-19T20:44:57.103+0000] {dag.py:2676} INFO - Sync 1 DAGs
[2023-01-19T20:44:57.136+0000] {logging_mixin.py:137} INFO - [2023-01-19T20:44:57.136+0000] {dag.py:3427} INFO - Setting next_dagrun for example_skip_dag to 2023-01-18T20:44:57.135882+00:00, run_after=2023-01-19T20:44:57.135882+00:00
[2023-01-19T20:44:57.161+0000] {processor.py:175} INFO - Processing /home/airflow/.local/lib/python3.7/site-packages/airflow/example_dags/example_skip_dag.py took 0.131 seconds
[2023-01-19T20:45:27.465+0000] {processor.py:153} INFO - Started process (PID=2754) to work on /home/airflow/.local/lib/python3.7/site-packages/airflow/example_dags/example_skip_dag.py
[2023-01-19T20:45:27.466+0000] {processor.py:743} INFO - Processing file /home/airflow/.local/lib/python3.7/site-packages/airflow/example_dags/example_skip_dag.py for tasks to queue
[2023-01-19T20:45:27.467+0000] {logging_mixin.py:137} INFO - [2023-01-19T20:45:27.467+0000] {dagbag.py:538} INFO - Filling up the DagBag from /home/airflow/.local/lib/python3.7/site-packages/airflow/example_dags/example_skip_dag.py
[2023-01-19T20:45:27.485+0000] {processor.py:753} INFO - DAG(s) dict_keys(['example_skip_dag']) retrieved from /home/airflow/.local/lib/python3.7/site-packages/airflow/example_dags/example_skip_dag.py
[2023-01-19T20:45:27.532+0000] {logging_mixin.py:137} INFO - [2023-01-19T20:45:27.532+0000] {dag.py:2676} INFO - Sync 1 DAGs
[2023-01-19T20:45:27.566+0000] {logging_mixin.py:137} INFO - [2023-01-19T20:45:27.566+0000] {dag.py:3427} INFO - Setting next_dagrun for example_skip_dag to 2023-01-18T20:45:27.565754+00:00, run_after=2023-01-19T20:45:27.565754+00:00
[2023-01-19T20:45:27.589+0000] {processor.py:175} INFO - Processing /home/airflow/.local/lib/python3.7/site-packages/airflow/example_dags/example_skip_dag.py took 0.128 seconds
[2023-01-19T20:45:58.308+0000] {processor.py:153} INFO - Started process (PID=2842) to work on /home/airflow/.local/lib/python3.7/site-packages/airflow/example_dags/example_skip_dag.py
[2023-01-19T20:45:58.309+0000] {processor.py:743} INFO - Processing file /home/airflow/.local/lib/python3.7/site-packages/airflow/example_dags/example_skip_dag.py for tasks to queue
[2023-01-19T20:45:58.309+0000] {logging_mixin.py:137} INFO - [2023-01-19T20:45:58.309+0000] {dagbag.py:538} INFO - Filling up the DagBag from /home/airflow/.local/lib/python3.7/site-packages/airflow/example_dags/example_skip_dag.py
[2023-01-19T20:45:58.329+0000] {processor.py:753} INFO - DAG(s) dict_keys(['example_skip_dag']) retrieved from /home/airflow/.local/lib/python3.7/site-packages/airflow/example_dags/example_skip_dag.py
[2023-01-19T20:45:58.380+0000] {logging_mixin.py:137} INFO - [2023-01-19T20:45:58.380+0000] {dag.py:2676} INFO - Sync 1 DAGs
[2023-01-19T20:45:58.413+0000] {logging_mixin.py:137} INFO - [2023-01-19T20:45:58.412+0000] {dag.py:3427} INFO - Setting next_dagrun for example_skip_dag to 2023-01-18T20:45:58.412652+00:00, run_after=2023-01-19T20:45:58.412652+00:00
[2023-01-19T20:45:58.439+0000] {processor.py:175} INFO - Processing /home/airflow/.local/lib/python3.7/site-packages/airflow/example_dags/example_skip_dag.py took 0.136 seconds
[2023-01-19T20:46:28.718+0000] {processor.py:153} INFO - Started process (PID=2914) to work on /home/airflow/.local/lib/python3.7/site-packages/airflow/example_dags/example_skip_dag.py
[2023-01-19T20:46:28.719+0000] {processor.py:743} INFO - Processing file /home/airflow/.local/lib/python3.7/site-packages/airflow/example_dags/example_skip_dag.py for tasks to queue
[2023-01-19T20:46:28.720+0000] {logging_mixin.py:137} INFO - [2023-01-19T20:46:28.720+0000] {dagbag.py:538} INFO - Filling up the DagBag from /home/airflow/.local/lib/python3.7/site-packages/airflow/example_dags/example_skip_dag.py
[2023-01-19T20:46:28.743+0000] {processor.py:753} INFO - DAG(s) dict_keys(['example_skip_dag']) retrieved from /home/airflow/.local/lib/python3.7/site-packages/airflow/example_dags/example_skip_dag.py
[2023-01-19T20:46:28.788+0000] {logging_mixin.py:137} INFO - [2023-01-19T20:46:28.788+0000] {dag.py:2676} INFO - Sync 1 DAGs
[2023-01-19T20:46:28.822+0000] {logging_mixin.py:137} INFO - [2023-01-19T20:46:28.822+0000] {dag.py:3427} INFO - Setting next_dagrun for example_skip_dag to 2023-01-18T20:46:28.822178+00:00, run_after=2023-01-19T20:46:28.822178+00:00
[2023-01-19T20:46:28.848+0000] {processor.py:175} INFO - Processing /home/airflow/.local/lib/python3.7/site-packages/airflow/example_dags/example_skip_dag.py took 0.135 seconds
[2023-01-19T20:46:59.429+0000] {processor.py:153} INFO - Started process (PID=2986) to work on /home/airflow/.local/lib/python3.7/site-packages/airflow/example_dags/example_skip_dag.py
[2023-01-19T20:46:59.431+0000] {processor.py:743} INFO - Processing file /home/airflow/.local/lib/python3.7/site-packages/airflow/example_dags/example_skip_dag.py for tasks to queue
[2023-01-19T20:46:59.432+0000] {logging_mixin.py:137} INFO - [2023-01-19T20:46:59.431+0000] {dagbag.py:538} INFO - Filling up the DagBag from /home/airflow/.local/lib/python3.7/site-packages/airflow/example_dags/example_skip_dag.py
[2023-01-19T20:46:59.450+0000] {processor.py:753} INFO - DAG(s) dict_keys(['example_skip_dag']) retrieved from /home/airflow/.local/lib/python3.7/site-packages/airflow/example_dags/example_skip_dag.py
[2023-01-19T20:46:59.496+0000] {logging_mixin.py:137} INFO - [2023-01-19T20:46:59.495+0000] {dag.py:2676} INFO - Sync 1 DAGs
[2023-01-19T20:46:59.528+0000] {logging_mixin.py:137} INFO - [2023-01-19T20:46:59.528+0000] {dag.py:3427} INFO - Setting next_dagrun for example_skip_dag to 2023-01-18T20:46:59.527773+00:00, run_after=2023-01-19T20:46:59.527773+00:00
[2023-01-19T20:46:59.554+0000] {processor.py:175} INFO - Processing /home/airflow/.local/lib/python3.7/site-packages/airflow/example_dags/example_skip_dag.py took 0.129 seconds
