[2023-01-19T20:21:30.190+0000] {processor.py:153} INFO - Started process (PID=70) to work on /home/airflow/.local/lib/python3.7/site-packages/airflow/example_dags/tutorial.py
[2023-01-19T20:21:30.191+0000] {processor.py:743} INFO - Processing file /home/airflow/.local/lib/python3.7/site-packages/airflow/example_dags/tutorial.py for tasks to queue
[2023-01-19T20:21:30.192+0000] {logging_mixin.py:137} INFO - [2023-01-19T20:21:30.192+0000] {dagbag.py:538} INFO - Filling up the DagBag from /home/airflow/.local/lib/python3.7/site-packages/airflow/example_dags/tutorial.py
[2023-01-19T20:21:30.219+0000] {processor.py:753} INFO - DAG(s) dict_keys(['tutorial']) retrieved from /home/airflow/.local/lib/python3.7/site-packages/airflow/example_dags/tutorial.py
[2023-01-19T20:21:30.261+0000] {logging_mixin.py:137} INFO - [2023-01-19T20:21:30.261+0000] {dag.py:2676} INFO - Sync 1 DAGs
[2023-01-19T20:21:30.304+0000] {logging_mixin.py:137} INFO - [2023-01-19T20:21:30.304+0000] {dag.py:3427} INFO - Setting next_dagrun for tutorial to 2023-01-18T20:21:30.303746+00:00, run_after=2023-01-19T20:21:30.303746+00:00
[2023-01-19T20:21:30.338+0000] {processor.py:175} INFO - Processing /home/airflow/.local/lib/python3.7/site-packages/airflow/example_dags/tutorial.py took 0.153 seconds
[2023-01-19T20:22:47.533+0000] {processor.py:153} INFO - Started process (PID=63) to work on /home/airflow/.local/lib/python3.7/site-packages/airflow/example_dags/tutorial.py
[2023-01-19T20:22:47.535+0000] {processor.py:743} INFO - Processing file /home/airflow/.local/lib/python3.7/site-packages/airflow/example_dags/tutorial.py for tasks to queue
[2023-01-19T20:22:47.536+0000] {logging_mixin.py:137} INFO - [2023-01-19T20:22:47.536+0000] {dagbag.py:538} INFO - Filling up the DagBag from /home/airflow/.local/lib/python3.7/site-packages/airflow/example_dags/tutorial.py
[2023-01-19T20:22:47.564+0000] {processor.py:753} INFO - DAG(s) dict_keys(['tutorial']) retrieved from /home/airflow/.local/lib/python3.7/site-packages/airflow/example_dags/tutorial.py
[2023-01-19T20:22:47.704+0000] {logging_mixin.py:137} INFO - [2023-01-19T20:22:47.704+0000] {dag.py:2676} INFO - Sync 1 DAGs
[2023-01-19T20:22:47.758+0000] {logging_mixin.py:137} INFO - [2023-01-19T20:22:47.758+0000] {dag.py:3427} INFO - Setting next_dagrun for tutorial to 2023-01-18T20:22:47.758079+00:00, run_after=2023-01-19T20:22:47.758079+00:00
[2023-01-19T20:22:47.796+0000] {processor.py:175} INFO - Processing /home/airflow/.local/lib/python3.7/site-packages/airflow/example_dags/tutorial.py took 0.270 seconds
[2023-01-19T20:23:17.886+0000] {processor.py:153} INFO - Started process (PID=142) to work on /home/airflow/.local/lib/python3.7/site-packages/airflow/example_dags/tutorial.py
[2023-01-19T20:23:17.887+0000] {processor.py:743} INFO - Processing file /home/airflow/.local/lib/python3.7/site-packages/airflow/example_dags/tutorial.py for tasks to queue
[2023-01-19T20:23:17.888+0000] {logging_mixin.py:137} INFO - [2023-01-19T20:23:17.888+0000] {dagbag.py:538} INFO - Filling up the DagBag from /home/airflow/.local/lib/python3.7/site-packages/airflow/example_dags/tutorial.py
[2023-01-19T20:23:17.906+0000] {processor.py:753} INFO - DAG(s) dict_keys(['tutorial']) retrieved from /home/airflow/.local/lib/python3.7/site-packages/airflow/example_dags/tutorial.py
[2023-01-19T20:23:17.957+0000] {logging_mixin.py:137} INFO - [2023-01-19T20:23:17.957+0000] {dag.py:2676} INFO - Sync 1 DAGs
[2023-01-19T20:23:17.993+0000] {logging_mixin.py:137} INFO - [2023-01-19T20:23:17.993+0000] {dag.py:3427} INFO - Setting next_dagrun for tutorial to 2023-01-18T20:23:17.992819+00:00, run_after=2023-01-19T20:23:17.992819+00:00
[2023-01-19T20:23:18.022+0000] {processor.py:175} INFO - Processing /home/airflow/.local/lib/python3.7/site-packages/airflow/example_dags/tutorial.py took 0.140 seconds
[2023-01-19T20:23:48.123+0000] {processor.py:153} INFO - Started process (PID=214) to work on /home/airflow/.local/lib/python3.7/site-packages/airflow/example_dags/tutorial.py
[2023-01-19T20:23:48.124+0000] {processor.py:743} INFO - Processing file /home/airflow/.local/lib/python3.7/site-packages/airflow/example_dags/tutorial.py for tasks to queue
[2023-01-19T20:23:48.125+0000] {logging_mixin.py:137} INFO - [2023-01-19T20:23:48.125+0000] {dagbag.py:538} INFO - Filling up the DagBag from /home/airflow/.local/lib/python3.7/site-packages/airflow/example_dags/tutorial.py
[2023-01-19T20:23:48.144+0000] {processor.py:753} INFO - DAG(s) dict_keys(['tutorial']) retrieved from /home/airflow/.local/lib/python3.7/site-packages/airflow/example_dags/tutorial.py
[2023-01-19T20:23:48.196+0000] {logging_mixin.py:137} INFO - [2023-01-19T20:23:48.196+0000] {dag.py:2676} INFO - Sync 1 DAGs
[2023-01-19T20:23:48.226+0000] {logging_mixin.py:137} INFO - [2023-01-19T20:23:48.226+0000] {dag.py:3427} INFO - Setting next_dagrun for tutorial to 2023-01-18T20:23:48.226131+00:00, run_after=2023-01-19T20:23:48.226131+00:00
[2023-01-19T20:23:48.251+0000] {processor.py:175} INFO - Processing /home/airflow/.local/lib/python3.7/site-packages/airflow/example_dags/tutorial.py took 0.134 seconds
[2023-01-19T20:24:18.321+0000] {processor.py:153} INFO - Started process (PID=287) to work on /home/airflow/.local/lib/python3.7/site-packages/airflow/example_dags/tutorial.py
[2023-01-19T20:24:18.322+0000] {processor.py:743} INFO - Processing file /home/airflow/.local/lib/python3.7/site-packages/airflow/example_dags/tutorial.py for tasks to queue
[2023-01-19T20:24:18.323+0000] {logging_mixin.py:137} INFO - [2023-01-19T20:24:18.323+0000] {dagbag.py:538} INFO - Filling up the DagBag from /home/airflow/.local/lib/python3.7/site-packages/airflow/example_dags/tutorial.py
[2023-01-19T20:24:18.339+0000] {processor.py:753} INFO - DAG(s) dict_keys(['tutorial']) retrieved from /home/airflow/.local/lib/python3.7/site-packages/airflow/example_dags/tutorial.py
[2023-01-19T20:24:18.382+0000] {logging_mixin.py:137} INFO - [2023-01-19T20:24:18.382+0000] {dag.py:2676} INFO - Sync 1 DAGs
[2023-01-19T20:24:18.416+0000] {logging_mixin.py:137} INFO - [2023-01-19T20:24:18.416+0000] {dag.py:3427} INFO - Setting next_dagrun for tutorial to 2023-01-18T20:24:18.415655+00:00, run_after=2023-01-19T20:24:18.415655+00:00
[2023-01-19T20:24:18.442+0000] {processor.py:175} INFO - Processing /home/airflow/.local/lib/python3.7/site-packages/airflow/example_dags/tutorial.py took 0.125 seconds
[2023-01-19T20:24:48.971+0000] {processor.py:153} INFO - Started process (PID=375) to work on /home/airflow/.local/lib/python3.7/site-packages/airflow/example_dags/tutorial.py
[2023-01-19T20:24:48.973+0000] {processor.py:743} INFO - Processing file /home/airflow/.local/lib/python3.7/site-packages/airflow/example_dags/tutorial.py for tasks to queue
[2023-01-19T20:24:48.974+0000] {logging_mixin.py:137} INFO - [2023-01-19T20:24:48.973+0000] {dagbag.py:538} INFO - Filling up the DagBag from /home/airflow/.local/lib/python3.7/site-packages/airflow/example_dags/tutorial.py
[2023-01-19T20:24:48.992+0000] {processor.py:753} INFO - DAG(s) dict_keys(['tutorial']) retrieved from /home/airflow/.local/lib/python3.7/site-packages/airflow/example_dags/tutorial.py
[2023-01-19T20:24:49.043+0000] {logging_mixin.py:137} INFO - [2023-01-19T20:24:49.043+0000] {dag.py:2676} INFO - Sync 1 DAGs
[2023-01-19T20:24:49.081+0000] {logging_mixin.py:137} INFO - [2023-01-19T20:24:49.081+0000] {dag.py:3427} INFO - Setting next_dagrun for tutorial to 2023-01-18T20:24:49.081068+00:00, run_after=2023-01-19T20:24:49.081068+00:00
[2023-01-19T20:24:49.110+0000] {processor.py:175} INFO - Processing /home/airflow/.local/lib/python3.7/site-packages/airflow/example_dags/tutorial.py took 0.143 seconds
[2023-01-19T20:25:19.212+0000] {processor.py:153} INFO - Started process (PID=447) to work on /home/airflow/.local/lib/python3.7/site-packages/airflow/example_dags/tutorial.py
[2023-01-19T20:25:19.214+0000] {processor.py:743} INFO - Processing file /home/airflow/.local/lib/python3.7/site-packages/airflow/example_dags/tutorial.py for tasks to queue
[2023-01-19T20:25:19.215+0000] {logging_mixin.py:137} INFO - [2023-01-19T20:25:19.215+0000] {dagbag.py:538} INFO - Filling up the DagBag from /home/airflow/.local/lib/python3.7/site-packages/airflow/example_dags/tutorial.py
[2023-01-19T20:25:19.235+0000] {processor.py:753} INFO - DAG(s) dict_keys(['tutorial']) retrieved from /home/airflow/.local/lib/python3.7/site-packages/airflow/example_dags/tutorial.py
[2023-01-19T20:25:19.291+0000] {logging_mixin.py:137} INFO - [2023-01-19T20:25:19.291+0000] {dag.py:2676} INFO - Sync 1 DAGs
[2023-01-19T20:25:19.327+0000] {logging_mixin.py:137} INFO - [2023-01-19T20:25:19.326+0000] {dag.py:3427} INFO - Setting next_dagrun for tutorial to 2023-01-18T20:25:19.326399+00:00, run_after=2023-01-19T20:25:19.326399+00:00
[2023-01-19T20:25:19.357+0000] {processor.py:175} INFO - Processing /home/airflow/.local/lib/python3.7/site-packages/airflow/example_dags/tutorial.py took 0.150 seconds
[2023-01-19T20:25:49.416+0000] {processor.py:153} INFO - Started process (PID=519) to work on /home/airflow/.local/lib/python3.7/site-packages/airflow/example_dags/tutorial.py
[2023-01-19T20:25:49.417+0000] {processor.py:743} INFO - Processing file /home/airflow/.local/lib/python3.7/site-packages/airflow/example_dags/tutorial.py for tasks to queue
[2023-01-19T20:25:49.418+0000] {logging_mixin.py:137} INFO - [2023-01-19T20:25:49.418+0000] {dagbag.py:538} INFO - Filling up the DagBag from /home/airflow/.local/lib/python3.7/site-packages/airflow/example_dags/tutorial.py
[2023-01-19T20:25:49.434+0000] {processor.py:753} INFO - DAG(s) dict_keys(['tutorial']) retrieved from /home/airflow/.local/lib/python3.7/site-packages/airflow/example_dags/tutorial.py
[2023-01-19T20:25:49.470+0000] {logging_mixin.py:137} INFO - [2023-01-19T20:25:49.469+0000] {dag.py:2676} INFO - Sync 1 DAGs
[2023-01-19T20:25:49.506+0000] {logging_mixin.py:137} INFO - [2023-01-19T20:25:49.505+0000] {dag.py:3427} INFO - Setting next_dagrun for tutorial to 2023-01-18T20:25:49.505580+00:00, run_after=2023-01-19T20:25:49.505580+00:00
[2023-01-19T20:25:49.534+0000] {processor.py:175} INFO - Processing /home/airflow/.local/lib/python3.7/site-packages/airflow/example_dags/tutorial.py took 0.122 seconds
[2023-01-19T20:27:37.948+0000] {processor.py:153} INFO - Started process (PID=70) to work on /home/airflow/.local/lib/python3.7/site-packages/airflow/example_dags/tutorial.py
[2023-01-19T20:27:37.949+0000] {processor.py:743} INFO - Processing file /home/airflow/.local/lib/python3.7/site-packages/airflow/example_dags/tutorial.py for tasks to queue
[2023-01-19T20:27:37.950+0000] {logging_mixin.py:137} INFO - [2023-01-19T20:27:37.950+0000] {dagbag.py:538} INFO - Filling up the DagBag from /home/airflow/.local/lib/python3.7/site-packages/airflow/example_dags/tutorial.py
[2023-01-19T20:27:37.973+0000] {processor.py:753} INFO - DAG(s) dict_keys(['tutorial']) retrieved from /home/airflow/.local/lib/python3.7/site-packages/airflow/example_dags/tutorial.py
[2023-01-19T20:27:38.215+0000] {logging_mixin.py:137} INFO - [2023-01-19T20:27:38.215+0000] {manager.py:504} INFO - Created Permission View: can delete on DAG:tutorial
[2023-01-19T20:27:38.231+0000] {logging_mixin.py:137} INFO - [2023-01-19T20:27:38.231+0000] {manager.py:504} INFO - Created Permission View: can edit on DAG:tutorial
[2023-01-19T20:27:38.249+0000] {logging_mixin.py:137} INFO - [2023-01-19T20:27:38.249+0000] {manager.py:504} INFO - Created Permission View: can read on DAG:tutorial
[2023-01-19T20:27:38.249+0000] {logging_mixin.py:137} INFO - [2023-01-19T20:27:38.249+0000] {dag.py:2676} INFO - Sync 1 DAGs
[2023-01-19T20:27:38.270+0000] {logging_mixin.py:137} INFO - [2023-01-19T20:27:38.270+0000] {dag.py:2697} INFO - Creating ORM DAG for tutorial
[2023-01-19T20:27:38.291+0000] {logging_mixin.py:137} INFO - [2023-01-19T20:27:38.291+0000] {dag.py:3427} INFO - Setting next_dagrun for tutorial to 2023-01-18T20:27:38.290620+00:00, run_after=2023-01-19T20:27:38.290620+00:00
[2023-01-19T20:27:38.319+0000] {processor.py:175} INFO - Processing /home/airflow/.local/lib/python3.7/site-packages/airflow/example_dags/tutorial.py took 0.375 seconds
[2023-01-19T20:28:08.388+0000] {processor.py:153} INFO - Started process (PID=142) to work on /home/airflow/.local/lib/python3.7/site-packages/airflow/example_dags/tutorial.py
[2023-01-19T20:28:08.389+0000] {processor.py:743} INFO - Processing file /home/airflow/.local/lib/python3.7/site-packages/airflow/example_dags/tutorial.py for tasks to queue
[2023-01-19T20:28:08.389+0000] {logging_mixin.py:137} INFO - [2023-01-19T20:28:08.389+0000] {dagbag.py:538} INFO - Filling up the DagBag from /home/airflow/.local/lib/python3.7/site-packages/airflow/example_dags/tutorial.py
[2023-01-19T20:28:08.412+0000] {processor.py:753} INFO - DAG(s) dict_keys(['tutorial']) retrieved from /home/airflow/.local/lib/python3.7/site-packages/airflow/example_dags/tutorial.py
[2023-01-19T20:28:08.480+0000] {logging_mixin.py:137} INFO - [2023-01-19T20:28:08.479+0000] {dag.py:2676} INFO - Sync 1 DAGs
[2023-01-19T20:28:08.524+0000] {logging_mixin.py:137} INFO - [2023-01-19T20:28:08.524+0000] {dag.py:3427} INFO - Setting next_dagrun for tutorial to 2023-01-18T20:28:08.523978+00:00, run_after=2023-01-19T20:28:08.523978+00:00
[2023-01-19T20:28:08.552+0000] {processor.py:175} INFO - Processing /home/airflow/.local/lib/python3.7/site-packages/airflow/example_dags/tutorial.py took 0.168 seconds
[2023-01-19T20:28:39.551+0000] {processor.py:153} INFO - Started process (PID=223) to work on /home/airflow/.local/lib/python3.7/site-packages/airflow/example_dags/tutorial.py
[2023-01-19T20:28:39.553+0000] {processor.py:743} INFO - Processing file /home/airflow/.local/lib/python3.7/site-packages/airflow/example_dags/tutorial.py for tasks to queue
[2023-01-19T20:28:39.554+0000] {logging_mixin.py:137} INFO - [2023-01-19T20:28:39.554+0000] {dagbag.py:538} INFO - Filling up the DagBag from /home/airflow/.local/lib/python3.7/site-packages/airflow/example_dags/tutorial.py
[2023-01-19T20:28:39.580+0000] {processor.py:753} INFO - DAG(s) dict_keys(['tutorial']) retrieved from /home/airflow/.local/lib/python3.7/site-packages/airflow/example_dags/tutorial.py
[2023-01-19T20:28:39.642+0000] {logging_mixin.py:137} INFO - [2023-01-19T20:28:39.642+0000] {dag.py:2676} INFO - Sync 1 DAGs
[2023-01-19T20:28:39.691+0000] {logging_mixin.py:137} INFO - [2023-01-19T20:28:39.691+0000] {dag.py:3427} INFO - Setting next_dagrun for tutorial to 2023-01-18T20:28:39.690730+00:00, run_after=2023-01-19T20:28:39.690730+00:00
[2023-01-19T20:28:39.721+0000] {processor.py:175} INFO - Processing /home/airflow/.local/lib/python3.7/site-packages/airflow/example_dags/tutorial.py took 0.174 seconds
[2023-01-19T20:29:10.104+0000] {processor.py:153} INFO - Started process (PID=303) to work on /home/airflow/.local/lib/python3.7/site-packages/airflow/example_dags/tutorial.py
[2023-01-19T20:29:10.105+0000] {processor.py:743} INFO - Processing file /home/airflow/.local/lib/python3.7/site-packages/airflow/example_dags/tutorial.py for tasks to queue
[2023-01-19T20:29:10.106+0000] {logging_mixin.py:137} INFO - [2023-01-19T20:29:10.106+0000] {dagbag.py:538} INFO - Filling up the DagBag from /home/airflow/.local/lib/python3.7/site-packages/airflow/example_dags/tutorial.py
[2023-01-19T20:29:10.125+0000] {processor.py:753} INFO - DAG(s) dict_keys(['tutorial']) retrieved from /home/airflow/.local/lib/python3.7/site-packages/airflow/example_dags/tutorial.py
[2023-01-19T20:29:10.182+0000] {logging_mixin.py:137} INFO - [2023-01-19T20:29:10.182+0000] {dag.py:2676} INFO - Sync 1 DAGs
[2023-01-19T20:29:10.217+0000] {logging_mixin.py:137} INFO - [2023-01-19T20:29:10.217+0000] {dag.py:3427} INFO - Setting next_dagrun for tutorial to 2023-01-18T20:29:10.216936+00:00, run_after=2023-01-19T20:29:10.216936+00:00
[2023-01-19T20:29:10.242+0000] {processor.py:175} INFO - Processing /home/airflow/.local/lib/python3.7/site-packages/airflow/example_dags/tutorial.py took 0.142 seconds
[2023-01-19T20:29:40.375+0000] {processor.py:153} INFO - Started process (PID=376) to work on /home/airflow/.local/lib/python3.7/site-packages/airflow/example_dags/tutorial.py
[2023-01-19T20:29:40.376+0000] {processor.py:743} INFO - Processing file /home/airflow/.local/lib/python3.7/site-packages/airflow/example_dags/tutorial.py for tasks to queue
[2023-01-19T20:29:40.377+0000] {logging_mixin.py:137} INFO - [2023-01-19T20:29:40.377+0000] {dagbag.py:538} INFO - Filling up the DagBag from /home/airflow/.local/lib/python3.7/site-packages/airflow/example_dags/tutorial.py
[2023-01-19T20:29:40.400+0000] {processor.py:753} INFO - DAG(s) dict_keys(['tutorial']) retrieved from /home/airflow/.local/lib/python3.7/site-packages/airflow/example_dags/tutorial.py
[2023-01-19T20:29:40.456+0000] {logging_mixin.py:137} INFO - [2023-01-19T20:29:40.455+0000] {dag.py:2676} INFO - Sync 1 DAGs
[2023-01-19T20:29:40.501+0000] {logging_mixin.py:137} INFO - [2023-01-19T20:29:40.501+0000] {dag.py:3427} INFO - Setting next_dagrun for tutorial to 2023-01-18T20:29:40.501120+00:00, run_after=2023-01-19T20:29:40.501120+00:00
[2023-01-19T20:29:40.528+0000] {processor.py:175} INFO - Processing /home/airflow/.local/lib/python3.7/site-packages/airflow/example_dags/tutorial.py took 0.158 seconds
[2023-01-19T20:30:10.945+0000] {processor.py:153} INFO - Started process (PID=448) to work on /home/airflow/.local/lib/python3.7/site-packages/airflow/example_dags/tutorial.py
[2023-01-19T20:30:10.946+0000] {processor.py:743} INFO - Processing file /home/airflow/.local/lib/python3.7/site-packages/airflow/example_dags/tutorial.py for tasks to queue
[2023-01-19T20:30:10.947+0000] {logging_mixin.py:137} INFO - [2023-01-19T20:30:10.947+0000] {dagbag.py:538} INFO - Filling up the DagBag from /home/airflow/.local/lib/python3.7/site-packages/airflow/example_dags/tutorial.py
[2023-01-19T20:30:10.970+0000] {processor.py:753} INFO - DAG(s) dict_keys(['tutorial']) retrieved from /home/airflow/.local/lib/python3.7/site-packages/airflow/example_dags/tutorial.py
[2023-01-19T20:30:11.017+0000] {logging_mixin.py:137} INFO - [2023-01-19T20:30:11.017+0000] {dag.py:2676} INFO - Sync 1 DAGs
[2023-01-19T20:30:11.057+0000] {logging_mixin.py:137} INFO - [2023-01-19T20:30:11.057+0000] {dag.py:3427} INFO - Setting next_dagrun for tutorial to 2023-01-18T20:30:11.057219+00:00, run_after=2023-01-19T20:30:11.057219+00:00
[2023-01-19T20:30:11.084+0000] {processor.py:175} INFO - Processing /home/airflow/.local/lib/python3.7/site-packages/airflow/example_dags/tutorial.py took 0.143 seconds
[2023-01-19T20:30:41.289+0000] {processor.py:153} INFO - Started process (PID=529) to work on /home/airflow/.local/lib/python3.7/site-packages/airflow/example_dags/tutorial.py
[2023-01-19T20:30:41.289+0000] {processor.py:743} INFO - Processing file /home/airflow/.local/lib/python3.7/site-packages/airflow/example_dags/tutorial.py for tasks to queue
[2023-01-19T20:30:41.290+0000] {logging_mixin.py:137} INFO - [2023-01-19T20:30:41.290+0000] {dagbag.py:538} INFO - Filling up the DagBag from /home/airflow/.local/lib/python3.7/site-packages/airflow/example_dags/tutorial.py
[2023-01-19T20:30:41.309+0000] {processor.py:753} INFO - DAG(s) dict_keys(['tutorial']) retrieved from /home/airflow/.local/lib/python3.7/site-packages/airflow/example_dags/tutorial.py
[2023-01-19T20:30:41.361+0000] {logging_mixin.py:137} INFO - [2023-01-19T20:30:41.360+0000] {dag.py:2676} INFO - Sync 1 DAGs
[2023-01-19T20:30:41.405+0000] {logging_mixin.py:137} INFO - [2023-01-19T20:30:41.405+0000] {dag.py:3427} INFO - Setting next_dagrun for tutorial to 2023-01-18T20:30:41.405207+00:00, run_after=2023-01-19T20:30:41.405207+00:00
[2023-01-19T20:30:41.436+0000] {processor.py:175} INFO - Processing /home/airflow/.local/lib/python3.7/site-packages/airflow/example_dags/tutorial.py took 0.151 seconds
[2023-01-19T20:31:13.378+0000] {processor.py:153} INFO - Started process (PID=608) to work on /home/airflow/.local/lib/python3.7/site-packages/airflow/example_dags/tutorial.py
[2023-01-19T20:31:13.384+0000] {processor.py:743} INFO - Processing file /home/airflow/.local/lib/python3.7/site-packages/airflow/example_dags/tutorial.py for tasks to queue
[2023-01-19T20:31:13.385+0000] {logging_mixin.py:137} INFO - [2023-01-19T20:31:13.385+0000] {dagbag.py:538} INFO - Filling up the DagBag from /home/airflow/.local/lib/python3.7/site-packages/airflow/example_dags/tutorial.py
[2023-01-19T20:31:13.417+0000] {processor.py:753} INFO - DAG(s) dict_keys(['tutorial']) retrieved from /home/airflow/.local/lib/python3.7/site-packages/airflow/example_dags/tutorial.py
[2023-01-19T20:31:13.498+0000] {logging_mixin.py:137} INFO - [2023-01-19T20:31:13.498+0000] {dag.py:2676} INFO - Sync 1 DAGs
[2023-01-19T20:31:13.556+0000] {logging_mixin.py:137} INFO - [2023-01-19T20:31:13.556+0000] {dag.py:3427} INFO - Setting next_dagrun for tutorial to 2023-01-18T20:31:13.555703+00:00, run_after=2023-01-19T20:31:13.555703+00:00
[2023-01-19T20:31:13.600+0000] {processor.py:175} INFO - Processing /home/airflow/.local/lib/python3.7/site-packages/airflow/example_dags/tutorial.py took 0.228 seconds
[2023-01-19T20:31:44.470+0000] {processor.py:153} INFO - Started process (PID=680) to work on /home/airflow/.local/lib/python3.7/site-packages/airflow/example_dags/tutorial.py
[2023-01-19T20:31:44.471+0000] {processor.py:743} INFO - Processing file /home/airflow/.local/lib/python3.7/site-packages/airflow/example_dags/tutorial.py for tasks to queue
[2023-01-19T20:31:44.472+0000] {logging_mixin.py:137} INFO - [2023-01-19T20:31:44.472+0000] {dagbag.py:538} INFO - Filling up the DagBag from /home/airflow/.local/lib/python3.7/site-packages/airflow/example_dags/tutorial.py
[2023-01-19T20:31:44.491+0000] {processor.py:753} INFO - DAG(s) dict_keys(['tutorial']) retrieved from /home/airflow/.local/lib/python3.7/site-packages/airflow/example_dags/tutorial.py
[2023-01-19T20:31:44.547+0000] {logging_mixin.py:137} INFO - [2023-01-19T20:31:44.547+0000] {dag.py:2676} INFO - Sync 1 DAGs
[2023-01-19T20:31:44.585+0000] {logging_mixin.py:137} INFO - [2023-01-19T20:31:44.585+0000] {dag.py:3427} INFO - Setting next_dagrun for tutorial to 2023-01-18T20:31:44.584911+00:00, run_after=2023-01-19T20:31:44.584911+00:00
[2023-01-19T20:31:44.615+0000] {processor.py:175} INFO - Processing /home/airflow/.local/lib/python3.7/site-packages/airflow/example_dags/tutorial.py took 0.149 seconds
[2023-01-19T20:32:14.675+0000] {processor.py:153} INFO - Started process (PID=762) to work on /home/airflow/.local/lib/python3.7/site-packages/airflow/example_dags/tutorial.py
[2023-01-19T20:32:14.676+0000] {processor.py:743} INFO - Processing file /home/airflow/.local/lib/python3.7/site-packages/airflow/example_dags/tutorial.py for tasks to queue
[2023-01-19T20:32:14.677+0000] {logging_mixin.py:137} INFO - [2023-01-19T20:32:14.677+0000] {dagbag.py:538} INFO - Filling up the DagBag from /home/airflow/.local/lib/python3.7/site-packages/airflow/example_dags/tutorial.py
[2023-01-19T20:32:14.703+0000] {processor.py:753} INFO - DAG(s) dict_keys(['tutorial']) retrieved from /home/airflow/.local/lib/python3.7/site-packages/airflow/example_dags/tutorial.py
[2023-01-19T20:32:14.760+0000] {logging_mixin.py:137} INFO - [2023-01-19T20:32:14.760+0000] {dag.py:2676} INFO - Sync 1 DAGs
[2023-01-19T20:32:14.818+0000] {logging_mixin.py:137} INFO - [2023-01-19T20:32:14.817+0000] {dag.py:3427} INFO - Setting next_dagrun for tutorial to 2023-01-18T20:32:14.817472+00:00, run_after=2023-01-19T20:32:14.817472+00:00
[2023-01-19T20:32:14.907+0000] {processor.py:175} INFO - Processing /home/airflow/.local/lib/python3.7/site-packages/airflow/example_dags/tutorial.py took 0.238 seconds
[2023-01-19T20:32:45.150+0000] {processor.py:153} INFO - Started process (PID=841) to work on /home/airflow/.local/lib/python3.7/site-packages/airflow/example_dags/tutorial.py
[2023-01-19T20:32:45.151+0000] {processor.py:743} INFO - Processing file /home/airflow/.local/lib/python3.7/site-packages/airflow/example_dags/tutorial.py for tasks to queue
[2023-01-19T20:32:45.152+0000] {logging_mixin.py:137} INFO - [2023-01-19T20:32:45.151+0000] {dagbag.py:538} INFO - Filling up the DagBag from /home/airflow/.local/lib/python3.7/site-packages/airflow/example_dags/tutorial.py
[2023-01-19T20:32:45.174+0000] {processor.py:753} INFO - DAG(s) dict_keys(['tutorial']) retrieved from /home/airflow/.local/lib/python3.7/site-packages/airflow/example_dags/tutorial.py
[2023-01-19T20:32:45.236+0000] {logging_mixin.py:137} INFO - [2023-01-19T20:32:45.236+0000] {dag.py:2676} INFO - Sync 1 DAGs
[2023-01-19T20:32:45.294+0000] {logging_mixin.py:137} INFO - [2023-01-19T20:32:45.294+0000] {dag.py:3427} INFO - Setting next_dagrun for tutorial to 2023-01-18T20:32:45.294235+00:00, run_after=2023-01-19T20:32:45.294235+00:00
[2023-01-19T20:32:45.321+0000] {processor.py:175} INFO - Processing /home/airflow/.local/lib/python3.7/site-packages/airflow/example_dags/tutorial.py took 0.176 seconds
[2023-01-19T20:33:15.398+0000] {processor.py:153} INFO - Started process (PID=913) to work on /home/airflow/.local/lib/python3.7/site-packages/airflow/example_dags/tutorial.py
[2023-01-19T20:33:15.399+0000] {processor.py:743} INFO - Processing file /home/airflow/.local/lib/python3.7/site-packages/airflow/example_dags/tutorial.py for tasks to queue
[2023-01-19T20:33:15.401+0000] {logging_mixin.py:137} INFO - [2023-01-19T20:33:15.400+0000] {dagbag.py:538} INFO - Filling up the DagBag from /home/airflow/.local/lib/python3.7/site-packages/airflow/example_dags/tutorial.py
[2023-01-19T20:33:15.422+0000] {processor.py:753} INFO - DAG(s) dict_keys(['tutorial']) retrieved from /home/airflow/.local/lib/python3.7/site-packages/airflow/example_dags/tutorial.py
[2023-01-19T20:33:15.481+0000] {logging_mixin.py:137} INFO - [2023-01-19T20:33:15.480+0000] {dag.py:2676} INFO - Sync 1 DAGs
[2023-01-19T20:33:15.532+0000] {logging_mixin.py:137} INFO - [2023-01-19T20:33:15.531+0000] {dag.py:3427} INFO - Setting next_dagrun for tutorial to 2023-01-18T20:33:15.531326+00:00, run_after=2023-01-19T20:33:15.531326+00:00
[2023-01-19T20:33:15.566+0000] {processor.py:175} INFO - Processing /home/airflow/.local/lib/python3.7/site-packages/airflow/example_dags/tutorial.py took 0.175 seconds
[2023-01-19T20:33:45.704+0000] {processor.py:153} INFO - Started process (PID=985) to work on /home/airflow/.local/lib/python3.7/site-packages/airflow/example_dags/tutorial.py
[2023-01-19T20:33:45.705+0000] {processor.py:743} INFO - Processing file /home/airflow/.local/lib/python3.7/site-packages/airflow/example_dags/tutorial.py for tasks to queue
[2023-01-19T20:33:45.706+0000] {logging_mixin.py:137} INFO - [2023-01-19T20:33:45.706+0000] {dagbag.py:538} INFO - Filling up the DagBag from /home/airflow/.local/lib/python3.7/site-packages/airflow/example_dags/tutorial.py
[2023-01-19T20:33:45.724+0000] {processor.py:753} INFO - DAG(s) dict_keys(['tutorial']) retrieved from /home/airflow/.local/lib/python3.7/site-packages/airflow/example_dags/tutorial.py
[2023-01-19T20:33:45.774+0000] {logging_mixin.py:137} INFO - [2023-01-19T20:33:45.774+0000] {dag.py:2676} INFO - Sync 1 DAGs
[2023-01-19T20:33:45.805+0000] {logging_mixin.py:137} INFO - [2023-01-19T20:33:45.805+0000] {dag.py:3427} INFO - Setting next_dagrun for tutorial to 2023-01-18T20:33:45.805513+00:00, run_after=2023-01-19T20:33:45.805513+00:00
[2023-01-19T20:33:45.834+0000] {processor.py:175} INFO - Processing /home/airflow/.local/lib/python3.7/site-packages/airflow/example_dags/tutorial.py took 0.134 seconds
[2023-01-19T20:34:16.176+0000] {processor.py:153} INFO - Started process (PID=1073) to work on /home/airflow/.local/lib/python3.7/site-packages/airflow/example_dags/tutorial.py
[2023-01-19T20:34:16.177+0000] {processor.py:743} INFO - Processing file /home/airflow/.local/lib/python3.7/site-packages/airflow/example_dags/tutorial.py for tasks to queue
[2023-01-19T20:34:16.178+0000] {logging_mixin.py:137} INFO - [2023-01-19T20:34:16.178+0000] {dagbag.py:538} INFO - Filling up the DagBag from /home/airflow/.local/lib/python3.7/site-packages/airflow/example_dags/tutorial.py
[2023-01-19T20:34:16.200+0000] {processor.py:753} INFO - DAG(s) dict_keys(['tutorial']) retrieved from /home/airflow/.local/lib/python3.7/site-packages/airflow/example_dags/tutorial.py
[2023-01-19T20:34:16.255+0000] {logging_mixin.py:137} INFO - [2023-01-19T20:34:16.255+0000] {dag.py:2676} INFO - Sync 1 DAGs
[2023-01-19T20:34:16.299+0000] {logging_mixin.py:137} INFO - [2023-01-19T20:34:16.298+0000] {dag.py:3427} INFO - Setting next_dagrun for tutorial to 2023-01-18T20:34:16.298309+00:00, run_after=2023-01-19T20:34:16.298309+00:00
[2023-01-19T20:34:16.333+0000] {processor.py:175} INFO - Processing /home/airflow/.local/lib/python3.7/site-packages/airflow/example_dags/tutorial.py took 0.162 seconds
[2023-01-19T20:34:47.080+0000] {processor.py:153} INFO - Started process (PID=1145) to work on /home/airflow/.local/lib/python3.7/site-packages/airflow/example_dags/tutorial.py
[2023-01-19T20:34:47.082+0000] {processor.py:743} INFO - Processing file /home/airflow/.local/lib/python3.7/site-packages/airflow/example_dags/tutorial.py for tasks to queue
[2023-01-19T20:34:47.083+0000] {logging_mixin.py:137} INFO - [2023-01-19T20:34:47.083+0000] {dagbag.py:538} INFO - Filling up the DagBag from /home/airflow/.local/lib/python3.7/site-packages/airflow/example_dags/tutorial.py
[2023-01-19T20:34:47.104+0000] {processor.py:753} INFO - DAG(s) dict_keys(['tutorial']) retrieved from /home/airflow/.local/lib/python3.7/site-packages/airflow/example_dags/tutorial.py
[2023-01-19T20:34:47.154+0000] {logging_mixin.py:137} INFO - [2023-01-19T20:34:47.154+0000] {dag.py:2676} INFO - Sync 1 DAGs
[2023-01-19T20:34:47.196+0000] {logging_mixin.py:137} INFO - [2023-01-19T20:34:47.196+0000] {dag.py:3427} INFO - Setting next_dagrun for tutorial to 2023-01-18T20:34:47.196206+00:00, run_after=2023-01-19T20:34:47.196206+00:00
[2023-01-19T20:34:47.227+0000] {processor.py:175} INFO - Processing /home/airflow/.local/lib/python3.7/site-packages/airflow/example_dags/tutorial.py took 0.152 seconds
[2023-01-19T20:35:17.864+0000] {processor.py:153} INFO - Started process (PID=1217) to work on /home/airflow/.local/lib/python3.7/site-packages/airflow/example_dags/tutorial.py
[2023-01-19T20:35:17.865+0000] {processor.py:743} INFO - Processing file /home/airflow/.local/lib/python3.7/site-packages/airflow/example_dags/tutorial.py for tasks to queue
[2023-01-19T20:35:17.866+0000] {logging_mixin.py:137} INFO - [2023-01-19T20:35:17.866+0000] {dagbag.py:538} INFO - Filling up the DagBag from /home/airflow/.local/lib/python3.7/site-packages/airflow/example_dags/tutorial.py
[2023-01-19T20:35:17.885+0000] {processor.py:753} INFO - DAG(s) dict_keys(['tutorial']) retrieved from /home/airflow/.local/lib/python3.7/site-packages/airflow/example_dags/tutorial.py
[2023-01-19T20:35:17.942+0000] {logging_mixin.py:137} INFO - [2023-01-19T20:35:17.941+0000] {dag.py:2676} INFO - Sync 1 DAGs
[2023-01-19T20:35:17.974+0000] {logging_mixin.py:137} INFO - [2023-01-19T20:35:17.973+0000] {dag.py:3427} INFO - Setting next_dagrun for tutorial to 2023-01-18T20:35:17.973595+00:00, run_after=2023-01-19T20:35:17.973595+00:00
[2023-01-19T20:35:18.001+0000] {processor.py:175} INFO - Processing /home/airflow/.local/lib/python3.7/site-packages/airflow/example_dags/tutorial.py took 0.143 seconds
[2023-01-19T20:35:48.518+0000] {processor.py:153} INFO - Started process (PID=1305) to work on /home/airflow/.local/lib/python3.7/site-packages/airflow/example_dags/tutorial.py
[2023-01-19T20:35:48.520+0000] {processor.py:743} INFO - Processing file /home/airflow/.local/lib/python3.7/site-packages/airflow/example_dags/tutorial.py for tasks to queue
[2023-01-19T20:35:48.521+0000] {logging_mixin.py:137} INFO - [2023-01-19T20:35:48.521+0000] {dagbag.py:538} INFO - Filling up the DagBag from /home/airflow/.local/lib/python3.7/site-packages/airflow/example_dags/tutorial.py
[2023-01-19T20:35:48.540+0000] {processor.py:753} INFO - DAG(s) dict_keys(['tutorial']) retrieved from /home/airflow/.local/lib/python3.7/site-packages/airflow/example_dags/tutorial.py
[2023-01-19T20:35:48.596+0000] {logging_mixin.py:137} INFO - [2023-01-19T20:35:48.596+0000] {dag.py:2676} INFO - Sync 1 DAGs
[2023-01-19T20:35:48.637+0000] {logging_mixin.py:137} INFO - [2023-01-19T20:35:48.637+0000] {dag.py:3427} INFO - Setting next_dagrun for tutorial to 2023-01-18T20:35:48.636704+00:00, run_after=2023-01-19T20:35:48.636704+00:00
[2023-01-19T20:35:48.668+0000] {processor.py:175} INFO - Processing /home/airflow/.local/lib/python3.7/site-packages/airflow/example_dags/tutorial.py took 0.153 seconds
[2023-01-19T20:36:19.563+0000] {processor.py:153} INFO - Started process (PID=1378) to work on /home/airflow/.local/lib/python3.7/site-packages/airflow/example_dags/tutorial.py
[2023-01-19T20:36:19.564+0000] {processor.py:743} INFO - Processing file /home/airflow/.local/lib/python3.7/site-packages/airflow/example_dags/tutorial.py for tasks to queue
[2023-01-19T20:36:19.565+0000] {logging_mixin.py:137} INFO - [2023-01-19T20:36:19.565+0000] {dagbag.py:538} INFO - Filling up the DagBag from /home/airflow/.local/lib/python3.7/site-packages/airflow/example_dags/tutorial.py
[2023-01-19T20:36:19.582+0000] {processor.py:753} INFO - DAG(s) dict_keys(['tutorial']) retrieved from /home/airflow/.local/lib/python3.7/site-packages/airflow/example_dags/tutorial.py
[2023-01-19T20:36:19.634+0000] {logging_mixin.py:137} INFO - [2023-01-19T20:36:19.634+0000] {dag.py:2676} INFO - Sync 1 DAGs
[2023-01-19T20:36:19.671+0000] {logging_mixin.py:137} INFO - [2023-01-19T20:36:19.671+0000] {dag.py:3427} INFO - Setting next_dagrun for tutorial to 2023-01-18T20:36:19.670715+00:00, run_after=2023-01-19T20:36:19.670715+00:00
[2023-01-19T20:36:19.699+0000] {processor.py:175} INFO - Processing /home/airflow/.local/lib/python3.7/site-packages/airflow/example_dags/tutorial.py took 0.139 seconds
[2023-01-19T20:36:50.170+0000] {processor.py:153} INFO - Started process (PID=1449) to work on /home/airflow/.local/lib/python3.7/site-packages/airflow/example_dags/tutorial.py
[2023-01-19T20:36:50.171+0000] {processor.py:743} INFO - Processing file /home/airflow/.local/lib/python3.7/site-packages/airflow/example_dags/tutorial.py for tasks to queue
[2023-01-19T20:36:50.172+0000] {logging_mixin.py:137} INFO - [2023-01-19T20:36:50.172+0000] {dagbag.py:538} INFO - Filling up the DagBag from /home/airflow/.local/lib/python3.7/site-packages/airflow/example_dags/tutorial.py
[2023-01-19T20:36:50.197+0000] {processor.py:753} INFO - DAG(s) dict_keys(['tutorial']) retrieved from /home/airflow/.local/lib/python3.7/site-packages/airflow/example_dags/tutorial.py
[2023-01-19T20:36:50.251+0000] {logging_mixin.py:137} INFO - [2023-01-19T20:36:50.251+0000] {dag.py:2676} INFO - Sync 1 DAGs
[2023-01-19T20:36:50.286+0000] {logging_mixin.py:137} INFO - [2023-01-19T20:36:50.285+0000] {dag.py:3427} INFO - Setting next_dagrun for tutorial to 2023-01-18T20:36:50.285542+00:00, run_after=2023-01-19T20:36:50.285542+00:00
[2023-01-19T20:36:50.318+0000] {processor.py:175} INFO - Processing /home/airflow/.local/lib/python3.7/site-packages/airflow/example_dags/tutorial.py took 0.153 seconds
[2023-01-19T20:37:21.253+0000] {processor.py:153} INFO - Started process (PID=1538) to work on /home/airflow/.local/lib/python3.7/site-packages/airflow/example_dags/tutorial.py
[2023-01-19T20:37:21.254+0000] {processor.py:743} INFO - Processing file /home/airflow/.local/lib/python3.7/site-packages/airflow/example_dags/tutorial.py for tasks to queue
[2023-01-19T20:37:21.254+0000] {logging_mixin.py:137} INFO - [2023-01-19T20:37:21.254+0000] {dagbag.py:538} INFO - Filling up the DagBag from /home/airflow/.local/lib/python3.7/site-packages/airflow/example_dags/tutorial.py
[2023-01-19T20:37:21.276+0000] {processor.py:753} INFO - DAG(s) dict_keys(['tutorial']) retrieved from /home/airflow/.local/lib/python3.7/site-packages/airflow/example_dags/tutorial.py
[2023-01-19T20:37:21.339+0000] {logging_mixin.py:137} INFO - [2023-01-19T20:37:21.339+0000] {dag.py:2676} INFO - Sync 1 DAGs
[2023-01-19T20:37:21.379+0000] {logging_mixin.py:137} INFO - [2023-01-19T20:37:21.379+0000] {dag.py:3427} INFO - Setting next_dagrun for tutorial to 2023-01-18T20:37:21.377999+00:00, run_after=2023-01-19T20:37:21.377999+00:00
[2023-01-19T20:37:21.412+0000] {processor.py:175} INFO - Processing /home/airflow/.local/lib/python3.7/site-packages/airflow/example_dags/tutorial.py took 0.163 seconds
[2023-01-19T20:37:51.520+0000] {processor.py:153} INFO - Started process (PID=1610) to work on /home/airflow/.local/lib/python3.7/site-packages/airflow/example_dags/tutorial.py
[2023-01-19T20:37:51.521+0000] {processor.py:743} INFO - Processing file /home/airflow/.local/lib/python3.7/site-packages/airflow/example_dags/tutorial.py for tasks to queue
[2023-01-19T20:37:51.522+0000] {logging_mixin.py:137} INFO - [2023-01-19T20:37:51.522+0000] {dagbag.py:538} INFO - Filling up the DagBag from /home/airflow/.local/lib/python3.7/site-packages/airflow/example_dags/tutorial.py
[2023-01-19T20:37:51.539+0000] {processor.py:753} INFO - DAG(s) dict_keys(['tutorial']) retrieved from /home/airflow/.local/lib/python3.7/site-packages/airflow/example_dags/tutorial.py
[2023-01-19T20:37:51.592+0000] {logging_mixin.py:137} INFO - [2023-01-19T20:37:51.592+0000] {dag.py:2676} INFO - Sync 1 DAGs
[2023-01-19T20:37:51.628+0000] {logging_mixin.py:137} INFO - [2023-01-19T20:37:51.628+0000] {dag.py:3427} INFO - Setting next_dagrun for tutorial to 2023-01-18T20:37:51.628173+00:00, run_after=2023-01-19T20:37:51.628173+00:00
[2023-01-19T20:37:51.654+0000] {processor.py:175} INFO - Processing /home/airflow/.local/lib/python3.7/site-packages/airflow/example_dags/tutorial.py took 0.138 seconds
[2023-01-19T20:38:22.118+0000] {processor.py:153} INFO - Started process (PID=1682) to work on /home/airflow/.local/lib/python3.7/site-packages/airflow/example_dags/tutorial.py
[2023-01-19T20:38:22.119+0000] {processor.py:743} INFO - Processing file /home/airflow/.local/lib/python3.7/site-packages/airflow/example_dags/tutorial.py for tasks to queue
[2023-01-19T20:38:22.120+0000] {logging_mixin.py:137} INFO - [2023-01-19T20:38:22.120+0000] {dagbag.py:538} INFO - Filling up the DagBag from /home/airflow/.local/lib/python3.7/site-packages/airflow/example_dags/tutorial.py
[2023-01-19T20:38:22.139+0000] {processor.py:753} INFO - DAG(s) dict_keys(['tutorial']) retrieved from /home/airflow/.local/lib/python3.7/site-packages/airflow/example_dags/tutorial.py
[2023-01-19T20:38:22.194+0000] {logging_mixin.py:137} INFO - [2023-01-19T20:38:22.193+0000] {dag.py:2676} INFO - Sync 1 DAGs
[2023-01-19T20:38:22.228+0000] {logging_mixin.py:137} INFO - [2023-01-19T20:38:22.228+0000] {dag.py:3427} INFO - Setting next_dagrun for tutorial to 2023-01-18T20:38:22.227294+00:00, run_after=2023-01-19T20:38:22.227294+00:00
[2023-01-19T20:38:22.257+0000] {processor.py:175} INFO - Processing /home/airflow/.local/lib/python3.7/site-packages/airflow/example_dags/tutorial.py took 0.143 seconds
[2023-01-19T20:38:52.792+0000] {processor.py:153} INFO - Started process (PID=1770) to work on /home/airflow/.local/lib/python3.7/site-packages/airflow/example_dags/tutorial.py
[2023-01-19T20:38:52.793+0000] {processor.py:743} INFO - Processing file /home/airflow/.local/lib/python3.7/site-packages/airflow/example_dags/tutorial.py for tasks to queue
[2023-01-19T20:38:52.794+0000] {logging_mixin.py:137} INFO - [2023-01-19T20:38:52.794+0000] {dagbag.py:538} INFO - Filling up the DagBag from /home/airflow/.local/lib/python3.7/site-packages/airflow/example_dags/tutorial.py
[2023-01-19T20:38:52.815+0000] {processor.py:753} INFO - DAG(s) dict_keys(['tutorial']) retrieved from /home/airflow/.local/lib/python3.7/site-packages/airflow/example_dags/tutorial.py
[2023-01-19T20:38:52.873+0000] {logging_mixin.py:137} INFO - [2023-01-19T20:38:52.872+0000] {dag.py:2676} INFO - Sync 1 DAGs
[2023-01-19T20:38:52.918+0000] {logging_mixin.py:137} INFO - [2023-01-19T20:38:52.918+0000] {dag.py:3427} INFO - Setting next_dagrun for tutorial to 2023-01-18T20:38:52.917996+00:00, run_after=2023-01-19T20:38:52.917996+00:00
[2023-01-19T20:38:52.955+0000] {processor.py:175} INFO - Processing /home/airflow/.local/lib/python3.7/site-packages/airflow/example_dags/tutorial.py took 0.169 seconds
[2023-01-19T20:39:23.288+0000] {processor.py:153} INFO - Started process (PID=1842) to work on /home/airflow/.local/lib/python3.7/site-packages/airflow/example_dags/tutorial.py
[2023-01-19T20:39:23.290+0000] {processor.py:743} INFO - Processing file /home/airflow/.local/lib/python3.7/site-packages/airflow/example_dags/tutorial.py for tasks to queue
[2023-01-19T20:39:23.291+0000] {logging_mixin.py:137} INFO - [2023-01-19T20:39:23.291+0000] {dagbag.py:538} INFO - Filling up the DagBag from /home/airflow/.local/lib/python3.7/site-packages/airflow/example_dags/tutorial.py
[2023-01-19T20:39:23.309+0000] {processor.py:753} INFO - DAG(s) dict_keys(['tutorial']) retrieved from /home/airflow/.local/lib/python3.7/site-packages/airflow/example_dags/tutorial.py
[2023-01-19T20:39:23.364+0000] {logging_mixin.py:137} INFO - [2023-01-19T20:39:23.364+0000] {dag.py:2676} INFO - Sync 1 DAGs
[2023-01-19T20:39:23.400+0000] {logging_mixin.py:137} INFO - [2023-01-19T20:39:23.399+0000] {dag.py:3427} INFO - Setting next_dagrun for tutorial to 2023-01-18T20:39:23.399388+00:00, run_after=2023-01-19T20:39:23.399388+00:00
[2023-01-19T20:39:23.426+0000] {processor.py:175} INFO - Processing /home/airflow/.local/lib/python3.7/site-packages/airflow/example_dags/tutorial.py took 0.142 seconds
[2023-01-19T20:39:53.508+0000] {processor.py:153} INFO - Started process (PID=1914) to work on /home/airflow/.local/lib/python3.7/site-packages/airflow/example_dags/tutorial.py
[2023-01-19T20:39:53.510+0000] {processor.py:743} INFO - Processing file /home/airflow/.local/lib/python3.7/site-packages/airflow/example_dags/tutorial.py for tasks to queue
[2023-01-19T20:39:53.510+0000] {logging_mixin.py:137} INFO - [2023-01-19T20:39:53.510+0000] {dagbag.py:538} INFO - Filling up the DagBag from /home/airflow/.local/lib/python3.7/site-packages/airflow/example_dags/tutorial.py
[2023-01-19T20:39:53.528+0000] {processor.py:753} INFO - DAG(s) dict_keys(['tutorial']) retrieved from /home/airflow/.local/lib/python3.7/site-packages/airflow/example_dags/tutorial.py
[2023-01-19T20:39:53.579+0000] {logging_mixin.py:137} INFO - [2023-01-19T20:39:53.579+0000] {dag.py:2676} INFO - Sync 1 DAGs
[2023-01-19T20:39:53.611+0000] {logging_mixin.py:137} INFO - [2023-01-19T20:39:53.610+0000] {dag.py:3427} INFO - Setting next_dagrun for tutorial to 2023-01-18T20:39:53.610403+00:00, run_after=2023-01-19T20:39:53.610403+00:00
[2023-01-19T20:39:53.639+0000] {processor.py:175} INFO - Processing /home/airflow/.local/lib/python3.7/site-packages/airflow/example_dags/tutorial.py took 0.136 seconds
[2023-01-19T20:40:23.828+0000] {processor.py:153} INFO - Started process (PID=1993) to work on /home/airflow/.local/lib/python3.7/site-packages/airflow/example_dags/tutorial.py
[2023-01-19T20:40:23.830+0000] {processor.py:743} INFO - Processing file /home/airflow/.local/lib/python3.7/site-packages/airflow/example_dags/tutorial.py for tasks to queue
[2023-01-19T20:40:23.831+0000] {logging_mixin.py:137} INFO - [2023-01-19T20:40:23.831+0000] {dagbag.py:538} INFO - Filling up the DagBag from /home/airflow/.local/lib/python3.7/site-packages/airflow/example_dags/tutorial.py
[2023-01-19T20:40:23.859+0000] {processor.py:753} INFO - DAG(s) dict_keys(['tutorial']) retrieved from /home/airflow/.local/lib/python3.7/site-packages/airflow/example_dags/tutorial.py
[2023-01-19T20:40:23.967+0000] {logging_mixin.py:137} INFO - [2023-01-19T20:40:23.966+0000] {dag.py:2676} INFO - Sync 1 DAGs
[2023-01-19T20:40:24.027+0000] {logging_mixin.py:137} INFO - [2023-01-19T20:40:24.027+0000] {dag.py:3427} INFO - Setting next_dagrun for tutorial to 2023-01-18T20:40:24.027056+00:00, run_after=2023-01-19T20:40:24.027056+00:00
[2023-01-19T20:40:24.066+0000] {processor.py:175} INFO - Processing /home/airflow/.local/lib/python3.7/site-packages/airflow/example_dags/tutorial.py took 0.244 seconds
[2023-01-19T20:40:54.092+0000] {processor.py:153} INFO - Started process (PID=2075) to work on /home/airflow/.local/lib/python3.7/site-packages/airflow/example_dags/tutorial.py
[2023-01-19T20:40:54.095+0000] {processor.py:743} INFO - Processing file /home/airflow/.local/lib/python3.7/site-packages/airflow/example_dags/tutorial.py for tasks to queue
[2023-01-19T20:40:54.096+0000] {logging_mixin.py:137} INFO - [2023-01-19T20:40:54.096+0000] {dagbag.py:538} INFO - Filling up the DagBag from /home/airflow/.local/lib/python3.7/site-packages/airflow/example_dags/tutorial.py
[2023-01-19T20:40:54.130+0000] {processor.py:753} INFO - DAG(s) dict_keys(['tutorial']) retrieved from /home/airflow/.local/lib/python3.7/site-packages/airflow/example_dags/tutorial.py
[2023-01-19T20:40:54.193+0000] {logging_mixin.py:137} INFO - [2023-01-19T20:40:54.192+0000] {dag.py:2676} INFO - Sync 1 DAGs
[2023-01-19T20:40:54.230+0000] {logging_mixin.py:137} INFO - [2023-01-19T20:40:54.230+0000] {dag.py:3427} INFO - Setting next_dagrun for tutorial to 2023-01-18T20:40:54.230338+00:00, run_after=2023-01-19T20:40:54.230338+00:00
[2023-01-19T20:40:54.259+0000] {processor.py:175} INFO - Processing /home/airflow/.local/lib/python3.7/site-packages/airflow/example_dags/tutorial.py took 0.174 seconds
[2023-01-19T20:41:24.416+0000] {processor.py:153} INFO - Started process (PID=2147) to work on /home/airflow/.local/lib/python3.7/site-packages/airflow/example_dags/tutorial.py
[2023-01-19T20:41:24.417+0000] {processor.py:743} INFO - Processing file /home/airflow/.local/lib/python3.7/site-packages/airflow/example_dags/tutorial.py for tasks to queue
[2023-01-19T20:41:24.418+0000] {logging_mixin.py:137} INFO - [2023-01-19T20:41:24.417+0000] {dagbag.py:538} INFO - Filling up the DagBag from /home/airflow/.local/lib/python3.7/site-packages/airflow/example_dags/tutorial.py
[2023-01-19T20:41:24.438+0000] {processor.py:753} INFO - DAG(s) dict_keys(['tutorial']) retrieved from /home/airflow/.local/lib/python3.7/site-packages/airflow/example_dags/tutorial.py
[2023-01-19T20:41:24.487+0000] {logging_mixin.py:137} INFO - [2023-01-19T20:41:24.487+0000] {dag.py:2676} INFO - Sync 1 DAGs
[2023-01-19T20:41:24.522+0000] {logging_mixin.py:137} INFO - [2023-01-19T20:41:24.522+0000] {dag.py:3427} INFO - Setting next_dagrun for tutorial to 2023-01-18T20:41:24.522188+00:00, run_after=2023-01-19T20:41:24.522188+00:00
[2023-01-19T20:41:24.551+0000] {processor.py:175} INFO - Processing /home/airflow/.local/lib/python3.7/site-packages/airflow/example_dags/tutorial.py took 0.140 seconds
[2023-01-19T20:41:54.748+0000] {processor.py:153} INFO - Started process (PID=2219) to work on /home/airflow/.local/lib/python3.7/site-packages/airflow/example_dags/tutorial.py
[2023-01-19T20:41:54.750+0000] {processor.py:743} INFO - Processing file /home/airflow/.local/lib/python3.7/site-packages/airflow/example_dags/tutorial.py for tasks to queue
[2023-01-19T20:41:54.750+0000] {logging_mixin.py:137} INFO - [2023-01-19T20:41:54.750+0000] {dagbag.py:538} INFO - Filling up the DagBag from /home/airflow/.local/lib/python3.7/site-packages/airflow/example_dags/tutorial.py
[2023-01-19T20:41:54.768+0000] {processor.py:753} INFO - DAG(s) dict_keys(['tutorial']) retrieved from /home/airflow/.local/lib/python3.7/site-packages/airflow/example_dags/tutorial.py
[2023-01-19T20:41:54.826+0000] {logging_mixin.py:137} INFO - [2023-01-19T20:41:54.826+0000] {dag.py:2676} INFO - Sync 1 DAGs
[2023-01-19T20:41:54.867+0000] {logging_mixin.py:137} INFO - [2023-01-19T20:41:54.867+0000] {dag.py:3427} INFO - Setting next_dagrun for tutorial to 2023-01-18T20:41:54.867021+00:00, run_after=2023-01-19T20:41:54.867021+00:00
[2023-01-19T20:41:54.894+0000] {processor.py:175} INFO - Processing /home/airflow/.local/lib/python3.7/site-packages/airflow/example_dags/tutorial.py took 0.150 seconds
[2023-01-19T20:42:25.179+0000] {processor.py:153} INFO - Started process (PID=2307) to work on /home/airflow/.local/lib/python3.7/site-packages/airflow/example_dags/tutorial.py
[2023-01-19T20:42:25.181+0000] {processor.py:743} INFO - Processing file /home/airflow/.local/lib/python3.7/site-packages/airflow/example_dags/tutorial.py for tasks to queue
[2023-01-19T20:42:25.183+0000] {logging_mixin.py:137} INFO - [2023-01-19T20:42:25.183+0000] {dagbag.py:538} INFO - Filling up the DagBag from /home/airflow/.local/lib/python3.7/site-packages/airflow/example_dags/tutorial.py
[2023-01-19T20:42:25.205+0000] {processor.py:753} INFO - DAG(s) dict_keys(['tutorial']) retrieved from /home/airflow/.local/lib/python3.7/site-packages/airflow/example_dags/tutorial.py
[2023-01-19T20:42:25.257+0000] {logging_mixin.py:137} INFO - [2023-01-19T20:42:25.257+0000] {dag.py:2676} INFO - Sync 1 DAGs
[2023-01-19T20:42:25.294+0000] {logging_mixin.py:137} INFO - [2023-01-19T20:42:25.293+0000] {dag.py:3427} INFO - Setting next_dagrun for tutorial to 2023-01-18T20:42:25.293579+00:00, run_after=2023-01-19T20:42:25.293579+00:00
[2023-01-19T20:42:25.322+0000] {processor.py:175} INFO - Processing /home/airflow/.local/lib/python3.7/site-packages/airflow/example_dags/tutorial.py took 0.149 seconds
[2023-01-19T20:42:56.190+0000] {processor.py:153} INFO - Started process (PID=2379) to work on /home/airflow/.local/lib/python3.7/site-packages/airflow/example_dags/tutorial.py
[2023-01-19T20:42:56.191+0000] {processor.py:743} INFO - Processing file /home/airflow/.local/lib/python3.7/site-packages/airflow/example_dags/tutorial.py for tasks to queue
[2023-01-19T20:42:56.192+0000] {logging_mixin.py:137} INFO - [2023-01-19T20:42:56.192+0000] {dagbag.py:538} INFO - Filling up the DagBag from /home/airflow/.local/lib/python3.7/site-packages/airflow/example_dags/tutorial.py
[2023-01-19T20:42:56.222+0000] {processor.py:753} INFO - DAG(s) dict_keys(['tutorial']) retrieved from /home/airflow/.local/lib/python3.7/site-packages/airflow/example_dags/tutorial.py
[2023-01-19T20:42:56.272+0000] {logging_mixin.py:137} INFO - [2023-01-19T20:42:56.272+0000] {dag.py:2676} INFO - Sync 1 DAGs
[2023-01-19T20:42:56.309+0000] {logging_mixin.py:137} INFO - [2023-01-19T20:42:56.309+0000] {dag.py:3427} INFO - Setting next_dagrun for tutorial to 2023-01-18T20:42:56.309333+00:00, run_after=2023-01-19T20:42:56.309333+00:00
[2023-01-19T20:42:56.335+0000] {processor.py:175} INFO - Processing /home/airflow/.local/lib/python3.7/site-packages/airflow/example_dags/tutorial.py took 0.149 seconds
[2023-01-19T20:43:26.606+0000] {processor.py:153} INFO - Started process (PID=2452) to work on /home/airflow/.local/lib/python3.7/site-packages/airflow/example_dags/tutorial.py
[2023-01-19T20:43:26.607+0000] {processor.py:743} INFO - Processing file /home/airflow/.local/lib/python3.7/site-packages/airflow/example_dags/tutorial.py for tasks to queue
[2023-01-19T20:43:26.608+0000] {logging_mixin.py:137} INFO - [2023-01-19T20:43:26.608+0000] {dagbag.py:538} INFO - Filling up the DagBag from /home/airflow/.local/lib/python3.7/site-packages/airflow/example_dags/tutorial.py
[2023-01-19T20:43:26.629+0000] {processor.py:753} INFO - DAG(s) dict_keys(['tutorial']) retrieved from /home/airflow/.local/lib/python3.7/site-packages/airflow/example_dags/tutorial.py
[2023-01-19T20:43:26.706+0000] {logging_mixin.py:137} INFO - [2023-01-19T20:43:26.706+0000] {dag.py:2676} INFO - Sync 1 DAGs
[2023-01-19T20:43:26.794+0000] {logging_mixin.py:137} INFO - [2023-01-19T20:43:26.793+0000] {dag.py:3427} INFO - Setting next_dagrun for tutorial to 2023-01-18T20:43:26.792924+00:00, run_after=2023-01-19T20:43:26.792924+00:00
[2023-01-19T20:43:26.850+0000] {processor.py:175} INFO - Processing /home/airflow/.local/lib/python3.7/site-packages/airflow/example_dags/tutorial.py took 0.250 seconds
[2023-01-19T20:43:57.118+0000] {processor.py:153} INFO - Started process (PID=2531) to work on /home/airflow/.local/lib/python3.7/site-packages/airflow/example_dags/tutorial.py
[2023-01-19T20:43:57.119+0000] {processor.py:743} INFO - Processing file /home/airflow/.local/lib/python3.7/site-packages/airflow/example_dags/tutorial.py for tasks to queue
[2023-01-19T20:43:57.120+0000] {logging_mixin.py:137} INFO - [2023-01-19T20:43:57.120+0000] {dagbag.py:538} INFO - Filling up the DagBag from /home/airflow/.local/lib/python3.7/site-packages/airflow/example_dags/tutorial.py
[2023-01-19T20:43:57.140+0000] {processor.py:753} INFO - DAG(s) dict_keys(['tutorial']) retrieved from /home/airflow/.local/lib/python3.7/site-packages/airflow/example_dags/tutorial.py
[2023-01-19T20:43:57.203+0000] {logging_mixin.py:137} INFO - [2023-01-19T20:43:57.203+0000] {dag.py:2676} INFO - Sync 1 DAGs
[2023-01-19T20:43:57.247+0000] {logging_mixin.py:137} INFO - [2023-01-19T20:43:57.247+0000] {dag.py:3427} INFO - Setting next_dagrun for tutorial to 2023-01-18T20:43:57.246731+00:00, run_after=2023-01-19T20:43:57.246731+00:00
[2023-01-19T20:43:57.281+0000] {processor.py:175} INFO - Processing /home/airflow/.local/lib/python3.7/site-packages/airflow/example_dags/tutorial.py took 0.169 seconds
[2023-01-19T20:44:27.419+0000] {processor.py:153} INFO - Started process (PID=2613) to work on /home/airflow/.local/lib/python3.7/site-packages/airflow/example_dags/tutorial.py
[2023-01-19T20:44:27.420+0000] {processor.py:743} INFO - Processing file /home/airflow/.local/lib/python3.7/site-packages/airflow/example_dags/tutorial.py for tasks to queue
[2023-01-19T20:44:27.421+0000] {logging_mixin.py:137} INFO - [2023-01-19T20:44:27.421+0000] {dagbag.py:538} INFO - Filling up the DagBag from /home/airflow/.local/lib/python3.7/site-packages/airflow/example_dags/tutorial.py
[2023-01-19T20:44:27.438+0000] {processor.py:753} INFO - DAG(s) dict_keys(['tutorial']) retrieved from /home/airflow/.local/lib/python3.7/site-packages/airflow/example_dags/tutorial.py
[2023-01-19T20:44:27.484+0000] {logging_mixin.py:137} INFO - [2023-01-19T20:44:27.484+0000] {dag.py:2676} INFO - Sync 1 DAGs
[2023-01-19T20:44:27.518+0000] {logging_mixin.py:137} INFO - [2023-01-19T20:44:27.518+0000] {dag.py:3427} INFO - Setting next_dagrun for tutorial to 2023-01-18T20:44:27.518105+00:00, run_after=2023-01-19T20:44:27.518105+00:00
[2023-01-19T20:44:27.544+0000] {processor.py:175} INFO - Processing /home/airflow/.local/lib/python3.7/site-packages/airflow/example_dags/tutorial.py took 0.129 seconds
[2023-01-19T20:44:58.317+0000] {processor.py:153} INFO - Started process (PID=2686) to work on /home/airflow/.local/lib/python3.7/site-packages/airflow/example_dags/tutorial.py
[2023-01-19T20:44:58.318+0000] {processor.py:743} INFO - Processing file /home/airflow/.local/lib/python3.7/site-packages/airflow/example_dags/tutorial.py for tasks to queue
[2023-01-19T20:44:58.319+0000] {logging_mixin.py:137} INFO - [2023-01-19T20:44:58.319+0000] {dagbag.py:538} INFO - Filling up the DagBag from /home/airflow/.local/lib/python3.7/site-packages/airflow/example_dags/tutorial.py
[2023-01-19T20:44:58.337+0000] {processor.py:753} INFO - DAG(s) dict_keys(['tutorial']) retrieved from /home/airflow/.local/lib/python3.7/site-packages/airflow/example_dags/tutorial.py
[2023-01-19T20:44:58.384+0000] {logging_mixin.py:137} INFO - [2023-01-19T20:44:58.384+0000] {dag.py:2676} INFO - Sync 1 DAGs
[2023-01-19T20:44:58.417+0000] {logging_mixin.py:137} INFO - [2023-01-19T20:44:58.417+0000] {dag.py:3427} INFO - Setting next_dagrun for tutorial to 2023-01-18T20:44:58.416975+00:00, run_after=2023-01-19T20:44:58.416975+00:00
[2023-01-19T20:44:58.443+0000] {processor.py:175} INFO - Processing /home/airflow/.local/lib/python3.7/site-packages/airflow/example_dags/tutorial.py took 0.130 seconds
[2023-01-19T20:45:28.770+0000] {processor.py:153} INFO - Started process (PID=2758) to work on /home/airflow/.local/lib/python3.7/site-packages/airflow/example_dags/tutorial.py
[2023-01-19T20:45:28.770+0000] {processor.py:743} INFO - Processing file /home/airflow/.local/lib/python3.7/site-packages/airflow/example_dags/tutorial.py for tasks to queue
[2023-01-19T20:45:28.771+0000] {logging_mixin.py:137} INFO - [2023-01-19T20:45:28.771+0000] {dagbag.py:538} INFO - Filling up the DagBag from /home/airflow/.local/lib/python3.7/site-packages/airflow/example_dags/tutorial.py
[2023-01-19T20:45:28.788+0000] {processor.py:753} INFO - DAG(s) dict_keys(['tutorial']) retrieved from /home/airflow/.local/lib/python3.7/site-packages/airflow/example_dags/tutorial.py
[2023-01-19T20:45:28.837+0000] {logging_mixin.py:137} INFO - [2023-01-19T20:45:28.837+0000] {dag.py:2676} INFO - Sync 1 DAGs
[2023-01-19T20:45:28.878+0000] {logging_mixin.py:137} INFO - [2023-01-19T20:45:28.878+0000] {dag.py:3427} INFO - Setting next_dagrun for tutorial to 2023-01-18T20:45:28.878390+00:00, run_after=2023-01-19T20:45:28.878390+00:00
[2023-01-19T20:45:28.906+0000] {processor.py:175} INFO - Processing /home/airflow/.local/lib/python3.7/site-packages/airflow/example_dags/tutorial.py took 0.140 seconds
[2023-01-19T20:45:59.557+0000] {processor.py:153} INFO - Started process (PID=2846) to work on /home/airflow/.local/lib/python3.7/site-packages/airflow/example_dags/tutorial.py
[2023-01-19T20:45:59.558+0000] {processor.py:743} INFO - Processing file /home/airflow/.local/lib/python3.7/site-packages/airflow/example_dags/tutorial.py for tasks to queue
[2023-01-19T20:45:59.559+0000] {logging_mixin.py:137} INFO - [2023-01-19T20:45:59.559+0000] {dagbag.py:538} INFO - Filling up the DagBag from /home/airflow/.local/lib/python3.7/site-packages/airflow/example_dags/tutorial.py
[2023-01-19T20:45:59.582+0000] {processor.py:753} INFO - DAG(s) dict_keys(['tutorial']) retrieved from /home/airflow/.local/lib/python3.7/site-packages/airflow/example_dags/tutorial.py
[2023-01-19T20:45:59.632+0000] {logging_mixin.py:137} INFO - [2023-01-19T20:45:59.632+0000] {dag.py:2676} INFO - Sync 1 DAGs
[2023-01-19T20:45:59.665+0000] {logging_mixin.py:137} INFO - [2023-01-19T20:45:59.665+0000] {dag.py:3427} INFO - Setting next_dagrun for tutorial to 2023-01-18T20:45:59.665026+00:00, run_after=2023-01-19T20:45:59.665026+00:00
[2023-01-19T20:45:59.694+0000] {processor.py:175} INFO - Processing /home/airflow/.local/lib/python3.7/site-packages/airflow/example_dags/tutorial.py took 0.143 seconds
[2023-01-19T20:46:30.014+0000] {processor.py:153} INFO - Started process (PID=2918) to work on /home/airflow/.local/lib/python3.7/site-packages/airflow/example_dags/tutorial.py
[2023-01-19T20:46:30.015+0000] {processor.py:743} INFO - Processing file /home/airflow/.local/lib/python3.7/site-packages/airflow/example_dags/tutorial.py for tasks to queue
[2023-01-19T20:46:30.016+0000] {logging_mixin.py:137} INFO - [2023-01-19T20:46:30.016+0000] {dagbag.py:538} INFO - Filling up the DagBag from /home/airflow/.local/lib/python3.7/site-packages/airflow/example_dags/tutorial.py
[2023-01-19T20:46:30.033+0000] {processor.py:753} INFO - DAG(s) dict_keys(['tutorial']) retrieved from /home/airflow/.local/lib/python3.7/site-packages/airflow/example_dags/tutorial.py
[2023-01-19T20:46:30.086+0000] {logging_mixin.py:137} INFO - [2023-01-19T20:46:30.086+0000] {dag.py:2676} INFO - Sync 1 DAGs
[2023-01-19T20:46:30.131+0000] {logging_mixin.py:137} INFO - [2023-01-19T20:46:30.131+0000] {dag.py:3427} INFO - Setting next_dagrun for tutorial to 2023-01-18T20:46:30.131047+00:00, run_after=2023-01-19T20:46:30.131047+00:00
[2023-01-19T20:46:30.158+0000] {processor.py:175} INFO - Processing /home/airflow/.local/lib/python3.7/site-packages/airflow/example_dags/tutorial.py took 0.148 seconds
[2023-01-19T20:47:00.746+0000] {processor.py:153} INFO - Started process (PID=2990) to work on /home/airflow/.local/lib/python3.7/site-packages/airflow/example_dags/tutorial.py
[2023-01-19T20:47:00.748+0000] {processor.py:743} INFO - Processing file /home/airflow/.local/lib/python3.7/site-packages/airflow/example_dags/tutorial.py for tasks to queue
[2023-01-19T20:47:00.749+0000] {logging_mixin.py:137} INFO - [2023-01-19T20:47:00.748+0000] {dagbag.py:538} INFO - Filling up the DagBag from /home/airflow/.local/lib/python3.7/site-packages/airflow/example_dags/tutorial.py
[2023-01-19T20:47:00.768+0000] {processor.py:753} INFO - DAG(s) dict_keys(['tutorial']) retrieved from /home/airflow/.local/lib/python3.7/site-packages/airflow/example_dags/tutorial.py
[2023-01-19T20:47:00.819+0000] {logging_mixin.py:137} INFO - [2023-01-19T20:47:00.819+0000] {dag.py:2676} INFO - Sync 1 DAGs
[2023-01-19T20:47:00.854+0000] {logging_mixin.py:137} INFO - [2023-01-19T20:47:00.854+0000] {dag.py:3427} INFO - Setting next_dagrun for tutorial to 2023-01-18T20:47:00.854188+00:00, run_after=2023-01-19T20:47:00.854188+00:00
[2023-01-19T20:47:00.879+0000] {processor.py:175} INFO - Processing /home/airflow/.local/lib/python3.7/site-packages/airflow/example_dags/tutorial.py took 0.138 seconds
