[2023-01-19T20:21:30.329+0000] {processor.py:153} INFO - Started process (PID=71) to work on /home/airflow/.local/lib/python3.7/site-packages/airflow/example_dags/tutorial_dag.py
[2023-01-19T20:21:30.331+0000] {processor.py:743} INFO - Processing file /home/airflow/.local/lib/python3.7/site-packages/airflow/example_dags/tutorial_dag.py for tasks to queue
[2023-01-19T20:21:30.332+0000] {logging_mixin.py:137} INFO - [2023-01-19T20:21:30.332+0000] {dagbag.py:538} INFO - Filling up the DagBag from /home/airflow/.local/lib/python3.7/site-packages/airflow/example_dags/tutorial_dag.py
[2023-01-19T20:21:30.364+0000] {processor.py:753} INFO - DAG(s) dict_keys(['tutorial_dag']) retrieved from /home/airflow/.local/lib/python3.7/site-packages/airflow/example_dags/tutorial_dag.py
[2023-01-19T20:21:30.408+0000] {logging_mixin.py:137} INFO - [2023-01-19T20:21:30.408+0000] {dag.py:2676} INFO - Sync 1 DAGs
[2023-01-19T20:21:30.446+0000] {logging_mixin.py:137} INFO - [2023-01-19T20:21:30.446+0000] {dag.py:3427} INFO - Setting next_dagrun for tutorial_dag to None, run_after=None
[2023-01-19T20:21:30.484+0000] {processor.py:175} INFO - Processing /home/airflow/.local/lib/python3.7/site-packages/airflow/example_dags/tutorial_dag.py took 0.160 seconds
[2023-01-19T20:22:47.826+0000] {processor.py:153} INFO - Started process (PID=71) to work on /home/airflow/.local/lib/python3.7/site-packages/airflow/example_dags/tutorial_dag.py
[2023-01-19T20:22:47.828+0000] {processor.py:743} INFO - Processing file /home/airflow/.local/lib/python3.7/site-packages/airflow/example_dags/tutorial_dag.py for tasks to queue
[2023-01-19T20:22:47.829+0000] {logging_mixin.py:137} INFO - [2023-01-19T20:22:47.829+0000] {dagbag.py:538} INFO - Filling up the DagBag from /home/airflow/.local/lib/python3.7/site-packages/airflow/example_dags/tutorial_dag.py
[2023-01-19T20:22:47.856+0000] {processor.py:753} INFO - DAG(s) dict_keys(['tutorial_dag']) retrieved from /home/airflow/.local/lib/python3.7/site-packages/airflow/example_dags/tutorial_dag.py
[2023-01-19T20:22:47.954+0000] {logging_mixin.py:137} INFO - [2023-01-19T20:22:47.954+0000] {dag.py:2676} INFO - Sync 1 DAGs
[2023-01-19T20:22:48.010+0000] {logging_mixin.py:137} INFO - [2023-01-19T20:22:48.010+0000] {dag.py:3427} INFO - Setting next_dagrun for tutorial_dag to None, run_after=None
[2023-01-19T20:22:48.045+0000] {processor.py:175} INFO - Processing /home/airflow/.local/lib/python3.7/site-packages/airflow/example_dags/tutorial_dag.py took 0.224 seconds
[2023-01-19T20:23:18.897+0000] {processor.py:153} INFO - Started process (PID=143) to work on /home/airflow/.local/lib/python3.7/site-packages/airflow/example_dags/tutorial_dag.py
[2023-01-19T20:23:18.898+0000] {processor.py:743} INFO - Processing file /home/airflow/.local/lib/python3.7/site-packages/airflow/example_dags/tutorial_dag.py for tasks to queue
[2023-01-19T20:23:18.899+0000] {logging_mixin.py:137} INFO - [2023-01-19T20:23:18.899+0000] {dagbag.py:538} INFO - Filling up the DagBag from /home/airflow/.local/lib/python3.7/site-packages/airflow/example_dags/tutorial_dag.py
[2023-01-19T20:23:18.922+0000] {processor.py:753} INFO - DAG(s) dict_keys(['tutorial_dag']) retrieved from /home/airflow/.local/lib/python3.7/site-packages/airflow/example_dags/tutorial_dag.py
[2023-01-19T20:23:18.986+0000] {logging_mixin.py:137} INFO - [2023-01-19T20:23:18.985+0000] {dag.py:2676} INFO - Sync 1 DAGs
[2023-01-19T20:23:19.030+0000] {logging_mixin.py:137} INFO - [2023-01-19T20:23:19.030+0000] {dag.py:3427} INFO - Setting next_dagrun for tutorial_dag to None, run_after=None
[2023-01-19T20:23:19.066+0000] {processor.py:175} INFO - Processing /home/airflow/.local/lib/python3.7/site-packages/airflow/example_dags/tutorial_dag.py took 0.174 seconds
[2023-01-19T20:23:49.131+0000] {processor.py:153} INFO - Started process (PID=215) to work on /home/airflow/.local/lib/python3.7/site-packages/airflow/example_dags/tutorial_dag.py
[2023-01-19T20:23:49.132+0000] {processor.py:743} INFO - Processing file /home/airflow/.local/lib/python3.7/site-packages/airflow/example_dags/tutorial_dag.py for tasks to queue
[2023-01-19T20:23:49.133+0000] {logging_mixin.py:137} INFO - [2023-01-19T20:23:49.133+0000] {dagbag.py:538} INFO - Filling up the DagBag from /home/airflow/.local/lib/python3.7/site-packages/airflow/example_dags/tutorial_dag.py
[2023-01-19T20:23:49.148+0000] {processor.py:753} INFO - DAG(s) dict_keys(['tutorial_dag']) retrieved from /home/airflow/.local/lib/python3.7/site-packages/airflow/example_dags/tutorial_dag.py
[2023-01-19T20:23:49.199+0000] {logging_mixin.py:137} INFO - [2023-01-19T20:23:49.198+0000] {dag.py:2676} INFO - Sync 1 DAGs
[2023-01-19T20:23:49.234+0000] {logging_mixin.py:137} INFO - [2023-01-19T20:23:49.234+0000] {dag.py:3427} INFO - Setting next_dagrun for tutorial_dag to None, run_after=None
[2023-01-19T20:23:49.260+0000] {processor.py:175} INFO - Processing /home/airflow/.local/lib/python3.7/site-packages/airflow/example_dags/tutorial_dag.py took 0.134 seconds
[2023-01-19T20:24:19.351+0000] {processor.py:153} INFO - Started process (PID=290) to work on /home/airflow/.local/lib/python3.7/site-packages/airflow/example_dags/tutorial_dag.py
[2023-01-19T20:24:19.352+0000] {processor.py:743} INFO - Processing file /home/airflow/.local/lib/python3.7/site-packages/airflow/example_dags/tutorial_dag.py for tasks to queue
[2023-01-19T20:24:19.353+0000] {logging_mixin.py:137} INFO - [2023-01-19T20:24:19.352+0000] {dagbag.py:538} INFO - Filling up the DagBag from /home/airflow/.local/lib/python3.7/site-packages/airflow/example_dags/tutorial_dag.py
[2023-01-19T20:24:19.370+0000] {processor.py:753} INFO - DAG(s) dict_keys(['tutorial_dag']) retrieved from /home/airflow/.local/lib/python3.7/site-packages/airflow/example_dags/tutorial_dag.py
[2023-01-19T20:24:19.422+0000] {logging_mixin.py:137} INFO - [2023-01-19T20:24:19.422+0000] {dag.py:2676} INFO - Sync 1 DAGs
[2023-01-19T20:24:19.472+0000] {logging_mixin.py:137} INFO - [2023-01-19T20:24:19.472+0000] {dag.py:3427} INFO - Setting next_dagrun for tutorial_dag to None, run_after=None
[2023-01-19T20:24:19.506+0000] {processor.py:175} INFO - Processing /home/airflow/.local/lib/python3.7/site-packages/airflow/example_dags/tutorial_dag.py took 0.159 seconds
[2023-01-19T20:24:50.142+0000] {processor.py:153} INFO - Started process (PID=376) to work on /home/airflow/.local/lib/python3.7/site-packages/airflow/example_dags/tutorial_dag.py
[2023-01-19T20:24:50.144+0000] {processor.py:743} INFO - Processing file /home/airflow/.local/lib/python3.7/site-packages/airflow/example_dags/tutorial_dag.py for tasks to queue
[2023-01-19T20:24:50.144+0000] {logging_mixin.py:137} INFO - [2023-01-19T20:24:50.144+0000] {dagbag.py:538} INFO - Filling up the DagBag from /home/airflow/.local/lib/python3.7/site-packages/airflow/example_dags/tutorial_dag.py
[2023-01-19T20:24:50.163+0000] {processor.py:753} INFO - DAG(s) dict_keys(['tutorial_dag']) retrieved from /home/airflow/.local/lib/python3.7/site-packages/airflow/example_dags/tutorial_dag.py
[2023-01-19T20:24:50.215+0000] {logging_mixin.py:137} INFO - [2023-01-19T20:24:50.215+0000] {dag.py:2676} INFO - Sync 1 DAGs
[2023-01-19T20:24:50.257+0000] {logging_mixin.py:137} INFO - [2023-01-19T20:24:50.256+0000] {dag.py:3427} INFO - Setting next_dagrun for tutorial_dag to None, run_after=None
[2023-01-19T20:24:50.285+0000] {processor.py:175} INFO - Processing /home/airflow/.local/lib/python3.7/site-packages/airflow/example_dags/tutorial_dag.py took 0.148 seconds
[2023-01-19T20:25:20.386+0000] {processor.py:153} INFO - Started process (PID=448) to work on /home/airflow/.local/lib/python3.7/site-packages/airflow/example_dags/tutorial_dag.py
[2023-01-19T20:25:20.388+0000] {processor.py:743} INFO - Processing file /home/airflow/.local/lib/python3.7/site-packages/airflow/example_dags/tutorial_dag.py for tasks to queue
[2023-01-19T20:25:20.388+0000] {logging_mixin.py:137} INFO - [2023-01-19T20:25:20.388+0000] {dagbag.py:538} INFO - Filling up the DagBag from /home/airflow/.local/lib/python3.7/site-packages/airflow/example_dags/tutorial_dag.py
[2023-01-19T20:25:20.408+0000] {processor.py:753} INFO - DAG(s) dict_keys(['tutorial_dag']) retrieved from /home/airflow/.local/lib/python3.7/site-packages/airflow/example_dags/tutorial_dag.py
[2023-01-19T20:25:20.466+0000] {logging_mixin.py:137} INFO - [2023-01-19T20:25:20.465+0000] {dag.py:2676} INFO - Sync 1 DAGs
[2023-01-19T20:25:20.506+0000] {logging_mixin.py:137} INFO - [2023-01-19T20:25:20.506+0000] {dag.py:3427} INFO - Setting next_dagrun for tutorial_dag to None, run_after=None
[2023-01-19T20:25:20.536+0000] {processor.py:175} INFO - Processing /home/airflow/.local/lib/python3.7/site-packages/airflow/example_dags/tutorial_dag.py took 0.153 seconds
[2023-01-19T20:25:50.570+0000] {processor.py:153} INFO - Started process (PID=520) to work on /home/airflow/.local/lib/python3.7/site-packages/airflow/example_dags/tutorial_dag.py
[2023-01-19T20:25:50.571+0000] {processor.py:743} INFO - Processing file /home/airflow/.local/lib/python3.7/site-packages/airflow/example_dags/tutorial_dag.py for tasks to queue
[2023-01-19T20:25:50.572+0000] {logging_mixin.py:137} INFO - [2023-01-19T20:25:50.572+0000] {dagbag.py:538} INFO - Filling up the DagBag from /home/airflow/.local/lib/python3.7/site-packages/airflow/example_dags/tutorial_dag.py
[2023-01-19T20:25:50.590+0000] {processor.py:753} INFO - DAG(s) dict_keys(['tutorial_dag']) retrieved from /home/airflow/.local/lib/python3.7/site-packages/airflow/example_dags/tutorial_dag.py
[2023-01-19T20:25:50.624+0000] {logging_mixin.py:137} INFO - [2023-01-19T20:25:50.624+0000] {dag.py:2676} INFO - Sync 1 DAGs
[2023-01-19T20:25:50.671+0000] {logging_mixin.py:137} INFO - [2023-01-19T20:25:50.671+0000] {dag.py:3427} INFO - Setting next_dagrun for tutorial_dag to None, run_after=None
[2023-01-19T20:25:50.701+0000] {processor.py:175} INFO - Processing /home/airflow/.local/lib/python3.7/site-packages/airflow/example_dags/tutorial_dag.py took 0.136 seconds
[2023-01-19T20:27:38.308+0000] {processor.py:153} INFO - Started process (PID=71) to work on /home/airflow/.local/lib/python3.7/site-packages/airflow/example_dags/tutorial_dag.py
[2023-01-19T20:27:38.309+0000] {processor.py:743} INFO - Processing file /home/airflow/.local/lib/python3.7/site-packages/airflow/example_dags/tutorial_dag.py for tasks to queue
[2023-01-19T20:27:38.310+0000] {logging_mixin.py:137} INFO - [2023-01-19T20:27:38.310+0000] {dagbag.py:538} INFO - Filling up the DagBag from /home/airflow/.local/lib/python3.7/site-packages/airflow/example_dags/tutorial_dag.py
[2023-01-19T20:27:38.331+0000] {processor.py:753} INFO - DAG(s) dict_keys(['tutorial_dag']) retrieved from /home/airflow/.local/lib/python3.7/site-packages/airflow/example_dags/tutorial_dag.py
[2023-01-19T20:27:38.496+0000] {logging_mixin.py:137} INFO - [2023-01-19T20:27:38.496+0000] {manager.py:504} INFO - Created Permission View: can delete on DAG:tutorial_dag
[2023-01-19T20:27:38.512+0000] {logging_mixin.py:137} INFO - [2023-01-19T20:27:38.512+0000] {manager.py:504} INFO - Created Permission View: can edit on DAG:tutorial_dag
[2023-01-19T20:27:38.524+0000] {logging_mixin.py:137} INFO - [2023-01-19T20:27:38.524+0000] {manager.py:504} INFO - Created Permission View: can read on DAG:tutorial_dag
[2023-01-19T20:27:38.524+0000] {logging_mixin.py:137} INFO - [2023-01-19T20:27:38.524+0000] {dag.py:2676} INFO - Sync 1 DAGs
[2023-01-19T20:27:38.543+0000] {logging_mixin.py:137} INFO - [2023-01-19T20:27:38.543+0000] {dag.py:2697} INFO - Creating ORM DAG for tutorial_dag
[2023-01-19T20:27:38.559+0000] {logging_mixin.py:137} INFO - [2023-01-19T20:27:38.559+0000] {dag.py:3427} INFO - Setting next_dagrun for tutorial_dag to None, run_after=None
[2023-01-19T20:27:38.590+0000] {processor.py:175} INFO - Processing /home/airflow/.local/lib/python3.7/site-packages/airflow/example_dags/tutorial_dag.py took 0.287 seconds
[2023-01-19T20:28:09.579+0000] {processor.py:153} INFO - Started process (PID=143) to work on /home/airflow/.local/lib/python3.7/site-packages/airflow/example_dags/tutorial_dag.py
[2023-01-19T20:28:09.581+0000] {processor.py:743} INFO - Processing file /home/airflow/.local/lib/python3.7/site-packages/airflow/example_dags/tutorial_dag.py for tasks to queue
[2023-01-19T20:28:09.583+0000] {logging_mixin.py:137} INFO - [2023-01-19T20:28:09.582+0000] {dagbag.py:538} INFO - Filling up the DagBag from /home/airflow/.local/lib/python3.7/site-packages/airflow/example_dags/tutorial_dag.py
[2023-01-19T20:28:09.602+0000] {processor.py:753} INFO - DAG(s) dict_keys(['tutorial_dag']) retrieved from /home/airflow/.local/lib/python3.7/site-packages/airflow/example_dags/tutorial_dag.py
[2023-01-19T20:28:09.656+0000] {logging_mixin.py:137} INFO - [2023-01-19T20:28:09.655+0000] {dag.py:2676} INFO - Sync 1 DAGs
[2023-01-19T20:28:09.701+0000] {logging_mixin.py:137} INFO - [2023-01-19T20:28:09.701+0000] {dag.py:3427} INFO - Setting next_dagrun for tutorial_dag to None, run_after=None
[2023-01-19T20:28:09.741+0000] {processor.py:175} INFO - Processing /home/airflow/.local/lib/python3.7/site-packages/airflow/example_dags/tutorial_dag.py took 0.166 seconds
[2023-01-19T20:28:40.586+0000] {processor.py:153} INFO - Started process (PID=224) to work on /home/airflow/.local/lib/python3.7/site-packages/airflow/example_dags/tutorial_dag.py
[2023-01-19T20:28:40.588+0000] {processor.py:743} INFO - Processing file /home/airflow/.local/lib/python3.7/site-packages/airflow/example_dags/tutorial_dag.py for tasks to queue
[2023-01-19T20:28:40.590+0000] {logging_mixin.py:137} INFO - [2023-01-19T20:28:40.589+0000] {dagbag.py:538} INFO - Filling up the DagBag from /home/airflow/.local/lib/python3.7/site-packages/airflow/example_dags/tutorial_dag.py
[2023-01-19T20:28:40.626+0000] {processor.py:753} INFO - DAG(s) dict_keys(['tutorial_dag']) retrieved from /home/airflow/.local/lib/python3.7/site-packages/airflow/example_dags/tutorial_dag.py
[2023-01-19T20:28:40.836+0000] {logging_mixin.py:137} INFO - [2023-01-19T20:28:40.834+0000] {dag.py:2676} INFO - Sync 1 DAGs
[2023-01-19T20:28:40.908+0000] {logging_mixin.py:137} INFO - [2023-01-19T20:28:40.908+0000] {dag.py:3427} INFO - Setting next_dagrun for tutorial_dag to None, run_after=None
[2023-01-19T20:28:40.986+0000] {processor.py:175} INFO - Processing /home/airflow/.local/lib/python3.7/site-packages/airflow/example_dags/tutorial_dag.py took 0.409 seconds
[2023-01-19T20:29:11.281+0000] {processor.py:153} INFO - Started process (PID=304) to work on /home/airflow/.local/lib/python3.7/site-packages/airflow/example_dags/tutorial_dag.py
[2023-01-19T20:29:11.286+0000] {processor.py:743} INFO - Processing file /home/airflow/.local/lib/python3.7/site-packages/airflow/example_dags/tutorial_dag.py for tasks to queue
[2023-01-19T20:29:11.288+0000] {logging_mixin.py:137} INFO - [2023-01-19T20:29:11.288+0000] {dagbag.py:538} INFO - Filling up the DagBag from /home/airflow/.local/lib/python3.7/site-packages/airflow/example_dags/tutorial_dag.py
[2023-01-19T20:29:11.331+0000] {processor.py:753} INFO - DAG(s) dict_keys(['tutorial_dag']) retrieved from /home/airflow/.local/lib/python3.7/site-packages/airflow/example_dags/tutorial_dag.py
[2023-01-19T20:29:11.414+0000] {logging_mixin.py:137} INFO - [2023-01-19T20:29:11.413+0000] {dag.py:2676} INFO - Sync 1 DAGs
[2023-01-19T20:29:11.466+0000] {logging_mixin.py:137} INFO - [2023-01-19T20:29:11.466+0000] {dag.py:3427} INFO - Setting next_dagrun for tutorial_dag to None, run_after=None
[2023-01-19T20:29:11.496+0000] {processor.py:175} INFO - Processing /home/airflow/.local/lib/python3.7/site-packages/airflow/example_dags/tutorial_dag.py took 0.235 seconds
[2023-01-19T20:29:41.601+0000] {processor.py:153} INFO - Started process (PID=377) to work on /home/airflow/.local/lib/python3.7/site-packages/airflow/example_dags/tutorial_dag.py
[2023-01-19T20:29:41.608+0000] {processor.py:743} INFO - Processing file /home/airflow/.local/lib/python3.7/site-packages/airflow/example_dags/tutorial_dag.py for tasks to queue
[2023-01-19T20:29:41.609+0000] {logging_mixin.py:137} INFO - [2023-01-19T20:29:41.609+0000] {dagbag.py:538} INFO - Filling up the DagBag from /home/airflow/.local/lib/python3.7/site-packages/airflow/example_dags/tutorial_dag.py
[2023-01-19T20:29:41.638+0000] {processor.py:753} INFO - DAG(s) dict_keys(['tutorial_dag']) retrieved from /home/airflow/.local/lib/python3.7/site-packages/airflow/example_dags/tutorial_dag.py
[2023-01-19T20:29:41.729+0000] {logging_mixin.py:137} INFO - [2023-01-19T20:29:41.729+0000] {dag.py:2676} INFO - Sync 1 DAGs
[2023-01-19T20:29:41.775+0000] {logging_mixin.py:137} INFO - [2023-01-19T20:29:41.775+0000] {dag.py:3427} INFO - Setting next_dagrun for tutorial_dag to None, run_after=None
[2023-01-19T20:29:41.805+0000] {processor.py:175} INFO - Processing /home/airflow/.local/lib/python3.7/site-packages/airflow/example_dags/tutorial_dag.py took 0.210 seconds
[2023-01-19T20:30:12.005+0000] {processor.py:153} INFO - Started process (PID=449) to work on /home/airflow/.local/lib/python3.7/site-packages/airflow/example_dags/tutorial_dag.py
[2023-01-19T20:30:12.007+0000] {processor.py:743} INFO - Processing file /home/airflow/.local/lib/python3.7/site-packages/airflow/example_dags/tutorial_dag.py for tasks to queue
[2023-01-19T20:30:12.008+0000] {logging_mixin.py:137} INFO - [2023-01-19T20:30:12.008+0000] {dagbag.py:538} INFO - Filling up the DagBag from /home/airflow/.local/lib/python3.7/site-packages/airflow/example_dags/tutorial_dag.py
[2023-01-19T20:30:12.029+0000] {processor.py:753} INFO - DAG(s) dict_keys(['tutorial_dag']) retrieved from /home/airflow/.local/lib/python3.7/site-packages/airflow/example_dags/tutorial_dag.py
[2023-01-19T20:30:12.123+0000] {logging_mixin.py:137} INFO - [2023-01-19T20:30:12.123+0000] {dag.py:2676} INFO - Sync 1 DAGs
[2023-01-19T20:30:12.158+0000] {logging_mixin.py:137} INFO - [2023-01-19T20:30:12.158+0000] {dag.py:3427} INFO - Setting next_dagrun for tutorial_dag to None, run_after=None
[2023-01-19T20:30:12.188+0000] {processor.py:175} INFO - Processing /home/airflow/.local/lib/python3.7/site-packages/airflow/example_dags/tutorial_dag.py took 0.188 seconds
[2023-01-19T20:30:42.454+0000] {processor.py:153} INFO - Started process (PID=537) to work on /home/airflow/.local/lib/python3.7/site-packages/airflow/example_dags/tutorial_dag.py
[2023-01-19T20:30:42.455+0000] {processor.py:743} INFO - Processing file /home/airflow/.local/lib/python3.7/site-packages/airflow/example_dags/tutorial_dag.py for tasks to queue
[2023-01-19T20:30:42.457+0000] {logging_mixin.py:137} INFO - [2023-01-19T20:30:42.457+0000] {dagbag.py:538} INFO - Filling up the DagBag from /home/airflow/.local/lib/python3.7/site-packages/airflow/example_dags/tutorial_dag.py
[2023-01-19T20:30:42.483+0000] {processor.py:753} INFO - DAG(s) dict_keys(['tutorial_dag']) retrieved from /home/airflow/.local/lib/python3.7/site-packages/airflow/example_dags/tutorial_dag.py
[2023-01-19T20:30:42.573+0000] {logging_mixin.py:137} INFO - [2023-01-19T20:30:42.573+0000] {dag.py:2676} INFO - Sync 1 DAGs
[2023-01-19T20:30:42.617+0000] {logging_mixin.py:137} INFO - [2023-01-19T20:30:42.616+0000] {dag.py:3427} INFO - Setting next_dagrun for tutorial_dag to None, run_after=None
[2023-01-19T20:30:42.645+0000] {processor.py:175} INFO - Processing /home/airflow/.local/lib/python3.7/site-packages/airflow/example_dags/tutorial_dag.py took 0.199 seconds
[2023-01-19T20:31:13.586+0000] {processor.py:153} INFO - Started process (PID=609) to work on /home/airflow/.local/lib/python3.7/site-packages/airflow/example_dags/tutorial_dag.py
[2023-01-19T20:31:13.588+0000] {processor.py:743} INFO - Processing file /home/airflow/.local/lib/python3.7/site-packages/airflow/example_dags/tutorial_dag.py for tasks to queue
[2023-01-19T20:31:13.589+0000] {logging_mixin.py:137} INFO - [2023-01-19T20:31:13.589+0000] {dagbag.py:538} INFO - Filling up the DagBag from /home/airflow/.local/lib/python3.7/site-packages/airflow/example_dags/tutorial_dag.py
[2023-01-19T20:31:13.616+0000] {processor.py:753} INFO - DAG(s) dict_keys(['tutorial_dag']) retrieved from /home/airflow/.local/lib/python3.7/site-packages/airflow/example_dags/tutorial_dag.py
[2023-01-19T20:31:13.687+0000] {logging_mixin.py:137} INFO - [2023-01-19T20:31:13.687+0000] {dag.py:2676} INFO - Sync 1 DAGs
[2023-01-19T20:31:13.745+0000] {logging_mixin.py:137} INFO - [2023-01-19T20:31:13.744+0000] {dag.py:3427} INFO - Setting next_dagrun for tutorial_dag to None, run_after=None
[2023-01-19T20:31:13.791+0000] {processor.py:175} INFO - Processing /home/airflow/.local/lib/python3.7/site-packages/airflow/example_dags/tutorial_dag.py took 0.208 seconds
[2023-01-19T20:31:44.639+0000] {processor.py:153} INFO - Started process (PID=681) to work on /home/airflow/.local/lib/python3.7/site-packages/airflow/example_dags/tutorial_dag.py
[2023-01-19T20:31:44.641+0000] {processor.py:743} INFO - Processing file /home/airflow/.local/lib/python3.7/site-packages/airflow/example_dags/tutorial_dag.py for tasks to queue
[2023-01-19T20:31:44.642+0000] {logging_mixin.py:137} INFO - [2023-01-19T20:31:44.641+0000] {dagbag.py:538} INFO - Filling up the DagBag from /home/airflow/.local/lib/python3.7/site-packages/airflow/example_dags/tutorial_dag.py
[2023-01-19T20:31:44.663+0000] {processor.py:753} INFO - DAG(s) dict_keys(['tutorial_dag']) retrieved from /home/airflow/.local/lib/python3.7/site-packages/airflow/example_dags/tutorial_dag.py
[2023-01-19T20:31:44.727+0000] {logging_mixin.py:137} INFO - [2023-01-19T20:31:44.727+0000] {dag.py:2676} INFO - Sync 1 DAGs
[2023-01-19T20:31:44.766+0000] {logging_mixin.py:137} INFO - [2023-01-19T20:31:44.766+0000] {dag.py:3427} INFO - Setting next_dagrun for tutorial_dag to None, run_after=None
[2023-01-19T20:31:44.805+0000] {processor.py:175} INFO - Processing /home/airflow/.local/lib/python3.7/site-packages/airflow/example_dags/tutorial_dag.py took 0.171 seconds
[2023-01-19T20:32:14.952+0000] {processor.py:153} INFO - Started process (PID=770) to work on /home/airflow/.local/lib/python3.7/site-packages/airflow/example_dags/tutorial_dag.py
[2023-01-19T20:32:14.953+0000] {processor.py:743} INFO - Processing file /home/airflow/.local/lib/python3.7/site-packages/airflow/example_dags/tutorial_dag.py for tasks to queue
[2023-01-19T20:32:14.954+0000] {logging_mixin.py:137} INFO - [2023-01-19T20:32:14.954+0000] {dagbag.py:538} INFO - Filling up the DagBag from /home/airflow/.local/lib/python3.7/site-packages/airflow/example_dags/tutorial_dag.py
[2023-01-19T20:32:14.981+0000] {processor.py:753} INFO - DAG(s) dict_keys(['tutorial_dag']) retrieved from /home/airflow/.local/lib/python3.7/site-packages/airflow/example_dags/tutorial_dag.py
[2023-01-19T20:32:15.043+0000] {logging_mixin.py:137} INFO - [2023-01-19T20:32:15.043+0000] {dag.py:2676} INFO - Sync 1 DAGs
[2023-01-19T20:32:15.086+0000] {logging_mixin.py:137} INFO - [2023-01-19T20:32:15.086+0000] {dag.py:3427} INFO - Setting next_dagrun for tutorial_dag to None, run_after=None
[2023-01-19T20:32:15.122+0000] {processor.py:175} INFO - Processing /home/airflow/.local/lib/python3.7/site-packages/airflow/example_dags/tutorial_dag.py took 0.176 seconds
[2023-01-19T20:32:45.158+0000] {processor.py:153} INFO - Started process (PID=842) to work on /home/airflow/.local/lib/python3.7/site-packages/airflow/example_dags/tutorial_dag.py
[2023-01-19T20:32:45.159+0000] {processor.py:743} INFO - Processing file /home/airflow/.local/lib/python3.7/site-packages/airflow/example_dags/tutorial_dag.py for tasks to queue
[2023-01-19T20:32:45.160+0000] {logging_mixin.py:137} INFO - [2023-01-19T20:32:45.160+0000] {dagbag.py:538} INFO - Filling up the DagBag from /home/airflow/.local/lib/python3.7/site-packages/airflow/example_dags/tutorial_dag.py
[2023-01-19T20:32:45.176+0000] {processor.py:753} INFO - DAG(s) dict_keys(['tutorial_dag']) retrieved from /home/airflow/.local/lib/python3.7/site-packages/airflow/example_dags/tutorial_dag.py
[2023-01-19T20:32:45.233+0000] {logging_mixin.py:137} INFO - [2023-01-19T20:32:45.232+0000] {dag.py:2676} INFO - Sync 1 DAGs
[2023-01-19T20:32:45.289+0000] {logging_mixin.py:137} INFO - [2023-01-19T20:32:45.289+0000] {dag.py:3427} INFO - Setting next_dagrun for tutorial_dag to None, run_after=None
[2023-01-19T20:32:45.318+0000] {processor.py:175} INFO - Processing /home/airflow/.local/lib/python3.7/site-packages/airflow/example_dags/tutorial_dag.py took 0.164 seconds
[2023-01-19T20:33:15.404+0000] {processor.py:153} INFO - Started process (PID=914) to work on /home/airflow/.local/lib/python3.7/site-packages/airflow/example_dags/tutorial_dag.py
[2023-01-19T20:33:15.405+0000] {processor.py:743} INFO - Processing file /home/airflow/.local/lib/python3.7/site-packages/airflow/example_dags/tutorial_dag.py for tasks to queue
[2023-01-19T20:33:15.407+0000] {logging_mixin.py:137} INFO - [2023-01-19T20:33:15.406+0000] {dagbag.py:538} INFO - Filling up the DagBag from /home/airflow/.local/lib/python3.7/site-packages/airflow/example_dags/tutorial_dag.py
[2023-01-19T20:33:15.425+0000] {processor.py:753} INFO - DAG(s) dict_keys(['tutorial_dag']) retrieved from /home/airflow/.local/lib/python3.7/site-packages/airflow/example_dags/tutorial_dag.py
[2023-01-19T20:33:15.492+0000] {logging_mixin.py:137} INFO - [2023-01-19T20:33:15.492+0000] {dag.py:2676} INFO - Sync 1 DAGs
[2023-01-19T20:33:15.542+0000] {logging_mixin.py:137} INFO - [2023-01-19T20:33:15.542+0000] {dag.py:3427} INFO - Setting next_dagrun for tutorial_dag to None, run_after=None
[2023-01-19T20:33:15.570+0000] {processor.py:175} INFO - Processing /home/airflow/.local/lib/python3.7/site-packages/airflow/example_dags/tutorial_dag.py took 0.173 seconds
[2023-01-19T20:33:45.709+0000] {processor.py:153} INFO - Started process (PID=986) to work on /home/airflow/.local/lib/python3.7/site-packages/airflow/example_dags/tutorial_dag.py
[2023-01-19T20:33:45.710+0000] {processor.py:743} INFO - Processing file /home/airflow/.local/lib/python3.7/site-packages/airflow/example_dags/tutorial_dag.py for tasks to queue
[2023-01-19T20:33:45.711+0000] {logging_mixin.py:137} INFO - [2023-01-19T20:33:45.711+0000] {dagbag.py:538} INFO - Filling up the DagBag from /home/airflow/.local/lib/python3.7/site-packages/airflow/example_dags/tutorial_dag.py
[2023-01-19T20:33:45.729+0000] {processor.py:753} INFO - DAG(s) dict_keys(['tutorial_dag']) retrieved from /home/airflow/.local/lib/python3.7/site-packages/airflow/example_dags/tutorial_dag.py
[2023-01-19T20:33:45.778+0000] {logging_mixin.py:137} INFO - [2023-01-19T20:33:45.778+0000] {dag.py:2676} INFO - Sync 1 DAGs
[2023-01-19T20:33:45.813+0000] {logging_mixin.py:137} INFO - [2023-01-19T20:33:45.813+0000] {dag.py:3427} INFO - Setting next_dagrun for tutorial_dag to None, run_after=None
[2023-01-19T20:33:45.839+0000] {processor.py:175} INFO - Processing /home/airflow/.local/lib/python3.7/site-packages/airflow/example_dags/tutorial_dag.py took 0.134 seconds
[2023-01-19T20:34:16.193+0000] {processor.py:153} INFO - Started process (PID=1074) to work on /home/airflow/.local/lib/python3.7/site-packages/airflow/example_dags/tutorial_dag.py
[2023-01-19T20:34:16.194+0000] {processor.py:743} INFO - Processing file /home/airflow/.local/lib/python3.7/site-packages/airflow/example_dags/tutorial_dag.py for tasks to queue
[2023-01-19T20:34:16.195+0000] {logging_mixin.py:137} INFO - [2023-01-19T20:34:16.195+0000] {dagbag.py:538} INFO - Filling up the DagBag from /home/airflow/.local/lib/python3.7/site-packages/airflow/example_dags/tutorial_dag.py
[2023-01-19T20:34:16.211+0000] {processor.py:753} INFO - DAG(s) dict_keys(['tutorial_dag']) retrieved from /home/airflow/.local/lib/python3.7/site-packages/airflow/example_dags/tutorial_dag.py
[2023-01-19T20:34:16.270+0000] {logging_mixin.py:137} INFO - [2023-01-19T20:34:16.270+0000] {dag.py:2676} INFO - Sync 1 DAGs
[2023-01-19T20:34:16.315+0000] {logging_mixin.py:137} INFO - [2023-01-19T20:34:16.315+0000] {dag.py:3427} INFO - Setting next_dagrun for tutorial_dag to None, run_after=None
[2023-01-19T20:34:16.352+0000] {processor.py:175} INFO - Processing /home/airflow/.local/lib/python3.7/site-packages/airflow/example_dags/tutorial_dag.py took 0.164 seconds
[2023-01-19T20:34:47.101+0000] {processor.py:153} INFO - Started process (PID=1146) to work on /home/airflow/.local/lib/python3.7/site-packages/airflow/example_dags/tutorial_dag.py
[2023-01-19T20:34:47.102+0000] {processor.py:743} INFO - Processing file /home/airflow/.local/lib/python3.7/site-packages/airflow/example_dags/tutorial_dag.py for tasks to queue
[2023-01-19T20:34:47.104+0000] {logging_mixin.py:137} INFO - [2023-01-19T20:34:47.103+0000] {dagbag.py:538} INFO - Filling up the DagBag from /home/airflow/.local/lib/python3.7/site-packages/airflow/example_dags/tutorial_dag.py
[2023-01-19T20:34:47.122+0000] {processor.py:753} INFO - DAG(s) dict_keys(['tutorial_dag']) retrieved from /home/airflow/.local/lib/python3.7/site-packages/airflow/example_dags/tutorial_dag.py
[2023-01-19T20:34:47.179+0000] {logging_mixin.py:137} INFO - [2023-01-19T20:34:47.179+0000] {dag.py:2676} INFO - Sync 1 DAGs
[2023-01-19T20:34:47.218+0000] {logging_mixin.py:137} INFO - [2023-01-19T20:34:47.218+0000] {dag.py:3427} INFO - Setting next_dagrun for tutorial_dag to None, run_after=None
[2023-01-19T20:34:47.253+0000] {processor.py:175} INFO - Processing /home/airflow/.local/lib/python3.7/site-packages/airflow/example_dags/tutorial_dag.py took 0.156 seconds
[2023-01-19T20:35:18.025+0000] {processor.py:153} INFO - Started process (PID=1218) to work on /home/airflow/.local/lib/python3.7/site-packages/airflow/example_dags/tutorial_dag.py
[2023-01-19T20:35:18.026+0000] {processor.py:743} INFO - Processing file /home/airflow/.local/lib/python3.7/site-packages/airflow/example_dags/tutorial_dag.py for tasks to queue
[2023-01-19T20:35:18.027+0000] {logging_mixin.py:137} INFO - [2023-01-19T20:35:18.027+0000] {dagbag.py:538} INFO - Filling up the DagBag from /home/airflow/.local/lib/python3.7/site-packages/airflow/example_dags/tutorial_dag.py
[2023-01-19T20:35:18.044+0000] {processor.py:753} INFO - DAG(s) dict_keys(['tutorial_dag']) retrieved from /home/airflow/.local/lib/python3.7/site-packages/airflow/example_dags/tutorial_dag.py
[2023-01-19T20:35:18.098+0000] {logging_mixin.py:137} INFO - [2023-01-19T20:35:18.098+0000] {dag.py:2676} INFO - Sync 1 DAGs
[2023-01-19T20:35:18.139+0000] {logging_mixin.py:137} INFO - [2023-01-19T20:35:18.139+0000] {dag.py:3427} INFO - Setting next_dagrun for tutorial_dag to None, run_after=None
[2023-01-19T20:35:18.170+0000] {processor.py:175} INFO - Processing /home/airflow/.local/lib/python3.7/site-packages/airflow/example_dags/tutorial_dag.py took 0.149 seconds
[2023-01-19T20:35:48.690+0000] {processor.py:153} INFO - Started process (PID=1306) to work on /home/airflow/.local/lib/python3.7/site-packages/airflow/example_dags/tutorial_dag.py
[2023-01-19T20:35:48.692+0000] {processor.py:743} INFO - Processing file /home/airflow/.local/lib/python3.7/site-packages/airflow/example_dags/tutorial_dag.py for tasks to queue
[2023-01-19T20:35:48.692+0000] {logging_mixin.py:137} INFO - [2023-01-19T20:35:48.692+0000] {dagbag.py:538} INFO - Filling up the DagBag from /home/airflow/.local/lib/python3.7/site-packages/airflow/example_dags/tutorial_dag.py
[2023-01-19T20:35:48.709+0000] {processor.py:753} INFO - DAG(s) dict_keys(['tutorial_dag']) retrieved from /home/airflow/.local/lib/python3.7/site-packages/airflow/example_dags/tutorial_dag.py
[2023-01-19T20:35:48.758+0000] {logging_mixin.py:137} INFO - [2023-01-19T20:35:48.758+0000] {dag.py:2676} INFO - Sync 1 DAGs
[2023-01-19T20:35:48.795+0000] {logging_mixin.py:137} INFO - [2023-01-19T20:35:48.795+0000] {dag.py:3427} INFO - Setting next_dagrun for tutorial_dag to None, run_after=None
[2023-01-19T20:35:48.828+0000] {processor.py:175} INFO - Processing /home/airflow/.local/lib/python3.7/site-packages/airflow/example_dags/tutorial_dag.py took 0.141 seconds
[2023-01-19T20:36:19.719+0000] {processor.py:153} INFO - Started process (PID=1379) to work on /home/airflow/.local/lib/python3.7/site-packages/airflow/example_dags/tutorial_dag.py
[2023-01-19T20:36:19.720+0000] {processor.py:743} INFO - Processing file /home/airflow/.local/lib/python3.7/site-packages/airflow/example_dags/tutorial_dag.py for tasks to queue
[2023-01-19T20:36:19.721+0000] {logging_mixin.py:137} INFO - [2023-01-19T20:36:19.721+0000] {dagbag.py:538} INFO - Filling up the DagBag from /home/airflow/.local/lib/python3.7/site-packages/airflow/example_dags/tutorial_dag.py
[2023-01-19T20:36:19.737+0000] {processor.py:753} INFO - DAG(s) dict_keys(['tutorial_dag']) retrieved from /home/airflow/.local/lib/python3.7/site-packages/airflow/example_dags/tutorial_dag.py
[2023-01-19T20:36:19.783+0000] {logging_mixin.py:137} INFO - [2023-01-19T20:36:19.783+0000] {dag.py:2676} INFO - Sync 1 DAGs
[2023-01-19T20:36:19.818+0000] {logging_mixin.py:137} INFO - [2023-01-19T20:36:19.818+0000] {dag.py:3427} INFO - Setting next_dagrun for tutorial_dag to None, run_after=None
[2023-01-19T20:36:19.845+0000] {processor.py:175} INFO - Processing /home/airflow/.local/lib/python3.7/site-packages/airflow/example_dags/tutorial_dag.py took 0.129 seconds
[2023-01-19T20:36:50.349+0000] {processor.py:153} INFO - Started process (PID=1451) to work on /home/airflow/.local/lib/python3.7/site-packages/airflow/example_dags/tutorial_dag.py
[2023-01-19T20:36:50.350+0000] {processor.py:743} INFO - Processing file /home/airflow/.local/lib/python3.7/site-packages/airflow/example_dags/tutorial_dag.py for tasks to queue
[2023-01-19T20:36:50.351+0000] {logging_mixin.py:137} INFO - [2023-01-19T20:36:50.351+0000] {dagbag.py:538} INFO - Filling up the DagBag from /home/airflow/.local/lib/python3.7/site-packages/airflow/example_dags/tutorial_dag.py
[2023-01-19T20:36:50.370+0000] {processor.py:753} INFO - DAG(s) dict_keys(['tutorial_dag']) retrieved from /home/airflow/.local/lib/python3.7/site-packages/airflow/example_dags/tutorial_dag.py
[2023-01-19T20:36:50.421+0000] {logging_mixin.py:137} INFO - [2023-01-19T20:36:50.421+0000] {dag.py:2676} INFO - Sync 1 DAGs
[2023-01-19T20:36:50.458+0000] {logging_mixin.py:137} INFO - [2023-01-19T20:36:50.458+0000] {dag.py:3427} INFO - Setting next_dagrun for tutorial_dag to None, run_after=None
[2023-01-19T20:36:50.485+0000] {processor.py:175} INFO - Processing /home/airflow/.local/lib/python3.7/site-packages/airflow/example_dags/tutorial_dag.py took 0.141 seconds
[2023-01-19T20:37:21.434+0000] {processor.py:153} INFO - Started process (PID=1539) to work on /home/airflow/.local/lib/python3.7/site-packages/airflow/example_dags/tutorial_dag.py
[2023-01-19T20:37:21.435+0000] {processor.py:743} INFO - Processing file /home/airflow/.local/lib/python3.7/site-packages/airflow/example_dags/tutorial_dag.py for tasks to queue
[2023-01-19T20:37:21.436+0000] {logging_mixin.py:137} INFO - [2023-01-19T20:37:21.436+0000] {dagbag.py:538} INFO - Filling up the DagBag from /home/airflow/.local/lib/python3.7/site-packages/airflow/example_dags/tutorial_dag.py
[2023-01-19T20:37:21.458+0000] {processor.py:753} INFO - DAG(s) dict_keys(['tutorial_dag']) retrieved from /home/airflow/.local/lib/python3.7/site-packages/airflow/example_dags/tutorial_dag.py
[2023-01-19T20:37:21.513+0000] {logging_mixin.py:137} INFO - [2023-01-19T20:37:21.513+0000] {dag.py:2676} INFO - Sync 1 DAGs
[2023-01-19T20:37:21.547+0000] {logging_mixin.py:137} INFO - [2023-01-19T20:37:21.547+0000] {dag.py:3427} INFO - Setting next_dagrun for tutorial_dag to None, run_after=None
[2023-01-19T20:37:21.576+0000] {processor.py:175} INFO - Processing /home/airflow/.local/lib/python3.7/site-packages/airflow/example_dags/tutorial_dag.py took 0.145 seconds
[2023-01-19T20:37:51.677+0000] {processor.py:153} INFO - Started process (PID=1611) to work on /home/airflow/.local/lib/python3.7/site-packages/airflow/example_dags/tutorial_dag.py
[2023-01-19T20:37:51.679+0000] {processor.py:743} INFO - Processing file /home/airflow/.local/lib/python3.7/site-packages/airflow/example_dags/tutorial_dag.py for tasks to queue
[2023-01-19T20:37:51.680+0000] {logging_mixin.py:137} INFO - [2023-01-19T20:37:51.679+0000] {dagbag.py:538} INFO - Filling up the DagBag from /home/airflow/.local/lib/python3.7/site-packages/airflow/example_dags/tutorial_dag.py
[2023-01-19T20:37:51.694+0000] {processor.py:753} INFO - DAG(s) dict_keys(['tutorial_dag']) retrieved from /home/airflow/.local/lib/python3.7/site-packages/airflow/example_dags/tutorial_dag.py
[2023-01-19T20:37:51.742+0000] {logging_mixin.py:137} INFO - [2023-01-19T20:37:51.742+0000] {dag.py:2676} INFO - Sync 1 DAGs
[2023-01-19T20:37:51.776+0000] {logging_mixin.py:137} INFO - [2023-01-19T20:37:51.775+0000] {dag.py:3427} INFO - Setting next_dagrun for tutorial_dag to None, run_after=None
[2023-01-19T20:37:51.799+0000] {processor.py:175} INFO - Processing /home/airflow/.local/lib/python3.7/site-packages/airflow/example_dags/tutorial_dag.py took 0.126 seconds
[2023-01-19T20:38:22.278+0000] {processor.py:153} INFO - Started process (PID=1683) to work on /home/airflow/.local/lib/python3.7/site-packages/airflow/example_dags/tutorial_dag.py
[2023-01-19T20:38:22.279+0000] {processor.py:743} INFO - Processing file /home/airflow/.local/lib/python3.7/site-packages/airflow/example_dags/tutorial_dag.py for tasks to queue
[2023-01-19T20:38:22.280+0000] {logging_mixin.py:137} INFO - [2023-01-19T20:38:22.279+0000] {dagbag.py:538} INFO - Filling up the DagBag from /home/airflow/.local/lib/python3.7/site-packages/airflow/example_dags/tutorial_dag.py
[2023-01-19T20:38:22.297+0000] {processor.py:753} INFO - DAG(s) dict_keys(['tutorial_dag']) retrieved from /home/airflow/.local/lib/python3.7/site-packages/airflow/example_dags/tutorial_dag.py
[2023-01-19T20:38:22.346+0000] {logging_mixin.py:137} INFO - [2023-01-19T20:38:22.346+0000] {dag.py:2676} INFO - Sync 1 DAGs
[2023-01-19T20:38:22.379+0000] {logging_mixin.py:137} INFO - [2023-01-19T20:38:22.379+0000] {dag.py:3427} INFO - Setting next_dagrun for tutorial_dag to None, run_after=None
[2023-01-19T20:38:22.406+0000] {processor.py:175} INFO - Processing /home/airflow/.local/lib/python3.7/site-packages/airflow/example_dags/tutorial_dag.py took 0.131 seconds
[2023-01-19T20:38:52.810+0000] {processor.py:153} INFO - Started process (PID=1771) to work on /home/airflow/.local/lib/python3.7/site-packages/airflow/example_dags/tutorial_dag.py
[2023-01-19T20:38:52.812+0000] {processor.py:743} INFO - Processing file /home/airflow/.local/lib/python3.7/site-packages/airflow/example_dags/tutorial_dag.py for tasks to queue
[2023-01-19T20:38:52.813+0000] {logging_mixin.py:137} INFO - [2023-01-19T20:38:52.813+0000] {dagbag.py:538} INFO - Filling up the DagBag from /home/airflow/.local/lib/python3.7/site-packages/airflow/example_dags/tutorial_dag.py
[2023-01-19T20:38:52.836+0000] {processor.py:753} INFO - DAG(s) dict_keys(['tutorial_dag']) retrieved from /home/airflow/.local/lib/python3.7/site-packages/airflow/example_dags/tutorial_dag.py
[2023-01-19T20:38:52.896+0000] {logging_mixin.py:137} INFO - [2023-01-19T20:38:52.896+0000] {dag.py:2676} INFO - Sync 1 DAGs
[2023-01-19T20:38:52.946+0000] {logging_mixin.py:137} INFO - [2023-01-19T20:38:52.945+0000] {dag.py:3427} INFO - Setting next_dagrun for tutorial_dag to None, run_after=None
[2023-01-19T20:38:52.983+0000] {processor.py:175} INFO - Processing /home/airflow/.local/lib/python3.7/site-packages/airflow/example_dags/tutorial_dag.py took 0.178 seconds
[2023-01-19T20:39:23.295+0000] {processor.py:153} INFO - Started process (PID=1843) to work on /home/airflow/.local/lib/python3.7/site-packages/airflow/example_dags/tutorial_dag.py
[2023-01-19T20:39:23.297+0000] {processor.py:743} INFO - Processing file /home/airflow/.local/lib/python3.7/site-packages/airflow/example_dags/tutorial_dag.py for tasks to queue
[2023-01-19T20:39:23.298+0000] {logging_mixin.py:137} INFO - [2023-01-19T20:39:23.298+0000] {dagbag.py:538} INFO - Filling up the DagBag from /home/airflow/.local/lib/python3.7/site-packages/airflow/example_dags/tutorial_dag.py
[2023-01-19T20:39:23.319+0000] {processor.py:753} INFO - DAG(s) dict_keys(['tutorial_dag']) retrieved from /home/airflow/.local/lib/python3.7/site-packages/airflow/example_dags/tutorial_dag.py
[2023-01-19T20:39:23.375+0000] {logging_mixin.py:137} INFO - [2023-01-19T20:39:23.375+0000] {dag.py:2676} INFO - Sync 1 DAGs
[2023-01-19T20:39:23.410+0000] {logging_mixin.py:137} INFO - [2023-01-19T20:39:23.410+0000] {dag.py:3427} INFO - Setting next_dagrun for tutorial_dag to None, run_after=None
[2023-01-19T20:39:23.437+0000] {processor.py:175} INFO - Processing /home/airflow/.local/lib/python3.7/site-packages/airflow/example_dags/tutorial_dag.py took 0.147 seconds
[2023-01-19T20:39:53.513+0000] {processor.py:153} INFO - Started process (PID=1915) to work on /home/airflow/.local/lib/python3.7/site-packages/airflow/example_dags/tutorial_dag.py
[2023-01-19T20:39:53.514+0000] {processor.py:743} INFO - Processing file /home/airflow/.local/lib/python3.7/site-packages/airflow/example_dags/tutorial_dag.py for tasks to queue
[2023-01-19T20:39:53.515+0000] {logging_mixin.py:137} INFO - [2023-01-19T20:39:53.515+0000] {dagbag.py:538} INFO - Filling up the DagBag from /home/airflow/.local/lib/python3.7/site-packages/airflow/example_dags/tutorial_dag.py
[2023-01-19T20:39:53.532+0000] {processor.py:753} INFO - DAG(s) dict_keys(['tutorial_dag']) retrieved from /home/airflow/.local/lib/python3.7/site-packages/airflow/example_dags/tutorial_dag.py
[2023-01-19T20:39:53.582+0000] {logging_mixin.py:137} INFO - [2023-01-19T20:39:53.582+0000] {dag.py:2676} INFO - Sync 1 DAGs
[2023-01-19T20:39:53.612+0000] {logging_mixin.py:137} INFO - [2023-01-19T20:39:53.612+0000] {dag.py:3427} INFO - Setting next_dagrun for tutorial_dag to None, run_after=None
[2023-01-19T20:39:53.639+0000] {processor.py:175} INFO - Processing /home/airflow/.local/lib/python3.7/site-packages/airflow/example_dags/tutorial_dag.py took 0.130 seconds
[2023-01-19T20:40:23.994+0000] {processor.py:153} INFO - Started process (PID=1995) to work on /home/airflow/.local/lib/python3.7/site-packages/airflow/example_dags/tutorial_dag.py
[2023-01-19T20:40:23.995+0000] {processor.py:743} INFO - Processing file /home/airflow/.local/lib/python3.7/site-packages/airflow/example_dags/tutorial_dag.py for tasks to queue
[2023-01-19T20:40:23.997+0000] {logging_mixin.py:137} INFO - [2023-01-19T20:40:23.996+0000] {dagbag.py:538} INFO - Filling up the DagBag from /home/airflow/.local/lib/python3.7/site-packages/airflow/example_dags/tutorial_dag.py
[2023-01-19T20:40:24.027+0000] {processor.py:753} INFO - DAG(s) dict_keys(['tutorial_dag']) retrieved from /home/airflow/.local/lib/python3.7/site-packages/airflow/example_dags/tutorial_dag.py
[2023-01-19T20:40:24.088+0000] {logging_mixin.py:137} INFO - [2023-01-19T20:40:24.087+0000] {dag.py:2676} INFO - Sync 1 DAGs
[2023-01-19T20:40:24.129+0000] {logging_mixin.py:137} INFO - [2023-01-19T20:40:24.129+0000] {dag.py:3427} INFO - Setting next_dagrun for tutorial_dag to None, run_after=None
[2023-01-19T20:40:24.163+0000] {processor.py:175} INFO - Processing /home/airflow/.local/lib/python3.7/site-packages/airflow/example_dags/tutorial_dag.py took 0.175 seconds
[2023-01-19T20:40:54.244+0000] {processor.py:153} INFO - Started process (PID=2076) to work on /home/airflow/.local/lib/python3.7/site-packages/airflow/example_dags/tutorial_dag.py
[2023-01-19T20:40:54.248+0000] {processor.py:743} INFO - Processing file /home/airflow/.local/lib/python3.7/site-packages/airflow/example_dags/tutorial_dag.py for tasks to queue
[2023-01-19T20:40:54.249+0000] {logging_mixin.py:137} INFO - [2023-01-19T20:40:54.248+0000] {dagbag.py:538} INFO - Filling up the DagBag from /home/airflow/.local/lib/python3.7/site-packages/airflow/example_dags/tutorial_dag.py
[2023-01-19T20:40:54.266+0000] {processor.py:753} INFO - DAG(s) dict_keys(['tutorial_dag']) retrieved from /home/airflow/.local/lib/python3.7/site-packages/airflow/example_dags/tutorial_dag.py
[2023-01-19T20:40:54.311+0000] {logging_mixin.py:137} INFO - [2023-01-19T20:40:54.311+0000] {dag.py:2676} INFO - Sync 1 DAGs
[2023-01-19T20:40:54.347+0000] {logging_mixin.py:137} INFO - [2023-01-19T20:40:54.347+0000] {dag.py:3427} INFO - Setting next_dagrun for tutorial_dag to None, run_after=None
[2023-01-19T20:40:54.377+0000] {processor.py:175} INFO - Processing /home/airflow/.local/lib/python3.7/site-packages/airflow/example_dags/tutorial_dag.py took 0.136 seconds
[2023-01-19T20:41:24.521+0000] {processor.py:153} INFO - Started process (PID=2148) to work on /home/airflow/.local/lib/python3.7/site-packages/airflow/example_dags/tutorial_dag.py
[2023-01-19T20:41:24.522+0000] {processor.py:743} INFO - Processing file /home/airflow/.local/lib/python3.7/site-packages/airflow/example_dags/tutorial_dag.py for tasks to queue
[2023-01-19T20:41:24.523+0000] {logging_mixin.py:137} INFO - [2023-01-19T20:41:24.523+0000] {dagbag.py:538} INFO - Filling up the DagBag from /home/airflow/.local/lib/python3.7/site-packages/airflow/example_dags/tutorial_dag.py
[2023-01-19T20:41:24.541+0000] {processor.py:753} INFO - DAG(s) dict_keys(['tutorial_dag']) retrieved from /home/airflow/.local/lib/python3.7/site-packages/airflow/example_dags/tutorial_dag.py
[2023-01-19T20:41:24.595+0000] {logging_mixin.py:137} INFO - [2023-01-19T20:41:24.595+0000] {dag.py:2676} INFO - Sync 1 DAGs
[2023-01-19T20:41:24.628+0000] {logging_mixin.py:137} INFO - [2023-01-19T20:41:24.628+0000] {dag.py:3427} INFO - Setting next_dagrun for tutorial_dag to None, run_after=None
[2023-01-19T20:41:24.655+0000] {processor.py:175} INFO - Processing /home/airflow/.local/lib/python3.7/site-packages/airflow/example_dags/tutorial_dag.py took 0.138 seconds
[2023-01-19T20:41:54.834+0000] {processor.py:153} INFO - Started process (PID=2220) to work on /home/airflow/.local/lib/python3.7/site-packages/airflow/example_dags/tutorial_dag.py
[2023-01-19T20:41:54.835+0000] {processor.py:743} INFO - Processing file /home/airflow/.local/lib/python3.7/site-packages/airflow/example_dags/tutorial_dag.py for tasks to queue
[2023-01-19T20:41:54.836+0000] {logging_mixin.py:137} INFO - [2023-01-19T20:41:54.836+0000] {dagbag.py:538} INFO - Filling up the DagBag from /home/airflow/.local/lib/python3.7/site-packages/airflow/example_dags/tutorial_dag.py
[2023-01-19T20:41:54.857+0000] {processor.py:753} INFO - DAG(s) dict_keys(['tutorial_dag']) retrieved from /home/airflow/.local/lib/python3.7/site-packages/airflow/example_dags/tutorial_dag.py
[2023-01-19T20:41:54.907+0000] {logging_mixin.py:137} INFO - [2023-01-19T20:41:54.907+0000] {dag.py:2676} INFO - Sync 1 DAGs
[2023-01-19T20:41:54.946+0000] {logging_mixin.py:137} INFO - [2023-01-19T20:41:54.946+0000] {dag.py:3427} INFO - Setting next_dagrun for tutorial_dag to None, run_after=None
[2023-01-19T20:41:54.974+0000] {processor.py:175} INFO - Processing /home/airflow/.local/lib/python3.7/site-packages/airflow/example_dags/tutorial_dag.py took 0.144 seconds
[2023-01-19T20:42:25.308+0000] {processor.py:153} INFO - Started process (PID=2308) to work on /home/airflow/.local/lib/python3.7/site-packages/airflow/example_dags/tutorial_dag.py
[2023-01-19T20:42:25.310+0000] {processor.py:743} INFO - Processing file /home/airflow/.local/lib/python3.7/site-packages/airflow/example_dags/tutorial_dag.py for tasks to queue
[2023-01-19T20:42:25.311+0000] {logging_mixin.py:137} INFO - [2023-01-19T20:42:25.310+0000] {dagbag.py:538} INFO - Filling up the DagBag from /home/airflow/.local/lib/python3.7/site-packages/airflow/example_dags/tutorial_dag.py
[2023-01-19T20:42:25.332+0000] {processor.py:753} INFO - DAG(s) dict_keys(['tutorial_dag']) retrieved from /home/airflow/.local/lib/python3.7/site-packages/airflow/example_dags/tutorial_dag.py
[2023-01-19T20:42:25.387+0000] {logging_mixin.py:137} INFO - [2023-01-19T20:42:25.387+0000] {dag.py:2676} INFO - Sync 1 DAGs
[2023-01-19T20:42:25.441+0000] {logging_mixin.py:137} INFO - [2023-01-19T20:42:25.441+0000] {dag.py:3427} INFO - Setting next_dagrun for tutorial_dag to None, run_after=None
[2023-01-19T20:42:25.479+0000] {processor.py:175} INFO - Processing /home/airflow/.local/lib/python3.7/site-packages/airflow/example_dags/tutorial_dag.py took 0.177 seconds
[2023-01-19T20:42:56.298+0000] {processor.py:153} INFO - Started process (PID=2380) to work on /home/airflow/.local/lib/python3.7/site-packages/airflow/example_dags/tutorial_dag.py
[2023-01-19T20:42:56.299+0000] {processor.py:743} INFO - Processing file /home/airflow/.local/lib/python3.7/site-packages/airflow/example_dags/tutorial_dag.py for tasks to queue
[2023-01-19T20:42:56.300+0000] {logging_mixin.py:137} INFO - [2023-01-19T20:42:56.299+0000] {dagbag.py:538} INFO - Filling up the DagBag from /home/airflow/.local/lib/python3.7/site-packages/airflow/example_dags/tutorial_dag.py
[2023-01-19T20:42:56.316+0000] {processor.py:753} INFO - DAG(s) dict_keys(['tutorial_dag']) retrieved from /home/airflow/.local/lib/python3.7/site-packages/airflow/example_dags/tutorial_dag.py
[2023-01-19T20:42:56.367+0000] {logging_mixin.py:137} INFO - [2023-01-19T20:42:56.367+0000] {dag.py:2676} INFO - Sync 1 DAGs
[2023-01-19T20:42:56.405+0000] {logging_mixin.py:137} INFO - [2023-01-19T20:42:56.405+0000] {dag.py:3427} INFO - Setting next_dagrun for tutorial_dag to None, run_after=None
[2023-01-19T20:42:56.431+0000] {processor.py:175} INFO - Processing /home/airflow/.local/lib/python3.7/site-packages/airflow/example_dags/tutorial_dag.py took 0.138 seconds
[2023-01-19T20:43:26.715+0000] {processor.py:153} INFO - Started process (PID=2453) to work on /home/airflow/.local/lib/python3.7/site-packages/airflow/example_dags/tutorial_dag.py
[2023-01-19T20:43:26.716+0000] {processor.py:743} INFO - Processing file /home/airflow/.local/lib/python3.7/site-packages/airflow/example_dags/tutorial_dag.py for tasks to queue
[2023-01-19T20:43:26.720+0000] {logging_mixin.py:137} INFO - [2023-01-19T20:43:26.718+0000] {dagbag.py:538} INFO - Filling up the DagBag from /home/airflow/.local/lib/python3.7/site-packages/airflow/example_dags/tutorial_dag.py
[2023-01-19T20:43:26.773+0000] {processor.py:753} INFO - DAG(s) dict_keys(['tutorial_dag']) retrieved from /home/airflow/.local/lib/python3.7/site-packages/airflow/example_dags/tutorial_dag.py
[2023-01-19T20:43:26.866+0000] {logging_mixin.py:137} INFO - [2023-01-19T20:43:26.866+0000] {dag.py:2676} INFO - Sync 1 DAGs
[2023-01-19T20:43:26.899+0000] {logging_mixin.py:137} INFO - [2023-01-19T20:43:26.899+0000] {dag.py:3427} INFO - Setting next_dagrun for tutorial_dag to None, run_after=None
[2023-01-19T20:43:26.922+0000] {processor.py:175} INFO - Processing /home/airflow/.local/lib/python3.7/site-packages/airflow/example_dags/tutorial_dag.py took 0.213 seconds
[2023-01-19T20:43:57.231+0000] {processor.py:153} INFO - Started process (PID=2533) to work on /home/airflow/.local/lib/python3.7/site-packages/airflow/example_dags/tutorial_dag.py
[2023-01-19T20:43:57.232+0000] {processor.py:743} INFO - Processing file /home/airflow/.local/lib/python3.7/site-packages/airflow/example_dags/tutorial_dag.py for tasks to queue
[2023-01-19T20:43:57.233+0000] {logging_mixin.py:137} INFO - [2023-01-19T20:43:57.233+0000] {dagbag.py:538} INFO - Filling up the DagBag from /home/airflow/.local/lib/python3.7/site-packages/airflow/example_dags/tutorial_dag.py
[2023-01-19T20:43:57.253+0000] {processor.py:753} INFO - DAG(s) dict_keys(['tutorial_dag']) retrieved from /home/airflow/.local/lib/python3.7/site-packages/airflow/example_dags/tutorial_dag.py
[2023-01-19T20:43:57.314+0000] {logging_mixin.py:137} INFO - [2023-01-19T20:43:57.314+0000] {dag.py:2676} INFO - Sync 1 DAGs
[2023-01-19T20:43:57.354+0000] {logging_mixin.py:137} INFO - [2023-01-19T20:43:57.354+0000] {dag.py:3427} INFO - Setting next_dagrun for tutorial_dag to None, run_after=None
[2023-01-19T20:43:57.393+0000] {processor.py:175} INFO - Processing /home/airflow/.local/lib/python3.7/site-packages/airflow/example_dags/tutorial_dag.py took 0.167 seconds
[2023-01-19T20:44:27.566+0000] {processor.py:153} INFO - Started process (PID=2614) to work on /home/airflow/.local/lib/python3.7/site-packages/airflow/example_dags/tutorial_dag.py
[2023-01-19T20:44:27.567+0000] {processor.py:743} INFO - Processing file /home/airflow/.local/lib/python3.7/site-packages/airflow/example_dags/tutorial_dag.py for tasks to queue
[2023-01-19T20:44:27.568+0000] {logging_mixin.py:137} INFO - [2023-01-19T20:44:27.568+0000] {dagbag.py:538} INFO - Filling up the DagBag from /home/airflow/.local/lib/python3.7/site-packages/airflow/example_dags/tutorial_dag.py
[2023-01-19T20:44:27.584+0000] {processor.py:753} INFO - DAG(s) dict_keys(['tutorial_dag']) retrieved from /home/airflow/.local/lib/python3.7/site-packages/airflow/example_dags/tutorial_dag.py
[2023-01-19T20:44:27.632+0000] {logging_mixin.py:137} INFO - [2023-01-19T20:44:27.632+0000] {dag.py:2676} INFO - Sync 1 DAGs
[2023-01-19T20:44:27.666+0000] {logging_mixin.py:137} INFO - [2023-01-19T20:44:27.665+0000] {dag.py:3427} INFO - Setting next_dagrun for tutorial_dag to None, run_after=None
[2023-01-19T20:44:27.692+0000] {processor.py:175} INFO - Processing /home/airflow/.local/lib/python3.7/site-packages/airflow/example_dags/tutorial_dag.py took 0.129 seconds
[2023-01-19T20:44:58.412+0000] {processor.py:153} INFO - Started process (PID=2687) to work on /home/airflow/.local/lib/python3.7/site-packages/airflow/example_dags/tutorial_dag.py
[2023-01-19T20:44:58.413+0000] {processor.py:743} INFO - Processing file /home/airflow/.local/lib/python3.7/site-packages/airflow/example_dags/tutorial_dag.py for tasks to queue
[2023-01-19T20:44:58.414+0000] {logging_mixin.py:137} INFO - [2023-01-19T20:44:58.414+0000] {dagbag.py:538} INFO - Filling up the DagBag from /home/airflow/.local/lib/python3.7/site-packages/airflow/example_dags/tutorial_dag.py
[2023-01-19T20:44:58.430+0000] {processor.py:753} INFO - DAG(s) dict_keys(['tutorial_dag']) retrieved from /home/airflow/.local/lib/python3.7/site-packages/airflow/example_dags/tutorial_dag.py
[2023-01-19T20:44:58.479+0000] {logging_mixin.py:137} INFO - [2023-01-19T20:44:58.479+0000] {dag.py:2676} INFO - Sync 1 DAGs
[2023-01-19T20:44:58.510+0000] {logging_mixin.py:137} INFO - [2023-01-19T20:44:58.510+0000] {dag.py:3427} INFO - Setting next_dagrun for tutorial_dag to None, run_after=None
[2023-01-19T20:44:58.538+0000] {processor.py:175} INFO - Processing /home/airflow/.local/lib/python3.7/site-packages/airflow/example_dags/tutorial_dag.py took 0.131 seconds
[2023-01-19T20:45:28.874+0000] {processor.py:153} INFO - Started process (PID=2759) to work on /home/airflow/.local/lib/python3.7/site-packages/airflow/example_dags/tutorial_dag.py
[2023-01-19T20:45:28.875+0000] {processor.py:743} INFO - Processing file /home/airflow/.local/lib/python3.7/site-packages/airflow/example_dags/tutorial_dag.py for tasks to queue
[2023-01-19T20:45:28.876+0000] {logging_mixin.py:137} INFO - [2023-01-19T20:45:28.876+0000] {dagbag.py:538} INFO - Filling up the DagBag from /home/airflow/.local/lib/python3.7/site-packages/airflow/example_dags/tutorial_dag.py
[2023-01-19T20:45:28.894+0000] {processor.py:753} INFO - DAG(s) dict_keys(['tutorial_dag']) retrieved from /home/airflow/.local/lib/python3.7/site-packages/airflow/example_dags/tutorial_dag.py
[2023-01-19T20:45:28.944+0000] {logging_mixin.py:137} INFO - [2023-01-19T20:45:28.944+0000] {dag.py:2676} INFO - Sync 1 DAGs
[2023-01-19T20:45:28.977+0000] {logging_mixin.py:137} INFO - [2023-01-19T20:45:28.977+0000] {dag.py:3427} INFO - Setting next_dagrun for tutorial_dag to None, run_after=None
[2023-01-19T20:45:29.007+0000] {processor.py:175} INFO - Processing /home/airflow/.local/lib/python3.7/site-packages/airflow/example_dags/tutorial_dag.py took 0.138 seconds
[2023-01-19T20:45:59.665+0000] {processor.py:153} INFO - Started process (PID=2847) to work on /home/airflow/.local/lib/python3.7/site-packages/airflow/example_dags/tutorial_dag.py
[2023-01-19T20:45:59.666+0000] {processor.py:743} INFO - Processing file /home/airflow/.local/lib/python3.7/site-packages/airflow/example_dags/tutorial_dag.py for tasks to queue
[2023-01-19T20:45:59.667+0000] {logging_mixin.py:137} INFO - [2023-01-19T20:45:59.667+0000] {dagbag.py:538} INFO - Filling up the DagBag from /home/airflow/.local/lib/python3.7/site-packages/airflow/example_dags/tutorial_dag.py
[2023-01-19T20:45:59.685+0000] {processor.py:753} INFO - DAG(s) dict_keys(['tutorial_dag']) retrieved from /home/airflow/.local/lib/python3.7/site-packages/airflow/example_dags/tutorial_dag.py
[2023-01-19T20:45:59.733+0000] {logging_mixin.py:137} INFO - [2023-01-19T20:45:59.733+0000] {dag.py:2676} INFO - Sync 1 DAGs
[2023-01-19T20:45:59.766+0000] {logging_mixin.py:137} INFO - [2023-01-19T20:45:59.765+0000] {dag.py:3427} INFO - Setting next_dagrun for tutorial_dag to None, run_after=None
[2023-01-19T20:45:59.795+0000] {processor.py:175} INFO - Processing /home/airflow/.local/lib/python3.7/site-packages/airflow/example_dags/tutorial_dag.py took 0.134 seconds
[2023-01-19T20:46:30.116+0000] {processor.py:153} INFO - Started process (PID=2919) to work on /home/airflow/.local/lib/python3.7/site-packages/airflow/example_dags/tutorial_dag.py
[2023-01-19T20:46:30.118+0000] {processor.py:743} INFO - Processing file /home/airflow/.local/lib/python3.7/site-packages/airflow/example_dags/tutorial_dag.py for tasks to queue
[2023-01-19T20:46:30.119+0000] {logging_mixin.py:137} INFO - [2023-01-19T20:46:30.118+0000] {dagbag.py:538} INFO - Filling up the DagBag from /home/airflow/.local/lib/python3.7/site-packages/airflow/example_dags/tutorial_dag.py
[2023-01-19T20:46:30.136+0000] {processor.py:753} INFO - DAG(s) dict_keys(['tutorial_dag']) retrieved from /home/airflow/.local/lib/python3.7/site-packages/airflow/example_dags/tutorial_dag.py
[2023-01-19T20:46:30.188+0000] {logging_mixin.py:137} INFO - [2023-01-19T20:46:30.188+0000] {dag.py:2676} INFO - Sync 1 DAGs
[2023-01-19T20:46:30.219+0000] {logging_mixin.py:137} INFO - [2023-01-19T20:46:30.219+0000] {dag.py:3427} INFO - Setting next_dagrun for tutorial_dag to None, run_after=None
[2023-01-19T20:46:30.248+0000] {processor.py:175} INFO - Processing /home/airflow/.local/lib/python3.7/site-packages/airflow/example_dags/tutorial_dag.py took 0.136 seconds
[2023-01-19T20:47:00.849+0000] {processor.py:153} INFO - Started process (PID=2991) to work on /home/airflow/.local/lib/python3.7/site-packages/airflow/example_dags/tutorial_dag.py
[2023-01-19T20:47:00.850+0000] {processor.py:743} INFO - Processing file /home/airflow/.local/lib/python3.7/site-packages/airflow/example_dags/tutorial_dag.py for tasks to queue
[2023-01-19T20:47:00.851+0000] {logging_mixin.py:137} INFO - [2023-01-19T20:47:00.851+0000] {dagbag.py:538} INFO - Filling up the DagBag from /home/airflow/.local/lib/python3.7/site-packages/airflow/example_dags/tutorial_dag.py
[2023-01-19T20:47:00.868+0000] {processor.py:753} INFO - DAG(s) dict_keys(['tutorial_dag']) retrieved from /home/airflow/.local/lib/python3.7/site-packages/airflow/example_dags/tutorial_dag.py
[2023-01-19T20:47:00.917+0000] {logging_mixin.py:137} INFO - [2023-01-19T20:47:00.917+0000] {dag.py:2676} INFO - Sync 1 DAGs
[2023-01-19T20:47:00.949+0000] {logging_mixin.py:137} INFO - [2023-01-19T20:47:00.949+0000] {dag.py:3427} INFO - Setting next_dagrun for tutorial_dag to None, run_after=None
[2023-01-19T20:47:00.979+0000] {processor.py:175} INFO - Processing /home/airflow/.local/lib/python3.7/site-packages/airflow/example_dags/tutorial_dag.py took 0.134 seconds
