[2023-01-21T12:41:00.947+0000] {processor.py:153} INFO - Started process (PID=82) to work on /home/airflow/.local/lib/python3.7/site-packages/airflow/example_dags/example_sla_dag.py
[2023-01-21T12:41:00.948+0000] {processor.py:743} INFO - Processing file /home/airflow/.local/lib/python3.7/site-packages/airflow/example_dags/example_sla_dag.py for tasks to queue
[2023-01-21T12:41:00.949+0000] {logging_mixin.py:137} INFO - [2023-01-21T12:41:00.948+0000] {dagbag.py:538} INFO - Filling up the DagBag from /home/airflow/.local/lib/python3.7/site-packages/airflow/example_dags/example_sla_dag.py
[2023-01-21T12:41:00.978+0000] {processor.py:753} INFO - DAG(s) dict_keys(['example_sla_dag']) retrieved from /home/airflow/.local/lib/python3.7/site-packages/airflow/example_dags/example_sla_dag.py
[2023-01-21T12:41:01.026+0000] {logging_mixin.py:137} INFO - [2023-01-21T12:41:01.026+0000] {dag.py:2676} INFO - Sync 1 DAGs
[2023-01-21T12:41:01.066+0000] {logging_mixin.py:137} INFO - [2023-01-21T12:41:01.066+0000] {dag.py:3427} INFO - Setting next_dagrun for example_sla_dag to 2023-01-21T12:38:00+00:00, run_after=2023-01-21T12:40:00+00:00
[2023-01-21T12:41:01.101+0000] {processor.py:175} INFO - Processing /home/airflow/.local/lib/python3.7/site-packages/airflow/example_dags/example_sla_dag.py took 0.159 seconds
[2023-01-21T12:41:31.437+0000] {processor.py:153} INFO - Started process (PID=155) to work on /home/airflow/.local/lib/python3.7/site-packages/airflow/example_dags/example_sla_dag.py
[2023-01-21T12:41:31.438+0000] {processor.py:743} INFO - Processing file /home/airflow/.local/lib/python3.7/site-packages/airflow/example_dags/example_sla_dag.py for tasks to queue
[2023-01-21T12:41:31.439+0000] {logging_mixin.py:137} INFO - [2023-01-21T12:41:31.439+0000] {dagbag.py:538} INFO - Filling up the DagBag from /home/airflow/.local/lib/python3.7/site-packages/airflow/example_dags/example_sla_dag.py
[2023-01-21T12:41:31.472+0000] {processor.py:753} INFO - DAG(s) dict_keys(['example_sla_dag']) retrieved from /home/airflow/.local/lib/python3.7/site-packages/airflow/example_dags/example_sla_dag.py
[2023-01-21T12:41:31.521+0000] {logging_mixin.py:137} INFO - [2023-01-21T12:41:31.521+0000] {dag.py:2676} INFO - Sync 1 DAGs
[2023-01-21T12:41:31.559+0000] {logging_mixin.py:137} INFO - [2023-01-21T12:41:31.559+0000] {dag.py:3427} INFO - Setting next_dagrun for example_sla_dag to 2023-01-21T12:38:00+00:00, run_after=2023-01-21T12:40:00+00:00
[2023-01-21T12:41:31.585+0000] {processor.py:175} INFO - Processing /home/airflow/.local/lib/python3.7/site-packages/airflow/example_dags/example_sla_dag.py took 0.152 seconds
[2023-01-21T12:42:03.044+0000] {processor.py:153} INFO - Started process (PID=236) to work on /home/airflow/.local/lib/python3.7/site-packages/airflow/example_dags/example_sla_dag.py
[2023-01-21T12:42:03.048+0000] {processor.py:743} INFO - Processing file /home/airflow/.local/lib/python3.7/site-packages/airflow/example_dags/example_sla_dag.py for tasks to queue
[2023-01-21T12:42:03.050+0000] {logging_mixin.py:137} INFO - [2023-01-21T12:42:03.049+0000] {dagbag.py:538} INFO - Filling up the DagBag from /home/airflow/.local/lib/python3.7/site-packages/airflow/example_dags/example_sla_dag.py
[2023-01-21T12:42:03.123+0000] {processor.py:753} INFO - DAG(s) dict_keys(['example_sla_dag']) retrieved from /home/airflow/.local/lib/python3.7/site-packages/airflow/example_dags/example_sla_dag.py
[2023-01-21T12:42:03.209+0000] {logging_mixin.py:137} INFO - [2023-01-21T12:42:03.209+0000] {dag.py:2676} INFO - Sync 1 DAGs
[2023-01-21T12:42:03.288+0000] {logging_mixin.py:137} INFO - [2023-01-21T12:42:03.287+0000] {dag.py:3427} INFO - Setting next_dagrun for example_sla_dag to 2023-01-21T12:40:00+00:00, run_after=2023-01-21T12:42:00+00:00
[2023-01-21T12:42:03.351+0000] {processor.py:175} INFO - Processing /home/airflow/.local/lib/python3.7/site-packages/airflow/example_dags/example_sla_dag.py took 0.312 seconds
[2023-01-21T12:42:34.366+0000] {processor.py:153} INFO - Started process (PID=315) to work on /home/airflow/.local/lib/python3.7/site-packages/airflow/example_dags/example_sla_dag.py
[2023-01-21T12:42:34.367+0000] {processor.py:743} INFO - Processing file /home/airflow/.local/lib/python3.7/site-packages/airflow/example_dags/example_sla_dag.py for tasks to queue
[2023-01-21T12:42:34.368+0000] {logging_mixin.py:137} INFO - [2023-01-21T12:42:34.368+0000] {dagbag.py:538} INFO - Filling up the DagBag from /home/airflow/.local/lib/python3.7/site-packages/airflow/example_dags/example_sla_dag.py
[2023-01-21T12:42:34.414+0000] {processor.py:753} INFO - DAG(s) dict_keys(['example_sla_dag']) retrieved from /home/airflow/.local/lib/python3.7/site-packages/airflow/example_dags/example_sla_dag.py
[2023-01-21T12:42:34.500+0000] {logging_mixin.py:137} INFO - [2023-01-21T12:42:34.499+0000] {dag.py:2676} INFO - Sync 1 DAGs
[2023-01-21T12:42:34.554+0000] {logging_mixin.py:137} INFO - [2023-01-21T12:42:34.554+0000] {dag.py:3427} INFO - Setting next_dagrun for example_sla_dag to 2023-01-21T12:40:00+00:00, run_after=2023-01-21T12:42:00+00:00
[2023-01-21T12:42:34.585+0000] {processor.py:175} INFO - Processing /home/airflow/.local/lib/python3.7/site-packages/airflow/example_dags/example_sla_dag.py took 0.224 seconds
[2023-01-21T12:43:05.059+0000] {processor.py:153} INFO - Started process (PID=388) to work on /home/airflow/.local/lib/python3.7/site-packages/airflow/example_dags/example_sla_dag.py
[2023-01-21T12:43:05.060+0000] {processor.py:743} INFO - Processing file /home/airflow/.local/lib/python3.7/site-packages/airflow/example_dags/example_sla_dag.py for tasks to queue
[2023-01-21T12:43:05.061+0000] {logging_mixin.py:137} INFO - [2023-01-21T12:43:05.061+0000] {dagbag.py:538} INFO - Filling up the DagBag from /home/airflow/.local/lib/python3.7/site-packages/airflow/example_dags/example_sla_dag.py
[2023-01-21T12:43:05.093+0000] {processor.py:753} INFO - DAG(s) dict_keys(['example_sla_dag']) retrieved from /home/airflow/.local/lib/python3.7/site-packages/airflow/example_dags/example_sla_dag.py
[2023-01-21T12:43:05.139+0000] {logging_mixin.py:137} INFO - [2023-01-21T12:43:05.139+0000] {dag.py:2676} INFO - Sync 1 DAGs
[2023-01-21T12:43:05.182+0000] {logging_mixin.py:137} INFO - [2023-01-21T12:43:05.182+0000] {dag.py:3427} INFO - Setting next_dagrun for example_sla_dag to 2023-01-21T12:40:00+00:00, run_after=2023-01-21T12:42:00+00:00
[2023-01-21T12:43:05.206+0000] {processor.py:175} INFO - Processing /home/airflow/.local/lib/python3.7/site-packages/airflow/example_dags/example_sla_dag.py took 0.151 seconds
[2023-01-21T12:43:35.460+0000] {processor.py:153} INFO - Started process (PID=460) to work on /home/airflow/.local/lib/python3.7/site-packages/airflow/example_dags/example_sla_dag.py
[2023-01-21T12:43:35.463+0000] {processor.py:743} INFO - Processing file /home/airflow/.local/lib/python3.7/site-packages/airflow/example_dags/example_sla_dag.py for tasks to queue
[2023-01-21T12:43:35.464+0000] {logging_mixin.py:137} INFO - [2023-01-21T12:43:35.464+0000] {dagbag.py:538} INFO - Filling up the DagBag from /home/airflow/.local/lib/python3.7/site-packages/airflow/example_dags/example_sla_dag.py
[2023-01-21T12:43:35.506+0000] {processor.py:753} INFO - DAG(s) dict_keys(['example_sla_dag']) retrieved from /home/airflow/.local/lib/python3.7/site-packages/airflow/example_dags/example_sla_dag.py
[2023-01-21T12:43:35.574+0000] {logging_mixin.py:137} INFO - [2023-01-21T12:43:35.574+0000] {dag.py:2676} INFO - Sync 1 DAGs
[2023-01-21T12:43:35.634+0000] {logging_mixin.py:137} INFO - [2023-01-21T12:43:35.633+0000] {dag.py:3427} INFO - Setting next_dagrun for example_sla_dag to 2023-01-21T12:40:00+00:00, run_after=2023-01-21T12:42:00+00:00
[2023-01-21T12:43:35.672+0000] {processor.py:175} INFO - Processing /home/airflow/.local/lib/python3.7/site-packages/airflow/example_dags/example_sla_dag.py took 0.218 seconds
[2023-01-21T12:44:05.867+0000] {processor.py:153} INFO - Started process (PID=532) to work on /home/airflow/.local/lib/python3.7/site-packages/airflow/example_dags/example_sla_dag.py
[2023-01-21T12:44:05.869+0000] {processor.py:743} INFO - Processing file /home/airflow/.local/lib/python3.7/site-packages/airflow/example_dags/example_sla_dag.py for tasks to queue
[2023-01-21T12:44:05.869+0000] {logging_mixin.py:137} INFO - [2023-01-21T12:44:05.869+0000] {dagbag.py:538} INFO - Filling up the DagBag from /home/airflow/.local/lib/python3.7/site-packages/airflow/example_dags/example_sla_dag.py
[2023-01-21T12:44:05.899+0000] {processor.py:753} INFO - DAG(s) dict_keys(['example_sla_dag']) retrieved from /home/airflow/.local/lib/python3.7/site-packages/airflow/example_dags/example_sla_dag.py
[2023-01-21T12:44:05.947+0000] {logging_mixin.py:137} INFO - [2023-01-21T12:44:05.947+0000] {dag.py:2676} INFO - Sync 1 DAGs
[2023-01-21T12:44:05.989+0000] {logging_mixin.py:137} INFO - [2023-01-21T12:44:05.988+0000] {dag.py:3427} INFO - Setting next_dagrun for example_sla_dag to 2023-01-21T12:42:00+00:00, run_after=2023-01-21T12:44:00+00:00
[2023-01-21T12:44:06.021+0000] {processor.py:175} INFO - Processing /home/airflow/.local/lib/python3.7/site-packages/airflow/example_dags/example_sla_dag.py took 0.157 seconds
[2023-01-21T12:44:36.205+0000] {processor.py:153} INFO - Started process (PID=620) to work on /home/airflow/.local/lib/python3.7/site-packages/airflow/example_dags/example_sla_dag.py
[2023-01-21T12:44:36.207+0000] {processor.py:743} INFO - Processing file /home/airflow/.local/lib/python3.7/site-packages/airflow/example_dags/example_sla_dag.py for tasks to queue
[2023-01-21T12:44:36.208+0000] {logging_mixin.py:137} INFO - [2023-01-21T12:44:36.208+0000] {dagbag.py:538} INFO - Filling up the DagBag from /home/airflow/.local/lib/python3.7/site-packages/airflow/example_dags/example_sla_dag.py
[2023-01-21T12:44:36.242+0000] {processor.py:753} INFO - DAG(s) dict_keys(['example_sla_dag']) retrieved from /home/airflow/.local/lib/python3.7/site-packages/airflow/example_dags/example_sla_dag.py
[2023-01-21T12:44:36.295+0000] {logging_mixin.py:137} INFO - [2023-01-21T12:44:36.294+0000] {dag.py:2676} INFO - Sync 1 DAGs
[2023-01-21T12:44:36.339+0000] {logging_mixin.py:137} INFO - [2023-01-21T12:44:36.339+0000] {dag.py:3427} INFO - Setting next_dagrun for example_sla_dag to 2023-01-21T12:42:00+00:00, run_after=2023-01-21T12:44:00+00:00
[2023-01-21T12:44:36.366+0000] {processor.py:175} INFO - Processing /home/airflow/.local/lib/python3.7/site-packages/airflow/example_dags/example_sla_dag.py took 0.166 seconds
[2023-01-21T12:45:06.787+0000] {processor.py:153} INFO - Started process (PID=692) to work on /home/airflow/.local/lib/python3.7/site-packages/airflow/example_dags/example_sla_dag.py
[2023-01-21T12:45:06.788+0000] {processor.py:743} INFO - Processing file /home/airflow/.local/lib/python3.7/site-packages/airflow/example_dags/example_sla_dag.py for tasks to queue
[2023-01-21T12:45:06.789+0000] {logging_mixin.py:137} INFO - [2023-01-21T12:45:06.789+0000] {dagbag.py:538} INFO - Filling up the DagBag from /home/airflow/.local/lib/python3.7/site-packages/airflow/example_dags/example_sla_dag.py
[2023-01-21T12:45:06.819+0000] {processor.py:753} INFO - DAG(s) dict_keys(['example_sla_dag']) retrieved from /home/airflow/.local/lib/python3.7/site-packages/airflow/example_dags/example_sla_dag.py
[2023-01-21T12:45:06.864+0000] {logging_mixin.py:137} INFO - [2023-01-21T12:45:06.864+0000] {dag.py:2676} INFO - Sync 1 DAGs
[2023-01-21T12:45:06.906+0000] {logging_mixin.py:137} INFO - [2023-01-21T12:45:06.906+0000] {dag.py:3427} INFO - Setting next_dagrun for example_sla_dag to 2023-01-21T12:42:00+00:00, run_after=2023-01-21T12:44:00+00:00
[2023-01-21T12:45:06.931+0000] {processor.py:175} INFO - Processing /home/airflow/.local/lib/python3.7/site-packages/airflow/example_dags/example_sla_dag.py took 0.148 seconds
[2023-01-21T12:45:37.138+0000] {processor.py:153} INFO - Started process (PID=764) to work on /home/airflow/.local/lib/python3.7/site-packages/airflow/example_dags/example_sla_dag.py
[2023-01-21T12:45:37.139+0000] {processor.py:743} INFO - Processing file /home/airflow/.local/lib/python3.7/site-packages/airflow/example_dags/example_sla_dag.py for tasks to queue
[2023-01-21T12:45:37.140+0000] {logging_mixin.py:137} INFO - [2023-01-21T12:45:37.140+0000] {dagbag.py:538} INFO - Filling up the DagBag from /home/airflow/.local/lib/python3.7/site-packages/airflow/example_dags/example_sla_dag.py
[2023-01-21T12:45:37.169+0000] {processor.py:753} INFO - DAG(s) dict_keys(['example_sla_dag']) retrieved from /home/airflow/.local/lib/python3.7/site-packages/airflow/example_dags/example_sla_dag.py
[2023-01-21T12:45:37.215+0000] {logging_mixin.py:137} INFO - [2023-01-21T12:45:37.215+0000] {dag.py:2676} INFO - Sync 1 DAGs
[2023-01-21T12:45:37.253+0000] {logging_mixin.py:137} INFO - [2023-01-21T12:45:37.253+0000] {dag.py:3427} INFO - Setting next_dagrun for example_sla_dag to 2023-01-21T12:42:00+00:00, run_after=2023-01-21T12:44:00+00:00
[2023-01-21T12:45:37.279+0000] {processor.py:175} INFO - Processing /home/airflow/.local/lib/python3.7/site-packages/airflow/example_dags/example_sla_dag.py took 0.145 seconds
[2023-01-21T12:46:08.658+0000] {processor.py:153} INFO - Started process (PID=846) to work on /home/airflow/.local/lib/python3.7/site-packages/airflow/example_dags/example_sla_dag.py
[2023-01-21T12:46:08.660+0000] {processor.py:743} INFO - Processing file /home/airflow/.local/lib/python3.7/site-packages/airflow/example_dags/example_sla_dag.py for tasks to queue
[2023-01-21T12:46:08.661+0000] {logging_mixin.py:137} INFO - [2023-01-21T12:46:08.661+0000] {dagbag.py:538} INFO - Filling up the DagBag from /home/airflow/.local/lib/python3.7/site-packages/airflow/example_dags/example_sla_dag.py
[2023-01-21T12:46:08.703+0000] {processor.py:753} INFO - DAG(s) dict_keys(['example_sla_dag']) retrieved from /home/airflow/.local/lib/python3.7/site-packages/airflow/example_dags/example_sla_dag.py
[2023-01-21T12:46:08.804+0000] {logging_mixin.py:137} INFO - [2023-01-21T12:46:08.804+0000] {dag.py:2676} INFO - Sync 1 DAGs
[2023-01-21T12:46:08.935+0000] {logging_mixin.py:137} INFO - [2023-01-21T12:46:08.935+0000] {dag.py:3427} INFO - Setting next_dagrun for example_sla_dag to 2023-01-21T12:44:00+00:00, run_after=2023-01-21T12:46:00+00:00
[2023-01-21T12:46:09.066+0000] {processor.py:175} INFO - Processing /home/airflow/.local/lib/python3.7/site-packages/airflow/example_dags/example_sla_dag.py took 0.413 seconds
[2023-01-21T12:46:39.177+0000] {processor.py:153} INFO - Started process (PID=925) to work on /home/airflow/.local/lib/python3.7/site-packages/airflow/example_dags/example_sla_dag.py
[2023-01-21T12:46:39.178+0000] {processor.py:743} INFO - Processing file /home/airflow/.local/lib/python3.7/site-packages/airflow/example_dags/example_sla_dag.py for tasks to queue
[2023-01-21T12:46:39.179+0000] {logging_mixin.py:137} INFO - [2023-01-21T12:46:39.179+0000] {dagbag.py:538} INFO - Filling up the DagBag from /home/airflow/.local/lib/python3.7/site-packages/airflow/example_dags/example_sla_dag.py
[2023-01-21T12:46:39.216+0000] {processor.py:753} INFO - DAG(s) dict_keys(['example_sla_dag']) retrieved from /home/airflow/.local/lib/python3.7/site-packages/airflow/example_dags/example_sla_dag.py
[2023-01-21T12:46:39.260+0000] {logging_mixin.py:137} INFO - [2023-01-21T12:46:39.260+0000] {dag.py:2676} INFO - Sync 1 DAGs
[2023-01-21T12:46:39.296+0000] {logging_mixin.py:137} INFO - [2023-01-21T12:46:39.296+0000] {dag.py:3427} INFO - Setting next_dagrun for example_sla_dag to 2023-01-21T12:44:00+00:00, run_after=2023-01-21T12:46:00+00:00
[2023-01-21T12:46:39.322+0000] {processor.py:175} INFO - Processing /home/airflow/.local/lib/python3.7/site-packages/airflow/example_dags/example_sla_dag.py took 0.148 seconds
[2023-01-21T12:47:09.910+0000] {processor.py:153} INFO - Started process (PID=997) to work on /home/airflow/.local/lib/python3.7/site-packages/airflow/example_dags/example_sla_dag.py
[2023-01-21T12:47:09.911+0000] {processor.py:743} INFO - Processing file /home/airflow/.local/lib/python3.7/site-packages/airflow/example_dags/example_sla_dag.py for tasks to queue
[2023-01-21T12:47:09.912+0000] {logging_mixin.py:137} INFO - [2023-01-21T12:47:09.912+0000] {dagbag.py:538} INFO - Filling up the DagBag from /home/airflow/.local/lib/python3.7/site-packages/airflow/example_dags/example_sla_dag.py
[2023-01-21T12:47:09.941+0000] {processor.py:753} INFO - DAG(s) dict_keys(['example_sla_dag']) retrieved from /home/airflow/.local/lib/python3.7/site-packages/airflow/example_dags/example_sla_dag.py
[2023-01-21T12:47:09.994+0000] {logging_mixin.py:137} INFO - [2023-01-21T12:47:09.993+0000] {dag.py:2676} INFO - Sync 1 DAGs
[2023-01-21T12:47:10.032+0000] {logging_mixin.py:137} INFO - [2023-01-21T12:47:10.032+0000] {dag.py:3427} INFO - Setting next_dagrun for example_sla_dag to 2023-01-21T12:44:00+00:00, run_after=2023-01-21T12:46:00+00:00
[2023-01-21T12:47:10.055+0000] {processor.py:175} INFO - Processing /home/airflow/.local/lib/python3.7/site-packages/airflow/example_dags/example_sla_dag.py took 0.149 seconds
[2023-01-21T12:47:40.224+0000] {processor.py:153} INFO - Started process (PID=1069) to work on /home/airflow/.local/lib/python3.7/site-packages/airflow/example_dags/example_sla_dag.py
[2023-01-21T12:47:40.225+0000] {processor.py:743} INFO - Processing file /home/airflow/.local/lib/python3.7/site-packages/airflow/example_dags/example_sla_dag.py for tasks to queue
[2023-01-21T12:47:40.226+0000] {logging_mixin.py:137} INFO - [2023-01-21T12:47:40.226+0000] {dagbag.py:538} INFO - Filling up the DagBag from /home/airflow/.local/lib/python3.7/site-packages/airflow/example_dags/example_sla_dag.py
[2023-01-21T12:47:40.254+0000] {processor.py:753} INFO - DAG(s) dict_keys(['example_sla_dag']) retrieved from /home/airflow/.local/lib/python3.7/site-packages/airflow/example_dags/example_sla_dag.py
[2023-01-21T12:47:40.304+0000] {logging_mixin.py:137} INFO - [2023-01-21T12:47:40.304+0000] {dag.py:2676} INFO - Sync 1 DAGs
[2023-01-21T12:47:40.340+0000] {logging_mixin.py:137} INFO - [2023-01-21T12:47:40.340+0000] {dag.py:3427} INFO - Setting next_dagrun for example_sla_dag to 2023-01-21T12:44:00+00:00, run_after=2023-01-21T12:46:00+00:00
[2023-01-21T12:47:40.370+0000] {processor.py:175} INFO - Processing /home/airflow/.local/lib/python3.7/site-packages/airflow/example_dags/example_sla_dag.py took 0.150 seconds
[2023-01-21T12:48:11.033+0000] {processor.py:153} INFO - Started process (PID=1157) to work on /home/airflow/.local/lib/python3.7/site-packages/airflow/example_dags/example_sla_dag.py
[2023-01-21T12:48:11.035+0000] {processor.py:743} INFO - Processing file /home/airflow/.local/lib/python3.7/site-packages/airflow/example_dags/example_sla_dag.py for tasks to queue
[2023-01-21T12:48:11.037+0000] {logging_mixin.py:137} INFO - [2023-01-21T12:48:11.037+0000] {dagbag.py:538} INFO - Filling up the DagBag from /home/airflow/.local/lib/python3.7/site-packages/airflow/example_dags/example_sla_dag.py
[2023-01-21T12:48:11.076+0000] {processor.py:753} INFO - DAG(s) dict_keys(['example_sla_dag']) retrieved from /home/airflow/.local/lib/python3.7/site-packages/airflow/example_dags/example_sla_dag.py
[2023-01-21T12:48:11.123+0000] {logging_mixin.py:137} INFO - [2023-01-21T12:48:11.123+0000] {dag.py:2676} INFO - Sync 1 DAGs
[2023-01-21T12:48:11.165+0000] {logging_mixin.py:137} INFO - [2023-01-21T12:48:11.165+0000] {dag.py:3427} INFO - Setting next_dagrun for example_sla_dag to 2023-01-21T12:46:00+00:00, run_after=2023-01-21T12:48:00+00:00
[2023-01-21T12:48:11.195+0000] {processor.py:175} INFO - Processing /home/airflow/.local/lib/python3.7/site-packages/airflow/example_dags/example_sla_dag.py took 0.171 seconds
