[2023-01-21T12:40:59.588+0000] {processor.py:153} INFO - Started process (PID=70) to work on /home/airflow/.local/lib/python3.7/site-packages/airflow/example_dags/example_datasets.py
[2023-01-21T12:40:59.589+0000] {processor.py:743} INFO - Processing file /home/airflow/.local/lib/python3.7/site-packages/airflow/example_dags/example_datasets.py for tasks to queue
[2023-01-21T12:40:59.590+0000] {logging_mixin.py:137} INFO - [2023-01-21T12:40:59.590+0000] {dagbag.py:538} INFO - Filling up the DagBag from /home/airflow/.local/lib/python3.7/site-packages/airflow/example_dags/example_datasets.py
[2023-01-21T12:40:59.611+0000] {processor.py:753} INFO - DAG(s) dict_keys(['dataset_produces_1', 'dataset_consumes_1_and_2', 'dataset_consumes_unknown_never_scheduled', 'dataset_consumes_1_never_scheduled', 'dataset_produces_2', 'dataset_consumes_1']) retrieved from /home/airflow/.local/lib/python3.7/site-packages/airflow/example_dags/example_datasets.py
[2023-01-21T12:40:59.773+0000] {logging_mixin.py:137} INFO - [2023-01-21T12:40:59.772+0000] {dag.py:2676} INFO - Sync 6 DAGs
[2023-01-21T12:40:59.809+0000] {logging_mixin.py:137} INFO - [2023-01-21T12:40:59.809+0000] {dag.py:3427} INFO - Setting next_dagrun for dataset_consumes_1 to None, run_after=None
[2023-01-21T12:40:59.813+0000] {logging_mixin.py:137} INFO - [2023-01-21T12:40:59.813+0000] {dag.py:3427} INFO - Setting next_dagrun for dataset_consumes_1_and_2 to None, run_after=None
[2023-01-21T12:40:59.815+0000] {logging_mixin.py:137} INFO - [2023-01-21T12:40:59.815+0000] {dag.py:3427} INFO - Setting next_dagrun for dataset_consumes_1_never_scheduled to None, run_after=None
[2023-01-21T12:40:59.817+0000] {logging_mixin.py:137} INFO - [2023-01-21T12:40:59.816+0000] {dag.py:3427} INFO - Setting next_dagrun for dataset_consumes_unknown_never_scheduled to None, run_after=None
[2023-01-21T12:40:59.822+0000] {logging_mixin.py:137} INFO - [2023-01-21T12:40:59.821+0000] {dag.py:3427} INFO - Setting next_dagrun for dataset_produces_1 to 2023-01-20T00:00:00+00:00, run_after=2023-01-21T00:00:00+00:00
[2023-01-21T12:40:59.823+0000] {logging_mixin.py:137} INFO - [2023-01-21T12:40:59.823+0000] {dag.py:3427} INFO - Setting next_dagrun for dataset_produces_2 to None, run_after=None
[2023-01-21T12:40:59.883+0000] {processor.py:175} INFO - Processing /home/airflow/.local/lib/python3.7/site-packages/airflow/example_dags/example_datasets.py took 0.302 seconds
[2023-01-21T12:41:30.498+0000] {processor.py:153} INFO - Started process (PID=143) to work on /home/airflow/.local/lib/python3.7/site-packages/airflow/example_dags/example_datasets.py
[2023-01-21T12:41:30.499+0000] {processor.py:743} INFO - Processing file /home/airflow/.local/lib/python3.7/site-packages/airflow/example_dags/example_datasets.py for tasks to queue
[2023-01-21T12:41:30.500+0000] {logging_mixin.py:137} INFO - [2023-01-21T12:41:30.500+0000] {dagbag.py:538} INFO - Filling up the DagBag from /home/airflow/.local/lib/python3.7/site-packages/airflow/example_dags/example_datasets.py
[2023-01-21T12:41:30.519+0000] {processor.py:753} INFO - DAG(s) dict_keys(['dataset_produces_1', 'dataset_consumes_1_and_2', 'dataset_produces_2', 'dataset_consumes_1', 'dataset_consumes_1_never_scheduled', 'dataset_consumes_unknown_never_scheduled']) retrieved from /home/airflow/.local/lib/python3.7/site-packages/airflow/example_dags/example_datasets.py
[2023-01-21T12:41:30.589+0000] {logging_mixin.py:137} INFO - [2023-01-21T12:41:30.589+0000] {dag.py:2676} INFO - Sync 6 DAGs
[2023-01-21T12:41:30.623+0000] {logging_mixin.py:137} INFO - [2023-01-21T12:41:30.623+0000] {dag.py:3427} INFO - Setting next_dagrun for dataset_consumes_1 to None, run_after=None
[2023-01-21T12:41:30.627+0000] {logging_mixin.py:137} INFO - [2023-01-21T12:41:30.627+0000] {dag.py:3427} INFO - Setting next_dagrun for dataset_consumes_1_and_2 to None, run_after=None
[2023-01-21T12:41:30.629+0000] {logging_mixin.py:137} INFO - [2023-01-21T12:41:30.629+0000] {dag.py:3427} INFO - Setting next_dagrun for dataset_consumes_1_never_scheduled to None, run_after=None
[2023-01-21T12:41:30.631+0000] {logging_mixin.py:137} INFO - [2023-01-21T12:41:30.631+0000] {dag.py:3427} INFO - Setting next_dagrun for dataset_consumes_unknown_never_scheduled to None, run_after=None
[2023-01-21T12:41:30.635+0000] {logging_mixin.py:137} INFO - [2023-01-21T12:41:30.635+0000] {dag.py:3427} INFO - Setting next_dagrun for dataset_produces_1 to 2023-01-20T00:00:00+00:00, run_after=2023-01-21T00:00:00+00:00
[2023-01-21T12:41:30.637+0000] {logging_mixin.py:137} INFO - [2023-01-21T12:41:30.636+0000] {dag.py:3427} INFO - Setting next_dagrun for dataset_produces_2 to None, run_after=None
[2023-01-21T12:41:30.682+0000] {processor.py:175} INFO - Processing /home/airflow/.local/lib/python3.7/site-packages/airflow/example_dags/example_datasets.py took 0.187 seconds
[2023-01-21T12:42:00.941+0000] {processor.py:153} INFO - Started process (PID=215) to work on /home/airflow/.local/lib/python3.7/site-packages/airflow/example_dags/example_datasets.py
[2023-01-21T12:42:00.943+0000] {processor.py:743} INFO - Processing file /home/airflow/.local/lib/python3.7/site-packages/airflow/example_dags/example_datasets.py for tasks to queue
[2023-01-21T12:42:00.943+0000] {logging_mixin.py:137} INFO - [2023-01-21T12:42:00.943+0000] {dagbag.py:538} INFO - Filling up the DagBag from /home/airflow/.local/lib/python3.7/site-packages/airflow/example_dags/example_datasets.py
[2023-01-21T12:42:00.971+0000] {processor.py:753} INFO - DAG(s) dict_keys(['dataset_consumes_1_and_2', 'dataset_produces_2', 'dataset_consumes_1', 'dataset_produces_1', 'dataset_consumes_unknown_never_scheduled', 'dataset_consumes_1_never_scheduled']) retrieved from /home/airflow/.local/lib/python3.7/site-packages/airflow/example_dags/example_datasets.py
[2023-01-21T12:42:01.152+0000] {logging_mixin.py:137} INFO - [2023-01-21T12:42:01.151+0000] {dag.py:2676} INFO - Sync 6 DAGs
[2023-01-21T12:42:01.204+0000] {logging_mixin.py:137} INFO - [2023-01-21T12:42:01.204+0000] {dag.py:3427} INFO - Setting next_dagrun for dataset_consumes_1 to None, run_after=None
[2023-01-21T12:42:01.211+0000] {logging_mixin.py:137} INFO - [2023-01-21T12:42:01.211+0000] {dag.py:3427} INFO - Setting next_dagrun for dataset_consumes_1_and_2 to None, run_after=None
[2023-01-21T12:42:01.213+0000] {logging_mixin.py:137} INFO - [2023-01-21T12:42:01.213+0000] {dag.py:3427} INFO - Setting next_dagrun for dataset_consumes_1_never_scheduled to None, run_after=None
[2023-01-21T12:42:01.225+0000] {logging_mixin.py:137} INFO - [2023-01-21T12:42:01.224+0000] {dag.py:3427} INFO - Setting next_dagrun for dataset_consumes_unknown_never_scheduled to None, run_after=None
[2023-01-21T12:42:01.230+0000] {logging_mixin.py:137} INFO - [2023-01-21T12:42:01.230+0000] {dag.py:3427} INFO - Setting next_dagrun for dataset_produces_1 to 2023-01-20T00:00:00+00:00, run_after=2023-01-21T00:00:00+00:00
[2023-01-21T12:42:01.233+0000] {logging_mixin.py:137} INFO - [2023-01-21T12:42:01.232+0000] {dag.py:3427} INFO - Setting next_dagrun for dataset_produces_2 to None, run_after=None
[2023-01-21T12:42:01.324+0000] {processor.py:175} INFO - Processing /home/airflow/.local/lib/python3.7/site-packages/airflow/example_dags/example_datasets.py took 0.387 seconds
[2023-01-21T12:42:32.177+0000] {processor.py:153} INFO - Started process (PID=296) to work on /home/airflow/.local/lib/python3.7/site-packages/airflow/example_dags/example_datasets.py
[2023-01-21T12:42:32.194+0000] {processor.py:743} INFO - Processing file /home/airflow/.local/lib/python3.7/site-packages/airflow/example_dags/example_datasets.py for tasks to queue
[2023-01-21T12:42:32.195+0000] {logging_mixin.py:137} INFO - [2023-01-21T12:42:32.195+0000] {dagbag.py:538} INFO - Filling up the DagBag from /home/airflow/.local/lib/python3.7/site-packages/airflow/example_dags/example_datasets.py
[2023-01-21T12:42:32.223+0000] {processor.py:753} INFO - DAG(s) dict_keys(['dataset_consumes_1_and_2', 'dataset_consumes_1', 'dataset_consumes_1_never_scheduled', 'dataset_consumes_unknown_never_scheduled', 'dataset_produces_2', 'dataset_produces_1']) retrieved from /home/airflow/.local/lib/python3.7/site-packages/airflow/example_dags/example_datasets.py
[2023-01-21T12:42:32.388+0000] {logging_mixin.py:137} INFO - [2023-01-21T12:42:32.388+0000] {dag.py:2676} INFO - Sync 6 DAGs
[2023-01-21T12:42:32.474+0000] {logging_mixin.py:137} INFO - [2023-01-21T12:42:32.474+0000] {dag.py:3427} INFO - Setting next_dagrun for dataset_consumes_1 to None, run_after=None
[2023-01-21T12:42:32.503+0000] {logging_mixin.py:137} INFO - [2023-01-21T12:42:32.502+0000] {dag.py:3427} INFO - Setting next_dagrun for dataset_consumes_1_and_2 to None, run_after=None
[2023-01-21T12:42:32.505+0000] {logging_mixin.py:137} INFO - [2023-01-21T12:42:32.505+0000] {dag.py:3427} INFO - Setting next_dagrun for dataset_consumes_1_never_scheduled to None, run_after=None
[2023-01-21T12:42:32.507+0000] {logging_mixin.py:137} INFO - [2023-01-21T12:42:32.507+0000] {dag.py:3427} INFO - Setting next_dagrun for dataset_consumes_unknown_never_scheduled to None, run_after=None
[2023-01-21T12:42:32.512+0000] {logging_mixin.py:137} INFO - [2023-01-21T12:42:32.512+0000] {dag.py:3427} INFO - Setting next_dagrun for dataset_produces_1 to 2023-01-20T00:00:00+00:00, run_after=2023-01-21T00:00:00+00:00
[2023-01-21T12:42:32.518+0000] {logging_mixin.py:137} INFO - [2023-01-21T12:42:32.518+0000] {dag.py:3427} INFO - Setting next_dagrun for dataset_produces_2 to None, run_after=None
[2023-01-21T12:42:32.649+0000] {processor.py:175} INFO - Processing /home/airflow/.local/lib/python3.7/site-packages/airflow/example_dags/example_datasets.py took 0.478 seconds
[2023-01-21T12:43:02.743+0000] {processor.py:153} INFO - Started process (PID=369) to work on /home/airflow/.local/lib/python3.7/site-packages/airflow/example_dags/example_datasets.py
[2023-01-21T12:43:02.744+0000] {processor.py:743} INFO - Processing file /home/airflow/.local/lib/python3.7/site-packages/airflow/example_dags/example_datasets.py for tasks to queue
[2023-01-21T12:43:02.745+0000] {logging_mixin.py:137} INFO - [2023-01-21T12:43:02.745+0000] {dagbag.py:538} INFO - Filling up the DagBag from /home/airflow/.local/lib/python3.7/site-packages/airflow/example_dags/example_datasets.py
[2023-01-21T12:43:02.764+0000] {processor.py:753} INFO - DAG(s) dict_keys(['dataset_consumes_unknown_never_scheduled', 'dataset_produces_2', 'dataset_produces_1', 'dataset_consumes_1_never_scheduled', 'dataset_consumes_1', 'dataset_consumes_1_and_2']) retrieved from /home/airflow/.local/lib/python3.7/site-packages/airflow/example_dags/example_datasets.py
[2023-01-21T12:43:02.836+0000] {logging_mixin.py:137} INFO - [2023-01-21T12:43:02.836+0000] {dag.py:2676} INFO - Sync 6 DAGs
[2023-01-21T12:43:02.870+0000] {logging_mixin.py:137} INFO - [2023-01-21T12:43:02.870+0000] {dag.py:3427} INFO - Setting next_dagrun for dataset_consumes_1 to None, run_after=None
[2023-01-21T12:43:02.875+0000] {logging_mixin.py:137} INFO - [2023-01-21T12:43:02.875+0000] {dag.py:3427} INFO - Setting next_dagrun for dataset_consumes_1_and_2 to None, run_after=None
[2023-01-21T12:43:02.876+0000] {logging_mixin.py:137} INFO - [2023-01-21T12:43:02.876+0000] {dag.py:3427} INFO - Setting next_dagrun for dataset_consumes_1_never_scheduled to None, run_after=None
[2023-01-21T12:43:02.878+0000] {logging_mixin.py:137} INFO - [2023-01-21T12:43:02.878+0000] {dag.py:3427} INFO - Setting next_dagrun for dataset_consumes_unknown_never_scheduled to None, run_after=None
[2023-01-21T12:43:02.881+0000] {logging_mixin.py:137} INFO - [2023-01-21T12:43:02.881+0000] {dag.py:3427} INFO - Setting next_dagrun for dataset_produces_1 to 2023-01-20T00:00:00+00:00, run_after=2023-01-21T00:00:00+00:00
[2023-01-21T12:43:02.883+0000] {logging_mixin.py:137} INFO - [2023-01-21T12:43:02.883+0000] {dag.py:3427} INFO - Setting next_dagrun for dataset_produces_2 to None, run_after=None
[2023-01-21T12:43:02.930+0000] {processor.py:175} INFO - Processing /home/airflow/.local/lib/python3.7/site-packages/airflow/example_dags/example_datasets.py took 0.191 seconds
[2023-01-21T12:43:32.955+0000] {processor.py:153} INFO - Started process (PID=448) to work on /home/airflow/.local/lib/python3.7/site-packages/airflow/example_dags/example_datasets.py
[2023-01-21T12:43:32.956+0000] {processor.py:743} INFO - Processing file /home/airflow/.local/lib/python3.7/site-packages/airflow/example_dags/example_datasets.py for tasks to queue
[2023-01-21T12:43:32.957+0000] {logging_mixin.py:137} INFO - [2023-01-21T12:43:32.957+0000] {dagbag.py:538} INFO - Filling up the DagBag from /home/airflow/.local/lib/python3.7/site-packages/airflow/example_dags/example_datasets.py
[2023-01-21T12:43:32.976+0000] {processor.py:753} INFO - DAG(s) dict_keys(['dataset_consumes_unknown_never_scheduled', 'dataset_consumes_1', 'dataset_consumes_1_never_scheduled', 'dataset_produces_2', 'dataset_produces_1', 'dataset_consumes_1_and_2']) retrieved from /home/airflow/.local/lib/python3.7/site-packages/airflow/example_dags/example_datasets.py
[2023-01-21T12:43:33.046+0000] {logging_mixin.py:137} INFO - [2023-01-21T12:43:33.046+0000] {dag.py:2676} INFO - Sync 6 DAGs
[2023-01-21T12:43:33.077+0000] {logging_mixin.py:137} INFO - [2023-01-21T12:43:33.077+0000] {dag.py:3427} INFO - Setting next_dagrun for dataset_consumes_1 to None, run_after=None
[2023-01-21T12:43:33.081+0000] {logging_mixin.py:137} INFO - [2023-01-21T12:43:33.081+0000] {dag.py:3427} INFO - Setting next_dagrun for dataset_consumes_1_and_2 to None, run_after=None
[2023-01-21T12:43:33.083+0000] {logging_mixin.py:137} INFO - [2023-01-21T12:43:33.083+0000] {dag.py:3427} INFO - Setting next_dagrun for dataset_consumes_1_never_scheduled to None, run_after=None
[2023-01-21T12:43:33.084+0000] {logging_mixin.py:137} INFO - [2023-01-21T12:43:33.084+0000] {dag.py:3427} INFO - Setting next_dagrun for dataset_consumes_unknown_never_scheduled to None, run_after=None
[2023-01-21T12:43:33.087+0000] {logging_mixin.py:137} INFO - [2023-01-21T12:43:33.087+0000] {dag.py:3427} INFO - Setting next_dagrun for dataset_produces_1 to 2023-01-20T00:00:00+00:00, run_after=2023-01-21T00:00:00+00:00
[2023-01-21T12:43:33.089+0000] {logging_mixin.py:137} INFO - [2023-01-21T12:43:33.088+0000] {dag.py:3427} INFO - Setting next_dagrun for dataset_produces_2 to None, run_after=None
[2023-01-21T12:43:33.132+0000] {processor.py:175} INFO - Processing /home/airflow/.local/lib/python3.7/site-packages/airflow/example_dags/example_datasets.py took 0.180 seconds
[2023-01-21T12:44:03.798+0000] {processor.py:153} INFO - Started process (PID=520) to work on /home/airflow/.local/lib/python3.7/site-packages/airflow/example_dags/example_datasets.py
[2023-01-21T12:44:03.799+0000] {processor.py:743} INFO - Processing file /home/airflow/.local/lib/python3.7/site-packages/airflow/example_dags/example_datasets.py for tasks to queue
[2023-01-21T12:44:03.800+0000] {logging_mixin.py:137} INFO - [2023-01-21T12:44:03.800+0000] {dagbag.py:538} INFO - Filling up the DagBag from /home/airflow/.local/lib/python3.7/site-packages/airflow/example_dags/example_datasets.py
[2023-01-21T12:44:03.819+0000] {processor.py:753} INFO - DAG(s) dict_keys(['dataset_consumes_1_never_scheduled', 'dataset_produces_1', 'dataset_consumes_1', 'dataset_consumes_1_and_2', 'dataset_consumes_unknown_never_scheduled', 'dataset_produces_2']) retrieved from /home/airflow/.local/lib/python3.7/site-packages/airflow/example_dags/example_datasets.py
[2023-01-21T12:44:03.892+0000] {logging_mixin.py:137} INFO - [2023-01-21T12:44:03.892+0000] {dag.py:2676} INFO - Sync 6 DAGs
[2023-01-21T12:44:03.929+0000] {logging_mixin.py:137} INFO - [2023-01-21T12:44:03.929+0000] {dag.py:3427} INFO - Setting next_dagrun for dataset_consumes_1 to None, run_after=None
[2023-01-21T12:44:03.933+0000] {logging_mixin.py:137} INFO - [2023-01-21T12:44:03.933+0000] {dag.py:3427} INFO - Setting next_dagrun for dataset_consumes_1_and_2 to None, run_after=None
[2023-01-21T12:44:03.934+0000] {logging_mixin.py:137} INFO - [2023-01-21T12:44:03.934+0000] {dag.py:3427} INFO - Setting next_dagrun for dataset_consumes_1_never_scheduled to None, run_after=None
[2023-01-21T12:44:03.936+0000] {logging_mixin.py:137} INFO - [2023-01-21T12:44:03.936+0000] {dag.py:3427} INFO - Setting next_dagrun for dataset_consumes_unknown_never_scheduled to None, run_after=None
[2023-01-21T12:44:03.940+0000] {logging_mixin.py:137} INFO - [2023-01-21T12:44:03.940+0000] {dag.py:3427} INFO - Setting next_dagrun for dataset_produces_1 to 2023-01-20T00:00:00+00:00, run_after=2023-01-21T00:00:00+00:00
[2023-01-21T12:44:03.942+0000] {logging_mixin.py:137} INFO - [2023-01-21T12:44:03.942+0000] {dag.py:3427} INFO - Setting next_dagrun for dataset_produces_2 to None, run_after=None
[2023-01-21T12:44:03.997+0000] {processor.py:175} INFO - Processing /home/airflow/.local/lib/python3.7/site-packages/airflow/example_dags/example_datasets.py took 0.202 seconds
[2023-01-21T12:44:34.046+0000] {processor.py:153} INFO - Started process (PID=592) to work on /home/airflow/.local/lib/python3.7/site-packages/airflow/example_dags/example_datasets.py
[2023-01-21T12:44:34.047+0000] {processor.py:743} INFO - Processing file /home/airflow/.local/lib/python3.7/site-packages/airflow/example_dags/example_datasets.py for tasks to queue
[2023-01-21T12:44:34.048+0000] {logging_mixin.py:137} INFO - [2023-01-21T12:44:34.048+0000] {dagbag.py:538} INFO - Filling up the DagBag from /home/airflow/.local/lib/python3.7/site-packages/airflow/example_dags/example_datasets.py
[2023-01-21T12:44:34.068+0000] {processor.py:753} INFO - DAG(s) dict_keys(['dataset_produces_1', 'dataset_consumes_unknown_never_scheduled', 'dataset_produces_2', 'dataset_consumes_1', 'dataset_consumes_1_and_2', 'dataset_consumes_1_never_scheduled']) retrieved from /home/airflow/.local/lib/python3.7/site-packages/airflow/example_dags/example_datasets.py
[2023-01-21T12:44:34.136+0000] {logging_mixin.py:137} INFO - [2023-01-21T12:44:34.136+0000] {dag.py:2676} INFO - Sync 6 DAGs
[2023-01-21T12:44:34.167+0000] {logging_mixin.py:137} INFO - [2023-01-21T12:44:34.167+0000] {dag.py:3427} INFO - Setting next_dagrun for dataset_consumes_1 to None, run_after=None
[2023-01-21T12:44:34.171+0000] {logging_mixin.py:137} INFO - [2023-01-21T12:44:34.171+0000] {dag.py:3427} INFO - Setting next_dagrun for dataset_consumes_1_and_2 to None, run_after=None
[2023-01-21T12:44:34.173+0000] {logging_mixin.py:137} INFO - [2023-01-21T12:44:34.173+0000] {dag.py:3427} INFO - Setting next_dagrun for dataset_consumes_1_never_scheduled to None, run_after=None
[2023-01-21T12:44:34.174+0000] {logging_mixin.py:137} INFO - [2023-01-21T12:44:34.174+0000] {dag.py:3427} INFO - Setting next_dagrun for dataset_consumes_unknown_never_scheduled to None, run_after=None
[2023-01-21T12:44:34.177+0000] {logging_mixin.py:137} INFO - [2023-01-21T12:44:34.177+0000] {dag.py:3427} INFO - Setting next_dagrun for dataset_produces_1 to 2023-01-20T00:00:00+00:00, run_after=2023-01-21T00:00:00+00:00
[2023-01-21T12:44:34.179+0000] {logging_mixin.py:137} INFO - [2023-01-21T12:44:34.178+0000] {dag.py:3427} INFO - Setting next_dagrun for dataset_produces_2 to None, run_after=None
[2023-01-21T12:44:34.220+0000] {processor.py:175} INFO - Processing /home/airflow/.local/lib/python3.7/site-packages/airflow/example_dags/example_datasets.py took 0.178 seconds
[2023-01-21T12:45:04.802+0000] {processor.py:153} INFO - Started process (PID=680) to work on /home/airflow/.local/lib/python3.7/site-packages/airflow/example_dags/example_datasets.py
[2023-01-21T12:45:04.803+0000] {processor.py:743} INFO - Processing file /home/airflow/.local/lib/python3.7/site-packages/airflow/example_dags/example_datasets.py for tasks to queue
[2023-01-21T12:45:04.804+0000] {logging_mixin.py:137} INFO - [2023-01-21T12:45:04.804+0000] {dagbag.py:538} INFO - Filling up the DagBag from /home/airflow/.local/lib/python3.7/site-packages/airflow/example_dags/example_datasets.py
[2023-01-21T12:45:04.823+0000] {processor.py:753} INFO - DAG(s) dict_keys(['dataset_produces_2', 'dataset_consumes_1', 'dataset_consumes_1_never_scheduled', 'dataset_consumes_unknown_never_scheduled', 'dataset_produces_1', 'dataset_consumes_1_and_2']) retrieved from /home/airflow/.local/lib/python3.7/site-packages/airflow/example_dags/example_datasets.py
[2023-01-21T12:45:04.893+0000] {logging_mixin.py:137} INFO - [2023-01-21T12:45:04.892+0000] {dag.py:2676} INFO - Sync 6 DAGs
[2023-01-21T12:45:04.926+0000] {logging_mixin.py:137} INFO - [2023-01-21T12:45:04.926+0000] {dag.py:3427} INFO - Setting next_dagrun for dataset_consumes_1 to None, run_after=None
[2023-01-21T12:45:04.931+0000] {logging_mixin.py:137} INFO - [2023-01-21T12:45:04.931+0000] {dag.py:3427} INFO - Setting next_dagrun for dataset_consumes_1_and_2 to None, run_after=None
[2023-01-21T12:45:04.932+0000] {logging_mixin.py:137} INFO - [2023-01-21T12:45:04.932+0000] {dag.py:3427} INFO - Setting next_dagrun for dataset_consumes_1_never_scheduled to None, run_after=None
[2023-01-21T12:45:04.934+0000] {logging_mixin.py:137} INFO - [2023-01-21T12:45:04.934+0000] {dag.py:3427} INFO - Setting next_dagrun for dataset_consumes_unknown_never_scheduled to None, run_after=None
[2023-01-21T12:45:04.937+0000] {logging_mixin.py:137} INFO - [2023-01-21T12:45:04.937+0000] {dag.py:3427} INFO - Setting next_dagrun for dataset_produces_1 to 2023-01-20T00:00:00+00:00, run_after=2023-01-21T00:00:00+00:00
[2023-01-21T12:45:04.939+0000] {logging_mixin.py:137} INFO - [2023-01-21T12:45:04.939+0000] {dag.py:3427} INFO - Setting next_dagrun for dataset_produces_2 to None, run_after=None
[2023-01-21T12:45:04.985+0000] {processor.py:175} INFO - Processing /home/airflow/.local/lib/python3.7/site-packages/airflow/example_dags/example_datasets.py took 0.188 seconds
[2023-01-21T12:45:35.173+0000] {processor.py:153} INFO - Started process (PID=752) to work on /home/airflow/.local/lib/python3.7/site-packages/airflow/example_dags/example_datasets.py
[2023-01-21T12:45:35.174+0000] {processor.py:743} INFO - Processing file /home/airflow/.local/lib/python3.7/site-packages/airflow/example_dags/example_datasets.py for tasks to queue
[2023-01-21T12:45:35.175+0000] {logging_mixin.py:137} INFO - [2023-01-21T12:45:35.175+0000] {dagbag.py:538} INFO - Filling up the DagBag from /home/airflow/.local/lib/python3.7/site-packages/airflow/example_dags/example_datasets.py
[2023-01-21T12:45:35.198+0000] {processor.py:753} INFO - DAG(s) dict_keys(['dataset_consumes_unknown_never_scheduled', 'dataset_produces_1', 'dataset_consumes_1_and_2', 'dataset_consumes_1_never_scheduled', 'dataset_consumes_1', 'dataset_produces_2']) retrieved from /home/airflow/.local/lib/python3.7/site-packages/airflow/example_dags/example_datasets.py
[2023-01-21T12:45:35.264+0000] {logging_mixin.py:137} INFO - [2023-01-21T12:45:35.264+0000] {dag.py:2676} INFO - Sync 6 DAGs
[2023-01-21T12:45:35.295+0000] {logging_mixin.py:137} INFO - [2023-01-21T12:45:35.295+0000] {dag.py:3427} INFO - Setting next_dagrun for dataset_consumes_1 to None, run_after=None
[2023-01-21T12:45:35.300+0000] {logging_mixin.py:137} INFO - [2023-01-21T12:45:35.300+0000] {dag.py:3427} INFO - Setting next_dagrun for dataset_consumes_1_and_2 to None, run_after=None
[2023-01-21T12:45:35.301+0000] {logging_mixin.py:137} INFO - [2023-01-21T12:45:35.301+0000] {dag.py:3427} INFO - Setting next_dagrun for dataset_consumes_1_never_scheduled to None, run_after=None
[2023-01-21T12:45:35.303+0000] {logging_mixin.py:137} INFO - [2023-01-21T12:45:35.302+0000] {dag.py:3427} INFO - Setting next_dagrun for dataset_consumes_unknown_never_scheduled to None, run_after=None
[2023-01-21T12:45:35.306+0000] {logging_mixin.py:137} INFO - [2023-01-21T12:45:35.306+0000] {dag.py:3427} INFO - Setting next_dagrun for dataset_produces_1 to 2023-01-20T00:00:00+00:00, run_after=2023-01-21T00:00:00+00:00
[2023-01-21T12:45:35.308+0000] {logging_mixin.py:137} INFO - [2023-01-21T12:45:35.308+0000] {dag.py:3427} INFO - Setting next_dagrun for dataset_produces_2 to None, run_after=None
[2023-01-21T12:45:35.351+0000] {processor.py:175} INFO - Processing /home/airflow/.local/lib/python3.7/site-packages/airflow/example_dags/example_datasets.py took 0.183 seconds
[2023-01-21T12:46:06.388+0000] {processor.py:153} INFO - Started process (PID=832) to work on /home/airflow/.local/lib/python3.7/site-packages/airflow/example_dags/example_datasets.py
[2023-01-21T12:46:06.401+0000] {processor.py:743} INFO - Processing file /home/airflow/.local/lib/python3.7/site-packages/airflow/example_dags/example_datasets.py for tasks to queue
[2023-01-21T12:46:06.402+0000] {logging_mixin.py:137} INFO - [2023-01-21T12:46:06.402+0000] {dagbag.py:538} INFO - Filling up the DagBag from /home/airflow/.local/lib/python3.7/site-packages/airflow/example_dags/example_datasets.py
[2023-01-21T12:46:06.446+0000] {processor.py:753} INFO - DAG(s) dict_keys(['dataset_consumes_unknown_never_scheduled', 'dataset_consumes_1_never_scheduled', 'dataset_produces_1', 'dataset_produces_2', 'dataset_consumes_1', 'dataset_consumes_1_and_2']) retrieved from /home/airflow/.local/lib/python3.7/site-packages/airflow/example_dags/example_datasets.py
[2023-01-21T12:46:06.726+0000] {logging_mixin.py:137} INFO - [2023-01-21T12:46:06.726+0000] {dag.py:2676} INFO - Sync 6 DAGs
[2023-01-21T12:46:06.875+0000] {logging_mixin.py:137} INFO - [2023-01-21T12:46:06.875+0000] {dag.py:3427} INFO - Setting next_dagrun for dataset_consumes_1 to None, run_after=None
[2023-01-21T12:46:06.896+0000] {logging_mixin.py:137} INFO - [2023-01-21T12:46:06.896+0000] {dag.py:3427} INFO - Setting next_dagrun for dataset_consumes_1_and_2 to None, run_after=None
[2023-01-21T12:46:06.902+0000] {logging_mixin.py:137} INFO - [2023-01-21T12:46:06.901+0000] {dag.py:3427} INFO - Setting next_dagrun for dataset_consumes_1_never_scheduled to None, run_after=None
[2023-01-21T12:46:06.905+0000] {logging_mixin.py:137} INFO - [2023-01-21T12:46:06.904+0000] {dag.py:3427} INFO - Setting next_dagrun for dataset_consumes_unknown_never_scheduled to None, run_after=None
[2023-01-21T12:46:06.918+0000] {logging_mixin.py:137} INFO - [2023-01-21T12:46:06.917+0000] {dag.py:3427} INFO - Setting next_dagrun for dataset_produces_1 to 2023-01-20T00:00:00+00:00, run_after=2023-01-21T00:00:00+00:00
[2023-01-21T12:46:06.922+0000] {logging_mixin.py:137} INFO - [2023-01-21T12:46:06.922+0000] {dag.py:3427} INFO - Setting next_dagrun for dataset_produces_2 to None, run_after=None
[2023-01-21T12:46:07.130+0000] {processor.py:175} INFO - Processing /home/airflow/.local/lib/python3.7/site-packages/airflow/example_dags/example_datasets.py took 0.758 seconds
[2023-01-21T12:46:37.861+0000] {processor.py:153} INFO - Started process (PID=913) to work on /home/airflow/.local/lib/python3.7/site-packages/airflow/example_dags/example_datasets.py
[2023-01-21T12:46:37.863+0000] {processor.py:743} INFO - Processing file /home/airflow/.local/lib/python3.7/site-packages/airflow/example_dags/example_datasets.py for tasks to queue
[2023-01-21T12:46:37.863+0000] {logging_mixin.py:137} INFO - [2023-01-21T12:46:37.863+0000] {dagbag.py:538} INFO - Filling up the DagBag from /home/airflow/.local/lib/python3.7/site-packages/airflow/example_dags/example_datasets.py
[2023-01-21T12:46:37.891+0000] {processor.py:753} INFO - DAG(s) dict_keys(['dataset_consumes_1_never_scheduled', 'dataset_consumes_unknown_never_scheduled', 'dataset_consumes_1', 'dataset_consumes_1_and_2', 'dataset_produces_1', 'dataset_produces_2']) retrieved from /home/airflow/.local/lib/python3.7/site-packages/airflow/example_dags/example_datasets.py
[2023-01-21T12:46:37.973+0000] {logging_mixin.py:137} INFO - [2023-01-21T12:46:37.973+0000] {dag.py:2676} INFO - Sync 6 DAGs
[2023-01-21T12:46:38.015+0000] {logging_mixin.py:137} INFO - [2023-01-21T12:46:38.015+0000] {dag.py:3427} INFO - Setting next_dagrun for dataset_consumes_1 to None, run_after=None
[2023-01-21T12:46:38.021+0000] {logging_mixin.py:137} INFO - [2023-01-21T12:46:38.021+0000] {dag.py:3427} INFO - Setting next_dagrun for dataset_consumes_1_and_2 to None, run_after=None
[2023-01-21T12:46:38.024+0000] {logging_mixin.py:137} INFO - [2023-01-21T12:46:38.023+0000] {dag.py:3427} INFO - Setting next_dagrun for dataset_consumes_1_never_scheduled to None, run_after=None
[2023-01-21T12:46:38.026+0000] {logging_mixin.py:137} INFO - [2023-01-21T12:46:38.026+0000] {dag.py:3427} INFO - Setting next_dagrun for dataset_consumes_unknown_never_scheduled to None, run_after=None
[2023-01-21T12:46:38.030+0000] {logging_mixin.py:137} INFO - [2023-01-21T12:46:38.030+0000] {dag.py:3427} INFO - Setting next_dagrun for dataset_produces_1 to 2023-01-20T00:00:00+00:00, run_after=2023-01-21T00:00:00+00:00
[2023-01-21T12:46:38.033+0000] {logging_mixin.py:137} INFO - [2023-01-21T12:46:38.032+0000] {dag.py:3427} INFO - Setting next_dagrun for dataset_produces_2 to None, run_after=None
[2023-01-21T12:46:38.089+0000] {processor.py:175} INFO - Processing /home/airflow/.local/lib/python3.7/site-packages/airflow/example_dags/example_datasets.py took 0.234 seconds
[2023-01-21T12:47:08.709+0000] {processor.py:153} INFO - Started process (PID=985) to work on /home/airflow/.local/lib/python3.7/site-packages/airflow/example_dags/example_datasets.py
[2023-01-21T12:47:08.710+0000] {processor.py:743} INFO - Processing file /home/airflow/.local/lib/python3.7/site-packages/airflow/example_dags/example_datasets.py for tasks to queue
[2023-01-21T12:47:08.711+0000] {logging_mixin.py:137} INFO - [2023-01-21T12:47:08.711+0000] {dagbag.py:538} INFO - Filling up the DagBag from /home/airflow/.local/lib/python3.7/site-packages/airflow/example_dags/example_datasets.py
[2023-01-21T12:47:08.731+0000] {processor.py:753} INFO - DAG(s) dict_keys(['dataset_consumes_1_never_scheduled', 'dataset_consumes_unknown_never_scheduled', 'dataset_consumes_1', 'dataset_consumes_1_and_2', 'dataset_produces_1', 'dataset_produces_2']) retrieved from /home/airflow/.local/lib/python3.7/site-packages/airflow/example_dags/example_datasets.py
[2023-01-21T12:47:08.801+0000] {logging_mixin.py:137} INFO - [2023-01-21T12:47:08.801+0000] {dag.py:2676} INFO - Sync 6 DAGs
[2023-01-21T12:47:08.834+0000] {logging_mixin.py:137} INFO - [2023-01-21T12:47:08.834+0000] {dag.py:3427} INFO - Setting next_dagrun for dataset_consumes_1 to None, run_after=None
[2023-01-21T12:47:08.839+0000] {logging_mixin.py:137} INFO - [2023-01-21T12:47:08.839+0000] {dag.py:3427} INFO - Setting next_dagrun for dataset_consumes_1_and_2 to None, run_after=None
[2023-01-21T12:47:08.841+0000] {logging_mixin.py:137} INFO - [2023-01-21T12:47:08.841+0000] {dag.py:3427} INFO - Setting next_dagrun for dataset_consumes_1_never_scheduled to None, run_after=None
[2023-01-21T12:47:08.843+0000] {logging_mixin.py:137} INFO - [2023-01-21T12:47:08.843+0000] {dag.py:3427} INFO - Setting next_dagrun for dataset_consumes_unknown_never_scheduled to None, run_after=None
[2023-01-21T12:47:08.847+0000] {logging_mixin.py:137} INFO - [2023-01-21T12:47:08.847+0000] {dag.py:3427} INFO - Setting next_dagrun for dataset_produces_1 to 2023-01-20T00:00:00+00:00, run_after=2023-01-21T00:00:00+00:00
[2023-01-21T12:47:08.849+0000] {logging_mixin.py:137} INFO - [2023-01-21T12:47:08.849+0000] {dag.py:3427} INFO - Setting next_dagrun for dataset_produces_2 to None, run_after=None
[2023-01-21T12:47:08.902+0000] {processor.py:175} INFO - Processing /home/airflow/.local/lib/python3.7/site-packages/airflow/example_dags/example_datasets.py took 0.197 seconds
[2023-01-21T12:47:39.168+0000] {processor.py:153} INFO - Started process (PID=1057) to work on /home/airflow/.local/lib/python3.7/site-packages/airflow/example_dags/example_datasets.py
[2023-01-21T12:47:39.169+0000] {processor.py:743} INFO - Processing file /home/airflow/.local/lib/python3.7/site-packages/airflow/example_dags/example_datasets.py for tasks to queue
[2023-01-21T12:47:39.170+0000] {logging_mixin.py:137} INFO - [2023-01-21T12:47:39.170+0000] {dagbag.py:538} INFO - Filling up the DagBag from /home/airflow/.local/lib/python3.7/site-packages/airflow/example_dags/example_datasets.py
[2023-01-21T12:47:39.190+0000] {processor.py:753} INFO - DAG(s) dict_keys(['dataset_produces_1', 'dataset_consumes_1_and_2', 'dataset_produces_2', 'dataset_consumes_1_never_scheduled', 'dataset_consumes_1', 'dataset_consumes_unknown_never_scheduled']) retrieved from /home/airflow/.local/lib/python3.7/site-packages/airflow/example_dags/example_datasets.py
[2023-01-21T12:47:39.262+0000] {logging_mixin.py:137} INFO - [2023-01-21T12:47:39.261+0000] {dag.py:2676} INFO - Sync 6 DAGs
[2023-01-21T12:47:39.295+0000] {logging_mixin.py:137} INFO - [2023-01-21T12:47:39.295+0000] {dag.py:3427} INFO - Setting next_dagrun for dataset_consumes_1 to None, run_after=None
[2023-01-21T12:47:39.300+0000] {logging_mixin.py:137} INFO - [2023-01-21T12:47:39.299+0000] {dag.py:3427} INFO - Setting next_dagrun for dataset_consumes_1_and_2 to None, run_after=None
[2023-01-21T12:47:39.302+0000] {logging_mixin.py:137} INFO - [2023-01-21T12:47:39.301+0000] {dag.py:3427} INFO - Setting next_dagrun for dataset_consumes_1_never_scheduled to None, run_after=None
[2023-01-21T12:47:39.303+0000] {logging_mixin.py:137} INFO - [2023-01-21T12:47:39.303+0000] {dag.py:3427} INFO - Setting next_dagrun for dataset_consumes_unknown_never_scheduled to None, run_after=None
[2023-01-21T12:47:39.309+0000] {logging_mixin.py:137} INFO - [2023-01-21T12:47:39.308+0000] {dag.py:3427} INFO - Setting next_dagrun for dataset_produces_1 to 2023-01-20T00:00:00+00:00, run_after=2023-01-21T00:00:00+00:00
[2023-01-21T12:47:39.311+0000] {logging_mixin.py:137} INFO - [2023-01-21T12:47:39.311+0000] {dag.py:3427} INFO - Setting next_dagrun for dataset_produces_2 to None, run_after=None
[2023-01-21T12:47:39.364+0000] {processor.py:175} INFO - Processing /home/airflow/.local/lib/python3.7/site-packages/airflow/example_dags/example_datasets.py took 0.200 seconds
[2023-01-21T12:48:09.850+0000] {processor.py:153} INFO - Started process (PID=1138) to work on /home/airflow/.local/lib/python3.7/site-packages/airflow/example_dags/example_datasets.py
[2023-01-21T12:48:09.851+0000] {processor.py:743} INFO - Processing file /home/airflow/.local/lib/python3.7/site-packages/airflow/example_dags/example_datasets.py for tasks to queue
[2023-01-21T12:48:09.852+0000] {logging_mixin.py:137} INFO - [2023-01-21T12:48:09.852+0000] {dagbag.py:538} INFO - Filling up the DagBag from /home/airflow/.local/lib/python3.7/site-packages/airflow/example_dags/example_datasets.py
[2023-01-21T12:48:09.874+0000] {processor.py:753} INFO - DAG(s) dict_keys(['dataset_consumes_1', 'dataset_produces_1', 'dataset_consumes_1_and_2', 'dataset_consumes_1_never_scheduled', 'dataset_consumes_unknown_never_scheduled', 'dataset_produces_2']) retrieved from /home/airflow/.local/lib/python3.7/site-packages/airflow/example_dags/example_datasets.py
[2023-01-21T12:48:09.954+0000] {logging_mixin.py:137} INFO - [2023-01-21T12:48:09.954+0000] {dag.py:2676} INFO - Sync 6 DAGs
[2023-01-21T12:48:09.995+0000] {logging_mixin.py:137} INFO - [2023-01-21T12:48:09.995+0000] {dag.py:3427} INFO - Setting next_dagrun for dataset_consumes_1 to None, run_after=None
[2023-01-21T12:48:10.000+0000] {logging_mixin.py:137} INFO - [2023-01-21T12:48:10.000+0000] {dag.py:3427} INFO - Setting next_dagrun for dataset_consumes_1_and_2 to None, run_after=None
[2023-01-21T12:48:10.001+0000] {logging_mixin.py:137} INFO - [2023-01-21T12:48:10.001+0000] {dag.py:3427} INFO - Setting next_dagrun for dataset_consumes_1_never_scheduled to None, run_after=None
[2023-01-21T12:48:10.003+0000] {logging_mixin.py:137} INFO - [2023-01-21T12:48:10.003+0000] {dag.py:3427} INFO - Setting next_dagrun for dataset_consumes_unknown_never_scheduled to None, run_after=None
[2023-01-21T12:48:10.008+0000] {logging_mixin.py:137} INFO - [2023-01-21T12:48:10.008+0000] {dag.py:3427} INFO - Setting next_dagrun for dataset_produces_1 to 2023-01-20T00:00:00+00:00, run_after=2023-01-21T00:00:00+00:00
[2023-01-21T12:48:10.010+0000] {logging_mixin.py:137} INFO - [2023-01-21T12:48:10.010+0000] {dag.py:3427} INFO - Setting next_dagrun for dataset_produces_2 to None, run_after=None
[2023-01-21T12:48:10.072+0000] {processor.py:175} INFO - Processing /home/airflow/.local/lib/python3.7/site-packages/airflow/example_dags/example_datasets.py took 0.226 seconds
