[2023-01-21T12:41:01.654+0000] {processor.py:153} INFO - Started process (PID=89) to work on /home/airflow/.local/lib/python3.7/site-packages/airflow/example_dags/example_branch_python_dop_operator_3.py
[2023-01-21T12:41:01.655+0000] {processor.py:743} INFO - Processing file /home/airflow/.local/lib/python3.7/site-packages/airflow/example_dags/example_branch_python_dop_operator_3.py for tasks to queue
[2023-01-21T12:41:01.656+0000] {logging_mixin.py:137} INFO - [2023-01-21T12:41:01.656+0000] {dagbag.py:538} INFO - Filling up the DagBag from /home/airflow/.local/lib/python3.7/site-packages/airflow/example_dags/example_branch_python_dop_operator_3.py
[2023-01-21T12:41:01.685+0000] {processor.py:753} INFO - DAG(s) dict_keys(['example_branch_dop_operator_v3']) retrieved from /home/airflow/.local/lib/python3.7/site-packages/airflow/example_dags/example_branch_python_dop_operator_3.py
[2023-01-21T12:41:01.733+0000] {logging_mixin.py:137} INFO - [2023-01-21T12:41:01.732+0000] {dag.py:2676} INFO - Sync 1 DAGs
[2023-01-21T12:41:01.773+0000] {logging_mixin.py:137} INFO - [2023-01-21T12:41:01.773+0000] {dag.py:3427} INFO - Setting next_dagrun for example_branch_dop_operator_v3 to 2023-01-21T12:40:00+00:00, run_after=2023-01-21T12:41:00+00:00
[2023-01-21T12:41:01.800+0000] {processor.py:175} INFO - Processing /home/airflow/.local/lib/python3.7/site-packages/airflow/example_dags/example_branch_python_dop_operator_3.py took 0.150 seconds
[2023-01-21T12:41:32.140+0000] {processor.py:153} INFO - Started process (PID=162) to work on /home/airflow/.local/lib/python3.7/site-packages/airflow/example_dags/example_branch_python_dop_operator_3.py
[2023-01-21T12:41:32.142+0000] {processor.py:743} INFO - Processing file /home/airflow/.local/lib/python3.7/site-packages/airflow/example_dags/example_branch_python_dop_operator_3.py for tasks to queue
[2023-01-21T12:41:32.143+0000] {logging_mixin.py:137} INFO - [2023-01-21T12:41:32.143+0000] {dagbag.py:538} INFO - Filling up the DagBag from /home/airflow/.local/lib/python3.7/site-packages/airflow/example_dags/example_branch_python_dop_operator_3.py
[2023-01-21T12:41:32.177+0000] {processor.py:753} INFO - DAG(s) dict_keys(['example_branch_dop_operator_v3']) retrieved from /home/airflow/.local/lib/python3.7/site-packages/airflow/example_dags/example_branch_python_dop_operator_3.py
[2023-01-21T12:41:32.223+0000] {logging_mixin.py:137} INFO - [2023-01-21T12:41:32.223+0000] {dag.py:2676} INFO - Sync 1 DAGs
[2023-01-21T12:41:32.264+0000] {logging_mixin.py:137} INFO - [2023-01-21T12:41:32.264+0000] {dag.py:3427} INFO - Setting next_dagrun for example_branch_dop_operator_v3 to 2023-01-21T12:40:00+00:00, run_after=2023-01-21T12:41:00+00:00
[2023-01-21T12:41:32.290+0000] {processor.py:175} INFO - Processing /home/airflow/.local/lib/python3.7/site-packages/airflow/example_dags/example_branch_python_dop_operator_3.py took 0.155 seconds
[2023-01-21T12:42:03.960+0000] {processor.py:153} INFO - Started process (PID=250) to work on /home/airflow/.local/lib/python3.7/site-packages/airflow/example_dags/example_branch_python_dop_operator_3.py
[2023-01-21T12:42:03.964+0000] {processor.py:743} INFO - Processing file /home/airflow/.local/lib/python3.7/site-packages/airflow/example_dags/example_branch_python_dop_operator_3.py for tasks to queue
[2023-01-21T12:42:03.965+0000] {logging_mixin.py:137} INFO - [2023-01-21T12:42:03.965+0000] {dagbag.py:538} INFO - Filling up the DagBag from /home/airflow/.local/lib/python3.7/site-packages/airflow/example_dags/example_branch_python_dop_operator_3.py
[2023-01-21T12:42:04.033+0000] {processor.py:753} INFO - DAG(s) dict_keys(['example_branch_dop_operator_v3']) retrieved from /home/airflow/.local/lib/python3.7/site-packages/airflow/example_dags/example_branch_python_dop_operator_3.py
[2023-01-21T12:42:04.118+0000] {logging_mixin.py:137} INFO - [2023-01-21T12:42:04.118+0000] {dag.py:2676} INFO - Sync 1 DAGs
[2023-01-21T12:42:04.182+0000] {logging_mixin.py:137} INFO - [2023-01-21T12:42:04.182+0000] {dag.py:3427} INFO - Setting next_dagrun for example_branch_dop_operator_v3 to 2023-01-21T12:41:00+00:00, run_after=2023-01-21T12:42:00+00:00
[2023-01-21T12:42:04.218+0000] {processor.py:175} INFO - Processing /home/airflow/.local/lib/python3.7/site-packages/airflow/example_dags/example_branch_python_dop_operator_3.py took 0.264 seconds
[2023-01-21T12:42:35.417+0000] {processor.py:153} INFO - Started process (PID=322) to work on /home/airflow/.local/lib/python3.7/site-packages/airflow/example_dags/example_branch_python_dop_operator_3.py
[2023-01-21T12:42:35.419+0000] {processor.py:743} INFO - Processing file /home/airflow/.local/lib/python3.7/site-packages/airflow/example_dags/example_branch_python_dop_operator_3.py for tasks to queue
[2023-01-21T12:42:35.420+0000] {logging_mixin.py:137} INFO - [2023-01-21T12:42:35.420+0000] {dagbag.py:538} INFO - Filling up the DagBag from /home/airflow/.local/lib/python3.7/site-packages/airflow/example_dags/example_branch_python_dop_operator_3.py
[2023-01-21T12:42:35.533+0000] {processor.py:753} INFO - DAG(s) dict_keys(['example_branch_dop_operator_v3']) retrieved from /home/airflow/.local/lib/python3.7/site-packages/airflow/example_dags/example_branch_python_dop_operator_3.py
[2023-01-21T12:42:35.658+0000] {logging_mixin.py:137} INFO - [2023-01-21T12:42:35.657+0000] {dag.py:2676} INFO - Sync 1 DAGs
[2023-01-21T12:42:35.802+0000] {logging_mixin.py:137} INFO - [2023-01-21T12:42:35.802+0000] {dag.py:3427} INFO - Setting next_dagrun for example_branch_dop_operator_v3 to 2023-01-21T12:41:00+00:00, run_after=2023-01-21T12:42:00+00:00
[2023-01-21T12:42:35.881+0000] {processor.py:175} INFO - Processing /home/airflow/.local/lib/python3.7/site-packages/airflow/example_dags/example_branch_python_dop_operator_3.py took 0.478 seconds
[2023-01-21T12:43:06.672+0000] {processor.py:153} INFO - Started process (PID=395) to work on /home/airflow/.local/lib/python3.7/site-packages/airflow/example_dags/example_branch_python_dop_operator_3.py
[2023-01-21T12:43:06.674+0000] {processor.py:743} INFO - Processing file /home/airflow/.local/lib/python3.7/site-packages/airflow/example_dags/example_branch_python_dop_operator_3.py for tasks to queue
[2023-01-21T12:43:06.675+0000] {logging_mixin.py:137} INFO - [2023-01-21T12:43:06.674+0000] {dagbag.py:538} INFO - Filling up the DagBag from /home/airflow/.local/lib/python3.7/site-packages/airflow/example_dags/example_branch_python_dop_operator_3.py
[2023-01-21T12:43:06.714+0000] {processor.py:753} INFO - DAG(s) dict_keys(['example_branch_dop_operator_v3']) retrieved from /home/airflow/.local/lib/python3.7/site-packages/airflow/example_dags/example_branch_python_dop_operator_3.py
[2023-01-21T12:43:06.772+0000] {logging_mixin.py:137} INFO - [2023-01-21T12:43:06.772+0000] {dag.py:2676} INFO - Sync 1 DAGs
[2023-01-21T12:43:06.814+0000] {logging_mixin.py:137} INFO - [2023-01-21T12:43:06.814+0000] {dag.py:3427} INFO - Setting next_dagrun for example_branch_dop_operator_v3 to 2023-01-21T12:42:00+00:00, run_after=2023-01-21T12:43:00+00:00
[2023-01-21T12:43:06.843+0000] {processor.py:175} INFO - Processing /home/airflow/.local/lib/python3.7/site-packages/airflow/example_dags/example_branch_python_dop_operator_3.py took 0.174 seconds
[2023-01-21T12:43:36.988+0000] {processor.py:153} INFO - Started process (PID=467) to work on /home/airflow/.local/lib/python3.7/site-packages/airflow/example_dags/example_branch_python_dop_operator_3.py
[2023-01-21T12:43:36.989+0000] {processor.py:743} INFO - Processing file /home/airflow/.local/lib/python3.7/site-packages/airflow/example_dags/example_branch_python_dop_operator_3.py for tasks to queue
[2023-01-21T12:43:36.991+0000] {logging_mixin.py:137} INFO - [2023-01-21T12:43:36.991+0000] {dagbag.py:538} INFO - Filling up the DagBag from /home/airflow/.local/lib/python3.7/site-packages/airflow/example_dags/example_branch_python_dop_operator_3.py
[2023-01-21T12:43:37.069+0000] {processor.py:753} INFO - DAG(s) dict_keys(['example_branch_dop_operator_v3']) retrieved from /home/airflow/.local/lib/python3.7/site-packages/airflow/example_dags/example_branch_python_dop_operator_3.py
[2023-01-21T12:43:37.182+0000] {logging_mixin.py:137} INFO - [2023-01-21T12:43:37.182+0000] {dag.py:2676} INFO - Sync 1 DAGs
[2023-01-21T12:43:37.251+0000] {logging_mixin.py:137} INFO - [2023-01-21T12:43:37.251+0000] {dag.py:3427} INFO - Setting next_dagrun for example_branch_dop_operator_v3 to 2023-01-21T12:42:00+00:00, run_after=2023-01-21T12:43:00+00:00
[2023-01-21T12:43:37.306+0000] {processor.py:175} INFO - Processing /home/airflow/.local/lib/python3.7/site-packages/airflow/example_dags/example_branch_python_dop_operator_3.py took 0.325 seconds
[2023-01-21T12:44:07.500+0000] {processor.py:153} INFO - Started process (PID=539) to work on /home/airflow/.local/lib/python3.7/site-packages/airflow/example_dags/example_branch_python_dop_operator_3.py
[2023-01-21T12:44:07.501+0000] {processor.py:743} INFO - Processing file /home/airflow/.local/lib/python3.7/site-packages/airflow/example_dags/example_branch_python_dop_operator_3.py for tasks to queue
[2023-01-21T12:44:07.502+0000] {logging_mixin.py:137} INFO - [2023-01-21T12:44:07.502+0000] {dagbag.py:538} INFO - Filling up the DagBag from /home/airflow/.local/lib/python3.7/site-packages/airflow/example_dags/example_branch_python_dop_operator_3.py
[2023-01-21T12:44:07.532+0000] {processor.py:753} INFO - DAG(s) dict_keys(['example_branch_dop_operator_v3']) retrieved from /home/airflow/.local/lib/python3.7/site-packages/airflow/example_dags/example_branch_python_dop_operator_3.py
[2023-01-21T12:44:07.582+0000] {logging_mixin.py:137} INFO - [2023-01-21T12:44:07.582+0000] {dag.py:2676} INFO - Sync 1 DAGs
[2023-01-21T12:44:07.621+0000] {logging_mixin.py:137} INFO - [2023-01-21T12:44:07.621+0000] {dag.py:3427} INFO - Setting next_dagrun for example_branch_dop_operator_v3 to 2023-01-21T12:43:00+00:00, run_after=2023-01-21T12:44:00+00:00
[2023-01-21T12:44:07.650+0000] {processor.py:175} INFO - Processing /home/airflow/.local/lib/python3.7/site-packages/airflow/example_dags/example_branch_python_dop_operator_3.py took 0.154 seconds
[2023-01-21T12:44:37.973+0000] {processor.py:153} INFO - Started process (PID=627) to work on /home/airflow/.local/lib/python3.7/site-packages/airflow/example_dags/example_branch_python_dop_operator_3.py
[2023-01-21T12:44:37.978+0000] {processor.py:743} INFO - Processing file /home/airflow/.local/lib/python3.7/site-packages/airflow/example_dags/example_branch_python_dop_operator_3.py for tasks to queue
[2023-01-21T12:44:37.979+0000] {logging_mixin.py:137} INFO - [2023-01-21T12:44:37.979+0000] {dagbag.py:538} INFO - Filling up the DagBag from /home/airflow/.local/lib/python3.7/site-packages/airflow/example_dags/example_branch_python_dop_operator_3.py
[2023-01-21T12:44:38.009+0000] {processor.py:753} INFO - DAG(s) dict_keys(['example_branch_dop_operator_v3']) retrieved from /home/airflow/.local/lib/python3.7/site-packages/airflow/example_dags/example_branch_python_dop_operator_3.py
[2023-01-21T12:44:38.054+0000] {logging_mixin.py:137} INFO - [2023-01-21T12:44:38.053+0000] {dag.py:2676} INFO - Sync 1 DAGs
[2023-01-21T12:44:38.096+0000] {logging_mixin.py:137} INFO - [2023-01-21T12:44:38.096+0000] {dag.py:3427} INFO - Setting next_dagrun for example_branch_dop_operator_v3 to 2023-01-21T12:43:00+00:00, run_after=2023-01-21T12:44:00+00:00
[2023-01-21T12:44:38.122+0000] {processor.py:175} INFO - Processing /home/airflow/.local/lib/python3.7/site-packages/airflow/example_dags/example_branch_python_dop_operator_3.py took 0.153 seconds
[2023-01-21T12:45:08.438+0000] {processor.py:153} INFO - Started process (PID=699) to work on /home/airflow/.local/lib/python3.7/site-packages/airflow/example_dags/example_branch_python_dop_operator_3.py
[2023-01-21T12:45:08.439+0000] {processor.py:743} INFO - Processing file /home/airflow/.local/lib/python3.7/site-packages/airflow/example_dags/example_branch_python_dop_operator_3.py for tasks to queue
[2023-01-21T12:45:08.440+0000] {logging_mixin.py:137} INFO - [2023-01-21T12:45:08.440+0000] {dagbag.py:538} INFO - Filling up the DagBag from /home/airflow/.local/lib/python3.7/site-packages/airflow/example_dags/example_branch_python_dop_operator_3.py
[2023-01-21T12:45:08.474+0000] {processor.py:753} INFO - DAG(s) dict_keys(['example_branch_dop_operator_v3']) retrieved from /home/airflow/.local/lib/python3.7/site-packages/airflow/example_dags/example_branch_python_dop_operator_3.py
[2023-01-21T12:45:08.535+0000] {logging_mixin.py:137} INFO - [2023-01-21T12:45:08.534+0000] {dag.py:2676} INFO - Sync 1 DAGs
[2023-01-21T12:45:08.594+0000] {logging_mixin.py:137} INFO - [2023-01-21T12:45:08.594+0000] {dag.py:3427} INFO - Setting next_dagrun for example_branch_dop_operator_v3 to 2023-01-21T12:44:00+00:00, run_after=2023-01-21T12:45:00+00:00
[2023-01-21T12:45:08.626+0000] {processor.py:175} INFO - Processing /home/airflow/.local/lib/python3.7/site-packages/airflow/example_dags/example_branch_python_dop_operator_3.py took 0.192 seconds
[2023-01-21T12:45:38.679+0000] {processor.py:153} INFO - Started process (PID=771) to work on /home/airflow/.local/lib/python3.7/site-packages/airflow/example_dags/example_branch_python_dop_operator_3.py
[2023-01-21T12:45:38.680+0000] {processor.py:743} INFO - Processing file /home/airflow/.local/lib/python3.7/site-packages/airflow/example_dags/example_branch_python_dop_operator_3.py for tasks to queue
[2023-01-21T12:45:38.681+0000] {logging_mixin.py:137} INFO - [2023-01-21T12:45:38.681+0000] {dagbag.py:538} INFO - Filling up the DagBag from /home/airflow/.local/lib/python3.7/site-packages/airflow/example_dags/example_branch_python_dop_operator_3.py
[2023-01-21T12:45:38.709+0000] {processor.py:753} INFO - DAG(s) dict_keys(['example_branch_dop_operator_v3']) retrieved from /home/airflow/.local/lib/python3.7/site-packages/airflow/example_dags/example_branch_python_dop_operator_3.py
[2023-01-21T12:45:38.755+0000] {logging_mixin.py:137} INFO - [2023-01-21T12:45:38.754+0000] {dag.py:2676} INFO - Sync 1 DAGs
[2023-01-21T12:45:38.792+0000] {logging_mixin.py:137} INFO - [2023-01-21T12:45:38.792+0000] {dag.py:3427} INFO - Setting next_dagrun for example_branch_dop_operator_v3 to 2023-01-21T12:44:00+00:00, run_after=2023-01-21T12:45:00+00:00
[2023-01-21T12:45:38.818+0000] {processor.py:175} INFO - Processing /home/airflow/.local/lib/python3.7/site-packages/airflow/example_dags/example_branch_python_dop_operator_3.py took 0.142 seconds
[2023-01-21T12:46:10.131+0000] {processor.py:153} INFO - Started process (PID=860) to work on /home/airflow/.local/lib/python3.7/site-packages/airflow/example_dags/example_branch_python_dop_operator_3.py
[2023-01-21T12:46:10.132+0000] {processor.py:743} INFO - Processing file /home/airflow/.local/lib/python3.7/site-packages/airflow/example_dags/example_branch_python_dop_operator_3.py for tasks to queue
[2023-01-21T12:46:10.133+0000] {logging_mixin.py:137} INFO - [2023-01-21T12:46:10.133+0000] {dagbag.py:538} INFO - Filling up the DagBag from /home/airflow/.local/lib/python3.7/site-packages/airflow/example_dags/example_branch_python_dop_operator_3.py
[2023-01-21T12:46:10.182+0000] {processor.py:753} INFO - DAG(s) dict_keys(['example_branch_dop_operator_v3']) retrieved from /home/airflow/.local/lib/python3.7/site-packages/airflow/example_dags/example_branch_python_dop_operator_3.py
[2023-01-21T12:46:10.250+0000] {logging_mixin.py:137} INFO - [2023-01-21T12:46:10.250+0000] {dag.py:2676} INFO - Sync 1 DAGs
[2023-01-21T12:46:10.360+0000] {logging_mixin.py:137} INFO - [2023-01-21T12:46:10.359+0000] {dag.py:3427} INFO - Setting next_dagrun for example_branch_dop_operator_v3 to 2023-01-21T12:45:00+00:00, run_after=2023-01-21T12:46:00+00:00
[2023-01-21T12:46:10.428+0000] {processor.py:175} INFO - Processing /home/airflow/.local/lib/python3.7/site-packages/airflow/example_dags/example_branch_python_dop_operator_3.py took 0.307 seconds
[2023-01-21T12:46:40.901+0000] {processor.py:153} INFO - Started process (PID=932) to work on /home/airflow/.local/lib/python3.7/site-packages/airflow/example_dags/example_branch_python_dop_operator_3.py
[2023-01-21T12:46:40.902+0000] {processor.py:743} INFO - Processing file /home/airflow/.local/lib/python3.7/site-packages/airflow/example_dags/example_branch_python_dop_operator_3.py for tasks to queue
[2023-01-21T12:46:40.903+0000] {logging_mixin.py:137} INFO - [2023-01-21T12:46:40.903+0000] {dagbag.py:538} INFO - Filling up the DagBag from /home/airflow/.local/lib/python3.7/site-packages/airflow/example_dags/example_branch_python_dop_operator_3.py
[2023-01-21T12:46:40.934+0000] {processor.py:753} INFO - DAG(s) dict_keys(['example_branch_dop_operator_v3']) retrieved from /home/airflow/.local/lib/python3.7/site-packages/airflow/example_dags/example_branch_python_dop_operator_3.py
[2023-01-21T12:46:40.979+0000] {logging_mixin.py:137} INFO - [2023-01-21T12:46:40.979+0000] {dag.py:2676} INFO - Sync 1 DAGs
[2023-01-21T12:46:41.022+0000] {logging_mixin.py:137} INFO - [2023-01-21T12:46:41.021+0000] {dag.py:3427} INFO - Setting next_dagrun for example_branch_dop_operator_v3 to 2023-01-21T12:45:00+00:00, run_after=2023-01-21T12:46:00+00:00
[2023-01-21T12:46:41.048+0000] {processor.py:175} INFO - Processing /home/airflow/.local/lib/python3.7/site-packages/airflow/example_dags/example_branch_python_dop_operator_3.py took 0.150 seconds
[2023-01-21T12:47:11.428+0000] {processor.py:153} INFO - Started process (PID=1004) to work on /home/airflow/.local/lib/python3.7/site-packages/airflow/example_dags/example_branch_python_dop_operator_3.py
[2023-01-21T12:47:11.429+0000] {processor.py:743} INFO - Processing file /home/airflow/.local/lib/python3.7/site-packages/airflow/example_dags/example_branch_python_dop_operator_3.py for tasks to queue
[2023-01-21T12:47:11.430+0000] {logging_mixin.py:137} INFO - [2023-01-21T12:47:11.429+0000] {dagbag.py:538} INFO - Filling up the DagBag from /home/airflow/.local/lib/python3.7/site-packages/airflow/example_dags/example_branch_python_dop_operator_3.py
[2023-01-21T12:47:11.461+0000] {processor.py:753} INFO - DAG(s) dict_keys(['example_branch_dop_operator_v3']) retrieved from /home/airflow/.local/lib/python3.7/site-packages/airflow/example_dags/example_branch_python_dop_operator_3.py
[2023-01-21T12:47:11.514+0000] {logging_mixin.py:137} INFO - [2023-01-21T12:47:11.513+0000] {dag.py:2676} INFO - Sync 1 DAGs
[2023-01-21T12:47:11.555+0000] {logging_mixin.py:137} INFO - [2023-01-21T12:47:11.554+0000] {dag.py:3427} INFO - Setting next_dagrun for example_branch_dop_operator_v3 to 2023-01-21T12:46:00+00:00, run_after=2023-01-21T12:47:00+00:00
[2023-01-21T12:47:11.582+0000] {processor.py:175} INFO - Processing /home/airflow/.local/lib/python3.7/site-packages/airflow/example_dags/example_branch_python_dop_operator_3.py took 0.158 seconds
[2023-01-21T12:47:41.720+0000] {processor.py:153} INFO - Started process (PID=1076) to work on /home/airflow/.local/lib/python3.7/site-packages/airflow/example_dags/example_branch_python_dop_operator_3.py
[2023-01-21T12:47:41.722+0000] {processor.py:743} INFO - Processing file /home/airflow/.local/lib/python3.7/site-packages/airflow/example_dags/example_branch_python_dop_operator_3.py for tasks to queue
[2023-01-21T12:47:41.723+0000] {logging_mixin.py:137} INFO - [2023-01-21T12:47:41.723+0000] {dagbag.py:538} INFO - Filling up the DagBag from /home/airflow/.local/lib/python3.7/site-packages/airflow/example_dags/example_branch_python_dop_operator_3.py
[2023-01-21T12:47:41.756+0000] {processor.py:753} INFO - DAG(s) dict_keys(['example_branch_dop_operator_v3']) retrieved from /home/airflow/.local/lib/python3.7/site-packages/airflow/example_dags/example_branch_python_dop_operator_3.py
[2023-01-21T12:47:41.824+0000] {logging_mixin.py:137} INFO - [2023-01-21T12:47:41.823+0000] {dag.py:2676} INFO - Sync 1 DAGs
[2023-01-21T12:47:41.887+0000] {logging_mixin.py:137} INFO - [2023-01-21T12:47:41.887+0000] {dag.py:3427} INFO - Setting next_dagrun for example_branch_dop_operator_v3 to 2023-01-21T12:46:00+00:00, run_after=2023-01-21T12:47:00+00:00
[2023-01-21T12:47:41.912+0000] {processor.py:175} INFO - Processing /home/airflow/.local/lib/python3.7/site-packages/airflow/example_dags/example_branch_python_dop_operator_3.py took 0.195 seconds
[2023-01-21T12:48:12.619+0000] {processor.py:153} INFO - Started process (PID=1164) to work on /home/airflow/.local/lib/python3.7/site-packages/airflow/example_dags/example_branch_python_dop_operator_3.py
[2023-01-21T12:48:12.621+0000] {processor.py:743} INFO - Processing file /home/airflow/.local/lib/python3.7/site-packages/airflow/example_dags/example_branch_python_dop_operator_3.py for tasks to queue
[2023-01-21T12:48:12.622+0000] {logging_mixin.py:137} INFO - [2023-01-21T12:48:12.622+0000] {dagbag.py:538} INFO - Filling up the DagBag from /home/airflow/.local/lib/python3.7/site-packages/airflow/example_dags/example_branch_python_dop_operator_3.py
[2023-01-21T12:48:12.666+0000] {processor.py:753} INFO - DAG(s) dict_keys(['example_branch_dop_operator_v3']) retrieved from /home/airflow/.local/lib/python3.7/site-packages/airflow/example_dags/example_branch_python_dop_operator_3.py
[2023-01-21T12:48:12.766+0000] {logging_mixin.py:137} INFO - [2023-01-21T12:48:12.766+0000] {dag.py:2676} INFO - Sync 1 DAGs
[2023-01-21T12:48:12.815+0000] {logging_mixin.py:137} INFO - [2023-01-21T12:48:12.815+0000] {dag.py:3427} INFO - Setting next_dagrun for example_branch_dop_operator_v3 to 2023-01-21T12:47:00+00:00, run_after=2023-01-21T12:48:00+00:00
[2023-01-21T12:48:12.842+0000] {processor.py:175} INFO - Processing /home/airflow/.local/lib/python3.7/site-packages/airflow/example_dags/example_branch_python_dop_operator_3.py took 0.226 seconds
