[2023-01-21T12:40:59.855+0000] {processor.py:153} INFO - Started process (PID=72) to work on /home/airflow/.local/lib/python3.7/site-packages/airflow/example_dags/example_skip_dag.py
[2023-01-21T12:40:59.856+0000] {processor.py:743} INFO - Processing file /home/airflow/.local/lib/python3.7/site-packages/airflow/example_dags/example_skip_dag.py for tasks to queue
[2023-01-21T12:40:59.857+0000] {logging_mixin.py:137} INFO - [2023-01-21T12:40:59.856+0000] {dagbag.py:538} INFO - Filling up the DagBag from /home/airflow/.local/lib/python3.7/site-packages/airflow/example_dags/example_skip_dag.py
[2023-01-21T12:40:59.874+0000] {processor.py:753} INFO - DAG(s) dict_keys(['example_skip_dag']) retrieved from /home/airflow/.local/lib/python3.7/site-packages/airflow/example_dags/example_skip_dag.py
[2023-01-21T12:40:59.924+0000] {logging_mixin.py:137} INFO - [2023-01-21T12:40:59.923+0000] {dag.py:2676} INFO - Sync 1 DAGs
[2023-01-21T12:40:59.969+0000] {logging_mixin.py:137} INFO - [2023-01-21T12:40:59.968+0000] {dag.py:3427} INFO - Setting next_dagrun for example_skip_dag to 2023-01-20T12:40:59.968585+00:00, run_after=2023-01-21T12:40:59.968585+00:00
[2023-01-21T12:41:00.002+0000] {processor.py:175} INFO - Processing /home/airflow/.local/lib/python3.7/site-packages/airflow/example_dags/example_skip_dag.py took 0.152 seconds
[2023-01-21T12:41:30.702+0000] {processor.py:153} INFO - Started process (PID=145) to work on /home/airflow/.local/lib/python3.7/site-packages/airflow/example_dags/example_skip_dag.py
[2023-01-21T12:41:30.703+0000] {processor.py:743} INFO - Processing file /home/airflow/.local/lib/python3.7/site-packages/airflow/example_dags/example_skip_dag.py for tasks to queue
[2023-01-21T12:41:30.704+0000] {logging_mixin.py:137} INFO - [2023-01-21T12:41:30.704+0000] {dagbag.py:538} INFO - Filling up the DagBag from /home/airflow/.local/lib/python3.7/site-packages/airflow/example_dags/example_skip_dag.py
[2023-01-21T12:41:30.721+0000] {processor.py:753} INFO - DAG(s) dict_keys(['example_skip_dag']) retrieved from /home/airflow/.local/lib/python3.7/site-packages/airflow/example_dags/example_skip_dag.py
[2023-01-21T12:41:30.764+0000] {logging_mixin.py:137} INFO - [2023-01-21T12:41:30.764+0000] {dag.py:2676} INFO - Sync 1 DAGs
[2023-01-21T12:41:30.796+0000] {logging_mixin.py:137} INFO - [2023-01-21T12:41:30.795+0000] {dag.py:3427} INFO - Setting next_dagrun for example_skip_dag to 2023-01-20T12:41:30.795592+00:00, run_after=2023-01-21T12:41:30.795592+00:00
[2023-01-21T12:41:30.821+0000] {processor.py:175} INFO - Processing /home/airflow/.local/lib/python3.7/site-packages/airflow/example_dags/example_skip_dag.py took 0.122 seconds
[2023-01-21T12:42:01.354+0000] {processor.py:153} INFO - Started process (PID=224) to work on /home/airflow/.local/lib/python3.7/site-packages/airflow/example_dags/example_skip_dag.py
[2023-01-21T12:42:01.359+0000] {processor.py:743} INFO - Processing file /home/airflow/.local/lib/python3.7/site-packages/airflow/example_dags/example_skip_dag.py for tasks to queue
[2023-01-21T12:42:01.360+0000] {logging_mixin.py:137} INFO - [2023-01-21T12:42:01.360+0000] {dagbag.py:538} INFO - Filling up the DagBag from /home/airflow/.local/lib/python3.7/site-packages/airflow/example_dags/example_skip_dag.py
[2023-01-21T12:42:01.384+0000] {processor.py:753} INFO - DAG(s) dict_keys(['example_skip_dag']) retrieved from /home/airflow/.local/lib/python3.7/site-packages/airflow/example_dags/example_skip_dag.py
[2023-01-21T12:42:01.463+0000] {logging_mixin.py:137} INFO - [2023-01-21T12:42:01.463+0000] {dag.py:2676} INFO - Sync 1 DAGs
[2023-01-21T12:42:01.513+0000] {logging_mixin.py:137} INFO - [2023-01-21T12:42:01.513+0000] {dag.py:3427} INFO - Setting next_dagrun for example_skip_dag to 2023-01-20T12:42:01.512690+00:00, run_after=2023-01-21T12:42:01.512690+00:00
[2023-01-21T12:42:01.550+0000] {processor.py:175} INFO - Processing /home/airflow/.local/lib/python3.7/site-packages/airflow/example_dags/example_skip_dag.py took 0.203 seconds
[2023-01-21T12:42:32.734+0000] {processor.py:153} INFO - Started process (PID=298) to work on /home/airflow/.local/lib/python3.7/site-packages/airflow/example_dags/example_skip_dag.py
[2023-01-21T12:42:32.748+0000] {processor.py:743} INFO - Processing file /home/airflow/.local/lib/python3.7/site-packages/airflow/example_dags/example_skip_dag.py for tasks to queue
[2023-01-21T12:42:32.749+0000] {logging_mixin.py:137} INFO - [2023-01-21T12:42:32.749+0000] {dagbag.py:538} INFO - Filling up the DagBag from /home/airflow/.local/lib/python3.7/site-packages/airflow/example_dags/example_skip_dag.py
[2023-01-21T12:42:32.787+0000] {processor.py:753} INFO - DAG(s) dict_keys(['example_skip_dag']) retrieved from /home/airflow/.local/lib/python3.7/site-packages/airflow/example_dags/example_skip_dag.py
[2023-01-21T12:42:32.917+0000] {logging_mixin.py:137} INFO - [2023-01-21T12:42:32.916+0000] {dag.py:2676} INFO - Sync 1 DAGs
[2023-01-21T12:42:33.003+0000] {logging_mixin.py:137} INFO - [2023-01-21T12:42:33.003+0000] {dag.py:3427} INFO - Setting next_dagrun for example_skip_dag to 2023-01-20T12:42:33.003347+00:00, run_after=2023-01-21T12:42:33.003347+00:00
[2023-01-21T12:42:33.065+0000] {processor.py:175} INFO - Processing /home/airflow/.local/lib/python3.7/site-packages/airflow/example_dags/example_skip_dag.py took 0.336 seconds
[2023-01-21T12:43:03.152+0000] {processor.py:153} INFO - Started process (PID=371) to work on /home/airflow/.local/lib/python3.7/site-packages/airflow/example_dags/example_skip_dag.py
[2023-01-21T12:43:03.153+0000] {processor.py:743} INFO - Processing file /home/airflow/.local/lib/python3.7/site-packages/airflow/example_dags/example_skip_dag.py for tasks to queue
[2023-01-21T12:43:03.155+0000] {logging_mixin.py:137} INFO - [2023-01-21T12:43:03.155+0000] {dagbag.py:538} INFO - Filling up the DagBag from /home/airflow/.local/lib/python3.7/site-packages/airflow/example_dags/example_skip_dag.py
[2023-01-21T12:43:03.175+0000] {processor.py:753} INFO - DAG(s) dict_keys(['example_skip_dag']) retrieved from /home/airflow/.local/lib/python3.7/site-packages/airflow/example_dags/example_skip_dag.py
[2023-01-21T12:43:03.224+0000] {logging_mixin.py:137} INFO - [2023-01-21T12:43:03.224+0000] {dag.py:2676} INFO - Sync 1 DAGs
[2023-01-21T12:43:03.261+0000] {logging_mixin.py:137} INFO - [2023-01-21T12:43:03.261+0000] {dag.py:3427} INFO - Setting next_dagrun for example_skip_dag to 2023-01-20T12:43:03.260989+00:00, run_after=2023-01-21T12:43:03.260989+00:00
[2023-01-21T12:43:03.291+0000] {processor.py:175} INFO - Processing /home/airflow/.local/lib/python3.7/site-packages/airflow/example_dags/example_skip_dag.py took 0.143 seconds
[2023-01-21T12:43:33.311+0000] {processor.py:153} INFO - Started process (PID=450) to work on /home/airflow/.local/lib/python3.7/site-packages/airflow/example_dags/example_skip_dag.py
[2023-01-21T12:43:33.312+0000] {processor.py:743} INFO - Processing file /home/airflow/.local/lib/python3.7/site-packages/airflow/example_dags/example_skip_dag.py for tasks to queue
[2023-01-21T12:43:33.313+0000] {logging_mixin.py:137} INFO - [2023-01-21T12:43:33.313+0000] {dagbag.py:538} INFO - Filling up the DagBag from /home/airflow/.local/lib/python3.7/site-packages/airflow/example_dags/example_skip_dag.py
[2023-01-21T12:43:33.330+0000] {processor.py:753} INFO - DAG(s) dict_keys(['example_skip_dag']) retrieved from /home/airflow/.local/lib/python3.7/site-packages/airflow/example_dags/example_skip_dag.py
[2023-01-21T12:43:33.377+0000] {logging_mixin.py:137} INFO - [2023-01-21T12:43:33.377+0000] {dag.py:2676} INFO - Sync 1 DAGs
[2023-01-21T12:43:33.411+0000] {logging_mixin.py:137} INFO - [2023-01-21T12:43:33.410+0000] {dag.py:3427} INFO - Setting next_dagrun for example_skip_dag to 2023-01-20T12:43:33.410647+00:00, run_after=2023-01-21T12:43:33.410647+00:00
[2023-01-21T12:43:33.442+0000] {processor.py:175} INFO - Processing /home/airflow/.local/lib/python3.7/site-packages/airflow/example_dags/example_skip_dag.py took 0.134 seconds
[2023-01-21T12:44:04.024+0000] {processor.py:153} INFO - Started process (PID=522) to work on /home/airflow/.local/lib/python3.7/site-packages/airflow/example_dags/example_skip_dag.py
[2023-01-21T12:44:04.025+0000] {processor.py:743} INFO - Processing file /home/airflow/.local/lib/python3.7/site-packages/airflow/example_dags/example_skip_dag.py for tasks to queue
[2023-01-21T12:44:04.026+0000] {logging_mixin.py:137} INFO - [2023-01-21T12:44:04.025+0000] {dagbag.py:538} INFO - Filling up the DagBag from /home/airflow/.local/lib/python3.7/site-packages/airflow/example_dags/example_skip_dag.py
[2023-01-21T12:44:04.042+0000] {processor.py:753} INFO - DAG(s) dict_keys(['example_skip_dag']) retrieved from /home/airflow/.local/lib/python3.7/site-packages/airflow/example_dags/example_skip_dag.py
[2023-01-21T12:44:04.099+0000] {logging_mixin.py:137} INFO - [2023-01-21T12:44:04.099+0000] {dag.py:2676} INFO - Sync 1 DAGs
[2023-01-21T12:44:04.139+0000] {logging_mixin.py:137} INFO - [2023-01-21T12:44:04.138+0000] {dag.py:3427} INFO - Setting next_dagrun for example_skip_dag to 2023-01-20T12:44:04.138588+00:00, run_after=2023-01-21T12:44:04.138588+00:00
[2023-01-21T12:44:04.169+0000] {processor.py:175} INFO - Processing /home/airflow/.local/lib/python3.7/site-packages/airflow/example_dags/example_skip_dag.py took 0.149 seconds
[2023-01-21T12:44:34.249+0000] {processor.py:153} INFO - Started process (PID=594) to work on /home/airflow/.local/lib/python3.7/site-packages/airflow/example_dags/example_skip_dag.py
[2023-01-21T12:44:34.250+0000] {processor.py:743} INFO - Processing file /home/airflow/.local/lib/python3.7/site-packages/airflow/example_dags/example_skip_dag.py for tasks to queue
[2023-01-21T12:44:34.252+0000] {logging_mixin.py:137} INFO - [2023-01-21T12:44:34.251+0000] {dagbag.py:538} INFO - Filling up the DagBag from /home/airflow/.local/lib/python3.7/site-packages/airflow/example_dags/example_skip_dag.py
[2023-01-21T12:44:34.270+0000] {processor.py:753} INFO - DAG(s) dict_keys(['example_skip_dag']) retrieved from /home/airflow/.local/lib/python3.7/site-packages/airflow/example_dags/example_skip_dag.py
[2023-01-21T12:44:34.365+0000] {logging_mixin.py:137} INFO - [2023-01-21T12:44:34.364+0000] {dag.py:2676} INFO - Sync 1 DAGs
[2023-01-21T12:44:34.408+0000] {logging_mixin.py:137} INFO - [2023-01-21T12:44:34.408+0000] {dag.py:3427} INFO - Setting next_dagrun for example_skip_dag to 2023-01-20T12:44:34.408051+00:00, run_after=2023-01-21T12:44:34.408051+00:00
[2023-01-21T12:44:34.447+0000] {processor.py:175} INFO - Processing /home/airflow/.local/lib/python3.7/site-packages/airflow/example_dags/example_skip_dag.py took 0.205 seconds
[2023-01-21T12:45:05.006+0000] {processor.py:153} INFO - Started process (PID=682) to work on /home/airflow/.local/lib/python3.7/site-packages/airflow/example_dags/example_skip_dag.py
[2023-01-21T12:45:05.007+0000] {processor.py:743} INFO - Processing file /home/airflow/.local/lib/python3.7/site-packages/airflow/example_dags/example_skip_dag.py for tasks to queue
[2023-01-21T12:45:05.008+0000] {logging_mixin.py:137} INFO - [2023-01-21T12:45:05.008+0000] {dagbag.py:538} INFO - Filling up the DagBag from /home/airflow/.local/lib/python3.7/site-packages/airflow/example_dags/example_skip_dag.py
[2023-01-21T12:45:05.024+0000] {processor.py:753} INFO - DAG(s) dict_keys(['example_skip_dag']) retrieved from /home/airflow/.local/lib/python3.7/site-packages/airflow/example_dags/example_skip_dag.py
[2023-01-21T12:45:05.082+0000] {logging_mixin.py:137} INFO - [2023-01-21T12:45:05.082+0000] {dag.py:2676} INFO - Sync 1 DAGs
[2023-01-21T12:45:05.120+0000] {logging_mixin.py:137} INFO - [2023-01-21T12:45:05.119+0000] {dag.py:3427} INFO - Setting next_dagrun for example_skip_dag to 2023-01-20T12:45:05.119366+00:00, run_after=2023-01-21T12:45:05.119366+00:00
[2023-01-21T12:45:05.145+0000] {processor.py:175} INFO - Processing /home/airflow/.local/lib/python3.7/site-packages/airflow/example_dags/example_skip_dag.py took 0.143 seconds
[2023-01-21T12:45:35.374+0000] {processor.py:153} INFO - Started process (PID=754) to work on /home/airflow/.local/lib/python3.7/site-packages/airflow/example_dags/example_skip_dag.py
[2023-01-21T12:45:35.375+0000] {processor.py:743} INFO - Processing file /home/airflow/.local/lib/python3.7/site-packages/airflow/example_dags/example_skip_dag.py for tasks to queue
[2023-01-21T12:45:35.376+0000] {logging_mixin.py:137} INFO - [2023-01-21T12:45:35.376+0000] {dagbag.py:538} INFO - Filling up the DagBag from /home/airflow/.local/lib/python3.7/site-packages/airflow/example_dags/example_skip_dag.py
[2023-01-21T12:45:35.392+0000] {processor.py:753} INFO - DAG(s) dict_keys(['example_skip_dag']) retrieved from /home/airflow/.local/lib/python3.7/site-packages/airflow/example_dags/example_skip_dag.py
[2023-01-21T12:45:35.442+0000] {logging_mixin.py:137} INFO - [2023-01-21T12:45:35.441+0000] {dag.py:2676} INFO - Sync 1 DAGs
[2023-01-21T12:45:35.474+0000] {logging_mixin.py:137} INFO - [2023-01-21T12:45:35.474+0000] {dag.py:3427} INFO - Setting next_dagrun for example_skip_dag to 2023-01-20T12:45:35.474014+00:00, run_after=2023-01-21T12:45:35.474014+00:00
[2023-01-21T12:45:35.500+0000] {processor.py:175} INFO - Processing /home/airflow/.local/lib/python3.7/site-packages/airflow/example_dags/example_skip_dag.py took 0.129 seconds
[2023-01-21T12:46:07.093+0000] {processor.py:153} INFO - Started process (PID=834) to work on /home/airflow/.local/lib/python3.7/site-packages/airflow/example_dags/example_skip_dag.py
[2023-01-21T12:46:07.097+0000] {processor.py:743} INFO - Processing file /home/airflow/.local/lib/python3.7/site-packages/airflow/example_dags/example_skip_dag.py for tasks to queue
[2023-01-21T12:46:07.098+0000] {logging_mixin.py:137} INFO - [2023-01-21T12:46:07.098+0000] {dagbag.py:538} INFO - Filling up the DagBag from /home/airflow/.local/lib/python3.7/site-packages/airflow/example_dags/example_skip_dag.py
[2023-01-21T12:46:07.164+0000] {processor.py:753} INFO - DAG(s) dict_keys(['example_skip_dag']) retrieved from /home/airflow/.local/lib/python3.7/site-packages/airflow/example_dags/example_skip_dag.py
[2023-01-21T12:46:07.262+0000] {logging_mixin.py:137} INFO - [2023-01-21T12:46:07.261+0000] {dag.py:2676} INFO - Sync 1 DAGs
[2023-01-21T12:46:07.339+0000] {logging_mixin.py:137} INFO - [2023-01-21T12:46:07.338+0000] {dag.py:3427} INFO - Setting next_dagrun for example_skip_dag to 2023-01-20T12:46:07.338187+00:00, run_after=2023-01-21T12:46:07.338187+00:00
[2023-01-21T12:46:07.420+0000] {processor.py:175} INFO - Processing /home/airflow/.local/lib/python3.7/site-packages/airflow/example_dags/example_skip_dag.py took 0.344 seconds
[2023-01-21T12:46:38.064+0000] {processor.py:153} INFO - Started process (PID=915) to work on /home/airflow/.local/lib/python3.7/site-packages/airflow/example_dags/example_skip_dag.py
[2023-01-21T12:46:38.065+0000] {processor.py:743} INFO - Processing file /home/airflow/.local/lib/python3.7/site-packages/airflow/example_dags/example_skip_dag.py for tasks to queue
[2023-01-21T12:46:38.066+0000] {logging_mixin.py:137} INFO - [2023-01-21T12:46:38.066+0000] {dagbag.py:538} INFO - Filling up the DagBag from /home/airflow/.local/lib/python3.7/site-packages/airflow/example_dags/example_skip_dag.py
[2023-01-21T12:46:38.087+0000] {processor.py:753} INFO - DAG(s) dict_keys(['example_skip_dag']) retrieved from /home/airflow/.local/lib/python3.7/site-packages/airflow/example_dags/example_skip_dag.py
[2023-01-21T12:46:38.144+0000] {logging_mixin.py:137} INFO - [2023-01-21T12:46:38.144+0000] {dag.py:2676} INFO - Sync 1 DAGs
[2023-01-21T12:46:38.188+0000] {logging_mixin.py:137} INFO - [2023-01-21T12:46:38.188+0000] {dag.py:3427} INFO - Setting next_dagrun for example_skip_dag to 2023-01-20T12:46:38.188256+00:00, run_after=2023-01-21T12:46:38.188256+00:00
[2023-01-21T12:46:38.223+0000] {processor.py:175} INFO - Processing /home/airflow/.local/lib/python3.7/site-packages/airflow/example_dags/example_skip_dag.py took 0.163 seconds
[2023-01-21T12:47:08.874+0000] {processor.py:153} INFO - Started process (PID=987) to work on /home/airflow/.local/lib/python3.7/site-packages/airflow/example_dags/example_skip_dag.py
[2023-01-21T12:47:08.875+0000] {processor.py:743} INFO - Processing file /home/airflow/.local/lib/python3.7/site-packages/airflow/example_dags/example_skip_dag.py for tasks to queue
[2023-01-21T12:47:08.876+0000] {logging_mixin.py:137} INFO - [2023-01-21T12:47:08.876+0000] {dagbag.py:538} INFO - Filling up the DagBag from /home/airflow/.local/lib/python3.7/site-packages/airflow/example_dags/example_skip_dag.py
[2023-01-21T12:47:08.896+0000] {processor.py:753} INFO - DAG(s) dict_keys(['example_skip_dag']) retrieved from /home/airflow/.local/lib/python3.7/site-packages/airflow/example_dags/example_skip_dag.py
[2023-01-21T12:47:08.952+0000] {logging_mixin.py:137} INFO - [2023-01-21T12:47:08.952+0000] {dag.py:2676} INFO - Sync 1 DAGs
[2023-01-21T12:47:08.990+0000] {logging_mixin.py:137} INFO - [2023-01-21T12:47:08.990+0000] {dag.py:3427} INFO - Setting next_dagrun for example_skip_dag to 2023-01-20T12:47:08.989960+00:00, run_after=2023-01-21T12:47:08.989960+00:00
[2023-01-21T12:47:09.016+0000] {processor.py:175} INFO - Processing /home/airflow/.local/lib/python3.7/site-packages/airflow/example_dags/example_skip_dag.py took 0.147 seconds
[2023-01-21T12:47:39.339+0000] {processor.py:153} INFO - Started process (PID=1059) to work on /home/airflow/.local/lib/python3.7/site-packages/airflow/example_dags/example_skip_dag.py
[2023-01-21T12:47:39.340+0000] {processor.py:743} INFO - Processing file /home/airflow/.local/lib/python3.7/site-packages/airflow/example_dags/example_skip_dag.py for tasks to queue
[2023-01-21T12:47:39.341+0000] {logging_mixin.py:137} INFO - [2023-01-21T12:47:39.341+0000] {dagbag.py:538} INFO - Filling up the DagBag from /home/airflow/.local/lib/python3.7/site-packages/airflow/example_dags/example_skip_dag.py
[2023-01-21T12:47:39.359+0000] {processor.py:753} INFO - DAG(s) dict_keys(['example_skip_dag']) retrieved from /home/airflow/.local/lib/python3.7/site-packages/airflow/example_dags/example_skip_dag.py
[2023-01-21T12:47:39.411+0000] {logging_mixin.py:137} INFO - [2023-01-21T12:47:39.411+0000] {dag.py:2676} INFO - Sync 1 DAGs
[2023-01-21T12:47:39.444+0000] {logging_mixin.py:137} INFO - [2023-01-21T12:47:39.444+0000] {dag.py:3427} INFO - Setting next_dagrun for example_skip_dag to 2023-01-20T12:47:39.444166+00:00, run_after=2023-01-21T12:47:39.444166+00:00
[2023-01-21T12:47:39.472+0000] {processor.py:175} INFO - Processing /home/airflow/.local/lib/python3.7/site-packages/airflow/example_dags/example_skip_dag.py took 0.137 seconds
[2023-01-21T12:48:10.047+0000] {processor.py:153} INFO - Started process (PID=1140) to work on /home/airflow/.local/lib/python3.7/site-packages/airflow/example_dags/example_skip_dag.py
[2023-01-21T12:48:10.049+0000] {processor.py:743} INFO - Processing file /home/airflow/.local/lib/python3.7/site-packages/airflow/example_dags/example_skip_dag.py for tasks to queue
[2023-01-21T12:48:10.050+0000] {logging_mixin.py:137} INFO - [2023-01-21T12:48:10.050+0000] {dagbag.py:538} INFO - Filling up the DagBag from /home/airflow/.local/lib/python3.7/site-packages/airflow/example_dags/example_skip_dag.py
[2023-01-21T12:48:10.070+0000] {processor.py:753} INFO - DAG(s) dict_keys(['example_skip_dag']) retrieved from /home/airflow/.local/lib/python3.7/site-packages/airflow/example_dags/example_skip_dag.py
[2023-01-21T12:48:10.120+0000] {logging_mixin.py:137} INFO - [2023-01-21T12:48:10.120+0000] {dag.py:2676} INFO - Sync 1 DAGs
[2023-01-21T12:48:10.159+0000] {logging_mixin.py:137} INFO - [2023-01-21T12:48:10.159+0000] {dag.py:3427} INFO - Setting next_dagrun for example_skip_dag to 2023-01-20T12:48:10.159061+00:00, run_after=2023-01-21T12:48:10.159061+00:00
[2023-01-21T12:48:10.191+0000] {processor.py:175} INFO - Processing /home/airflow/.local/lib/python3.7/site-packages/airflow/example_dags/example_skip_dag.py took 0.148 seconds
