[2023-01-21T12:41:01.342+0000] {processor.py:153} INFO - Started process (PID=86) to work on /home/airflow/.local/lib/python3.7/site-packages/airflow/example_dags/example_bash_operator.py
[2023-01-21T12:41:01.343+0000] {processor.py:743} INFO - Processing file /home/airflow/.local/lib/python3.7/site-packages/airflow/example_dags/example_bash_operator.py for tasks to queue
[2023-01-21T12:41:01.344+0000] {logging_mixin.py:137} INFO - [2023-01-21T12:41:01.344+0000] {dagbag.py:538} INFO - Filling up the DagBag from /home/airflow/.local/lib/python3.7/site-packages/airflow/example_dags/example_bash_operator.py
[2023-01-21T12:41:01.377+0000] {processor.py:753} INFO - DAG(s) dict_keys(['example_bash_operator']) retrieved from /home/airflow/.local/lib/python3.7/site-packages/airflow/example_dags/example_bash_operator.py
[2023-01-21T12:41:01.462+0000] {logging_mixin.py:137} INFO - [2023-01-21T12:41:01.462+0000] {dag.py:2676} INFO - Sync 1 DAGs
[2023-01-21T12:41:01.510+0000] {logging_mixin.py:137} INFO - [2023-01-21T12:41:01.510+0000] {dag.py:3427} INFO - Setting next_dagrun for example_bash_operator to 2023-01-20T00:00:00+00:00, run_after=2023-01-21T00:00:00+00:00
[2023-01-21T12:41:01.537+0000] {processor.py:175} INFO - Processing /home/airflow/.local/lib/python3.7/site-packages/airflow/example_dags/example_bash_operator.py took 0.202 seconds
[2023-01-21T12:41:31.843+0000] {processor.py:153} INFO - Started process (PID=159) to work on /home/airflow/.local/lib/python3.7/site-packages/airflow/example_dags/example_bash_operator.py
[2023-01-21T12:41:31.844+0000] {processor.py:743} INFO - Processing file /home/airflow/.local/lib/python3.7/site-packages/airflow/example_dags/example_bash_operator.py for tasks to queue
[2023-01-21T12:41:31.845+0000] {logging_mixin.py:137} INFO - [2023-01-21T12:41:31.845+0000] {dagbag.py:538} INFO - Filling up the DagBag from /home/airflow/.local/lib/python3.7/site-packages/airflow/example_dags/example_bash_operator.py
[2023-01-21T12:41:31.873+0000] {processor.py:753} INFO - DAG(s) dict_keys(['example_bash_operator']) retrieved from /home/airflow/.local/lib/python3.7/site-packages/airflow/example_dags/example_bash_operator.py
[2023-01-21T12:41:31.942+0000] {logging_mixin.py:137} INFO - [2023-01-21T12:41:31.942+0000] {dag.py:2676} INFO - Sync 1 DAGs
[2023-01-21T12:41:31.975+0000] {logging_mixin.py:137} INFO - [2023-01-21T12:41:31.975+0000] {dag.py:3427} INFO - Setting next_dagrun for example_bash_operator to 2023-01-20T00:00:00+00:00, run_after=2023-01-21T00:00:00+00:00
[2023-01-21T12:41:32.000+0000] {processor.py:175} INFO - Processing /home/airflow/.local/lib/python3.7/site-packages/airflow/example_dags/example_bash_operator.py took 0.161 seconds
[2023-01-21T12:42:03.644+0000] {processor.py:153} INFO - Started process (PID=247) to work on /home/airflow/.local/lib/python3.7/site-packages/airflow/example_dags/example_bash_operator.py
[2023-01-21T12:42:03.645+0000] {processor.py:743} INFO - Processing file /home/airflow/.local/lib/python3.7/site-packages/airflow/example_dags/example_bash_operator.py for tasks to queue
[2023-01-21T12:42:03.646+0000] {logging_mixin.py:137} INFO - [2023-01-21T12:42:03.646+0000] {dagbag.py:538} INFO - Filling up the DagBag from /home/airflow/.local/lib/python3.7/site-packages/airflow/example_dags/example_bash_operator.py
[2023-01-21T12:42:03.679+0000] {processor.py:753} INFO - DAG(s) dict_keys(['example_bash_operator']) retrieved from /home/airflow/.local/lib/python3.7/site-packages/airflow/example_dags/example_bash_operator.py
[2023-01-21T12:42:03.762+0000] {logging_mixin.py:137} INFO - [2023-01-21T12:42:03.762+0000] {dag.py:2676} INFO - Sync 1 DAGs
[2023-01-21T12:42:03.808+0000] {logging_mixin.py:137} INFO - [2023-01-21T12:42:03.808+0000] {dag.py:3427} INFO - Setting next_dagrun for example_bash_operator to 2023-01-20T00:00:00+00:00, run_after=2023-01-21T00:00:00+00:00
[2023-01-21T12:42:03.842+0000] {processor.py:175} INFO - Processing /home/airflow/.local/lib/python3.7/site-packages/airflow/example_dags/example_bash_operator.py took 0.203 seconds
[2023-01-21T12:42:34.805+0000] {processor.py:153} INFO - Started process (PID=319) to work on /home/airflow/.local/lib/python3.7/site-packages/airflow/example_dags/example_bash_operator.py
[2023-01-21T12:42:34.818+0000] {processor.py:743} INFO - Processing file /home/airflow/.local/lib/python3.7/site-packages/airflow/example_dags/example_bash_operator.py for tasks to queue
[2023-01-21T12:42:34.819+0000] {logging_mixin.py:137} INFO - [2023-01-21T12:42:34.819+0000] {dagbag.py:538} INFO - Filling up the DagBag from /home/airflow/.local/lib/python3.7/site-packages/airflow/example_dags/example_bash_operator.py
[2023-01-21T12:42:34.917+0000] {processor.py:753} INFO - DAG(s) dict_keys(['example_bash_operator']) retrieved from /home/airflow/.local/lib/python3.7/site-packages/airflow/example_dags/example_bash_operator.py
[2023-01-21T12:42:35.144+0000] {logging_mixin.py:137} INFO - [2023-01-21T12:42:35.144+0000] {dag.py:2676} INFO - Sync 1 DAGs
[2023-01-21T12:42:35.268+0000] {logging_mixin.py:137} INFO - [2023-01-21T12:42:35.268+0000] {dag.py:3427} INFO - Setting next_dagrun for example_bash_operator to 2023-01-20T00:00:00+00:00, run_after=2023-01-21T00:00:00+00:00
[2023-01-21T12:42:35.338+0000] {processor.py:175} INFO - Processing /home/airflow/.local/lib/python3.7/site-packages/airflow/example_dags/example_bash_operator.py took 0.537 seconds
[2023-01-21T12:43:05.426+0000] {processor.py:153} INFO - Started process (PID=392) to work on /home/airflow/.local/lib/python3.7/site-packages/airflow/example_dags/example_bash_operator.py
[2023-01-21T12:43:05.427+0000] {processor.py:743} INFO - Processing file /home/airflow/.local/lib/python3.7/site-packages/airflow/example_dags/example_bash_operator.py for tasks to queue
[2023-01-21T12:43:05.428+0000] {logging_mixin.py:137} INFO - [2023-01-21T12:43:05.428+0000] {dagbag.py:538} INFO - Filling up the DagBag from /home/airflow/.local/lib/python3.7/site-packages/airflow/example_dags/example_bash_operator.py
[2023-01-21T12:43:05.460+0000] {processor.py:753} INFO - DAG(s) dict_keys(['example_bash_operator']) retrieved from /home/airflow/.local/lib/python3.7/site-packages/airflow/example_dags/example_bash_operator.py
[2023-01-21T12:43:05.546+0000] {logging_mixin.py:137} INFO - [2023-01-21T12:43:05.546+0000] {dag.py:2676} INFO - Sync 1 DAGs
[2023-01-21T12:43:05.592+0000] {logging_mixin.py:137} INFO - [2023-01-21T12:43:05.592+0000] {dag.py:3427} INFO - Setting next_dagrun for example_bash_operator to 2023-01-20T00:00:00+00:00, run_after=2023-01-21T00:00:00+00:00
[2023-01-21T12:43:05.619+0000] {processor.py:175} INFO - Processing /home/airflow/.local/lib/python3.7/site-packages/airflow/example_dags/example_bash_operator.py took 0.197 seconds
[2023-01-21T12:43:35.954+0000] {processor.py:153} INFO - Started process (PID=464) to work on /home/airflow/.local/lib/python3.7/site-packages/airflow/example_dags/example_bash_operator.py
[2023-01-21T12:43:35.970+0000] {processor.py:743} INFO - Processing file /home/airflow/.local/lib/python3.7/site-packages/airflow/example_dags/example_bash_operator.py for tasks to queue
[2023-01-21T12:43:35.971+0000] {logging_mixin.py:137} INFO - [2023-01-21T12:43:35.971+0000] {dagbag.py:538} INFO - Filling up the DagBag from /home/airflow/.local/lib/python3.7/site-packages/airflow/example_dags/example_bash_operator.py
[2023-01-21T12:43:36.017+0000] {processor.py:753} INFO - DAG(s) dict_keys(['example_bash_operator']) retrieved from /home/airflow/.local/lib/python3.7/site-packages/airflow/example_dags/example_bash_operator.py
[2023-01-21T12:43:36.126+0000] {logging_mixin.py:137} INFO - [2023-01-21T12:43:36.125+0000] {dag.py:2676} INFO - Sync 1 DAGs
[2023-01-21T12:43:36.183+0000] {logging_mixin.py:137} INFO - [2023-01-21T12:43:36.183+0000] {dag.py:3427} INFO - Setting next_dagrun for example_bash_operator to 2023-01-20T00:00:00+00:00, run_after=2023-01-21T00:00:00+00:00
[2023-01-21T12:43:36.223+0000] {processor.py:175} INFO - Processing /home/airflow/.local/lib/python3.7/site-packages/airflow/example_dags/example_bash_operator.py took 0.273 seconds
[2023-01-21T12:44:06.292+0000] {processor.py:153} INFO - Started process (PID=536) to work on /home/airflow/.local/lib/python3.7/site-packages/airflow/example_dags/example_bash_operator.py
[2023-01-21T12:44:06.295+0000] {processor.py:743} INFO - Processing file /home/airflow/.local/lib/python3.7/site-packages/airflow/example_dags/example_bash_operator.py for tasks to queue
[2023-01-21T12:44:06.296+0000] {logging_mixin.py:137} INFO - [2023-01-21T12:44:06.296+0000] {dagbag.py:538} INFO - Filling up the DagBag from /home/airflow/.local/lib/python3.7/site-packages/airflow/example_dags/example_bash_operator.py
[2023-01-21T12:44:06.323+0000] {processor.py:753} INFO - DAG(s) dict_keys(['example_bash_operator']) retrieved from /home/airflow/.local/lib/python3.7/site-packages/airflow/example_dags/example_bash_operator.py
[2023-01-21T12:44:06.395+0000] {logging_mixin.py:137} INFO - [2023-01-21T12:44:06.395+0000] {dag.py:2676} INFO - Sync 1 DAGs
[2023-01-21T12:44:06.436+0000] {logging_mixin.py:137} INFO - [2023-01-21T12:44:06.436+0000] {dag.py:3427} INFO - Setting next_dagrun for example_bash_operator to 2023-01-20T00:00:00+00:00, run_after=2023-01-21T00:00:00+00:00
[2023-01-21T12:44:06.466+0000] {processor.py:175} INFO - Processing /home/airflow/.local/lib/python3.7/site-packages/airflow/example_dags/example_bash_operator.py took 0.178 seconds
[2023-01-21T12:44:36.732+0000] {processor.py:153} INFO - Started process (PID=624) to work on /home/airflow/.local/lib/python3.7/site-packages/airflow/example_dags/example_bash_operator.py
[2023-01-21T12:44:36.733+0000] {processor.py:743} INFO - Processing file /home/airflow/.local/lib/python3.7/site-packages/airflow/example_dags/example_bash_operator.py for tasks to queue
[2023-01-21T12:44:36.734+0000] {logging_mixin.py:137} INFO - [2023-01-21T12:44:36.734+0000] {dagbag.py:538} INFO - Filling up the DagBag from /home/airflow/.local/lib/python3.7/site-packages/airflow/example_dags/example_bash_operator.py
[2023-01-21T12:44:36.766+0000] {processor.py:753} INFO - DAG(s) dict_keys(['example_bash_operator']) retrieved from /home/airflow/.local/lib/python3.7/site-packages/airflow/example_dags/example_bash_operator.py
[2023-01-21T12:44:36.857+0000] {logging_mixin.py:137} INFO - [2023-01-21T12:44:36.856+0000] {dag.py:2676} INFO - Sync 1 DAGs
[2023-01-21T12:44:36.905+0000] {logging_mixin.py:137} INFO - [2023-01-21T12:44:36.905+0000] {dag.py:3427} INFO - Setting next_dagrun for example_bash_operator to 2023-01-20T00:00:00+00:00, run_after=2023-01-21T00:00:00+00:00
[2023-01-21T12:44:36.939+0000] {processor.py:175} INFO - Processing /home/airflow/.local/lib/python3.7/site-packages/airflow/example_dags/example_bash_operator.py took 0.211 seconds
[2023-01-21T12:45:07.239+0000] {processor.py:153} INFO - Started process (PID=696) to work on /home/airflow/.local/lib/python3.7/site-packages/airflow/example_dags/example_bash_operator.py
[2023-01-21T12:45:07.241+0000] {processor.py:743} INFO - Processing file /home/airflow/.local/lib/python3.7/site-packages/airflow/example_dags/example_bash_operator.py for tasks to queue
[2023-01-21T12:45:07.241+0000] {logging_mixin.py:137} INFO - [2023-01-21T12:45:07.241+0000] {dagbag.py:538} INFO - Filling up the DagBag from /home/airflow/.local/lib/python3.7/site-packages/airflow/example_dags/example_bash_operator.py
[2023-01-21T12:45:07.269+0000] {processor.py:753} INFO - DAG(s) dict_keys(['example_bash_operator']) retrieved from /home/airflow/.local/lib/python3.7/site-packages/airflow/example_dags/example_bash_operator.py
[2023-01-21T12:45:07.337+0000] {logging_mixin.py:137} INFO - [2023-01-21T12:45:07.336+0000] {dag.py:2676} INFO - Sync 1 DAGs
[2023-01-21T12:45:07.377+0000] {logging_mixin.py:137} INFO - [2023-01-21T12:45:07.377+0000] {dag.py:3427} INFO - Setting next_dagrun for example_bash_operator to 2023-01-20T00:00:00+00:00, run_after=2023-01-21T00:00:00+00:00
[2023-01-21T12:45:07.404+0000] {processor.py:175} INFO - Processing /home/airflow/.local/lib/python3.7/site-packages/airflow/example_dags/example_bash_operator.py took 0.169 seconds
[2023-01-21T12:45:37.483+0000] {processor.py:153} INFO - Started process (PID=768) to work on /home/airflow/.local/lib/python3.7/site-packages/airflow/example_dags/example_bash_operator.py
[2023-01-21T12:45:37.485+0000] {processor.py:743} INFO - Processing file /home/airflow/.local/lib/python3.7/site-packages/airflow/example_dags/example_bash_operator.py for tasks to queue
[2023-01-21T12:45:37.485+0000] {logging_mixin.py:137} INFO - [2023-01-21T12:45:37.485+0000] {dagbag.py:538} INFO - Filling up the DagBag from /home/airflow/.local/lib/python3.7/site-packages/airflow/example_dags/example_bash_operator.py
[2023-01-21T12:45:37.516+0000] {processor.py:753} INFO - DAG(s) dict_keys(['example_bash_operator']) retrieved from /home/airflow/.local/lib/python3.7/site-packages/airflow/example_dags/example_bash_operator.py
[2023-01-21T12:45:37.582+0000] {logging_mixin.py:137} INFO - [2023-01-21T12:45:37.582+0000] {dag.py:2676} INFO - Sync 1 DAGs
[2023-01-21T12:45:37.621+0000] {logging_mixin.py:137} INFO - [2023-01-21T12:45:37.621+0000] {dag.py:3427} INFO - Setting next_dagrun for example_bash_operator to 2023-01-20T00:00:00+00:00, run_after=2023-01-21T00:00:00+00:00
[2023-01-21T12:45:37.649+0000] {processor.py:175} INFO - Processing /home/airflow/.local/lib/python3.7/site-packages/airflow/example_dags/example_bash_operator.py took 0.169 seconds
[2023-01-21T12:46:09.651+0000] {processor.py:153} INFO - Started process (PID=857) to work on /home/airflow/.local/lib/python3.7/site-packages/airflow/example_dags/example_bash_operator.py
[2023-01-21T12:46:09.684+0000] {processor.py:743} INFO - Processing file /home/airflow/.local/lib/python3.7/site-packages/airflow/example_dags/example_bash_operator.py for tasks to queue
[2023-01-21T12:46:09.688+0000] {logging_mixin.py:137} INFO - [2023-01-21T12:46:09.687+0000] {dagbag.py:538} INFO - Filling up the DagBag from /home/airflow/.local/lib/python3.7/site-packages/airflow/example_dags/example_bash_operator.py
[2023-01-21T12:46:09.744+0000] {processor.py:753} INFO - DAG(s) dict_keys(['example_bash_operator']) retrieved from /home/airflow/.local/lib/python3.7/site-packages/airflow/example_dags/example_bash_operator.py
[2023-01-21T12:46:09.864+0000] {logging_mixin.py:137} INFO - [2023-01-21T12:46:09.864+0000] {dag.py:2676} INFO - Sync 1 DAGs
[2023-01-21T12:46:09.941+0000] {logging_mixin.py:137} INFO - [2023-01-21T12:46:09.941+0000] {dag.py:3427} INFO - Setting next_dagrun for example_bash_operator to 2023-01-20T00:00:00+00:00, run_after=2023-01-21T00:00:00+00:00
[2023-01-21T12:46:10.020+0000] {processor.py:175} INFO - Processing /home/airflow/.local/lib/python3.7/site-packages/airflow/example_dags/example_bash_operator.py took 0.373 seconds
[2023-01-21T12:46:40.531+0000] {processor.py:153} INFO - Started process (PID=929) to work on /home/airflow/.local/lib/python3.7/site-packages/airflow/example_dags/example_bash_operator.py
[2023-01-21T12:46:40.533+0000] {processor.py:743} INFO - Processing file /home/airflow/.local/lib/python3.7/site-packages/airflow/example_dags/example_bash_operator.py for tasks to queue
[2023-01-21T12:46:40.534+0000] {logging_mixin.py:137} INFO - [2023-01-21T12:46:40.533+0000] {dagbag.py:538} INFO - Filling up the DagBag from /home/airflow/.local/lib/python3.7/site-packages/airflow/example_dags/example_bash_operator.py
[2023-01-21T12:46:40.575+0000] {processor.py:753} INFO - DAG(s) dict_keys(['example_bash_operator']) retrieved from /home/airflow/.local/lib/python3.7/site-packages/airflow/example_dags/example_bash_operator.py
[2023-01-21T12:46:40.644+0000] {logging_mixin.py:137} INFO - [2023-01-21T12:46:40.644+0000] {dag.py:2676} INFO - Sync 1 DAGs
[2023-01-21T12:46:40.681+0000] {logging_mixin.py:137} INFO - [2023-01-21T12:46:40.681+0000] {dag.py:3427} INFO - Setting next_dagrun for example_bash_operator to 2023-01-20T00:00:00+00:00, run_after=2023-01-21T00:00:00+00:00
[2023-01-21T12:46:40.709+0000] {processor.py:175} INFO - Processing /home/airflow/.local/lib/python3.7/site-packages/airflow/example_dags/example_bash_operator.py took 0.184 seconds
[2023-01-21T12:47:11.234+0000] {processor.py:153} INFO - Started process (PID=1001) to work on /home/airflow/.local/lib/python3.7/site-packages/airflow/example_dags/example_bash_operator.py
[2023-01-21T12:47:11.235+0000] {processor.py:743} INFO - Processing file /home/airflow/.local/lib/python3.7/site-packages/airflow/example_dags/example_bash_operator.py for tasks to queue
[2023-01-21T12:47:11.236+0000] {logging_mixin.py:137} INFO - [2023-01-21T12:47:11.236+0000] {dagbag.py:538} INFO - Filling up the DagBag from /home/airflow/.local/lib/python3.7/site-packages/airflow/example_dags/example_bash_operator.py
[2023-01-21T12:47:11.265+0000] {processor.py:753} INFO - DAG(s) dict_keys(['example_bash_operator']) retrieved from /home/airflow/.local/lib/python3.7/site-packages/airflow/example_dags/example_bash_operator.py
[2023-01-21T12:47:11.332+0000] {logging_mixin.py:137} INFO - [2023-01-21T12:47:11.332+0000] {dag.py:2676} INFO - Sync 1 DAGs
[2023-01-21T12:47:11.368+0000] {logging_mixin.py:137} INFO - [2023-01-21T12:47:11.368+0000] {dag.py:3427} INFO - Setting next_dagrun for example_bash_operator to 2023-01-20T00:00:00+00:00, run_after=2023-01-21T00:00:00+00:00
[2023-01-21T12:47:11.395+0000] {processor.py:175} INFO - Processing /home/airflow/.local/lib/python3.7/site-packages/airflow/example_dags/example_bash_operator.py took 0.164 seconds
[2023-01-21T12:47:41.526+0000] {processor.py:153} INFO - Started process (PID=1073) to work on /home/airflow/.local/lib/python3.7/site-packages/airflow/example_dags/example_bash_operator.py
[2023-01-21T12:47:41.527+0000] {processor.py:743} INFO - Processing file /home/airflow/.local/lib/python3.7/site-packages/airflow/example_dags/example_bash_operator.py for tasks to queue
[2023-01-21T12:47:41.528+0000] {logging_mixin.py:137} INFO - [2023-01-21T12:47:41.528+0000] {dagbag.py:538} INFO - Filling up the DagBag from /home/airflow/.local/lib/python3.7/site-packages/airflow/example_dags/example_bash_operator.py
[2023-01-21T12:47:41.556+0000] {processor.py:753} INFO - DAG(s) dict_keys(['example_bash_operator']) retrieved from /home/airflow/.local/lib/python3.7/site-packages/airflow/example_dags/example_bash_operator.py
[2023-01-21T12:47:41.623+0000] {logging_mixin.py:137} INFO - [2023-01-21T12:47:41.623+0000] {dag.py:2676} INFO - Sync 1 DAGs
[2023-01-21T12:47:41.657+0000] {logging_mixin.py:137} INFO - [2023-01-21T12:47:41.657+0000] {dag.py:3427} INFO - Setting next_dagrun for example_bash_operator to 2023-01-20T00:00:00+00:00, run_after=2023-01-21T00:00:00+00:00
[2023-01-21T12:47:41.681+0000] {processor.py:175} INFO - Processing /home/airflow/.local/lib/python3.7/site-packages/airflow/example_dags/example_bash_operator.py took 0.159 seconds
[2023-01-21T12:48:12.395+0000] {processor.py:153} INFO - Started process (PID=1161) to work on /home/airflow/.local/lib/python3.7/site-packages/airflow/example_dags/example_bash_operator.py
[2023-01-21T12:48:12.396+0000] {processor.py:743} INFO - Processing file /home/airflow/.local/lib/python3.7/site-packages/airflow/example_dags/example_bash_operator.py for tasks to queue
[2023-01-21T12:48:12.397+0000] {logging_mixin.py:137} INFO - [2023-01-21T12:48:12.397+0000] {dagbag.py:538} INFO - Filling up the DagBag from /home/airflow/.local/lib/python3.7/site-packages/airflow/example_dags/example_bash_operator.py
[2023-01-21T12:48:12.428+0000] {processor.py:753} INFO - DAG(s) dict_keys(['example_bash_operator']) retrieved from /home/airflow/.local/lib/python3.7/site-packages/airflow/example_dags/example_bash_operator.py
[2023-01-21T12:48:12.511+0000] {logging_mixin.py:137} INFO - [2023-01-21T12:48:12.511+0000] {dag.py:2676} INFO - Sync 1 DAGs
[2023-01-21T12:48:12.547+0000] {logging_mixin.py:137} INFO - [2023-01-21T12:48:12.547+0000] {dag.py:3427} INFO - Setting next_dagrun for example_bash_operator to 2023-01-20T00:00:00+00:00, run_after=2023-01-21T00:00:00+00:00
[2023-01-21T12:48:12.578+0000] {processor.py:175} INFO - Processing /home/airflow/.local/lib/python3.7/site-packages/airflow/example_dags/example_bash_operator.py took 0.187 seconds
