[2023-01-21T12:40:58.400+0000] {processor.py:153} INFO - Started process (PID=62) to work on /home/airflow/.local/lib/python3.7/site-packages/airflow/example_dags/example_short_circuit_operator.py
[2023-01-21T12:40:58.402+0000] {processor.py:743} INFO - Processing file /home/airflow/.local/lib/python3.7/site-packages/airflow/example_dags/example_short_circuit_operator.py for tasks to queue
[2023-01-21T12:40:58.403+0000] {logging_mixin.py:137} INFO - [2023-01-21T12:40:58.403+0000] {dagbag.py:538} INFO - Filling up the DagBag from /home/airflow/.local/lib/python3.7/site-packages/airflow/example_dags/example_short_circuit_operator.py
[2023-01-21T12:40:58.455+0000] {processor.py:753} INFO - DAG(s) dict_keys(['example_short_circuit_operator']) retrieved from /home/airflow/.local/lib/python3.7/site-packages/airflow/example_dags/example_short_circuit_operator.py
[2023-01-21T12:40:58.553+0000] {logging_mixin.py:137} INFO - [2023-01-21T12:40:58.553+0000] {dag.py:2676} INFO - Sync 1 DAGs
[2023-01-21T12:40:58.616+0000] {logging_mixin.py:137} INFO - [2023-01-21T12:40:58.616+0000] {dag.py:3427} INFO - Setting next_dagrun for example_short_circuit_operator to 2023-01-20T12:40:58.615925+00:00, run_after=2023-01-21T12:40:58.615925+00:00
[2023-01-21T12:40:58.678+0000] {processor.py:175} INFO - Processing /home/airflow/.local/lib/python3.7/site-packages/airflow/example_dags/example_short_circuit_operator.py took 0.285 seconds
[2023-01-21T12:41:28.804+0000] {processor.py:153} INFO - Started process (PID=135) to work on /home/airflow/.local/lib/python3.7/site-packages/airflow/example_dags/example_short_circuit_operator.py
[2023-01-21T12:41:28.805+0000] {processor.py:743} INFO - Processing file /home/airflow/.local/lib/python3.7/site-packages/airflow/example_dags/example_short_circuit_operator.py for tasks to queue
[2023-01-21T12:41:28.806+0000] {logging_mixin.py:137} INFO - [2023-01-21T12:41:28.805+0000] {dagbag.py:538} INFO - Filling up the DagBag from /home/airflow/.local/lib/python3.7/site-packages/airflow/example_dags/example_short_circuit_operator.py
[2023-01-21T12:41:28.824+0000] {processor.py:753} INFO - DAG(s) dict_keys(['example_short_circuit_operator']) retrieved from /home/airflow/.local/lib/python3.7/site-packages/airflow/example_dags/example_short_circuit_operator.py
[2023-01-21T12:41:28.872+0000] {logging_mixin.py:137} INFO - [2023-01-21T12:41:28.872+0000] {dag.py:2676} INFO - Sync 1 DAGs
[2023-01-21T12:41:28.905+0000] {logging_mixin.py:137} INFO - [2023-01-21T12:41:28.904+0000] {dag.py:3427} INFO - Setting next_dagrun for example_short_circuit_operator to 2023-01-20T12:41:28.904552+00:00, run_after=2023-01-21T12:41:28.904552+00:00
[2023-01-21T12:41:28.935+0000] {processor.py:175} INFO - Processing /home/airflow/.local/lib/python3.7/site-packages/airflow/example_dags/example_short_circuit_operator.py took 0.135 seconds
[2023-01-21T12:41:59.130+0000] {processor.py:153} INFO - Started process (PID=207) to work on /home/airflow/.local/lib/python3.7/site-packages/airflow/example_dags/example_short_circuit_operator.py
[2023-01-21T12:41:59.131+0000] {processor.py:743} INFO - Processing file /home/airflow/.local/lib/python3.7/site-packages/airflow/example_dags/example_short_circuit_operator.py for tasks to queue
[2023-01-21T12:41:59.132+0000] {logging_mixin.py:137} INFO - [2023-01-21T12:41:59.132+0000] {dagbag.py:538} INFO - Filling up the DagBag from /home/airflow/.local/lib/python3.7/site-packages/airflow/example_dags/example_short_circuit_operator.py
[2023-01-21T12:41:59.150+0000] {processor.py:753} INFO - DAG(s) dict_keys(['example_short_circuit_operator']) retrieved from /home/airflow/.local/lib/python3.7/site-packages/airflow/example_dags/example_short_circuit_operator.py
[2023-01-21T12:41:59.194+0000] {logging_mixin.py:137} INFO - [2023-01-21T12:41:59.194+0000] {dag.py:2676} INFO - Sync 1 DAGs
[2023-01-21T12:41:59.225+0000] {logging_mixin.py:137} INFO - [2023-01-21T12:41:59.225+0000] {dag.py:3427} INFO - Setting next_dagrun for example_short_circuit_operator to 2023-01-20T12:41:59.224729+00:00, run_after=2023-01-21T12:41:59.224729+00:00
[2023-01-21T12:41:59.250+0000] {processor.py:175} INFO - Processing /home/airflow/.local/lib/python3.7/site-packages/airflow/example_dags/example_short_circuit_operator.py took 0.123 seconds
[2023-01-21T12:42:29.974+0000] {processor.py:153} INFO - Started process (PID=286) to work on /home/airflow/.local/lib/python3.7/site-packages/airflow/example_dags/example_short_circuit_operator.py
[2023-01-21T12:42:29.975+0000] {processor.py:743} INFO - Processing file /home/airflow/.local/lib/python3.7/site-packages/airflow/example_dags/example_short_circuit_operator.py for tasks to queue
[2023-01-21T12:42:29.977+0000] {logging_mixin.py:137} INFO - [2023-01-21T12:42:29.976+0000] {dagbag.py:538} INFO - Filling up the DagBag from /home/airflow/.local/lib/python3.7/site-packages/airflow/example_dags/example_short_circuit_operator.py
[2023-01-21T12:42:30.008+0000] {processor.py:753} INFO - DAG(s) dict_keys(['example_short_circuit_operator']) retrieved from /home/airflow/.local/lib/python3.7/site-packages/airflow/example_dags/example_short_circuit_operator.py
[2023-01-21T12:42:30.074+0000] {logging_mixin.py:137} INFO - [2023-01-21T12:42:30.074+0000] {dag.py:2676} INFO - Sync 1 DAGs
[2023-01-21T12:42:30.133+0000] {logging_mixin.py:137} INFO - [2023-01-21T12:42:30.132+0000] {dag.py:3427} INFO - Setting next_dagrun for example_short_circuit_operator to 2023-01-20T12:42:30.132288+00:00, run_after=2023-01-21T12:42:30.132288+00:00
[2023-01-21T12:42:30.189+0000] {processor.py:175} INFO - Processing /home/airflow/.local/lib/python3.7/site-packages/airflow/example_dags/example_short_circuit_operator.py took 0.221 seconds
[2023-01-21T12:43:00.778+0000] {processor.py:153} INFO - Started process (PID=351) to work on /home/airflow/.local/lib/python3.7/site-packages/airflow/example_dags/example_short_circuit_operator.py
[2023-01-21T12:43:00.780+0000] {processor.py:743} INFO - Processing file /home/airflow/.local/lib/python3.7/site-packages/airflow/example_dags/example_short_circuit_operator.py for tasks to queue
[2023-01-21T12:43:00.780+0000] {logging_mixin.py:137} INFO - [2023-01-21T12:43:00.780+0000] {dagbag.py:538} INFO - Filling up the DagBag from /home/airflow/.local/lib/python3.7/site-packages/airflow/example_dags/example_short_circuit_operator.py
[2023-01-21T12:43:00.800+0000] {processor.py:753} INFO - DAG(s) dict_keys(['example_short_circuit_operator']) retrieved from /home/airflow/.local/lib/python3.7/site-packages/airflow/example_dags/example_short_circuit_operator.py
[2023-01-21T12:43:00.847+0000] {logging_mixin.py:137} INFO - [2023-01-21T12:43:00.847+0000] {dag.py:2676} INFO - Sync 1 DAGs
[2023-01-21T12:43:00.880+0000] {logging_mixin.py:137} INFO - [2023-01-21T12:43:00.879+0000] {dag.py:3427} INFO - Setting next_dagrun for example_short_circuit_operator to 2023-01-20T12:43:00.879586+00:00, run_after=2023-01-21T12:43:00.879586+00:00
[2023-01-21T12:43:00.909+0000] {processor.py:175} INFO - Processing /home/airflow/.local/lib/python3.7/site-packages/airflow/example_dags/example_short_circuit_operator.py took 0.134 seconds
[2023-01-21T12:43:31.872+0000] {processor.py:153} INFO - Started process (PID=440) to work on /home/airflow/.local/lib/python3.7/site-packages/airflow/example_dags/example_short_circuit_operator.py
[2023-01-21T12:43:31.873+0000] {processor.py:743} INFO - Processing file /home/airflow/.local/lib/python3.7/site-packages/airflow/example_dags/example_short_circuit_operator.py for tasks to queue
[2023-01-21T12:43:31.874+0000] {logging_mixin.py:137} INFO - [2023-01-21T12:43:31.874+0000] {dagbag.py:538} INFO - Filling up the DagBag from /home/airflow/.local/lib/python3.7/site-packages/airflow/example_dags/example_short_circuit_operator.py
[2023-01-21T12:43:31.904+0000] {processor.py:753} INFO - DAG(s) dict_keys(['example_short_circuit_operator']) retrieved from /home/airflow/.local/lib/python3.7/site-packages/airflow/example_dags/example_short_circuit_operator.py
[2023-01-21T12:43:31.967+0000] {logging_mixin.py:137} INFO - [2023-01-21T12:43:31.966+0000] {dag.py:2676} INFO - Sync 1 DAGs
[2023-01-21T12:43:32.005+0000] {logging_mixin.py:137} INFO - [2023-01-21T12:43:32.004+0000] {dag.py:3427} INFO - Setting next_dagrun for example_short_circuit_operator to 2023-01-20T12:43:32.004487+00:00, run_after=2023-01-21T12:43:32.004487+00:00
[2023-01-21T12:43:32.038+0000] {processor.py:175} INFO - Processing /home/airflow/.local/lib/python3.7/site-packages/airflow/example_dags/example_short_circuit_operator.py took 0.170 seconds
[2023-01-21T12:44:02.958+0000] {processor.py:153} INFO - Started process (PID=512) to work on /home/airflow/.local/lib/python3.7/site-packages/airflow/example_dags/example_short_circuit_operator.py
[2023-01-21T12:44:02.959+0000] {processor.py:743} INFO - Processing file /home/airflow/.local/lib/python3.7/site-packages/airflow/example_dags/example_short_circuit_operator.py for tasks to queue
[2023-01-21T12:44:02.960+0000] {logging_mixin.py:137} INFO - [2023-01-21T12:44:02.960+0000] {dagbag.py:538} INFO - Filling up the DagBag from /home/airflow/.local/lib/python3.7/site-packages/airflow/example_dags/example_short_circuit_operator.py
[2023-01-21T12:44:02.984+0000] {processor.py:753} INFO - DAG(s) dict_keys(['example_short_circuit_operator']) retrieved from /home/airflow/.local/lib/python3.7/site-packages/airflow/example_dags/example_short_circuit_operator.py
[2023-01-21T12:44:03.034+0000] {logging_mixin.py:137} INFO - [2023-01-21T12:44:03.034+0000] {dag.py:2676} INFO - Sync 1 DAGs
[2023-01-21T12:44:03.069+0000] {logging_mixin.py:137} INFO - [2023-01-21T12:44:03.068+0000] {dag.py:3427} INFO - Setting next_dagrun for example_short_circuit_operator to 2023-01-20T12:44:03.068572+00:00, run_after=2023-01-21T12:44:03.068572+00:00
[2023-01-21T12:44:03.095+0000] {processor.py:175} INFO - Processing /home/airflow/.local/lib/python3.7/site-packages/airflow/example_dags/example_short_circuit_operator.py took 0.140 seconds
[2023-01-21T12:44:33.305+0000] {processor.py:153} INFO - Started process (PID=584) to work on /home/airflow/.local/lib/python3.7/site-packages/airflow/example_dags/example_short_circuit_operator.py
[2023-01-21T12:44:33.307+0000] {processor.py:743} INFO - Processing file /home/airflow/.local/lib/python3.7/site-packages/airflow/example_dags/example_short_circuit_operator.py for tasks to queue
[2023-01-21T12:44:33.307+0000] {logging_mixin.py:137} INFO - [2023-01-21T12:44:33.307+0000] {dagbag.py:538} INFO - Filling up the DagBag from /home/airflow/.local/lib/python3.7/site-packages/airflow/example_dags/example_short_circuit_operator.py
[2023-01-21T12:44:33.328+0000] {processor.py:753} INFO - DAG(s) dict_keys(['example_short_circuit_operator']) retrieved from /home/airflow/.local/lib/python3.7/site-packages/airflow/example_dags/example_short_circuit_operator.py
[2023-01-21T12:44:33.377+0000] {logging_mixin.py:137} INFO - [2023-01-21T12:44:33.377+0000] {dag.py:2676} INFO - Sync 1 DAGs
[2023-01-21T12:44:33.411+0000] {logging_mixin.py:137} INFO - [2023-01-21T12:44:33.411+0000] {dag.py:3427} INFO - Setting next_dagrun for example_short_circuit_operator to 2023-01-20T12:44:33.410766+00:00, run_after=2023-01-21T12:44:33.410766+00:00
[2023-01-21T12:44:33.440+0000] {processor.py:175} INFO - Processing /home/airflow/.local/lib/python3.7/site-packages/airflow/example_dags/example_short_circuit_operator.py took 0.138 seconds
[2023-01-21T12:45:04.070+0000] {processor.py:153} INFO - Started process (PID=672) to work on /home/airflow/.local/lib/python3.7/site-packages/airflow/example_dags/example_short_circuit_operator.py
[2023-01-21T12:45:04.071+0000] {processor.py:743} INFO - Processing file /home/airflow/.local/lib/python3.7/site-packages/airflow/example_dags/example_short_circuit_operator.py for tasks to queue
[2023-01-21T12:45:04.072+0000] {logging_mixin.py:137} INFO - [2023-01-21T12:45:04.072+0000] {dagbag.py:538} INFO - Filling up the DagBag from /home/airflow/.local/lib/python3.7/site-packages/airflow/example_dags/example_short_circuit_operator.py
[2023-01-21T12:45:04.097+0000] {processor.py:753} INFO - DAG(s) dict_keys(['example_short_circuit_operator']) retrieved from /home/airflow/.local/lib/python3.7/site-packages/airflow/example_dags/example_short_circuit_operator.py
[2023-01-21T12:45:04.146+0000] {logging_mixin.py:137} INFO - [2023-01-21T12:45:04.145+0000] {dag.py:2676} INFO - Sync 1 DAGs
[2023-01-21T12:45:04.178+0000] {logging_mixin.py:137} INFO - [2023-01-21T12:45:04.178+0000] {dag.py:3427} INFO - Setting next_dagrun for example_short_circuit_operator to 2023-01-20T12:45:04.177683+00:00, run_after=2023-01-21T12:45:04.177683+00:00
[2023-01-21T12:45:04.203+0000] {processor.py:175} INFO - Processing /home/airflow/.local/lib/python3.7/site-packages/airflow/example_dags/example_short_circuit_operator.py took 0.136 seconds
[2023-01-21T12:45:34.363+0000] {processor.py:153} INFO - Started process (PID=744) to work on /home/airflow/.local/lib/python3.7/site-packages/airflow/example_dags/example_short_circuit_operator.py
[2023-01-21T12:45:34.364+0000] {processor.py:743} INFO - Processing file /home/airflow/.local/lib/python3.7/site-packages/airflow/example_dags/example_short_circuit_operator.py for tasks to queue
[2023-01-21T12:45:34.365+0000] {logging_mixin.py:137} INFO - [2023-01-21T12:45:34.364+0000] {dagbag.py:538} INFO - Filling up the DagBag from /home/airflow/.local/lib/python3.7/site-packages/airflow/example_dags/example_short_circuit_operator.py
[2023-01-21T12:45:34.384+0000] {processor.py:753} INFO - DAG(s) dict_keys(['example_short_circuit_operator']) retrieved from /home/airflow/.local/lib/python3.7/site-packages/airflow/example_dags/example_short_circuit_operator.py
[2023-01-21T12:45:34.434+0000] {logging_mixin.py:137} INFO - [2023-01-21T12:45:34.434+0000] {dag.py:2676} INFO - Sync 1 DAGs
[2023-01-21T12:45:34.465+0000] {logging_mixin.py:137} INFO - [2023-01-21T12:45:34.465+0000] {dag.py:3427} INFO - Setting next_dagrun for example_short_circuit_operator to 2023-01-20T12:45:34.465511+00:00, run_after=2023-01-21T12:45:34.465511+00:00
[2023-01-21T12:45:34.492+0000] {processor.py:175} INFO - Processing /home/airflow/.local/lib/python3.7/site-packages/airflow/example_dags/example_short_circuit_operator.py took 0.132 seconds
[2023-01-21T12:46:04.695+0000] {processor.py:153} INFO - Started process (PID=816) to work on /home/airflow/.local/lib/python3.7/site-packages/airflow/example_dags/example_short_circuit_operator.py
[2023-01-21T12:46:04.696+0000] {processor.py:743} INFO - Processing file /home/airflow/.local/lib/python3.7/site-packages/airflow/example_dags/example_short_circuit_operator.py for tasks to queue
[2023-01-21T12:46:04.697+0000] {logging_mixin.py:137} INFO - [2023-01-21T12:46:04.697+0000] {dagbag.py:538} INFO - Filling up the DagBag from /home/airflow/.local/lib/python3.7/site-packages/airflow/example_dags/example_short_circuit_operator.py
[2023-01-21T12:46:04.719+0000] {processor.py:753} INFO - DAG(s) dict_keys(['example_short_circuit_operator']) retrieved from /home/airflow/.local/lib/python3.7/site-packages/airflow/example_dags/example_short_circuit_operator.py
[2023-01-21T12:46:04.813+0000] {logging_mixin.py:137} INFO - [2023-01-21T12:46:04.813+0000] {dag.py:2676} INFO - Sync 1 DAGs
[2023-01-21T12:46:04.852+0000] {logging_mixin.py:137} INFO - [2023-01-21T12:46:04.852+0000] {dag.py:3427} INFO - Setting next_dagrun for example_short_circuit_operator to 2023-01-20T12:46:04.852428+00:00, run_after=2023-01-21T12:46:04.852428+00:00
[2023-01-21T12:46:04.888+0000] {processor.py:175} INFO - Processing /home/airflow/.local/lib/python3.7/site-packages/airflow/example_dags/example_short_circuit_operator.py took 0.198 seconds
[2023-01-21T12:46:34.911+0000] {processor.py:153} INFO - Started process (PID=888) to work on /home/airflow/.local/lib/python3.7/site-packages/airflow/example_dags/example_short_circuit_operator.py
[2023-01-21T12:46:34.912+0000] {processor.py:743} INFO - Processing file /home/airflow/.local/lib/python3.7/site-packages/airflow/example_dags/example_short_circuit_operator.py for tasks to queue
[2023-01-21T12:46:34.913+0000] {logging_mixin.py:137} INFO - [2023-01-21T12:46:34.913+0000] {dagbag.py:538} INFO - Filling up the DagBag from /home/airflow/.local/lib/python3.7/site-packages/airflow/example_dags/example_short_circuit_operator.py
[2023-01-21T12:46:34.932+0000] {processor.py:753} INFO - DAG(s) dict_keys(['example_short_circuit_operator']) retrieved from /home/airflow/.local/lib/python3.7/site-packages/airflow/example_dags/example_short_circuit_operator.py
[2023-01-21T12:46:34.977+0000] {logging_mixin.py:137} INFO - [2023-01-21T12:46:34.976+0000] {dag.py:2676} INFO - Sync 1 DAGs
[2023-01-21T12:46:35.007+0000] {logging_mixin.py:137} INFO - [2023-01-21T12:46:35.007+0000] {dag.py:3427} INFO - Setting next_dagrun for example_short_circuit_operator to 2023-01-20T12:46:35.007177+00:00, run_after=2023-01-21T12:46:35.007177+00:00
[2023-01-21T12:46:35.035+0000] {processor.py:175} INFO - Processing /home/airflow/.local/lib/python3.7/site-packages/airflow/example_dags/example_short_circuit_operator.py took 0.129 seconds
[2023-01-21T12:47:06.006+0000] {processor.py:153} INFO - Started process (PID=977) to work on /home/airflow/.local/lib/python3.7/site-packages/airflow/example_dags/example_short_circuit_operator.py
[2023-01-21T12:47:06.008+0000] {processor.py:743} INFO - Processing file /home/airflow/.local/lib/python3.7/site-packages/airflow/example_dags/example_short_circuit_operator.py for tasks to queue
[2023-01-21T12:47:06.009+0000] {logging_mixin.py:137} INFO - [2023-01-21T12:47:06.009+0000] {dagbag.py:538} INFO - Filling up the DagBag from /home/airflow/.local/lib/python3.7/site-packages/airflow/example_dags/example_short_circuit_operator.py
[2023-01-21T12:47:06.028+0000] {processor.py:753} INFO - DAG(s) dict_keys(['example_short_circuit_operator']) retrieved from /home/airflow/.local/lib/python3.7/site-packages/airflow/example_dags/example_short_circuit_operator.py
[2023-01-21T12:47:06.077+0000] {logging_mixin.py:137} INFO - [2023-01-21T12:47:06.077+0000] {dag.py:2676} INFO - Sync 1 DAGs
[2023-01-21T12:47:06.110+0000] {logging_mixin.py:137} INFO - [2023-01-21T12:47:06.110+0000] {dag.py:3427} INFO - Setting next_dagrun for example_short_circuit_operator to 2023-01-20T12:47:06.110317+00:00, run_after=2023-01-21T12:47:06.110317+00:00
[2023-01-21T12:47:06.137+0000] {processor.py:175} INFO - Processing /home/airflow/.local/lib/python3.7/site-packages/airflow/example_dags/example_short_circuit_operator.py took 0.135 seconds
[2023-01-21T12:47:36.486+0000] {processor.py:153} INFO - Started process (PID=1049) to work on /home/airflow/.local/lib/python3.7/site-packages/airflow/example_dags/example_short_circuit_operator.py
[2023-01-21T12:47:36.488+0000] {processor.py:743} INFO - Processing file /home/airflow/.local/lib/python3.7/site-packages/airflow/example_dags/example_short_circuit_operator.py for tasks to queue
[2023-01-21T12:47:36.489+0000] {logging_mixin.py:137} INFO - [2023-01-21T12:47:36.489+0000] {dagbag.py:538} INFO - Filling up the DagBag from /home/airflow/.local/lib/python3.7/site-packages/airflow/example_dags/example_short_circuit_operator.py
[2023-01-21T12:47:36.508+0000] {processor.py:753} INFO - DAG(s) dict_keys(['example_short_circuit_operator']) retrieved from /home/airflow/.local/lib/python3.7/site-packages/airflow/example_dags/example_short_circuit_operator.py
[2023-01-21T12:47:36.559+0000] {logging_mixin.py:137} INFO - [2023-01-21T12:47:36.558+0000] {dag.py:2676} INFO - Sync 1 DAGs
[2023-01-21T12:47:36.593+0000] {logging_mixin.py:137} INFO - [2023-01-21T12:47:36.593+0000] {dag.py:3427} INFO - Setting next_dagrun for example_short_circuit_operator to 2023-01-20T12:47:36.592842+00:00, run_after=2023-01-21T12:47:36.592842+00:00
[2023-01-21T12:47:36.623+0000] {processor.py:175} INFO - Processing /home/airflow/.local/lib/python3.7/site-packages/airflow/example_dags/example_short_circuit_operator.py took 0.140 seconds
[2023-01-21T12:48:06.890+0000] {processor.py:153} INFO - Started process (PID=1121) to work on /home/airflow/.local/lib/python3.7/site-packages/airflow/example_dags/example_short_circuit_operator.py
[2023-01-21T12:48:06.897+0000] {processor.py:743} INFO - Processing file /home/airflow/.local/lib/python3.7/site-packages/airflow/example_dags/example_short_circuit_operator.py for tasks to queue
[2023-01-21T12:48:06.898+0000] {logging_mixin.py:137} INFO - [2023-01-21T12:48:06.898+0000] {dagbag.py:538} INFO - Filling up the DagBag from /home/airflow/.local/lib/python3.7/site-packages/airflow/example_dags/example_short_circuit_operator.py
[2023-01-21T12:48:06.971+0000] {processor.py:753} INFO - DAG(s) dict_keys(['example_short_circuit_operator']) retrieved from /home/airflow/.local/lib/python3.7/site-packages/airflow/example_dags/example_short_circuit_operator.py
[2023-01-21T12:48:07.047+0000] {logging_mixin.py:137} INFO - [2023-01-21T12:48:07.046+0000] {dag.py:2676} INFO - Sync 1 DAGs
[2023-01-21T12:48:07.080+0000] {logging_mixin.py:137} INFO - [2023-01-21T12:48:07.080+0000] {dag.py:3427} INFO - Setting next_dagrun for example_short_circuit_operator to 2023-01-20T12:48:07.080074+00:00, run_after=2023-01-21T12:48:07.080074+00:00
[2023-01-21T12:48:07.111+0000] {processor.py:175} INFO - Processing /home/airflow/.local/lib/python3.7/site-packages/airflow/example_dags/example_short_circuit_operator.py took 0.227 seconds
