[2023-01-21T12:41:01.101+0000] {processor.py:153} INFO - Started process (PID=83) to work on /home/airflow/.local/lib/python3.7/site-packages/airflow/example_dags/example_branch_operator.py
[2023-01-21T12:41:01.101+0000] {processor.py:743} INFO - Processing file /home/airflow/.local/lib/python3.7/site-packages/airflow/example_dags/example_branch_operator.py for tasks to queue
[2023-01-21T12:41:01.102+0000] {logging_mixin.py:137} INFO - [2023-01-21T12:41:01.102+0000] {dagbag.py:538} INFO - Filling up the DagBag from /home/airflow/.local/lib/python3.7/site-packages/airflow/example_dags/example_branch_operator.py
[2023-01-21T12:41:01.128+0000] {processor.py:753} INFO - DAG(s) dict_keys(['example_branch_operator']) retrieved from /home/airflow/.local/lib/python3.7/site-packages/airflow/example_dags/example_branch_operator.py
[2023-01-21T12:41:01.183+0000] {logging_mixin.py:137} INFO - [2023-01-21T12:41:01.183+0000] {dag.py:2676} INFO - Sync 1 DAGs
[2023-01-21T12:41:01.228+0000] {logging_mixin.py:137} INFO - [2023-01-21T12:41:01.228+0000] {dag.py:3427} INFO - Setting next_dagrun for example_branch_operator to 2023-01-20T00:00:00+00:00, run_after=2023-01-21T00:00:00+00:00
[2023-01-21T12:41:01.273+0000] {processor.py:175} INFO - Processing /home/airflow/.local/lib/python3.7/site-packages/airflow/example_dags/example_branch_operator.py took 0.176 seconds
[2023-01-21T12:41:31.526+0000] {processor.py:153} INFO - Started process (PID=156) to work on /home/airflow/.local/lib/python3.7/site-packages/airflow/example_dags/example_branch_operator.py
[2023-01-21T12:41:31.527+0000] {processor.py:743} INFO - Processing file /home/airflow/.local/lib/python3.7/site-packages/airflow/example_dags/example_branch_operator.py for tasks to queue
[2023-01-21T12:41:31.528+0000] {logging_mixin.py:137} INFO - [2023-01-21T12:41:31.528+0000] {dagbag.py:538} INFO - Filling up the DagBag from /home/airflow/.local/lib/python3.7/site-packages/airflow/example_dags/example_branch_operator.py
[2023-01-21T12:41:31.550+0000] {processor.py:753} INFO - DAG(s) dict_keys(['example_branch_operator']) retrieved from /home/airflow/.local/lib/python3.7/site-packages/airflow/example_dags/example_branch_operator.py
[2023-01-21T12:41:31.600+0000] {logging_mixin.py:137} INFO - [2023-01-21T12:41:31.600+0000] {dag.py:2676} INFO - Sync 1 DAGs
[2023-01-21T12:41:31.636+0000] {logging_mixin.py:137} INFO - [2023-01-21T12:41:31.636+0000] {dag.py:3427} INFO - Setting next_dagrun for example_branch_operator to 2023-01-20T00:00:00+00:00, run_after=2023-01-21T00:00:00+00:00
[2023-01-21T12:41:31.668+0000] {processor.py:175} INFO - Processing /home/airflow/.local/lib/python3.7/site-packages/airflow/example_dags/example_branch_operator.py took 0.145 seconds
[2023-01-21T12:42:03.230+0000] {processor.py:153} INFO - Started process (PID=237) to work on /home/airflow/.local/lib/python3.7/site-packages/airflow/example_dags/example_branch_operator.py
[2023-01-21T12:42:03.232+0000] {processor.py:743} INFO - Processing file /home/airflow/.local/lib/python3.7/site-packages/airflow/example_dags/example_branch_operator.py for tasks to queue
[2023-01-21T12:42:03.233+0000] {logging_mixin.py:137} INFO - [2023-01-21T12:42:03.232+0000] {dagbag.py:538} INFO - Filling up the DagBag from /home/airflow/.local/lib/python3.7/site-packages/airflow/example_dags/example_branch_operator.py
[2023-01-21T12:42:03.277+0000] {processor.py:753} INFO - DAG(s) dict_keys(['example_branch_operator']) retrieved from /home/airflow/.local/lib/python3.7/site-packages/airflow/example_dags/example_branch_operator.py
[2023-01-21T12:42:03.381+0000] {logging_mixin.py:137} INFO - [2023-01-21T12:42:03.381+0000] {dag.py:2676} INFO - Sync 1 DAGs
[2023-01-21T12:42:03.435+0000] {logging_mixin.py:137} INFO - [2023-01-21T12:42:03.435+0000] {dag.py:3427} INFO - Setting next_dagrun for example_branch_operator to 2023-01-20T00:00:00+00:00, run_after=2023-01-21T00:00:00+00:00
[2023-01-21T12:42:03.475+0000] {processor.py:175} INFO - Processing /home/airflow/.local/lib/python3.7/site-packages/airflow/example_dags/example_branch_operator.py took 0.256 seconds
[2023-01-21T12:42:34.478+0000] {processor.py:153} INFO - Started process (PID=316) to work on /home/airflow/.local/lib/python3.7/site-packages/airflow/example_dags/example_branch_operator.py
[2023-01-21T12:42:34.479+0000] {processor.py:743} INFO - Processing file /home/airflow/.local/lib/python3.7/site-packages/airflow/example_dags/example_branch_operator.py for tasks to queue
[2023-01-21T12:42:34.480+0000] {logging_mixin.py:137} INFO - [2023-01-21T12:42:34.480+0000] {dagbag.py:538} INFO - Filling up the DagBag from /home/airflow/.local/lib/python3.7/site-packages/airflow/example_dags/example_branch_operator.py
[2023-01-21T12:42:34.509+0000] {processor.py:753} INFO - DAG(s) dict_keys(['example_branch_operator']) retrieved from /home/airflow/.local/lib/python3.7/site-packages/airflow/example_dags/example_branch_operator.py
[2023-01-21T12:42:34.567+0000] {logging_mixin.py:137} INFO - [2023-01-21T12:42:34.567+0000] {dag.py:2676} INFO - Sync 1 DAGs
[2023-01-21T12:42:34.614+0000] {logging_mixin.py:137} INFO - [2023-01-21T12:42:34.613+0000] {dag.py:3427} INFO - Setting next_dagrun for example_branch_operator to 2023-01-20T00:00:00+00:00, run_after=2023-01-21T00:00:00+00:00
[2023-01-21T12:42:34.642+0000] {processor.py:175} INFO - Processing /home/airflow/.local/lib/python3.7/site-packages/airflow/example_dags/example_branch_operator.py took 0.168 seconds
[2023-01-21T12:43:05.225+0000] {processor.py:153} INFO - Started process (PID=389) to work on /home/airflow/.local/lib/python3.7/site-packages/airflow/example_dags/example_branch_operator.py
[2023-01-21T12:43:05.226+0000] {processor.py:743} INFO - Processing file /home/airflow/.local/lib/python3.7/site-packages/airflow/example_dags/example_branch_operator.py for tasks to queue
[2023-01-21T12:43:05.227+0000] {logging_mixin.py:137} INFO - [2023-01-21T12:43:05.227+0000] {dagbag.py:538} INFO - Filling up the DagBag from /home/airflow/.local/lib/python3.7/site-packages/airflow/example_dags/example_branch_operator.py
[2023-01-21T12:43:05.255+0000] {processor.py:753} INFO - DAG(s) dict_keys(['example_branch_operator']) retrieved from /home/airflow/.local/lib/python3.7/site-packages/airflow/example_dags/example_branch_operator.py
[2023-01-21T12:43:05.312+0000] {logging_mixin.py:137} INFO - [2023-01-21T12:43:05.312+0000] {dag.py:2676} INFO - Sync 1 DAGs
[2023-01-21T12:43:05.349+0000] {logging_mixin.py:137} INFO - [2023-01-21T12:43:05.349+0000] {dag.py:3427} INFO - Setting next_dagrun for example_branch_operator to 2023-01-20T00:00:00+00:00, run_after=2023-01-21T00:00:00+00:00
[2023-01-21T12:43:05.376+0000] {processor.py:175} INFO - Processing /home/airflow/.local/lib/python3.7/site-packages/airflow/example_dags/example_branch_operator.py took 0.155 seconds
[2023-01-21T12:43:35.537+0000] {processor.py:153} INFO - Started process (PID=461) to work on /home/airflow/.local/lib/python3.7/site-packages/airflow/example_dags/example_branch_operator.py
[2023-01-21T12:43:35.539+0000] {processor.py:743} INFO - Processing file /home/airflow/.local/lib/python3.7/site-packages/airflow/example_dags/example_branch_operator.py for tasks to queue
[2023-01-21T12:43:35.541+0000] {logging_mixin.py:137} INFO - [2023-01-21T12:43:35.541+0000] {dagbag.py:538} INFO - Filling up the DagBag from /home/airflow/.local/lib/python3.7/site-packages/airflow/example_dags/example_branch_operator.py
[2023-01-21T12:43:35.574+0000] {processor.py:753} INFO - DAG(s) dict_keys(['example_branch_operator']) retrieved from /home/airflow/.local/lib/python3.7/site-packages/airflow/example_dags/example_branch_operator.py
[2023-01-21T12:43:35.646+0000] {logging_mixin.py:137} INFO - [2023-01-21T12:43:35.646+0000] {dag.py:2676} INFO - Sync 1 DAGs
[2023-01-21T12:43:35.702+0000] {logging_mixin.py:137} INFO - [2023-01-21T12:43:35.702+0000] {dag.py:3427} INFO - Setting next_dagrun for example_branch_operator to 2023-01-20T00:00:00+00:00, run_after=2023-01-21T00:00:00+00:00
[2023-01-21T12:43:35.736+0000] {processor.py:175} INFO - Processing /home/airflow/.local/lib/python3.7/site-packages/airflow/example_dags/example_branch_operator.py took 0.203 seconds
[2023-01-21T12:44:05.941+0000] {processor.py:153} INFO - Started process (PID=533) to work on /home/airflow/.local/lib/python3.7/site-packages/airflow/example_dags/example_branch_operator.py
[2023-01-21T12:44:05.942+0000] {processor.py:743} INFO - Processing file /home/airflow/.local/lib/python3.7/site-packages/airflow/example_dags/example_branch_operator.py for tasks to queue
[2023-01-21T12:44:05.943+0000] {logging_mixin.py:137} INFO - [2023-01-21T12:44:05.942+0000] {dagbag.py:538} INFO - Filling up the DagBag from /home/airflow/.local/lib/python3.7/site-packages/airflow/example_dags/example_branch_operator.py
[2023-01-21T12:44:05.968+0000] {processor.py:753} INFO - DAG(s) dict_keys(['example_branch_operator']) retrieved from /home/airflow/.local/lib/python3.7/site-packages/airflow/example_dags/example_branch_operator.py
[2023-01-21T12:44:06.024+0000] {logging_mixin.py:137} INFO - [2023-01-21T12:44:06.023+0000] {dag.py:2676} INFO - Sync 1 DAGs
[2023-01-21T12:44:06.066+0000] {logging_mixin.py:137} INFO - [2023-01-21T12:44:06.065+0000] {dag.py:3427} INFO - Setting next_dagrun for example_branch_operator to 2023-01-20T00:00:00+00:00, run_after=2023-01-21T00:00:00+00:00
[2023-01-21T12:44:06.091+0000] {processor.py:175} INFO - Processing /home/airflow/.local/lib/python3.7/site-packages/airflow/example_dags/example_branch_operator.py took 0.154 seconds
[2023-01-21T12:44:36.386+0000] {processor.py:153} INFO - Started process (PID=621) to work on /home/airflow/.local/lib/python3.7/site-packages/airflow/example_dags/example_branch_operator.py
[2023-01-21T12:44:36.387+0000] {processor.py:743} INFO - Processing file /home/airflow/.local/lib/python3.7/site-packages/airflow/example_dags/example_branch_operator.py for tasks to queue
[2023-01-21T12:44:36.388+0000] {logging_mixin.py:137} INFO - [2023-01-21T12:44:36.388+0000] {dagbag.py:538} INFO - Filling up the DagBag from /home/airflow/.local/lib/python3.7/site-packages/airflow/example_dags/example_branch_operator.py
[2023-01-21T12:44:36.410+0000] {processor.py:753} INFO - DAG(s) dict_keys(['example_branch_operator']) retrieved from /home/airflow/.local/lib/python3.7/site-packages/airflow/example_dags/example_branch_operator.py
[2023-01-21T12:44:36.466+0000] {logging_mixin.py:137} INFO - [2023-01-21T12:44:36.465+0000] {dag.py:2676} INFO - Sync 1 DAGs
[2023-01-21T12:44:36.513+0000] {logging_mixin.py:137} INFO - [2023-01-21T12:44:36.513+0000] {dag.py:3427} INFO - Setting next_dagrun for example_branch_operator to 2023-01-20T00:00:00+00:00, run_after=2023-01-21T00:00:00+00:00
[2023-01-21T12:44:36.544+0000] {processor.py:175} INFO - Processing /home/airflow/.local/lib/python3.7/site-packages/airflow/example_dags/example_branch_operator.py took 0.162 seconds
[2023-01-21T12:45:06.949+0000] {processor.py:153} INFO - Started process (PID=693) to work on /home/airflow/.local/lib/python3.7/site-packages/airflow/example_dags/example_branch_operator.py
[2023-01-21T12:45:06.950+0000] {processor.py:743} INFO - Processing file /home/airflow/.local/lib/python3.7/site-packages/airflow/example_dags/example_branch_operator.py for tasks to queue
[2023-01-21T12:45:06.951+0000] {logging_mixin.py:137} INFO - [2023-01-21T12:45:06.950+0000] {dagbag.py:538} INFO - Filling up the DagBag from /home/airflow/.local/lib/python3.7/site-packages/airflow/example_dags/example_branch_operator.py
[2023-01-21T12:45:06.970+0000] {processor.py:753} INFO - DAG(s) dict_keys(['example_branch_operator']) retrieved from /home/airflow/.local/lib/python3.7/site-packages/airflow/example_dags/example_branch_operator.py
[2023-01-21T12:45:07.017+0000] {logging_mixin.py:137} INFO - [2023-01-21T12:45:07.017+0000] {dag.py:2676} INFO - Sync 1 DAGs
[2023-01-21T12:45:07.051+0000] {logging_mixin.py:137} INFO - [2023-01-21T12:45:07.050+0000] {dag.py:3427} INFO - Setting next_dagrun for example_branch_operator to 2023-01-20T00:00:00+00:00, run_after=2023-01-21T00:00:00+00:00
[2023-01-21T12:45:07.076+0000] {processor.py:175} INFO - Processing /home/airflow/.local/lib/python3.7/site-packages/airflow/example_dags/example_branch_operator.py took 0.131 seconds
[2023-01-21T12:45:37.201+0000] {processor.py:153} INFO - Started process (PID=765) to work on /home/airflow/.local/lib/python3.7/site-packages/airflow/example_dags/example_branch_operator.py
[2023-01-21T12:45:37.202+0000] {processor.py:743} INFO - Processing file /home/airflow/.local/lib/python3.7/site-packages/airflow/example_dags/example_branch_operator.py for tasks to queue
[2023-01-21T12:45:37.203+0000] {logging_mixin.py:137} INFO - [2023-01-21T12:45:37.202+0000] {dagbag.py:538} INFO - Filling up the DagBag from /home/airflow/.local/lib/python3.7/site-packages/airflow/example_dags/example_branch_operator.py
[2023-01-21T12:45:37.226+0000] {processor.py:753} INFO - DAG(s) dict_keys(['example_branch_operator']) retrieved from /home/airflow/.local/lib/python3.7/site-packages/airflow/example_dags/example_branch_operator.py
[2023-01-21T12:45:37.275+0000] {logging_mixin.py:137} INFO - [2023-01-21T12:45:37.275+0000] {dag.py:2676} INFO - Sync 1 DAGs
[2023-01-21T12:45:37.312+0000] {logging_mixin.py:137} INFO - [2023-01-21T12:45:37.311+0000] {dag.py:3427} INFO - Setting next_dagrun for example_branch_operator to 2023-01-20T00:00:00+00:00, run_after=2023-01-21T00:00:00+00:00
[2023-01-21T12:45:37.337+0000] {processor.py:175} INFO - Processing /home/airflow/.local/lib/python3.7/site-packages/airflow/example_dags/example_branch_operator.py took 0.140 seconds
[2023-01-21T12:46:08.763+0000] {processor.py:153} INFO - Started process (PID=847) to work on /home/airflow/.local/lib/python3.7/site-packages/airflow/example_dags/example_branch_operator.py
[2023-01-21T12:46:08.768+0000] {processor.py:743} INFO - Processing file /home/airflow/.local/lib/python3.7/site-packages/airflow/example_dags/example_branch_operator.py for tasks to queue
[2023-01-21T12:46:08.770+0000] {logging_mixin.py:137} INFO - [2023-01-21T12:46:08.770+0000] {dagbag.py:538} INFO - Filling up the DagBag from /home/airflow/.local/lib/python3.7/site-packages/airflow/example_dags/example_branch_operator.py
[2023-01-21T12:46:08.812+0000] {processor.py:753} INFO - DAG(s) dict_keys(['example_branch_operator']) retrieved from /home/airflow/.local/lib/python3.7/site-packages/airflow/example_dags/example_branch_operator.py
[2023-01-21T12:46:08.998+0000] {logging_mixin.py:137} INFO - [2023-01-21T12:46:08.998+0000] {dag.py:2676} INFO - Sync 1 DAGs
[2023-01-21T12:46:09.109+0000] {logging_mixin.py:137} INFO - [2023-01-21T12:46:09.109+0000] {dag.py:3427} INFO - Setting next_dagrun for example_branch_operator to 2023-01-20T00:00:00+00:00, run_after=2023-01-21T00:00:00+00:00
[2023-01-21T12:46:09.196+0000] {processor.py:175} INFO - Processing /home/airflow/.local/lib/python3.7/site-packages/airflow/example_dags/example_branch_operator.py took 0.444 seconds
[2023-01-21T12:46:39.260+0000] {processor.py:153} INFO - Started process (PID=926) to work on /home/airflow/.local/lib/python3.7/site-packages/airflow/example_dags/example_branch_operator.py
[2023-01-21T12:46:39.261+0000] {processor.py:743} INFO - Processing file /home/airflow/.local/lib/python3.7/site-packages/airflow/example_dags/example_branch_operator.py for tasks to queue
[2023-01-21T12:46:39.262+0000] {logging_mixin.py:137} INFO - [2023-01-21T12:46:39.262+0000] {dagbag.py:538} INFO - Filling up the DagBag from /home/airflow/.local/lib/python3.7/site-packages/airflow/example_dags/example_branch_operator.py
[2023-01-21T12:46:39.283+0000] {processor.py:753} INFO - DAG(s) dict_keys(['example_branch_operator']) retrieved from /home/airflow/.local/lib/python3.7/site-packages/airflow/example_dags/example_branch_operator.py
[2023-01-21T12:46:39.331+0000] {logging_mixin.py:137} INFO - [2023-01-21T12:46:39.331+0000] {dag.py:2676} INFO - Sync 1 DAGs
[2023-01-21T12:46:39.365+0000] {logging_mixin.py:137} INFO - [2023-01-21T12:46:39.364+0000] {dag.py:3427} INFO - Setting next_dagrun for example_branch_operator to 2023-01-20T00:00:00+00:00, run_after=2023-01-21T00:00:00+00:00
[2023-01-21T12:46:39.392+0000] {processor.py:175} INFO - Processing /home/airflow/.local/lib/python3.7/site-packages/airflow/example_dags/example_branch_operator.py took 0.136 seconds
[2023-01-21T12:47:10.001+0000] {processor.py:153} INFO - Started process (PID=998) to work on /home/airflow/.local/lib/python3.7/site-packages/airflow/example_dags/example_branch_operator.py
[2023-01-21T12:47:10.002+0000] {processor.py:743} INFO - Processing file /home/airflow/.local/lib/python3.7/site-packages/airflow/example_dags/example_branch_operator.py for tasks to queue
[2023-01-21T12:47:10.003+0000] {logging_mixin.py:137} INFO - [2023-01-21T12:47:10.003+0000] {dagbag.py:538} INFO - Filling up the DagBag from /home/airflow/.local/lib/python3.7/site-packages/airflow/example_dags/example_branch_operator.py
[2023-01-21T12:47:10.026+0000] {processor.py:753} INFO - DAG(s) dict_keys(['example_branch_operator']) retrieved from /home/airflow/.local/lib/python3.7/site-packages/airflow/example_dags/example_branch_operator.py
[2023-01-21T12:47:10.076+0000] {logging_mixin.py:137} INFO - [2023-01-21T12:47:10.075+0000] {dag.py:2676} INFO - Sync 1 DAGs
[2023-01-21T12:47:10.109+0000] {logging_mixin.py:137} INFO - [2023-01-21T12:47:10.108+0000] {dag.py:3427} INFO - Setting next_dagrun for example_branch_operator to 2023-01-20T00:00:00+00:00, run_after=2023-01-21T00:00:00+00:00
[2023-01-21T12:47:10.133+0000] {processor.py:175} INFO - Processing /home/airflow/.local/lib/python3.7/site-packages/airflow/example_dags/example_branch_operator.py took 0.135 seconds
[2023-01-21T12:47:40.311+0000] {processor.py:153} INFO - Started process (PID=1070) to work on /home/airflow/.local/lib/python3.7/site-packages/airflow/example_dags/example_branch_operator.py
[2023-01-21T12:47:40.312+0000] {processor.py:743} INFO - Processing file /home/airflow/.local/lib/python3.7/site-packages/airflow/example_dags/example_branch_operator.py for tasks to queue
[2023-01-21T12:47:40.313+0000] {logging_mixin.py:137} INFO - [2023-01-21T12:47:40.313+0000] {dagbag.py:538} INFO - Filling up the DagBag from /home/airflow/.local/lib/python3.7/site-packages/airflow/example_dags/example_branch_operator.py
[2023-01-21T12:47:40.334+0000] {processor.py:753} INFO - DAG(s) dict_keys(['example_branch_operator']) retrieved from /home/airflow/.local/lib/python3.7/site-packages/airflow/example_dags/example_branch_operator.py
[2023-01-21T12:47:40.390+0000] {logging_mixin.py:137} INFO - [2023-01-21T12:47:40.389+0000] {dag.py:2676} INFO - Sync 1 DAGs
[2023-01-21T12:47:40.423+0000] {logging_mixin.py:137} INFO - [2023-01-21T12:47:40.423+0000] {dag.py:3427} INFO - Setting next_dagrun for example_branch_operator to 2023-01-20T00:00:00+00:00, run_after=2023-01-21T00:00:00+00:00
[2023-01-21T12:47:40.449+0000] {processor.py:175} INFO - Processing /home/airflow/.local/lib/python3.7/site-packages/airflow/example_dags/example_branch_operator.py took 0.142 seconds
[2023-01-21T12:48:11.105+0000] {processor.py:153} INFO - Started process (PID=1158) to work on /home/airflow/.local/lib/python3.7/site-packages/airflow/example_dags/example_branch_operator.py
[2023-01-21T12:48:11.107+0000] {processor.py:743} INFO - Processing file /home/airflow/.local/lib/python3.7/site-packages/airflow/example_dags/example_branch_operator.py for tasks to queue
[2023-01-21T12:48:11.107+0000] {logging_mixin.py:137} INFO - [2023-01-21T12:48:11.107+0000] {dagbag.py:538} INFO - Filling up the DagBag from /home/airflow/.local/lib/python3.7/site-packages/airflow/example_dags/example_branch_operator.py
[2023-01-21T12:48:11.129+0000] {processor.py:753} INFO - DAG(s) dict_keys(['example_branch_operator']) retrieved from /home/airflow/.local/lib/python3.7/site-packages/airflow/example_dags/example_branch_operator.py
[2023-01-21T12:48:11.180+0000] {logging_mixin.py:137} INFO - [2023-01-21T12:48:11.180+0000] {dag.py:2676} INFO - Sync 1 DAGs
[2023-01-21T12:48:11.220+0000] {logging_mixin.py:137} INFO - [2023-01-21T12:48:11.220+0000] {dag.py:3427} INFO - Setting next_dagrun for example_branch_operator to 2023-01-20T00:00:00+00:00, run_after=2023-01-21T00:00:00+00:00
[2023-01-21T12:48:11.249+0000] {processor.py:175} INFO - Processing /home/airflow/.local/lib/python3.7/site-packages/airflow/example_dags/example_branch_operator.py took 0.148 seconds
