[2023-01-21T12:40:59.023+0000] {processor.py:153} INFO - Started process (PID=66) to work on /home/airflow/.local/lib/python3.7/site-packages/airflow/example_dags/example_branch_labels.py
[2023-01-21T12:40:59.024+0000] {processor.py:743} INFO - Processing file /home/airflow/.local/lib/python3.7/site-packages/airflow/example_dags/example_branch_labels.py for tasks to queue
[2023-01-21T12:40:59.025+0000] {logging_mixin.py:137} INFO - [2023-01-21T12:40:59.025+0000] {dagbag.py:538} INFO - Filling up the DagBag from /home/airflow/.local/lib/python3.7/site-packages/airflow/example_dags/example_branch_labels.py
[2023-01-21T12:40:59.058+0000] {processor.py:753} INFO - DAG(s) dict_keys(['example_branch_labels']) retrieved from /home/airflow/.local/lib/python3.7/site-packages/airflow/example_dags/example_branch_labels.py
[2023-01-21T12:40:59.125+0000] {logging_mixin.py:137} INFO - [2023-01-21T12:40:59.125+0000] {dag.py:2676} INFO - Sync 1 DAGs
[2023-01-21T12:40:59.175+0000] {logging_mixin.py:137} INFO - [2023-01-21T12:40:59.175+0000] {dag.py:3427} INFO - Setting next_dagrun for example_branch_labels to 2023-01-20T00:00:00+00:00, run_after=2023-01-21T00:00:00+00:00
[2023-01-21T12:40:59.210+0000] {processor.py:175} INFO - Processing /home/airflow/.local/lib/python3.7/site-packages/airflow/example_dags/example_branch_labels.py took 0.192 seconds
[2023-01-21T12:41:29.259+0000] {processor.py:153} INFO - Started process (PID=139) to work on /home/airflow/.local/lib/python3.7/site-packages/airflow/example_dags/example_branch_labels.py
[2023-01-21T12:41:29.260+0000] {processor.py:743} INFO - Processing file /home/airflow/.local/lib/python3.7/site-packages/airflow/example_dags/example_branch_labels.py for tasks to queue
[2023-01-21T12:41:29.260+0000] {logging_mixin.py:137} INFO - [2023-01-21T12:41:29.260+0000] {dagbag.py:538} INFO - Filling up the DagBag from /home/airflow/.local/lib/python3.7/site-packages/airflow/example_dags/example_branch_labels.py
[2023-01-21T12:41:29.277+0000] {processor.py:753} INFO - DAG(s) dict_keys(['example_branch_labels']) retrieved from /home/airflow/.local/lib/python3.7/site-packages/airflow/example_dags/example_branch_labels.py
[2023-01-21T12:41:29.323+0000] {logging_mixin.py:137} INFO - [2023-01-21T12:41:29.322+0000] {dag.py:2676} INFO - Sync 1 DAGs
[2023-01-21T12:41:29.354+0000] {logging_mixin.py:137} INFO - [2023-01-21T12:41:29.354+0000] {dag.py:3427} INFO - Setting next_dagrun for example_branch_labels to 2023-01-20T00:00:00+00:00, run_after=2023-01-21T00:00:00+00:00
[2023-01-21T12:41:29.378+0000] {processor.py:175} INFO - Processing /home/airflow/.local/lib/python3.7/site-packages/airflow/example_dags/example_branch_labels.py took 0.123 seconds
[2023-01-21T12:41:59.466+0000] {processor.py:153} INFO - Started process (PID=211) to work on /home/airflow/.local/lib/python3.7/site-packages/airflow/example_dags/example_branch_labels.py
[2023-01-21T12:41:59.467+0000] {processor.py:743} INFO - Processing file /home/airflow/.local/lib/python3.7/site-packages/airflow/example_dags/example_branch_labels.py for tasks to queue
[2023-01-21T12:41:59.468+0000] {logging_mixin.py:137} INFO - [2023-01-21T12:41:59.468+0000] {dagbag.py:538} INFO - Filling up the DagBag from /home/airflow/.local/lib/python3.7/site-packages/airflow/example_dags/example_branch_labels.py
[2023-01-21T12:41:59.487+0000] {processor.py:753} INFO - DAG(s) dict_keys(['example_branch_labels']) retrieved from /home/airflow/.local/lib/python3.7/site-packages/airflow/example_dags/example_branch_labels.py
[2023-01-21T12:41:59.540+0000] {logging_mixin.py:137} INFO - [2023-01-21T12:41:59.540+0000] {dag.py:2676} INFO - Sync 1 DAGs
[2023-01-21T12:41:59.577+0000] {logging_mixin.py:137} INFO - [2023-01-21T12:41:59.576+0000] {dag.py:3427} INFO - Setting next_dagrun for example_branch_labels to 2023-01-20T00:00:00+00:00, run_after=2023-01-21T00:00:00+00:00
[2023-01-21T12:41:59.603+0000] {processor.py:175} INFO - Processing /home/airflow/.local/lib/python3.7/site-packages/airflow/example_dags/example_branch_labels.py took 0.141 seconds
[2023-01-21T12:42:30.890+0000] {processor.py:153} INFO - Started process (PID=292) to work on /home/airflow/.local/lib/python3.7/site-packages/airflow/example_dags/example_branch_labels.py
[2023-01-21T12:42:30.891+0000] {processor.py:743} INFO - Processing file /home/airflow/.local/lib/python3.7/site-packages/airflow/example_dags/example_branch_labels.py for tasks to queue
[2023-01-21T12:42:30.892+0000] {logging_mixin.py:137} INFO - [2023-01-21T12:42:30.892+0000] {dagbag.py:538} INFO - Filling up the DagBag from /home/airflow/.local/lib/python3.7/site-packages/airflow/example_dags/example_branch_labels.py
[2023-01-21T12:42:30.946+0000] {processor.py:753} INFO - DAG(s) dict_keys(['example_branch_labels']) retrieved from /home/airflow/.local/lib/python3.7/site-packages/airflow/example_dags/example_branch_labels.py
[2023-01-21T12:42:31.096+0000] {logging_mixin.py:137} INFO - [2023-01-21T12:42:31.096+0000] {dag.py:2676} INFO - Sync 1 DAGs
[2023-01-21T12:42:31.203+0000] {logging_mixin.py:137} INFO - [2023-01-21T12:42:31.202+0000] {dag.py:3427} INFO - Setting next_dagrun for example_branch_labels to 2023-01-20T00:00:00+00:00, run_after=2023-01-21T00:00:00+00:00
[2023-01-21T12:42:31.273+0000] {processor.py:175} INFO - Processing /home/airflow/.local/lib/python3.7/site-packages/airflow/example_dags/example_branch_labels.py took 0.396 seconds
[2023-01-21T12:43:02.140+0000] {processor.py:153} INFO - Started process (PID=355) to work on /home/airflow/.local/lib/python3.7/site-packages/airflow/example_dags/example_branch_labels.py
[2023-01-21T12:43:02.141+0000] {processor.py:743} INFO - Processing file /home/airflow/.local/lib/python3.7/site-packages/airflow/example_dags/example_branch_labels.py for tasks to queue
[2023-01-21T12:43:02.142+0000] {logging_mixin.py:137} INFO - [2023-01-21T12:43:02.142+0000] {dagbag.py:538} INFO - Filling up the DagBag from /home/airflow/.local/lib/python3.7/site-packages/airflow/example_dags/example_branch_labels.py
[2023-01-21T12:43:02.163+0000] {processor.py:753} INFO - DAG(s) dict_keys(['example_branch_labels']) retrieved from /home/airflow/.local/lib/python3.7/site-packages/airflow/example_dags/example_branch_labels.py
[2023-01-21T12:43:02.214+0000] {logging_mixin.py:137} INFO - [2023-01-21T12:43:02.214+0000] {dag.py:2676} INFO - Sync 1 DAGs
[2023-01-21T12:43:02.252+0000] {logging_mixin.py:137} INFO - [2023-01-21T12:43:02.252+0000] {dag.py:3427} INFO - Setting next_dagrun for example_branch_labels to 2023-01-20T00:00:00+00:00, run_after=2023-01-21T00:00:00+00:00
[2023-01-21T12:43:02.282+0000] {processor.py:175} INFO - Processing /home/airflow/.local/lib/python3.7/site-packages/airflow/example_dags/example_branch_labels.py took 0.146 seconds
[2023-01-21T12:43:32.412+0000] {processor.py:153} INFO - Started process (PID=444) to work on /home/airflow/.local/lib/python3.7/site-packages/airflow/example_dags/example_branch_labels.py
[2023-01-21T12:43:32.414+0000] {processor.py:743} INFO - Processing file /home/airflow/.local/lib/python3.7/site-packages/airflow/example_dags/example_branch_labels.py for tasks to queue
[2023-01-21T12:43:32.415+0000] {logging_mixin.py:137} INFO - [2023-01-21T12:43:32.415+0000] {dagbag.py:538} INFO - Filling up the DagBag from /home/airflow/.local/lib/python3.7/site-packages/airflow/example_dags/example_branch_labels.py
[2023-01-21T12:43:32.437+0000] {processor.py:753} INFO - DAG(s) dict_keys(['example_branch_labels']) retrieved from /home/airflow/.local/lib/python3.7/site-packages/airflow/example_dags/example_branch_labels.py
[2023-01-21T12:43:32.500+0000] {logging_mixin.py:137} INFO - [2023-01-21T12:43:32.500+0000] {dag.py:2676} INFO - Sync 1 DAGs
[2023-01-21T12:43:32.543+0000] {logging_mixin.py:137} INFO - [2023-01-21T12:43:32.542+0000] {dag.py:3427} INFO - Setting next_dagrun for example_branch_labels to 2023-01-20T00:00:00+00:00, run_after=2023-01-21T00:00:00+00:00
[2023-01-21T12:43:32.566+0000] {processor.py:175} INFO - Processing /home/airflow/.local/lib/python3.7/site-packages/airflow/example_dags/example_branch_labels.py took 0.159 seconds
[2023-01-21T12:44:03.301+0000] {processor.py:153} INFO - Started process (PID=516) to work on /home/airflow/.local/lib/python3.7/site-packages/airflow/example_dags/example_branch_labels.py
[2023-01-21T12:44:03.302+0000] {processor.py:743} INFO - Processing file /home/airflow/.local/lib/python3.7/site-packages/airflow/example_dags/example_branch_labels.py for tasks to queue
[2023-01-21T12:44:03.303+0000] {logging_mixin.py:137} INFO - [2023-01-21T12:44:03.303+0000] {dagbag.py:538} INFO - Filling up the DagBag from /home/airflow/.local/lib/python3.7/site-packages/airflow/example_dags/example_branch_labels.py
[2023-01-21T12:44:03.320+0000] {processor.py:753} INFO - DAG(s) dict_keys(['example_branch_labels']) retrieved from /home/airflow/.local/lib/python3.7/site-packages/airflow/example_dags/example_branch_labels.py
[2023-01-21T12:44:03.439+0000] {logging_mixin.py:137} INFO - [2023-01-21T12:44:03.439+0000] {dag.py:2676} INFO - Sync 1 DAGs
[2023-01-21T12:44:03.472+0000] {logging_mixin.py:137} INFO - [2023-01-21T12:44:03.472+0000] {dag.py:3427} INFO - Setting next_dagrun for example_branch_labels to 2023-01-20T00:00:00+00:00, run_after=2023-01-21T00:00:00+00:00
[2023-01-21T12:44:03.497+0000] {processor.py:175} INFO - Processing /home/airflow/.local/lib/python3.7/site-packages/airflow/example_dags/example_branch_labels.py took 0.200 seconds
[2023-01-21T12:44:33.650+0000] {processor.py:153} INFO - Started process (PID=588) to work on /home/airflow/.local/lib/python3.7/site-packages/airflow/example_dags/example_branch_labels.py
[2023-01-21T12:44:33.652+0000] {processor.py:743} INFO - Processing file /home/airflow/.local/lib/python3.7/site-packages/airflow/example_dags/example_branch_labels.py for tasks to queue
[2023-01-21T12:44:33.652+0000] {logging_mixin.py:137} INFO - [2023-01-21T12:44:33.652+0000] {dagbag.py:538} INFO - Filling up the DagBag from /home/airflow/.local/lib/python3.7/site-packages/airflow/example_dags/example_branch_labels.py
[2023-01-21T12:44:33.671+0000] {processor.py:753} INFO - DAG(s) dict_keys(['example_branch_labels']) retrieved from /home/airflow/.local/lib/python3.7/site-packages/airflow/example_dags/example_branch_labels.py
[2023-01-21T12:44:33.717+0000] {logging_mixin.py:137} INFO - [2023-01-21T12:44:33.717+0000] {dag.py:2676} INFO - Sync 1 DAGs
[2023-01-21T12:44:33.752+0000] {logging_mixin.py:137} INFO - [2023-01-21T12:44:33.752+0000] {dag.py:3427} INFO - Setting next_dagrun for example_branch_labels to 2023-01-20T00:00:00+00:00, run_after=2023-01-21T00:00:00+00:00
[2023-01-21T12:44:33.780+0000] {processor.py:175} INFO - Processing /home/airflow/.local/lib/python3.7/site-packages/airflow/example_dags/example_branch_labels.py took 0.133 seconds
[2023-01-21T12:45:04.407+0000] {processor.py:153} INFO - Started process (PID=676) to work on /home/airflow/.local/lib/python3.7/site-packages/airflow/example_dags/example_branch_labels.py
[2023-01-21T12:45:04.409+0000] {processor.py:743} INFO - Processing file /home/airflow/.local/lib/python3.7/site-packages/airflow/example_dags/example_branch_labels.py for tasks to queue
[2023-01-21T12:45:04.410+0000] {logging_mixin.py:137} INFO - [2023-01-21T12:45:04.410+0000] {dagbag.py:538} INFO - Filling up the DagBag from /home/airflow/.local/lib/python3.7/site-packages/airflow/example_dags/example_branch_labels.py
[2023-01-21T12:45:04.428+0000] {processor.py:753} INFO - DAG(s) dict_keys(['example_branch_labels']) retrieved from /home/airflow/.local/lib/python3.7/site-packages/airflow/example_dags/example_branch_labels.py
[2023-01-21T12:45:04.473+0000] {logging_mixin.py:137} INFO - [2023-01-21T12:45:04.473+0000] {dag.py:2676} INFO - Sync 1 DAGs
[2023-01-21T12:45:04.510+0000] {logging_mixin.py:137} INFO - [2023-01-21T12:45:04.509+0000] {dag.py:3427} INFO - Setting next_dagrun for example_branch_labels to 2023-01-20T00:00:00+00:00, run_after=2023-01-21T00:00:00+00:00
[2023-01-21T12:45:04.537+0000] {processor.py:175} INFO - Processing /home/airflow/.local/lib/python3.7/site-packages/airflow/example_dags/example_branch_labels.py took 0.133 seconds
[2023-01-21T12:45:34.704+0000] {processor.py:153} INFO - Started process (PID=748) to work on /home/airflow/.local/lib/python3.7/site-packages/airflow/example_dags/example_branch_labels.py
[2023-01-21T12:45:34.705+0000] {processor.py:743} INFO - Processing file /home/airflow/.local/lib/python3.7/site-packages/airflow/example_dags/example_branch_labels.py for tasks to queue
[2023-01-21T12:45:34.706+0000] {logging_mixin.py:137} INFO - [2023-01-21T12:45:34.706+0000] {dagbag.py:538} INFO - Filling up the DagBag from /home/airflow/.local/lib/python3.7/site-packages/airflow/example_dags/example_branch_labels.py
[2023-01-21T12:45:34.725+0000] {processor.py:753} INFO - DAG(s) dict_keys(['example_branch_labels']) retrieved from /home/airflow/.local/lib/python3.7/site-packages/airflow/example_dags/example_branch_labels.py
[2023-01-21T12:45:34.771+0000] {logging_mixin.py:137} INFO - [2023-01-21T12:45:34.771+0000] {dag.py:2676} INFO - Sync 1 DAGs
[2023-01-21T12:45:34.809+0000] {logging_mixin.py:137} INFO - [2023-01-21T12:45:34.809+0000] {dag.py:3427} INFO - Setting next_dagrun for example_branch_labels to 2023-01-20T00:00:00+00:00, run_after=2023-01-21T00:00:00+00:00
[2023-01-21T12:45:34.835+0000] {processor.py:175} INFO - Processing /home/airflow/.local/lib/python3.7/site-packages/airflow/example_dags/example_branch_labels.py took 0.135 seconds
[2023-01-21T12:46:05.194+0000] {processor.py:153} INFO - Started process (PID=820) to work on /home/airflow/.local/lib/python3.7/site-packages/airflow/example_dags/example_branch_labels.py
[2023-01-21T12:46:05.195+0000] {processor.py:743} INFO - Processing file /home/airflow/.local/lib/python3.7/site-packages/airflow/example_dags/example_branch_labels.py for tasks to queue
[2023-01-21T12:46:05.196+0000] {logging_mixin.py:137} INFO - [2023-01-21T12:46:05.196+0000] {dagbag.py:538} INFO - Filling up the DagBag from /home/airflow/.local/lib/python3.7/site-packages/airflow/example_dags/example_branch_labels.py
[2023-01-21T12:46:05.232+0000] {processor.py:753} INFO - DAG(s) dict_keys(['example_branch_labels']) retrieved from /home/airflow/.local/lib/python3.7/site-packages/airflow/example_dags/example_branch_labels.py
[2023-01-21T12:46:05.383+0000] {logging_mixin.py:137} INFO - [2023-01-21T12:46:05.383+0000] {dag.py:2676} INFO - Sync 1 DAGs
[2023-01-21T12:46:05.510+0000] {logging_mixin.py:137} INFO - [2023-01-21T12:46:05.509+0000] {dag.py:3427} INFO - Setting next_dagrun for example_branch_labels to 2023-01-20T00:00:00+00:00, run_after=2023-01-21T00:00:00+00:00
[2023-01-21T12:46:05.602+0000] {processor.py:175} INFO - Processing /home/airflow/.local/lib/python3.7/site-packages/airflow/example_dags/example_branch_labels.py took 0.416 seconds
[2023-01-21T12:46:36.402+0000] {processor.py:153} INFO - Started process (PID=902) to work on /home/airflow/.local/lib/python3.7/site-packages/airflow/example_dags/example_branch_labels.py
[2023-01-21T12:46:36.403+0000] {processor.py:743} INFO - Processing file /home/airflow/.local/lib/python3.7/site-packages/airflow/example_dags/example_branch_labels.py for tasks to queue
[2023-01-21T12:46:36.404+0000] {logging_mixin.py:137} INFO - [2023-01-21T12:46:36.404+0000] {dagbag.py:538} INFO - Filling up the DagBag from /home/airflow/.local/lib/python3.7/site-packages/airflow/example_dags/example_branch_labels.py
[2023-01-21T12:46:36.423+0000] {processor.py:753} INFO - DAG(s) dict_keys(['example_branch_labels']) retrieved from /home/airflow/.local/lib/python3.7/site-packages/airflow/example_dags/example_branch_labels.py
[2023-01-21T12:46:36.479+0000] {logging_mixin.py:137} INFO - [2023-01-21T12:46:36.479+0000] {dag.py:2676} INFO - Sync 1 DAGs
[2023-01-21T12:46:36.519+0000] {logging_mixin.py:137} INFO - [2023-01-21T12:46:36.519+0000] {dag.py:3427} INFO - Setting next_dagrun for example_branch_labels to 2023-01-20T00:00:00+00:00, run_after=2023-01-21T00:00:00+00:00
[2023-01-21T12:46:36.548+0000] {processor.py:175} INFO - Processing /home/airflow/.local/lib/python3.7/site-packages/airflow/example_dags/example_branch_labels.py took 0.150 seconds
[2023-01-21T12:47:07.329+0000] {processor.py:153} INFO - Started process (PID=981) to work on /home/airflow/.local/lib/python3.7/site-packages/airflow/example_dags/example_branch_labels.py
[2023-01-21T12:47:07.331+0000] {processor.py:743} INFO - Processing file /home/airflow/.local/lib/python3.7/site-packages/airflow/example_dags/example_branch_labels.py for tasks to queue
[2023-01-21T12:47:07.331+0000] {logging_mixin.py:137} INFO - [2023-01-21T12:47:07.331+0000] {dagbag.py:538} INFO - Filling up the DagBag from /home/airflow/.local/lib/python3.7/site-packages/airflow/example_dags/example_branch_labels.py
[2023-01-21T12:47:07.350+0000] {processor.py:753} INFO - DAG(s) dict_keys(['example_branch_labels']) retrieved from /home/airflow/.local/lib/python3.7/site-packages/airflow/example_dags/example_branch_labels.py
[2023-01-21T12:47:07.397+0000] {logging_mixin.py:137} INFO - [2023-01-21T12:47:07.396+0000] {dag.py:2676} INFO - Sync 1 DAGs
[2023-01-21T12:47:07.432+0000] {logging_mixin.py:137} INFO - [2023-01-21T12:47:07.432+0000] {dag.py:3427} INFO - Setting next_dagrun for example_branch_labels to 2023-01-20T00:00:00+00:00, run_after=2023-01-21T00:00:00+00:00
[2023-01-21T12:47:07.460+0000] {processor.py:175} INFO - Processing /home/airflow/.local/lib/python3.7/site-packages/airflow/example_dags/example_branch_labels.py took 0.135 seconds
[2023-01-21T12:47:37.680+0000] {processor.py:153} INFO - Started process (PID=1053) to work on /home/airflow/.local/lib/python3.7/site-packages/airflow/example_dags/example_branch_labels.py
[2023-01-21T12:47:37.681+0000] {processor.py:743} INFO - Processing file /home/airflow/.local/lib/python3.7/site-packages/airflow/example_dags/example_branch_labels.py for tasks to queue
[2023-01-21T12:47:37.682+0000] {logging_mixin.py:137} INFO - [2023-01-21T12:47:37.682+0000] {dagbag.py:538} INFO - Filling up the DagBag from /home/airflow/.local/lib/python3.7/site-packages/airflow/example_dags/example_branch_labels.py
[2023-01-21T12:47:37.700+0000] {processor.py:753} INFO - DAG(s) dict_keys(['example_branch_labels']) retrieved from /home/airflow/.local/lib/python3.7/site-packages/airflow/example_dags/example_branch_labels.py
[2023-01-21T12:47:37.755+0000] {logging_mixin.py:137} INFO - [2023-01-21T12:47:37.755+0000] {dag.py:2676} INFO - Sync 1 DAGs
[2023-01-21T12:47:37.792+0000] {logging_mixin.py:137} INFO - [2023-01-21T12:47:37.791+0000] {dag.py:3427} INFO - Setting next_dagrun for example_branch_labels to 2023-01-20T00:00:00+00:00, run_after=2023-01-21T00:00:00+00:00
[2023-01-21T12:47:37.819+0000] {processor.py:175} INFO - Processing /home/airflow/.local/lib/python3.7/site-packages/airflow/example_dags/example_branch_labels.py took 0.143 seconds
[2023-01-21T12:48:08.336+0000] {processor.py:153} INFO - Started process (PID=1125) to work on /home/airflow/.local/lib/python3.7/site-packages/airflow/example_dags/example_branch_labels.py
[2023-01-21T12:48:08.337+0000] {processor.py:743} INFO - Processing file /home/airflow/.local/lib/python3.7/site-packages/airflow/example_dags/example_branch_labels.py for tasks to queue
[2023-01-21T12:48:08.339+0000] {logging_mixin.py:137} INFO - [2023-01-21T12:48:08.338+0000] {dagbag.py:538} INFO - Filling up the DagBag from /home/airflow/.local/lib/python3.7/site-packages/airflow/example_dags/example_branch_labels.py
[2023-01-21T12:48:08.358+0000] {processor.py:753} INFO - DAG(s) dict_keys(['example_branch_labels']) retrieved from /home/airflow/.local/lib/python3.7/site-packages/airflow/example_dags/example_branch_labels.py
[2023-01-21T12:48:08.412+0000] {logging_mixin.py:137} INFO - [2023-01-21T12:48:08.412+0000] {dag.py:2676} INFO - Sync 1 DAGs
[2023-01-21T12:48:08.446+0000] {logging_mixin.py:137} INFO - [2023-01-21T12:48:08.446+0000] {dag.py:3427} INFO - Setting next_dagrun for example_branch_labels to 2023-01-20T00:00:00+00:00, run_after=2023-01-21T00:00:00+00:00
[2023-01-21T12:48:08.471+0000] {processor.py:175} INFO - Processing /home/airflow/.local/lib/python3.7/site-packages/airflow/example_dags/example_branch_labels.py took 0.140 seconds
