[2023-01-21T12:41:01.908+0000] {processor.py:153} INFO - Started process (PID=92) to work on /home/airflow/.local/lib/python3.7/site-packages/airflow/example_dags/example_latest_only_with_trigger.py
[2023-01-21T12:41:01.909+0000] {processor.py:743} INFO - Processing file /home/airflow/.local/lib/python3.7/site-packages/airflow/example_dags/example_latest_only_with_trigger.py for tasks to queue
[2023-01-21T12:41:01.910+0000] {logging_mixin.py:137} INFO - [2023-01-21T12:41:01.910+0000] {dagbag.py:538} INFO - Filling up the DagBag from /home/airflow/.local/lib/python3.7/site-packages/airflow/example_dags/example_latest_only_with_trigger.py
[2023-01-21T12:41:01.927+0000] {processor.py:753} INFO - DAG(s) dict_keys(['latest_only_with_trigger']) retrieved from /home/airflow/.local/lib/python3.7/site-packages/airflow/example_dags/example_latest_only_with_trigger.py
[2023-01-21T12:41:01.977+0000] {logging_mixin.py:137} INFO - [2023-01-21T12:41:01.977+0000] {dag.py:2676} INFO - Sync 1 DAGs
[2023-01-21T12:41:02.013+0000] {logging_mixin.py:137} INFO - [2023-01-21T12:41:02.012+0000] {dag.py:3427} INFO - Setting next_dagrun for latest_only_with_trigger to 2023-01-21T08:41:02.012576+00:00, run_after=2023-01-21T12:41:02.012576+00:00
[2023-01-21T12:41:02.036+0000] {processor.py:175} INFO - Processing /home/airflow/.local/lib/python3.7/site-packages/airflow/example_dags/example_latest_only_with_trigger.py took 0.132 seconds
[2023-01-21T12:41:32.391+0000] {processor.py:153} INFO - Started process (PID=165) to work on /home/airflow/.local/lib/python3.7/site-packages/airflow/example_dags/example_latest_only_with_trigger.py
[2023-01-21T12:41:32.393+0000] {processor.py:743} INFO - Processing file /home/airflow/.local/lib/python3.7/site-packages/airflow/example_dags/example_latest_only_with_trigger.py for tasks to queue
[2023-01-21T12:41:32.393+0000] {logging_mixin.py:137} INFO - [2023-01-21T12:41:32.393+0000] {dagbag.py:538} INFO - Filling up the DagBag from /home/airflow/.local/lib/python3.7/site-packages/airflow/example_dags/example_latest_only_with_trigger.py
[2023-01-21T12:41:32.410+0000] {processor.py:753} INFO - DAG(s) dict_keys(['latest_only_with_trigger']) retrieved from /home/airflow/.local/lib/python3.7/site-packages/airflow/example_dags/example_latest_only_with_trigger.py
[2023-01-21T12:41:32.459+0000] {logging_mixin.py:137} INFO - [2023-01-21T12:41:32.458+0000] {dag.py:2676} INFO - Sync 1 DAGs
[2023-01-21T12:41:32.490+0000] {logging_mixin.py:137} INFO - [2023-01-21T12:41:32.490+0000] {dag.py:3427} INFO - Setting next_dagrun for latest_only_with_trigger to 2023-01-21T08:41:32.489956+00:00, run_after=2023-01-21T12:41:32.489956+00:00
[2023-01-21T12:41:32.515+0000] {processor.py:175} INFO - Processing /home/airflow/.local/lib/python3.7/site-packages/airflow/example_dags/example_latest_only_with_trigger.py took 0.127 seconds
[2023-01-21T12:42:04.550+0000] {processor.py:153} INFO - Started process (PID=253) to work on /home/airflow/.local/lib/python3.7/site-packages/airflow/example_dags/example_latest_only_with_trigger.py
[2023-01-21T12:42:04.552+0000] {processor.py:743} INFO - Processing file /home/airflow/.local/lib/python3.7/site-packages/airflow/example_dags/example_latest_only_with_trigger.py for tasks to queue
[2023-01-21T12:42:04.553+0000] {logging_mixin.py:137} INFO - [2023-01-21T12:42:04.553+0000] {dagbag.py:538} INFO - Filling up the DagBag from /home/airflow/.local/lib/python3.7/site-packages/airflow/example_dags/example_latest_only_with_trigger.py
[2023-01-21T12:42:04.582+0000] {processor.py:753} INFO - DAG(s) dict_keys(['latest_only_with_trigger']) retrieved from /home/airflow/.local/lib/python3.7/site-packages/airflow/example_dags/example_latest_only_with_trigger.py
[2023-01-21T12:42:04.651+0000] {logging_mixin.py:137} INFO - [2023-01-21T12:42:04.650+0000] {dag.py:2676} INFO - Sync 1 DAGs
[2023-01-21T12:42:04.697+0000] {logging_mixin.py:137} INFO - [2023-01-21T12:42:04.697+0000] {dag.py:3427} INFO - Setting next_dagrun for latest_only_with_trigger to 2023-01-21T08:42:04.696609+00:00, run_after=2023-01-21T12:42:04.696609+00:00
[2023-01-21T12:42:04.741+0000] {processor.py:175} INFO - Processing /home/airflow/.local/lib/python3.7/site-packages/airflow/example_dags/example_latest_only_with_trigger.py took 0.199 seconds
[2023-01-21T12:42:36.382+0000] {processor.py:153} INFO - Started process (PID=325) to work on /home/airflow/.local/lib/python3.7/site-packages/airflow/example_dags/example_latest_only_with_trigger.py
[2023-01-21T12:42:36.392+0000] {processor.py:743} INFO - Processing file /home/airflow/.local/lib/python3.7/site-packages/airflow/example_dags/example_latest_only_with_trigger.py for tasks to queue
[2023-01-21T12:42:36.396+0000] {logging_mixin.py:137} INFO - [2023-01-21T12:42:36.396+0000] {dagbag.py:538} INFO - Filling up the DagBag from /home/airflow/.local/lib/python3.7/site-packages/airflow/example_dags/example_latest_only_with_trigger.py
[2023-01-21T12:42:36.449+0000] {processor.py:753} INFO - DAG(s) dict_keys(['latest_only_with_trigger']) retrieved from /home/airflow/.local/lib/python3.7/site-packages/airflow/example_dags/example_latest_only_with_trigger.py
[2023-01-21T12:42:36.604+0000] {logging_mixin.py:137} INFO - [2023-01-21T12:42:36.595+0000] {dag.py:2676} INFO - Sync 1 DAGs
[2023-01-21T12:42:36.702+0000] {logging_mixin.py:137} INFO - [2023-01-21T12:42:36.702+0000] {dag.py:3427} INFO - Setting next_dagrun for latest_only_with_trigger to 2023-01-21T08:42:36.702417+00:00, run_after=2023-01-21T12:42:36.702417+00:00
[2023-01-21T12:42:36.768+0000] {processor.py:175} INFO - Processing /home/airflow/.local/lib/python3.7/site-packages/airflow/example_dags/example_latest_only_with_trigger.py took 0.402 seconds
[2023-01-21T12:43:07.160+0000] {processor.py:153} INFO - Started process (PID=398) to work on /home/airflow/.local/lib/python3.7/site-packages/airflow/example_dags/example_latest_only_with_trigger.py
[2023-01-21T12:43:07.162+0000] {processor.py:743} INFO - Processing file /home/airflow/.local/lib/python3.7/site-packages/airflow/example_dags/example_latest_only_with_trigger.py for tasks to queue
[2023-01-21T12:43:07.162+0000] {logging_mixin.py:137} INFO - [2023-01-21T12:43:07.162+0000] {dagbag.py:538} INFO - Filling up the DagBag from /home/airflow/.local/lib/python3.7/site-packages/airflow/example_dags/example_latest_only_with_trigger.py
[2023-01-21T12:43:07.178+0000] {processor.py:753} INFO - DAG(s) dict_keys(['latest_only_with_trigger']) retrieved from /home/airflow/.local/lib/python3.7/site-packages/airflow/example_dags/example_latest_only_with_trigger.py
[2023-01-21T12:43:07.222+0000] {logging_mixin.py:137} INFO - [2023-01-21T12:43:07.221+0000] {dag.py:2676} INFO - Sync 1 DAGs
[2023-01-21T12:43:07.253+0000] {logging_mixin.py:137} INFO - [2023-01-21T12:43:07.253+0000] {dag.py:3427} INFO - Setting next_dagrun for latest_only_with_trigger to 2023-01-21T08:43:07.253259+00:00, run_after=2023-01-21T12:43:07.253259+00:00
[2023-01-21T12:43:07.279+0000] {processor.py:175} INFO - Processing /home/airflow/.local/lib/python3.7/site-packages/airflow/example_dags/example_latest_only_with_trigger.py took 0.123 seconds
[2023-01-21T12:43:37.870+0000] {processor.py:153} INFO - Started process (PID=470) to work on /home/airflow/.local/lib/python3.7/site-packages/airflow/example_dags/example_latest_only_with_trigger.py
[2023-01-21T12:43:37.872+0000] {processor.py:743} INFO - Processing file /home/airflow/.local/lib/python3.7/site-packages/airflow/example_dags/example_latest_only_with_trigger.py for tasks to queue
[2023-01-21T12:43:37.873+0000] {logging_mixin.py:137} INFO - [2023-01-21T12:43:37.873+0000] {dagbag.py:538} INFO - Filling up the DagBag from /home/airflow/.local/lib/python3.7/site-packages/airflow/example_dags/example_latest_only_with_trigger.py
[2023-01-21T12:43:37.896+0000] {processor.py:753} INFO - DAG(s) dict_keys(['latest_only_with_trigger']) retrieved from /home/airflow/.local/lib/python3.7/site-packages/airflow/example_dags/example_latest_only_with_trigger.py
[2023-01-21T12:43:37.975+0000] {logging_mixin.py:137} INFO - [2023-01-21T12:43:37.975+0000] {dag.py:2676} INFO - Sync 1 DAGs
[2023-01-21T12:43:38.045+0000] {logging_mixin.py:137} INFO - [2023-01-21T12:43:38.044+0000] {dag.py:3427} INFO - Setting next_dagrun for latest_only_with_trigger to 2023-01-21T08:43:38.044528+00:00, run_after=2023-01-21T12:43:38.044528+00:00
[2023-01-21T12:43:38.111+0000] {processor.py:175} INFO - Processing /home/airflow/.local/lib/python3.7/site-packages/airflow/example_dags/example_latest_only_with_trigger.py took 0.246 seconds
[2023-01-21T12:44:08.684+0000] {processor.py:153} INFO - Started process (PID=549) to work on /home/airflow/.local/lib/python3.7/site-packages/airflow/example_dags/example_latest_only_with_trigger.py
[2023-01-21T12:44:08.686+0000] {processor.py:743} INFO - Processing file /home/airflow/.local/lib/python3.7/site-packages/airflow/example_dags/example_latest_only_with_trigger.py for tasks to queue
[2023-01-21T12:44:08.687+0000] {logging_mixin.py:137} INFO - [2023-01-21T12:44:08.687+0000] {dagbag.py:538} INFO - Filling up the DagBag from /home/airflow/.local/lib/python3.7/site-packages/airflow/example_dags/example_latest_only_with_trigger.py
[2023-01-21T12:44:08.708+0000] {processor.py:753} INFO - DAG(s) dict_keys(['latest_only_with_trigger']) retrieved from /home/airflow/.local/lib/python3.7/site-packages/airflow/example_dags/example_latest_only_with_trigger.py
[2023-01-21T12:44:08.770+0000] {logging_mixin.py:137} INFO - [2023-01-21T12:44:08.769+0000] {dag.py:2676} INFO - Sync 1 DAGs
[2023-01-21T12:44:08.812+0000] {logging_mixin.py:137} INFO - [2023-01-21T12:44:08.812+0000] {dag.py:3427} INFO - Setting next_dagrun for latest_only_with_trigger to 2023-01-21T08:44:08.811805+00:00, run_after=2023-01-21T12:44:08.811805+00:00
[2023-01-21T12:44:08.843+0000] {processor.py:175} INFO - Processing /home/airflow/.local/lib/python3.7/site-packages/airflow/example_dags/example_latest_only_with_trigger.py took 0.163 seconds
[2023-01-21T12:44:39.157+0000] {processor.py:153} INFO - Started process (PID=630) to work on /home/airflow/.local/lib/python3.7/site-packages/airflow/example_dags/example_latest_only_with_trigger.py
[2023-01-21T12:44:39.159+0000] {processor.py:743} INFO - Processing file /home/airflow/.local/lib/python3.7/site-packages/airflow/example_dags/example_latest_only_with_trigger.py for tasks to queue
[2023-01-21T12:44:39.160+0000] {logging_mixin.py:137} INFO - [2023-01-21T12:44:39.160+0000] {dagbag.py:538} INFO - Filling up the DagBag from /home/airflow/.local/lib/python3.7/site-packages/airflow/example_dags/example_latest_only_with_trigger.py
[2023-01-21T12:44:39.182+0000] {processor.py:753} INFO - DAG(s) dict_keys(['latest_only_with_trigger']) retrieved from /home/airflow/.local/lib/python3.7/site-packages/airflow/example_dags/example_latest_only_with_trigger.py
[2023-01-21T12:44:39.241+0000] {logging_mixin.py:137} INFO - [2023-01-21T12:44:39.241+0000] {dag.py:2676} INFO - Sync 1 DAGs
[2023-01-21T12:44:39.281+0000] {logging_mixin.py:137} INFO - [2023-01-21T12:44:39.281+0000] {dag.py:3427} INFO - Setting next_dagrun for latest_only_with_trigger to 2023-01-21T08:44:39.280777+00:00, run_after=2023-01-21T12:44:39.280777+00:00
[2023-01-21T12:44:39.308+0000] {processor.py:175} INFO - Processing /home/airflow/.local/lib/python3.7/site-packages/airflow/example_dags/example_latest_only_with_trigger.py took 0.156 seconds
[2023-01-21T12:45:09.658+0000] {processor.py:153} INFO - Started process (PID=702) to work on /home/airflow/.local/lib/python3.7/site-packages/airflow/example_dags/example_latest_only_with_trigger.py
[2023-01-21T12:45:09.659+0000] {processor.py:743} INFO - Processing file /home/airflow/.local/lib/python3.7/site-packages/airflow/example_dags/example_latest_only_with_trigger.py for tasks to queue
[2023-01-21T12:45:09.660+0000] {logging_mixin.py:137} INFO - [2023-01-21T12:45:09.660+0000] {dagbag.py:538} INFO - Filling up the DagBag from /home/airflow/.local/lib/python3.7/site-packages/airflow/example_dags/example_latest_only_with_trigger.py
[2023-01-21T12:45:09.677+0000] {processor.py:753} INFO - DAG(s) dict_keys(['latest_only_with_trigger']) retrieved from /home/airflow/.local/lib/python3.7/site-packages/airflow/example_dags/example_latest_only_with_trigger.py
[2023-01-21T12:45:09.722+0000] {logging_mixin.py:137} INFO - [2023-01-21T12:45:09.722+0000] {dag.py:2676} INFO - Sync 1 DAGs
[2023-01-21T12:45:09.757+0000] {logging_mixin.py:137} INFO - [2023-01-21T12:45:09.757+0000] {dag.py:3427} INFO - Setting next_dagrun for latest_only_with_trigger to 2023-01-21T08:45:09.757169+00:00, run_after=2023-01-21T12:45:09.757169+00:00
[2023-01-21T12:45:09.786+0000] {processor.py:175} INFO - Processing /home/airflow/.local/lib/python3.7/site-packages/airflow/example_dags/example_latest_only_with_trigger.py took 0.132 seconds
[2023-01-21T12:45:39.851+0000] {processor.py:153} INFO - Started process (PID=774) to work on /home/airflow/.local/lib/python3.7/site-packages/airflow/example_dags/example_latest_only_with_trigger.py
[2023-01-21T12:45:39.852+0000] {processor.py:743} INFO - Processing file /home/airflow/.local/lib/python3.7/site-packages/airflow/example_dags/example_latest_only_with_trigger.py for tasks to queue
[2023-01-21T12:45:39.853+0000] {logging_mixin.py:137} INFO - [2023-01-21T12:45:39.853+0000] {dagbag.py:538} INFO - Filling up the DagBag from /home/airflow/.local/lib/python3.7/site-packages/airflow/example_dags/example_latest_only_with_trigger.py
[2023-01-21T12:45:39.870+0000] {processor.py:753} INFO - DAG(s) dict_keys(['latest_only_with_trigger']) retrieved from /home/airflow/.local/lib/python3.7/site-packages/airflow/example_dags/example_latest_only_with_trigger.py
[2023-01-21T12:45:39.918+0000] {logging_mixin.py:137} INFO - [2023-01-21T12:45:39.918+0000] {dag.py:2676} INFO - Sync 1 DAGs
[2023-01-21T12:45:39.951+0000] {logging_mixin.py:137} INFO - [2023-01-21T12:45:39.950+0000] {dag.py:3427} INFO - Setting next_dagrun for latest_only_with_trigger to 2023-01-21T08:45:39.950565+00:00, run_after=2023-01-21T12:45:39.950565+00:00
[2023-01-21T12:45:39.977+0000] {processor.py:175} INFO - Processing /home/airflow/.local/lib/python3.7/site-packages/airflow/example_dags/example_latest_only_with_trigger.py took 0.132 seconds
[2023-01-21T12:46:10.792+0000] {processor.py:153} INFO - Started process (PID=863) to work on /home/airflow/.local/lib/python3.7/site-packages/airflow/example_dags/example_latest_only_with_trigger.py
[2023-01-21T12:46:10.794+0000] {processor.py:743} INFO - Processing file /home/airflow/.local/lib/python3.7/site-packages/airflow/example_dags/example_latest_only_with_trigger.py for tasks to queue
[2023-01-21T12:46:10.797+0000] {logging_mixin.py:137} INFO - [2023-01-21T12:46:10.797+0000] {dagbag.py:538} INFO - Filling up the DagBag from /home/airflow/.local/lib/python3.7/site-packages/airflow/example_dags/example_latest_only_with_trigger.py
[2023-01-21T12:46:10.831+0000] {processor.py:753} INFO - DAG(s) dict_keys(['latest_only_with_trigger']) retrieved from /home/airflow/.local/lib/python3.7/site-packages/airflow/example_dags/example_latest_only_with_trigger.py
[2023-01-21T12:46:10.906+0000] {logging_mixin.py:137} INFO - [2023-01-21T12:46:10.905+0000] {dag.py:2676} INFO - Sync 1 DAGs
[2023-01-21T12:46:10.965+0000] {logging_mixin.py:137} INFO - [2023-01-21T12:46:10.965+0000] {dag.py:3427} INFO - Setting next_dagrun for latest_only_with_trigger to 2023-01-21T08:46:10.964962+00:00, run_after=2023-01-21T12:46:10.964962+00:00
[2023-01-21T12:46:11.037+0000] {processor.py:175} INFO - Processing /home/airflow/.local/lib/python3.7/site-packages/airflow/example_dags/example_latest_only_with_trigger.py took 0.252 seconds
[2023-01-21T12:46:41.229+0000] {processor.py:153} INFO - Started process (PID=935) to work on /home/airflow/.local/lib/python3.7/site-packages/airflow/example_dags/example_latest_only_with_trigger.py
[2023-01-21T12:46:41.230+0000] {processor.py:743} INFO - Processing file /home/airflow/.local/lib/python3.7/site-packages/airflow/example_dags/example_latest_only_with_trigger.py for tasks to queue
[2023-01-21T12:46:41.232+0000] {logging_mixin.py:137} INFO - [2023-01-21T12:46:41.231+0000] {dagbag.py:538} INFO - Filling up the DagBag from /home/airflow/.local/lib/python3.7/site-packages/airflow/example_dags/example_latest_only_with_trigger.py
[2023-01-21T12:46:41.251+0000] {processor.py:753} INFO - DAG(s) dict_keys(['latest_only_with_trigger']) retrieved from /home/airflow/.local/lib/python3.7/site-packages/airflow/example_dags/example_latest_only_with_trigger.py
[2023-01-21T12:46:41.298+0000] {logging_mixin.py:137} INFO - [2023-01-21T12:46:41.298+0000] {dag.py:2676} INFO - Sync 1 DAGs
[2023-01-21T12:46:41.333+0000] {logging_mixin.py:137} INFO - [2023-01-21T12:46:41.333+0000] {dag.py:3427} INFO - Setting next_dagrun for latest_only_with_trigger to 2023-01-21T08:46:41.332969+00:00, run_after=2023-01-21T12:46:41.332969+00:00
[2023-01-21T12:46:41.359+0000] {processor.py:175} INFO - Processing /home/airflow/.local/lib/python3.7/site-packages/airflow/example_dags/example_latest_only_with_trigger.py took 0.135 seconds
[2023-01-21T12:47:11.767+0000] {processor.py:153} INFO - Started process (PID=1007) to work on /home/airflow/.local/lib/python3.7/site-packages/airflow/example_dags/example_latest_only_with_trigger.py
[2023-01-21T12:47:11.768+0000] {processor.py:743} INFO - Processing file /home/airflow/.local/lib/python3.7/site-packages/airflow/example_dags/example_latest_only_with_trigger.py for tasks to queue
[2023-01-21T12:47:11.770+0000] {logging_mixin.py:137} INFO - [2023-01-21T12:47:11.770+0000] {dagbag.py:538} INFO - Filling up the DagBag from /home/airflow/.local/lib/python3.7/site-packages/airflow/example_dags/example_latest_only_with_trigger.py
[2023-01-21T12:47:11.786+0000] {processor.py:753} INFO - DAG(s) dict_keys(['latest_only_with_trigger']) retrieved from /home/airflow/.local/lib/python3.7/site-packages/airflow/example_dags/example_latest_only_with_trigger.py
[2023-01-21T12:47:11.841+0000] {logging_mixin.py:137} INFO - [2023-01-21T12:47:11.841+0000] {dag.py:2676} INFO - Sync 1 DAGs
[2023-01-21T12:47:11.875+0000] {logging_mixin.py:137} INFO - [2023-01-21T12:47:11.874+0000] {dag.py:3427} INFO - Setting next_dagrun for latest_only_with_trigger to 2023-01-21T08:47:11.874660+00:00, run_after=2023-01-21T12:47:11.874660+00:00
[2023-01-21T12:47:11.897+0000] {processor.py:175} INFO - Processing /home/airflow/.local/lib/python3.7/site-packages/airflow/example_dags/example_latest_only_with_trigger.py took 0.134 seconds
[2023-01-21T12:47:42.094+0000] {processor.py:153} INFO - Started process (PID=1079) to work on /home/airflow/.local/lib/python3.7/site-packages/airflow/example_dags/example_latest_only_with_trigger.py
[2023-01-21T12:47:42.096+0000] {processor.py:743} INFO - Processing file /home/airflow/.local/lib/python3.7/site-packages/airflow/example_dags/example_latest_only_with_trigger.py for tasks to queue
[2023-01-21T12:47:42.096+0000] {logging_mixin.py:137} INFO - [2023-01-21T12:47:42.096+0000] {dagbag.py:538} INFO - Filling up the DagBag from /home/airflow/.local/lib/python3.7/site-packages/airflow/example_dags/example_latest_only_with_trigger.py
[2023-01-21T12:47:42.116+0000] {processor.py:753} INFO - DAG(s) dict_keys(['latest_only_with_trigger']) retrieved from /home/airflow/.local/lib/python3.7/site-packages/airflow/example_dags/example_latest_only_with_trigger.py
[2023-01-21T12:47:42.204+0000] {logging_mixin.py:137} INFO - [2023-01-21T12:47:42.204+0000] {dag.py:2676} INFO - Sync 1 DAGs
[2023-01-21T12:47:42.245+0000] {logging_mixin.py:137} INFO - [2023-01-21T12:47:42.244+0000] {dag.py:3427} INFO - Setting next_dagrun for latest_only_with_trigger to 2023-01-21T08:47:42.244596+00:00, run_after=2023-01-21T12:47:42.244596+00:00
[2023-01-21T12:47:42.277+0000] {processor.py:175} INFO - Processing /home/airflow/.local/lib/python3.7/site-packages/airflow/example_dags/example_latest_only_with_trigger.py took 0.186 seconds
[2023-01-21T12:48:13.020+0000] {processor.py:153} INFO - Started process (PID=1167) to work on /home/airflow/.local/lib/python3.7/site-packages/airflow/example_dags/example_latest_only_with_trigger.py
[2023-01-21T12:48:13.022+0000] {processor.py:743} INFO - Processing file /home/airflow/.local/lib/python3.7/site-packages/airflow/example_dags/example_latest_only_with_trigger.py for tasks to queue
[2023-01-21T12:48:13.023+0000] {logging_mixin.py:137} INFO - [2023-01-21T12:48:13.023+0000] {dagbag.py:538} INFO - Filling up the DagBag from /home/airflow/.local/lib/python3.7/site-packages/airflow/example_dags/example_latest_only_with_trigger.py
[2023-01-21T12:48:13.041+0000] {processor.py:753} INFO - DAG(s) dict_keys(['latest_only_with_trigger']) retrieved from /home/airflow/.local/lib/python3.7/site-packages/airflow/example_dags/example_latest_only_with_trigger.py
[2023-01-21T12:48:13.094+0000] {logging_mixin.py:137} INFO - [2023-01-21T12:48:13.094+0000] {dag.py:2676} INFO - Sync 1 DAGs
[2023-01-21T12:48:13.128+0000] {logging_mixin.py:137} INFO - [2023-01-21T12:48:13.128+0000] {dag.py:3427} INFO - Setting next_dagrun for latest_only_with_trigger to 2023-01-21T08:48:13.127945+00:00, run_after=2023-01-21T12:48:13.127945+00:00
[2023-01-21T12:48:13.158+0000] {processor.py:175} INFO - Processing /home/airflow/.local/lib/python3.7/site-packages/airflow/example_dags/example_latest_only_with_trigger.py took 0.142 seconds
