[2023-01-21T12:41:02.166+0000] {processor.py:153} INFO - Started process (PID=95) to work on /home/airflow/.local/lib/python3.7/site-packages/airflow/example_dags/example_external_task_marker_dag.py
[2023-01-21T12:41:02.167+0000] {processor.py:743} INFO - Processing file /home/airflow/.local/lib/python3.7/site-packages/airflow/example_dags/example_external_task_marker_dag.py for tasks to queue
[2023-01-21T12:41:02.167+0000] {logging_mixin.py:137} INFO - [2023-01-21T12:41:02.167+0000] {dagbag.py:538} INFO - Filling up the DagBag from /home/airflow/.local/lib/python3.7/site-packages/airflow/example_dags/example_external_task_marker_dag.py
[2023-01-21T12:41:02.185+0000] {processor.py:753} INFO - DAG(s) dict_keys(['example_external_task_marker_parent', 'example_external_task_marker_child']) retrieved from /home/airflow/.local/lib/python3.7/site-packages/airflow/example_dags/example_external_task_marker_dag.py
[2023-01-21T12:41:02.309+0000] {logging_mixin.py:137} INFO - [2023-01-21T12:41:02.309+0000] {dag.py:2676} INFO - Sync 2 DAGs
[2023-01-21T12:41:02.345+0000] {logging_mixin.py:137} INFO - [2023-01-21T12:41:02.345+0000] {dag.py:3427} INFO - Setting next_dagrun for example_external_task_marker_child to None, run_after=None
[2023-01-21T12:41:02.349+0000] {logging_mixin.py:137} INFO - [2023-01-21T12:41:02.349+0000] {dag.py:3427} INFO - Setting next_dagrun for example_external_task_marker_parent to None, run_after=None
[2023-01-21T12:41:02.376+0000] {processor.py:175} INFO - Processing /home/airflow/.local/lib/python3.7/site-packages/airflow/example_dags/example_external_task_marker_dag.py took 0.215 seconds
[2023-01-21T12:41:32.604+0000] {processor.py:153} INFO - Started process (PID=168) to work on /home/airflow/.local/lib/python3.7/site-packages/airflow/example_dags/example_external_task_marker_dag.py
[2023-01-21T12:41:32.605+0000] {processor.py:743} INFO - Processing file /home/airflow/.local/lib/python3.7/site-packages/airflow/example_dags/example_external_task_marker_dag.py for tasks to queue
[2023-01-21T12:41:32.606+0000] {logging_mixin.py:137} INFO - [2023-01-21T12:41:32.606+0000] {dagbag.py:538} INFO - Filling up the DagBag from /home/airflow/.local/lib/python3.7/site-packages/airflow/example_dags/example_external_task_marker_dag.py
[2023-01-21T12:41:32.622+0000] {processor.py:753} INFO - DAG(s) dict_keys(['example_external_task_marker_parent', 'example_external_task_marker_child']) retrieved from /home/airflow/.local/lib/python3.7/site-packages/airflow/example_dags/example_external_task_marker_dag.py
[2023-01-21T12:41:32.673+0000] {logging_mixin.py:137} INFO - [2023-01-21T12:41:32.673+0000] {dag.py:2676} INFO - Sync 2 DAGs
[2023-01-21T12:41:32.707+0000] {logging_mixin.py:137} INFO - [2023-01-21T12:41:32.706+0000] {dag.py:3427} INFO - Setting next_dagrun for example_external_task_marker_child to None, run_after=None
[2023-01-21T12:41:32.711+0000] {logging_mixin.py:137} INFO - [2023-01-21T12:41:32.711+0000] {dag.py:3427} INFO - Setting next_dagrun for example_external_task_marker_parent to None, run_after=None
[2023-01-21T12:41:32.733+0000] {processor.py:175} INFO - Processing /home/airflow/.local/lib/python3.7/site-packages/airflow/example_dags/example_external_task_marker_dag.py took 0.133 seconds
[2023-01-21T12:42:05.116+0000] {processor.py:153} INFO - Started process (PID=256) to work on /home/airflow/.local/lib/python3.7/site-packages/airflow/example_dags/example_external_task_marker_dag.py
[2023-01-21T12:42:05.118+0000] {processor.py:743} INFO - Processing file /home/airflow/.local/lib/python3.7/site-packages/airflow/example_dags/example_external_task_marker_dag.py for tasks to queue
[2023-01-21T12:42:05.119+0000] {logging_mixin.py:137} INFO - [2023-01-21T12:42:05.119+0000] {dagbag.py:538} INFO - Filling up the DagBag from /home/airflow/.local/lib/python3.7/site-packages/airflow/example_dags/example_external_task_marker_dag.py
[2023-01-21T12:42:05.150+0000] {processor.py:753} INFO - DAG(s) dict_keys(['example_external_task_marker_child', 'example_external_task_marker_parent']) retrieved from /home/airflow/.local/lib/python3.7/site-packages/airflow/example_dags/example_external_task_marker_dag.py
[2023-01-21T12:42:05.224+0000] {logging_mixin.py:137} INFO - [2023-01-21T12:42:05.224+0000] {dag.py:2676} INFO - Sync 2 DAGs
[2023-01-21T12:42:05.281+0000] {logging_mixin.py:137} INFO - [2023-01-21T12:42:05.281+0000] {dag.py:3427} INFO - Setting next_dagrun for example_external_task_marker_child to None, run_after=None
[2023-01-21T12:42:05.292+0000] {logging_mixin.py:137} INFO - [2023-01-21T12:42:05.292+0000] {dag.py:3427} INFO - Setting next_dagrun for example_external_task_marker_parent to None, run_after=None
[2023-01-21T12:42:05.324+0000] {processor.py:175} INFO - Processing /home/airflow/.local/lib/python3.7/site-packages/airflow/example_dags/example_external_task_marker_dag.py took 0.214 seconds
[2023-01-21T12:42:36.928+0000] {processor.py:153} INFO - Started process (PID=328) to work on /home/airflow/.local/lib/python3.7/site-packages/airflow/example_dags/example_external_task_marker_dag.py
[2023-01-21T12:42:36.936+0000] {processor.py:743} INFO - Processing file /home/airflow/.local/lib/python3.7/site-packages/airflow/example_dags/example_external_task_marker_dag.py for tasks to queue
[2023-01-21T12:42:36.937+0000] {logging_mixin.py:137} INFO - [2023-01-21T12:42:36.936+0000] {dagbag.py:538} INFO - Filling up the DagBag from /home/airflow/.local/lib/python3.7/site-packages/airflow/example_dags/example_external_task_marker_dag.py
[2023-01-21T12:42:36.992+0000] {processor.py:753} INFO - DAG(s) dict_keys(['example_external_task_marker_child', 'example_external_task_marker_parent']) retrieved from /home/airflow/.local/lib/python3.7/site-packages/airflow/example_dags/example_external_task_marker_dag.py
[2023-01-21T12:42:37.154+0000] {logging_mixin.py:137} INFO - [2023-01-21T12:42:37.153+0000] {dag.py:2676} INFO - Sync 2 DAGs
[2023-01-21T12:42:37.267+0000] {logging_mixin.py:137} INFO - [2023-01-21T12:42:37.267+0000] {dag.py:3427} INFO - Setting next_dagrun for example_external_task_marker_child to None, run_after=None
[2023-01-21T12:42:37.283+0000] {logging_mixin.py:137} INFO - [2023-01-21T12:42:37.283+0000] {dag.py:3427} INFO - Setting next_dagrun for example_external_task_marker_parent to None, run_after=None
[2023-01-21T12:42:37.349+0000] {processor.py:175} INFO - Processing /home/airflow/.local/lib/python3.7/site-packages/airflow/example_dags/example_external_task_marker_dag.py took 0.436 seconds
[2023-01-21T12:43:08.308+0000] {processor.py:153} INFO - Started process (PID=401) to work on /home/airflow/.local/lib/python3.7/site-packages/airflow/example_dags/example_external_task_marker_dag.py
[2023-01-21T12:43:08.309+0000] {processor.py:743} INFO - Processing file /home/airflow/.local/lib/python3.7/site-packages/airflow/example_dags/example_external_task_marker_dag.py for tasks to queue
[2023-01-21T12:43:08.310+0000] {logging_mixin.py:137} INFO - [2023-01-21T12:43:08.310+0000] {dagbag.py:538} INFO - Filling up the DagBag from /home/airflow/.local/lib/python3.7/site-packages/airflow/example_dags/example_external_task_marker_dag.py
[2023-01-21T12:43:08.325+0000] {processor.py:753} INFO - DAG(s) dict_keys(['example_external_task_marker_parent', 'example_external_task_marker_child']) retrieved from /home/airflow/.local/lib/python3.7/site-packages/airflow/example_dags/example_external_task_marker_dag.py
[2023-01-21T12:43:08.376+0000] {logging_mixin.py:137} INFO - [2023-01-21T12:43:08.376+0000] {dag.py:2676} INFO - Sync 2 DAGs
[2023-01-21T12:43:08.411+0000] {logging_mixin.py:137} INFO - [2023-01-21T12:43:08.411+0000] {dag.py:3427} INFO - Setting next_dagrun for example_external_task_marker_child to None, run_after=None
[2023-01-21T12:43:08.416+0000] {logging_mixin.py:137} INFO - [2023-01-21T12:43:08.415+0000] {dag.py:3427} INFO - Setting next_dagrun for example_external_task_marker_parent to None, run_after=None
[2023-01-21T12:43:08.440+0000] {processor.py:175} INFO - Processing /home/airflow/.local/lib/python3.7/site-packages/airflow/example_dags/example_external_task_marker_dag.py took 0.135 seconds
[2023-01-21T12:43:39.144+0000] {processor.py:153} INFO - Started process (PID=473) to work on /home/airflow/.local/lib/python3.7/site-packages/airflow/example_dags/example_external_task_marker_dag.py
[2023-01-21T12:43:39.164+0000] {processor.py:743} INFO - Processing file /home/airflow/.local/lib/python3.7/site-packages/airflow/example_dags/example_external_task_marker_dag.py for tasks to queue
[2023-01-21T12:43:39.165+0000] {logging_mixin.py:137} INFO - [2023-01-21T12:43:39.165+0000] {dagbag.py:538} INFO - Filling up the DagBag from /home/airflow/.local/lib/python3.7/site-packages/airflow/example_dags/example_external_task_marker_dag.py
[2023-01-21T12:43:39.192+0000] {processor.py:753} INFO - DAG(s) dict_keys(['example_external_task_marker_parent', 'example_external_task_marker_child']) retrieved from /home/airflow/.local/lib/python3.7/site-packages/airflow/example_dags/example_external_task_marker_dag.py
[2023-01-21T12:43:39.266+0000] {logging_mixin.py:137} INFO - [2023-01-21T12:43:39.265+0000] {dag.py:2676} INFO - Sync 2 DAGs
[2023-01-21T12:43:39.317+0000] {logging_mixin.py:137} INFO - [2023-01-21T12:43:39.317+0000] {dag.py:3427} INFO - Setting next_dagrun for example_external_task_marker_child to None, run_after=None
[2023-01-21T12:43:39.324+0000] {logging_mixin.py:137} INFO - [2023-01-21T12:43:39.324+0000] {dag.py:3427} INFO - Setting next_dagrun for example_external_task_marker_parent to None, run_after=None
[2023-01-21T12:43:39.357+0000] {processor.py:175} INFO - Processing /home/airflow/.local/lib/python3.7/site-packages/airflow/example_dags/example_external_task_marker_dag.py took 0.218 seconds
[2023-01-21T12:44:09.877+0000] {processor.py:153} INFO - Started process (PID=561) to work on /home/airflow/.local/lib/python3.7/site-packages/airflow/example_dags/example_external_task_marker_dag.py
[2023-01-21T12:44:09.878+0000] {processor.py:743} INFO - Processing file /home/airflow/.local/lib/python3.7/site-packages/airflow/example_dags/example_external_task_marker_dag.py for tasks to queue
[2023-01-21T12:44:09.880+0000] {logging_mixin.py:137} INFO - [2023-01-21T12:44:09.879+0000] {dagbag.py:538} INFO - Filling up the DagBag from /home/airflow/.local/lib/python3.7/site-packages/airflow/example_dags/example_external_task_marker_dag.py
[2023-01-21T12:44:09.900+0000] {processor.py:753} INFO - DAG(s) dict_keys(['example_external_task_marker_child', 'example_external_task_marker_parent']) retrieved from /home/airflow/.local/lib/python3.7/site-packages/airflow/example_dags/example_external_task_marker_dag.py
[2023-01-21T12:44:09.956+0000] {logging_mixin.py:137} INFO - [2023-01-21T12:44:09.956+0000] {dag.py:2676} INFO - Sync 2 DAGs
[2023-01-21T12:44:09.989+0000] {logging_mixin.py:137} INFO - [2023-01-21T12:44:09.989+0000] {dag.py:3427} INFO - Setting next_dagrun for example_external_task_marker_child to None, run_after=None
[2023-01-21T12:44:09.994+0000] {logging_mixin.py:137} INFO - [2023-01-21T12:44:09.994+0000] {dag.py:3427} INFO - Setting next_dagrun for example_external_task_marker_parent to None, run_after=None
[2023-01-21T12:44:10.018+0000] {processor.py:175} INFO - Processing /home/airflow/.local/lib/python3.7/site-packages/airflow/example_dags/example_external_task_marker_dag.py took 0.146 seconds
[2023-01-21T12:44:40.361+0000] {processor.py:153} INFO - Started process (PID=633) to work on /home/airflow/.local/lib/python3.7/site-packages/airflow/example_dags/example_external_task_marker_dag.py
[2023-01-21T12:44:40.363+0000] {processor.py:743} INFO - Processing file /home/airflow/.local/lib/python3.7/site-packages/airflow/example_dags/example_external_task_marker_dag.py for tasks to queue
[2023-01-21T12:44:40.364+0000] {logging_mixin.py:137} INFO - [2023-01-21T12:44:40.363+0000] {dagbag.py:538} INFO - Filling up the DagBag from /home/airflow/.local/lib/python3.7/site-packages/airflow/example_dags/example_external_task_marker_dag.py
[2023-01-21T12:44:40.388+0000] {processor.py:753} INFO - DAG(s) dict_keys(['example_external_task_marker_child', 'example_external_task_marker_parent']) retrieved from /home/airflow/.local/lib/python3.7/site-packages/airflow/example_dags/example_external_task_marker_dag.py
[2023-01-21T12:44:40.460+0000] {logging_mixin.py:137} INFO - [2023-01-21T12:44:40.460+0000] {dag.py:2676} INFO - Sync 2 DAGs
[2023-01-21T12:44:40.511+0000] {logging_mixin.py:137} INFO - [2023-01-21T12:44:40.511+0000] {dag.py:3427} INFO - Setting next_dagrun for example_external_task_marker_child to None, run_after=None
[2023-01-21T12:44:40.518+0000] {logging_mixin.py:137} INFO - [2023-01-21T12:44:40.518+0000] {dag.py:3427} INFO - Setting next_dagrun for example_external_task_marker_parent to None, run_after=None
[2023-01-21T12:44:40.551+0000] {processor.py:175} INFO - Processing /home/airflow/.local/lib/python3.7/site-packages/airflow/example_dags/example_external_task_marker_dag.py took 0.196 seconds
[2023-01-21T12:45:10.819+0000] {processor.py:153} INFO - Started process (PID=705) to work on /home/airflow/.local/lib/python3.7/site-packages/airflow/example_dags/example_external_task_marker_dag.py
[2023-01-21T12:45:10.820+0000] {processor.py:743} INFO - Processing file /home/airflow/.local/lib/python3.7/site-packages/airflow/example_dags/example_external_task_marker_dag.py for tasks to queue
[2023-01-21T12:45:10.821+0000] {logging_mixin.py:137} INFO - [2023-01-21T12:45:10.821+0000] {dagbag.py:538} INFO - Filling up the DagBag from /home/airflow/.local/lib/python3.7/site-packages/airflow/example_dags/example_external_task_marker_dag.py
[2023-01-21T12:45:10.836+0000] {processor.py:753} INFO - DAG(s) dict_keys(['example_external_task_marker_child', 'example_external_task_marker_parent']) retrieved from /home/airflow/.local/lib/python3.7/site-packages/airflow/example_dags/example_external_task_marker_dag.py
[2023-01-21T12:45:10.888+0000] {logging_mixin.py:137} INFO - [2023-01-21T12:45:10.888+0000] {dag.py:2676} INFO - Sync 2 DAGs
[2023-01-21T12:45:10.920+0000] {logging_mixin.py:137} INFO - [2023-01-21T12:45:10.920+0000] {dag.py:3427} INFO - Setting next_dagrun for example_external_task_marker_child to None, run_after=None
[2023-01-21T12:45:10.924+0000] {logging_mixin.py:137} INFO - [2023-01-21T12:45:10.924+0000] {dag.py:3427} INFO - Setting next_dagrun for example_external_task_marker_parent to None, run_after=None
[2023-01-21T12:45:10.947+0000] {processor.py:175} INFO - Processing /home/airflow/.local/lib/python3.7/site-packages/airflow/example_dags/example_external_task_marker_dag.py took 0.132 seconds
[2023-01-21T12:45:41.017+0000] {processor.py:153} INFO - Started process (PID=786) to work on /home/airflow/.local/lib/python3.7/site-packages/airflow/example_dags/example_external_task_marker_dag.py
[2023-01-21T12:45:41.018+0000] {processor.py:743} INFO - Processing file /home/airflow/.local/lib/python3.7/site-packages/airflow/example_dags/example_external_task_marker_dag.py for tasks to queue
[2023-01-21T12:45:41.019+0000] {logging_mixin.py:137} INFO - [2023-01-21T12:45:41.019+0000] {dagbag.py:538} INFO - Filling up the DagBag from /home/airflow/.local/lib/python3.7/site-packages/airflow/example_dags/example_external_task_marker_dag.py
[2023-01-21T12:45:41.039+0000] {processor.py:753} INFO - DAG(s) dict_keys(['example_external_task_marker_parent', 'example_external_task_marker_child']) retrieved from /home/airflow/.local/lib/python3.7/site-packages/airflow/example_dags/example_external_task_marker_dag.py
[2023-01-21T12:45:41.100+0000] {logging_mixin.py:137} INFO - [2023-01-21T12:45:41.100+0000] {dag.py:2676} INFO - Sync 2 DAGs
[2023-01-21T12:45:41.140+0000] {logging_mixin.py:137} INFO - [2023-01-21T12:45:41.140+0000] {dag.py:3427} INFO - Setting next_dagrun for example_external_task_marker_child to None, run_after=None
[2023-01-21T12:45:41.145+0000] {logging_mixin.py:137} INFO - [2023-01-21T12:45:41.144+0000] {dag.py:3427} INFO - Setting next_dagrun for example_external_task_marker_parent to None, run_after=None
[2023-01-21T12:45:41.173+0000] {processor.py:175} INFO - Processing /home/airflow/.local/lib/python3.7/site-packages/airflow/example_dags/example_external_task_marker_dag.py took 0.160 seconds
[2023-01-21T12:46:12.108+0000] {processor.py:153} INFO - Started process (PID=866) to work on /home/airflow/.local/lib/python3.7/site-packages/airflow/example_dags/example_external_task_marker_dag.py
[2023-01-21T12:46:12.134+0000] {processor.py:743} INFO - Processing file /home/airflow/.local/lib/python3.7/site-packages/airflow/example_dags/example_external_task_marker_dag.py for tasks to queue
[2023-01-21T12:46:12.135+0000] {logging_mixin.py:137} INFO - [2023-01-21T12:46:12.135+0000] {dagbag.py:538} INFO - Filling up the DagBag from /home/airflow/.local/lib/python3.7/site-packages/airflow/example_dags/example_external_task_marker_dag.py
[2023-01-21T12:46:12.178+0000] {processor.py:753} INFO - DAG(s) dict_keys(['example_external_task_marker_parent', 'example_external_task_marker_child']) retrieved from /home/airflow/.local/lib/python3.7/site-packages/airflow/example_dags/example_external_task_marker_dag.py
[2023-01-21T12:46:12.312+0000] {logging_mixin.py:137} INFO - [2023-01-21T12:46:12.312+0000] {dag.py:2676} INFO - Sync 2 DAGs
[2023-01-21T12:46:12.363+0000] {logging_mixin.py:137} INFO - [2023-01-21T12:46:12.362+0000] {dag.py:3427} INFO - Setting next_dagrun for example_external_task_marker_child to None, run_after=None
[2023-01-21T12:46:12.369+0000] {logging_mixin.py:137} INFO - [2023-01-21T12:46:12.369+0000] {dag.py:3427} INFO - Setting next_dagrun for example_external_task_marker_parent to None, run_after=None
[2023-01-21T12:46:12.407+0000] {processor.py:175} INFO - Processing /home/airflow/.local/lib/python3.7/site-packages/airflow/example_dags/example_external_task_marker_dag.py took 0.314 seconds
[2023-01-21T12:46:43.398+0000] {processor.py:153} INFO - Started process (PID=938) to work on /home/airflow/.local/lib/python3.7/site-packages/airflow/example_dags/example_external_task_marker_dag.py
[2023-01-21T12:46:43.399+0000] {processor.py:743} INFO - Processing file /home/airflow/.local/lib/python3.7/site-packages/airflow/example_dags/example_external_task_marker_dag.py for tasks to queue
[2023-01-21T12:46:43.400+0000] {logging_mixin.py:137} INFO - [2023-01-21T12:46:43.400+0000] {dagbag.py:538} INFO - Filling up the DagBag from /home/airflow/.local/lib/python3.7/site-packages/airflow/example_dags/example_external_task_marker_dag.py
[2023-01-21T12:46:43.417+0000] {processor.py:753} INFO - DAG(s) dict_keys(['example_external_task_marker_parent', 'example_external_task_marker_child']) retrieved from /home/airflow/.local/lib/python3.7/site-packages/airflow/example_dags/example_external_task_marker_dag.py
[2023-01-21T12:46:43.471+0000] {logging_mixin.py:137} INFO - [2023-01-21T12:46:43.471+0000] {dag.py:2676} INFO - Sync 2 DAGs
[2023-01-21T12:46:43.510+0000] {logging_mixin.py:137} INFO - [2023-01-21T12:46:43.510+0000] {dag.py:3427} INFO - Setting next_dagrun for example_external_task_marker_child to None, run_after=None
[2023-01-21T12:46:43.515+0000] {logging_mixin.py:137} INFO - [2023-01-21T12:46:43.515+0000] {dag.py:3427} INFO - Setting next_dagrun for example_external_task_marker_parent to None, run_after=None
[2023-01-21T12:46:43.541+0000] {processor.py:175} INFO - Processing /home/airflow/.local/lib/python3.7/site-packages/airflow/example_dags/example_external_task_marker_dag.py took 0.147 seconds
[2023-01-21T12:47:13.933+0000] {processor.py:153} INFO - Started process (PID=1010) to work on /home/airflow/.local/lib/python3.7/site-packages/airflow/example_dags/example_external_task_marker_dag.py
[2023-01-21T12:47:13.934+0000] {processor.py:743} INFO - Processing file /home/airflow/.local/lib/python3.7/site-packages/airflow/example_dags/example_external_task_marker_dag.py for tasks to queue
[2023-01-21T12:47:13.934+0000] {logging_mixin.py:137} INFO - [2023-01-21T12:47:13.934+0000] {dagbag.py:538} INFO - Filling up the DagBag from /home/airflow/.local/lib/python3.7/site-packages/airflow/example_dags/example_external_task_marker_dag.py
[2023-01-21T12:47:13.950+0000] {processor.py:753} INFO - DAG(s) dict_keys(['example_external_task_marker_child', 'example_external_task_marker_parent']) retrieved from /home/airflow/.local/lib/python3.7/site-packages/airflow/example_dags/example_external_task_marker_dag.py
[2023-01-21T12:47:13.999+0000] {logging_mixin.py:137} INFO - [2023-01-21T12:47:13.998+0000] {dag.py:2676} INFO - Sync 2 DAGs
[2023-01-21T12:47:14.029+0000] {logging_mixin.py:137} INFO - [2023-01-21T12:47:14.029+0000] {dag.py:3427} INFO - Setting next_dagrun for example_external_task_marker_child to None, run_after=None
[2023-01-21T12:47:14.033+0000] {logging_mixin.py:137} INFO - [2023-01-21T12:47:14.033+0000] {dag.py:3427} INFO - Setting next_dagrun for example_external_task_marker_parent to None, run_after=None
[2023-01-21T12:47:14.058+0000] {processor.py:175} INFO - Processing /home/airflow/.local/lib/python3.7/site-packages/airflow/example_dags/example_external_task_marker_dag.py took 0.128 seconds
[2023-01-21T12:47:44.314+0000] {processor.py:153} INFO - Started process (PID=1098) to work on /home/airflow/.local/lib/python3.7/site-packages/airflow/example_dags/example_external_task_marker_dag.py
[2023-01-21T12:47:44.315+0000] {processor.py:743} INFO - Processing file /home/airflow/.local/lib/python3.7/site-packages/airflow/example_dags/example_external_task_marker_dag.py for tasks to queue
[2023-01-21T12:47:44.316+0000] {logging_mixin.py:137} INFO - [2023-01-21T12:47:44.315+0000] {dagbag.py:538} INFO - Filling up the DagBag from /home/airflow/.local/lib/python3.7/site-packages/airflow/example_dags/example_external_task_marker_dag.py
[2023-01-21T12:47:44.332+0000] {processor.py:753} INFO - DAG(s) dict_keys(['example_external_task_marker_parent', 'example_external_task_marker_child']) retrieved from /home/airflow/.local/lib/python3.7/site-packages/airflow/example_dags/example_external_task_marker_dag.py
[2023-01-21T12:47:44.387+0000] {logging_mixin.py:137} INFO - [2023-01-21T12:47:44.387+0000] {dag.py:2676} INFO - Sync 2 DAGs
[2023-01-21T12:47:44.428+0000] {logging_mixin.py:137} INFO - [2023-01-21T12:47:44.428+0000] {dag.py:3427} INFO - Setting next_dagrun for example_external_task_marker_child to None, run_after=None
[2023-01-21T12:47:44.433+0000] {logging_mixin.py:137} INFO - [2023-01-21T12:47:44.433+0000] {dag.py:3427} INFO - Setting next_dagrun for example_external_task_marker_parent to None, run_after=None
[2023-01-21T12:47:44.457+0000] {processor.py:175} INFO - Processing /home/airflow/.local/lib/python3.7/site-packages/airflow/example_dags/example_external_task_marker_dag.py took 0.147 seconds
[2023-01-21T12:48:15.195+0000] {processor.py:153} INFO - Started process (PID=1170) to work on /home/airflow/.local/lib/python3.7/site-packages/airflow/example_dags/example_external_task_marker_dag.py
[2023-01-21T12:48:15.197+0000] {processor.py:743} INFO - Processing file /home/airflow/.local/lib/python3.7/site-packages/airflow/example_dags/example_external_task_marker_dag.py for tasks to queue
[2023-01-21T12:48:15.197+0000] {logging_mixin.py:137} INFO - [2023-01-21T12:48:15.197+0000] {dagbag.py:538} INFO - Filling up the DagBag from /home/airflow/.local/lib/python3.7/site-packages/airflow/example_dags/example_external_task_marker_dag.py
[2023-01-21T12:48:15.222+0000] {processor.py:753} INFO - DAG(s) dict_keys(['example_external_task_marker_parent', 'example_external_task_marker_child']) retrieved from /home/airflow/.local/lib/python3.7/site-packages/airflow/example_dags/example_external_task_marker_dag.py
[2023-01-21T12:48:15.280+0000] {logging_mixin.py:137} INFO - [2023-01-21T12:48:15.280+0000] {dag.py:2676} INFO - Sync 2 DAGs
[2023-01-21T12:48:15.314+0000] {logging_mixin.py:137} INFO - [2023-01-21T12:48:15.314+0000] {dag.py:3427} INFO - Setting next_dagrun for example_external_task_marker_child to None, run_after=None
[2023-01-21T12:48:15.319+0000] {logging_mixin.py:137} INFO - [2023-01-21T12:48:15.318+0000] {dag.py:3427} INFO - Setting next_dagrun for example_external_task_marker_parent to None, run_after=None
[2023-01-21T12:48:15.345+0000] {processor.py:175} INFO - Processing /home/airflow/.local/lib/python3.7/site-packages/airflow/example_dags/example_external_task_marker_dag.py took 0.153 seconds
