[2023-01-21T12:41:01.560+0000] {processor.py:153} INFO - Started process (PID=88) to work on /home/airflow/.local/lib/python3.7/site-packages/airflow/example_dags/example_task_group_decorator.py
[2023-01-21T12:41:01.561+0000] {processor.py:743} INFO - Processing file /home/airflow/.local/lib/python3.7/site-packages/airflow/example_dags/example_task_group_decorator.py for tasks to queue
[2023-01-21T12:41:01.562+0000] {logging_mixin.py:137} INFO - [2023-01-21T12:41:01.561+0000] {dagbag.py:538} INFO - Filling up the DagBag from /home/airflow/.local/lib/python3.7/site-packages/airflow/example_dags/example_task_group_decorator.py
[2023-01-21T12:41:01.598+0000] {processor.py:753} INFO - DAG(s) dict_keys(['example_task_group_decorator']) retrieved from /home/airflow/.local/lib/python3.7/site-packages/airflow/example_dags/example_task_group_decorator.py
[2023-01-21T12:41:01.650+0000] {logging_mixin.py:137} INFO - [2023-01-21T12:41:01.649+0000] {dag.py:2676} INFO - Sync 1 DAGs
[2023-01-21T12:41:01.682+0000] {logging_mixin.py:137} INFO - [2023-01-21T12:41:01.682+0000] {dag.py:3427} INFO - Setting next_dagrun for example_task_group_decorator to 2023-01-20T12:41:01.682254+00:00, run_after=2023-01-21T12:41:01.682254+00:00
[2023-01-21T12:41:01.709+0000] {processor.py:175} INFO - Processing /home/airflow/.local/lib/python3.7/site-packages/airflow/example_dags/example_task_group_decorator.py took 0.154 seconds
[2023-01-21T12:41:32.021+0000] {processor.py:153} INFO - Started process (PID=161) to work on /home/airflow/.local/lib/python3.7/site-packages/airflow/example_dags/example_task_group_decorator.py
[2023-01-21T12:41:32.022+0000] {processor.py:743} INFO - Processing file /home/airflow/.local/lib/python3.7/site-packages/airflow/example_dags/example_task_group_decorator.py for tasks to queue
[2023-01-21T12:41:32.024+0000] {logging_mixin.py:137} INFO - [2023-01-21T12:41:32.023+0000] {dagbag.py:538} INFO - Filling up the DagBag from /home/airflow/.local/lib/python3.7/site-packages/airflow/example_dags/example_task_group_decorator.py
[2023-01-21T12:41:32.065+0000] {processor.py:753} INFO - DAG(s) dict_keys(['example_task_group_decorator']) retrieved from /home/airflow/.local/lib/python3.7/site-packages/airflow/example_dags/example_task_group_decorator.py
[2023-01-21T12:41:32.154+0000] {logging_mixin.py:137} INFO - [2023-01-21T12:41:32.154+0000] {dag.py:2676} INFO - Sync 1 DAGs
[2023-01-21T12:41:32.186+0000] {logging_mixin.py:137} INFO - [2023-01-21T12:41:32.186+0000] {dag.py:3427} INFO - Setting next_dagrun for example_task_group_decorator to 2023-01-20T12:41:32.186074+00:00, run_after=2023-01-21T12:41:32.186074+00:00
[2023-01-21T12:41:32.211+0000] {processor.py:175} INFO - Processing /home/airflow/.local/lib/python3.7/site-packages/airflow/example_dags/example_task_group_decorator.py took 0.194 seconds
[2023-01-21T12:42:03.865+0000] {processor.py:153} INFO - Started process (PID=249) to work on /home/airflow/.local/lib/python3.7/site-packages/airflow/example_dags/example_task_group_decorator.py
[2023-01-21T12:42:03.867+0000] {processor.py:743} INFO - Processing file /home/airflow/.local/lib/python3.7/site-packages/airflow/example_dags/example_task_group_decorator.py for tasks to queue
[2023-01-21T12:42:03.868+0000] {logging_mixin.py:137} INFO - [2023-01-21T12:42:03.868+0000] {dagbag.py:538} INFO - Filling up the DagBag from /home/airflow/.local/lib/python3.7/site-packages/airflow/example_dags/example_task_group_decorator.py
[2023-01-21T12:42:03.959+0000] {processor.py:753} INFO - DAG(s) dict_keys(['example_task_group_decorator']) retrieved from /home/airflow/.local/lib/python3.7/site-packages/airflow/example_dags/example_task_group_decorator.py
[2023-01-21T12:42:04.102+0000] {logging_mixin.py:137} INFO - [2023-01-21T12:42:04.102+0000] {dag.py:2676} INFO - Sync 1 DAGs
[2023-01-21T12:42:04.156+0000] {logging_mixin.py:137} INFO - [2023-01-21T12:42:04.156+0000] {dag.py:3427} INFO - Setting next_dagrun for example_task_group_decorator to 2023-01-20T12:42:04.156139+00:00, run_after=2023-01-21T12:42:04.156139+00:00
[2023-01-21T12:42:04.191+0000] {processor.py:175} INFO - Processing /home/airflow/.local/lib/python3.7/site-packages/airflow/example_dags/example_task_group_decorator.py took 0.331 seconds
[2023-01-21T12:42:35.411+0000] {processor.py:153} INFO - Started process (PID=321) to work on /home/airflow/.local/lib/python3.7/site-packages/airflow/example_dags/example_task_group_decorator.py
[2023-01-21T12:42:35.412+0000] {processor.py:743} INFO - Processing file /home/airflow/.local/lib/python3.7/site-packages/airflow/example_dags/example_task_group_decorator.py for tasks to queue
[2023-01-21T12:42:35.413+0000] {logging_mixin.py:137} INFO - [2023-01-21T12:42:35.413+0000] {dagbag.py:538} INFO - Filling up the DagBag from /home/airflow/.local/lib/python3.7/site-packages/airflow/example_dags/example_task_group_decorator.py
[2023-01-21T12:42:35.559+0000] {processor.py:753} INFO - DAG(s) dict_keys(['example_task_group_decorator']) retrieved from /home/airflow/.local/lib/python3.7/site-packages/airflow/example_dags/example_task_group_decorator.py
[2023-01-21T12:42:35.715+0000] {logging_mixin.py:137} INFO - [2023-01-21T12:42:35.704+0000] {dag.py:2676} INFO - Sync 1 DAGs
[2023-01-21T12:42:35.838+0000] {logging_mixin.py:137} INFO - [2023-01-21T12:42:35.838+0000] {dag.py:3427} INFO - Setting next_dagrun for example_task_group_decorator to 2023-01-20T12:42:35.837764+00:00, run_after=2023-01-21T12:42:35.837764+00:00
[2023-01-21T12:42:35.919+0000] {processor.py:175} INFO - Processing /home/airflow/.local/lib/python3.7/site-packages/airflow/example_dags/example_task_group_decorator.py took 0.538 seconds
[2023-01-21T12:43:06.669+0000] {processor.py:153} INFO - Started process (PID=394) to work on /home/airflow/.local/lib/python3.7/site-packages/airflow/example_dags/example_task_group_decorator.py
[2023-01-21T12:43:06.670+0000] {processor.py:743} INFO - Processing file /home/airflow/.local/lib/python3.7/site-packages/airflow/example_dags/example_task_group_decorator.py for tasks to queue
[2023-01-21T12:43:06.671+0000] {logging_mixin.py:137} INFO - [2023-01-21T12:43:06.671+0000] {dagbag.py:538} INFO - Filling up the DagBag from /home/airflow/.local/lib/python3.7/site-packages/airflow/example_dags/example_task_group_decorator.py
[2023-01-21T12:43:06.713+0000] {processor.py:753} INFO - DAG(s) dict_keys(['example_task_group_decorator']) retrieved from /home/airflow/.local/lib/python3.7/site-packages/airflow/example_dags/example_task_group_decorator.py
[2023-01-21T12:43:06.777+0000] {logging_mixin.py:137} INFO - [2023-01-21T12:43:06.777+0000] {dag.py:2676} INFO - Sync 1 DAGs
[2023-01-21T12:43:06.811+0000] {logging_mixin.py:137} INFO - [2023-01-21T12:43:06.811+0000] {dag.py:3427} INFO - Setting next_dagrun for example_task_group_decorator to 2023-01-20T12:43:06.810877+00:00, run_after=2023-01-21T12:43:06.810877+00:00
[2023-01-21T12:43:06.840+0000] {processor.py:175} INFO - Processing /home/airflow/.local/lib/python3.7/site-packages/airflow/example_dags/example_task_group_decorator.py took 0.176 seconds
[2023-01-21T12:43:36.980+0000] {processor.py:153} INFO - Started process (PID=466) to work on /home/airflow/.local/lib/python3.7/site-packages/airflow/example_dags/example_task_group_decorator.py
[2023-01-21T12:43:36.982+0000] {processor.py:743} INFO - Processing file /home/airflow/.local/lib/python3.7/site-packages/airflow/example_dags/example_task_group_decorator.py for tasks to queue
[2023-01-21T12:43:36.983+0000] {logging_mixin.py:137} INFO - [2023-01-21T12:43:36.983+0000] {dagbag.py:538} INFO - Filling up the DagBag from /home/airflow/.local/lib/python3.7/site-packages/airflow/example_dags/example_task_group_decorator.py
[2023-01-21T12:43:37.072+0000] {processor.py:753} INFO - DAG(s) dict_keys(['example_task_group_decorator']) retrieved from /home/airflow/.local/lib/python3.7/site-packages/airflow/example_dags/example_task_group_decorator.py
[2023-01-21T12:43:37.199+0000] {logging_mixin.py:137} INFO - [2023-01-21T12:43:37.198+0000] {dag.py:2676} INFO - Sync 1 DAGs
[2023-01-21T12:43:37.258+0000] {logging_mixin.py:137} INFO - [2023-01-21T12:43:37.258+0000] {dag.py:3427} INFO - Setting next_dagrun for example_task_group_decorator to 2023-01-20T12:43:37.258187+00:00, run_after=2023-01-21T12:43:37.258187+00:00
[2023-01-21T12:43:37.305+0000] {processor.py:175} INFO - Processing /home/airflow/.local/lib/python3.7/site-packages/airflow/example_dags/example_task_group_decorator.py took 0.332 seconds
[2023-01-21T12:44:07.496+0000] {processor.py:153} INFO - Started process (PID=538) to work on /home/airflow/.local/lib/python3.7/site-packages/airflow/example_dags/example_task_group_decorator.py
[2023-01-21T12:44:07.497+0000] {processor.py:743} INFO - Processing file /home/airflow/.local/lib/python3.7/site-packages/airflow/example_dags/example_task_group_decorator.py for tasks to queue
[2023-01-21T12:44:07.498+0000] {logging_mixin.py:137} INFO - [2023-01-21T12:44:07.498+0000] {dagbag.py:538} INFO - Filling up the DagBag from /home/airflow/.local/lib/python3.7/site-packages/airflow/example_dags/example_task_group_decorator.py
[2023-01-21T12:44:07.533+0000] {processor.py:753} INFO - DAG(s) dict_keys(['example_task_group_decorator']) retrieved from /home/airflow/.local/lib/python3.7/site-packages/airflow/example_dags/example_task_group_decorator.py
[2023-01-21T12:44:07.588+0000] {logging_mixin.py:137} INFO - [2023-01-21T12:44:07.588+0000] {dag.py:2676} INFO - Sync 1 DAGs
[2023-01-21T12:44:07.620+0000] {logging_mixin.py:137} INFO - [2023-01-21T12:44:07.620+0000] {dag.py:3427} INFO - Setting next_dagrun for example_task_group_decorator to 2023-01-20T12:44:07.620228+00:00, run_after=2023-01-21T12:44:07.620228+00:00
[2023-01-21T12:44:07.647+0000] {processor.py:175} INFO - Processing /home/airflow/.local/lib/python3.7/site-packages/airflow/example_dags/example_task_group_decorator.py took 0.155 seconds
[2023-01-21T12:44:37.968+0000] {processor.py:153} INFO - Started process (PID=626) to work on /home/airflow/.local/lib/python3.7/site-packages/airflow/example_dags/example_task_group_decorator.py
[2023-01-21T12:44:37.970+0000] {processor.py:743} INFO - Processing file /home/airflow/.local/lib/python3.7/site-packages/airflow/example_dags/example_task_group_decorator.py for tasks to queue
[2023-01-21T12:44:37.971+0000] {logging_mixin.py:137} INFO - [2023-01-21T12:44:37.970+0000] {dagbag.py:538} INFO - Filling up the DagBag from /home/airflow/.local/lib/python3.7/site-packages/airflow/example_dags/example_task_group_decorator.py
[2023-01-21T12:44:38.007+0000] {processor.py:753} INFO - DAG(s) dict_keys(['example_task_group_decorator']) retrieved from /home/airflow/.local/lib/python3.7/site-packages/airflow/example_dags/example_task_group_decorator.py
[2023-01-21T12:44:38.056+0000] {logging_mixin.py:137} INFO - [2023-01-21T12:44:38.056+0000] {dag.py:2676} INFO - Sync 1 DAGs
[2023-01-21T12:44:38.089+0000] {logging_mixin.py:137} INFO - [2023-01-21T12:44:38.089+0000] {dag.py:3427} INFO - Setting next_dagrun for example_task_group_decorator to 2023-01-20T12:44:38.089114+00:00, run_after=2023-01-21T12:44:38.089114+00:00
[2023-01-21T12:44:38.117+0000] {processor.py:175} INFO - Processing /home/airflow/.local/lib/python3.7/site-packages/airflow/example_dags/example_task_group_decorator.py took 0.152 seconds
[2023-01-21T12:45:08.433+0000] {processor.py:153} INFO - Started process (PID=698) to work on /home/airflow/.local/lib/python3.7/site-packages/airflow/example_dags/example_task_group_decorator.py
[2023-01-21T12:45:08.434+0000] {processor.py:743} INFO - Processing file /home/airflow/.local/lib/python3.7/site-packages/airflow/example_dags/example_task_group_decorator.py for tasks to queue
[2023-01-21T12:45:08.435+0000] {logging_mixin.py:137} INFO - [2023-01-21T12:45:08.435+0000] {dagbag.py:538} INFO - Filling up the DagBag from /home/airflow/.local/lib/python3.7/site-packages/airflow/example_dags/example_task_group_decorator.py
[2023-01-21T12:45:08.472+0000] {processor.py:753} INFO - DAG(s) dict_keys(['example_task_group_decorator']) retrieved from /home/airflow/.local/lib/python3.7/site-packages/airflow/example_dags/example_task_group_decorator.py
[2023-01-21T12:45:08.535+0000] {logging_mixin.py:137} INFO - [2023-01-21T12:45:08.535+0000] {dag.py:2676} INFO - Sync 1 DAGs
[2023-01-21T12:45:08.573+0000] {logging_mixin.py:137} INFO - [2023-01-21T12:45:08.573+0000] {dag.py:3427} INFO - Setting next_dagrun for example_task_group_decorator to 2023-01-20T12:45:08.573395+00:00, run_after=2023-01-21T12:45:08.573395+00:00
[2023-01-21T12:45:08.604+0000] {processor.py:175} INFO - Processing /home/airflow/.local/lib/python3.7/site-packages/airflow/example_dags/example_task_group_decorator.py took 0.175 seconds
[2023-01-21T12:45:38.674+0000] {processor.py:153} INFO - Started process (PID=770) to work on /home/airflow/.local/lib/python3.7/site-packages/airflow/example_dags/example_task_group_decorator.py
[2023-01-21T12:45:38.676+0000] {processor.py:743} INFO - Processing file /home/airflow/.local/lib/python3.7/site-packages/airflow/example_dags/example_task_group_decorator.py for tasks to queue
[2023-01-21T12:45:38.676+0000] {logging_mixin.py:137} INFO - [2023-01-21T12:45:38.676+0000] {dagbag.py:538} INFO - Filling up the DagBag from /home/airflow/.local/lib/python3.7/site-packages/airflow/example_dags/example_task_group_decorator.py
[2023-01-21T12:45:38.711+0000] {processor.py:753} INFO - DAG(s) dict_keys(['example_task_group_decorator']) retrieved from /home/airflow/.local/lib/python3.7/site-packages/airflow/example_dags/example_task_group_decorator.py
[2023-01-21T12:45:38.759+0000] {logging_mixin.py:137} INFO - [2023-01-21T12:45:38.758+0000] {dag.py:2676} INFO - Sync 1 DAGs
[2023-01-21T12:45:38.789+0000] {logging_mixin.py:137} INFO - [2023-01-21T12:45:38.789+0000] {dag.py:3427} INFO - Setting next_dagrun for example_task_group_decorator to 2023-01-20T12:45:38.789050+00:00, run_after=2023-01-21T12:45:38.789050+00:00
[2023-01-21T12:45:38.815+0000] {processor.py:175} INFO - Processing /home/airflow/.local/lib/python3.7/site-packages/airflow/example_dags/example_task_group_decorator.py took 0.144 seconds
[2023-01-21T12:46:10.063+0000] {processor.py:153} INFO - Started process (PID=859) to work on /home/airflow/.local/lib/python3.7/site-packages/airflow/example_dags/example_task_group_decorator.py
[2023-01-21T12:46:10.068+0000] {processor.py:743} INFO - Processing file /home/airflow/.local/lib/python3.7/site-packages/airflow/example_dags/example_task_group_decorator.py for tasks to queue
[2023-01-21T12:46:10.069+0000] {logging_mixin.py:137} INFO - [2023-01-21T12:46:10.069+0000] {dagbag.py:538} INFO - Filling up the DagBag from /home/airflow/.local/lib/python3.7/site-packages/airflow/example_dags/example_task_group_decorator.py
[2023-01-21T12:46:10.158+0000] {processor.py:753} INFO - DAG(s) dict_keys(['example_task_group_decorator']) retrieved from /home/airflow/.local/lib/python3.7/site-packages/airflow/example_dags/example_task_group_decorator.py
[2023-01-21T12:46:10.231+0000] {logging_mixin.py:137} INFO - [2023-01-21T12:46:10.231+0000] {dag.py:2676} INFO - Sync 1 DAGs
[2023-01-21T12:46:10.302+0000] {logging_mixin.py:137} INFO - [2023-01-21T12:46:10.302+0000] {dag.py:3427} INFO - Setting next_dagrun for example_task_group_decorator to 2023-01-20T12:46:10.301094+00:00, run_after=2023-01-21T12:46:10.301094+00:00
[2023-01-21T12:46:10.392+0000] {processor.py:175} INFO - Processing /home/airflow/.local/lib/python3.7/site-packages/airflow/example_dags/example_task_group_decorator.py took 0.346 seconds
[2023-01-21T12:46:40.730+0000] {processor.py:153} INFO - Started process (PID=931) to work on /home/airflow/.local/lib/python3.7/site-packages/airflow/example_dags/example_task_group_decorator.py
[2023-01-21T12:46:40.731+0000] {processor.py:743} INFO - Processing file /home/airflow/.local/lib/python3.7/site-packages/airflow/example_dags/example_task_group_decorator.py for tasks to queue
[2023-01-21T12:46:40.732+0000] {logging_mixin.py:137} INFO - [2023-01-21T12:46:40.732+0000] {dagbag.py:538} INFO - Filling up the DagBag from /home/airflow/.local/lib/python3.7/site-packages/airflow/example_dags/example_task_group_decorator.py
[2023-01-21T12:46:40.769+0000] {processor.py:753} INFO - DAG(s) dict_keys(['example_task_group_decorator']) retrieved from /home/airflow/.local/lib/python3.7/site-packages/airflow/example_dags/example_task_group_decorator.py
[2023-01-21T12:46:40.820+0000] {logging_mixin.py:137} INFO - [2023-01-21T12:46:40.819+0000] {dag.py:2676} INFO - Sync 1 DAGs
[2023-01-21T12:46:40.854+0000] {logging_mixin.py:137} INFO - [2023-01-21T12:46:40.854+0000] {dag.py:3427} INFO - Setting next_dagrun for example_task_group_decorator to 2023-01-20T12:46:40.853975+00:00, run_after=2023-01-21T12:46:40.853975+00:00
[2023-01-21T12:46:40.881+0000] {processor.py:175} INFO - Processing /home/airflow/.local/lib/python3.7/site-packages/airflow/example_dags/example_task_group_decorator.py took 0.154 seconds
[2023-01-21T12:47:11.416+0000] {processor.py:153} INFO - Started process (PID=1003) to work on /home/airflow/.local/lib/python3.7/site-packages/airflow/example_dags/example_task_group_decorator.py
[2023-01-21T12:47:11.417+0000] {processor.py:743} INFO - Processing file /home/airflow/.local/lib/python3.7/site-packages/airflow/example_dags/example_task_group_decorator.py for tasks to queue
[2023-01-21T12:47:11.418+0000] {logging_mixin.py:137} INFO - [2023-01-21T12:47:11.418+0000] {dagbag.py:538} INFO - Filling up the DagBag from /home/airflow/.local/lib/python3.7/site-packages/airflow/example_dags/example_task_group_decorator.py
[2023-01-21T12:47:11.455+0000] {processor.py:753} INFO - DAG(s) dict_keys(['example_task_group_decorator']) retrieved from /home/airflow/.local/lib/python3.7/site-packages/airflow/example_dags/example_task_group_decorator.py
[2023-01-21T12:47:11.507+0000] {logging_mixin.py:137} INFO - [2023-01-21T12:47:11.507+0000] {dag.py:2676} INFO - Sync 1 DAGs
[2023-01-21T12:47:11.542+0000] {logging_mixin.py:137} INFO - [2023-01-21T12:47:11.542+0000] {dag.py:3427} INFO - Setting next_dagrun for example_task_group_decorator to 2023-01-20T12:47:11.541641+00:00, run_after=2023-01-21T12:47:11.541641+00:00
[2023-01-21T12:47:11.569+0000] {processor.py:175} INFO - Processing /home/airflow/.local/lib/python3.7/site-packages/airflow/example_dags/example_task_group_decorator.py took 0.156 seconds
[2023-01-21T12:47:41.704+0000] {processor.py:153} INFO - Started process (PID=1075) to work on /home/airflow/.local/lib/python3.7/site-packages/airflow/example_dags/example_task_group_decorator.py
[2023-01-21T12:47:41.706+0000] {processor.py:743} INFO - Processing file /home/airflow/.local/lib/python3.7/site-packages/airflow/example_dags/example_task_group_decorator.py for tasks to queue
[2023-01-21T12:47:41.706+0000] {logging_mixin.py:137} INFO - [2023-01-21T12:47:41.706+0000] {dagbag.py:538} INFO - Filling up the DagBag from /home/airflow/.local/lib/python3.7/site-packages/airflow/example_dags/example_task_group_decorator.py
[2023-01-21T12:47:41.744+0000] {processor.py:753} INFO - DAG(s) dict_keys(['example_task_group_decorator']) retrieved from /home/airflow/.local/lib/python3.7/site-packages/airflow/example_dags/example_task_group_decorator.py
[2023-01-21T12:47:41.809+0000] {logging_mixin.py:137} INFO - [2023-01-21T12:47:41.809+0000] {dag.py:2676} INFO - Sync 1 DAGs
[2023-01-21T12:47:41.883+0000] {logging_mixin.py:137} INFO - [2023-01-21T12:47:41.883+0000] {dag.py:3427} INFO - Setting next_dagrun for example_task_group_decorator to 2023-01-20T12:47:41.882982+00:00, run_after=2023-01-21T12:47:41.882982+00:00
[2023-01-21T12:47:41.908+0000] {processor.py:175} INFO - Processing /home/airflow/.local/lib/python3.7/site-packages/airflow/example_dags/example_task_group_decorator.py took 0.209 seconds
[2023-01-21T12:48:12.603+0000] {processor.py:153} INFO - Started process (PID=1163) to work on /home/airflow/.local/lib/python3.7/site-packages/airflow/example_dags/example_task_group_decorator.py
[2023-01-21T12:48:12.605+0000] {processor.py:743} INFO - Processing file /home/airflow/.local/lib/python3.7/site-packages/airflow/example_dags/example_task_group_decorator.py for tasks to queue
[2023-01-21T12:48:12.606+0000] {logging_mixin.py:137} INFO - [2023-01-21T12:48:12.606+0000] {dagbag.py:538} INFO - Filling up the DagBag from /home/airflow/.local/lib/python3.7/site-packages/airflow/example_dags/example_task_group_decorator.py
[2023-01-21T12:48:12.647+0000] {processor.py:753} INFO - DAG(s) dict_keys(['example_task_group_decorator']) retrieved from /home/airflow/.local/lib/python3.7/site-packages/airflow/example_dags/example_task_group_decorator.py
[2023-01-21T12:48:12.774+0000] {logging_mixin.py:137} INFO - [2023-01-21T12:48:12.774+0000] {dag.py:2676} INFO - Sync 1 DAGs
[2023-01-21T12:48:12.815+0000] {logging_mixin.py:137} INFO - [2023-01-21T12:48:12.814+0000] {dag.py:3427} INFO - Setting next_dagrun for example_task_group_decorator to 2023-01-20T12:48:12.814577+00:00, run_after=2023-01-21T12:48:12.814577+00:00
[2023-01-21T12:48:12.840+0000] {processor.py:175} INFO - Processing /home/airflow/.local/lib/python3.7/site-packages/airflow/example_dags/example_task_group_decorator.py took 0.242 seconds
