[2023-01-21T12:41:00.855+0000] {processor.py:153} INFO - Started process (PID=81) to work on /home/airflow/.local/lib/python3.7/site-packages/airflow/example_dags/example_python_operator.py
[2023-01-21T12:41:00.856+0000] {processor.py:743} INFO - Processing file /home/airflow/.local/lib/python3.7/site-packages/airflow/example_dags/example_python_operator.py for tasks to queue
[2023-01-21T12:41:00.857+0000] {logging_mixin.py:137} INFO - [2023-01-21T12:41:00.857+0000] {dagbag.py:538} INFO - Filling up the DagBag from /home/airflow/.local/lib/python3.7/site-packages/airflow/example_dags/example_python_operator.py
[2023-01-21T12:41:00.882+0000] {logging_mixin.py:137} INFO - [2023-01-21T12:41:00.882+0000] {taskmixin.py:205} WARNING - Dependency <Task(_PythonDecoratedOperator): print_the_context>, log_sql_query already registered for DAG: example_python_operator
[2023-01-21T12:41:00.883+0000] {logging_mixin.py:137} INFO - [2023-01-21T12:41:00.882+0000] {taskmixin.py:205} WARNING - Dependency <Task(_PythonDecoratedOperator): log_sql_query>, print_the_context already registered for DAG: example_python_operator
[2023-01-21T12:41:00.884+0000] {logging_mixin.py:137} INFO - [2023-01-21T12:41:00.884+0000] {taskmixin.py:205} WARNING - Dependency <Task(_PythonDecoratedOperator): print_the_context>, log_sql_query already registered for DAG: example_python_operator
[2023-01-21T12:41:00.884+0000] {logging_mixin.py:137} INFO - [2023-01-21T12:41:00.884+0000] {taskmixin.py:205} WARNING - Dependency <Task(_PythonDecoratedOperator): log_sql_query>, print_the_context already registered for DAG: example_python_operator
[2023-01-21T12:41:00.885+0000] {logging_mixin.py:137} INFO - [2023-01-21T12:41:00.885+0000] {taskmixin.py:205} WARNING - Dependency <Task(_PythonDecoratedOperator): print_the_context>, log_sql_query already registered for DAG: example_python_operator
[2023-01-21T12:41:00.885+0000] {logging_mixin.py:137} INFO - [2023-01-21T12:41:00.885+0000] {taskmixin.py:205} WARNING - Dependency <Task(_PythonDecoratedOperator): log_sql_query>, print_the_context already registered for DAG: example_python_operator
[2023-01-21T12:41:00.886+0000] {logging_mixin.py:137} INFO - [2023-01-21T12:41:00.886+0000] {taskmixin.py:205} WARNING - Dependency <Task(_PythonDecoratedOperator): print_the_context>, log_sql_query already registered for DAG: example_python_operator
[2023-01-21T12:41:00.887+0000] {logging_mixin.py:137} INFO - [2023-01-21T12:41:00.887+0000] {taskmixin.py:205} WARNING - Dependency <Task(_PythonDecoratedOperator): log_sql_query>, print_the_context already registered for DAG: example_python_operator
[2023-01-21T12:41:00.898+0000] {processor.py:753} INFO - DAG(s) dict_keys(['example_python_operator']) retrieved from /home/airflow/.local/lib/python3.7/site-packages/airflow/example_dags/example_python_operator.py
[2023-01-21T12:41:01.012+0000] {logging_mixin.py:137} INFO - [2023-01-21T12:41:01.011+0000] {dag.py:2676} INFO - Sync 1 DAGs
[2023-01-21T12:41:01.046+0000] {logging_mixin.py:137} INFO - [2023-01-21T12:41:01.046+0000] {dag.py:3427} INFO - Setting next_dagrun for example_python_operator to None, run_after=None
[2023-01-21T12:41:01.078+0000] {processor.py:175} INFO - Processing /home/airflow/.local/lib/python3.7/site-packages/airflow/example_dags/example_python_operator.py took 0.227 seconds
[2023-01-21T12:41:31.356+0000] {processor.py:153} INFO - Started process (PID=154) to work on /home/airflow/.local/lib/python3.7/site-packages/airflow/example_dags/example_python_operator.py
[2023-01-21T12:41:31.357+0000] {processor.py:743} INFO - Processing file /home/airflow/.local/lib/python3.7/site-packages/airflow/example_dags/example_python_operator.py for tasks to queue
[2023-01-21T12:41:31.358+0000] {logging_mixin.py:137} INFO - [2023-01-21T12:41:31.358+0000] {dagbag.py:538} INFO - Filling up the DagBag from /home/airflow/.local/lib/python3.7/site-packages/airflow/example_dags/example_python_operator.py
[2023-01-21T12:41:31.381+0000] {logging_mixin.py:137} INFO - [2023-01-21T12:41:31.381+0000] {taskmixin.py:205} WARNING - Dependency <Task(_PythonDecoratedOperator): print_the_context>, log_sql_query already registered for DAG: example_python_operator
[2023-01-21T12:41:31.381+0000] {logging_mixin.py:137} INFO - [2023-01-21T12:41:31.381+0000] {taskmixin.py:205} WARNING - Dependency <Task(_PythonDecoratedOperator): log_sql_query>, print_the_context already registered for DAG: example_python_operator
[2023-01-21T12:41:31.382+0000] {logging_mixin.py:137} INFO - [2023-01-21T12:41:31.382+0000] {taskmixin.py:205} WARNING - Dependency <Task(_PythonDecoratedOperator): print_the_context>, log_sql_query already registered for DAG: example_python_operator
[2023-01-21T12:41:31.382+0000] {logging_mixin.py:137} INFO - [2023-01-21T12:41:31.382+0000] {taskmixin.py:205} WARNING - Dependency <Task(_PythonDecoratedOperator): log_sql_query>, print_the_context already registered for DAG: example_python_operator
[2023-01-21T12:41:31.383+0000] {logging_mixin.py:137} INFO - [2023-01-21T12:41:31.383+0000] {taskmixin.py:205} WARNING - Dependency <Task(_PythonDecoratedOperator): print_the_context>, log_sql_query already registered for DAG: example_python_operator
[2023-01-21T12:41:31.383+0000] {logging_mixin.py:137} INFO - [2023-01-21T12:41:31.383+0000] {taskmixin.py:205} WARNING - Dependency <Task(_PythonDecoratedOperator): log_sql_query>, print_the_context already registered for DAG: example_python_operator
[2023-01-21T12:41:31.384+0000] {logging_mixin.py:137} INFO - [2023-01-21T12:41:31.384+0000] {taskmixin.py:205} WARNING - Dependency <Task(_PythonDecoratedOperator): print_the_context>, log_sql_query already registered for DAG: example_python_operator
[2023-01-21T12:41:31.384+0000] {logging_mixin.py:137} INFO - [2023-01-21T12:41:31.384+0000] {taskmixin.py:205} WARNING - Dependency <Task(_PythonDecoratedOperator): log_sql_query>, print_the_context already registered for DAG: example_python_operator
[2023-01-21T12:41:31.393+0000] {processor.py:753} INFO - DAG(s) dict_keys(['example_python_operator']) retrieved from /home/airflow/.local/lib/python3.7/site-packages/airflow/example_dags/example_python_operator.py
[2023-01-21T12:41:31.442+0000] {logging_mixin.py:137} INFO - [2023-01-21T12:41:31.442+0000] {dag.py:2676} INFO - Sync 1 DAGs
[2023-01-21T12:41:31.477+0000] {logging_mixin.py:137} INFO - [2023-01-21T12:41:31.477+0000] {dag.py:3427} INFO - Setting next_dagrun for example_python_operator to None, run_after=None
[2023-01-21T12:41:31.504+0000] {processor.py:175} INFO - Processing /home/airflow/.local/lib/python3.7/site-packages/airflow/example_dags/example_python_operator.py took 0.152 seconds
[2023-01-21T12:42:02.835+0000] {processor.py:153} INFO - Started process (PID=235) to work on /home/airflow/.local/lib/python3.7/site-packages/airflow/example_dags/example_python_operator.py
[2023-01-21T12:42:02.837+0000] {processor.py:743} INFO - Processing file /home/airflow/.local/lib/python3.7/site-packages/airflow/example_dags/example_python_operator.py for tasks to queue
[2023-01-21T12:42:02.838+0000] {logging_mixin.py:137} INFO - [2023-01-21T12:42:02.838+0000] {dagbag.py:538} INFO - Filling up the DagBag from /home/airflow/.local/lib/python3.7/site-packages/airflow/example_dags/example_python_operator.py
[2023-01-21T12:42:02.883+0000] {logging_mixin.py:137} INFO - [2023-01-21T12:42:02.882+0000] {taskmixin.py:205} WARNING - Dependency <Task(_PythonDecoratedOperator): print_the_context>, log_sql_query already registered for DAG: example_python_operator
[2023-01-21T12:42:02.883+0000] {logging_mixin.py:137} INFO - [2023-01-21T12:42:02.883+0000] {taskmixin.py:205} WARNING - Dependency <Task(_PythonDecoratedOperator): log_sql_query>, print_the_context already registered for DAG: example_python_operator
[2023-01-21T12:42:02.885+0000] {logging_mixin.py:137} INFO - [2023-01-21T12:42:02.885+0000] {taskmixin.py:205} WARNING - Dependency <Task(_PythonDecoratedOperator): print_the_context>, log_sql_query already registered for DAG: example_python_operator
[2023-01-21T12:42:02.886+0000] {logging_mixin.py:137} INFO - [2023-01-21T12:42:02.885+0000] {taskmixin.py:205} WARNING - Dependency <Task(_PythonDecoratedOperator): log_sql_query>, print_the_context already registered for DAG: example_python_operator
[2023-01-21T12:42:02.888+0000] {logging_mixin.py:137} INFO - [2023-01-21T12:42:02.888+0000] {taskmixin.py:205} WARNING - Dependency <Task(_PythonDecoratedOperator): print_the_context>, log_sql_query already registered for DAG: example_python_operator
[2023-01-21T12:42:02.888+0000] {logging_mixin.py:137} INFO - [2023-01-21T12:42:02.888+0000] {taskmixin.py:205} WARNING - Dependency <Task(_PythonDecoratedOperator): log_sql_query>, print_the_context already registered for DAG: example_python_operator
[2023-01-21T12:42:02.890+0000] {logging_mixin.py:137} INFO - [2023-01-21T12:42:02.890+0000] {taskmixin.py:205} WARNING - Dependency <Task(_PythonDecoratedOperator): print_the_context>, log_sql_query already registered for DAG: example_python_operator
[2023-01-21T12:42:02.891+0000] {logging_mixin.py:137} INFO - [2023-01-21T12:42:02.890+0000] {taskmixin.py:205} WARNING - Dependency <Task(_PythonDecoratedOperator): log_sql_query>, print_the_context already registered for DAG: example_python_operator
[2023-01-21T12:42:02.907+0000] {processor.py:753} INFO - DAG(s) dict_keys(['example_python_operator']) retrieved from /home/airflow/.local/lib/python3.7/site-packages/airflow/example_dags/example_python_operator.py
[2023-01-21T12:42:03.063+0000] {logging_mixin.py:137} INFO - [2023-01-21T12:42:03.063+0000] {dag.py:2676} INFO - Sync 1 DAGs
[2023-01-21T12:42:03.138+0000] {logging_mixin.py:137} INFO - [2023-01-21T12:42:03.138+0000] {dag.py:3427} INFO - Setting next_dagrun for example_python_operator to None, run_after=None
[2023-01-21T12:42:03.189+0000] {processor.py:175} INFO - Processing /home/airflow/.local/lib/python3.7/site-packages/airflow/example_dags/example_python_operator.py took 0.359 seconds
[2023-01-21T12:42:34.237+0000] {processor.py:153} INFO - Started process (PID=314) to work on /home/airflow/.local/lib/python3.7/site-packages/airflow/example_dags/example_python_operator.py
[2023-01-21T12:42:34.238+0000] {processor.py:743} INFO - Processing file /home/airflow/.local/lib/python3.7/site-packages/airflow/example_dags/example_python_operator.py for tasks to queue
[2023-01-21T12:42:34.239+0000] {logging_mixin.py:137} INFO - [2023-01-21T12:42:34.239+0000] {dagbag.py:538} INFO - Filling up the DagBag from /home/airflow/.local/lib/python3.7/site-packages/airflow/example_dags/example_python_operator.py
[2023-01-21T12:42:34.267+0000] {logging_mixin.py:137} INFO - [2023-01-21T12:42:34.267+0000] {taskmixin.py:205} WARNING - Dependency <Task(_PythonDecoratedOperator): print_the_context>, log_sql_query already registered for DAG: example_python_operator
[2023-01-21T12:42:34.268+0000] {logging_mixin.py:137} INFO - [2023-01-21T12:42:34.268+0000] {taskmixin.py:205} WARNING - Dependency <Task(_PythonDecoratedOperator): log_sql_query>, print_the_context already registered for DAG: example_python_operator
[2023-01-21T12:42:34.269+0000] {logging_mixin.py:137} INFO - [2023-01-21T12:42:34.269+0000] {taskmixin.py:205} WARNING - Dependency <Task(_PythonDecoratedOperator): print_the_context>, log_sql_query already registered for DAG: example_python_operator
[2023-01-21T12:42:34.269+0000] {logging_mixin.py:137} INFO - [2023-01-21T12:42:34.269+0000] {taskmixin.py:205} WARNING - Dependency <Task(_PythonDecoratedOperator): log_sql_query>, print_the_context already registered for DAG: example_python_operator
[2023-01-21T12:42:34.271+0000] {logging_mixin.py:137} INFO - [2023-01-21T12:42:34.271+0000] {taskmixin.py:205} WARNING - Dependency <Task(_PythonDecoratedOperator): print_the_context>, log_sql_query already registered for DAG: example_python_operator
[2023-01-21T12:42:34.271+0000] {logging_mixin.py:137} INFO - [2023-01-21T12:42:34.271+0000] {taskmixin.py:205} WARNING - Dependency <Task(_PythonDecoratedOperator): log_sql_query>, print_the_context already registered for DAG: example_python_operator
[2023-01-21T12:42:34.272+0000] {logging_mixin.py:137} INFO - [2023-01-21T12:42:34.272+0000] {taskmixin.py:205} WARNING - Dependency <Task(_PythonDecoratedOperator): print_the_context>, log_sql_query already registered for DAG: example_python_operator
[2023-01-21T12:42:34.273+0000] {logging_mixin.py:137} INFO - [2023-01-21T12:42:34.272+0000] {taskmixin.py:205} WARNING - Dependency <Task(_PythonDecoratedOperator): log_sql_query>, print_the_context already registered for DAG: example_python_operator
[2023-01-21T12:42:34.283+0000] {processor.py:753} INFO - DAG(s) dict_keys(['example_python_operator']) retrieved from /home/airflow/.local/lib/python3.7/site-packages/airflow/example_dags/example_python_operator.py
[2023-01-21T12:42:34.344+0000] {logging_mixin.py:137} INFO - [2023-01-21T12:42:34.344+0000] {dag.py:2676} INFO - Sync 1 DAGs
[2023-01-21T12:42:34.384+0000] {logging_mixin.py:137} INFO - [2023-01-21T12:42:34.384+0000] {dag.py:3427} INFO - Setting next_dagrun for example_python_operator to None, run_after=None
[2023-01-21T12:42:34.448+0000] {processor.py:175} INFO - Processing /home/airflow/.local/lib/python3.7/site-packages/airflow/example_dags/example_python_operator.py took 0.216 seconds
[2023-01-21T12:43:05.055+0000] {processor.py:153} INFO - Started process (PID=387) to work on /home/airflow/.local/lib/python3.7/site-packages/airflow/example_dags/example_python_operator.py
[2023-01-21T12:43:05.056+0000] {processor.py:743} INFO - Processing file /home/airflow/.local/lib/python3.7/site-packages/airflow/example_dags/example_python_operator.py for tasks to queue
[2023-01-21T12:43:05.057+0000] {logging_mixin.py:137} INFO - [2023-01-21T12:43:05.056+0000] {dagbag.py:538} INFO - Filling up the DagBag from /home/airflow/.local/lib/python3.7/site-packages/airflow/example_dags/example_python_operator.py
[2023-01-21T12:43:05.081+0000] {logging_mixin.py:137} INFO - [2023-01-21T12:43:05.081+0000] {taskmixin.py:205} WARNING - Dependency <Task(_PythonDecoratedOperator): print_the_context>, log_sql_query already registered for DAG: example_python_operator
[2023-01-21T12:43:05.081+0000] {logging_mixin.py:137} INFO - [2023-01-21T12:43:05.081+0000] {taskmixin.py:205} WARNING - Dependency <Task(_PythonDecoratedOperator): log_sql_query>, print_the_context already registered for DAG: example_python_operator
[2023-01-21T12:43:05.082+0000] {logging_mixin.py:137} INFO - [2023-01-21T12:43:05.082+0000] {taskmixin.py:205} WARNING - Dependency <Task(_PythonDecoratedOperator): print_the_context>, log_sql_query already registered for DAG: example_python_operator
[2023-01-21T12:43:05.082+0000] {logging_mixin.py:137} INFO - [2023-01-21T12:43:05.082+0000] {taskmixin.py:205} WARNING - Dependency <Task(_PythonDecoratedOperator): log_sql_query>, print_the_context already registered for DAG: example_python_operator
[2023-01-21T12:43:05.083+0000] {logging_mixin.py:137} INFO - [2023-01-21T12:43:05.083+0000] {taskmixin.py:205} WARNING - Dependency <Task(_PythonDecoratedOperator): print_the_context>, log_sql_query already registered for DAG: example_python_operator
[2023-01-21T12:43:05.083+0000] {logging_mixin.py:137} INFO - [2023-01-21T12:43:05.083+0000] {taskmixin.py:205} WARNING - Dependency <Task(_PythonDecoratedOperator): log_sql_query>, print_the_context already registered for DAG: example_python_operator
[2023-01-21T12:43:05.084+0000] {logging_mixin.py:137} INFO - [2023-01-21T12:43:05.084+0000] {taskmixin.py:205} WARNING - Dependency <Task(_PythonDecoratedOperator): print_the_context>, log_sql_query already registered for DAG: example_python_operator
[2023-01-21T12:43:05.084+0000] {logging_mixin.py:137} INFO - [2023-01-21T12:43:05.084+0000] {taskmixin.py:205} WARNING - Dependency <Task(_PythonDecoratedOperator): log_sql_query>, print_the_context already registered for DAG: example_python_operator
[2023-01-21T12:43:05.093+0000] {processor.py:753} INFO - DAG(s) dict_keys(['example_python_operator']) retrieved from /home/airflow/.local/lib/python3.7/site-packages/airflow/example_dags/example_python_operator.py
[2023-01-21T12:43:05.153+0000] {logging_mixin.py:137} INFO - [2023-01-21T12:43:05.153+0000] {dag.py:2676} INFO - Sync 1 DAGs
[2023-01-21T12:43:05.188+0000] {logging_mixin.py:137} INFO - [2023-01-21T12:43:05.188+0000] {dag.py:3427} INFO - Setting next_dagrun for example_python_operator to None, run_after=None
[2023-01-21T12:43:05.219+0000] {processor.py:175} INFO - Processing /home/airflow/.local/lib/python3.7/site-packages/airflow/example_dags/example_python_operator.py took 0.168 seconds
[2023-01-21T12:43:35.269+0000] {processor.py:153} INFO - Started process (PID=459) to work on /home/airflow/.local/lib/python3.7/site-packages/airflow/example_dags/example_python_operator.py
[2023-01-21T12:43:35.271+0000] {processor.py:743} INFO - Processing file /home/airflow/.local/lib/python3.7/site-packages/airflow/example_dags/example_python_operator.py for tasks to queue
[2023-01-21T12:43:35.272+0000] {logging_mixin.py:137} INFO - [2023-01-21T12:43:35.271+0000] {dagbag.py:538} INFO - Filling up the DagBag from /home/airflow/.local/lib/python3.7/site-packages/airflow/example_dags/example_python_operator.py
[2023-01-21T12:43:35.305+0000] {logging_mixin.py:137} INFO - [2023-01-21T12:43:35.304+0000] {taskmixin.py:205} WARNING - Dependency <Task(_PythonDecoratedOperator): print_the_context>, log_sql_query already registered for DAG: example_python_operator
[2023-01-21T12:43:35.305+0000] {logging_mixin.py:137} INFO - [2023-01-21T12:43:35.305+0000] {taskmixin.py:205} WARNING - Dependency <Task(_PythonDecoratedOperator): log_sql_query>, print_the_context already registered for DAG: example_python_operator
[2023-01-21T12:43:35.307+0000] {logging_mixin.py:137} INFO - [2023-01-21T12:43:35.306+0000] {taskmixin.py:205} WARNING - Dependency <Task(_PythonDecoratedOperator): print_the_context>, log_sql_query already registered for DAG: example_python_operator
[2023-01-21T12:43:35.307+0000] {logging_mixin.py:137} INFO - [2023-01-21T12:43:35.307+0000] {taskmixin.py:205} WARNING - Dependency <Task(_PythonDecoratedOperator): log_sql_query>, print_the_context already registered for DAG: example_python_operator
[2023-01-21T12:43:35.309+0000] {logging_mixin.py:137} INFO - [2023-01-21T12:43:35.309+0000] {taskmixin.py:205} WARNING - Dependency <Task(_PythonDecoratedOperator): print_the_context>, log_sql_query already registered for DAG: example_python_operator
[2023-01-21T12:43:35.310+0000] {logging_mixin.py:137} INFO - [2023-01-21T12:43:35.310+0000] {taskmixin.py:205} WARNING - Dependency <Task(_PythonDecoratedOperator): log_sql_query>, print_the_context already registered for DAG: example_python_operator
[2023-01-21T12:43:35.311+0000] {logging_mixin.py:137} INFO - [2023-01-21T12:43:35.311+0000] {taskmixin.py:205} WARNING - Dependency <Task(_PythonDecoratedOperator): print_the_context>, log_sql_query already registered for DAG: example_python_operator
[2023-01-21T12:43:35.312+0000] {logging_mixin.py:137} INFO - [2023-01-21T12:43:35.312+0000] {taskmixin.py:205} WARNING - Dependency <Task(_PythonDecoratedOperator): log_sql_query>, print_the_context already registered for DAG: example_python_operator
[2023-01-21T12:43:35.326+0000] {processor.py:753} INFO - DAG(s) dict_keys(['example_python_operator']) retrieved from /home/airflow/.local/lib/python3.7/site-packages/airflow/example_dags/example_python_operator.py
[2023-01-21T12:43:35.398+0000] {logging_mixin.py:137} INFO - [2023-01-21T12:43:35.397+0000] {dag.py:2676} INFO - Sync 1 DAGs
[2023-01-21T12:43:35.445+0000] {logging_mixin.py:137} INFO - [2023-01-21T12:43:35.445+0000] {dag.py:3427} INFO - Setting next_dagrun for example_python_operator to None, run_after=None
[2023-01-21T12:43:35.484+0000] {processor.py:175} INFO - Processing /home/airflow/.local/lib/python3.7/site-packages/airflow/example_dags/example_python_operator.py took 0.219 seconds
[2023-01-21T12:44:05.766+0000] {processor.py:153} INFO - Started process (PID=531) to work on /home/airflow/.local/lib/python3.7/site-packages/airflow/example_dags/example_python_operator.py
[2023-01-21T12:44:05.767+0000] {processor.py:743} INFO - Processing file /home/airflow/.local/lib/python3.7/site-packages/airflow/example_dags/example_python_operator.py for tasks to queue
[2023-01-21T12:44:05.768+0000] {logging_mixin.py:137} INFO - [2023-01-21T12:44:05.768+0000] {dagbag.py:538} INFO - Filling up the DagBag from /home/airflow/.local/lib/python3.7/site-packages/airflow/example_dags/example_python_operator.py
[2023-01-21T12:44:05.791+0000] {logging_mixin.py:137} INFO - [2023-01-21T12:44:05.790+0000] {taskmixin.py:205} WARNING - Dependency <Task(_PythonDecoratedOperator): print_the_context>, log_sql_query already registered for DAG: example_python_operator
[2023-01-21T12:44:05.791+0000] {logging_mixin.py:137} INFO - [2023-01-21T12:44:05.791+0000] {taskmixin.py:205} WARNING - Dependency <Task(_PythonDecoratedOperator): log_sql_query>, print_the_context already registered for DAG: example_python_operator
[2023-01-21T12:44:05.792+0000] {logging_mixin.py:137} INFO - [2023-01-21T12:44:05.792+0000] {taskmixin.py:205} WARNING - Dependency <Task(_PythonDecoratedOperator): print_the_context>, log_sql_query already registered for DAG: example_python_operator
[2023-01-21T12:44:05.792+0000] {logging_mixin.py:137} INFO - [2023-01-21T12:44:05.792+0000] {taskmixin.py:205} WARNING - Dependency <Task(_PythonDecoratedOperator): log_sql_query>, print_the_context already registered for DAG: example_python_operator
[2023-01-21T12:44:05.793+0000] {logging_mixin.py:137} INFO - [2023-01-21T12:44:05.793+0000] {taskmixin.py:205} WARNING - Dependency <Task(_PythonDecoratedOperator): print_the_context>, log_sql_query already registered for DAG: example_python_operator
[2023-01-21T12:44:05.794+0000] {logging_mixin.py:137} INFO - [2023-01-21T12:44:05.794+0000] {taskmixin.py:205} WARNING - Dependency <Task(_PythonDecoratedOperator): log_sql_query>, print_the_context already registered for DAG: example_python_operator
[2023-01-21T12:44:05.795+0000] {logging_mixin.py:137} INFO - [2023-01-21T12:44:05.795+0000] {taskmixin.py:205} WARNING - Dependency <Task(_PythonDecoratedOperator): print_the_context>, log_sql_query already registered for DAG: example_python_operator
[2023-01-21T12:44:05.795+0000] {logging_mixin.py:137} INFO - [2023-01-21T12:44:05.795+0000] {taskmixin.py:205} WARNING - Dependency <Task(_PythonDecoratedOperator): log_sql_query>, print_the_context already registered for DAG: example_python_operator
[2023-01-21T12:44:05.807+0000] {processor.py:753} INFO - DAG(s) dict_keys(['example_python_operator']) retrieved from /home/airflow/.local/lib/python3.7/site-packages/airflow/example_dags/example_python_operator.py
[2023-01-21T12:44:05.860+0000] {logging_mixin.py:137} INFO - [2023-01-21T12:44:05.860+0000] {dag.py:2676} INFO - Sync 1 DAGs
[2023-01-21T12:44:05.893+0000] {logging_mixin.py:137} INFO - [2023-01-21T12:44:05.892+0000] {dag.py:3427} INFO - Setting next_dagrun for example_python_operator to None, run_after=None
[2023-01-21T12:44:05.919+0000] {processor.py:175} INFO - Processing /home/airflow/.local/lib/python3.7/site-packages/airflow/example_dags/example_python_operator.py took 0.157 seconds
[2023-01-21T12:44:36.199+0000] {processor.py:153} INFO - Started process (PID=619) to work on /home/airflow/.local/lib/python3.7/site-packages/airflow/example_dags/example_python_operator.py
[2023-01-21T12:44:36.200+0000] {processor.py:743} INFO - Processing file /home/airflow/.local/lib/python3.7/site-packages/airflow/example_dags/example_python_operator.py for tasks to queue
[2023-01-21T12:44:36.202+0000] {logging_mixin.py:137} INFO - [2023-01-21T12:44:36.201+0000] {dagbag.py:538} INFO - Filling up the DagBag from /home/airflow/.local/lib/python3.7/site-packages/airflow/example_dags/example_python_operator.py
[2023-01-21T12:44:36.230+0000] {logging_mixin.py:137} INFO - [2023-01-21T12:44:36.229+0000] {taskmixin.py:205} WARNING - Dependency <Task(_PythonDecoratedOperator): print_the_context>, log_sql_query already registered for DAG: example_python_operator
[2023-01-21T12:44:36.230+0000] {logging_mixin.py:137} INFO - [2023-01-21T12:44:36.230+0000] {taskmixin.py:205} WARNING - Dependency <Task(_PythonDecoratedOperator): log_sql_query>, print_the_context already registered for DAG: example_python_operator
[2023-01-21T12:44:36.231+0000] {logging_mixin.py:137} INFO - [2023-01-21T12:44:36.231+0000] {taskmixin.py:205} WARNING - Dependency <Task(_PythonDecoratedOperator): print_the_context>, log_sql_query already registered for DAG: example_python_operator
[2023-01-21T12:44:36.232+0000] {logging_mixin.py:137} INFO - [2023-01-21T12:44:36.231+0000] {taskmixin.py:205} WARNING - Dependency <Task(_PythonDecoratedOperator): log_sql_query>, print_the_context already registered for DAG: example_python_operator
[2023-01-21T12:44:36.233+0000] {logging_mixin.py:137} INFO - [2023-01-21T12:44:36.233+0000] {taskmixin.py:205} WARNING - Dependency <Task(_PythonDecoratedOperator): print_the_context>, log_sql_query already registered for DAG: example_python_operator
[2023-01-21T12:44:36.233+0000] {logging_mixin.py:137} INFO - [2023-01-21T12:44:36.233+0000] {taskmixin.py:205} WARNING - Dependency <Task(_PythonDecoratedOperator): log_sql_query>, print_the_context already registered for DAG: example_python_operator
[2023-01-21T12:44:36.234+0000] {logging_mixin.py:137} INFO - [2023-01-21T12:44:36.234+0000] {taskmixin.py:205} WARNING - Dependency <Task(_PythonDecoratedOperator): print_the_context>, log_sql_query already registered for DAG: example_python_operator
[2023-01-21T12:44:36.235+0000] {logging_mixin.py:137} INFO - [2023-01-21T12:44:36.234+0000] {taskmixin.py:205} WARNING - Dependency <Task(_PythonDecoratedOperator): log_sql_query>, print_the_context already registered for DAG: example_python_operator
[2023-01-21T12:44:36.245+0000] {processor.py:753} INFO - DAG(s) dict_keys(['example_python_operator']) retrieved from /home/airflow/.local/lib/python3.7/site-packages/airflow/example_dags/example_python_operator.py
[2023-01-21T12:44:36.299+0000] {logging_mixin.py:137} INFO - [2023-01-21T12:44:36.298+0000] {dag.py:2676} INFO - Sync 1 DAGs
[2023-01-21T12:44:36.337+0000] {logging_mixin.py:137} INFO - [2023-01-21T12:44:36.337+0000] {dag.py:3427} INFO - Setting next_dagrun for example_python_operator to None, run_after=None
[2023-01-21T12:44:36.366+0000] {processor.py:175} INFO - Processing /home/airflow/.local/lib/python3.7/site-packages/airflow/example_dags/example_python_operator.py took 0.170 seconds
[2023-01-21T12:45:06.783+0000] {processor.py:153} INFO - Started process (PID=691) to work on /home/airflow/.local/lib/python3.7/site-packages/airflow/example_dags/example_python_operator.py
[2023-01-21T12:45:06.784+0000] {processor.py:743} INFO - Processing file /home/airflow/.local/lib/python3.7/site-packages/airflow/example_dags/example_python_operator.py for tasks to queue
[2023-01-21T12:45:06.784+0000] {logging_mixin.py:137} INFO - [2023-01-21T12:45:06.784+0000] {dagbag.py:538} INFO - Filling up the DagBag from /home/airflow/.local/lib/python3.7/site-packages/airflow/example_dags/example_python_operator.py
[2023-01-21T12:45:06.806+0000] {logging_mixin.py:137} INFO - [2023-01-21T12:45:06.806+0000] {taskmixin.py:205} WARNING - Dependency <Task(_PythonDecoratedOperator): print_the_context>, log_sql_query already registered for DAG: example_python_operator
[2023-01-21T12:45:06.806+0000] {logging_mixin.py:137} INFO - [2023-01-21T12:45:06.806+0000] {taskmixin.py:205} WARNING - Dependency <Task(_PythonDecoratedOperator): log_sql_query>, print_the_context already registered for DAG: example_python_operator
[2023-01-21T12:45:06.807+0000] {logging_mixin.py:137} INFO - [2023-01-21T12:45:06.807+0000] {taskmixin.py:205} WARNING - Dependency <Task(_PythonDecoratedOperator): print_the_context>, log_sql_query already registered for DAG: example_python_operator
[2023-01-21T12:45:06.807+0000] {logging_mixin.py:137} INFO - [2023-01-21T12:45:06.807+0000] {taskmixin.py:205} WARNING - Dependency <Task(_PythonDecoratedOperator): log_sql_query>, print_the_context already registered for DAG: example_python_operator
[2023-01-21T12:45:06.808+0000] {logging_mixin.py:137} INFO - [2023-01-21T12:45:06.808+0000] {taskmixin.py:205} WARNING - Dependency <Task(_PythonDecoratedOperator): print_the_context>, log_sql_query already registered for DAG: example_python_operator
[2023-01-21T12:45:06.808+0000] {logging_mixin.py:137} INFO - [2023-01-21T12:45:06.808+0000] {taskmixin.py:205} WARNING - Dependency <Task(_PythonDecoratedOperator): log_sql_query>, print_the_context already registered for DAG: example_python_operator
[2023-01-21T12:45:06.809+0000] {logging_mixin.py:137} INFO - [2023-01-21T12:45:06.809+0000] {taskmixin.py:205} WARNING - Dependency <Task(_PythonDecoratedOperator): print_the_context>, log_sql_query already registered for DAG: example_python_operator
[2023-01-21T12:45:06.809+0000] {logging_mixin.py:137} INFO - [2023-01-21T12:45:06.809+0000] {taskmixin.py:205} WARNING - Dependency <Task(_PythonDecoratedOperator): log_sql_query>, print_the_context already registered for DAG: example_python_operator
[2023-01-21T12:45:06.818+0000] {processor.py:753} INFO - DAG(s) dict_keys(['example_python_operator']) retrieved from /home/airflow/.local/lib/python3.7/site-packages/airflow/example_dags/example_python_operator.py
[2023-01-21T12:45:06.867+0000] {logging_mixin.py:137} INFO - [2023-01-21T12:45:06.867+0000] {dag.py:2676} INFO - Sync 1 DAGs
[2023-01-21T12:45:06.902+0000] {logging_mixin.py:137} INFO - [2023-01-21T12:45:06.902+0000] {dag.py:3427} INFO - Setting next_dagrun for example_python_operator to None, run_after=None
[2023-01-21T12:45:06.930+0000] {processor.py:175} INFO - Processing /home/airflow/.local/lib/python3.7/site-packages/airflow/example_dags/example_python_operator.py took 0.151 seconds
[2023-01-21T12:45:37.036+0000] {processor.py:153} INFO - Started process (PID=763) to work on /home/airflow/.local/lib/python3.7/site-packages/airflow/example_dags/example_python_operator.py
[2023-01-21T12:45:37.038+0000] {processor.py:743} INFO - Processing file /home/airflow/.local/lib/python3.7/site-packages/airflow/example_dags/example_python_operator.py for tasks to queue
[2023-01-21T12:45:37.039+0000] {logging_mixin.py:137} INFO - [2023-01-21T12:45:37.039+0000] {dagbag.py:538} INFO - Filling up the DagBag from /home/airflow/.local/lib/python3.7/site-packages/airflow/example_dags/example_python_operator.py
[2023-01-21T12:45:37.060+0000] {logging_mixin.py:137} INFO - [2023-01-21T12:45:37.060+0000] {taskmixin.py:205} WARNING - Dependency <Task(_PythonDecoratedOperator): print_the_context>, log_sql_query already registered for DAG: example_python_operator
[2023-01-21T12:45:37.060+0000] {logging_mixin.py:137} INFO - [2023-01-21T12:45:37.060+0000] {taskmixin.py:205} WARNING - Dependency <Task(_PythonDecoratedOperator): log_sql_query>, print_the_context already registered for DAG: example_python_operator
[2023-01-21T12:45:37.061+0000] {logging_mixin.py:137} INFO - [2023-01-21T12:45:37.061+0000] {taskmixin.py:205} WARNING - Dependency <Task(_PythonDecoratedOperator): print_the_context>, log_sql_query already registered for DAG: example_python_operator
[2023-01-21T12:45:37.061+0000] {logging_mixin.py:137} INFO - [2023-01-21T12:45:37.061+0000] {taskmixin.py:205} WARNING - Dependency <Task(_PythonDecoratedOperator): log_sql_query>, print_the_context already registered for DAG: example_python_operator
[2023-01-21T12:45:37.062+0000] {logging_mixin.py:137} INFO - [2023-01-21T12:45:37.062+0000] {taskmixin.py:205} WARNING - Dependency <Task(_PythonDecoratedOperator): print_the_context>, log_sql_query already registered for DAG: example_python_operator
[2023-01-21T12:45:37.063+0000] {logging_mixin.py:137} INFO - [2023-01-21T12:45:37.062+0000] {taskmixin.py:205} WARNING - Dependency <Task(_PythonDecoratedOperator): log_sql_query>, print_the_context already registered for DAG: example_python_operator
[2023-01-21T12:45:37.064+0000] {logging_mixin.py:137} INFO - [2023-01-21T12:45:37.064+0000] {taskmixin.py:205} WARNING - Dependency <Task(_PythonDecoratedOperator): print_the_context>, log_sql_query already registered for DAG: example_python_operator
[2023-01-21T12:45:37.064+0000] {logging_mixin.py:137} INFO - [2023-01-21T12:45:37.064+0000] {taskmixin.py:205} WARNING - Dependency <Task(_PythonDecoratedOperator): log_sql_query>, print_the_context already registered for DAG: example_python_operator
[2023-01-21T12:45:37.072+0000] {processor.py:753} INFO - DAG(s) dict_keys(['example_python_operator']) retrieved from /home/airflow/.local/lib/python3.7/site-packages/airflow/example_dags/example_python_operator.py
[2023-01-21T12:45:37.122+0000] {logging_mixin.py:137} INFO - [2023-01-21T12:45:37.122+0000] {dag.py:2676} INFO - Sync 1 DAGs
[2023-01-21T12:45:37.153+0000] {logging_mixin.py:137} INFO - [2023-01-21T12:45:37.153+0000] {dag.py:3427} INFO - Setting next_dagrun for example_python_operator to None, run_after=None
[2023-01-21T12:45:37.179+0000] {processor.py:175} INFO - Processing /home/airflow/.local/lib/python3.7/site-packages/airflow/example_dags/example_python_operator.py took 0.147 seconds
[2023-01-21T12:46:08.506+0000] {processor.py:153} INFO - Started process (PID=845) to work on /home/airflow/.local/lib/python3.7/site-packages/airflow/example_dags/example_python_operator.py
[2023-01-21T12:46:08.507+0000] {processor.py:743} INFO - Processing file /home/airflow/.local/lib/python3.7/site-packages/airflow/example_dags/example_python_operator.py for tasks to queue
[2023-01-21T12:46:08.508+0000] {logging_mixin.py:137} INFO - [2023-01-21T12:46:08.508+0000] {dagbag.py:538} INFO - Filling up the DagBag from /home/airflow/.local/lib/python3.7/site-packages/airflow/example_dags/example_python_operator.py
[2023-01-21T12:46:08.542+0000] {logging_mixin.py:137} INFO - [2023-01-21T12:46:08.541+0000] {taskmixin.py:205} WARNING - Dependency <Task(_PythonDecoratedOperator): print_the_context>, log_sql_query already registered for DAG: example_python_operator
[2023-01-21T12:46:08.542+0000] {logging_mixin.py:137} INFO - [2023-01-21T12:46:08.542+0000] {taskmixin.py:205} WARNING - Dependency <Task(_PythonDecoratedOperator): log_sql_query>, print_the_context already registered for DAG: example_python_operator
[2023-01-21T12:46:08.544+0000] {logging_mixin.py:137} INFO - [2023-01-21T12:46:08.543+0000] {taskmixin.py:205} WARNING - Dependency <Task(_PythonDecoratedOperator): print_the_context>, log_sql_query already registered for DAG: example_python_operator
[2023-01-21T12:46:08.544+0000] {logging_mixin.py:137} INFO - [2023-01-21T12:46:08.544+0000] {taskmixin.py:205} WARNING - Dependency <Task(_PythonDecoratedOperator): log_sql_query>, print_the_context already registered for DAG: example_python_operator
[2023-01-21T12:46:08.546+0000] {logging_mixin.py:137} INFO - [2023-01-21T12:46:08.545+0000] {taskmixin.py:205} WARNING - Dependency <Task(_PythonDecoratedOperator): print_the_context>, log_sql_query already registered for DAG: example_python_operator
[2023-01-21T12:46:08.546+0000] {logging_mixin.py:137} INFO - [2023-01-21T12:46:08.546+0000] {taskmixin.py:205} WARNING - Dependency <Task(_PythonDecoratedOperator): log_sql_query>, print_the_context already registered for DAG: example_python_operator
[2023-01-21T12:46:08.548+0000] {logging_mixin.py:137} INFO - [2023-01-21T12:46:08.548+0000] {taskmixin.py:205} WARNING - Dependency <Task(_PythonDecoratedOperator): print_the_context>, log_sql_query already registered for DAG: example_python_operator
[2023-01-21T12:46:08.548+0000] {logging_mixin.py:137} INFO - [2023-01-21T12:46:08.548+0000] {taskmixin.py:205} WARNING - Dependency <Task(_PythonDecoratedOperator): log_sql_query>, print_the_context already registered for DAG: example_python_operator
[2023-01-21T12:46:08.562+0000] {processor.py:753} INFO - DAG(s) dict_keys(['example_python_operator']) retrieved from /home/airflow/.local/lib/python3.7/site-packages/airflow/example_dags/example_python_operator.py
[2023-01-21T12:46:08.637+0000] {logging_mixin.py:137} INFO - [2023-01-21T12:46:08.637+0000] {dag.py:2676} INFO - Sync 1 DAGs
[2023-01-21T12:46:08.690+0000] {logging_mixin.py:137} INFO - [2023-01-21T12:46:08.690+0000] {dag.py:3427} INFO - Setting next_dagrun for example_python_operator to None, run_after=None
[2023-01-21T12:46:08.721+0000] {processor.py:175} INFO - Processing /home/airflow/.local/lib/python3.7/site-packages/airflow/example_dags/example_python_operator.py took 0.219 seconds
[2023-01-21T12:46:39.072+0000] {processor.py:153} INFO - Started process (PID=924) to work on /home/airflow/.local/lib/python3.7/site-packages/airflow/example_dags/example_python_operator.py
[2023-01-21T12:46:39.074+0000] {processor.py:743} INFO - Processing file /home/airflow/.local/lib/python3.7/site-packages/airflow/example_dags/example_python_operator.py for tasks to queue
[2023-01-21T12:46:39.074+0000] {logging_mixin.py:137} INFO - [2023-01-21T12:46:39.074+0000] {dagbag.py:538} INFO - Filling up the DagBag from /home/airflow/.local/lib/python3.7/site-packages/airflow/example_dags/example_python_operator.py
[2023-01-21T12:46:39.102+0000] {logging_mixin.py:137} INFO - [2023-01-21T12:46:39.102+0000] {taskmixin.py:205} WARNING - Dependency <Task(_PythonDecoratedOperator): print_the_context>, log_sql_query already registered for DAG: example_python_operator
[2023-01-21T12:46:39.103+0000] {logging_mixin.py:137} INFO - [2023-01-21T12:46:39.103+0000] {taskmixin.py:205} WARNING - Dependency <Task(_PythonDecoratedOperator): log_sql_query>, print_the_context already registered for DAG: example_python_operator
[2023-01-21T12:46:39.104+0000] {logging_mixin.py:137} INFO - [2023-01-21T12:46:39.104+0000] {taskmixin.py:205} WARNING - Dependency <Task(_PythonDecoratedOperator): print_the_context>, log_sql_query already registered for DAG: example_python_operator
[2023-01-21T12:46:39.104+0000] {logging_mixin.py:137} INFO - [2023-01-21T12:46:39.104+0000] {taskmixin.py:205} WARNING - Dependency <Task(_PythonDecoratedOperator): log_sql_query>, print_the_context already registered for DAG: example_python_operator
[2023-01-21T12:46:39.106+0000] {logging_mixin.py:137} INFO - [2023-01-21T12:46:39.106+0000] {taskmixin.py:205} WARNING - Dependency <Task(_PythonDecoratedOperator): print_the_context>, log_sql_query already registered for DAG: example_python_operator
[2023-01-21T12:46:39.107+0000] {logging_mixin.py:137} INFO - [2023-01-21T12:46:39.107+0000] {taskmixin.py:205} WARNING - Dependency <Task(_PythonDecoratedOperator): log_sql_query>, print_the_context already registered for DAG: example_python_operator
[2023-01-21T12:46:39.108+0000] {logging_mixin.py:137} INFO - [2023-01-21T12:46:39.108+0000] {taskmixin.py:205} WARNING - Dependency <Task(_PythonDecoratedOperator): print_the_context>, log_sql_query already registered for DAG: example_python_operator
[2023-01-21T12:46:39.108+0000] {logging_mixin.py:137} INFO - [2023-01-21T12:46:39.108+0000] {taskmixin.py:205} WARNING - Dependency <Task(_PythonDecoratedOperator): log_sql_query>, print_the_context already registered for DAG: example_python_operator
[2023-01-21T12:46:39.118+0000] {processor.py:753} INFO - DAG(s) dict_keys(['example_python_operator']) retrieved from /home/airflow/.local/lib/python3.7/site-packages/airflow/example_dags/example_python_operator.py
[2023-01-21T12:46:39.172+0000] {logging_mixin.py:137} INFO - [2023-01-21T12:46:39.172+0000] {dag.py:2676} INFO - Sync 1 DAGs
[2023-01-21T12:46:39.214+0000] {logging_mixin.py:137} INFO - [2023-01-21T12:46:39.214+0000] {dag.py:3427} INFO - Setting next_dagrun for example_python_operator to None, run_after=None
[2023-01-21T12:46:39.239+0000] {processor.py:175} INFO - Processing /home/airflow/.local/lib/python3.7/site-packages/airflow/example_dags/example_python_operator.py took 0.171 seconds
[2023-01-21T12:47:09.832+0000] {processor.py:153} INFO - Started process (PID=996) to work on /home/airflow/.local/lib/python3.7/site-packages/airflow/example_dags/example_python_operator.py
[2023-01-21T12:47:09.833+0000] {processor.py:743} INFO - Processing file /home/airflow/.local/lib/python3.7/site-packages/airflow/example_dags/example_python_operator.py for tasks to queue
[2023-01-21T12:47:09.834+0000] {logging_mixin.py:137} INFO - [2023-01-21T12:47:09.834+0000] {dagbag.py:538} INFO - Filling up the DagBag from /home/airflow/.local/lib/python3.7/site-packages/airflow/example_dags/example_python_operator.py
[2023-01-21T12:47:09.858+0000] {logging_mixin.py:137} INFO - [2023-01-21T12:47:09.858+0000] {taskmixin.py:205} WARNING - Dependency <Task(_PythonDecoratedOperator): print_the_context>, log_sql_query already registered for DAG: example_python_operator
[2023-01-21T12:47:09.858+0000] {logging_mixin.py:137} INFO - [2023-01-21T12:47:09.858+0000] {taskmixin.py:205} WARNING - Dependency <Task(_PythonDecoratedOperator): log_sql_query>, print_the_context already registered for DAG: example_python_operator
[2023-01-21T12:47:09.859+0000] {logging_mixin.py:137} INFO - [2023-01-21T12:47:09.859+0000] {taskmixin.py:205} WARNING - Dependency <Task(_PythonDecoratedOperator): print_the_context>, log_sql_query already registered for DAG: example_python_operator
[2023-01-21T12:47:09.860+0000] {logging_mixin.py:137} INFO - [2023-01-21T12:47:09.860+0000] {taskmixin.py:205} WARNING - Dependency <Task(_PythonDecoratedOperator): log_sql_query>, print_the_context already registered for DAG: example_python_operator
[2023-01-21T12:47:09.861+0000] {logging_mixin.py:137} INFO - [2023-01-21T12:47:09.860+0000] {taskmixin.py:205} WARNING - Dependency <Task(_PythonDecoratedOperator): print_the_context>, log_sql_query already registered for DAG: example_python_operator
[2023-01-21T12:47:09.861+0000] {logging_mixin.py:137} INFO - [2023-01-21T12:47:09.861+0000] {taskmixin.py:205} WARNING - Dependency <Task(_PythonDecoratedOperator): log_sql_query>, print_the_context already registered for DAG: example_python_operator
[2023-01-21T12:47:09.862+0000] {logging_mixin.py:137} INFO - [2023-01-21T12:47:09.862+0000] {taskmixin.py:205} WARNING - Dependency <Task(_PythonDecoratedOperator): print_the_context>, log_sql_query already registered for DAG: example_python_operator
[2023-01-21T12:47:09.863+0000] {logging_mixin.py:137} INFO - [2023-01-21T12:47:09.862+0000] {taskmixin.py:205} WARNING - Dependency <Task(_PythonDecoratedOperator): log_sql_query>, print_the_context already registered for DAG: example_python_operator
[2023-01-21T12:47:09.871+0000] {processor.py:753} INFO - DAG(s) dict_keys(['example_python_operator']) retrieved from /home/airflow/.local/lib/python3.7/site-packages/airflow/example_dags/example_python_operator.py
[2023-01-21T12:47:09.922+0000] {logging_mixin.py:137} INFO - [2023-01-21T12:47:09.922+0000] {dag.py:2676} INFO - Sync 1 DAGs
[2023-01-21T12:47:09.955+0000] {logging_mixin.py:137} INFO - [2023-01-21T12:47:09.954+0000] {dag.py:3427} INFO - Setting next_dagrun for example_python_operator to None, run_after=None
[2023-01-21T12:47:09.979+0000] {processor.py:175} INFO - Processing /home/airflow/.local/lib/python3.7/site-packages/airflow/example_dags/example_python_operator.py took 0.151 seconds
[2023-01-21T12:47:40.133+0000] {processor.py:153} INFO - Started process (PID=1068) to work on /home/airflow/.local/lib/python3.7/site-packages/airflow/example_dags/example_python_operator.py
[2023-01-21T12:47:40.135+0000] {processor.py:743} INFO - Processing file /home/airflow/.local/lib/python3.7/site-packages/airflow/example_dags/example_python_operator.py for tasks to queue
[2023-01-21T12:47:40.136+0000] {logging_mixin.py:137} INFO - [2023-01-21T12:47:40.136+0000] {dagbag.py:538} INFO - Filling up the DagBag from /home/airflow/.local/lib/python3.7/site-packages/airflow/example_dags/example_python_operator.py
[2023-01-21T12:47:40.158+0000] {logging_mixin.py:137} INFO - [2023-01-21T12:47:40.158+0000] {taskmixin.py:205} WARNING - Dependency <Task(_PythonDecoratedOperator): print_the_context>, log_sql_query already registered for DAG: example_python_operator
[2023-01-21T12:47:40.158+0000] {logging_mixin.py:137} INFO - [2023-01-21T12:47:40.158+0000] {taskmixin.py:205} WARNING - Dependency <Task(_PythonDecoratedOperator): log_sql_query>, print_the_context already registered for DAG: example_python_operator
[2023-01-21T12:47:40.159+0000] {logging_mixin.py:137} INFO - [2023-01-21T12:47:40.159+0000] {taskmixin.py:205} WARNING - Dependency <Task(_PythonDecoratedOperator): print_the_context>, log_sql_query already registered for DAG: example_python_operator
[2023-01-21T12:47:40.159+0000] {logging_mixin.py:137} INFO - [2023-01-21T12:47:40.159+0000] {taskmixin.py:205} WARNING - Dependency <Task(_PythonDecoratedOperator): log_sql_query>, print_the_context already registered for DAG: example_python_operator
[2023-01-21T12:47:40.160+0000] {logging_mixin.py:137} INFO - [2023-01-21T12:47:40.160+0000] {taskmixin.py:205} WARNING - Dependency <Task(_PythonDecoratedOperator): print_the_context>, log_sql_query already registered for DAG: example_python_operator
[2023-01-21T12:47:40.161+0000] {logging_mixin.py:137} INFO - [2023-01-21T12:47:40.160+0000] {taskmixin.py:205} WARNING - Dependency <Task(_PythonDecoratedOperator): log_sql_query>, print_the_context already registered for DAG: example_python_operator
[2023-01-21T12:47:40.161+0000] {logging_mixin.py:137} INFO - [2023-01-21T12:47:40.161+0000] {taskmixin.py:205} WARNING - Dependency <Task(_PythonDecoratedOperator): print_the_context>, log_sql_query already registered for DAG: example_python_operator
[2023-01-21T12:47:40.162+0000] {logging_mixin.py:137} INFO - [2023-01-21T12:47:40.162+0000] {taskmixin.py:205} WARNING - Dependency <Task(_PythonDecoratedOperator): log_sql_query>, print_the_context already registered for DAG: example_python_operator
[2023-01-21T12:47:40.171+0000] {processor.py:753} INFO - DAG(s) dict_keys(['example_python_operator']) retrieved from /home/airflow/.local/lib/python3.7/site-packages/airflow/example_dags/example_python_operator.py
[2023-01-21T12:47:40.231+0000] {logging_mixin.py:137} INFO - [2023-01-21T12:47:40.231+0000] {dag.py:2676} INFO - Sync 1 DAGs
[2023-01-21T12:47:40.262+0000] {logging_mixin.py:137} INFO - [2023-01-21T12:47:40.262+0000] {dag.py:3427} INFO - Setting next_dagrun for example_python_operator to None, run_after=None
[2023-01-21T12:47:40.290+0000] {processor.py:175} INFO - Processing /home/airflow/.local/lib/python3.7/site-packages/airflow/example_dags/example_python_operator.py took 0.161 seconds
[2023-01-21T12:48:10.790+0000] {processor.py:153} INFO - Started process (PID=1149) to work on /home/airflow/.local/lib/python3.7/site-packages/airflow/example_dags/example_python_operator.py
[2023-01-21T12:48:10.791+0000] {processor.py:743} INFO - Processing file /home/airflow/.local/lib/python3.7/site-packages/airflow/example_dags/example_python_operator.py for tasks to queue
[2023-01-21T12:48:10.793+0000] {logging_mixin.py:137} INFO - [2023-01-21T12:48:10.793+0000] {dagbag.py:538} INFO - Filling up the DagBag from /home/airflow/.local/lib/python3.7/site-packages/airflow/example_dags/example_python_operator.py
[2023-01-21T12:48:10.829+0000] {logging_mixin.py:137} INFO - [2023-01-21T12:48:10.829+0000] {taskmixin.py:205} WARNING - Dependency <Task(_PythonDecoratedOperator): print_the_context>, log_sql_query already registered for DAG: example_python_operator
[2023-01-21T12:48:10.829+0000] {logging_mixin.py:137} INFO - [2023-01-21T12:48:10.829+0000] {taskmixin.py:205} WARNING - Dependency <Task(_PythonDecoratedOperator): log_sql_query>, print_the_context already registered for DAG: example_python_operator
[2023-01-21T12:48:10.831+0000] {logging_mixin.py:137} INFO - [2023-01-21T12:48:10.831+0000] {taskmixin.py:205} WARNING - Dependency <Task(_PythonDecoratedOperator): print_the_context>, log_sql_query already registered for DAG: example_python_operator
[2023-01-21T12:48:10.831+0000] {logging_mixin.py:137} INFO - [2023-01-21T12:48:10.831+0000] {taskmixin.py:205} WARNING - Dependency <Task(_PythonDecoratedOperator): log_sql_query>, print_the_context already registered for DAG: example_python_operator
[2023-01-21T12:48:10.833+0000] {logging_mixin.py:137} INFO - [2023-01-21T12:48:10.833+0000] {taskmixin.py:205} WARNING - Dependency <Task(_PythonDecoratedOperator): print_the_context>, log_sql_query already registered for DAG: example_python_operator
[2023-01-21T12:48:10.833+0000] {logging_mixin.py:137} INFO - [2023-01-21T12:48:10.833+0000] {taskmixin.py:205} WARNING - Dependency <Task(_PythonDecoratedOperator): log_sql_query>, print_the_context already registered for DAG: example_python_operator
[2023-01-21T12:48:10.835+0000] {logging_mixin.py:137} INFO - [2023-01-21T12:48:10.835+0000] {taskmixin.py:205} WARNING - Dependency <Task(_PythonDecoratedOperator): print_the_context>, log_sql_query already registered for DAG: example_python_operator
[2023-01-21T12:48:10.836+0000] {logging_mixin.py:137} INFO - [2023-01-21T12:48:10.835+0000] {taskmixin.py:205} WARNING - Dependency <Task(_PythonDecoratedOperator): log_sql_query>, print_the_context already registered for DAG: example_python_operator
[2023-01-21T12:48:10.853+0000] {processor.py:753} INFO - DAG(s) dict_keys(['example_python_operator']) retrieved from /home/airflow/.local/lib/python3.7/site-packages/airflow/example_dags/example_python_operator.py
[2023-01-21T12:48:10.990+0000] {logging_mixin.py:137} INFO - [2023-01-21T12:48:10.990+0000] {dag.py:2676} INFO - Sync 1 DAGs
[2023-01-21T12:48:11.055+0000] {logging_mixin.py:137} INFO - [2023-01-21T12:48:11.054+0000] {dag.py:3427} INFO - Setting next_dagrun for example_python_operator to None, run_after=None
[2023-01-21T12:48:11.083+0000] {processor.py:175} INFO - Processing /home/airflow/.local/lib/python3.7/site-packages/airflow/example_dags/example_python_operator.py took 0.299 seconds
