[2023-01-21T12:40:59.661+0000] {processor.py:153} INFO - Started process (PID=71) to work on /home/airflow/.local/lib/python3.7/site-packages/airflow/example_dags/example_complex.py
[2023-01-21T12:40:59.662+0000] {processor.py:743} INFO - Processing file /home/airflow/.local/lib/python3.7/site-packages/airflow/example_dags/example_complex.py for tasks to queue
[2023-01-21T12:40:59.663+0000] {logging_mixin.py:137} INFO - [2023-01-21T12:40:59.663+0000] {dagbag.py:538} INFO - Filling up the DagBag from /home/airflow/.local/lib/python3.7/site-packages/airflow/example_dags/example_complex.py
[2023-01-21T12:40:59.681+0000] {logging_mixin.py:137} INFO - [2023-01-21T12:40:59.680+0000] {taskmixin.py:205} WARNING - Dependency <Task(BashOperator): create_entry_group>, delete_entry_group already registered for DAG: example_complex
[2023-01-21T12:40:59.681+0000] {logging_mixin.py:137} INFO - [2023-01-21T12:40:59.681+0000] {taskmixin.py:205} WARNING - Dependency <Task(BashOperator): delete_entry_group>, create_entry_group already registered for DAG: example_complex
[2023-01-21T12:40:59.681+0000] {logging_mixin.py:137} INFO - [2023-01-21T12:40:59.681+0000] {taskmixin.py:205} WARNING - Dependency <Task(BashOperator): create_entry_gcs>, delete_entry already registered for DAG: example_complex
[2023-01-21T12:40:59.682+0000] {logging_mixin.py:137} INFO - [2023-01-21T12:40:59.682+0000] {taskmixin.py:205} WARNING - Dependency <Task(BashOperator): delete_entry>, create_entry_gcs already registered for DAG: example_complex
[2023-01-21T12:40:59.682+0000] {logging_mixin.py:137} INFO - [2023-01-21T12:40:59.682+0000] {taskmixin.py:205} WARNING - Dependency <Task(BashOperator): create_tag>, delete_tag already registered for DAG: example_complex
[2023-01-21T12:40:59.682+0000] {logging_mixin.py:137} INFO - [2023-01-21T12:40:59.682+0000] {taskmixin.py:205} WARNING - Dependency <Task(BashOperator): delete_tag>, create_tag already registered for DAG: example_complex
[2023-01-21T12:40:59.692+0000] {processor.py:753} INFO - DAG(s) dict_keys(['example_complex']) retrieved from /home/airflow/.local/lib/python3.7/site-packages/airflow/example_dags/example_complex.py
[2023-01-21T12:40:59.761+0000] {logging_mixin.py:137} INFO - [2023-01-21T12:40:59.761+0000] {dag.py:2676} INFO - Sync 1 DAGs
[2023-01-21T12:40:59.803+0000] {logging_mixin.py:137} INFO - [2023-01-21T12:40:59.803+0000] {dag.py:3427} INFO - Setting next_dagrun for example_complex to None, run_after=None
[2023-01-21T12:40:59.833+0000] {processor.py:175} INFO - Processing /home/airflow/.local/lib/python3.7/site-packages/airflow/example_dags/example_complex.py took 0.176 seconds
[2023-01-21T12:41:30.578+0000] {processor.py:153} INFO - Started process (PID=144) to work on /home/airflow/.local/lib/python3.7/site-packages/airflow/example_dags/example_complex.py
[2023-01-21T12:41:30.580+0000] {processor.py:743} INFO - Processing file /home/airflow/.local/lib/python3.7/site-packages/airflow/example_dags/example_complex.py for tasks to queue
[2023-01-21T12:41:30.581+0000] {logging_mixin.py:137} INFO - [2023-01-21T12:41:30.580+0000] {dagbag.py:538} INFO - Filling up the DagBag from /home/airflow/.local/lib/python3.7/site-packages/airflow/example_dags/example_complex.py
[2023-01-21T12:41:30.595+0000] {logging_mixin.py:137} INFO - [2023-01-21T12:41:30.595+0000] {taskmixin.py:205} WARNING - Dependency <Task(BashOperator): create_entry_group>, delete_entry_group already registered for DAG: example_complex
[2023-01-21T12:41:30.595+0000] {logging_mixin.py:137} INFO - [2023-01-21T12:41:30.595+0000] {taskmixin.py:205} WARNING - Dependency <Task(BashOperator): delete_entry_group>, create_entry_group already registered for DAG: example_complex
[2023-01-21T12:41:30.595+0000] {logging_mixin.py:137} INFO - [2023-01-21T12:41:30.595+0000] {taskmixin.py:205} WARNING - Dependency <Task(BashOperator): create_entry_gcs>, delete_entry already registered for DAG: example_complex
[2023-01-21T12:41:30.595+0000] {logging_mixin.py:137} INFO - [2023-01-21T12:41:30.595+0000] {taskmixin.py:205} WARNING - Dependency <Task(BashOperator): delete_entry>, create_entry_gcs already registered for DAG: example_complex
[2023-01-21T12:41:30.596+0000] {logging_mixin.py:137} INFO - [2023-01-21T12:41:30.596+0000] {taskmixin.py:205} WARNING - Dependency <Task(BashOperator): create_tag>, delete_tag already registered for DAG: example_complex
[2023-01-21T12:41:30.596+0000] {logging_mixin.py:137} INFO - [2023-01-21T12:41:30.596+0000] {taskmixin.py:205} WARNING - Dependency <Task(BashOperator): delete_tag>, create_tag already registered for DAG: example_complex
[2023-01-21T12:41:30.605+0000] {processor.py:753} INFO - DAG(s) dict_keys(['example_complex']) retrieved from /home/airflow/.local/lib/python3.7/site-packages/airflow/example_dags/example_complex.py
[2023-01-21T12:41:30.666+0000] {logging_mixin.py:137} INFO - [2023-01-21T12:41:30.666+0000] {dag.py:2676} INFO - Sync 1 DAGs
[2023-01-21T12:41:30.699+0000] {logging_mixin.py:137} INFO - [2023-01-21T12:41:30.699+0000] {dag.py:3427} INFO - Setting next_dagrun for example_complex to None, run_after=None
[2023-01-21T12:41:30.723+0000] {processor.py:175} INFO - Processing /home/airflow/.local/lib/python3.7/site-packages/airflow/example_dags/example_complex.py took 0.148 seconds
[2023-01-21T12:42:01.098+0000] {processor.py:153} INFO - Started process (PID=216) to work on /home/airflow/.local/lib/python3.7/site-packages/airflow/example_dags/example_complex.py
[2023-01-21T12:42:01.102+0000] {processor.py:743} INFO - Processing file /home/airflow/.local/lib/python3.7/site-packages/airflow/example_dags/example_complex.py for tasks to queue
[2023-01-21T12:42:01.102+0000] {logging_mixin.py:137} INFO - [2023-01-21T12:42:01.102+0000] {dagbag.py:538} INFO - Filling up the DagBag from /home/airflow/.local/lib/python3.7/site-packages/airflow/example_dags/example_complex.py
[2023-01-21T12:42:01.122+0000] {logging_mixin.py:137} INFO - [2023-01-21T12:42:01.122+0000] {taskmixin.py:205} WARNING - Dependency <Task(BashOperator): create_entry_group>, delete_entry_group already registered for DAG: example_complex
[2023-01-21T12:42:01.122+0000] {logging_mixin.py:137} INFO - [2023-01-21T12:42:01.122+0000] {taskmixin.py:205} WARNING - Dependency <Task(BashOperator): delete_entry_group>, create_entry_group already registered for DAG: example_complex
[2023-01-21T12:42:01.123+0000] {logging_mixin.py:137} INFO - [2023-01-21T12:42:01.123+0000] {taskmixin.py:205} WARNING - Dependency <Task(BashOperator): create_entry_gcs>, delete_entry already registered for DAG: example_complex
[2023-01-21T12:42:01.123+0000] {logging_mixin.py:137} INFO - [2023-01-21T12:42:01.123+0000] {taskmixin.py:205} WARNING - Dependency <Task(BashOperator): delete_entry>, create_entry_gcs already registered for DAG: example_complex
[2023-01-21T12:42:01.123+0000] {logging_mixin.py:137} INFO - [2023-01-21T12:42:01.123+0000] {taskmixin.py:205} WARNING - Dependency <Task(BashOperator): create_tag>, delete_tag already registered for DAG: example_complex
[2023-01-21T12:42:01.124+0000] {logging_mixin.py:137} INFO - [2023-01-21T12:42:01.123+0000] {taskmixin.py:205} WARNING - Dependency <Task(BashOperator): delete_tag>, create_tag already registered for DAG: example_complex
[2023-01-21T12:42:01.136+0000] {processor.py:753} INFO - DAG(s) dict_keys(['example_complex']) retrieved from /home/airflow/.local/lib/python3.7/site-packages/airflow/example_dags/example_complex.py
[2023-01-21T12:42:01.234+0000] {logging_mixin.py:137} INFO - [2023-01-21T12:42:01.234+0000] {dag.py:2676} INFO - Sync 1 DAGs
[2023-01-21T12:42:01.287+0000] {logging_mixin.py:137} INFO - [2023-01-21T12:42:01.287+0000] {dag.py:3427} INFO - Setting next_dagrun for example_complex to None, run_after=None
[2023-01-21T12:42:01.326+0000] {processor.py:175} INFO - Processing /home/airflow/.local/lib/python3.7/site-packages/airflow/example_dags/example_complex.py took 0.235 seconds
[2023-01-21T12:42:32.227+0000] {processor.py:153} INFO - Started process (PID=297) to work on /home/airflow/.local/lib/python3.7/site-packages/airflow/example_dags/example_complex.py
[2023-01-21T12:42:32.235+0000] {processor.py:743} INFO - Processing file /home/airflow/.local/lib/python3.7/site-packages/airflow/example_dags/example_complex.py for tasks to queue
[2023-01-21T12:42:32.236+0000] {logging_mixin.py:137} INFO - [2023-01-21T12:42:32.236+0000] {dagbag.py:538} INFO - Filling up the DagBag from /home/airflow/.local/lib/python3.7/site-packages/airflow/example_dags/example_complex.py
[2023-01-21T12:42:32.287+0000] {logging_mixin.py:137} INFO - [2023-01-21T12:42:32.287+0000] {taskmixin.py:205} WARNING - Dependency <Task(BashOperator): create_entry_group>, delete_entry_group already registered for DAG: example_complex
[2023-01-21T12:42:32.287+0000] {logging_mixin.py:137} INFO - [2023-01-21T12:42:32.287+0000] {taskmixin.py:205} WARNING - Dependency <Task(BashOperator): delete_entry_group>, create_entry_group already registered for DAG: example_complex
[2023-01-21T12:42:32.288+0000] {logging_mixin.py:137} INFO - [2023-01-21T12:42:32.288+0000] {taskmixin.py:205} WARNING - Dependency <Task(BashOperator): create_entry_gcs>, delete_entry already registered for DAG: example_complex
[2023-01-21T12:42:32.288+0000] {logging_mixin.py:137} INFO - [2023-01-21T12:42:32.288+0000] {taskmixin.py:205} WARNING - Dependency <Task(BashOperator): delete_entry>, create_entry_gcs already registered for DAG: example_complex
[2023-01-21T12:42:32.289+0000] {logging_mixin.py:137} INFO - [2023-01-21T12:42:32.289+0000] {taskmixin.py:205} WARNING - Dependency <Task(BashOperator): create_tag>, delete_tag already registered for DAG: example_complex
[2023-01-21T12:42:32.289+0000] {logging_mixin.py:137} INFO - [2023-01-21T12:42:32.289+0000] {taskmixin.py:205} WARNING - Dependency <Task(BashOperator): delete_tag>, create_tag already registered for DAG: example_complex
[2023-01-21T12:42:32.335+0000] {processor.py:753} INFO - DAG(s) dict_keys(['example_complex']) retrieved from /home/airflow/.local/lib/python3.7/site-packages/airflow/example_dags/example_complex.py
[2023-01-21T12:42:32.518+0000] {logging_mixin.py:137} INFO - [2023-01-21T12:42:32.517+0000] {dag.py:2676} INFO - Sync 1 DAGs
[2023-01-21T12:42:32.630+0000] {logging_mixin.py:137} INFO - [2023-01-21T12:42:32.629+0000] {dag.py:3427} INFO - Setting next_dagrun for example_complex to None, run_after=None
[2023-01-21T12:42:32.731+0000] {processor.py:175} INFO - Processing /home/airflow/.local/lib/python3.7/site-packages/airflow/example_dags/example_complex.py took 0.513 seconds
[2023-01-21T12:43:02.950+0000] {processor.py:153} INFO - Started process (PID=370) to work on /home/airflow/.local/lib/python3.7/site-packages/airflow/example_dags/example_complex.py
[2023-01-21T12:43:02.951+0000] {processor.py:743} INFO - Processing file /home/airflow/.local/lib/python3.7/site-packages/airflow/example_dags/example_complex.py for tasks to queue
[2023-01-21T12:43:02.952+0000] {logging_mixin.py:137} INFO - [2023-01-21T12:43:02.952+0000] {dagbag.py:538} INFO - Filling up the DagBag from /home/airflow/.local/lib/python3.7/site-packages/airflow/example_dags/example_complex.py
[2023-01-21T12:43:02.968+0000] {logging_mixin.py:137} INFO - [2023-01-21T12:43:02.967+0000] {taskmixin.py:205} WARNING - Dependency <Task(BashOperator): create_entry_group>, delete_entry_group already registered for DAG: example_complex
[2023-01-21T12:43:02.968+0000] {logging_mixin.py:137} INFO - [2023-01-21T12:43:02.968+0000] {taskmixin.py:205} WARNING - Dependency <Task(BashOperator): delete_entry_group>, create_entry_group already registered for DAG: example_complex
[2023-01-21T12:43:02.969+0000] {logging_mixin.py:137} INFO - [2023-01-21T12:43:02.968+0000] {taskmixin.py:205} WARNING - Dependency <Task(BashOperator): create_entry_gcs>, delete_entry already registered for DAG: example_complex
[2023-01-21T12:43:02.969+0000] {logging_mixin.py:137} INFO - [2023-01-21T12:43:02.969+0000] {taskmixin.py:205} WARNING - Dependency <Task(BashOperator): delete_entry>, create_entry_gcs already registered for DAG: example_complex
[2023-01-21T12:43:02.970+0000] {logging_mixin.py:137} INFO - [2023-01-21T12:43:02.969+0000] {taskmixin.py:205} WARNING - Dependency <Task(BashOperator): create_tag>, delete_tag already registered for DAG: example_complex
[2023-01-21T12:43:02.970+0000] {logging_mixin.py:137} INFO - [2023-01-21T12:43:02.970+0000] {taskmixin.py:205} WARNING - Dependency <Task(BashOperator): delete_tag>, create_tag already registered for DAG: example_complex
[2023-01-21T12:43:02.984+0000] {processor.py:753} INFO - DAG(s) dict_keys(['example_complex']) retrieved from /home/airflow/.local/lib/python3.7/site-packages/airflow/example_dags/example_complex.py
[2023-01-21T12:43:03.046+0000] {logging_mixin.py:137} INFO - [2023-01-21T12:43:03.046+0000] {dag.py:2676} INFO - Sync 1 DAGs
[2023-01-21T12:43:03.082+0000] {logging_mixin.py:137} INFO - [2023-01-21T12:43:03.082+0000] {dag.py:3427} INFO - Setting next_dagrun for example_complex to None, run_after=None
[2023-01-21T12:43:03.110+0000] {processor.py:175} INFO - Processing /home/airflow/.local/lib/python3.7/site-packages/airflow/example_dags/example_complex.py took 0.164 seconds
[2023-01-21T12:43:33.151+0000] {processor.py:153} INFO - Started process (PID=449) to work on /home/airflow/.local/lib/python3.7/site-packages/airflow/example_dags/example_complex.py
[2023-01-21T12:43:33.152+0000] {processor.py:743} INFO - Processing file /home/airflow/.local/lib/python3.7/site-packages/airflow/example_dags/example_complex.py for tasks to queue
[2023-01-21T12:43:33.153+0000] {logging_mixin.py:137} INFO - [2023-01-21T12:43:33.153+0000] {dagbag.py:538} INFO - Filling up the DagBag from /home/airflow/.local/lib/python3.7/site-packages/airflow/example_dags/example_complex.py
[2023-01-21T12:43:33.166+0000] {logging_mixin.py:137} INFO - [2023-01-21T12:43:33.166+0000] {taskmixin.py:205} WARNING - Dependency <Task(BashOperator): create_entry_group>, delete_entry_group already registered for DAG: example_complex
[2023-01-21T12:43:33.167+0000] {logging_mixin.py:137} INFO - [2023-01-21T12:43:33.167+0000] {taskmixin.py:205} WARNING - Dependency <Task(BashOperator): delete_entry_group>, create_entry_group already registered for DAG: example_complex
[2023-01-21T12:43:33.167+0000] {logging_mixin.py:137} INFO - [2023-01-21T12:43:33.167+0000] {taskmixin.py:205} WARNING - Dependency <Task(BashOperator): create_entry_gcs>, delete_entry already registered for DAG: example_complex
[2023-01-21T12:43:33.167+0000] {logging_mixin.py:137} INFO - [2023-01-21T12:43:33.167+0000] {taskmixin.py:205} WARNING - Dependency <Task(BashOperator): delete_entry>, create_entry_gcs already registered for DAG: example_complex
[2023-01-21T12:43:33.167+0000] {logging_mixin.py:137} INFO - [2023-01-21T12:43:33.167+0000] {taskmixin.py:205} WARNING - Dependency <Task(BashOperator): create_tag>, delete_tag already registered for DAG: example_complex
[2023-01-21T12:43:33.168+0000] {logging_mixin.py:137} INFO - [2023-01-21T12:43:33.168+0000] {taskmixin.py:205} WARNING - Dependency <Task(BashOperator): delete_tag>, create_tag already registered for DAG: example_complex
[2023-01-21T12:43:33.178+0000] {processor.py:753} INFO - DAG(s) dict_keys(['example_complex']) retrieved from /home/airflow/.local/lib/python3.7/site-packages/airflow/example_dags/example_complex.py
[2023-01-21T12:43:33.232+0000] {logging_mixin.py:137} INFO - [2023-01-21T12:43:33.232+0000] {dag.py:2676} INFO - Sync 1 DAGs
[2023-01-21T12:43:33.265+0000] {logging_mixin.py:137} INFO - [2023-01-21T12:43:33.264+0000] {dag.py:3427} INFO - Setting next_dagrun for example_complex to None, run_after=None
[2023-01-21T12:43:33.291+0000] {processor.py:175} INFO - Processing /home/airflow/.local/lib/python3.7/site-packages/airflow/example_dags/example_complex.py took 0.143 seconds
[2023-01-21T12:44:04.020+0000] {processor.py:153} INFO - Started process (PID=521) to work on /home/airflow/.local/lib/python3.7/site-packages/airflow/example_dags/example_complex.py
[2023-01-21T12:44:04.021+0000] {processor.py:743} INFO - Processing file /home/airflow/.local/lib/python3.7/site-packages/airflow/example_dags/example_complex.py for tasks to queue
[2023-01-21T12:44:04.021+0000] {logging_mixin.py:137} INFO - [2023-01-21T12:44:04.021+0000] {dagbag.py:538} INFO - Filling up the DagBag from /home/airflow/.local/lib/python3.7/site-packages/airflow/example_dags/example_complex.py
[2023-01-21T12:44:04.036+0000] {logging_mixin.py:137} INFO - [2023-01-21T12:44:04.036+0000] {taskmixin.py:205} WARNING - Dependency <Task(BashOperator): create_entry_group>, delete_entry_group already registered for DAG: example_complex
[2023-01-21T12:44:04.036+0000] {logging_mixin.py:137} INFO - [2023-01-21T12:44:04.036+0000] {taskmixin.py:205} WARNING - Dependency <Task(BashOperator): delete_entry_group>, create_entry_group already registered for DAG: example_complex
[2023-01-21T12:44:04.037+0000] {logging_mixin.py:137} INFO - [2023-01-21T12:44:04.037+0000] {taskmixin.py:205} WARNING - Dependency <Task(BashOperator): create_entry_gcs>, delete_entry already registered for DAG: example_complex
[2023-01-21T12:44:04.037+0000] {logging_mixin.py:137} INFO - [2023-01-21T12:44:04.037+0000] {taskmixin.py:205} WARNING - Dependency <Task(BashOperator): delete_entry>, create_entry_gcs already registered for DAG: example_complex
[2023-01-21T12:44:04.037+0000] {logging_mixin.py:137} INFO - [2023-01-21T12:44:04.037+0000] {taskmixin.py:205} WARNING - Dependency <Task(BashOperator): create_tag>, delete_tag already registered for DAG: example_complex
[2023-01-21T12:44:04.038+0000] {logging_mixin.py:137} INFO - [2023-01-21T12:44:04.037+0000] {taskmixin.py:205} WARNING - Dependency <Task(BashOperator): delete_tag>, create_tag already registered for DAG: example_complex
[2023-01-21T12:44:04.047+0000] {processor.py:753} INFO - DAG(s) dict_keys(['example_complex']) retrieved from /home/airflow/.local/lib/python3.7/site-packages/airflow/example_dags/example_complex.py
[2023-01-21T12:44:04.116+0000] {logging_mixin.py:137} INFO - [2023-01-21T12:44:04.115+0000] {dag.py:2676} INFO - Sync 1 DAGs
[2023-01-21T12:44:04.154+0000] {logging_mixin.py:137} INFO - [2023-01-21T12:44:04.154+0000] {dag.py:3427} INFO - Setting next_dagrun for example_complex to None, run_after=None
[2023-01-21T12:44:04.181+0000] {processor.py:175} INFO - Processing /home/airflow/.local/lib/python3.7/site-packages/airflow/example_dags/example_complex.py took 0.165 seconds
[2023-01-21T12:44:34.242+0000] {processor.py:153} INFO - Started process (PID=593) to work on /home/airflow/.local/lib/python3.7/site-packages/airflow/example_dags/example_complex.py
[2023-01-21T12:44:34.243+0000] {processor.py:743} INFO - Processing file /home/airflow/.local/lib/python3.7/site-packages/airflow/example_dags/example_complex.py for tasks to queue
[2023-01-21T12:44:34.244+0000] {logging_mixin.py:137} INFO - [2023-01-21T12:44:34.244+0000] {dagbag.py:538} INFO - Filling up the DagBag from /home/airflow/.local/lib/python3.7/site-packages/airflow/example_dags/example_complex.py
[2023-01-21T12:44:34.263+0000] {logging_mixin.py:137} INFO - [2023-01-21T12:44:34.262+0000] {taskmixin.py:205} WARNING - Dependency <Task(BashOperator): create_entry_group>, delete_entry_group already registered for DAG: example_complex
[2023-01-21T12:44:34.263+0000] {logging_mixin.py:137} INFO - [2023-01-21T12:44:34.263+0000] {taskmixin.py:205} WARNING - Dependency <Task(BashOperator): delete_entry_group>, create_entry_group already registered for DAG: example_complex
[2023-01-21T12:44:34.263+0000] {logging_mixin.py:137} INFO - [2023-01-21T12:44:34.263+0000] {taskmixin.py:205} WARNING - Dependency <Task(BashOperator): create_entry_gcs>, delete_entry already registered for DAG: example_complex
[2023-01-21T12:44:34.263+0000] {logging_mixin.py:137} INFO - [2023-01-21T12:44:34.263+0000] {taskmixin.py:205} WARNING - Dependency <Task(BashOperator): delete_entry>, create_entry_gcs already registered for DAG: example_complex
[2023-01-21T12:44:34.264+0000] {logging_mixin.py:137} INFO - [2023-01-21T12:44:34.264+0000] {taskmixin.py:205} WARNING - Dependency <Task(BashOperator): create_tag>, delete_tag already registered for DAG: example_complex
[2023-01-21T12:44:34.264+0000] {logging_mixin.py:137} INFO - [2023-01-21T12:44:34.264+0000] {taskmixin.py:205} WARNING - Dependency <Task(BashOperator): delete_tag>, create_tag already registered for DAG: example_complex
[2023-01-21T12:44:34.278+0000] {processor.py:753} INFO - DAG(s) dict_keys(['example_complex']) retrieved from /home/airflow/.local/lib/python3.7/site-packages/airflow/example_dags/example_complex.py
[2023-01-21T12:44:34.376+0000] {logging_mixin.py:137} INFO - [2023-01-21T12:44:34.376+0000] {dag.py:2676} INFO - Sync 1 DAGs
[2023-01-21T12:44:34.424+0000] {logging_mixin.py:137} INFO - [2023-01-21T12:44:34.424+0000] {dag.py:3427} INFO - Setting next_dagrun for example_complex to None, run_after=None
[2023-01-21T12:44:34.463+0000] {processor.py:175} INFO - Processing /home/airflow/.local/lib/python3.7/site-packages/airflow/example_dags/example_complex.py took 0.226 seconds
[2023-01-21T12:45:04.899+0000] {processor.py:153} INFO - Started process (PID=681) to work on /home/airflow/.local/lib/python3.7/site-packages/airflow/example_dags/example_complex.py
[2023-01-21T12:45:04.900+0000] {processor.py:743} INFO - Processing file /home/airflow/.local/lib/python3.7/site-packages/airflow/example_dags/example_complex.py for tasks to queue
[2023-01-21T12:45:04.901+0000] {logging_mixin.py:137} INFO - [2023-01-21T12:45:04.901+0000] {dagbag.py:538} INFO - Filling up the DagBag from /home/airflow/.local/lib/python3.7/site-packages/airflow/example_dags/example_complex.py
[2023-01-21T12:45:04.915+0000] {logging_mixin.py:137} INFO - [2023-01-21T12:45:04.915+0000] {taskmixin.py:205} WARNING - Dependency <Task(BashOperator): create_entry_group>, delete_entry_group already registered for DAG: example_complex
[2023-01-21T12:45:04.915+0000] {logging_mixin.py:137} INFO - [2023-01-21T12:45:04.915+0000] {taskmixin.py:205} WARNING - Dependency <Task(BashOperator): delete_entry_group>, create_entry_group already registered for DAG: example_complex
[2023-01-21T12:45:04.916+0000] {logging_mixin.py:137} INFO - [2023-01-21T12:45:04.915+0000] {taskmixin.py:205} WARNING - Dependency <Task(BashOperator): create_entry_gcs>, delete_entry already registered for DAG: example_complex
[2023-01-21T12:45:04.916+0000] {logging_mixin.py:137} INFO - [2023-01-21T12:45:04.916+0000] {taskmixin.py:205} WARNING - Dependency <Task(BashOperator): delete_entry>, create_entry_gcs already registered for DAG: example_complex
[2023-01-21T12:45:04.916+0000] {logging_mixin.py:137} INFO - [2023-01-21T12:45:04.916+0000] {taskmixin.py:205} WARNING - Dependency <Task(BashOperator): create_tag>, delete_tag already registered for DAG: example_complex
[2023-01-21T12:45:04.916+0000] {logging_mixin.py:137} INFO - [2023-01-21T12:45:04.916+0000] {taskmixin.py:205} WARNING - Dependency <Task(BashOperator): delete_tag>, create_tag already registered for DAG: example_complex
[2023-01-21T12:45:04.926+0000] {processor.py:753} INFO - DAG(s) dict_keys(['example_complex']) retrieved from /home/airflow/.local/lib/python3.7/site-packages/airflow/example_dags/example_complex.py
[2023-01-21T12:45:04.981+0000] {logging_mixin.py:137} INFO - [2023-01-21T12:45:04.981+0000] {dag.py:2676} INFO - Sync 1 DAGs
[2023-01-21T12:45:05.015+0000] {logging_mixin.py:137} INFO - [2023-01-21T12:45:05.014+0000] {dag.py:3427} INFO - Setting next_dagrun for example_complex to None, run_after=None
[2023-01-21T12:45:05.042+0000] {processor.py:175} INFO - Processing /home/airflow/.local/lib/python3.7/site-packages/airflow/example_dags/example_complex.py took 0.147 seconds
[2023-01-21T12:45:35.370+0000] {processor.py:153} INFO - Started process (PID=753) to work on /home/airflow/.local/lib/python3.7/site-packages/airflow/example_dags/example_complex.py
[2023-01-21T12:45:35.371+0000] {processor.py:743} INFO - Processing file /home/airflow/.local/lib/python3.7/site-packages/airflow/example_dags/example_complex.py for tasks to queue
[2023-01-21T12:45:35.372+0000] {logging_mixin.py:137} INFO - [2023-01-21T12:45:35.372+0000] {dagbag.py:538} INFO - Filling up the DagBag from /home/airflow/.local/lib/python3.7/site-packages/airflow/example_dags/example_complex.py
[2023-01-21T12:45:35.385+0000] {logging_mixin.py:137} INFO - [2023-01-21T12:45:35.385+0000] {taskmixin.py:205} WARNING - Dependency <Task(BashOperator): create_entry_group>, delete_entry_group already registered for DAG: example_complex
[2023-01-21T12:45:35.385+0000] {logging_mixin.py:137} INFO - [2023-01-21T12:45:35.385+0000] {taskmixin.py:205} WARNING - Dependency <Task(BashOperator): delete_entry_group>, create_entry_group already registered for DAG: example_complex
[2023-01-21T12:45:35.386+0000] {logging_mixin.py:137} INFO - [2023-01-21T12:45:35.386+0000] {taskmixin.py:205} WARNING - Dependency <Task(BashOperator): create_entry_gcs>, delete_entry already registered for DAG: example_complex
[2023-01-21T12:45:35.386+0000] {logging_mixin.py:137} INFO - [2023-01-21T12:45:35.386+0000] {taskmixin.py:205} WARNING - Dependency <Task(BashOperator): delete_entry>, create_entry_gcs already registered for DAG: example_complex
[2023-01-21T12:45:35.386+0000] {logging_mixin.py:137} INFO - [2023-01-21T12:45:35.386+0000] {taskmixin.py:205} WARNING - Dependency <Task(BashOperator): create_tag>, delete_tag already registered for DAG: example_complex
[2023-01-21T12:45:35.386+0000] {logging_mixin.py:137} INFO - [2023-01-21T12:45:35.386+0000] {taskmixin.py:205} WARNING - Dependency <Task(BashOperator): delete_tag>, create_tag already registered for DAG: example_complex
[2023-01-21T12:45:35.396+0000] {processor.py:753} INFO - DAG(s) dict_keys(['example_complex']) retrieved from /home/airflow/.local/lib/python3.7/site-packages/airflow/example_dags/example_complex.py
[2023-01-21T12:45:35.454+0000] {logging_mixin.py:137} INFO - [2023-01-21T12:45:35.454+0000] {dag.py:2676} INFO - Sync 1 DAGs
[2023-01-21T12:45:35.485+0000] {logging_mixin.py:137} INFO - [2023-01-21T12:45:35.484+0000] {dag.py:3427} INFO - Setting next_dagrun for example_complex to None, run_after=None
[2023-01-21T12:45:35.512+0000] {processor.py:175} INFO - Processing /home/airflow/.local/lib/python3.7/site-packages/airflow/example_dags/example_complex.py took 0.146 seconds
[2023-01-21T12:46:06.561+0000] {processor.py:153} INFO - Started process (PID=833) to work on /home/airflow/.local/lib/python3.7/site-packages/airflow/example_dags/example_complex.py
[2023-01-21T12:46:06.569+0000] {processor.py:743} INFO - Processing file /home/airflow/.local/lib/python3.7/site-packages/airflow/example_dags/example_complex.py for tasks to queue
[2023-01-21T12:46:06.570+0000] {logging_mixin.py:137} INFO - [2023-01-21T12:46:06.570+0000] {dagbag.py:538} INFO - Filling up the DagBag from /home/airflow/.local/lib/python3.7/site-packages/airflow/example_dags/example_complex.py
[2023-01-21T12:46:06.607+0000] {logging_mixin.py:137} INFO - [2023-01-21T12:46:06.606+0000] {taskmixin.py:205} WARNING - Dependency <Task(BashOperator): create_entry_group>, delete_entry_group already registered for DAG: example_complex
[2023-01-21T12:46:06.607+0000] {logging_mixin.py:137} INFO - [2023-01-21T12:46:06.607+0000] {taskmixin.py:205} WARNING - Dependency <Task(BashOperator): delete_entry_group>, create_entry_group already registered for DAG: example_complex
[2023-01-21T12:46:06.608+0000] {logging_mixin.py:137} INFO - [2023-01-21T12:46:06.608+0000] {taskmixin.py:205} WARNING - Dependency <Task(BashOperator): create_entry_gcs>, delete_entry already registered for DAG: example_complex
[2023-01-21T12:46:06.609+0000] {logging_mixin.py:137} INFO - [2023-01-21T12:46:06.609+0000] {taskmixin.py:205} WARNING - Dependency <Task(BashOperator): delete_entry>, create_entry_gcs already registered for DAG: example_complex
[2023-01-21T12:46:06.619+0000] {logging_mixin.py:137} INFO - [2023-01-21T12:46:06.619+0000] {taskmixin.py:205} WARNING - Dependency <Task(BashOperator): create_tag>, delete_tag already registered for DAG: example_complex
[2023-01-21T12:46:06.619+0000] {logging_mixin.py:137} INFO - [2023-01-21T12:46:06.619+0000] {taskmixin.py:205} WARNING - Dependency <Task(BashOperator): delete_tag>, create_tag already registered for DAG: example_complex
[2023-01-21T12:46:06.646+0000] {processor.py:753} INFO - DAG(s) dict_keys(['example_complex']) retrieved from /home/airflow/.local/lib/python3.7/site-packages/airflow/example_dags/example_complex.py
[2023-01-21T12:46:06.869+0000] {logging_mixin.py:137} INFO - [2023-01-21T12:46:06.868+0000] {dag.py:2676} INFO - Sync 1 DAGs
[2023-01-21T12:46:06.955+0000] {logging_mixin.py:137} INFO - [2023-01-21T12:46:06.955+0000] {dag.py:3427} INFO - Setting next_dagrun for example_complex to None, run_after=None
[2023-01-21T12:46:07.036+0000] {processor.py:175} INFO - Processing /home/airflow/.local/lib/python3.7/site-packages/airflow/example_dags/example_complex.py took 0.493 seconds
[2023-01-21T12:46:37.869+0000] {processor.py:153} INFO - Started process (PID=914) to work on /home/airflow/.local/lib/python3.7/site-packages/airflow/example_dags/example_complex.py
[2023-01-21T12:46:37.870+0000] {processor.py:743} INFO - Processing file /home/airflow/.local/lib/python3.7/site-packages/airflow/example_dags/example_complex.py for tasks to queue
[2023-01-21T12:46:37.871+0000] {logging_mixin.py:137} INFO - [2023-01-21T12:46:37.871+0000] {dagbag.py:538} INFO - Filling up the DagBag from /home/airflow/.local/lib/python3.7/site-packages/airflow/example_dags/example_complex.py
[2023-01-21T12:46:37.891+0000] {logging_mixin.py:137} INFO - [2023-01-21T12:46:37.891+0000] {taskmixin.py:205} WARNING - Dependency <Task(BashOperator): create_entry_group>, delete_entry_group already registered for DAG: example_complex
[2023-01-21T12:46:37.892+0000] {logging_mixin.py:137} INFO - [2023-01-21T12:46:37.891+0000] {taskmixin.py:205} WARNING - Dependency <Task(BashOperator): delete_entry_group>, create_entry_group already registered for DAG: example_complex
[2023-01-21T12:46:37.892+0000] {logging_mixin.py:137} INFO - [2023-01-21T12:46:37.892+0000] {taskmixin.py:205} WARNING - Dependency <Task(BashOperator): create_entry_gcs>, delete_entry already registered for DAG: example_complex
[2023-01-21T12:46:37.892+0000] {logging_mixin.py:137} INFO - [2023-01-21T12:46:37.892+0000] {taskmixin.py:205} WARNING - Dependency <Task(BashOperator): delete_entry>, create_entry_gcs already registered for DAG: example_complex
[2023-01-21T12:46:37.893+0000] {logging_mixin.py:137} INFO - [2023-01-21T12:46:37.893+0000] {taskmixin.py:205} WARNING - Dependency <Task(BashOperator): create_tag>, delete_tag already registered for DAG: example_complex
[2023-01-21T12:46:37.894+0000] {logging_mixin.py:137} INFO - [2023-01-21T12:46:37.893+0000] {taskmixin.py:205} WARNING - Dependency <Task(BashOperator): delete_tag>, create_tag already registered for DAG: example_complex
[2023-01-21T12:46:37.906+0000] {processor.py:753} INFO - DAG(s) dict_keys(['example_complex']) retrieved from /home/airflow/.local/lib/python3.7/site-packages/airflow/example_dags/example_complex.py
[2023-01-21T12:46:37.970+0000] {logging_mixin.py:137} INFO - [2023-01-21T12:46:37.969+0000] {dag.py:2676} INFO - Sync 1 DAGs
[2023-01-21T12:46:38.013+0000] {logging_mixin.py:137} INFO - [2023-01-21T12:46:38.013+0000] {dag.py:3427} INFO - Setting next_dagrun for example_complex to None, run_after=None
[2023-01-21T12:46:38.044+0000] {processor.py:175} INFO - Processing /home/airflow/.local/lib/python3.7/site-packages/airflow/example_dags/example_complex.py took 0.182 seconds
[2023-01-21T12:47:08.713+0000] {processor.py:153} INFO - Started process (PID=986) to work on /home/airflow/.local/lib/python3.7/site-packages/airflow/example_dags/example_complex.py
[2023-01-21T12:47:08.715+0000] {processor.py:743} INFO - Processing file /home/airflow/.local/lib/python3.7/site-packages/airflow/example_dags/example_complex.py for tasks to queue
[2023-01-21T12:47:08.715+0000] {logging_mixin.py:137} INFO - [2023-01-21T12:47:08.715+0000] {dagbag.py:538} INFO - Filling up the DagBag from /home/airflow/.local/lib/python3.7/site-packages/airflow/example_dags/example_complex.py
[2023-01-21T12:47:08.729+0000] {logging_mixin.py:137} INFO - [2023-01-21T12:47:08.729+0000] {taskmixin.py:205} WARNING - Dependency <Task(BashOperator): create_entry_group>, delete_entry_group already registered for DAG: example_complex
[2023-01-21T12:47:08.730+0000] {logging_mixin.py:137} INFO - [2023-01-21T12:47:08.730+0000] {taskmixin.py:205} WARNING - Dependency <Task(BashOperator): delete_entry_group>, create_entry_group already registered for DAG: example_complex
[2023-01-21T12:47:08.730+0000] {logging_mixin.py:137} INFO - [2023-01-21T12:47:08.730+0000] {taskmixin.py:205} WARNING - Dependency <Task(BashOperator): create_entry_gcs>, delete_entry already registered for DAG: example_complex
[2023-01-21T12:47:08.730+0000] {logging_mixin.py:137} INFO - [2023-01-21T12:47:08.730+0000] {taskmixin.py:205} WARNING - Dependency <Task(BashOperator): delete_entry>, create_entry_gcs already registered for DAG: example_complex
[2023-01-21T12:47:08.731+0000] {logging_mixin.py:137} INFO - [2023-01-21T12:47:08.731+0000] {taskmixin.py:205} WARNING - Dependency <Task(BashOperator): create_tag>, delete_tag already registered for DAG: example_complex
[2023-01-21T12:47:08.731+0000] {logging_mixin.py:137} INFO - [2023-01-21T12:47:08.731+0000] {taskmixin.py:205} WARNING - Dependency <Task(BashOperator): delete_tag>, create_tag already registered for DAG: example_complex
[2023-01-21T12:47:08.740+0000] {processor.py:753} INFO - DAG(s) dict_keys(['example_complex']) retrieved from /home/airflow/.local/lib/python3.7/site-packages/airflow/example_dags/example_complex.py
[2023-01-21T12:47:08.796+0000] {logging_mixin.py:137} INFO - [2023-01-21T12:47:08.796+0000] {dag.py:2676} INFO - Sync 1 DAGs
[2023-01-21T12:47:08.828+0000] {logging_mixin.py:137} INFO - [2023-01-21T12:47:08.828+0000] {dag.py:3427} INFO - Setting next_dagrun for example_complex to None, run_after=None
[2023-01-21T12:47:08.854+0000] {processor.py:175} INFO - Processing /home/airflow/.local/lib/python3.7/site-packages/airflow/example_dags/example_complex.py took 0.145 seconds
[2023-01-21T12:47:39.173+0000] {processor.py:153} INFO - Started process (PID=1058) to work on /home/airflow/.local/lib/python3.7/site-packages/airflow/example_dags/example_complex.py
[2023-01-21T12:47:39.174+0000] {processor.py:743} INFO - Processing file /home/airflow/.local/lib/python3.7/site-packages/airflow/example_dags/example_complex.py for tasks to queue
[2023-01-21T12:47:39.175+0000] {logging_mixin.py:137} INFO - [2023-01-21T12:47:39.175+0000] {dagbag.py:538} INFO - Filling up the DagBag from /home/airflow/.local/lib/python3.7/site-packages/airflow/example_dags/example_complex.py
[2023-01-21T12:47:39.190+0000] {logging_mixin.py:137} INFO - [2023-01-21T12:47:39.189+0000] {taskmixin.py:205} WARNING - Dependency <Task(BashOperator): create_entry_group>, delete_entry_group already registered for DAG: example_complex
[2023-01-21T12:47:39.190+0000] {logging_mixin.py:137} INFO - [2023-01-21T12:47:39.190+0000] {taskmixin.py:205} WARNING - Dependency <Task(BashOperator): delete_entry_group>, create_entry_group already registered for DAG: example_complex
[2023-01-21T12:47:39.190+0000] {logging_mixin.py:137} INFO - [2023-01-21T12:47:39.190+0000] {taskmixin.py:205} WARNING - Dependency <Task(BashOperator): create_entry_gcs>, delete_entry already registered for DAG: example_complex
[2023-01-21T12:47:39.191+0000] {logging_mixin.py:137} INFO - [2023-01-21T12:47:39.190+0000] {taskmixin.py:205} WARNING - Dependency <Task(BashOperator): delete_entry>, create_entry_gcs already registered for DAG: example_complex
[2023-01-21T12:47:39.191+0000] {logging_mixin.py:137} INFO - [2023-01-21T12:47:39.191+0000] {taskmixin.py:205} WARNING - Dependency <Task(BashOperator): create_tag>, delete_tag already registered for DAG: example_complex
[2023-01-21T12:47:39.191+0000] {logging_mixin.py:137} INFO - [2023-01-21T12:47:39.191+0000] {taskmixin.py:205} WARNING - Dependency <Task(BashOperator): delete_tag>, create_tag already registered for DAG: example_complex
[2023-01-21T12:47:39.201+0000] {processor.py:753} INFO - DAG(s) dict_keys(['example_complex']) retrieved from /home/airflow/.local/lib/python3.7/site-packages/airflow/example_dags/example_complex.py
[2023-01-21T12:47:39.258+0000] {logging_mixin.py:137} INFO - [2023-01-21T12:47:39.258+0000] {dag.py:2676} INFO - Sync 1 DAGs
[2023-01-21T12:47:39.289+0000] {logging_mixin.py:137} INFO - [2023-01-21T12:47:39.289+0000] {dag.py:3427} INFO - Setting next_dagrun for example_complex to None, run_after=None
[2023-01-21T12:47:39.317+0000] {processor.py:175} INFO - Processing /home/airflow/.local/lib/python3.7/site-packages/airflow/example_dags/example_complex.py took 0.149 seconds
[2023-01-21T12:48:09.857+0000] {processor.py:153} INFO - Started process (PID=1139) to work on /home/airflow/.local/lib/python3.7/site-packages/airflow/example_dags/example_complex.py
[2023-01-21T12:48:09.858+0000] {processor.py:743} INFO - Processing file /home/airflow/.local/lib/python3.7/site-packages/airflow/example_dags/example_complex.py for tasks to queue
[2023-01-21T12:48:09.859+0000] {logging_mixin.py:137} INFO - [2023-01-21T12:48:09.859+0000] {dagbag.py:538} INFO - Filling up the DagBag from /home/airflow/.local/lib/python3.7/site-packages/airflow/example_dags/example_complex.py
[2023-01-21T12:48:09.877+0000] {logging_mixin.py:137} INFO - [2023-01-21T12:48:09.877+0000] {taskmixin.py:205} WARNING - Dependency <Task(BashOperator): create_entry_group>, delete_entry_group already registered for DAG: example_complex
[2023-01-21T12:48:09.877+0000] {logging_mixin.py:137} INFO - [2023-01-21T12:48:09.877+0000] {taskmixin.py:205} WARNING - Dependency <Task(BashOperator): delete_entry_group>, create_entry_group already registered for DAG: example_complex
[2023-01-21T12:48:09.878+0000] {logging_mixin.py:137} INFO - [2023-01-21T12:48:09.878+0000] {taskmixin.py:205} WARNING - Dependency <Task(BashOperator): create_entry_gcs>, delete_entry already registered for DAG: example_complex
[2023-01-21T12:48:09.878+0000] {logging_mixin.py:137} INFO - [2023-01-21T12:48:09.878+0000] {taskmixin.py:205} WARNING - Dependency <Task(BashOperator): delete_entry>, create_entry_gcs already registered for DAG: example_complex
[2023-01-21T12:48:09.879+0000] {logging_mixin.py:137} INFO - [2023-01-21T12:48:09.879+0000] {taskmixin.py:205} WARNING - Dependency <Task(BashOperator): create_tag>, delete_tag already registered for DAG: example_complex
[2023-01-21T12:48:09.879+0000] {logging_mixin.py:137} INFO - [2023-01-21T12:48:09.879+0000] {taskmixin.py:205} WARNING - Dependency <Task(BashOperator): delete_tag>, create_tag already registered for DAG: example_complex
[2023-01-21T12:48:09.891+0000] {processor.py:753} INFO - DAG(s) dict_keys(['example_complex']) retrieved from /home/airflow/.local/lib/python3.7/site-packages/airflow/example_dags/example_complex.py
[2023-01-21T12:48:09.958+0000] {logging_mixin.py:137} INFO - [2023-01-21T12:48:09.958+0000] {dag.py:2676} INFO - Sync 1 DAGs
[2023-01-21T12:48:09.996+0000] {logging_mixin.py:137} INFO - [2023-01-21T12:48:09.995+0000] {dag.py:3427} INFO - Setting next_dagrun for example_complex to None, run_after=None
[2023-01-21T12:48:10.024+0000] {processor.py:175} INFO - Processing /home/airflow/.local/lib/python3.7/site-packages/airflow/example_dags/example_complex.py took 0.173 seconds
