[2023-01-21T12:41:02.057+0000] {processor.py:153} INFO - Started process (PID=94) to work on /home/airflow/.local/lib/python3.7/site-packages/airflow/example_dags/example_subdag_operator.py
[2023-01-21T12:41:02.058+0000] {processor.py:743} INFO - Processing file /home/airflow/.local/lib/python3.7/site-packages/airflow/example_dags/example_subdag_operator.py for tasks to queue
[2023-01-21T12:41:02.059+0000] {logging_mixin.py:137} INFO - [2023-01-21T12:41:02.059+0000] {dagbag.py:538} INFO - Filling up the DagBag from /home/airflow/.local/lib/python3.7/site-packages/airflow/example_dags/example_subdag_operator.py
[2023-01-21T12:41:02.107+0000] {processor.py:753} INFO - DAG(s) dict_keys(['example_subdag_operator.section-1', 'example_subdag_operator.section-2', 'example_subdag_operator']) retrieved from /home/airflow/.local/lib/python3.7/site-packages/airflow/example_dags/example_subdag_operator.py
[2023-01-21T12:41:02.161+0000] {logging_mixin.py:137} INFO - [2023-01-21T12:41:02.161+0000] {dag.py:2676} INFO - Sync 3 DAGs
[2023-01-21T12:41:02.200+0000] {logging_mixin.py:137} INFO - [2023-01-21T12:41:02.199+0000] {dag.py:3427} INFO - Setting next_dagrun for example_subdag_operator to 2022-01-01T00:00:00+00:00, run_after=2022-01-01T00:00:00+00:00
[2023-01-21T12:41:02.205+0000] {logging_mixin.py:137} INFO - [2023-01-21T12:41:02.205+0000] {dag.py:3427} INFO - Setting next_dagrun for example_subdag_operator.section-1 to None, run_after=None
[2023-01-21T12:41:02.207+0000] {logging_mixin.py:137} INFO - [2023-01-21T12:41:02.207+0000] {dag.py:3427} INFO - Setting next_dagrun for example_subdag_operator.section-2 to None, run_after=None
[2023-01-21T12:41:02.218+0000] {logging_mixin.py:137} INFO - [2023-01-21T12:41:02.218+0000] {dag.py:2676} INFO - Sync 2 DAGs
[2023-01-21T12:41:02.227+0000] {logging_mixin.py:137} INFO - [2023-01-21T12:41:02.227+0000] {dag.py:3427} INFO - Setting next_dagrun for example_subdag_operator.section-1 to None, run_after=None
[2023-01-21T12:41:02.228+0000] {logging_mixin.py:137} INFO - [2023-01-21T12:41:02.227+0000] {dag.py:3427} INFO - Setting next_dagrun for example_subdag_operator.section-2 to None, run_after=None
[2023-01-21T12:41:02.247+0000] {processor.py:175} INFO - Processing /home/airflow/.local/lib/python3.7/site-packages/airflow/example_dags/example_subdag_operator.py took 0.194 seconds
[2023-01-21T12:41:32.536+0000] {processor.py:153} INFO - Started process (PID=167) to work on /home/airflow/.local/lib/python3.7/site-packages/airflow/example_dags/example_subdag_operator.py
[2023-01-21T12:41:32.537+0000] {processor.py:743} INFO - Processing file /home/airflow/.local/lib/python3.7/site-packages/airflow/example_dags/example_subdag_operator.py for tasks to queue
[2023-01-21T12:41:32.538+0000] {logging_mixin.py:137} INFO - [2023-01-21T12:41:32.537+0000] {dagbag.py:538} INFO - Filling up the DagBag from /home/airflow/.local/lib/python3.7/site-packages/airflow/example_dags/example_subdag_operator.py
[2023-01-21T12:41:32.578+0000] {processor.py:753} INFO - DAG(s) dict_keys(['example_subdag_operator.section-1', 'example_subdag_operator.section-2', 'example_subdag_operator']) retrieved from /home/airflow/.local/lib/python3.7/site-packages/airflow/example_dags/example_subdag_operator.py
[2023-01-21T12:41:32.620+0000] {logging_mixin.py:137} INFO - [2023-01-21T12:41:32.620+0000] {dag.py:2676} INFO - Sync 3 DAGs
[2023-01-21T12:41:32.653+0000] {logging_mixin.py:137} INFO - [2023-01-21T12:41:32.653+0000] {dag.py:3427} INFO - Setting next_dagrun for example_subdag_operator to 2022-01-01T00:00:00+00:00, run_after=2022-01-01T00:00:00+00:00
[2023-01-21T12:41:32.658+0000] {logging_mixin.py:137} INFO - [2023-01-21T12:41:32.658+0000] {dag.py:3427} INFO - Setting next_dagrun for example_subdag_operator.section-1 to None, run_after=None
[2023-01-21T12:41:32.660+0000] {logging_mixin.py:137} INFO - [2023-01-21T12:41:32.660+0000] {dag.py:3427} INFO - Setting next_dagrun for example_subdag_operator.section-2 to None, run_after=None
[2023-01-21T12:41:32.670+0000] {logging_mixin.py:137} INFO - [2023-01-21T12:41:32.670+0000] {dag.py:2676} INFO - Sync 2 DAGs
[2023-01-21T12:41:32.677+0000] {logging_mixin.py:137} INFO - [2023-01-21T12:41:32.677+0000] {dag.py:3427} INFO - Setting next_dagrun for example_subdag_operator.section-1 to None, run_after=None
[2023-01-21T12:41:32.677+0000] {logging_mixin.py:137} INFO - [2023-01-21T12:41:32.677+0000] {dag.py:3427} INFO - Setting next_dagrun for example_subdag_operator.section-2 to None, run_after=None
[2023-01-21T12:41:32.693+0000] {processor.py:175} INFO - Processing /home/airflow/.local/lib/python3.7/site-packages/airflow/example_dags/example_subdag_operator.py took 0.161 seconds
[2023-01-21T12:42:04.830+0000] {processor.py:153} INFO - Started process (PID=255) to work on /home/airflow/.local/lib/python3.7/site-packages/airflow/example_dags/example_subdag_operator.py
[2023-01-21T12:42:04.836+0000] {processor.py:743} INFO - Processing file /home/airflow/.local/lib/python3.7/site-packages/airflow/example_dags/example_subdag_operator.py for tasks to queue
[2023-01-21T12:42:04.838+0000] {logging_mixin.py:137} INFO - [2023-01-21T12:42:04.837+0000] {dagbag.py:538} INFO - Filling up the DagBag from /home/airflow/.local/lib/python3.7/site-packages/airflow/example_dags/example_subdag_operator.py
[2023-01-21T12:42:04.921+0000] {processor.py:753} INFO - DAG(s) dict_keys(['example_subdag_operator.section-1', 'example_subdag_operator.section-2', 'example_subdag_operator']) retrieved from /home/airflow/.local/lib/python3.7/site-packages/airflow/example_dags/example_subdag_operator.py
[2023-01-21T12:42:04.994+0000] {logging_mixin.py:137} INFO - [2023-01-21T12:42:04.993+0000] {dag.py:2676} INFO - Sync 3 DAGs
[2023-01-21T12:42:05.061+0000] {logging_mixin.py:137} INFO - [2023-01-21T12:42:05.060+0000] {dag.py:3427} INFO - Setting next_dagrun for example_subdag_operator to 2022-01-01T00:00:00+00:00, run_after=2022-01-01T00:00:00+00:00
[2023-01-21T12:42:05.068+0000] {logging_mixin.py:137} INFO - [2023-01-21T12:42:05.068+0000] {dag.py:3427} INFO - Setting next_dagrun for example_subdag_operator.section-1 to None, run_after=None
[2023-01-21T12:42:05.070+0000] {logging_mixin.py:137} INFO - [2023-01-21T12:42:05.070+0000] {dag.py:3427} INFO - Setting next_dagrun for example_subdag_operator.section-2 to None, run_after=None
[2023-01-21T12:42:05.090+0000] {logging_mixin.py:137} INFO - [2023-01-21T12:42:05.089+0000] {dag.py:2676} INFO - Sync 2 DAGs
[2023-01-21T12:42:05.106+0000] {logging_mixin.py:137} INFO - [2023-01-21T12:42:05.105+0000] {dag.py:3427} INFO - Setting next_dagrun for example_subdag_operator.section-1 to None, run_after=None
[2023-01-21T12:42:05.106+0000] {logging_mixin.py:137} INFO - [2023-01-21T12:42:05.106+0000] {dag.py:3427} INFO - Setting next_dagrun for example_subdag_operator.section-2 to None, run_after=None
[2023-01-21T12:42:05.133+0000] {processor.py:175} INFO - Processing /home/airflow/.local/lib/python3.7/site-packages/airflow/example_dags/example_subdag_operator.py took 0.316 seconds
[2023-01-21T12:42:36.832+0000] {processor.py:153} INFO - Started process (PID=327) to work on /home/airflow/.local/lib/python3.7/site-packages/airflow/example_dags/example_subdag_operator.py
[2023-01-21T12:42:36.840+0000] {processor.py:743} INFO - Processing file /home/airflow/.local/lib/python3.7/site-packages/airflow/example_dags/example_subdag_operator.py for tasks to queue
[2023-01-21T12:42:36.841+0000] {logging_mixin.py:137} INFO - [2023-01-21T12:42:36.840+0000] {dagbag.py:538} INFO - Filling up the DagBag from /home/airflow/.local/lib/python3.7/site-packages/airflow/example_dags/example_subdag_operator.py
[2023-01-21T12:42:36.955+0000] {processor.py:753} INFO - DAG(s) dict_keys(['example_subdag_operator.section-1', 'example_subdag_operator.section-2', 'example_subdag_operator']) retrieved from /home/airflow/.local/lib/python3.7/site-packages/airflow/example_dags/example_subdag_operator.py
[2023-01-21T12:42:37.100+0000] {logging_mixin.py:137} INFO - [2023-01-21T12:42:37.100+0000] {dag.py:2676} INFO - Sync 3 DAGs
[2023-01-21T12:42:37.227+0000] {logging_mixin.py:137} INFO - [2023-01-21T12:42:37.216+0000] {dag.py:3427} INFO - Setting next_dagrun for example_subdag_operator to 2022-01-01T00:00:00+00:00, run_after=2022-01-01T00:00:00+00:00
[2023-01-21T12:42:37.243+0000] {logging_mixin.py:137} INFO - [2023-01-21T12:42:37.243+0000] {dag.py:3427} INFO - Setting next_dagrun for example_subdag_operator.section-1 to None, run_after=None
[2023-01-21T12:42:37.245+0000] {logging_mixin.py:137} INFO - [2023-01-21T12:42:37.245+0000] {dag.py:3427} INFO - Setting next_dagrun for example_subdag_operator.section-2 to None, run_after=None
[2023-01-21T12:42:37.278+0000] {logging_mixin.py:137} INFO - [2023-01-21T12:42:37.278+0000] {dag.py:2676} INFO - Sync 2 DAGs
[2023-01-21T12:42:37.297+0000] {logging_mixin.py:137} INFO - [2023-01-21T12:42:37.297+0000] {dag.py:3427} INFO - Setting next_dagrun for example_subdag_operator.section-1 to None, run_after=None
[2023-01-21T12:42:37.307+0000] {logging_mixin.py:137} INFO - [2023-01-21T12:42:37.307+0000] {dag.py:3427} INFO - Setting next_dagrun for example_subdag_operator.section-2 to None, run_after=None
[2023-01-21T12:42:37.344+0000] {processor.py:175} INFO - Processing /home/airflow/.local/lib/python3.7/site-packages/airflow/example_dags/example_subdag_operator.py took 0.527 seconds
[2023-01-21T12:43:08.304+0000] {processor.py:153} INFO - Started process (PID=400) to work on /home/airflow/.local/lib/python3.7/site-packages/airflow/example_dags/example_subdag_operator.py
[2023-01-21T12:43:08.305+0000] {processor.py:743} INFO - Processing file /home/airflow/.local/lib/python3.7/site-packages/airflow/example_dags/example_subdag_operator.py for tasks to queue
[2023-01-21T12:43:08.306+0000] {logging_mixin.py:137} INFO - [2023-01-21T12:43:08.306+0000] {dagbag.py:538} INFO - Filling up the DagBag from /home/airflow/.local/lib/python3.7/site-packages/airflow/example_dags/example_subdag_operator.py
[2023-01-21T12:43:08.346+0000] {processor.py:753} INFO - DAG(s) dict_keys(['example_subdag_operator.section-1', 'example_subdag_operator.section-2', 'example_subdag_operator']) retrieved from /home/airflow/.local/lib/python3.7/site-packages/airflow/example_dags/example_subdag_operator.py
[2023-01-21T12:43:08.386+0000] {logging_mixin.py:137} INFO - [2023-01-21T12:43:08.386+0000] {dag.py:2676} INFO - Sync 3 DAGs
[2023-01-21T12:43:08.418+0000] {logging_mixin.py:137} INFO - [2023-01-21T12:43:08.418+0000] {dag.py:3427} INFO - Setting next_dagrun for example_subdag_operator to 2022-01-01T00:00:00+00:00, run_after=2022-01-01T00:00:00+00:00
[2023-01-21T12:43:08.423+0000] {logging_mixin.py:137} INFO - [2023-01-21T12:43:08.423+0000] {dag.py:3427} INFO - Setting next_dagrun for example_subdag_operator.section-1 to None, run_after=None
[2023-01-21T12:43:08.425+0000] {logging_mixin.py:137} INFO - [2023-01-21T12:43:08.425+0000] {dag.py:3427} INFO - Setting next_dagrun for example_subdag_operator.section-2 to None, run_after=None
[2023-01-21T12:43:08.435+0000] {logging_mixin.py:137} INFO - [2023-01-21T12:43:08.435+0000] {dag.py:2676} INFO - Sync 2 DAGs
[2023-01-21T12:43:08.445+0000] {logging_mixin.py:137} INFO - [2023-01-21T12:43:08.445+0000] {dag.py:3427} INFO - Setting next_dagrun for example_subdag_operator.section-1 to None, run_after=None
[2023-01-21T12:43:08.445+0000] {logging_mixin.py:137} INFO - [2023-01-21T12:43:08.445+0000] {dag.py:3427} INFO - Setting next_dagrun for example_subdag_operator.section-2 to None, run_after=None
[2023-01-21T12:43:08.465+0000] {processor.py:175} INFO - Processing /home/airflow/.local/lib/python3.7/site-packages/airflow/example_dags/example_subdag_operator.py took 0.165 seconds
[2023-01-21T12:43:39.133+0000] {processor.py:153} INFO - Started process (PID=472) to work on /home/airflow/.local/lib/python3.7/site-packages/airflow/example_dags/example_subdag_operator.py
[2023-01-21T12:43:39.136+0000] {processor.py:743} INFO - Processing file /home/airflow/.local/lib/python3.7/site-packages/airflow/example_dags/example_subdag_operator.py for tasks to queue
[2023-01-21T12:43:39.137+0000] {logging_mixin.py:137} INFO - [2023-01-21T12:43:39.137+0000] {dagbag.py:538} INFO - Filling up the DagBag from /home/airflow/.local/lib/python3.7/site-packages/airflow/example_dags/example_subdag_operator.py
[2023-01-21T12:43:39.193+0000] {processor.py:753} INFO - DAG(s) dict_keys(['example_subdag_operator.section-1', 'example_subdag_operator.section-2', 'example_subdag_operator']) retrieved from /home/airflow/.local/lib/python3.7/site-packages/airflow/example_dags/example_subdag_operator.py
[2023-01-21T12:43:39.255+0000] {logging_mixin.py:137} INFO - [2023-01-21T12:43:39.255+0000] {dag.py:2676} INFO - Sync 3 DAGs
[2023-01-21T12:43:39.303+0000] {logging_mixin.py:137} INFO - [2023-01-21T12:43:39.302+0000] {dag.py:3427} INFO - Setting next_dagrun for example_subdag_operator to 2022-01-01T00:00:00+00:00, run_after=2022-01-01T00:00:00+00:00
[2023-01-21T12:43:39.309+0000] {logging_mixin.py:137} INFO - [2023-01-21T12:43:39.309+0000] {dag.py:3427} INFO - Setting next_dagrun for example_subdag_operator.section-1 to None, run_after=None
[2023-01-21T12:43:39.311+0000] {logging_mixin.py:137} INFO - [2023-01-21T12:43:39.311+0000] {dag.py:3427} INFO - Setting next_dagrun for example_subdag_operator.section-2 to None, run_after=None
[2023-01-21T12:43:39.326+0000] {logging_mixin.py:137} INFO - [2023-01-21T12:43:39.325+0000] {dag.py:2676} INFO - Sync 2 DAGs
[2023-01-21T12:43:39.337+0000] {logging_mixin.py:137} INFO - [2023-01-21T12:43:39.337+0000] {dag.py:3427} INFO - Setting next_dagrun for example_subdag_operator.section-1 to None, run_after=None
[2023-01-21T12:43:39.338+0000] {logging_mixin.py:137} INFO - [2023-01-21T12:43:39.338+0000] {dag.py:3427} INFO - Setting next_dagrun for example_subdag_operator.section-2 to None, run_after=None
[2023-01-21T12:43:39.363+0000] {processor.py:175} INFO - Processing /home/airflow/.local/lib/python3.7/site-packages/airflow/example_dags/example_subdag_operator.py took 0.238 seconds
[2023-01-21T12:44:09.871+0000] {processor.py:153} INFO - Started process (PID=560) to work on /home/airflow/.local/lib/python3.7/site-packages/airflow/example_dags/example_subdag_operator.py
[2023-01-21T12:44:09.873+0000] {processor.py:743} INFO - Processing file /home/airflow/.local/lib/python3.7/site-packages/airflow/example_dags/example_subdag_operator.py for tasks to queue
[2023-01-21T12:44:09.874+0000] {logging_mixin.py:137} INFO - [2023-01-21T12:44:09.874+0000] {dagbag.py:538} INFO - Filling up the DagBag from /home/airflow/.local/lib/python3.7/site-packages/airflow/example_dags/example_subdag_operator.py
[2023-01-21T12:44:09.920+0000] {processor.py:753} INFO - DAG(s) dict_keys(['example_subdag_operator.section-1', 'example_subdag_operator.section-2', 'example_subdag_operator']) retrieved from /home/airflow/.local/lib/python3.7/site-packages/airflow/example_dags/example_subdag_operator.py
[2023-01-21T12:44:09.958+0000] {logging_mixin.py:137} INFO - [2023-01-21T12:44:09.958+0000] {dag.py:2676} INFO - Sync 3 DAGs
[2023-01-21T12:44:09.994+0000] {logging_mixin.py:137} INFO - [2023-01-21T12:44:09.993+0000] {dag.py:3427} INFO - Setting next_dagrun for example_subdag_operator to 2022-01-01T00:00:00+00:00, run_after=2022-01-01T00:00:00+00:00
[2023-01-21T12:44:09.998+0000] {logging_mixin.py:137} INFO - [2023-01-21T12:44:09.998+0000] {dag.py:3427} INFO - Setting next_dagrun for example_subdag_operator.section-1 to None, run_after=None
[2023-01-21T12:44:10.000+0000] {logging_mixin.py:137} INFO - [2023-01-21T12:44:10.000+0000] {dag.py:3427} INFO - Setting next_dagrun for example_subdag_operator.section-2 to None, run_after=None
[2023-01-21T12:44:10.012+0000] {logging_mixin.py:137} INFO - [2023-01-21T12:44:10.012+0000] {dag.py:2676} INFO - Sync 2 DAGs
[2023-01-21T12:44:10.022+0000] {logging_mixin.py:137} INFO - [2023-01-21T12:44:10.021+0000] {dag.py:3427} INFO - Setting next_dagrun for example_subdag_operator.section-1 to None, run_after=None
[2023-01-21T12:44:10.022+0000] {logging_mixin.py:137} INFO - [2023-01-21T12:44:10.022+0000] {dag.py:3427} INFO - Setting next_dagrun for example_subdag_operator.section-2 to None, run_after=None
[2023-01-21T12:44:10.040+0000] {processor.py:175} INFO - Processing /home/airflow/.local/lib/python3.7/site-packages/airflow/example_dags/example_subdag_operator.py took 0.173 seconds
[2023-01-21T12:44:40.350+0000] {processor.py:153} INFO - Started process (PID=632) to work on /home/airflow/.local/lib/python3.7/site-packages/airflow/example_dags/example_subdag_operator.py
[2023-01-21T12:44:40.351+0000] {processor.py:743} INFO - Processing file /home/airflow/.local/lib/python3.7/site-packages/airflow/example_dags/example_subdag_operator.py for tasks to queue
[2023-01-21T12:44:40.352+0000] {logging_mixin.py:137} INFO - [2023-01-21T12:44:40.352+0000] {dagbag.py:538} INFO - Filling up the DagBag from /home/airflow/.local/lib/python3.7/site-packages/airflow/example_dags/example_subdag_operator.py
[2023-01-21T12:44:40.415+0000] {processor.py:753} INFO - DAG(s) dict_keys(['example_subdag_operator.section-1', 'example_subdag_operator.section-2', 'example_subdag_operator']) retrieved from /home/airflow/.local/lib/python3.7/site-packages/airflow/example_dags/example_subdag_operator.py
[2023-01-21T12:44:40.472+0000] {logging_mixin.py:137} INFO - [2023-01-21T12:44:40.471+0000] {dag.py:2676} INFO - Sync 3 DAGs
[2023-01-21T12:44:40.524+0000] {logging_mixin.py:137} INFO - [2023-01-21T12:44:40.524+0000] {dag.py:3427} INFO - Setting next_dagrun for example_subdag_operator to 2022-01-01T00:00:00+00:00, run_after=2022-01-01T00:00:00+00:00
[2023-01-21T12:44:40.530+0000] {logging_mixin.py:137} INFO - [2023-01-21T12:44:40.530+0000] {dag.py:3427} INFO - Setting next_dagrun for example_subdag_operator.section-1 to None, run_after=None
[2023-01-21T12:44:40.533+0000] {logging_mixin.py:137} INFO - [2023-01-21T12:44:40.533+0000] {dag.py:3427} INFO - Setting next_dagrun for example_subdag_operator.section-2 to None, run_after=None
[2023-01-21T12:44:40.547+0000] {logging_mixin.py:137} INFO - [2023-01-21T12:44:40.547+0000] {dag.py:2676} INFO - Sync 2 DAGs
[2023-01-21T12:44:40.561+0000] {logging_mixin.py:137} INFO - [2023-01-21T12:44:40.560+0000] {dag.py:3427} INFO - Setting next_dagrun for example_subdag_operator.section-1 to None, run_after=None
[2023-01-21T12:44:40.561+0000] {logging_mixin.py:137} INFO - [2023-01-21T12:44:40.561+0000] {dag.py:3427} INFO - Setting next_dagrun for example_subdag_operator.section-2 to None, run_after=None
[2023-01-21T12:44:40.585+0000] {processor.py:175} INFO - Processing /home/airflow/.local/lib/python3.7/site-packages/airflow/example_dags/example_subdag_operator.py took 0.241 seconds
[2023-01-21T12:45:10.815+0000] {processor.py:153} INFO - Started process (PID=704) to work on /home/airflow/.local/lib/python3.7/site-packages/airflow/example_dags/example_subdag_operator.py
[2023-01-21T12:45:10.816+0000] {processor.py:743} INFO - Processing file /home/airflow/.local/lib/python3.7/site-packages/airflow/example_dags/example_subdag_operator.py for tasks to queue
[2023-01-21T12:45:10.816+0000] {logging_mixin.py:137} INFO - [2023-01-21T12:45:10.816+0000] {dagbag.py:538} INFO - Filling up the DagBag from /home/airflow/.local/lib/python3.7/site-packages/airflow/example_dags/example_subdag_operator.py
[2023-01-21T12:45:10.857+0000] {processor.py:753} INFO - DAG(s) dict_keys(['example_subdag_operator.section-1', 'example_subdag_operator.section-2', 'example_subdag_operator']) retrieved from /home/airflow/.local/lib/python3.7/site-packages/airflow/example_dags/example_subdag_operator.py
[2023-01-21T12:45:10.895+0000] {logging_mixin.py:137} INFO - [2023-01-21T12:45:10.895+0000] {dag.py:2676} INFO - Sync 3 DAGs
[2023-01-21T12:45:10.927+0000] {logging_mixin.py:137} INFO - [2023-01-21T12:45:10.927+0000] {dag.py:3427} INFO - Setting next_dagrun for example_subdag_operator to 2022-01-01T00:00:00+00:00, run_after=2022-01-01T00:00:00+00:00
[2023-01-21T12:45:10.931+0000] {logging_mixin.py:137} INFO - [2023-01-21T12:45:10.931+0000] {dag.py:3427} INFO - Setting next_dagrun for example_subdag_operator.section-1 to None, run_after=None
[2023-01-21T12:45:10.933+0000] {logging_mixin.py:137} INFO - [2023-01-21T12:45:10.933+0000] {dag.py:3427} INFO - Setting next_dagrun for example_subdag_operator.section-2 to None, run_after=None
[2023-01-21T12:45:10.943+0000] {logging_mixin.py:137} INFO - [2023-01-21T12:45:10.943+0000] {dag.py:2676} INFO - Sync 2 DAGs
[2023-01-21T12:45:10.951+0000] {logging_mixin.py:137} INFO - [2023-01-21T12:45:10.951+0000] {dag.py:3427} INFO - Setting next_dagrun for example_subdag_operator.section-1 to None, run_after=None
[2023-01-21T12:45:10.951+0000] {logging_mixin.py:137} INFO - [2023-01-21T12:45:10.951+0000] {dag.py:3427} INFO - Setting next_dagrun for example_subdag_operator.section-2 to None, run_after=None
[2023-01-21T12:45:10.967+0000] {processor.py:175} INFO - Processing /home/airflow/.local/lib/python3.7/site-packages/airflow/example_dags/example_subdag_operator.py took 0.157 seconds
[2023-01-21T12:45:41.012+0000] {processor.py:153} INFO - Started process (PID=785) to work on /home/airflow/.local/lib/python3.7/site-packages/airflow/example_dags/example_subdag_operator.py
[2023-01-21T12:45:41.013+0000] {processor.py:743} INFO - Processing file /home/airflow/.local/lib/python3.7/site-packages/airflow/example_dags/example_subdag_operator.py for tasks to queue
[2023-01-21T12:45:41.014+0000] {logging_mixin.py:137} INFO - [2023-01-21T12:45:41.014+0000] {dagbag.py:538} INFO - Filling up the DagBag from /home/airflow/.local/lib/python3.7/site-packages/airflow/example_dags/example_subdag_operator.py
[2023-01-21T12:45:41.056+0000] {processor.py:753} INFO - DAG(s) dict_keys(['example_subdag_operator.section-1', 'example_subdag_operator.section-2', 'example_subdag_operator']) retrieved from /home/airflow/.local/lib/python3.7/site-packages/airflow/example_dags/example_subdag_operator.py
[2023-01-21T12:45:41.102+0000] {logging_mixin.py:137} INFO - [2023-01-21T12:45:41.101+0000] {dag.py:2676} INFO - Sync 3 DAGs
[2023-01-21T12:45:41.140+0000] {logging_mixin.py:137} INFO - [2023-01-21T12:45:41.140+0000] {dag.py:3427} INFO - Setting next_dagrun for example_subdag_operator to 2022-01-01T00:00:00+00:00, run_after=2022-01-01T00:00:00+00:00
[2023-01-21T12:45:41.145+0000] {logging_mixin.py:137} INFO - [2023-01-21T12:45:41.145+0000] {dag.py:3427} INFO - Setting next_dagrun for example_subdag_operator.section-1 to None, run_after=None
[2023-01-21T12:45:41.147+0000] {logging_mixin.py:137} INFO - [2023-01-21T12:45:41.147+0000] {dag.py:3427} INFO - Setting next_dagrun for example_subdag_operator.section-2 to None, run_after=None
[2023-01-21T12:45:41.158+0000] {logging_mixin.py:137} INFO - [2023-01-21T12:45:41.158+0000] {dag.py:2676} INFO - Sync 2 DAGs
[2023-01-21T12:45:41.166+0000] {logging_mixin.py:137} INFO - [2023-01-21T12:45:41.166+0000] {dag.py:3427} INFO - Setting next_dagrun for example_subdag_operator.section-1 to None, run_after=None
[2023-01-21T12:45:41.166+0000] {logging_mixin.py:137} INFO - [2023-01-21T12:45:41.166+0000] {dag.py:3427} INFO - Setting next_dagrun for example_subdag_operator.section-2 to None, run_after=None
[2023-01-21T12:45:41.184+0000] {processor.py:175} INFO - Processing /home/airflow/.local/lib/python3.7/site-packages/airflow/example_dags/example_subdag_operator.py took 0.177 seconds
[2023-01-21T12:46:12.094+0000] {processor.py:153} INFO - Started process (PID=865) to work on /home/airflow/.local/lib/python3.7/site-packages/airflow/example_dags/example_subdag_operator.py
[2023-01-21T12:46:12.106+0000] {processor.py:743} INFO - Processing file /home/airflow/.local/lib/python3.7/site-packages/airflow/example_dags/example_subdag_operator.py for tasks to queue
[2023-01-21T12:46:12.107+0000] {logging_mixin.py:137} INFO - [2023-01-21T12:46:12.107+0000] {dagbag.py:538} INFO - Filling up the DagBag from /home/airflow/.local/lib/python3.7/site-packages/airflow/example_dags/example_subdag_operator.py
[2023-01-21T12:46:12.221+0000] {processor.py:753} INFO - DAG(s) dict_keys(['example_subdag_operator.section-1', 'example_subdag_operator.section-2', 'example_subdag_operator']) retrieved from /home/airflow/.local/lib/python3.7/site-packages/airflow/example_dags/example_subdag_operator.py
[2023-01-21T12:46:12.294+0000] {logging_mixin.py:137} INFO - [2023-01-21T12:46:12.293+0000] {dag.py:2676} INFO - Sync 3 DAGs
[2023-01-21T12:46:12.346+0000] {logging_mixin.py:137} INFO - [2023-01-21T12:46:12.346+0000] {dag.py:3427} INFO - Setting next_dagrun for example_subdag_operator to 2022-01-01T00:00:00+00:00, run_after=2022-01-01T00:00:00+00:00
[2023-01-21T12:46:12.353+0000] {logging_mixin.py:137} INFO - [2023-01-21T12:46:12.352+0000] {dag.py:3427} INFO - Setting next_dagrun for example_subdag_operator.section-1 to None, run_after=None
[2023-01-21T12:46:12.355+0000] {logging_mixin.py:137} INFO - [2023-01-21T12:46:12.355+0000] {dag.py:3427} INFO - Setting next_dagrun for example_subdag_operator.section-2 to None, run_after=None
[2023-01-21T12:46:12.374+0000] {logging_mixin.py:137} INFO - [2023-01-21T12:46:12.374+0000] {dag.py:2676} INFO - Sync 2 DAGs
[2023-01-21T12:46:12.385+0000] {logging_mixin.py:137} INFO - [2023-01-21T12:46:12.385+0000] {dag.py:3427} INFO - Setting next_dagrun for example_subdag_operator.section-1 to None, run_after=None
[2023-01-21T12:46:12.386+0000] {logging_mixin.py:137} INFO - [2023-01-21T12:46:12.386+0000] {dag.py:3427} INFO - Setting next_dagrun for example_subdag_operator.section-2 to None, run_after=None
[2023-01-21T12:46:12.411+0000] {processor.py:175} INFO - Processing /home/airflow/.local/lib/python3.7/site-packages/airflow/example_dags/example_subdag_operator.py took 0.334 seconds
[2023-01-21T12:46:43.394+0000] {processor.py:153} INFO - Started process (PID=937) to work on /home/airflow/.local/lib/python3.7/site-packages/airflow/example_dags/example_subdag_operator.py
[2023-01-21T12:46:43.395+0000] {processor.py:743} INFO - Processing file /home/airflow/.local/lib/python3.7/site-packages/airflow/example_dags/example_subdag_operator.py for tasks to queue
[2023-01-21T12:46:43.396+0000] {logging_mixin.py:137} INFO - [2023-01-21T12:46:43.396+0000] {dagbag.py:538} INFO - Filling up the DagBag from /home/airflow/.local/lib/python3.7/site-packages/airflow/example_dags/example_subdag_operator.py
[2023-01-21T12:46:43.436+0000] {processor.py:753} INFO - DAG(s) dict_keys(['example_subdag_operator.section-1', 'example_subdag_operator.section-2', 'example_subdag_operator']) retrieved from /home/airflow/.local/lib/python3.7/site-packages/airflow/example_dags/example_subdag_operator.py
[2023-01-21T12:46:43.484+0000] {logging_mixin.py:137} INFO - [2023-01-21T12:46:43.484+0000] {dag.py:2676} INFO - Sync 3 DAGs
[2023-01-21T12:46:43.521+0000] {logging_mixin.py:137} INFO - [2023-01-21T12:46:43.521+0000] {dag.py:3427} INFO - Setting next_dagrun for example_subdag_operator to 2022-01-01T00:00:00+00:00, run_after=2022-01-01T00:00:00+00:00
[2023-01-21T12:46:43.526+0000] {logging_mixin.py:137} INFO - [2023-01-21T12:46:43.526+0000] {dag.py:3427} INFO - Setting next_dagrun for example_subdag_operator.section-1 to None, run_after=None
[2023-01-21T12:46:43.528+0000] {logging_mixin.py:137} INFO - [2023-01-21T12:46:43.528+0000] {dag.py:3427} INFO - Setting next_dagrun for example_subdag_operator.section-2 to None, run_after=None
[2023-01-21T12:46:43.540+0000] {logging_mixin.py:137} INFO - [2023-01-21T12:46:43.540+0000] {dag.py:2676} INFO - Sync 2 DAGs
[2023-01-21T12:46:43.551+0000] {logging_mixin.py:137} INFO - [2023-01-21T12:46:43.551+0000] {dag.py:3427} INFO - Setting next_dagrun for example_subdag_operator.section-1 to None, run_after=None
[2023-01-21T12:46:43.551+0000] {logging_mixin.py:137} INFO - [2023-01-21T12:46:43.551+0000] {dag.py:3427} INFO - Setting next_dagrun for example_subdag_operator.section-2 to None, run_after=None
[2023-01-21T12:46:43.568+0000] {processor.py:175} INFO - Processing /home/airflow/.local/lib/python3.7/site-packages/airflow/example_dags/example_subdag_operator.py took 0.178 seconds
[2023-01-21T12:47:13.929+0000] {processor.py:153} INFO - Started process (PID=1009) to work on /home/airflow/.local/lib/python3.7/site-packages/airflow/example_dags/example_subdag_operator.py
[2023-01-21T12:47:13.929+0000] {processor.py:743} INFO - Processing file /home/airflow/.local/lib/python3.7/site-packages/airflow/example_dags/example_subdag_operator.py for tasks to queue
[2023-01-21T12:47:13.930+0000] {logging_mixin.py:137} INFO - [2023-01-21T12:47:13.930+0000] {dagbag.py:538} INFO - Filling up the DagBag from /home/airflow/.local/lib/python3.7/site-packages/airflow/example_dags/example_subdag_operator.py
[2023-01-21T12:47:13.969+0000] {processor.py:753} INFO - DAG(s) dict_keys(['example_subdag_operator.section-1', 'example_subdag_operator.section-2', 'example_subdag_operator']) retrieved from /home/airflow/.local/lib/python3.7/site-packages/airflow/example_dags/example_subdag_operator.py
[2023-01-21T12:47:14.008+0000] {logging_mixin.py:137} INFO - [2023-01-21T12:47:14.007+0000] {dag.py:2676} INFO - Sync 3 DAGs
[2023-01-21T12:47:14.038+0000] {logging_mixin.py:137} INFO - [2023-01-21T12:47:14.037+0000] {dag.py:3427} INFO - Setting next_dagrun for example_subdag_operator to 2022-01-01T00:00:00+00:00, run_after=2022-01-01T00:00:00+00:00
[2023-01-21T12:47:14.042+0000] {logging_mixin.py:137} INFO - [2023-01-21T12:47:14.042+0000] {dag.py:3427} INFO - Setting next_dagrun for example_subdag_operator.section-1 to None, run_after=None
[2023-01-21T12:47:14.044+0000] {logging_mixin.py:137} INFO - [2023-01-21T12:47:14.044+0000] {dag.py:3427} INFO - Setting next_dagrun for example_subdag_operator.section-2 to None, run_after=None
[2023-01-21T12:47:14.056+0000] {logging_mixin.py:137} INFO - [2023-01-21T12:47:14.055+0000] {dag.py:2676} INFO - Sync 2 DAGs
[2023-01-21T12:47:14.063+0000] {logging_mixin.py:137} INFO - [2023-01-21T12:47:14.063+0000] {dag.py:3427} INFO - Setting next_dagrun for example_subdag_operator.section-1 to None, run_after=None
[2023-01-21T12:47:14.064+0000] {logging_mixin.py:137} INFO - [2023-01-21T12:47:14.064+0000] {dag.py:3427} INFO - Setting next_dagrun for example_subdag_operator.section-2 to None, run_after=None
[2023-01-21T12:47:14.080+0000] {processor.py:175} INFO - Processing /home/airflow/.local/lib/python3.7/site-packages/airflow/example_dags/example_subdag_operator.py took 0.155 seconds
[2023-01-21T12:47:44.308+0000] {processor.py:153} INFO - Started process (PID=1097) to work on /home/airflow/.local/lib/python3.7/site-packages/airflow/example_dags/example_subdag_operator.py
[2023-01-21T12:47:44.312+0000] {processor.py:743} INFO - Processing file /home/airflow/.local/lib/python3.7/site-packages/airflow/example_dags/example_subdag_operator.py for tasks to queue
[2023-01-21T12:47:44.313+0000] {logging_mixin.py:137} INFO - [2023-01-21T12:47:44.312+0000] {dagbag.py:538} INFO - Filling up the DagBag from /home/airflow/.local/lib/python3.7/site-packages/airflow/example_dags/example_subdag_operator.py
[2023-01-21T12:47:44.351+0000] {processor.py:753} INFO - DAG(s) dict_keys(['example_subdag_operator.section-1', 'example_subdag_operator.section-2', 'example_subdag_operator']) retrieved from /home/airflow/.local/lib/python3.7/site-packages/airflow/example_dags/example_subdag_operator.py
[2023-01-21T12:47:44.398+0000] {logging_mixin.py:137} INFO - [2023-01-21T12:47:44.398+0000] {dag.py:2676} INFO - Sync 3 DAGs
[2023-01-21T12:47:44.431+0000] {logging_mixin.py:137} INFO - [2023-01-21T12:47:44.431+0000] {dag.py:3427} INFO - Setting next_dagrun for example_subdag_operator to 2022-01-01T00:00:00+00:00, run_after=2022-01-01T00:00:00+00:00
[2023-01-21T12:47:44.436+0000] {logging_mixin.py:137} INFO - [2023-01-21T12:47:44.435+0000] {dag.py:3427} INFO - Setting next_dagrun for example_subdag_operator.section-1 to None, run_after=None
[2023-01-21T12:47:44.437+0000] {logging_mixin.py:137} INFO - [2023-01-21T12:47:44.437+0000] {dag.py:3427} INFO - Setting next_dagrun for example_subdag_operator.section-2 to None, run_after=None
[2023-01-21T12:47:44.447+0000] {logging_mixin.py:137} INFO - [2023-01-21T12:47:44.447+0000] {dag.py:2676} INFO - Sync 2 DAGs
[2023-01-21T12:47:44.458+0000] {logging_mixin.py:137} INFO - [2023-01-21T12:47:44.457+0000] {dag.py:3427} INFO - Setting next_dagrun for example_subdag_operator.section-1 to None, run_after=None
[2023-01-21T12:47:44.458+0000] {logging_mixin.py:137} INFO - [2023-01-21T12:47:44.458+0000] {dag.py:3427} INFO - Setting next_dagrun for example_subdag_operator.section-2 to None, run_after=None
[2023-01-21T12:47:44.477+0000] {processor.py:175} INFO - Processing /home/airflow/.local/lib/python3.7/site-packages/airflow/example_dags/example_subdag_operator.py took 0.173 seconds
[2023-01-21T12:48:15.191+0000] {processor.py:153} INFO - Started process (PID=1169) to work on /home/airflow/.local/lib/python3.7/site-packages/airflow/example_dags/example_subdag_operator.py
[2023-01-21T12:48:15.192+0000] {processor.py:743} INFO - Processing file /home/airflow/.local/lib/python3.7/site-packages/airflow/example_dags/example_subdag_operator.py for tasks to queue
[2023-01-21T12:48:15.193+0000] {logging_mixin.py:137} INFO - [2023-01-21T12:48:15.193+0000] {dagbag.py:538} INFO - Filling up the DagBag from /home/airflow/.local/lib/python3.7/site-packages/airflow/example_dags/example_subdag_operator.py
[2023-01-21T12:48:15.246+0000] {processor.py:753} INFO - DAG(s) dict_keys(['example_subdag_operator.section-1', 'example_subdag_operator.section-2', 'example_subdag_operator']) retrieved from /home/airflow/.local/lib/python3.7/site-packages/airflow/example_dags/example_subdag_operator.py
[2023-01-21T12:48:15.290+0000] {logging_mixin.py:137} INFO - [2023-01-21T12:48:15.290+0000] {dag.py:2676} INFO - Sync 3 DAGs
[2023-01-21T12:48:15.328+0000] {logging_mixin.py:137} INFO - [2023-01-21T12:48:15.328+0000] {dag.py:3427} INFO - Setting next_dagrun for example_subdag_operator to 2022-01-01T00:00:00+00:00, run_after=2022-01-01T00:00:00+00:00
[2023-01-21T12:48:15.333+0000] {logging_mixin.py:137} INFO - [2023-01-21T12:48:15.333+0000] {dag.py:3427} INFO - Setting next_dagrun for example_subdag_operator.section-1 to None, run_after=None
[2023-01-21T12:48:15.335+0000] {logging_mixin.py:137} INFO - [2023-01-21T12:48:15.335+0000] {dag.py:3427} INFO - Setting next_dagrun for example_subdag_operator.section-2 to None, run_after=None
[2023-01-21T12:48:15.346+0000] {logging_mixin.py:137} INFO - [2023-01-21T12:48:15.346+0000] {dag.py:2676} INFO - Sync 2 DAGs
[2023-01-21T12:48:15.353+0000] {logging_mixin.py:137} INFO - [2023-01-21T12:48:15.353+0000] {dag.py:3427} INFO - Setting next_dagrun for example_subdag_operator.section-1 to None, run_after=None
[2023-01-21T12:48:15.354+0000] {logging_mixin.py:137} INFO - [2023-01-21T12:48:15.354+0000] {dag.py:3427} INFO - Setting next_dagrun for example_subdag_operator.section-2 to None, run_after=None
[2023-01-21T12:48:15.373+0000] {processor.py:175} INFO - Processing /home/airflow/.local/lib/python3.7/site-packages/airflow/example_dags/example_subdag_operator.py took 0.186 seconds
