[2023-01-21T12:41:00.758+0000] {processor.py:153} INFO - Started process (PID=80) to work on /home/airflow/.local/lib/python3.7/site-packages/airflow/example_dags/example_latest_only.py
[2023-01-21T12:41:00.759+0000] {processor.py:743} INFO - Processing file /home/airflow/.local/lib/python3.7/site-packages/airflow/example_dags/example_latest_only.py for tasks to queue
[2023-01-21T12:41:00.761+0000] {logging_mixin.py:137} INFO - [2023-01-21T12:41:00.761+0000] {dagbag.py:538} INFO - Filling up the DagBag from /home/airflow/.local/lib/python3.7/site-packages/airflow/example_dags/example_latest_only.py
[2023-01-21T12:41:00.793+0000] {processor.py:753} INFO - DAG(s) dict_keys(['latest_only']) retrieved from /home/airflow/.local/lib/python3.7/site-packages/airflow/example_dags/example_latest_only.py
[2023-01-21T12:41:00.853+0000] {logging_mixin.py:137} INFO - [2023-01-21T12:41:00.853+0000] {dag.py:2676} INFO - Sync 1 DAGs
[2023-01-21T12:41:00.891+0000] {logging_mixin.py:137} INFO - [2023-01-21T12:41:00.890+0000] {dag.py:3427} INFO - Setting next_dagrun for latest_only to 2023-01-21T08:41:00.890699+00:00, run_after=2023-01-21T12:41:00.890699+00:00
[2023-01-21T12:41:00.921+0000] {processor.py:175} INFO - Processing /home/airflow/.local/lib/python3.7/site-packages/airflow/example_dags/example_latest_only.py took 0.168 seconds
[2023-01-21T12:41:31.288+0000] {processor.py:153} INFO - Started process (PID=153) to work on /home/airflow/.local/lib/python3.7/site-packages/airflow/example_dags/example_latest_only.py
[2023-01-21T12:41:31.290+0000] {processor.py:743} INFO - Processing file /home/airflow/.local/lib/python3.7/site-packages/airflow/example_dags/example_latest_only.py for tasks to queue
[2023-01-21T12:41:31.291+0000] {logging_mixin.py:137} INFO - [2023-01-21T12:41:31.290+0000] {dagbag.py:538} INFO - Filling up the DagBag from /home/airflow/.local/lib/python3.7/site-packages/airflow/example_dags/example_latest_only.py
[2023-01-21T12:41:31.308+0000] {processor.py:753} INFO - DAG(s) dict_keys(['latest_only']) retrieved from /home/airflow/.local/lib/python3.7/site-packages/airflow/example_dags/example_latest_only.py
[2023-01-21T12:41:31.359+0000] {logging_mixin.py:137} INFO - [2023-01-21T12:41:31.359+0000] {dag.py:2676} INFO - Sync 1 DAGs
[2023-01-21T12:41:31.393+0000] {logging_mixin.py:137} INFO - [2023-01-21T12:41:31.393+0000] {dag.py:3427} INFO - Setting next_dagrun for latest_only to 2023-01-21T08:41:31.393118+00:00, run_after=2023-01-21T12:41:31.393118+00:00
[2023-01-21T12:41:31.417+0000] {processor.py:175} INFO - Processing /home/airflow/.local/lib/python3.7/site-packages/airflow/example_dags/example_latest_only.py took 0.133 seconds
[2023-01-21T12:42:02.683+0000] {processor.py:153} INFO - Started process (PID=234) to work on /home/airflow/.local/lib/python3.7/site-packages/airflow/example_dags/example_latest_only.py
[2023-01-21T12:42:02.686+0000] {processor.py:743} INFO - Processing file /home/airflow/.local/lib/python3.7/site-packages/airflow/example_dags/example_latest_only.py for tasks to queue
[2023-01-21T12:42:02.689+0000] {logging_mixin.py:137} INFO - [2023-01-21T12:42:02.688+0000] {dagbag.py:538} INFO - Filling up the DagBag from /home/airflow/.local/lib/python3.7/site-packages/airflow/example_dags/example_latest_only.py
[2023-01-21T12:42:02.718+0000] {processor.py:753} INFO - DAG(s) dict_keys(['latest_only']) retrieved from /home/airflow/.local/lib/python3.7/site-packages/airflow/example_dags/example_latest_only.py
[2023-01-21T12:42:02.806+0000] {logging_mixin.py:137} INFO - [2023-01-21T12:42:02.806+0000] {dag.py:2676} INFO - Sync 1 DAGs
[2023-01-21T12:42:02.895+0000] {logging_mixin.py:137} INFO - [2023-01-21T12:42:02.893+0000] {dag.py:3427} INFO - Setting next_dagrun for latest_only to 2023-01-21T08:42:02.886410+00:00, run_after=2023-01-21T12:42:02.886410+00:00
[2023-01-21T12:42:02.990+0000] {processor.py:175} INFO - Processing /home/airflow/.local/lib/python3.7/site-packages/airflow/example_dags/example_latest_only.py took 0.319 seconds
[2023-01-21T12:42:34.188+0000] {processor.py:153} INFO - Started process (PID=313) to work on /home/airflow/.local/lib/python3.7/site-packages/airflow/example_dags/example_latest_only.py
[2023-01-21T12:42:34.189+0000] {processor.py:743} INFO - Processing file /home/airflow/.local/lib/python3.7/site-packages/airflow/example_dags/example_latest_only.py for tasks to queue
[2023-01-21T12:42:34.190+0000] {logging_mixin.py:137} INFO - [2023-01-21T12:42:34.190+0000] {dagbag.py:538} INFO - Filling up the DagBag from /home/airflow/.local/lib/python3.7/site-packages/airflow/example_dags/example_latest_only.py
[2023-01-21T12:42:34.211+0000] {processor.py:753} INFO - DAG(s) dict_keys(['latest_only']) retrieved from /home/airflow/.local/lib/python3.7/site-packages/airflow/example_dags/example_latest_only.py
[2023-01-21T12:42:34.264+0000] {logging_mixin.py:137} INFO - [2023-01-21T12:42:34.264+0000] {dag.py:2676} INFO - Sync 1 DAGs
[2023-01-21T12:42:34.310+0000] {logging_mixin.py:137} INFO - [2023-01-21T12:42:34.309+0000] {dag.py:3427} INFO - Setting next_dagrun for latest_only to 2023-01-21T08:42:34.309533+00:00, run_after=2023-01-21T12:42:34.309533+00:00
[2023-01-21T12:42:34.341+0000] {processor.py:175} INFO - Processing /home/airflow/.local/lib/python3.7/site-packages/airflow/example_dags/example_latest_only.py took 0.158 seconds
[2023-01-21T12:43:04.908+0000] {processor.py:153} INFO - Started process (PID=386) to work on /home/airflow/.local/lib/python3.7/site-packages/airflow/example_dags/example_latest_only.py
[2023-01-21T12:43:04.909+0000] {processor.py:743} INFO - Processing file /home/airflow/.local/lib/python3.7/site-packages/airflow/example_dags/example_latest_only.py for tasks to queue
[2023-01-21T12:43:04.910+0000] {logging_mixin.py:137} INFO - [2023-01-21T12:43:04.910+0000] {dagbag.py:538} INFO - Filling up the DagBag from /home/airflow/.local/lib/python3.7/site-packages/airflow/example_dags/example_latest_only.py
[2023-01-21T12:43:04.926+0000] {processor.py:753} INFO - DAG(s) dict_keys(['latest_only']) retrieved from /home/airflow/.local/lib/python3.7/site-packages/airflow/example_dags/example_latest_only.py
[2023-01-21T12:43:04.974+0000] {logging_mixin.py:137} INFO - [2023-01-21T12:43:04.974+0000] {dag.py:2676} INFO - Sync 1 DAGs
[2023-01-21T12:43:05.010+0000] {logging_mixin.py:137} INFO - [2023-01-21T12:43:05.010+0000] {dag.py:3427} INFO - Setting next_dagrun for latest_only to 2023-01-21T08:43:05.010002+00:00, run_after=2023-01-21T12:43:05.010002+00:00
[2023-01-21T12:43:05.036+0000] {processor.py:175} INFO - Processing /home/airflow/.local/lib/python3.7/site-packages/airflow/example_dags/example_latest_only.py took 0.134 seconds
[2023-01-21T12:43:35.248+0000] {processor.py:153} INFO - Started process (PID=458) to work on /home/airflow/.local/lib/python3.7/site-packages/airflow/example_dags/example_latest_only.py
[2023-01-21T12:43:35.249+0000] {processor.py:743} INFO - Processing file /home/airflow/.local/lib/python3.7/site-packages/airflow/example_dags/example_latest_only.py for tasks to queue
[2023-01-21T12:43:35.251+0000] {logging_mixin.py:137} INFO - [2023-01-21T12:43:35.250+0000] {dagbag.py:538} INFO - Filling up the DagBag from /home/airflow/.local/lib/python3.7/site-packages/airflow/example_dags/example_latest_only.py
[2023-01-21T12:43:35.276+0000] {processor.py:753} INFO - DAG(s) dict_keys(['latest_only']) retrieved from /home/airflow/.local/lib/python3.7/site-packages/airflow/example_dags/example_latest_only.py
[2023-01-21T12:43:35.347+0000] {logging_mixin.py:137} INFO - [2023-01-21T12:43:35.347+0000] {dag.py:2676} INFO - Sync 1 DAGs
[2023-01-21T12:43:35.396+0000] {logging_mixin.py:137} INFO - [2023-01-21T12:43:35.396+0000] {dag.py:3427} INFO - Setting next_dagrun for latest_only to 2023-01-21T08:43:35.395688+00:00, run_after=2023-01-21T12:43:35.395688+00:00
[2023-01-21T12:43:35.431+0000] {processor.py:175} INFO - Processing /home/airflow/.local/lib/python3.7/site-packages/airflow/example_dags/example_latest_only.py took 0.188 seconds
[2023-01-21T12:44:05.715+0000] {processor.py:153} INFO - Started process (PID=530) to work on /home/airflow/.local/lib/python3.7/site-packages/airflow/example_dags/example_latest_only.py
[2023-01-21T12:44:05.716+0000] {processor.py:743} INFO - Processing file /home/airflow/.local/lib/python3.7/site-packages/airflow/example_dags/example_latest_only.py for tasks to queue
[2023-01-21T12:44:05.717+0000] {logging_mixin.py:137} INFO - [2023-01-21T12:44:05.717+0000] {dagbag.py:538} INFO - Filling up the DagBag from /home/airflow/.local/lib/python3.7/site-packages/airflow/example_dags/example_latest_only.py
[2023-01-21T12:44:05.734+0000] {processor.py:753} INFO - DAG(s) dict_keys(['latest_only']) retrieved from /home/airflow/.local/lib/python3.7/site-packages/airflow/example_dags/example_latest_only.py
[2023-01-21T12:44:05.781+0000] {logging_mixin.py:137} INFO - [2023-01-21T12:44:05.781+0000] {dag.py:2676} INFO - Sync 1 DAGs
[2023-01-21T12:44:05.819+0000] {logging_mixin.py:137} INFO - [2023-01-21T12:44:05.819+0000] {dag.py:3427} INFO - Setting next_dagrun for latest_only to 2023-01-21T08:44:05.818651+00:00, run_after=2023-01-21T12:44:05.818651+00:00
[2023-01-21T12:44:05.847+0000] {processor.py:175} INFO - Processing /home/airflow/.local/lib/python3.7/site-packages/airflow/example_dags/example_latest_only.py took 0.136 seconds
[2023-01-21T12:44:36.054+0000] {processor.py:153} INFO - Started process (PID=618) to work on /home/airflow/.local/lib/python3.7/site-packages/airflow/example_dags/example_latest_only.py
[2023-01-21T12:44:36.055+0000] {processor.py:743} INFO - Processing file /home/airflow/.local/lib/python3.7/site-packages/airflow/example_dags/example_latest_only.py for tasks to queue
[2023-01-21T12:44:36.056+0000] {logging_mixin.py:137} INFO - [2023-01-21T12:44:36.056+0000] {dagbag.py:538} INFO - Filling up the DagBag from /home/airflow/.local/lib/python3.7/site-packages/airflow/example_dags/example_latest_only.py
[2023-01-21T12:44:36.072+0000] {processor.py:753} INFO - DAG(s) dict_keys(['latest_only']) retrieved from /home/airflow/.local/lib/python3.7/site-packages/airflow/example_dags/example_latest_only.py
[2023-01-21T12:44:36.114+0000] {logging_mixin.py:137} INFO - [2023-01-21T12:44:36.114+0000] {dag.py:2676} INFO - Sync 1 DAGs
[2023-01-21T12:44:36.149+0000] {logging_mixin.py:137} INFO - [2023-01-21T12:44:36.149+0000] {dag.py:3427} INFO - Setting next_dagrun for latest_only to 2023-01-21T08:44:36.148795+00:00, run_after=2023-01-21T12:44:36.148795+00:00
[2023-01-21T12:44:36.179+0000] {processor.py:175} INFO - Processing /home/airflow/.local/lib/python3.7/site-packages/airflow/example_dags/example_latest_only.py took 0.129 seconds
[2023-01-21T12:45:06.642+0000] {processor.py:153} INFO - Started process (PID=690) to work on /home/airflow/.local/lib/python3.7/site-packages/airflow/example_dags/example_latest_only.py
[2023-01-21T12:45:06.643+0000] {processor.py:743} INFO - Processing file /home/airflow/.local/lib/python3.7/site-packages/airflow/example_dags/example_latest_only.py for tasks to queue
[2023-01-21T12:45:06.644+0000] {logging_mixin.py:137} INFO - [2023-01-21T12:45:06.643+0000] {dagbag.py:538} INFO - Filling up the DagBag from /home/airflow/.local/lib/python3.7/site-packages/airflow/example_dags/example_latest_only.py
[2023-01-21T12:45:06.661+0000] {processor.py:753} INFO - DAG(s) dict_keys(['latest_only']) retrieved from /home/airflow/.local/lib/python3.7/site-packages/airflow/example_dags/example_latest_only.py
[2023-01-21T12:45:06.705+0000] {logging_mixin.py:137} INFO - [2023-01-21T12:45:06.705+0000] {dag.py:2676} INFO - Sync 1 DAGs
[2023-01-21T12:45:06.738+0000] {logging_mixin.py:137} INFO - [2023-01-21T12:45:06.738+0000] {dag.py:3427} INFO - Setting next_dagrun for latest_only to 2023-01-21T08:45:06.738186+00:00, run_after=2023-01-21T12:45:06.738186+00:00
[2023-01-21T12:45:06.763+0000] {processor.py:175} INFO - Processing /home/airflow/.local/lib/python3.7/site-packages/airflow/example_dags/example_latest_only.py took 0.125 seconds
[2023-01-21T12:45:36.992+0000] {processor.py:153} INFO - Started process (PID=762) to work on /home/airflow/.local/lib/python3.7/site-packages/airflow/example_dags/example_latest_only.py
[2023-01-21T12:45:36.993+0000] {processor.py:743} INFO - Processing file /home/airflow/.local/lib/python3.7/site-packages/airflow/example_dags/example_latest_only.py for tasks to queue
[2023-01-21T12:45:36.994+0000] {logging_mixin.py:137} INFO - [2023-01-21T12:45:36.994+0000] {dagbag.py:538} INFO - Filling up the DagBag from /home/airflow/.local/lib/python3.7/site-packages/airflow/example_dags/example_latest_only.py
[2023-01-21T12:45:37.012+0000] {processor.py:753} INFO - DAG(s) dict_keys(['latest_only']) retrieved from /home/airflow/.local/lib/python3.7/site-packages/airflow/example_dags/example_latest_only.py
[2023-01-21T12:45:37.059+0000] {logging_mixin.py:137} INFO - [2023-01-21T12:45:37.059+0000] {dag.py:2676} INFO - Sync 1 DAGs
[2023-01-21T12:45:37.091+0000] {logging_mixin.py:137} INFO - [2023-01-21T12:45:37.090+0000] {dag.py:3427} INFO - Setting next_dagrun for latest_only to 2023-01-21T08:45:37.090664+00:00, run_after=2023-01-21T12:45:37.090664+00:00
[2023-01-21T12:45:37.117+0000] {processor.py:175} INFO - Processing /home/airflow/.local/lib/python3.7/site-packages/airflow/example_dags/example_latest_only.py took 0.129 seconds
[2023-01-21T12:46:08.446+0000] {processor.py:153} INFO - Started process (PID=844) to work on /home/airflow/.local/lib/python3.7/site-packages/airflow/example_dags/example_latest_only.py
[2023-01-21T12:46:08.448+0000] {processor.py:743} INFO - Processing file /home/airflow/.local/lib/python3.7/site-packages/airflow/example_dags/example_latest_only.py for tasks to queue
[2023-01-21T12:46:08.450+0000] {logging_mixin.py:137} INFO - [2023-01-21T12:46:08.450+0000] {dagbag.py:538} INFO - Filling up the DagBag from /home/airflow/.local/lib/python3.7/site-packages/airflow/example_dags/example_latest_only.py
[2023-01-21T12:46:08.475+0000] {processor.py:753} INFO - DAG(s) dict_keys(['latest_only']) retrieved from /home/airflow/.local/lib/python3.7/site-packages/airflow/example_dags/example_latest_only.py
[2023-01-21T12:46:08.543+0000] {logging_mixin.py:137} INFO - [2023-01-21T12:46:08.542+0000] {dag.py:2676} INFO - Sync 1 DAGs
[2023-01-21T12:46:08.594+0000] {logging_mixin.py:137} INFO - [2023-01-21T12:46:08.594+0000] {dag.py:3427} INFO - Setting next_dagrun for latest_only to 2023-01-21T08:46:08.593766+00:00, run_after=2023-01-21T12:46:08.593766+00:00
[2023-01-21T12:46:08.630+0000] {processor.py:175} INFO - Processing /home/airflow/.local/lib/python3.7/site-packages/airflow/example_dags/example_latest_only.py took 0.189 seconds
[2023-01-21T12:46:39.008+0000] {processor.py:153} INFO - Started process (PID=923) to work on /home/airflow/.local/lib/python3.7/site-packages/airflow/example_dags/example_latest_only.py
[2023-01-21T12:46:39.010+0000] {processor.py:743} INFO - Processing file /home/airflow/.local/lib/python3.7/site-packages/airflow/example_dags/example_latest_only.py for tasks to queue
[2023-01-21T12:46:39.011+0000] {logging_mixin.py:137} INFO - [2023-01-21T12:46:39.010+0000] {dagbag.py:538} INFO - Filling up the DagBag from /home/airflow/.local/lib/python3.7/site-packages/airflow/example_dags/example_latest_only.py
[2023-01-21T12:46:39.030+0000] {processor.py:753} INFO - DAG(s) dict_keys(['latest_only']) retrieved from /home/airflow/.local/lib/python3.7/site-packages/airflow/example_dags/example_latest_only.py
[2023-01-21T12:46:39.085+0000] {logging_mixin.py:137} INFO - [2023-01-21T12:46:39.085+0000] {dag.py:2676} INFO - Sync 1 DAGs
[2023-01-21T12:46:39.126+0000] {logging_mixin.py:137} INFO - [2023-01-21T12:46:39.126+0000] {dag.py:3427} INFO - Setting next_dagrun for latest_only to 2023-01-21T08:46:39.126122+00:00, run_after=2023-01-21T12:46:39.126122+00:00
[2023-01-21T12:46:39.154+0000] {processor.py:175} INFO - Processing /home/airflow/.local/lib/python3.7/site-packages/airflow/example_dags/example_latest_only.py took 0.150 seconds
[2023-01-21T12:47:09.749+0000] {processor.py:153} INFO - Started process (PID=995) to work on /home/airflow/.local/lib/python3.7/site-packages/airflow/example_dags/example_latest_only.py
[2023-01-21T12:47:09.750+0000] {processor.py:743} INFO - Processing file /home/airflow/.local/lib/python3.7/site-packages/airflow/example_dags/example_latest_only.py for tasks to queue
[2023-01-21T12:47:09.751+0000] {logging_mixin.py:137} INFO - [2023-01-21T12:47:09.751+0000] {dagbag.py:538} INFO - Filling up the DagBag from /home/airflow/.local/lib/python3.7/site-packages/airflow/example_dags/example_latest_only.py
[2023-01-21T12:47:09.769+0000] {processor.py:753} INFO - DAG(s) dict_keys(['latest_only']) retrieved from /home/airflow/.local/lib/python3.7/site-packages/airflow/example_dags/example_latest_only.py
[2023-01-21T12:47:09.819+0000] {logging_mixin.py:137} INFO - [2023-01-21T12:47:09.819+0000] {dag.py:2676} INFO - Sync 1 DAGs
[2023-01-21T12:47:09.863+0000] {logging_mixin.py:137} INFO - [2023-01-21T12:47:09.862+0000] {dag.py:3427} INFO - Setting next_dagrun for latest_only to 2023-01-21T08:47:09.862662+00:00, run_after=2023-01-21T12:47:09.862662+00:00
[2023-01-21T12:47:09.888+0000] {processor.py:175} INFO - Processing /home/airflow/.local/lib/python3.7/site-packages/airflow/example_dags/example_latest_only.py took 0.144 seconds
[2023-01-21T12:47:39.982+0000] {processor.py:153} INFO - Started process (PID=1067) to work on /home/airflow/.local/lib/python3.7/site-packages/airflow/example_dags/example_latest_only.py
[2023-01-21T12:47:39.983+0000] {processor.py:743} INFO - Processing file /home/airflow/.local/lib/python3.7/site-packages/airflow/example_dags/example_latest_only.py for tasks to queue
[2023-01-21T12:47:39.984+0000] {logging_mixin.py:137} INFO - [2023-01-21T12:47:39.984+0000] {dagbag.py:538} INFO - Filling up the DagBag from /home/airflow/.local/lib/python3.7/site-packages/airflow/example_dags/example_latest_only.py
[2023-01-21T12:47:40.005+0000] {processor.py:753} INFO - DAG(s) dict_keys(['latest_only']) retrieved from /home/airflow/.local/lib/python3.7/site-packages/airflow/example_dags/example_latest_only.py
[2023-01-21T12:47:40.140+0000] {logging_mixin.py:137} INFO - [2023-01-21T12:47:40.140+0000] {dag.py:2676} INFO - Sync 1 DAGs
[2023-01-21T12:47:40.172+0000] {logging_mixin.py:137} INFO - [2023-01-21T12:47:40.172+0000] {dag.py:3427} INFO - Setting next_dagrun for latest_only to 2023-01-21T08:47:40.172134+00:00, run_after=2023-01-21T12:47:40.172134+00:00
[2023-01-21T12:47:40.201+0000] {processor.py:175} INFO - Processing /home/airflow/.local/lib/python3.7/site-packages/airflow/example_dags/example_latest_only.py took 0.223 seconds
[2023-01-21T12:48:10.736+0000] {processor.py:153} INFO - Started process (PID=1148) to work on /home/airflow/.local/lib/python3.7/site-packages/airflow/example_dags/example_latest_only.py
[2023-01-21T12:48:10.737+0000] {processor.py:743} INFO - Processing file /home/airflow/.local/lib/python3.7/site-packages/airflow/example_dags/example_latest_only.py for tasks to queue
[2023-01-21T12:48:10.738+0000] {logging_mixin.py:137} INFO - [2023-01-21T12:48:10.738+0000] {dagbag.py:538} INFO - Filling up the DagBag from /home/airflow/.local/lib/python3.7/site-packages/airflow/example_dags/example_latest_only.py
[2023-01-21T12:48:10.766+0000] {processor.py:753} INFO - DAG(s) dict_keys(['latest_only']) retrieved from /home/airflow/.local/lib/python3.7/site-packages/airflow/example_dags/example_latest_only.py
[2023-01-21T12:48:10.836+0000] {logging_mixin.py:137} INFO - [2023-01-21T12:48:10.836+0000] {dag.py:2676} INFO - Sync 1 DAGs
[2023-01-21T12:48:10.943+0000] {logging_mixin.py:137} INFO - [2023-01-21T12:48:10.943+0000] {dag.py:3427} INFO - Setting next_dagrun for latest_only to 2023-01-21T08:48:10.942775+00:00, run_after=2023-01-21T12:48:10.942775+00:00
[2023-01-21T12:48:10.999+0000] {processor.py:175} INFO - Processing /home/airflow/.local/lib/python3.7/site-packages/airflow/example_dags/example_latest_only.py took 0.267 seconds
