[2023-01-21T12:41:00.344+0000] {processor.py:153} INFO - Started process (PID=77) to work on /home/airflow/.local/lib/python3.7/site-packages/airflow/example_dags/example_short_circuit_decorator.py
[2023-01-21T12:41:00.346+0000] {processor.py:743} INFO - Processing file /home/airflow/.local/lib/python3.7/site-packages/airflow/example_dags/example_short_circuit_decorator.py for tasks to queue
[2023-01-21T12:41:00.347+0000] {logging_mixin.py:137} INFO - [2023-01-21T12:41:00.346+0000] {dagbag.py:538} INFO - Filling up the DagBag from /home/airflow/.local/lib/python3.7/site-packages/airflow/example_dags/example_short_circuit_decorator.py
[2023-01-21T12:41:00.401+0000] {processor.py:753} INFO - DAG(s) dict_keys(['example_short_circuit_decorator']) retrieved from /home/airflow/.local/lib/python3.7/site-packages/airflow/example_dags/example_short_circuit_decorator.py
[2023-01-21T12:41:00.481+0000] {logging_mixin.py:137} INFO - [2023-01-21T12:41:00.481+0000] {dag.py:2676} INFO - Sync 1 DAGs
[2023-01-21T12:41:00.540+0000] {logging_mixin.py:137} INFO - [2023-01-21T12:41:00.540+0000] {dag.py:3427} INFO - Setting next_dagrun for example_short_circuit_decorator to 2023-01-20T12:41:00.540305+00:00, run_after=2023-01-21T12:41:00.540305+00:00
[2023-01-21T12:41:00.580+0000] {processor.py:175} INFO - Processing /home/airflow/.local/lib/python3.7/site-packages/airflow/example_dags/example_short_circuit_decorator.py took 0.241 seconds
[2023-01-21T12:41:31.037+0000] {processor.py:153} INFO - Started process (PID=150) to work on /home/airflow/.local/lib/python3.7/site-packages/airflow/example_dags/example_short_circuit_decorator.py
[2023-01-21T12:41:31.039+0000] {processor.py:743} INFO - Processing file /home/airflow/.local/lib/python3.7/site-packages/airflow/example_dags/example_short_circuit_decorator.py for tasks to queue
[2023-01-21T12:41:31.040+0000] {logging_mixin.py:137} INFO - [2023-01-21T12:41:31.039+0000] {dagbag.py:538} INFO - Filling up the DagBag from /home/airflow/.local/lib/python3.7/site-packages/airflow/example_dags/example_short_circuit_decorator.py
[2023-01-21T12:41:31.069+0000] {processor.py:753} INFO - DAG(s) dict_keys(['example_short_circuit_decorator']) retrieved from /home/airflow/.local/lib/python3.7/site-packages/airflow/example_dags/example_short_circuit_decorator.py
[2023-01-21T12:41:31.115+0000] {logging_mixin.py:137} INFO - [2023-01-21T12:41:31.115+0000] {dag.py:2676} INFO - Sync 1 DAGs
[2023-01-21T12:41:31.147+0000] {logging_mixin.py:137} INFO - [2023-01-21T12:41:31.146+0000] {dag.py:3427} INFO - Setting next_dagrun for example_short_circuit_decorator to 2023-01-20T12:41:31.146729+00:00, run_after=2023-01-21T12:41:31.146729+00:00
[2023-01-21T12:41:31.172+0000] {processor.py:175} INFO - Processing /home/airflow/.local/lib/python3.7/site-packages/airflow/example_dags/example_short_circuit_decorator.py took 0.139 seconds
[2023-01-21T12:42:02.132+0000] {processor.py:153} INFO - Started process (PID=231) to work on /home/airflow/.local/lib/python3.7/site-packages/airflow/example_dags/example_short_circuit_decorator.py
[2023-01-21T12:42:02.137+0000] {processor.py:743} INFO - Processing file /home/airflow/.local/lib/python3.7/site-packages/airflow/example_dags/example_short_circuit_decorator.py for tasks to queue
[2023-01-21T12:42:02.138+0000] {logging_mixin.py:137} INFO - [2023-01-21T12:42:02.138+0000] {dagbag.py:538} INFO - Filling up the DagBag from /home/airflow/.local/lib/python3.7/site-packages/airflow/example_dags/example_short_circuit_decorator.py
[2023-01-21T12:42:02.204+0000] {processor.py:753} INFO - DAG(s) dict_keys(['example_short_circuit_decorator']) retrieved from /home/airflow/.local/lib/python3.7/site-packages/airflow/example_dags/example_short_circuit_decorator.py
[2023-01-21T12:42:02.300+0000] {logging_mixin.py:137} INFO - [2023-01-21T12:42:02.300+0000] {dag.py:2676} INFO - Sync 1 DAGs
[2023-01-21T12:42:02.368+0000] {logging_mixin.py:137} INFO - [2023-01-21T12:42:02.368+0000] {dag.py:3427} INFO - Setting next_dagrun for example_short_circuit_decorator to 2023-01-20T12:42:02.368222+00:00, run_after=2023-01-21T12:42:02.368222+00:00
[2023-01-21T12:42:02.428+0000] {processor.py:175} INFO - Processing /home/airflow/.local/lib/python3.7/site-packages/airflow/example_dags/example_short_circuit_decorator.py took 0.304 seconds
[2023-01-21T12:42:33.573+0000] {processor.py:153} INFO - Started process (PID=303) to work on /home/airflow/.local/lib/python3.7/site-packages/airflow/example_dags/example_short_circuit_decorator.py
[2023-01-21T12:42:33.583+0000] {processor.py:743} INFO - Processing file /home/airflow/.local/lib/python3.7/site-packages/airflow/example_dags/example_short_circuit_decorator.py for tasks to queue
[2023-01-21T12:42:33.585+0000] {logging_mixin.py:137} INFO - [2023-01-21T12:42:33.584+0000] {dagbag.py:538} INFO - Filling up the DagBag from /home/airflow/.local/lib/python3.7/site-packages/airflow/example_dags/example_short_circuit_decorator.py
[2023-01-21T12:42:33.648+0000] {processor.py:753} INFO - DAG(s) dict_keys(['example_short_circuit_decorator']) retrieved from /home/airflow/.local/lib/python3.7/site-packages/airflow/example_dags/example_short_circuit_decorator.py
[2023-01-21T12:42:33.822+0000] {logging_mixin.py:137} INFO - [2023-01-21T12:42:33.822+0000] {dag.py:2676} INFO - Sync 1 DAGs
[2023-01-21T12:42:33.914+0000] {logging_mixin.py:137} INFO - [2023-01-21T12:42:33.914+0000] {dag.py:3427} INFO - Setting next_dagrun for example_short_circuit_decorator to 2023-01-20T12:42:33.912552+00:00, run_after=2023-01-21T12:42:33.912552+00:00
[2023-01-21T12:42:34.013+0000] {processor.py:175} INFO - Processing /home/airflow/.local/lib/python3.7/site-packages/airflow/example_dags/example_short_circuit_decorator.py took 0.444 seconds
[2023-01-21T12:43:04.533+0000] {processor.py:153} INFO - Started process (PID=383) to work on /home/airflow/.local/lib/python3.7/site-packages/airflow/example_dags/example_short_circuit_decorator.py
[2023-01-21T12:43:04.534+0000] {processor.py:743} INFO - Processing file /home/airflow/.local/lib/python3.7/site-packages/airflow/example_dags/example_short_circuit_decorator.py for tasks to queue
[2023-01-21T12:43:04.535+0000] {logging_mixin.py:137} INFO - [2023-01-21T12:43:04.535+0000] {dagbag.py:538} INFO - Filling up the DagBag from /home/airflow/.local/lib/python3.7/site-packages/airflow/example_dags/example_short_circuit_decorator.py
[2023-01-21T12:43:04.576+0000] {processor.py:753} INFO - DAG(s) dict_keys(['example_short_circuit_decorator']) retrieved from /home/airflow/.local/lib/python3.7/site-packages/airflow/example_dags/example_short_circuit_decorator.py
[2023-01-21T12:43:04.630+0000] {logging_mixin.py:137} INFO - [2023-01-21T12:43:04.630+0000] {dag.py:2676} INFO - Sync 1 DAGs
[2023-01-21T12:43:04.664+0000] {logging_mixin.py:137} INFO - [2023-01-21T12:43:04.664+0000] {dag.py:3427} INFO - Setting next_dagrun for example_short_circuit_decorator to 2023-01-20T12:43:04.664441+00:00, run_after=2023-01-21T12:43:04.664441+00:00
[2023-01-21T12:43:04.688+0000] {processor.py:175} INFO - Processing /home/airflow/.local/lib/python3.7/site-packages/airflow/example_dags/example_short_circuit_decorator.py took 0.160 seconds
[2023-01-21T12:43:34.849+0000] {processor.py:153} INFO - Started process (PID=455) to work on /home/airflow/.local/lib/python3.7/site-packages/airflow/example_dags/example_short_circuit_decorator.py
[2023-01-21T12:43:34.851+0000] {processor.py:743} INFO - Processing file /home/airflow/.local/lib/python3.7/site-packages/airflow/example_dags/example_short_circuit_decorator.py for tasks to queue
[2023-01-21T12:43:34.851+0000] {logging_mixin.py:137} INFO - [2023-01-21T12:43:34.851+0000] {dagbag.py:538} INFO - Filling up the DagBag from /home/airflow/.local/lib/python3.7/site-packages/airflow/example_dags/example_short_circuit_decorator.py
[2023-01-21T12:43:34.888+0000] {processor.py:753} INFO - DAG(s) dict_keys(['example_short_circuit_decorator']) retrieved from /home/airflow/.local/lib/python3.7/site-packages/airflow/example_dags/example_short_circuit_decorator.py
[2023-01-21T12:43:34.948+0000] {logging_mixin.py:137} INFO - [2023-01-21T12:43:34.948+0000] {dag.py:2676} INFO - Sync 1 DAGs
[2023-01-21T12:43:34.983+0000] {logging_mixin.py:137} INFO - [2023-01-21T12:43:34.983+0000] {dag.py:3427} INFO - Setting next_dagrun for example_short_circuit_decorator to 2023-01-20T12:43:34.983324+00:00, run_after=2023-01-21T12:43:34.983324+00:00
[2023-01-21T12:43:35.012+0000] {processor.py:175} INFO - Processing /home/airflow/.local/lib/python3.7/site-packages/airflow/example_dags/example_short_circuit_decorator.py took 0.167 seconds
[2023-01-21T12:44:05.395+0000] {processor.py:153} INFO - Started process (PID=527) to work on /home/airflow/.local/lib/python3.7/site-packages/airflow/example_dags/example_short_circuit_decorator.py
[2023-01-21T12:44:05.397+0000] {processor.py:743} INFO - Processing file /home/airflow/.local/lib/python3.7/site-packages/airflow/example_dags/example_short_circuit_decorator.py for tasks to queue
[2023-01-21T12:44:05.397+0000] {logging_mixin.py:137} INFO - [2023-01-21T12:44:05.397+0000] {dagbag.py:538} INFO - Filling up the DagBag from /home/airflow/.local/lib/python3.7/site-packages/airflow/example_dags/example_short_circuit_decorator.py
[2023-01-21T12:44:05.433+0000] {processor.py:753} INFO - DAG(s) dict_keys(['example_short_circuit_decorator']) retrieved from /home/airflow/.local/lib/python3.7/site-packages/airflow/example_dags/example_short_circuit_decorator.py
[2023-01-21T12:44:05.485+0000] {logging_mixin.py:137} INFO - [2023-01-21T12:44:05.485+0000] {dag.py:2676} INFO - Sync 1 DAGs
[2023-01-21T12:44:05.537+0000] {logging_mixin.py:137} INFO - [2023-01-21T12:44:05.537+0000] {dag.py:3427} INFO - Setting next_dagrun for example_short_circuit_decorator to 2023-01-20T12:44:05.537404+00:00, run_after=2023-01-21T12:44:05.537404+00:00
[2023-01-21T12:44:05.575+0000] {processor.py:175} INFO - Processing /home/airflow/.local/lib/python3.7/site-packages/airflow/example_dags/example_short_circuit_decorator.py took 0.185 seconds
[2023-01-21T12:44:35.667+0000] {processor.py:153} INFO - Started process (PID=608) to work on /home/airflow/.local/lib/python3.7/site-packages/airflow/example_dags/example_short_circuit_decorator.py
[2023-01-21T12:44:35.668+0000] {processor.py:743} INFO - Processing file /home/airflow/.local/lib/python3.7/site-packages/airflow/example_dags/example_short_circuit_decorator.py for tasks to queue
[2023-01-21T12:44:35.669+0000] {logging_mixin.py:137} INFO - [2023-01-21T12:44:35.669+0000] {dagbag.py:538} INFO - Filling up the DagBag from /home/airflow/.local/lib/python3.7/site-packages/airflow/example_dags/example_short_circuit_decorator.py
[2023-01-21T12:44:35.701+0000] {processor.py:753} INFO - DAG(s) dict_keys(['example_short_circuit_decorator']) retrieved from /home/airflow/.local/lib/python3.7/site-packages/airflow/example_dags/example_short_circuit_decorator.py
[2023-01-21T12:44:35.756+0000] {logging_mixin.py:137} INFO - [2023-01-21T12:44:35.756+0000] {dag.py:2676} INFO - Sync 1 DAGs
[2023-01-21T12:44:35.821+0000] {logging_mixin.py:137} INFO - [2023-01-21T12:44:35.821+0000] {dag.py:3427} INFO - Setting next_dagrun for example_short_circuit_decorator to 2023-01-20T12:44:35.821062+00:00, run_after=2023-01-21T12:44:35.821062+00:00
[2023-01-21T12:44:35.859+0000] {processor.py:175} INFO - Processing /home/airflow/.local/lib/python3.7/site-packages/airflow/example_dags/example_short_circuit_decorator.py took 0.195 seconds
[2023-01-21T12:45:06.476+0000] {processor.py:153} INFO - Started process (PID=687) to work on /home/airflow/.local/lib/python3.7/site-packages/airflow/example_dags/example_short_circuit_decorator.py
[2023-01-21T12:45:06.477+0000] {processor.py:743} INFO - Processing file /home/airflow/.local/lib/python3.7/site-packages/airflow/example_dags/example_short_circuit_decorator.py for tasks to queue
[2023-01-21T12:45:06.478+0000] {logging_mixin.py:137} INFO - [2023-01-21T12:45:06.478+0000] {dagbag.py:538} INFO - Filling up the DagBag from /home/airflow/.local/lib/python3.7/site-packages/airflow/example_dags/example_short_circuit_decorator.py
[2023-01-21T12:45:06.509+0000] {processor.py:753} INFO - DAG(s) dict_keys(['example_short_circuit_decorator']) retrieved from /home/airflow/.local/lib/python3.7/site-packages/airflow/example_dags/example_short_circuit_decorator.py
[2023-01-21T12:45:06.556+0000] {logging_mixin.py:137} INFO - [2023-01-21T12:45:06.555+0000] {dag.py:2676} INFO - Sync 1 DAGs
[2023-01-21T12:45:06.590+0000] {logging_mixin.py:137} INFO - [2023-01-21T12:45:06.590+0000] {dag.py:3427} INFO - Setting next_dagrun for example_short_circuit_decorator to 2023-01-20T12:45:06.589933+00:00, run_after=2023-01-21T12:45:06.589933+00:00
[2023-01-21T12:45:06.618+0000] {processor.py:175} INFO - Processing /home/airflow/.local/lib/python3.7/site-packages/airflow/example_dags/example_short_circuit_decorator.py took 0.146 seconds
[2023-01-21T12:45:36.708+0000] {processor.py:153} INFO - Started process (PID=759) to work on /home/airflow/.local/lib/python3.7/site-packages/airflow/example_dags/example_short_circuit_decorator.py
[2023-01-21T12:45:36.709+0000] {processor.py:743} INFO - Processing file /home/airflow/.local/lib/python3.7/site-packages/airflow/example_dags/example_short_circuit_decorator.py for tasks to queue
[2023-01-21T12:45:36.710+0000] {logging_mixin.py:137} INFO - [2023-01-21T12:45:36.710+0000] {dagbag.py:538} INFO - Filling up the DagBag from /home/airflow/.local/lib/python3.7/site-packages/airflow/example_dags/example_short_circuit_decorator.py
[2023-01-21T12:45:36.743+0000] {processor.py:753} INFO - DAG(s) dict_keys(['example_short_circuit_decorator']) retrieved from /home/airflow/.local/lib/python3.7/site-packages/airflow/example_dags/example_short_circuit_decorator.py
[2023-01-21T12:45:36.791+0000] {logging_mixin.py:137} INFO - [2023-01-21T12:45:36.790+0000] {dag.py:2676} INFO - Sync 1 DAGs
[2023-01-21T12:45:36.824+0000] {logging_mixin.py:137} INFO - [2023-01-21T12:45:36.824+0000] {dag.py:3427} INFO - Setting next_dagrun for example_short_circuit_decorator to 2023-01-20T12:45:36.823917+00:00, run_after=2023-01-21T12:45:36.823917+00:00
[2023-01-21T12:45:36.851+0000] {processor.py:175} INFO - Processing /home/airflow/.local/lib/python3.7/site-packages/airflow/example_dags/example_short_circuit_decorator.py took 0.147 seconds
[2023-01-21T12:46:07.843+0000] {processor.py:153} INFO - Started process (PID=841) to work on /home/airflow/.local/lib/python3.7/site-packages/airflow/example_dags/example_short_circuit_decorator.py
[2023-01-21T12:46:07.845+0000] {processor.py:743} INFO - Processing file /home/airflow/.local/lib/python3.7/site-packages/airflow/example_dags/example_short_circuit_decorator.py for tasks to queue
[2023-01-21T12:46:07.846+0000] {logging_mixin.py:137} INFO - [2023-01-21T12:46:07.845+0000] {dagbag.py:538} INFO - Filling up the DagBag from /home/airflow/.local/lib/python3.7/site-packages/airflow/example_dags/example_short_circuit_decorator.py
[2023-01-21T12:46:07.926+0000] {processor.py:753} INFO - DAG(s) dict_keys(['example_short_circuit_decorator']) retrieved from /home/airflow/.local/lib/python3.7/site-packages/airflow/example_dags/example_short_circuit_decorator.py
[2023-01-21T12:46:08.061+0000] {logging_mixin.py:137} INFO - [2023-01-21T12:46:08.060+0000] {dag.py:2676} INFO - Sync 1 DAGs
[2023-01-21T12:46:08.141+0000] {logging_mixin.py:137} INFO - [2023-01-21T12:46:08.141+0000] {dag.py:3427} INFO - Setting next_dagrun for example_short_circuit_decorator to 2023-01-20T12:46:08.141026+00:00, run_after=2023-01-21T12:46:08.141026+00:00
[2023-01-21T12:46:08.186+0000] {processor.py:175} INFO - Processing /home/airflow/.local/lib/python3.7/site-packages/airflow/example_dags/example_short_circuit_decorator.py took 0.348 seconds
[2023-01-21T12:46:38.599+0000] {processor.py:153} INFO - Started process (PID=920) to work on /home/airflow/.local/lib/python3.7/site-packages/airflow/example_dags/example_short_circuit_decorator.py
[2023-01-21T12:46:38.601+0000] {processor.py:743} INFO - Processing file /home/airflow/.local/lib/python3.7/site-packages/airflow/example_dags/example_short_circuit_decorator.py for tasks to queue
[2023-01-21T12:46:38.603+0000] {logging_mixin.py:137} INFO - [2023-01-21T12:46:38.603+0000] {dagbag.py:538} INFO - Filling up the DagBag from /home/airflow/.local/lib/python3.7/site-packages/airflow/example_dags/example_short_circuit_decorator.py
[2023-01-21T12:46:38.694+0000] {processor.py:753} INFO - DAG(s) dict_keys(['example_short_circuit_decorator']) retrieved from /home/airflow/.local/lib/python3.7/site-packages/airflow/example_dags/example_short_circuit_decorator.py
[2023-01-21T12:46:38.771+0000] {logging_mixin.py:137} INFO - [2023-01-21T12:46:38.771+0000] {dag.py:2676} INFO - Sync 1 DAGs
[2023-01-21T12:46:38.822+0000] {logging_mixin.py:137} INFO - [2023-01-21T12:46:38.822+0000] {dag.py:3427} INFO - Setting next_dagrun for example_short_circuit_decorator to 2023-01-20T12:46:38.822138+00:00, run_after=2023-01-21T12:46:38.822138+00:00
[2023-01-21T12:46:38.854+0000] {processor.py:175} INFO - Processing /home/airflow/.local/lib/python3.7/site-packages/airflow/example_dags/example_short_circuit_decorator.py took 0.272 seconds
[2023-01-21T12:47:09.257+0000] {processor.py:153} INFO - Started process (PID=992) to work on /home/airflow/.local/lib/python3.7/site-packages/airflow/example_dags/example_short_circuit_decorator.py
[2023-01-21T12:47:09.268+0000] {processor.py:743} INFO - Processing file /home/airflow/.local/lib/python3.7/site-packages/airflow/example_dags/example_short_circuit_decorator.py for tasks to queue
[2023-01-21T12:47:09.269+0000] {logging_mixin.py:137} INFO - [2023-01-21T12:47:09.269+0000] {dagbag.py:538} INFO - Filling up the DagBag from /home/airflow/.local/lib/python3.7/site-packages/airflow/example_dags/example_short_circuit_decorator.py
[2023-01-21T12:47:09.352+0000] {processor.py:753} INFO - DAG(s) dict_keys(['example_short_circuit_decorator']) retrieved from /home/airflow/.local/lib/python3.7/site-packages/airflow/example_dags/example_short_circuit_decorator.py
[2023-01-21T12:47:09.445+0000] {logging_mixin.py:137} INFO - [2023-01-21T12:47:09.444+0000] {dag.py:2676} INFO - Sync 1 DAGs
[2023-01-21T12:47:09.523+0000] {logging_mixin.py:137} INFO - [2023-01-21T12:47:09.522+0000] {dag.py:3427} INFO - Setting next_dagrun for example_short_circuit_decorator to 2023-01-20T12:47:09.522561+00:00, run_after=2023-01-21T12:47:09.522561+00:00
[2023-01-21T12:47:09.611+0000] {processor.py:175} INFO - Processing /home/airflow/.local/lib/python3.7/site-packages/airflow/example_dags/example_short_circuit_decorator.py took 0.360 seconds
[2023-01-21T12:47:39.717+0000] {processor.py:153} INFO - Started process (PID=1064) to work on /home/airflow/.local/lib/python3.7/site-packages/airflow/example_dags/example_short_circuit_decorator.py
[2023-01-21T12:47:39.719+0000] {processor.py:743} INFO - Processing file /home/airflow/.local/lib/python3.7/site-packages/airflow/example_dags/example_short_circuit_decorator.py for tasks to queue
[2023-01-21T12:47:39.721+0000] {logging_mixin.py:137} INFO - [2023-01-21T12:47:39.720+0000] {dagbag.py:538} INFO - Filling up the DagBag from /home/airflow/.local/lib/python3.7/site-packages/airflow/example_dags/example_short_circuit_decorator.py
[2023-01-21T12:47:39.756+0000] {processor.py:753} INFO - DAG(s) dict_keys(['example_short_circuit_decorator']) retrieved from /home/airflow/.local/lib/python3.7/site-packages/airflow/example_dags/example_short_circuit_decorator.py
[2023-01-21T12:47:39.806+0000] {logging_mixin.py:137} INFO - [2023-01-21T12:47:39.806+0000] {dag.py:2676} INFO - Sync 1 DAGs
[2023-01-21T12:47:39.839+0000] {logging_mixin.py:137} INFO - [2023-01-21T12:47:39.838+0000] {dag.py:3427} INFO - Setting next_dagrun for example_short_circuit_decorator to 2023-01-20T12:47:39.838514+00:00, run_after=2023-01-21T12:47:39.838514+00:00
[2023-01-21T12:47:39.866+0000] {processor.py:175} INFO - Processing /home/airflow/.local/lib/python3.7/site-packages/airflow/example_dags/example_short_circuit_decorator.py took 0.152 seconds
[2023-01-21T12:48:10.425+0000] {processor.py:153} INFO - Started process (PID=1145) to work on /home/airflow/.local/lib/python3.7/site-packages/airflow/example_dags/example_short_circuit_decorator.py
[2023-01-21T12:48:10.426+0000] {processor.py:743} INFO - Processing file /home/airflow/.local/lib/python3.7/site-packages/airflow/example_dags/example_short_circuit_decorator.py for tasks to queue
[2023-01-21T12:48:10.427+0000] {logging_mixin.py:137} INFO - [2023-01-21T12:48:10.426+0000] {dagbag.py:538} INFO - Filling up the DagBag from /home/airflow/.local/lib/python3.7/site-packages/airflow/example_dags/example_short_circuit_decorator.py
[2023-01-21T12:48:10.458+0000] {processor.py:753} INFO - DAG(s) dict_keys(['example_short_circuit_decorator']) retrieved from /home/airflow/.local/lib/python3.7/site-packages/airflow/example_dags/example_short_circuit_decorator.py
[2023-01-21T12:48:10.503+0000] {logging_mixin.py:137} INFO - [2023-01-21T12:48:10.503+0000] {dag.py:2676} INFO - Sync 1 DAGs
[2023-01-21T12:48:10.538+0000] {logging_mixin.py:137} INFO - [2023-01-21T12:48:10.538+0000] {dag.py:3427} INFO - Setting next_dagrun for example_short_circuit_decorator to 2023-01-20T12:48:10.538284+00:00, run_after=2023-01-21T12:48:10.538284+00:00
[2023-01-21T12:48:10.568+0000] {processor.py:175} INFO - Processing /home/airflow/.local/lib/python3.7/site-packages/airflow/example_dags/example_short_circuit_decorator.py took 0.148 seconds
