[2023-01-21T12:41:01.126+0000] {processor.py:153} INFO - Started process (PID=84) to work on /home/airflow/.local/lib/python3.7/site-packages/airflow/example_dags/example_nested_branch_dag.py
[2023-01-21T12:41:01.127+0000] {processor.py:743} INFO - Processing file /home/airflow/.local/lib/python3.7/site-packages/airflow/example_dags/example_nested_branch_dag.py for tasks to queue
[2023-01-21T12:41:01.128+0000] {logging_mixin.py:137} INFO - [2023-01-21T12:41:01.128+0000] {dagbag.py:538} INFO - Filling up the DagBag from /home/airflow/.local/lib/python3.7/site-packages/airflow/example_dags/example_nested_branch_dag.py
[2023-01-21T12:41:01.170+0000] {processor.py:753} INFO - DAG(s) dict_keys(['example_nested_branch_dag']) retrieved from /home/airflow/.local/lib/python3.7/site-packages/airflow/example_dags/example_nested_branch_dag.py
[2023-01-21T12:41:01.227+0000] {logging_mixin.py:137} INFO - [2023-01-21T12:41:01.227+0000] {dag.py:2676} INFO - Sync 1 DAGs
[2023-01-21T12:41:01.284+0000] {logging_mixin.py:137} INFO - [2023-01-21T12:41:01.284+0000] {dag.py:3427} INFO - Setting next_dagrun for example_nested_branch_dag to 2023-01-20T00:00:00+00:00, run_after=2023-01-21T00:00:00+00:00
[2023-01-21T12:41:01.315+0000] {processor.py:175} INFO - Processing /home/airflow/.local/lib/python3.7/site-packages/airflow/example_dags/example_nested_branch_dag.py took 0.194 seconds
[2023-01-21T12:41:31.605+0000] {processor.py:153} INFO - Started process (PID=157) to work on /home/airflow/.local/lib/python3.7/site-packages/airflow/example_dags/example_nested_branch_dag.py
[2023-01-21T12:41:31.607+0000] {processor.py:743} INFO - Processing file /home/airflow/.local/lib/python3.7/site-packages/airflow/example_dags/example_nested_branch_dag.py for tasks to queue
[2023-01-21T12:41:31.608+0000] {logging_mixin.py:137} INFO - [2023-01-21T12:41:31.607+0000] {dagbag.py:538} INFO - Filling up the DagBag from /home/airflow/.local/lib/python3.7/site-packages/airflow/example_dags/example_nested_branch_dag.py
[2023-01-21T12:41:31.641+0000] {processor.py:753} INFO - DAG(s) dict_keys(['example_nested_branch_dag']) retrieved from /home/airflow/.local/lib/python3.7/site-packages/airflow/example_dags/example_nested_branch_dag.py
[2023-01-21T12:41:31.742+0000] {logging_mixin.py:137} INFO - [2023-01-21T12:41:31.741+0000] {dag.py:2676} INFO - Sync 1 DAGs
[2023-01-21T12:41:31.785+0000] {logging_mixin.py:137} INFO - [2023-01-21T12:41:31.785+0000] {dag.py:3427} INFO - Setting next_dagrun for example_nested_branch_dag to 2023-01-20T00:00:00+00:00, run_after=2023-01-21T00:00:00+00:00
[2023-01-21T12:41:31.818+0000] {processor.py:175} INFO - Processing /home/airflow/.local/lib/python3.7/site-packages/airflow/example_dags/example_nested_branch_dag.py took 0.216 seconds
[2023-01-21T12:42:03.386+0000] {processor.py:153} INFO - Started process (PID=238) to work on /home/airflow/.local/lib/python3.7/site-packages/airflow/example_dags/example_nested_branch_dag.py
[2023-01-21T12:42:03.388+0000] {processor.py:743} INFO - Processing file /home/airflow/.local/lib/python3.7/site-packages/airflow/example_dags/example_nested_branch_dag.py for tasks to queue
[2023-01-21T12:42:03.389+0000] {logging_mixin.py:137} INFO - [2023-01-21T12:42:03.389+0000] {dagbag.py:538} INFO - Filling up the DagBag from /home/airflow/.local/lib/python3.7/site-packages/airflow/example_dags/example_nested_branch_dag.py
[2023-01-21T12:42:03.439+0000] {processor.py:753} INFO - DAG(s) dict_keys(['example_nested_branch_dag']) retrieved from /home/airflow/.local/lib/python3.7/site-packages/airflow/example_dags/example_nested_branch_dag.py
[2023-01-21T12:42:03.513+0000] {logging_mixin.py:137} INFO - [2023-01-21T12:42:03.513+0000] {dag.py:2676} INFO - Sync 1 DAGs
[2023-01-21T12:42:03.590+0000] {logging_mixin.py:137} INFO - [2023-01-21T12:42:03.590+0000] {dag.py:3427} INFO - Setting next_dagrun for example_nested_branch_dag to 2023-01-20T00:00:00+00:00, run_after=2023-01-21T00:00:00+00:00
[2023-01-21T12:42:03.620+0000] {processor.py:175} INFO - Processing /home/airflow/.local/lib/python3.7/site-packages/airflow/example_dags/example_nested_branch_dag.py took 0.238 seconds
[2023-01-21T12:42:34.610+0000] {processor.py:153} INFO - Started process (PID=317) to work on /home/airflow/.local/lib/python3.7/site-packages/airflow/example_dags/example_nested_branch_dag.py
[2023-01-21T12:42:34.611+0000] {processor.py:743} INFO - Processing file /home/airflow/.local/lib/python3.7/site-packages/airflow/example_dags/example_nested_branch_dag.py for tasks to queue
[2023-01-21T12:42:34.612+0000] {logging_mixin.py:137} INFO - [2023-01-21T12:42:34.612+0000] {dagbag.py:538} INFO - Filling up the DagBag from /home/airflow/.local/lib/python3.7/site-packages/airflow/example_dags/example_nested_branch_dag.py
[2023-01-21T12:42:34.652+0000] {processor.py:753} INFO - DAG(s) dict_keys(['example_nested_branch_dag']) retrieved from /home/airflow/.local/lib/python3.7/site-packages/airflow/example_dags/example_nested_branch_dag.py
[2023-01-21T12:42:34.704+0000] {logging_mixin.py:137} INFO - [2023-01-21T12:42:34.703+0000] {dag.py:2676} INFO - Sync 1 DAGs
[2023-01-21T12:42:34.752+0000] {logging_mixin.py:137} INFO - [2023-01-21T12:42:34.752+0000] {dag.py:3427} INFO - Setting next_dagrun for example_nested_branch_dag to 2023-01-20T00:00:00+00:00, run_after=2023-01-21T00:00:00+00:00
[2023-01-21T12:42:34.783+0000] {processor.py:175} INFO - Processing /home/airflow/.local/lib/python3.7/site-packages/airflow/example_dags/example_nested_branch_dag.py took 0.177 seconds
[2023-01-21T12:43:05.243+0000] {processor.py:153} INFO - Started process (PID=390) to work on /home/airflow/.local/lib/python3.7/site-packages/airflow/example_dags/example_nested_branch_dag.py
[2023-01-21T12:43:05.244+0000] {processor.py:743} INFO - Processing file /home/airflow/.local/lib/python3.7/site-packages/airflow/example_dags/example_nested_branch_dag.py for tasks to queue
[2023-01-21T12:43:05.244+0000] {logging_mixin.py:137} INFO - [2023-01-21T12:43:05.244+0000] {dagbag.py:538} INFO - Filling up the DagBag from /home/airflow/.local/lib/python3.7/site-packages/airflow/example_dags/example_nested_branch_dag.py
[2023-01-21T12:43:05.282+0000] {processor.py:753} INFO - DAG(s) dict_keys(['example_nested_branch_dag']) retrieved from /home/airflow/.local/lib/python3.7/site-packages/airflow/example_dags/example_nested_branch_dag.py
[2023-01-21T12:43:05.331+0000] {logging_mixin.py:137} INFO - [2023-01-21T12:43:05.330+0000] {dag.py:2676} INFO - Sync 1 DAGs
[2023-01-21T12:43:05.374+0000] {logging_mixin.py:137} INFO - [2023-01-21T12:43:05.374+0000] {dag.py:3427} INFO - Setting next_dagrun for example_nested_branch_dag to 2023-01-20T00:00:00+00:00, run_after=2023-01-21T00:00:00+00:00
[2023-01-21T12:43:05.402+0000] {processor.py:175} INFO - Processing /home/airflow/.local/lib/python3.7/site-packages/airflow/example_dags/example_nested_branch_dag.py took 0.163 seconds
[2023-01-21T12:43:35.703+0000] {processor.py:153} INFO - Started process (PID=462) to work on /home/airflow/.local/lib/python3.7/site-packages/airflow/example_dags/example_nested_branch_dag.py
[2023-01-21T12:43:35.704+0000] {processor.py:743} INFO - Processing file /home/airflow/.local/lib/python3.7/site-packages/airflow/example_dags/example_nested_branch_dag.py for tasks to queue
[2023-01-21T12:43:35.705+0000] {logging_mixin.py:137} INFO - [2023-01-21T12:43:35.705+0000] {dagbag.py:538} INFO - Filling up the DagBag from /home/airflow/.local/lib/python3.7/site-packages/airflow/example_dags/example_nested_branch_dag.py
[2023-01-21T12:43:35.753+0000] {processor.py:753} INFO - DAG(s) dict_keys(['example_nested_branch_dag']) retrieved from /home/airflow/.local/lib/python3.7/site-packages/airflow/example_dags/example_nested_branch_dag.py
[2023-01-21T12:43:35.823+0000] {logging_mixin.py:137} INFO - [2023-01-21T12:43:35.823+0000] {dag.py:2676} INFO - Sync 1 DAGs
[2023-01-21T12:43:35.876+0000] {logging_mixin.py:137} INFO - [2023-01-21T12:43:35.875+0000] {dag.py:3427} INFO - Setting next_dagrun for example_nested_branch_dag to 2023-01-20T00:00:00+00:00, run_after=2023-01-21T00:00:00+00:00
[2023-01-21T12:43:35.921+0000] {processor.py:175} INFO - Processing /home/airflow/.local/lib/python3.7/site-packages/airflow/example_dags/example_nested_branch_dag.py took 0.223 seconds
[2023-01-21T12:44:06.048+0000] {processor.py:153} INFO - Started process (PID=534) to work on /home/airflow/.local/lib/python3.7/site-packages/airflow/example_dags/example_nested_branch_dag.py
[2023-01-21T12:44:06.049+0000] {processor.py:743} INFO - Processing file /home/airflow/.local/lib/python3.7/site-packages/airflow/example_dags/example_nested_branch_dag.py for tasks to queue
[2023-01-21T12:44:06.050+0000] {logging_mixin.py:137} INFO - [2023-01-21T12:44:06.050+0000] {dagbag.py:538} INFO - Filling up the DagBag from /home/airflow/.local/lib/python3.7/site-packages/airflow/example_dags/example_nested_branch_dag.py
[2023-01-21T12:44:06.085+0000] {processor.py:753} INFO - DAG(s) dict_keys(['example_nested_branch_dag']) retrieved from /home/airflow/.local/lib/python3.7/site-packages/airflow/example_dags/example_nested_branch_dag.py
[2023-01-21T12:44:06.134+0000] {logging_mixin.py:137} INFO - [2023-01-21T12:44:06.134+0000] {dag.py:2676} INFO - Sync 1 DAGs
[2023-01-21T12:44:06.181+0000] {logging_mixin.py:137} INFO - [2023-01-21T12:44:06.180+0000] {dag.py:3427} INFO - Setting next_dagrun for example_nested_branch_dag to 2023-01-20T00:00:00+00:00, run_after=2023-01-21T00:00:00+00:00
[2023-01-21T12:44:06.215+0000] {processor.py:175} INFO - Processing /home/airflow/.local/lib/python3.7/site-packages/airflow/example_dags/example_nested_branch_dag.py took 0.171 seconds
[2023-01-21T12:44:36.564+0000] {processor.py:153} INFO - Started process (PID=622) to work on /home/airflow/.local/lib/python3.7/site-packages/airflow/example_dags/example_nested_branch_dag.py
[2023-01-21T12:44:36.565+0000] {processor.py:743} INFO - Processing file /home/airflow/.local/lib/python3.7/site-packages/airflow/example_dags/example_nested_branch_dag.py for tasks to queue
[2023-01-21T12:44:36.566+0000] {logging_mixin.py:137} INFO - [2023-01-21T12:44:36.566+0000] {dagbag.py:538} INFO - Filling up the DagBag from /home/airflow/.local/lib/python3.7/site-packages/airflow/example_dags/example_nested_branch_dag.py
[2023-01-21T12:44:36.607+0000] {processor.py:753} INFO - DAG(s) dict_keys(['example_nested_branch_dag']) retrieved from /home/airflow/.local/lib/python3.7/site-packages/airflow/example_dags/example_nested_branch_dag.py
[2023-01-21T12:44:36.657+0000] {logging_mixin.py:137} INFO - [2023-01-21T12:44:36.657+0000] {dag.py:2676} INFO - Sync 1 DAGs
[2023-01-21T12:44:36.700+0000] {logging_mixin.py:137} INFO - [2023-01-21T12:44:36.700+0000] {dag.py:3427} INFO - Setting next_dagrun for example_nested_branch_dag to 2023-01-20T00:00:00+00:00, run_after=2023-01-21T00:00:00+00:00
[2023-01-21T12:44:36.726+0000] {processor.py:175} INFO - Processing /home/airflow/.local/lib/python3.7/site-packages/airflow/example_dags/example_nested_branch_dag.py took 0.166 seconds
[2023-01-21T12:45:07.095+0000] {processor.py:153} INFO - Started process (PID=694) to work on /home/airflow/.local/lib/python3.7/site-packages/airflow/example_dags/example_nested_branch_dag.py
[2023-01-21T12:45:07.096+0000] {processor.py:743} INFO - Processing file /home/airflow/.local/lib/python3.7/site-packages/airflow/example_dags/example_nested_branch_dag.py for tasks to queue
[2023-01-21T12:45:07.097+0000] {logging_mixin.py:137} INFO - [2023-01-21T12:45:07.097+0000] {dagbag.py:538} INFO - Filling up the DagBag from /home/airflow/.local/lib/python3.7/site-packages/airflow/example_dags/example_nested_branch_dag.py
[2023-01-21T12:45:07.127+0000] {processor.py:753} INFO - DAG(s) dict_keys(['example_nested_branch_dag']) retrieved from /home/airflow/.local/lib/python3.7/site-packages/airflow/example_dags/example_nested_branch_dag.py
[2023-01-21T12:45:07.178+0000] {logging_mixin.py:137} INFO - [2023-01-21T12:45:07.178+0000] {dag.py:2676} INFO - Sync 1 DAGs
[2023-01-21T12:45:07.212+0000] {logging_mixin.py:137} INFO - [2023-01-21T12:45:07.211+0000] {dag.py:3427} INFO - Setting next_dagrun for example_nested_branch_dag to 2023-01-20T00:00:00+00:00, run_after=2023-01-21T00:00:00+00:00
[2023-01-21T12:45:07.241+0000] {processor.py:175} INFO - Processing /home/airflow/.local/lib/python3.7/site-packages/airflow/example_dags/example_nested_branch_dag.py took 0.149 seconds
[2023-01-21T12:45:37.301+0000] {processor.py:153} INFO - Started process (PID=766) to work on /home/airflow/.local/lib/python3.7/site-packages/airflow/example_dags/example_nested_branch_dag.py
[2023-01-21T12:45:37.302+0000] {processor.py:743} INFO - Processing file /home/airflow/.local/lib/python3.7/site-packages/airflow/example_dags/example_nested_branch_dag.py for tasks to queue
[2023-01-21T12:45:37.303+0000] {logging_mixin.py:137} INFO - [2023-01-21T12:45:37.303+0000] {dagbag.py:538} INFO - Filling up the DagBag from /home/airflow/.local/lib/python3.7/site-packages/airflow/example_dags/example_nested_branch_dag.py
[2023-01-21T12:45:37.334+0000] {processor.py:753} INFO - DAG(s) dict_keys(['example_nested_branch_dag']) retrieved from /home/airflow/.local/lib/python3.7/site-packages/airflow/example_dags/example_nested_branch_dag.py
[2023-01-21T12:45:37.380+0000] {logging_mixin.py:137} INFO - [2023-01-21T12:45:37.380+0000] {dag.py:2676} INFO - Sync 1 DAGs
[2023-01-21T12:45:37.424+0000] {logging_mixin.py:137} INFO - [2023-01-21T12:45:37.424+0000] {dag.py:3427} INFO - Setting next_dagrun for example_nested_branch_dag to 2023-01-20T00:00:00+00:00, run_after=2023-01-21T00:00:00+00:00
[2023-01-21T12:45:37.460+0000] {processor.py:175} INFO - Processing /home/airflow/.local/lib/python3.7/site-packages/airflow/example_dags/example_nested_branch_dag.py took 0.163 seconds
[2023-01-21T12:46:09.117+0000] {processor.py:153} INFO - Started process (PID=848) to work on /home/airflow/.local/lib/python3.7/site-packages/airflow/example_dags/example_nested_branch_dag.py
[2023-01-21T12:46:09.128+0000] {processor.py:743} INFO - Processing file /home/airflow/.local/lib/python3.7/site-packages/airflow/example_dags/example_nested_branch_dag.py for tasks to queue
[2023-01-21T12:46:09.129+0000] {logging_mixin.py:137} INFO - [2023-01-21T12:46:09.128+0000] {dagbag.py:538} INFO - Filling up the DagBag from /home/airflow/.local/lib/python3.7/site-packages/airflow/example_dags/example_nested_branch_dag.py
[2023-01-21T12:46:09.221+0000] {processor.py:753} INFO - DAG(s) dict_keys(['example_nested_branch_dag']) retrieved from /home/airflow/.local/lib/python3.7/site-packages/airflow/example_dags/example_nested_branch_dag.py
[2023-01-21T12:46:09.332+0000] {logging_mixin.py:137} INFO - [2023-01-21T12:46:09.332+0000] {dag.py:2676} INFO - Sync 1 DAGs
[2023-01-21T12:46:09.526+0000] {logging_mixin.py:137} INFO - [2023-01-21T12:46:09.526+0000] {dag.py:3427} INFO - Setting next_dagrun for example_nested_branch_dag to 2023-01-20T00:00:00+00:00, run_after=2023-01-21T00:00:00+00:00
[2023-01-21T12:46:09.596+0000] {processor.py:175} INFO - Processing /home/airflow/.local/lib/python3.7/site-packages/airflow/example_dags/example_nested_branch_dag.py took 0.487 seconds
[2023-01-21T12:46:40.348+0000] {processor.py:153} INFO - Started process (PID=927) to work on /home/airflow/.local/lib/python3.7/site-packages/airflow/example_dags/example_nested_branch_dag.py
[2023-01-21T12:46:40.349+0000] {processor.py:743} INFO - Processing file /home/airflow/.local/lib/python3.7/site-packages/airflow/example_dags/example_nested_branch_dag.py for tasks to queue
[2023-01-21T12:46:40.350+0000] {logging_mixin.py:137} INFO - [2023-01-21T12:46:40.350+0000] {dagbag.py:538} INFO - Filling up the DagBag from /home/airflow/.local/lib/python3.7/site-packages/airflow/example_dags/example_nested_branch_dag.py
[2023-01-21T12:46:40.383+0000] {processor.py:753} INFO - DAG(s) dict_keys(['example_nested_branch_dag']) retrieved from /home/airflow/.local/lib/python3.7/site-packages/airflow/example_dags/example_nested_branch_dag.py
[2023-01-21T12:46:40.432+0000] {logging_mixin.py:137} INFO - [2023-01-21T12:46:40.432+0000] {dag.py:2676} INFO - Sync 1 DAGs
[2023-01-21T12:46:40.487+0000] {logging_mixin.py:137} INFO - [2023-01-21T12:46:40.487+0000] {dag.py:3427} INFO - Setting next_dagrun for example_nested_branch_dag to 2023-01-20T00:00:00+00:00, run_after=2023-01-21T00:00:00+00:00
[2023-01-21T12:46:40.522+0000] {processor.py:175} INFO - Processing /home/airflow/.local/lib/python3.7/site-packages/airflow/example_dags/example_nested_branch_dag.py took 0.177 seconds
[2023-01-21T12:47:11.082+0000] {processor.py:153} INFO - Started process (PID=999) to work on /home/airflow/.local/lib/python3.7/site-packages/airflow/example_dags/example_nested_branch_dag.py
[2023-01-21T12:47:11.083+0000] {processor.py:743} INFO - Processing file /home/airflow/.local/lib/python3.7/site-packages/airflow/example_dags/example_nested_branch_dag.py for tasks to queue
[2023-01-21T12:47:11.084+0000] {logging_mixin.py:137} INFO - [2023-01-21T12:47:11.083+0000] {dagbag.py:538} INFO - Filling up the DagBag from /home/airflow/.local/lib/python3.7/site-packages/airflow/example_dags/example_nested_branch_dag.py
[2023-01-21T12:47:11.115+0000] {processor.py:753} INFO - DAG(s) dict_keys(['example_nested_branch_dag']) retrieved from /home/airflow/.local/lib/python3.7/site-packages/airflow/example_dags/example_nested_branch_dag.py
[2023-01-21T12:47:11.166+0000] {logging_mixin.py:137} INFO - [2023-01-21T12:47:11.166+0000] {dag.py:2676} INFO - Sync 1 DAGs
[2023-01-21T12:47:11.203+0000] {logging_mixin.py:137} INFO - [2023-01-21T12:47:11.203+0000] {dag.py:3427} INFO - Setting next_dagrun for example_nested_branch_dag to 2023-01-20T00:00:00+00:00, run_after=2023-01-21T00:00:00+00:00
[2023-01-21T12:47:11.233+0000] {processor.py:175} INFO - Processing /home/airflow/.local/lib/python3.7/site-packages/airflow/example_dags/example_nested_branch_dag.py took 0.155 seconds
[2023-01-21T12:47:41.369+0000] {processor.py:153} INFO - Started process (PID=1071) to work on /home/airflow/.local/lib/python3.7/site-packages/airflow/example_dags/example_nested_branch_dag.py
[2023-01-21T12:47:41.371+0000] {processor.py:743} INFO - Processing file /home/airflow/.local/lib/python3.7/site-packages/airflow/example_dags/example_nested_branch_dag.py for tasks to queue
[2023-01-21T12:47:41.372+0000] {logging_mixin.py:137} INFO - [2023-01-21T12:47:41.372+0000] {dagbag.py:538} INFO - Filling up the DagBag from /home/airflow/.local/lib/python3.7/site-packages/airflow/example_dags/example_nested_branch_dag.py
[2023-01-21T12:47:41.411+0000] {processor.py:753} INFO - DAG(s) dict_keys(['example_nested_branch_dag']) retrieved from /home/airflow/.local/lib/python3.7/site-packages/airflow/example_dags/example_nested_branch_dag.py
[2023-01-21T12:47:41.464+0000] {logging_mixin.py:137} INFO - [2023-01-21T12:47:41.463+0000] {dag.py:2676} INFO - Sync 1 DAGs
[2023-01-21T12:47:41.502+0000] {logging_mixin.py:137} INFO - [2023-01-21T12:47:41.502+0000] {dag.py:3427} INFO - Setting next_dagrun for example_nested_branch_dag to 2023-01-20T00:00:00+00:00, run_after=2023-01-21T00:00:00+00:00
[2023-01-21T12:47:41.529+0000] {processor.py:175} INFO - Processing /home/airflow/.local/lib/python3.7/site-packages/airflow/example_dags/example_nested_branch_dag.py took 0.164 seconds
[2023-01-21T12:48:12.221+0000] {processor.py:153} INFO - Started process (PID=1159) to work on /home/airflow/.local/lib/python3.7/site-packages/airflow/example_dags/example_nested_branch_dag.py
[2023-01-21T12:48:12.223+0000] {processor.py:743} INFO - Processing file /home/airflow/.local/lib/python3.7/site-packages/airflow/example_dags/example_nested_branch_dag.py for tasks to queue
[2023-01-21T12:48:12.223+0000] {logging_mixin.py:137} INFO - [2023-01-21T12:48:12.223+0000] {dagbag.py:538} INFO - Filling up the DagBag from /home/airflow/.local/lib/python3.7/site-packages/airflow/example_dags/example_nested_branch_dag.py
[2023-01-21T12:48:12.260+0000] {processor.py:753} INFO - DAG(s) dict_keys(['example_nested_branch_dag']) retrieved from /home/airflow/.local/lib/python3.7/site-packages/airflow/example_dags/example_nested_branch_dag.py
[2023-01-21T12:48:12.317+0000] {logging_mixin.py:137} INFO - [2023-01-21T12:48:12.317+0000] {dag.py:2676} INFO - Sync 1 DAGs
[2023-01-21T12:48:12.359+0000] {logging_mixin.py:137} INFO - [2023-01-21T12:48:12.358+0000] {dag.py:3427} INFO - Setting next_dagrun for example_nested_branch_dag to 2023-01-20T00:00:00+00:00, run_after=2023-01-21T00:00:00+00:00
[2023-01-21T12:48:12.389+0000] {processor.py:175} INFO - Processing /home/airflow/.local/lib/python3.7/site-packages/airflow/example_dags/example_nested_branch_dag.py took 0.171 seconds
