[2023-01-21T12:41:00.288+0000] {processor.py:153} INFO - Started process (PID=76) to work on /home/airflow/.local/lib/python3.7/site-packages/airflow/example_dags/tutorial_dag.py
[2023-01-21T12:41:00.289+0000] {processor.py:743} INFO - Processing file /home/airflow/.local/lib/python3.7/site-packages/airflow/example_dags/tutorial_dag.py for tasks to queue
[2023-01-21T12:41:00.290+0000] {logging_mixin.py:137} INFO - [2023-01-21T12:41:00.290+0000] {dagbag.py:538} INFO - Filling up the DagBag from /home/airflow/.local/lib/python3.7/site-packages/airflow/example_dags/tutorial_dag.py
[2023-01-21T12:41:00.311+0000] {processor.py:753} INFO - DAG(s) dict_keys(['tutorial_dag']) retrieved from /home/airflow/.local/lib/python3.7/site-packages/airflow/example_dags/tutorial_dag.py
[2023-01-21T12:41:00.375+0000] {logging_mixin.py:137} INFO - [2023-01-21T12:41:00.375+0000] {dag.py:2676} INFO - Sync 1 DAGs
[2023-01-21T12:41:00.436+0000] {logging_mixin.py:137} INFO - [2023-01-21T12:41:00.435+0000] {dag.py:3427} INFO - Setting next_dagrun for tutorial_dag to None, run_after=None
[2023-01-21T12:41:00.488+0000] {processor.py:175} INFO - Processing /home/airflow/.local/lib/python3.7/site-packages/airflow/example_dags/tutorial_dag.py took 0.204 seconds
[2023-01-21T12:41:30.999+0000] {processor.py:153} INFO - Started process (PID=149) to work on /home/airflow/.local/lib/python3.7/site-packages/airflow/example_dags/tutorial_dag.py
[2023-01-21T12:41:31.000+0000] {processor.py:743} INFO - Processing file /home/airflow/.local/lib/python3.7/site-packages/airflow/example_dags/tutorial_dag.py for tasks to queue
[2023-01-21T12:41:31.001+0000] {logging_mixin.py:137} INFO - [2023-01-21T12:41:31.001+0000] {dagbag.py:538} INFO - Filling up the DagBag from /home/airflow/.local/lib/python3.7/site-packages/airflow/example_dags/tutorial_dag.py
[2023-01-21T12:41:31.016+0000] {processor.py:753} INFO - DAG(s) dict_keys(['tutorial_dag']) retrieved from /home/airflow/.local/lib/python3.7/site-packages/airflow/example_dags/tutorial_dag.py
[2023-01-21T12:41:31.060+0000] {logging_mixin.py:137} INFO - [2023-01-21T12:41:31.060+0000] {dag.py:2676} INFO - Sync 1 DAGs
[2023-01-21T12:41:31.091+0000] {logging_mixin.py:137} INFO - [2023-01-21T12:41:31.091+0000] {dag.py:3427} INFO - Setting next_dagrun for tutorial_dag to None, run_after=None
[2023-01-21T12:41:31.115+0000] {processor.py:175} INFO - Processing /home/airflow/.local/lib/python3.7/site-packages/airflow/example_dags/tutorial_dag.py took 0.120 seconds
[2023-01-21T12:42:02.060+0000] {processor.py:153} INFO - Started process (PID=230) to work on /home/airflow/.local/lib/python3.7/site-packages/airflow/example_dags/tutorial_dag.py
[2023-01-21T12:42:02.063+0000] {processor.py:743} INFO - Processing file /home/airflow/.local/lib/python3.7/site-packages/airflow/example_dags/tutorial_dag.py for tasks to queue
[2023-01-21T12:42:02.065+0000] {logging_mixin.py:137} INFO - [2023-01-21T12:42:02.065+0000] {dagbag.py:538} INFO - Filling up the DagBag from /home/airflow/.local/lib/python3.7/site-packages/airflow/example_dags/tutorial_dag.py
[2023-01-21T12:42:02.091+0000] {processor.py:753} INFO - DAG(s) dict_keys(['tutorial_dag']) retrieved from /home/airflow/.local/lib/python3.7/site-packages/airflow/example_dags/tutorial_dag.py
[2023-01-21T12:42:02.175+0000] {logging_mixin.py:137} INFO - [2023-01-21T12:42:02.175+0000] {dag.py:2676} INFO - Sync 1 DAGs
[2023-01-21T12:42:02.256+0000] {logging_mixin.py:137} INFO - [2023-01-21T12:42:02.256+0000] {dag.py:3427} INFO - Setting next_dagrun for tutorial_dag to None, run_after=None
[2023-01-21T12:42:02.309+0000] {processor.py:175} INFO - Processing /home/airflow/.local/lib/python3.7/site-packages/airflow/example_dags/tutorial_dag.py took 0.262 seconds
[2023-01-21T12:42:33.524+0000] {processor.py:153} INFO - Started process (PID=302) to work on /home/airflow/.local/lib/python3.7/site-packages/airflow/example_dags/tutorial_dag.py
[2023-01-21T12:42:33.544+0000] {processor.py:743} INFO - Processing file /home/airflow/.local/lib/python3.7/site-packages/airflow/example_dags/tutorial_dag.py for tasks to queue
[2023-01-21T12:42:33.545+0000] {logging_mixin.py:137} INFO - [2023-01-21T12:42:33.545+0000] {dagbag.py:538} INFO - Filling up the DagBag from /home/airflow/.local/lib/python3.7/site-packages/airflow/example_dags/tutorial_dag.py
[2023-01-21T12:42:33.580+0000] {processor.py:753} INFO - DAG(s) dict_keys(['tutorial_dag']) retrieved from /home/airflow/.local/lib/python3.7/site-packages/airflow/example_dags/tutorial_dag.py
[2023-01-21T12:42:33.685+0000] {logging_mixin.py:137} INFO - [2023-01-21T12:42:33.685+0000] {dag.py:2676} INFO - Sync 1 DAGs
[2023-01-21T12:42:33.783+0000] {logging_mixin.py:137} INFO - [2023-01-21T12:42:33.783+0000] {dag.py:3427} INFO - Setting next_dagrun for tutorial_dag to None, run_after=None
[2023-01-21T12:42:33.852+0000] {processor.py:175} INFO - Processing /home/airflow/.local/lib/python3.7/site-packages/airflow/example_dags/tutorial_dag.py took 0.333 seconds
[2023-01-21T12:43:04.491+0000] {processor.py:153} INFO - Started process (PID=382) to work on /home/airflow/.local/lib/python3.7/site-packages/airflow/example_dags/tutorial_dag.py
[2023-01-21T12:43:04.493+0000] {processor.py:743} INFO - Processing file /home/airflow/.local/lib/python3.7/site-packages/airflow/example_dags/tutorial_dag.py for tasks to queue
[2023-01-21T12:43:04.495+0000] {logging_mixin.py:137} INFO - [2023-01-21T12:43:04.494+0000] {dagbag.py:538} INFO - Filling up the DagBag from /home/airflow/.local/lib/python3.7/site-packages/airflow/example_dags/tutorial_dag.py
[2023-01-21T12:43:04.523+0000] {processor.py:753} INFO - DAG(s) dict_keys(['tutorial_dag']) retrieved from /home/airflow/.local/lib/python3.7/site-packages/airflow/example_dags/tutorial_dag.py
[2023-01-21T12:43:04.584+0000] {logging_mixin.py:137} INFO - [2023-01-21T12:43:04.584+0000] {dag.py:2676} INFO - Sync 1 DAGs
[2023-01-21T12:43:04.624+0000] {logging_mixin.py:137} INFO - [2023-01-21T12:43:04.624+0000] {dag.py:3427} INFO - Setting next_dagrun for tutorial_dag to None, run_after=None
[2023-01-21T12:43:04.653+0000] {processor.py:175} INFO - Processing /home/airflow/.local/lib/python3.7/site-packages/airflow/example_dags/tutorial_dag.py took 0.167 seconds
[2023-01-21T12:43:34.691+0000] {processor.py:153} INFO - Started process (PID=454) to work on /home/airflow/.local/lib/python3.7/site-packages/airflow/example_dags/tutorial_dag.py
[2023-01-21T12:43:34.693+0000] {processor.py:743} INFO - Processing file /home/airflow/.local/lib/python3.7/site-packages/airflow/example_dags/tutorial_dag.py for tasks to queue
[2023-01-21T12:43:34.694+0000] {logging_mixin.py:137} INFO - [2023-01-21T12:43:34.693+0000] {dagbag.py:538} INFO - Filling up the DagBag from /home/airflow/.local/lib/python3.7/site-packages/airflow/example_dags/tutorial_dag.py
[2023-01-21T12:43:34.709+0000] {processor.py:753} INFO - DAG(s) dict_keys(['tutorial_dag']) retrieved from /home/airflow/.local/lib/python3.7/site-packages/airflow/example_dags/tutorial_dag.py
[2023-01-21T12:43:34.756+0000] {logging_mixin.py:137} INFO - [2023-01-21T12:43:34.756+0000] {dag.py:2676} INFO - Sync 1 DAGs
[2023-01-21T12:43:34.796+0000] {logging_mixin.py:137} INFO - [2023-01-21T12:43:34.796+0000] {dag.py:3427} INFO - Setting next_dagrun for tutorial_dag to None, run_after=None
[2023-01-21T12:43:34.826+0000] {processor.py:175} INFO - Processing /home/airflow/.local/lib/python3.7/site-packages/airflow/example_dags/tutorial_dag.py took 0.139 seconds
[2023-01-21T12:44:05.379+0000] {processor.py:153} INFO - Started process (PID=526) to work on /home/airflow/.local/lib/python3.7/site-packages/airflow/example_dags/tutorial_dag.py
[2023-01-21T12:44:05.381+0000] {processor.py:743} INFO - Processing file /home/airflow/.local/lib/python3.7/site-packages/airflow/example_dags/tutorial_dag.py for tasks to queue
[2023-01-21T12:44:05.382+0000] {logging_mixin.py:137} INFO - [2023-01-21T12:44:05.381+0000] {dagbag.py:538} INFO - Filling up the DagBag from /home/airflow/.local/lib/python3.7/site-packages/airflow/example_dags/tutorial_dag.py
[2023-01-21T12:44:05.400+0000] {processor.py:753} INFO - DAG(s) dict_keys(['tutorial_dag']) retrieved from /home/airflow/.local/lib/python3.7/site-packages/airflow/example_dags/tutorial_dag.py
[2023-01-21T12:44:05.448+0000] {logging_mixin.py:137} INFO - [2023-01-21T12:44:05.448+0000] {dag.py:2676} INFO - Sync 1 DAGs
[2023-01-21T12:44:05.486+0000] {logging_mixin.py:137} INFO - [2023-01-21T12:44:05.486+0000] {dag.py:3427} INFO - Setting next_dagrun for tutorial_dag to None, run_after=None
[2023-01-21T12:44:05.520+0000] {processor.py:175} INFO - Processing /home/airflow/.local/lib/python3.7/site-packages/airflow/example_dags/tutorial_dag.py took 0.145 seconds
[2023-01-21T12:44:35.647+0000] {processor.py:153} INFO - Started process (PID=607) to work on /home/airflow/.local/lib/python3.7/site-packages/airflow/example_dags/tutorial_dag.py
[2023-01-21T12:44:35.648+0000] {processor.py:743} INFO - Processing file /home/airflow/.local/lib/python3.7/site-packages/airflow/example_dags/tutorial_dag.py for tasks to queue
[2023-01-21T12:44:35.649+0000] {logging_mixin.py:137} INFO - [2023-01-21T12:44:35.649+0000] {dagbag.py:538} INFO - Filling up the DagBag from /home/airflow/.local/lib/python3.7/site-packages/airflow/example_dags/tutorial_dag.py
[2023-01-21T12:44:35.669+0000] {processor.py:753} INFO - DAG(s) dict_keys(['tutorial_dag']) retrieved from /home/airflow/.local/lib/python3.7/site-packages/airflow/example_dags/tutorial_dag.py
[2023-01-21T12:44:35.721+0000] {logging_mixin.py:137} INFO - [2023-01-21T12:44:35.721+0000] {dag.py:2676} INFO - Sync 1 DAGs
[2023-01-21T12:44:35.773+0000] {logging_mixin.py:137} INFO - [2023-01-21T12:44:35.773+0000] {dag.py:3427} INFO - Setting next_dagrun for tutorial_dag to None, run_after=None
[2023-01-21T12:44:35.840+0000] {processor.py:175} INFO - Processing /home/airflow/.local/lib/python3.7/site-packages/airflow/example_dags/tutorial_dag.py took 0.197 seconds
[2023-01-21T12:45:06.338+0000] {processor.py:153} INFO - Started process (PID=686) to work on /home/airflow/.local/lib/python3.7/site-packages/airflow/example_dags/tutorial_dag.py
[2023-01-21T12:45:06.339+0000] {processor.py:743} INFO - Processing file /home/airflow/.local/lib/python3.7/site-packages/airflow/example_dags/tutorial_dag.py for tasks to queue
[2023-01-21T12:45:06.340+0000] {logging_mixin.py:137} INFO - [2023-01-21T12:45:06.340+0000] {dagbag.py:538} INFO - Filling up the DagBag from /home/airflow/.local/lib/python3.7/site-packages/airflow/example_dags/tutorial_dag.py
[2023-01-21T12:45:06.355+0000] {processor.py:753} INFO - DAG(s) dict_keys(['tutorial_dag']) retrieved from /home/airflow/.local/lib/python3.7/site-packages/airflow/example_dags/tutorial_dag.py
[2023-01-21T12:45:06.401+0000] {logging_mixin.py:137} INFO - [2023-01-21T12:45:06.400+0000] {dag.py:2676} INFO - Sync 1 DAGs
[2023-01-21T12:45:06.433+0000] {logging_mixin.py:137} INFO - [2023-01-21T12:45:06.433+0000] {dag.py:3427} INFO - Setting next_dagrun for tutorial_dag to None, run_after=None
[2023-01-21T12:45:06.457+0000] {processor.py:175} INFO - Processing /home/airflow/.local/lib/python3.7/site-packages/airflow/example_dags/tutorial_dag.py took 0.123 seconds
[2023-01-21T12:45:36.691+0000] {processor.py:153} INFO - Started process (PID=758) to work on /home/airflow/.local/lib/python3.7/site-packages/airflow/example_dags/tutorial_dag.py
[2023-01-21T12:45:36.693+0000] {processor.py:743} INFO - Processing file /home/airflow/.local/lib/python3.7/site-packages/airflow/example_dags/tutorial_dag.py for tasks to queue
[2023-01-21T12:45:36.694+0000] {logging_mixin.py:137} INFO - [2023-01-21T12:45:36.693+0000] {dagbag.py:538} INFO - Filling up the DagBag from /home/airflow/.local/lib/python3.7/site-packages/airflow/example_dags/tutorial_dag.py
[2023-01-21T12:45:36.712+0000] {processor.py:753} INFO - DAG(s) dict_keys(['tutorial_dag']) retrieved from /home/airflow/.local/lib/python3.7/site-packages/airflow/example_dags/tutorial_dag.py
[2023-01-21T12:45:36.759+0000] {logging_mixin.py:137} INFO - [2023-01-21T12:45:36.758+0000] {dag.py:2676} INFO - Sync 1 DAGs
[2023-01-21T12:45:36.792+0000] {logging_mixin.py:137} INFO - [2023-01-21T12:45:36.792+0000] {dag.py:3427} INFO - Setting next_dagrun for tutorial_dag to None, run_after=None
[2023-01-21T12:45:36.817+0000] {processor.py:175} INFO - Processing /home/airflow/.local/lib/python3.7/site-packages/airflow/example_dags/tutorial_dag.py took 0.129 seconds
[2023-01-21T12:46:07.803+0000] {processor.py:153} INFO - Started process (PID=840) to work on /home/airflow/.local/lib/python3.7/site-packages/airflow/example_dags/tutorial_dag.py
[2023-01-21T12:46:07.805+0000] {processor.py:743} INFO - Processing file /home/airflow/.local/lib/python3.7/site-packages/airflow/example_dags/tutorial_dag.py for tasks to queue
[2023-01-21T12:46:07.807+0000] {logging_mixin.py:137} INFO - [2023-01-21T12:46:07.807+0000] {dagbag.py:538} INFO - Filling up the DagBag from /home/airflow/.local/lib/python3.7/site-packages/airflow/example_dags/tutorial_dag.py
[2023-01-21T12:46:07.835+0000] {processor.py:753} INFO - DAG(s) dict_keys(['tutorial_dag']) retrieved from /home/airflow/.local/lib/python3.7/site-packages/airflow/example_dags/tutorial_dag.py
[2023-01-21T12:46:07.931+0000] {logging_mixin.py:137} INFO - [2023-01-21T12:46:07.931+0000] {dag.py:2676} INFO - Sync 1 DAGs
[2023-01-21T12:46:08.051+0000] {logging_mixin.py:137} INFO - [2023-01-21T12:46:08.051+0000] {dag.py:3427} INFO - Setting next_dagrun for tutorial_dag to None, run_after=None
[2023-01-21T12:46:08.117+0000] {processor.py:175} INFO - Processing /home/airflow/.local/lib/python3.7/site-packages/airflow/example_dags/tutorial_dag.py took 0.319 seconds
[2023-01-21T12:46:38.521+0000] {processor.py:153} INFO - Started process (PID=919) to work on /home/airflow/.local/lib/python3.7/site-packages/airflow/example_dags/tutorial_dag.py
[2023-01-21T12:46:38.522+0000] {processor.py:743} INFO - Processing file /home/airflow/.local/lib/python3.7/site-packages/airflow/example_dags/tutorial_dag.py for tasks to queue
[2023-01-21T12:46:38.524+0000] {logging_mixin.py:137} INFO - [2023-01-21T12:46:38.524+0000] {dagbag.py:538} INFO - Filling up the DagBag from /home/airflow/.local/lib/python3.7/site-packages/airflow/example_dags/tutorial_dag.py
[2023-01-21T12:46:38.544+0000] {processor.py:753} INFO - DAG(s) dict_keys(['tutorial_dag']) retrieved from /home/airflow/.local/lib/python3.7/site-packages/airflow/example_dags/tutorial_dag.py
[2023-01-21T12:46:38.680+0000] {logging_mixin.py:137} INFO - [2023-01-21T12:46:38.680+0000] {dag.py:2676} INFO - Sync 1 DAGs
[2023-01-21T12:46:38.749+0000] {logging_mixin.py:137} INFO - [2023-01-21T12:46:38.749+0000] {dag.py:3427} INFO - Setting next_dagrun for tutorial_dag to None, run_after=None
[2023-01-21T12:46:38.781+0000] {processor.py:175} INFO - Processing /home/airflow/.local/lib/python3.7/site-packages/airflow/example_dags/tutorial_dag.py took 0.265 seconds
[2023-01-21T12:47:09.202+0000] {processor.py:153} INFO - Started process (PID=991) to work on /home/airflow/.local/lib/python3.7/site-packages/airflow/example_dags/tutorial_dag.py
[2023-01-21T12:47:09.206+0000] {processor.py:743} INFO - Processing file /home/airflow/.local/lib/python3.7/site-packages/airflow/example_dags/tutorial_dag.py for tasks to queue
[2023-01-21T12:47:09.207+0000] {logging_mixin.py:137} INFO - [2023-01-21T12:47:09.206+0000] {dagbag.py:538} INFO - Filling up the DagBag from /home/airflow/.local/lib/python3.7/site-packages/airflow/example_dags/tutorial_dag.py
[2023-01-21T12:47:09.229+0000] {processor.py:753} INFO - DAG(s) dict_keys(['tutorial_dag']) retrieved from /home/airflow/.local/lib/python3.7/site-packages/airflow/example_dags/tutorial_dag.py
[2023-01-21T12:47:09.342+0000] {logging_mixin.py:137} INFO - [2023-01-21T12:47:09.342+0000] {dag.py:2676} INFO - Sync 1 DAGs
[2023-01-21T12:47:09.395+0000] {logging_mixin.py:137} INFO - [2023-01-21T12:47:09.395+0000] {dag.py:3427} INFO - Setting next_dagrun for tutorial_dag to None, run_after=None
[2023-01-21T12:47:09.432+0000] {processor.py:175} INFO - Processing /home/airflow/.local/lib/python3.7/site-packages/airflow/example_dags/tutorial_dag.py took 0.234 seconds
[2023-01-21T12:47:39.663+0000] {processor.py:153} INFO - Started process (PID=1063) to work on /home/airflow/.local/lib/python3.7/site-packages/airflow/example_dags/tutorial_dag.py
[2023-01-21T12:47:39.664+0000] {processor.py:743} INFO - Processing file /home/airflow/.local/lib/python3.7/site-packages/airflow/example_dags/tutorial_dag.py for tasks to queue
[2023-01-21T12:47:39.665+0000] {logging_mixin.py:137} INFO - [2023-01-21T12:47:39.665+0000] {dagbag.py:538} INFO - Filling up the DagBag from /home/airflow/.local/lib/python3.7/site-packages/airflow/example_dags/tutorial_dag.py
[2023-01-21T12:47:39.681+0000] {processor.py:753} INFO - DAG(s) dict_keys(['tutorial_dag']) retrieved from /home/airflow/.local/lib/python3.7/site-packages/airflow/example_dags/tutorial_dag.py
[2023-01-21T12:47:39.737+0000] {logging_mixin.py:137} INFO - [2023-01-21T12:47:39.737+0000] {dag.py:2676} INFO - Sync 1 DAGs
[2023-01-21T12:47:39.771+0000] {logging_mixin.py:137} INFO - [2023-01-21T12:47:39.771+0000] {dag.py:3427} INFO - Setting next_dagrun for tutorial_dag to None, run_after=None
[2023-01-21T12:47:39.798+0000] {processor.py:175} INFO - Processing /home/airflow/.local/lib/python3.7/site-packages/airflow/example_dags/tutorial_dag.py took 0.139 seconds
[2023-01-21T12:48:10.404+0000] {processor.py:153} INFO - Started process (PID=1144) to work on /home/airflow/.local/lib/python3.7/site-packages/airflow/example_dags/tutorial_dag.py
[2023-01-21T12:48:10.406+0000] {processor.py:743} INFO - Processing file /home/airflow/.local/lib/python3.7/site-packages/airflow/example_dags/tutorial_dag.py for tasks to queue
[2023-01-21T12:48:10.407+0000] {logging_mixin.py:137} INFO - [2023-01-21T12:48:10.406+0000] {dagbag.py:538} INFO - Filling up the DagBag from /home/airflow/.local/lib/python3.7/site-packages/airflow/example_dags/tutorial_dag.py
[2023-01-21T12:48:10.423+0000] {processor.py:753} INFO - DAG(s) dict_keys(['tutorial_dag']) retrieved from /home/airflow/.local/lib/python3.7/site-packages/airflow/example_dags/tutorial_dag.py
[2023-01-21T12:48:10.473+0000] {logging_mixin.py:137} INFO - [2023-01-21T12:48:10.473+0000] {dag.py:2676} INFO - Sync 1 DAGs
[2023-01-21T12:48:10.507+0000] {logging_mixin.py:137} INFO - [2023-01-21T12:48:10.507+0000] {dag.py:3427} INFO - Setting next_dagrun for tutorial_dag to None, run_after=None
[2023-01-21T12:48:10.538+0000] {processor.py:175} INFO - Processing /home/airflow/.local/lib/python3.7/site-packages/airflow/example_dags/tutorial_dag.py took 0.137 seconds
