[2023-01-21T12:41:00.115+0000] {processor.py:153} INFO - Started process (PID=75) to work on /home/airflow/.local/lib/python3.7/site-packages/airflow/example_dags/tutorial.py
[2023-01-21T12:41:00.117+0000] {processor.py:743} INFO - Processing file /home/airflow/.local/lib/python3.7/site-packages/airflow/example_dags/tutorial.py for tasks to queue
[2023-01-21T12:41:00.118+0000] {logging_mixin.py:137} INFO - [2023-01-21T12:41:00.118+0000] {dagbag.py:538} INFO - Filling up the DagBag from /home/airflow/.local/lib/python3.7/site-packages/airflow/example_dags/tutorial.py
[2023-01-21T12:41:00.143+0000] {processor.py:753} INFO - DAG(s) dict_keys(['tutorial']) retrieved from /home/airflow/.local/lib/python3.7/site-packages/airflow/example_dags/tutorial.py
[2023-01-21T12:41:00.222+0000] {logging_mixin.py:137} INFO - [2023-01-21T12:41:00.222+0000] {dag.py:2676} INFO - Sync 1 DAGs
[2023-01-21T12:41:00.286+0000] {logging_mixin.py:137} INFO - [2023-01-21T12:41:00.286+0000] {dag.py:3427} INFO - Setting next_dagrun for tutorial to 2023-01-20T12:41:00.286136+00:00, run_after=2023-01-21T12:41:00.286136+00:00
[2023-01-21T12:41:00.318+0000] {processor.py:175} INFO - Processing /home/airflow/.local/lib/python3.7/site-packages/airflow/example_dags/tutorial.py took 0.209 seconds
[2023-01-21T12:41:30.894+0000] {processor.py:153} INFO - Started process (PID=148) to work on /home/airflow/.local/lib/python3.7/site-packages/airflow/example_dags/tutorial.py
[2023-01-21T12:41:30.895+0000] {processor.py:743} INFO - Processing file /home/airflow/.local/lib/python3.7/site-packages/airflow/example_dags/tutorial.py for tasks to queue
[2023-01-21T12:41:30.895+0000] {logging_mixin.py:137} INFO - [2023-01-21T12:41:30.895+0000] {dagbag.py:538} INFO - Filling up the DagBag from /home/airflow/.local/lib/python3.7/site-packages/airflow/example_dags/tutorial.py
[2023-01-21T12:41:30.913+0000] {processor.py:753} INFO - DAG(s) dict_keys(['tutorial']) retrieved from /home/airflow/.local/lib/python3.7/site-packages/airflow/example_dags/tutorial.py
[2023-01-21T12:41:30.960+0000] {logging_mixin.py:137} INFO - [2023-01-21T12:41:30.959+0000] {dag.py:2676} INFO - Sync 1 DAGs
[2023-01-21T12:41:30.992+0000] {logging_mixin.py:137} INFO - [2023-01-21T12:41:30.991+0000] {dag.py:3427} INFO - Setting next_dagrun for tutorial to 2023-01-20T12:41:30.991404+00:00, run_after=2023-01-21T12:41:30.991404+00:00
[2023-01-21T12:41:31.017+0000] {processor.py:175} INFO - Processing /home/airflow/.local/lib/python3.7/site-packages/airflow/example_dags/tutorial.py took 0.126 seconds
[2023-01-21T12:42:01.794+0000] {processor.py:153} INFO - Started process (PID=229) to work on /home/airflow/.local/lib/python3.7/site-packages/airflow/example_dags/tutorial.py
[2023-01-21T12:42:01.795+0000] {processor.py:743} INFO - Processing file /home/airflow/.local/lib/python3.7/site-packages/airflow/example_dags/tutorial.py for tasks to queue
[2023-01-21T12:42:01.796+0000] {logging_mixin.py:137} INFO - [2023-01-21T12:42:01.796+0000] {dagbag.py:538} INFO - Filling up the DagBag from /home/airflow/.local/lib/python3.7/site-packages/airflow/example_dags/tutorial.py
[2023-01-21T12:42:01.816+0000] {processor.py:753} INFO - DAG(s) dict_keys(['tutorial']) retrieved from /home/airflow/.local/lib/python3.7/site-packages/airflow/example_dags/tutorial.py
[2023-01-21T12:42:01.921+0000] {logging_mixin.py:137} INFO - [2023-01-21T12:42:01.921+0000] {dag.py:2676} INFO - Sync 1 DAGs
[2023-01-21T12:42:01.978+0000] {logging_mixin.py:137} INFO - [2023-01-21T12:42:01.978+0000] {dag.py:3427} INFO - Setting next_dagrun for tutorial to 2023-01-20T12:42:01.977743+00:00, run_after=2023-01-21T12:42:01.977743+00:00
[2023-01-21T12:42:02.021+0000] {processor.py:175} INFO - Processing /home/airflow/.local/lib/python3.7/site-packages/airflow/example_dags/tutorial.py took 0.232 seconds
[2023-01-21T12:42:33.140+0000] {processor.py:153} INFO - Started process (PID=301) to work on /home/airflow/.local/lib/python3.7/site-packages/airflow/example_dags/tutorial.py
[2023-01-21T12:42:33.142+0000] {processor.py:743} INFO - Processing file /home/airflow/.local/lib/python3.7/site-packages/airflow/example_dags/tutorial.py for tasks to queue
[2023-01-21T12:42:33.143+0000] {logging_mixin.py:137} INFO - [2023-01-21T12:42:33.143+0000] {dagbag.py:538} INFO - Filling up the DagBag from /home/airflow/.local/lib/python3.7/site-packages/airflow/example_dags/tutorial.py
[2023-01-21T12:42:33.212+0000] {processor.py:753} INFO - DAG(s) dict_keys(['tutorial']) retrieved from /home/airflow/.local/lib/python3.7/site-packages/airflow/example_dags/tutorial.py
[2023-01-21T12:42:33.336+0000] {logging_mixin.py:137} INFO - [2023-01-21T12:42:33.335+0000] {dag.py:2676} INFO - Sync 1 DAGs
[2023-01-21T12:42:33.411+0000] {logging_mixin.py:137} INFO - [2023-01-21T12:42:33.411+0000] {dag.py:3427} INFO - Setting next_dagrun for tutorial to 2023-01-20T12:42:33.410428+00:00, run_after=2023-01-21T12:42:33.410428+00:00
[2023-01-21T12:42:33.493+0000] {processor.py:175} INFO - Processing /home/airflow/.local/lib/python3.7/site-packages/airflow/example_dags/tutorial.py took 0.368 seconds
[2023-01-21T12:43:04.331+0000] {processor.py:153} INFO - Started process (PID=381) to work on /home/airflow/.local/lib/python3.7/site-packages/airflow/example_dags/tutorial.py
[2023-01-21T12:43:04.332+0000] {processor.py:743} INFO - Processing file /home/airflow/.local/lib/python3.7/site-packages/airflow/example_dags/tutorial.py for tasks to queue
[2023-01-21T12:43:04.333+0000] {logging_mixin.py:137} INFO - [2023-01-21T12:43:04.333+0000] {dagbag.py:538} INFO - Filling up the DagBag from /home/airflow/.local/lib/python3.7/site-packages/airflow/example_dags/tutorial.py
[2023-01-21T12:43:04.351+0000] {processor.py:753} INFO - DAG(s) dict_keys(['tutorial']) retrieved from /home/airflow/.local/lib/python3.7/site-packages/airflow/example_dags/tutorial.py
[2023-01-21T12:43:04.402+0000] {logging_mixin.py:137} INFO - [2023-01-21T12:43:04.402+0000] {dag.py:2676} INFO - Sync 1 DAGs
[2023-01-21T12:43:04.440+0000] {logging_mixin.py:137} INFO - [2023-01-21T12:43:04.439+0000] {dag.py:3427} INFO - Setting next_dagrun for tutorial to 2023-01-20T12:43:04.439480+00:00, run_after=2023-01-21T12:43:04.439480+00:00
[2023-01-21T12:43:04.470+0000] {processor.py:175} INFO - Processing /home/airflow/.local/lib/python3.7/site-packages/airflow/example_dags/tutorial.py took 0.144 seconds
[2023-01-21T12:43:34.519+0000] {processor.py:153} INFO - Started process (PID=452) to work on /home/airflow/.local/lib/python3.7/site-packages/airflow/example_dags/tutorial.py
[2023-01-21T12:43:34.520+0000] {processor.py:743} INFO - Processing file /home/airflow/.local/lib/python3.7/site-packages/airflow/example_dags/tutorial.py for tasks to queue
[2023-01-21T12:43:34.521+0000] {logging_mixin.py:137} INFO - [2023-01-21T12:43:34.521+0000] {dagbag.py:538} INFO - Filling up the DagBag from /home/airflow/.local/lib/python3.7/site-packages/airflow/example_dags/tutorial.py
[2023-01-21T12:43:34.539+0000] {processor.py:753} INFO - DAG(s) dict_keys(['tutorial']) retrieved from /home/airflow/.local/lib/python3.7/site-packages/airflow/example_dags/tutorial.py
[2023-01-21T12:43:34.595+0000] {logging_mixin.py:137} INFO - [2023-01-21T12:43:34.594+0000] {dag.py:2676} INFO - Sync 1 DAGs
[2023-01-21T12:43:34.639+0000] {logging_mixin.py:137} INFO - [2023-01-21T12:43:34.639+0000] {dag.py:3427} INFO - Setting next_dagrun for tutorial to 2023-01-20T12:43:34.639161+00:00, run_after=2023-01-21T12:43:34.639161+00:00
[2023-01-21T12:43:34.670+0000] {processor.py:175} INFO - Processing /home/airflow/.local/lib/python3.7/site-packages/airflow/example_dags/tutorial.py took 0.157 seconds
[2023-01-21T12:44:05.214+0000] {processor.py:153} INFO - Started process (PID=525) to work on /home/airflow/.local/lib/python3.7/site-packages/airflow/example_dags/tutorial.py
[2023-01-21T12:44:05.215+0000] {processor.py:743} INFO - Processing file /home/airflow/.local/lib/python3.7/site-packages/airflow/example_dags/tutorial.py for tasks to queue
[2023-01-21T12:44:05.216+0000] {logging_mixin.py:137} INFO - [2023-01-21T12:44:05.216+0000] {dagbag.py:538} INFO - Filling up the DagBag from /home/airflow/.local/lib/python3.7/site-packages/airflow/example_dags/tutorial.py
[2023-01-21T12:44:05.231+0000] {processor.py:753} INFO - DAG(s) dict_keys(['tutorial']) retrieved from /home/airflow/.local/lib/python3.7/site-packages/airflow/example_dags/tutorial.py
[2023-01-21T12:44:05.278+0000] {logging_mixin.py:137} INFO - [2023-01-21T12:44:05.277+0000] {dag.py:2676} INFO - Sync 1 DAGs
[2023-01-21T12:44:05.316+0000] {logging_mixin.py:137} INFO - [2023-01-21T12:44:05.316+0000] {dag.py:3427} INFO - Setting next_dagrun for tutorial to 2023-01-20T12:44:05.315768+00:00, run_after=2023-01-21T12:44:05.315768+00:00
[2023-01-21T12:44:05.354+0000] {processor.py:175} INFO - Processing /home/airflow/.local/lib/python3.7/site-packages/airflow/example_dags/tutorial.py took 0.144 seconds
[2023-01-21T12:44:35.496+0000] {processor.py:153} INFO - Started process (PID=606) to work on /home/airflow/.local/lib/python3.7/site-packages/airflow/example_dags/tutorial.py
[2023-01-21T12:44:35.498+0000] {processor.py:743} INFO - Processing file /home/airflow/.local/lib/python3.7/site-packages/airflow/example_dags/tutorial.py for tasks to queue
[2023-01-21T12:44:35.499+0000] {logging_mixin.py:137} INFO - [2023-01-21T12:44:35.499+0000] {dagbag.py:538} INFO - Filling up the DagBag from /home/airflow/.local/lib/python3.7/site-packages/airflow/example_dags/tutorial.py
[2023-01-21T12:44:35.518+0000] {processor.py:753} INFO - DAG(s) dict_keys(['tutorial']) retrieved from /home/airflow/.local/lib/python3.7/site-packages/airflow/example_dags/tutorial.py
[2023-01-21T12:44:35.567+0000] {logging_mixin.py:137} INFO - [2023-01-21T12:44:35.567+0000] {dag.py:2676} INFO - Sync 1 DAGs
[2023-01-21T12:44:35.600+0000] {logging_mixin.py:137} INFO - [2023-01-21T12:44:35.600+0000] {dag.py:3427} INFO - Setting next_dagrun for tutorial to 2023-01-20T12:44:35.600183+00:00, run_after=2023-01-21T12:44:35.600183+00:00
[2023-01-21T12:44:35.627+0000] {processor.py:175} INFO - Processing /home/airflow/.local/lib/python3.7/site-packages/airflow/example_dags/tutorial.py took 0.135 seconds
[2023-01-21T12:45:06.177+0000] {processor.py:153} INFO - Started process (PID=685) to work on /home/airflow/.local/lib/python3.7/site-packages/airflow/example_dags/tutorial.py
[2023-01-21T12:45:06.179+0000] {processor.py:743} INFO - Processing file /home/airflow/.local/lib/python3.7/site-packages/airflow/example_dags/tutorial.py for tasks to queue
[2023-01-21T12:45:06.180+0000] {logging_mixin.py:137} INFO - [2023-01-21T12:45:06.180+0000] {dagbag.py:538} INFO - Filling up the DagBag from /home/airflow/.local/lib/python3.7/site-packages/airflow/example_dags/tutorial.py
[2023-01-21T12:45:06.200+0000] {processor.py:753} INFO - DAG(s) dict_keys(['tutorial']) retrieved from /home/airflow/.local/lib/python3.7/site-packages/airflow/example_dags/tutorial.py
[2023-01-21T12:45:06.252+0000] {logging_mixin.py:137} INFO - [2023-01-21T12:45:06.252+0000] {dag.py:2676} INFO - Sync 1 DAGs
[2023-01-21T12:45:06.294+0000] {logging_mixin.py:137} INFO - [2023-01-21T12:45:06.294+0000] {dag.py:3427} INFO - Setting next_dagrun for tutorial to 2023-01-20T12:45:06.293823+00:00, run_after=2023-01-21T12:45:06.293823+00:00
[2023-01-21T12:45:06.319+0000] {processor.py:175} INFO - Processing /home/airflow/.local/lib/python3.7/site-packages/airflow/example_dags/tutorial.py took 0.145 seconds
[2023-01-21T12:45:36.546+0000] {processor.py:153} INFO - Started process (PID=757) to work on /home/airflow/.local/lib/python3.7/site-packages/airflow/example_dags/tutorial.py
[2023-01-21T12:45:36.547+0000] {processor.py:743} INFO - Processing file /home/airflow/.local/lib/python3.7/site-packages/airflow/example_dags/tutorial.py for tasks to queue
[2023-01-21T12:45:36.547+0000] {logging_mixin.py:137} INFO - [2023-01-21T12:45:36.547+0000] {dagbag.py:538} INFO - Filling up the DagBag from /home/airflow/.local/lib/python3.7/site-packages/airflow/example_dags/tutorial.py
[2023-01-21T12:45:36.564+0000] {processor.py:753} INFO - DAG(s) dict_keys(['tutorial']) retrieved from /home/airflow/.local/lib/python3.7/site-packages/airflow/example_dags/tutorial.py
[2023-01-21T12:45:36.611+0000] {logging_mixin.py:137} INFO - [2023-01-21T12:45:36.611+0000] {dag.py:2676} INFO - Sync 1 DAGs
[2023-01-21T12:45:36.644+0000] {logging_mixin.py:137} INFO - [2023-01-21T12:45:36.643+0000] {dag.py:3427} INFO - Setting next_dagrun for tutorial to 2023-01-20T12:45:36.643539+00:00, run_after=2023-01-21T12:45:36.643539+00:00
[2023-01-21T12:45:36.671+0000] {processor.py:175} INFO - Processing /home/airflow/.local/lib/python3.7/site-packages/airflow/example_dags/tutorial.py took 0.129 seconds
[2023-01-21T12:46:07.558+0000] {processor.py:153} INFO - Started process (PID=839) to work on /home/airflow/.local/lib/python3.7/site-packages/airflow/example_dags/tutorial.py
[2023-01-21T12:46:07.566+0000] {processor.py:743} INFO - Processing file /home/airflow/.local/lib/python3.7/site-packages/airflow/example_dags/tutorial.py for tasks to queue
[2023-01-21T12:46:07.567+0000] {logging_mixin.py:137} INFO - [2023-01-21T12:46:07.567+0000] {dagbag.py:538} INFO - Filling up the DagBag from /home/airflow/.local/lib/python3.7/site-packages/airflow/example_dags/tutorial.py
[2023-01-21T12:46:07.603+0000] {processor.py:753} INFO - DAG(s) dict_keys(['tutorial']) retrieved from /home/airflow/.local/lib/python3.7/site-packages/airflow/example_dags/tutorial.py
[2023-01-21T12:46:07.687+0000] {logging_mixin.py:137} INFO - [2023-01-21T12:46:07.687+0000] {dag.py:2676} INFO - Sync 1 DAGs
[2023-01-21T12:46:07.754+0000] {logging_mixin.py:137} INFO - [2023-01-21T12:46:07.753+0000] {dag.py:3427} INFO - Setting next_dagrun for tutorial to 2023-01-20T12:46:07.753541+00:00, run_after=2023-01-21T12:46:07.753541+00:00
[2023-01-21T12:46:07.810+0000] {processor.py:175} INFO - Processing /home/airflow/.local/lib/python3.7/site-packages/airflow/example_dags/tutorial.py took 0.258 seconds
[2023-01-21T12:46:38.378+0000] {processor.py:153} INFO - Started process (PID=918) to work on /home/airflow/.local/lib/python3.7/site-packages/airflow/example_dags/tutorial.py
[2023-01-21T12:46:38.380+0000] {processor.py:743} INFO - Processing file /home/airflow/.local/lib/python3.7/site-packages/airflow/example_dags/tutorial.py for tasks to queue
[2023-01-21T12:46:38.381+0000] {logging_mixin.py:137} INFO - [2023-01-21T12:46:38.381+0000] {dagbag.py:538} INFO - Filling up the DagBag from /home/airflow/.local/lib/python3.7/site-packages/airflow/example_dags/tutorial.py
[2023-01-21T12:46:38.407+0000] {processor.py:753} INFO - DAG(s) dict_keys(['tutorial']) retrieved from /home/airflow/.local/lib/python3.7/site-packages/airflow/example_dags/tutorial.py
[2023-01-21T12:46:38.471+0000] {logging_mixin.py:137} INFO - [2023-01-21T12:46:38.471+0000] {dag.py:2676} INFO - Sync 1 DAGs
[2023-01-21T12:46:38.517+0000] {logging_mixin.py:137} INFO - [2023-01-21T12:46:38.517+0000] {dag.py:3427} INFO - Setting next_dagrun for tutorial to 2023-01-20T12:46:38.516852+00:00, run_after=2023-01-21T12:46:38.516852+00:00
[2023-01-21T12:46:38.548+0000] {processor.py:175} INFO - Processing /home/airflow/.local/lib/python3.7/site-packages/airflow/example_dags/tutorial.py took 0.174 seconds
[2023-01-21T12:47:09.091+0000] {processor.py:153} INFO - Started process (PID=990) to work on /home/airflow/.local/lib/python3.7/site-packages/airflow/example_dags/tutorial.py
[2023-01-21T12:47:09.092+0000] {processor.py:743} INFO - Processing file /home/airflow/.local/lib/python3.7/site-packages/airflow/example_dags/tutorial.py for tasks to queue
[2023-01-21T12:47:09.093+0000] {logging_mixin.py:137} INFO - [2023-01-21T12:47:09.093+0000] {dagbag.py:538} INFO - Filling up the DagBag from /home/airflow/.local/lib/python3.7/site-packages/airflow/example_dags/tutorial.py
[2023-01-21T12:47:09.110+0000] {processor.py:753} INFO - DAG(s) dict_keys(['tutorial']) retrieved from /home/airflow/.local/lib/python3.7/site-packages/airflow/example_dags/tutorial.py
[2023-01-21T12:47:09.155+0000] {logging_mixin.py:137} INFO - [2023-01-21T12:47:09.155+0000] {dag.py:2676} INFO - Sync 1 DAGs
[2023-01-21T12:47:09.192+0000] {logging_mixin.py:137} INFO - [2023-01-21T12:47:09.192+0000] {dag.py:3427} INFO - Setting next_dagrun for tutorial to 2023-01-20T12:47:09.191794+00:00, run_after=2023-01-21T12:47:09.191794+00:00
[2023-01-21T12:47:09.226+0000] {processor.py:175} INFO - Processing /home/airflow/.local/lib/python3.7/site-packages/airflow/example_dags/tutorial.py took 0.139 seconds
[2023-01-21T12:47:39.553+0000] {processor.py:153} INFO - Started process (PID=1062) to work on /home/airflow/.local/lib/python3.7/site-packages/airflow/example_dags/tutorial.py
[2023-01-21T12:47:39.555+0000] {processor.py:743} INFO - Processing file /home/airflow/.local/lib/python3.7/site-packages/airflow/example_dags/tutorial.py for tasks to queue
[2023-01-21T12:47:39.556+0000] {logging_mixin.py:137} INFO - [2023-01-21T12:47:39.556+0000] {dagbag.py:538} INFO - Filling up the DagBag from /home/airflow/.local/lib/python3.7/site-packages/airflow/example_dags/tutorial.py
[2023-01-21T12:47:39.580+0000] {processor.py:753} INFO - DAG(s) dict_keys(['tutorial']) retrieved from /home/airflow/.local/lib/python3.7/site-packages/airflow/example_dags/tutorial.py
[2023-01-21T12:47:39.628+0000] {logging_mixin.py:137} INFO - [2023-01-21T12:47:39.627+0000] {dag.py:2676} INFO - Sync 1 DAGs
[2023-01-21T12:47:39.661+0000] {logging_mixin.py:137} INFO - [2023-01-21T12:47:39.661+0000] {dag.py:3427} INFO - Setting next_dagrun for tutorial to 2023-01-20T12:47:39.661396+00:00, run_after=2023-01-21T12:47:39.661396+00:00
[2023-01-21T12:47:39.692+0000] {processor.py:175} INFO - Processing /home/airflow/.local/lib/python3.7/site-packages/airflow/example_dags/tutorial.py took 0.143 seconds
[2023-01-21T12:48:10.265+0000] {processor.py:153} INFO - Started process (PID=1143) to work on /home/airflow/.local/lib/python3.7/site-packages/airflow/example_dags/tutorial.py
[2023-01-21T12:48:10.266+0000] {processor.py:743} INFO - Processing file /home/airflow/.local/lib/python3.7/site-packages/airflow/example_dags/tutorial.py for tasks to queue
[2023-01-21T12:48:10.267+0000] {logging_mixin.py:137} INFO - [2023-01-21T12:48:10.267+0000] {dagbag.py:538} INFO - Filling up the DagBag from /home/airflow/.local/lib/python3.7/site-packages/airflow/example_dags/tutorial.py
[2023-01-21T12:48:10.288+0000] {processor.py:753} INFO - DAG(s) dict_keys(['tutorial']) retrieved from /home/airflow/.local/lib/python3.7/site-packages/airflow/example_dags/tutorial.py
[2023-01-21T12:48:10.338+0000] {logging_mixin.py:137} INFO - [2023-01-21T12:48:10.338+0000] {dag.py:2676} INFO - Sync 1 DAGs
[2023-01-21T12:48:10.369+0000] {logging_mixin.py:137} INFO - [2023-01-21T12:48:10.369+0000] {dag.py:3427} INFO - Setting next_dagrun for tutorial to 2023-01-20T12:48:10.368861+00:00, run_after=2023-01-21T12:48:10.368861+00:00
[2023-01-21T12:48:10.399+0000] {processor.py:175} INFO - Processing /home/airflow/.local/lib/python3.7/site-packages/airflow/example_dags/tutorial.py took 0.140 seconds
