[2023-01-25T20:14:17.103+0100] {processor.py:153} INFO - Started process (PID=8577) to work on /home/manu/airflow/dags/hello_world.py
[2023-01-25T20:14:17.104+0100] {processor.py:743} INFO - Processing file /home/manu/airflow/dags/hello_world.py for tasks to queue
[2023-01-25T20:14:17.105+0100] {logging_mixin.py:137} INFO - [2023-01-25T20:14:17.105+0100] {dagbag.py:538} INFO - Filling up the DagBag from /home/manu/airflow/dags/hello_world.py
[2023-01-25T20:14:17.121+0100] {processor.py:753} INFO - DAG(s) dict_keys(['hello_world']) retrieved from /home/manu/airflow/dags/hello_world.py
[2023-01-25T20:14:17.134+0100] {logging_mixin.py:137} INFO - [2023-01-25T20:14:17.134+0100] {dag.py:2690} INFO - Sync 1 DAGs
[2023-01-25T20:14:17.151+0100] {logging_mixin.py:137} INFO - [2023-01-25T20:14:17.151+0100] {dag.py:3437} INFO - Setting next_dagrun for hello_world to 2023-01-24T12:00:00+00:00, run_after=2023-01-25T12:00:00+00:00
[2023-01-25T20:14:17.173+0100] {processor.py:175} INFO - Processing /home/manu/airflow/dags/hello_world.py took 0.072 seconds
[2023-01-25T20:14:48.250+0100] {processor.py:153} INFO - Started process (PID=8916) to work on /home/manu/airflow/dags/hello_world.py
[2023-01-25T20:14:48.250+0100] {processor.py:743} INFO - Processing file /home/manu/airflow/dags/hello_world.py for tasks to queue
[2023-01-25T20:14:48.251+0100] {logging_mixin.py:137} INFO - [2023-01-25T20:14:48.251+0100] {dagbag.py:538} INFO - Filling up the DagBag from /home/manu/airflow/dags/hello_world.py
[2023-01-25T20:14:48.270+0100] {processor.py:753} INFO - DAG(s) dict_keys(['hello_world']) retrieved from /home/manu/airflow/dags/hello_world.py
[2023-01-25T20:14:48.284+0100] {logging_mixin.py:137} INFO - [2023-01-25T20:14:48.284+0100] {dag.py:2690} INFO - Sync 1 DAGs
[2023-01-25T20:14:48.305+0100] {logging_mixin.py:137} INFO - [2023-01-25T20:14:48.305+0100] {dag.py:3437} INFO - Setting next_dagrun for hello_world to 2023-01-24T12:00:00+00:00, run_after=2023-01-25T12:00:00+00:00
[2023-01-25T20:14:48.328+0100] {processor.py:175} INFO - Processing /home/manu/airflow/dags/hello_world.py took 0.081 seconds
[2023-01-25T20:15:18.383+0100] {processor.py:153} INFO - Started process (PID=9239) to work on /home/manu/airflow/dags/hello_world.py
[2023-01-25T20:15:18.384+0100] {processor.py:743} INFO - Processing file /home/manu/airflow/dags/hello_world.py for tasks to queue
[2023-01-25T20:15:18.385+0100] {logging_mixin.py:137} INFO - [2023-01-25T20:15:18.385+0100] {dagbag.py:538} INFO - Filling up the DagBag from /home/manu/airflow/dags/hello_world.py
[2023-01-25T20:15:18.401+0100] {processor.py:753} INFO - DAG(s) dict_keys(['hello_world']) retrieved from /home/manu/airflow/dags/hello_world.py
[2023-01-25T20:15:18.415+0100] {logging_mixin.py:137} INFO - [2023-01-25T20:15:18.414+0100] {dag.py:2690} INFO - Sync 1 DAGs
[2023-01-25T20:15:18.433+0100] {logging_mixin.py:137} INFO - [2023-01-25T20:15:18.433+0100] {dag.py:3437} INFO - Setting next_dagrun for hello_world to 2023-01-24T12:00:00+00:00, run_after=2023-01-25T12:00:00+00:00
[2023-01-25T20:15:18.456+0100] {processor.py:175} INFO - Processing /home/manu/airflow/dags/hello_world.py took 0.076 seconds
[2023-01-25T20:15:48.609+0100] {processor.py:153} INFO - Started process (PID=9592) to work on /home/manu/airflow/dags/hello_world.py
[2023-01-25T20:15:48.610+0100] {processor.py:743} INFO - Processing file /home/manu/airflow/dags/hello_world.py for tasks to queue
[2023-01-25T20:15:48.611+0100] {logging_mixin.py:137} INFO - [2023-01-25T20:15:48.611+0100] {dagbag.py:538} INFO - Filling up the DagBag from /home/manu/airflow/dags/hello_world.py
[2023-01-25T20:15:48.626+0100] {processor.py:753} INFO - DAG(s) dict_keys(['hello_world']) retrieved from /home/manu/airflow/dags/hello_world.py
[2023-01-25T20:15:48.639+0100] {logging_mixin.py:137} INFO - [2023-01-25T20:15:48.638+0100] {dag.py:2690} INFO - Sync 1 DAGs
[2023-01-25T20:15:48.659+0100] {logging_mixin.py:137} INFO - [2023-01-25T20:15:48.658+0100] {dag.py:3437} INFO - Setting next_dagrun for hello_world to 2023-01-24T12:00:00+00:00, run_after=2023-01-25T12:00:00+00:00
[2023-01-25T20:15:48.682+0100] {processor.py:175} INFO - Processing /home/manu/airflow/dags/hello_world.py took 0.076 seconds
[2023-01-25T20:16:18.931+0100] {processor.py:153} INFO - Started process (PID=9937) to work on /home/manu/airflow/dags/hello_world.py
[2023-01-25T20:16:18.932+0100] {processor.py:743} INFO - Processing file /home/manu/airflow/dags/hello_world.py for tasks to queue
[2023-01-25T20:16:18.933+0100] {logging_mixin.py:137} INFO - [2023-01-25T20:16:18.933+0100] {dagbag.py:538} INFO - Filling up the DagBag from /home/manu/airflow/dags/hello_world.py
[2023-01-25T20:16:18.947+0100] {processor.py:753} INFO - DAG(s) dict_keys(['hello_world']) retrieved from /home/manu/airflow/dags/hello_world.py
[2023-01-25T20:16:18.960+0100] {logging_mixin.py:137} INFO - [2023-01-25T20:16:18.960+0100] {dag.py:2690} INFO - Sync 1 DAGs
[2023-01-25T20:16:18.978+0100] {logging_mixin.py:137} INFO - [2023-01-25T20:16:18.978+0100] {dag.py:3437} INFO - Setting next_dagrun for hello_world to 2023-01-24T12:00:00+00:00, run_after=2023-01-25T12:00:00+00:00
[2023-01-25T20:16:19.004+0100] {processor.py:175} INFO - Processing /home/manu/airflow/dags/hello_world.py took 0.076 seconds
[2023-01-25T20:16:49.252+0100] {processor.py:153} INFO - Started process (PID=12009) to work on /home/manu/airflow/dags/hello_world.py
[2023-01-25T20:16:49.254+0100] {processor.py:743} INFO - Processing file /home/manu/airflow/dags/hello_world.py for tasks to queue
[2023-01-25T20:16:49.255+0100] {logging_mixin.py:137} INFO - [2023-01-25T20:16:49.254+0100] {dagbag.py:538} INFO - Filling up the DagBag from /home/manu/airflow/dags/hello_world.py
[2023-01-25T20:16:49.269+0100] {processor.py:753} INFO - DAG(s) dict_keys(['hello_world']) retrieved from /home/manu/airflow/dags/hello_world.py
[2023-01-25T20:16:49.282+0100] {logging_mixin.py:137} INFO - [2023-01-25T20:16:49.281+0100] {dag.py:2690} INFO - Sync 1 DAGs
[2023-01-25T20:16:49.301+0100] {logging_mixin.py:137} INFO - [2023-01-25T20:16:49.301+0100] {dag.py:3437} INFO - Setting next_dagrun for hello_world to 2023-01-24T12:00:00+00:00, run_after=2023-01-25T12:00:00+00:00
[2023-01-25T20:16:49.327+0100] {processor.py:175} INFO - Processing /home/manu/airflow/dags/hello_world.py took 0.078 seconds
[2023-01-25T20:17:19.523+0100] {processor.py:153} INFO - Started process (PID=12205) to work on /home/manu/airflow/dags/hello_world.py
[2023-01-25T20:17:19.525+0100] {processor.py:743} INFO - Processing file /home/manu/airflow/dags/hello_world.py for tasks to queue
[2023-01-25T20:17:19.526+0100] {logging_mixin.py:137} INFO - [2023-01-25T20:17:19.526+0100] {dagbag.py:538} INFO - Filling up the DagBag from /home/manu/airflow/dags/hello_world.py
[2023-01-25T20:17:19.540+0100] {processor.py:753} INFO - DAG(s) dict_keys(['hello_world']) retrieved from /home/manu/airflow/dags/hello_world.py
[2023-01-25T20:17:19.553+0100] {logging_mixin.py:137} INFO - [2023-01-25T20:17:19.553+0100] {dag.py:2690} INFO - Sync 1 DAGs
[2023-01-25T20:17:19.570+0100] {logging_mixin.py:137} INFO - [2023-01-25T20:17:19.570+0100] {dag.py:3437} INFO - Setting next_dagrun for hello_world to 2023-01-24T12:00:00+00:00, run_after=2023-01-25T12:00:00+00:00
[2023-01-25T20:17:19.593+0100] {processor.py:175} INFO - Processing /home/manu/airflow/dags/hello_world.py took 0.072 seconds
[2023-01-25T20:17:49.807+0100] {processor.py:153} INFO - Started process (PID=12366) to work on /home/manu/airflow/dags/hello_world.py
[2023-01-25T20:17:49.808+0100] {processor.py:743} INFO - Processing file /home/manu/airflow/dags/hello_world.py for tasks to queue
[2023-01-25T20:17:49.809+0100] {logging_mixin.py:137} INFO - [2023-01-25T20:17:49.809+0100] {dagbag.py:538} INFO - Filling up the DagBag from /home/manu/airflow/dags/hello_world.py
[2023-01-25T20:17:49.823+0100] {processor.py:753} INFO - DAG(s) dict_keys(['hello_world']) retrieved from /home/manu/airflow/dags/hello_world.py
[2023-01-25T20:17:49.837+0100] {logging_mixin.py:137} INFO - [2023-01-25T20:17:49.837+0100] {dag.py:2690} INFO - Sync 1 DAGs
[2023-01-25T20:17:49.858+0100] {logging_mixin.py:137} INFO - [2023-01-25T20:17:49.858+0100] {dag.py:3437} INFO - Setting next_dagrun for hello_world to 2023-01-24T12:00:00+00:00, run_after=2023-01-25T12:00:00+00:00
[2023-01-25T20:17:49.885+0100] {processor.py:175} INFO - Processing /home/manu/airflow/dags/hello_world.py took 0.080 seconds
[2023-01-25T20:18:20.079+0100] {processor.py:153} INFO - Started process (PID=12543) to work on /home/manu/airflow/dags/hello_world.py
[2023-01-25T20:18:20.080+0100] {processor.py:743} INFO - Processing file /home/manu/airflow/dags/hello_world.py for tasks to queue
[2023-01-25T20:18:20.081+0100] {logging_mixin.py:137} INFO - [2023-01-25T20:18:20.081+0100] {dagbag.py:538} INFO - Filling up the DagBag from /home/manu/airflow/dags/hello_world.py
[2023-01-25T20:18:20.097+0100] {processor.py:753} INFO - DAG(s) dict_keys(['hello_world']) retrieved from /home/manu/airflow/dags/hello_world.py
[2023-01-25T20:18:20.111+0100] {logging_mixin.py:137} INFO - [2023-01-25T20:18:20.111+0100] {dag.py:2690} INFO - Sync 1 DAGs
[2023-01-25T20:18:20.129+0100] {logging_mixin.py:137} INFO - [2023-01-25T20:18:20.129+0100] {dag.py:3437} INFO - Setting next_dagrun for hello_world to 2023-01-24T12:00:00+00:00, run_after=2023-01-25T12:00:00+00:00
[2023-01-25T20:18:20.152+0100] {processor.py:175} INFO - Processing /home/manu/airflow/dags/hello_world.py took 0.075 seconds
[2023-01-25T20:18:50.352+0100] {processor.py:153} INFO - Started process (PID=12726) to work on /home/manu/airflow/dags/hello_world.py
[2023-01-25T20:18:50.354+0100] {processor.py:743} INFO - Processing file /home/manu/airflow/dags/hello_world.py for tasks to queue
[2023-01-25T20:18:50.355+0100] {logging_mixin.py:137} INFO - [2023-01-25T20:18:50.355+0100] {dagbag.py:538} INFO - Filling up the DagBag from /home/manu/airflow/dags/hello_world.py
[2023-01-25T20:18:50.368+0100] {processor.py:753} INFO - DAG(s) dict_keys(['hello_world']) retrieved from /home/manu/airflow/dags/hello_world.py
[2023-01-25T20:18:50.381+0100] {logging_mixin.py:137} INFO - [2023-01-25T20:18:50.381+0100] {dag.py:2690} INFO - Sync 1 DAGs
[2023-01-25T20:18:50.399+0100] {logging_mixin.py:137} INFO - [2023-01-25T20:18:50.398+0100] {dag.py:3437} INFO - Setting next_dagrun for hello_world to 2023-01-24T12:00:00+00:00, run_after=2023-01-25T12:00:00+00:00
[2023-01-25T20:18:50.420+0100] {processor.py:175} INFO - Processing /home/manu/airflow/dags/hello_world.py took 0.070 seconds
[2023-01-25T20:19:20.749+0100] {processor.py:153} INFO - Started process (PID=12772) to work on /home/manu/airflow/dags/hello_world.py
[2023-01-25T20:19:20.751+0100] {processor.py:743} INFO - Processing file /home/manu/airflow/dags/hello_world.py for tasks to queue
[2023-01-25T20:19:20.751+0100] {logging_mixin.py:137} INFO - [2023-01-25T20:19:20.751+0100] {dagbag.py:538} INFO - Filling up the DagBag from /home/manu/airflow/dags/hello_world.py
[2023-01-25T20:19:20.764+0100] {processor.py:753} INFO - DAG(s) dict_keys(['hello_world']) retrieved from /home/manu/airflow/dags/hello_world.py
[2023-01-25T20:19:20.777+0100] {logging_mixin.py:137} INFO - [2023-01-25T20:19:20.777+0100] {dag.py:2690} INFO - Sync 1 DAGs
[2023-01-25T20:19:20.797+0100] {logging_mixin.py:137} INFO - [2023-01-25T20:19:20.797+0100] {dag.py:3437} INFO - Setting next_dagrun for hello_world to 2023-01-24T12:00:00+00:00, run_after=2023-01-25T12:00:00+00:00
[2023-01-25T20:19:20.822+0100] {processor.py:175} INFO - Processing /home/manu/airflow/dags/hello_world.py took 0.076 seconds
[2023-01-25T20:19:51.034+0100] {processor.py:153} INFO - Started process (PID=12779) to work on /home/manu/airflow/dags/hello_world.py
[2023-01-25T20:19:51.035+0100] {processor.py:743} INFO - Processing file /home/manu/airflow/dags/hello_world.py for tasks to queue
[2023-01-25T20:19:51.036+0100] {logging_mixin.py:137} INFO - [2023-01-25T20:19:51.036+0100] {dagbag.py:538} INFO - Filling up the DagBag from /home/manu/airflow/dags/hello_world.py
[2023-01-25T20:19:51.050+0100] {processor.py:753} INFO - DAG(s) dict_keys(['hello_world']) retrieved from /home/manu/airflow/dags/hello_world.py
[2023-01-25T20:19:51.063+0100] {logging_mixin.py:137} INFO - [2023-01-25T20:19:51.063+0100] {dag.py:2690} INFO - Sync 1 DAGs
[2023-01-25T20:19:51.083+0100] {logging_mixin.py:137} INFO - [2023-01-25T20:19:51.083+0100] {dag.py:3437} INFO - Setting next_dagrun for hello_world to 2023-01-24T12:00:00+00:00, run_after=2023-01-25T12:00:00+00:00
[2023-01-25T20:19:51.106+0100] {processor.py:175} INFO - Processing /home/manu/airflow/dags/hello_world.py took 0.076 seconds
[2023-01-25T20:20:21.370+0100] {processor.py:153} INFO - Started process (PID=12819) to work on /home/manu/airflow/dags/hello_world.py
[2023-01-25T20:20:21.371+0100] {processor.py:743} INFO - Processing file /home/manu/airflow/dags/hello_world.py for tasks to queue
[2023-01-25T20:20:21.372+0100] {logging_mixin.py:137} INFO - [2023-01-25T20:20:21.372+0100] {dagbag.py:538} INFO - Filling up the DagBag from /home/manu/airflow/dags/hello_world.py
[2023-01-25T20:20:21.387+0100] {processor.py:753} INFO - DAG(s) dict_keys(['hello_world']) retrieved from /home/manu/airflow/dags/hello_world.py
[2023-01-25T20:20:21.401+0100] {logging_mixin.py:137} INFO - [2023-01-25T20:20:21.400+0100] {dag.py:2690} INFO - Sync 1 DAGs
[2023-01-25T20:20:21.420+0100] {logging_mixin.py:137} INFO - [2023-01-25T20:20:21.419+0100] {dag.py:3437} INFO - Setting next_dagrun for hello_world to 2023-01-24T12:00:00+00:00, run_after=2023-01-25T12:00:00+00:00
[2023-01-25T20:20:21.443+0100] {processor.py:175} INFO - Processing /home/manu/airflow/dags/hello_world.py took 0.075 seconds
[2023-01-25T20:20:51.669+0100] {processor.py:153} INFO - Started process (PID=12825) to work on /home/manu/airflow/dags/hello_world.py
[2023-01-25T20:20:51.670+0100] {processor.py:743} INFO - Processing file /home/manu/airflow/dags/hello_world.py for tasks to queue
[2023-01-25T20:20:51.670+0100] {logging_mixin.py:137} INFO - [2023-01-25T20:20:51.670+0100] {dagbag.py:538} INFO - Filling up the DagBag from /home/manu/airflow/dags/hello_world.py
[2023-01-25T20:20:51.685+0100] {processor.py:753} INFO - DAG(s) dict_keys(['hello_world']) retrieved from /home/manu/airflow/dags/hello_world.py
[2023-01-25T20:20:51.699+0100] {logging_mixin.py:137} INFO - [2023-01-25T20:20:51.698+0100] {dag.py:2690} INFO - Sync 1 DAGs
[2023-01-25T20:20:51.719+0100] {logging_mixin.py:137} INFO - [2023-01-25T20:20:51.719+0100] {dag.py:3437} INFO - Setting next_dagrun for hello_world to 2023-01-24T12:00:00+00:00, run_after=2023-01-25T12:00:00+00:00
[2023-01-25T20:20:51.741+0100] {processor.py:175} INFO - Processing /home/manu/airflow/dags/hello_world.py took 0.075 seconds
[2023-01-25T20:21:21.945+0100] {processor.py:153} INFO - Started process (PID=12828) to work on /home/manu/airflow/dags/hello_world.py
[2023-01-25T20:21:21.946+0100] {processor.py:743} INFO - Processing file /home/manu/airflow/dags/hello_world.py for tasks to queue
[2023-01-25T20:21:21.947+0100] {logging_mixin.py:137} INFO - [2023-01-25T20:21:21.946+0100] {dagbag.py:538} INFO - Filling up the DagBag from /home/manu/airflow/dags/hello_world.py
[2023-01-25T20:21:21.961+0100] {processor.py:753} INFO - DAG(s) dict_keys(['hello_world']) retrieved from /home/manu/airflow/dags/hello_world.py
[2023-01-25T20:21:21.975+0100] {logging_mixin.py:137} INFO - [2023-01-25T20:21:21.975+0100] {dag.py:2690} INFO - Sync 1 DAGs
[2023-01-25T20:21:21.995+0100] {logging_mixin.py:137} INFO - [2023-01-25T20:21:21.995+0100] {dag.py:3437} INFO - Setting next_dagrun for hello_world to 2023-01-24T12:00:00+00:00, run_after=2023-01-25T12:00:00+00:00
[2023-01-25T20:21:22.019+0100] {processor.py:175} INFO - Processing /home/manu/airflow/dags/hello_world.py took 0.077 seconds
[2023-01-25T20:21:52.248+0100] {processor.py:153} INFO - Started process (PID=12834) to work on /home/manu/airflow/dags/hello_world.py
[2023-01-25T20:21:52.249+0100] {processor.py:743} INFO - Processing file /home/manu/airflow/dags/hello_world.py for tasks to queue
[2023-01-25T20:21:52.250+0100] {logging_mixin.py:137} INFO - [2023-01-25T20:21:52.250+0100] {dagbag.py:538} INFO - Filling up the DagBag from /home/manu/airflow/dags/hello_world.py
[2023-01-25T20:21:52.265+0100] {processor.py:753} INFO - DAG(s) dict_keys(['hello_world']) retrieved from /home/manu/airflow/dags/hello_world.py
[2023-01-25T20:21:52.278+0100] {logging_mixin.py:137} INFO - [2023-01-25T20:21:52.278+0100] {dag.py:2690} INFO - Sync 1 DAGs
[2023-01-25T20:21:52.298+0100] {logging_mixin.py:137} INFO - [2023-01-25T20:21:52.298+0100] {dag.py:3437} INFO - Setting next_dagrun for hello_world to 2023-01-24T12:00:00+00:00, run_after=2023-01-25T12:00:00+00:00
[2023-01-25T20:21:52.325+0100] {processor.py:175} INFO - Processing /home/manu/airflow/dags/hello_world.py took 0.081 seconds
[2023-01-25T20:22:22.526+0100] {processor.py:153} INFO - Started process (PID=12837) to work on /home/manu/airflow/dags/hello_world.py
[2023-01-25T20:22:22.527+0100] {processor.py:743} INFO - Processing file /home/manu/airflow/dags/hello_world.py for tasks to queue
[2023-01-25T20:22:22.528+0100] {logging_mixin.py:137} INFO - [2023-01-25T20:22:22.528+0100] {dagbag.py:538} INFO - Filling up the DagBag from /home/manu/airflow/dags/hello_world.py
[2023-01-25T20:22:22.543+0100] {processor.py:753} INFO - DAG(s) dict_keys(['hello_world']) retrieved from /home/manu/airflow/dags/hello_world.py
[2023-01-25T20:22:22.557+0100] {logging_mixin.py:137} INFO - [2023-01-25T20:22:22.557+0100] {dag.py:2690} INFO - Sync 1 DAGs
[2023-01-25T20:22:22.576+0100] {logging_mixin.py:137} INFO - [2023-01-25T20:22:22.576+0100] {dag.py:3437} INFO - Setting next_dagrun for hello_world to 2023-01-24T12:00:00+00:00, run_after=2023-01-25T12:00:00+00:00
[2023-01-25T20:22:22.600+0100] {processor.py:175} INFO - Processing /home/manu/airflow/dags/hello_world.py took 0.076 seconds
[2023-01-25T20:22:52.856+0100] {processor.py:153} INFO - Started process (PID=12848) to work on /home/manu/airflow/dags/hello_world.py
[2023-01-25T20:22:52.858+0100] {processor.py:743} INFO - Processing file /home/manu/airflow/dags/hello_world.py for tasks to queue
[2023-01-25T20:22:52.859+0100] {logging_mixin.py:137} INFO - [2023-01-25T20:22:52.859+0100] {dagbag.py:538} INFO - Filling up the DagBag from /home/manu/airflow/dags/hello_world.py
[2023-01-25T20:22:52.877+0100] {processor.py:753} INFO - DAG(s) dict_keys(['hello_world']) retrieved from /home/manu/airflow/dags/hello_world.py
[2023-01-25T20:22:52.894+0100] {logging_mixin.py:137} INFO - [2023-01-25T20:22:52.894+0100] {dag.py:2690} INFO - Sync 1 DAGs
[2023-01-25T20:22:52.913+0100] {logging_mixin.py:137} INFO - [2023-01-25T20:22:52.913+0100] {dag.py:3437} INFO - Setting next_dagrun for hello_world to 2023-01-24T12:00:00+00:00, run_after=2023-01-25T12:00:00+00:00
[2023-01-25T20:22:52.935+0100] {processor.py:175} INFO - Processing /home/manu/airflow/dags/hello_world.py took 0.082 seconds
[2023-01-25T20:23:23.126+0100] {processor.py:153} INFO - Started process (PID=12853) to work on /home/manu/airflow/dags/hello_world.py
[2023-01-25T20:23:23.128+0100] {processor.py:743} INFO - Processing file /home/manu/airflow/dags/hello_world.py for tasks to queue
[2023-01-25T20:23:23.128+0100] {logging_mixin.py:137} INFO - [2023-01-25T20:23:23.128+0100] {dagbag.py:538} INFO - Filling up the DagBag from /home/manu/airflow/dags/hello_world.py
[2023-01-25T20:23:23.141+0100] {processor.py:753} INFO - DAG(s) dict_keys(['hello_world']) retrieved from /home/manu/airflow/dags/hello_world.py
[2023-01-25T20:23:23.155+0100] {logging_mixin.py:137} INFO - [2023-01-25T20:23:23.155+0100] {dag.py:2690} INFO - Sync 1 DAGs
[2023-01-25T20:23:23.172+0100] {logging_mixin.py:137} INFO - [2023-01-25T20:23:23.172+0100] {dag.py:3437} INFO - Setting next_dagrun for hello_world to 2023-01-24T12:00:00+00:00, run_after=2023-01-25T12:00:00+00:00
[2023-01-25T20:23:23.194+0100] {processor.py:175} INFO - Processing /home/manu/airflow/dags/hello_world.py took 0.070 seconds
[2023-01-25T20:23:53.414+0100] {processor.py:153} INFO - Started process (PID=12859) to work on /home/manu/airflow/dags/hello_world.py
[2023-01-25T20:23:53.415+0100] {processor.py:743} INFO - Processing file /home/manu/airflow/dags/hello_world.py for tasks to queue
[2023-01-25T20:23:53.416+0100] {logging_mixin.py:137} INFO - [2023-01-25T20:23:53.416+0100] {dagbag.py:538} INFO - Filling up the DagBag from /home/manu/airflow/dags/hello_world.py
[2023-01-25T20:23:53.430+0100] {processor.py:753} INFO - DAG(s) dict_keys(['hello_world']) retrieved from /home/manu/airflow/dags/hello_world.py
[2023-01-25T20:23:53.443+0100] {logging_mixin.py:137} INFO - [2023-01-25T20:23:53.443+0100] {dag.py:2690} INFO - Sync 1 DAGs
[2023-01-25T20:23:53.465+0100] {logging_mixin.py:137} INFO - [2023-01-25T20:23:53.465+0100] {dag.py:3437} INFO - Setting next_dagrun for hello_world to 2023-01-24T12:00:00+00:00, run_after=2023-01-25T12:00:00+00:00
[2023-01-25T20:23:53.488+0100] {processor.py:175} INFO - Processing /home/manu/airflow/dags/hello_world.py took 0.076 seconds
[2023-01-25T20:24:23.695+0100] {processor.py:153} INFO - Started process (PID=12862) to work on /home/manu/airflow/dags/hello_world.py
[2023-01-25T20:24:23.696+0100] {processor.py:743} INFO - Processing file /home/manu/airflow/dags/hello_world.py for tasks to queue
[2023-01-25T20:24:23.697+0100] {logging_mixin.py:137} INFO - [2023-01-25T20:24:23.697+0100] {dagbag.py:538} INFO - Filling up the DagBag from /home/manu/airflow/dags/hello_world.py
[2023-01-25T20:24:23.710+0100] {processor.py:753} INFO - DAG(s) dict_keys(['hello_world']) retrieved from /home/manu/airflow/dags/hello_world.py
[2023-01-25T20:24:23.723+0100] {logging_mixin.py:137} INFO - [2023-01-25T20:24:23.723+0100] {dag.py:2690} INFO - Sync 1 DAGs
[2023-01-25T20:24:23.743+0100] {logging_mixin.py:137} INFO - [2023-01-25T20:24:23.742+0100] {dag.py:3437} INFO - Setting next_dagrun for hello_world to 2023-01-24T12:00:00+00:00, run_after=2023-01-25T12:00:00+00:00
[2023-01-25T20:24:23.766+0100] {processor.py:175} INFO - Processing /home/manu/airflow/dags/hello_world.py took 0.073 seconds
[2023-01-25T20:24:53.970+0100] {processor.py:153} INFO - Started process (PID=12868) to work on /home/manu/airflow/dags/hello_world.py
[2023-01-25T20:24:53.971+0100] {processor.py:743} INFO - Processing file /home/manu/airflow/dags/hello_world.py for tasks to queue
[2023-01-25T20:24:53.972+0100] {logging_mixin.py:137} INFO - [2023-01-25T20:24:53.972+0100] {dagbag.py:538} INFO - Filling up the DagBag from /home/manu/airflow/dags/hello_world.py
[2023-01-25T20:24:53.986+0100] {processor.py:753} INFO - DAG(s) dict_keys(['hello_world']) retrieved from /home/manu/airflow/dags/hello_world.py
[2023-01-25T20:24:53.999+0100] {logging_mixin.py:137} INFO - [2023-01-25T20:24:53.999+0100] {dag.py:2690} INFO - Sync 1 DAGs
[2023-01-25T20:24:54.019+0100] {logging_mixin.py:137} INFO - [2023-01-25T20:24:54.018+0100] {dag.py:3437} INFO - Setting next_dagrun for hello_world to 2023-01-24T12:00:00+00:00, run_after=2023-01-25T12:00:00+00:00
[2023-01-25T20:24:54.039+0100] {processor.py:175} INFO - Processing /home/manu/airflow/dags/hello_world.py took 0.072 seconds
[2023-01-25T20:25:24.249+0100] {processor.py:153} INFO - Started process (PID=12871) to work on /home/manu/airflow/dags/hello_world.py
[2023-01-25T20:25:24.249+0100] {processor.py:743} INFO - Processing file /home/manu/airflow/dags/hello_world.py for tasks to queue
[2023-01-25T20:25:24.250+0100] {logging_mixin.py:137} INFO - [2023-01-25T20:25:24.250+0100] {dagbag.py:538} INFO - Filling up the DagBag from /home/manu/airflow/dags/hello_world.py
[2023-01-25T20:25:24.265+0100] {processor.py:753} INFO - DAG(s) dict_keys(['hello_world']) retrieved from /home/manu/airflow/dags/hello_world.py
[2023-01-25T20:25:24.278+0100] {logging_mixin.py:137} INFO - [2023-01-25T20:25:24.278+0100] {dag.py:2690} INFO - Sync 1 DAGs
[2023-01-25T20:25:24.297+0100] {logging_mixin.py:137} INFO - [2023-01-25T20:25:24.297+0100] {dag.py:3437} INFO - Setting next_dagrun for hello_world to 2023-01-24T12:00:00+00:00, run_after=2023-01-25T12:00:00+00:00
[2023-01-25T20:25:24.320+0100] {processor.py:175} INFO - Processing /home/manu/airflow/dags/hello_world.py took 0.074 seconds
[2023-01-25T20:25:54.538+0100] {processor.py:153} INFO - Started process (PID=12877) to work on /home/manu/airflow/dags/hello_world.py
[2023-01-25T20:25:54.540+0100] {processor.py:743} INFO - Processing file /home/manu/airflow/dags/hello_world.py for tasks to queue
[2023-01-25T20:25:54.541+0100] {logging_mixin.py:137} INFO - [2023-01-25T20:25:54.540+0100] {dagbag.py:538} INFO - Filling up the DagBag from /home/manu/airflow/dags/hello_world.py
[2023-01-25T20:25:54.554+0100] {processor.py:753} INFO - DAG(s) dict_keys(['hello_world']) retrieved from /home/manu/airflow/dags/hello_world.py
[2023-01-25T20:25:54.568+0100] {logging_mixin.py:137} INFO - [2023-01-25T20:25:54.567+0100] {dag.py:2690} INFO - Sync 1 DAGs
[2023-01-25T20:25:54.585+0100] {logging_mixin.py:137} INFO - [2023-01-25T20:25:54.584+0100] {dag.py:3437} INFO - Setting next_dagrun for hello_world to 2023-01-24T12:00:00+00:00, run_after=2023-01-25T12:00:00+00:00
[2023-01-25T20:25:54.611+0100] {processor.py:175} INFO - Processing /home/manu/airflow/dags/hello_world.py took 0.075 seconds
[2023-01-25T20:26:26.647+0100] {processor.py:153} INFO - Started process (PID=12886) to work on /home/manu/airflow/dags/hello_world.py
[2023-01-25T20:26:26.647+0100] {processor.py:743} INFO - Processing file /home/manu/airflow/dags/hello_world.py for tasks to queue
[2023-01-25T20:26:26.648+0100] {logging_mixin.py:137} INFO - [2023-01-25T20:26:26.648+0100] {dagbag.py:538} INFO - Filling up the DagBag from /home/manu/airflow/dags/hello_world.py
[2023-01-25T20:26:26.665+0100] {processor.py:753} INFO - DAG(s) dict_keys(['hello_world']) retrieved from /home/manu/airflow/dags/hello_world.py
[2023-01-25T20:26:26.678+0100] {logging_mixin.py:137} INFO - [2023-01-25T20:26:26.678+0100] {dag.py:2690} INFO - Sync 1 DAGs
[2023-01-25T20:26:26.696+0100] {logging_mixin.py:137} INFO - [2023-01-25T20:26:26.696+0100] {dag.py:3437} INFO - Setting next_dagrun for hello_world to 2023-01-24T12:00:00+00:00, run_after=2023-01-25T12:00:00+00:00
[2023-01-25T20:26:26.717+0100] {processor.py:175} INFO - Processing /home/manu/airflow/dags/hello_world.py took 0.074 seconds
[2023-01-25T20:27:02.135+0100] {processor.py:153} INFO - Started process (PID=13129) to work on /home/manu/airflow/dags/hello_world.py
[2023-01-25T20:27:02.136+0100] {processor.py:743} INFO - Processing file /home/manu/airflow/dags/hello_world.py for tasks to queue
[2023-01-25T20:27:02.137+0100] {logging_mixin.py:137} INFO - [2023-01-25T20:27:02.137+0100] {dagbag.py:538} INFO - Filling up the DagBag from /home/manu/airflow/dags/hello_world.py
[2023-01-25T20:27:02.155+0100] {processor.py:753} INFO - DAG(s) dict_keys(['hello_world']) retrieved from /home/manu/airflow/dags/hello_world.py
[2023-01-25T20:27:02.169+0100] {logging_mixin.py:137} INFO - [2023-01-25T20:27:02.169+0100] {dag.py:2690} INFO - Sync 1 DAGs
[2023-01-25T20:27:02.190+0100] {logging_mixin.py:137} INFO - [2023-01-25T20:27:02.190+0100] {dag.py:3437} INFO - Setting next_dagrun for hello_world to 2023-01-24T12:00:00+00:00, run_after=2023-01-25T12:00:00+00:00
[2023-01-25T20:27:02.214+0100] {processor.py:175} INFO - Processing /home/manu/airflow/dags/hello_world.py took 0.082 seconds
[2023-01-25T20:27:34.222+0100] {processor.py:153} INFO - Started process (PID=13287) to work on /home/manu/airflow/dags/hello_world.py
[2023-01-25T20:27:34.223+0100] {processor.py:743} INFO - Processing file /home/manu/airflow/dags/hello_world.py for tasks to queue
[2023-01-25T20:27:34.224+0100] {logging_mixin.py:137} INFO - [2023-01-25T20:27:34.224+0100] {dagbag.py:538} INFO - Filling up the DagBag from /home/manu/airflow/dags/hello_world.py
[2023-01-25T20:27:34.239+0100] {processor.py:753} INFO - DAG(s) dict_keys(['hello_world']) retrieved from /home/manu/airflow/dags/hello_world.py
[2023-01-25T20:27:34.253+0100] {logging_mixin.py:137} INFO - [2023-01-25T20:27:34.252+0100] {dag.py:2690} INFO - Sync 1 DAGs
[2023-01-25T20:27:34.271+0100] {logging_mixin.py:137} INFO - [2023-01-25T20:27:34.271+0100] {dag.py:3437} INFO - Setting next_dagrun for hello_world to 2023-01-24T12:00:00+00:00, run_after=2023-01-25T12:00:00+00:00
[2023-01-25T20:27:34.295+0100] {processor.py:175} INFO - Processing /home/manu/airflow/dags/hello_world.py took 0.077 seconds
[2023-01-25T20:28:04.915+0100] {processor.py:153} INFO - Started process (PID=13330) to work on /home/manu/airflow/dags/hello_world.py
[2023-01-25T20:28:04.916+0100] {processor.py:743} INFO - Processing file /home/manu/airflow/dags/hello_world.py for tasks to queue
[2023-01-25T20:28:04.917+0100] {logging_mixin.py:137} INFO - [2023-01-25T20:28:04.917+0100] {dagbag.py:538} INFO - Filling up the DagBag from /home/manu/airflow/dags/hello_world.py
[2023-01-25T20:28:04.930+0100] {processor.py:753} INFO - DAG(s) dict_keys(['hello_world']) retrieved from /home/manu/airflow/dags/hello_world.py
[2023-01-25T20:28:04.943+0100] {logging_mixin.py:137} INFO - [2023-01-25T20:28:04.943+0100] {dag.py:2690} INFO - Sync 1 DAGs
[2023-01-25T20:28:04.963+0100] {logging_mixin.py:137} INFO - [2023-01-25T20:28:04.963+0100] {dag.py:3437} INFO - Setting next_dagrun for hello_world to 2023-01-24T12:00:00+00:00, run_after=2023-01-25T12:00:00+00:00
[2023-01-25T20:28:04.985+0100] {processor.py:175} INFO - Processing /home/manu/airflow/dags/hello_world.py took 0.072 seconds
[2023-01-25T20:28:36.563+0100] {processor.py:153} INFO - Started process (PID=13432) to work on /home/manu/airflow/dags/hello_world.py
[2023-01-25T20:28:36.565+0100] {processor.py:743} INFO - Processing file /home/manu/airflow/dags/hello_world.py for tasks to queue
[2023-01-25T20:28:36.565+0100] {logging_mixin.py:137} INFO - [2023-01-25T20:28:36.565+0100] {dagbag.py:538} INFO - Filling up the DagBag from /home/manu/airflow/dags/hello_world.py
[2023-01-25T20:28:36.580+0100] {processor.py:753} INFO - DAG(s) dict_keys(['hello_world']) retrieved from /home/manu/airflow/dags/hello_world.py
[2023-01-25T20:28:36.594+0100] {logging_mixin.py:137} INFO - [2023-01-25T20:28:36.594+0100] {dag.py:2690} INFO - Sync 1 DAGs
[2023-01-25T20:28:36.613+0100] {logging_mixin.py:137} INFO - [2023-01-25T20:28:36.612+0100] {dag.py:3437} INFO - Setting next_dagrun for hello_world to 2023-01-24T12:00:00+00:00, run_after=2023-01-25T12:00:00+00:00
[2023-01-25T20:28:36.719+0100] {processor.py:175} INFO - Processing /home/manu/airflow/dags/hello_world.py took 0.159 seconds
[2023-01-25T20:29:09.147+0100] {processor.py:153} INFO - Started process (PID=13466) to work on /home/manu/airflow/dags/hello_world.py
[2023-01-25T20:29:09.147+0100] {processor.py:743} INFO - Processing file /home/manu/airflow/dags/hello_world.py for tasks to queue
[2023-01-25T20:29:09.148+0100] {logging_mixin.py:137} INFO - [2023-01-25T20:29:09.148+0100] {dagbag.py:538} INFO - Filling up the DagBag from /home/manu/airflow/dags/hello_world.py
[2023-01-25T20:29:09.162+0100] {processor.py:753} INFO - DAG(s) dict_keys(['hello_world']) retrieved from /home/manu/airflow/dags/hello_world.py
[2023-01-25T20:29:09.175+0100] {logging_mixin.py:137} INFO - [2023-01-25T20:29:09.174+0100] {dag.py:2690} INFO - Sync 1 DAGs
[2023-01-25T20:29:09.193+0100] {logging_mixin.py:137} INFO - [2023-01-25T20:29:09.193+0100] {dag.py:3437} INFO - Setting next_dagrun for hello_world to 2023-01-24T12:00:00+00:00, run_after=2023-01-25T12:00:00+00:00
[2023-01-25T20:29:09.300+0100] {processor.py:175} INFO - Processing /home/manu/airflow/dags/hello_world.py took 0.156 seconds
[2023-01-25T20:29:40.938+0100] {processor.py:153} INFO - Started process (PID=13495) to work on /home/manu/airflow/dags/hello_world.py
[2023-01-25T20:29:40.939+0100] {processor.py:743} INFO - Processing file /home/manu/airflow/dags/hello_world.py for tasks to queue
[2023-01-25T20:29:40.940+0100] {logging_mixin.py:137} INFO - [2023-01-25T20:29:40.940+0100] {dagbag.py:538} INFO - Filling up the DagBag from /home/manu/airflow/dags/hello_world.py
[2023-01-25T20:29:40.954+0100] {processor.py:753} INFO - DAG(s) dict_keys(['hello_world']) retrieved from /home/manu/airflow/dags/hello_world.py
[2023-01-25T20:29:40.968+0100] {logging_mixin.py:137} INFO - [2023-01-25T20:29:40.967+0100] {dag.py:2690} INFO - Sync 1 DAGs
[2023-01-25T20:29:41.071+0100] {logging_mixin.py:137} INFO - [2023-01-25T20:29:41.071+0100] {dag.py:3437} INFO - Setting next_dagrun for hello_world to 2023-01-24T12:00:00+00:00, run_after=2023-01-25T12:00:00+00:00
[2023-01-25T20:29:41.097+0100] {processor.py:175} INFO - Processing /home/manu/airflow/dags/hello_world.py took 0.162 seconds
[2023-01-25T20:30:12.991+0100] {processor.py:153} INFO - Started process (PID=13522) to work on /home/manu/airflow/dags/hello_world.py
[2023-01-25T20:30:12.993+0100] {processor.py:743} INFO - Processing file /home/manu/airflow/dags/hello_world.py for tasks to queue
[2023-01-25T20:30:12.994+0100] {logging_mixin.py:137} INFO - [2023-01-25T20:30:12.994+0100] {dagbag.py:538} INFO - Filling up the DagBag from /home/manu/airflow/dags/hello_world.py
[2023-01-25T20:30:13.015+0100] {processor.py:753} INFO - DAG(s) dict_keys(['hello_world']) retrieved from /home/manu/airflow/dags/hello_world.py
[2023-01-25T20:30:13.039+0100] {logging_mixin.py:137} INFO - [2023-01-25T20:30:13.039+0100] {dag.py:2690} INFO - Sync 1 DAGs
[2023-01-25T20:30:13.181+0100] {logging_mixin.py:137} INFO - [2023-01-25T20:30:13.180+0100] {dag.py:3437} INFO - Setting next_dagrun for hello_world to 2023-01-24T12:00:00+00:00, run_after=2023-01-25T12:00:00+00:00
[2023-01-25T20:30:13.206+0100] {processor.py:175} INFO - Processing /home/manu/airflow/dags/hello_world.py took 0.220 seconds
[2023-01-25T20:30:45.843+0100] {processor.py:153} INFO - Started process (PID=13557) to work on /home/manu/airflow/dags/hello_world.py
[2023-01-25T20:30:45.844+0100] {processor.py:743} INFO - Processing file /home/manu/airflow/dags/hello_world.py for tasks to queue
[2023-01-25T20:30:45.844+0100] {logging_mixin.py:137} INFO - [2023-01-25T20:30:45.844+0100] {dagbag.py:538} INFO - Filling up the DagBag from /home/manu/airflow/dags/hello_world.py
[2023-01-25T20:30:45.857+0100] {processor.py:753} INFO - DAG(s) dict_keys(['hello_world']) retrieved from /home/manu/airflow/dags/hello_world.py
[2023-01-25T20:30:45.948+0100] {logging_mixin.py:137} INFO - [2023-01-25T20:30:45.948+0100] {dag.py:2690} INFO - Sync 1 DAGs
[2023-01-25T20:30:45.965+0100] {logging_mixin.py:137} INFO - [2023-01-25T20:30:45.965+0100] {dag.py:3437} INFO - Setting next_dagrun for hello_world to 2023-01-24T12:00:00+00:00, run_after=2023-01-25T12:00:00+00:00
[2023-01-25T20:30:45.986+0100] {processor.py:175} INFO - Processing /home/manu/airflow/dags/hello_world.py took 0.146 seconds
[2023-01-25T20:31:18.602+0100] {processor.py:153} INFO - Started process (PID=13602) to work on /home/manu/airflow/dags/hello_world.py
[2023-01-25T20:31:18.604+0100] {processor.py:743} INFO - Processing file /home/manu/airflow/dags/hello_world.py for tasks to queue
[2023-01-25T20:31:18.605+0100] {logging_mixin.py:137} INFO - [2023-01-25T20:31:18.604+0100] {dagbag.py:538} INFO - Filling up the DagBag from /home/manu/airflow/dags/hello_world.py
[2023-01-25T20:31:18.627+0100] {processor.py:753} INFO - DAG(s) dict_keys(['hello_world']) retrieved from /home/manu/airflow/dags/hello_world.py
[2023-01-25T20:31:18.645+0100] {logging_mixin.py:137} INFO - [2023-01-25T20:31:18.644+0100] {dag.py:2690} INFO - Sync 1 DAGs
[2023-01-25T20:31:18.671+0100] {logging_mixin.py:137} INFO - [2023-01-25T20:31:18.671+0100] {dag.py:3437} INFO - Setting next_dagrun for hello_world to 2023-01-24T12:00:00+00:00, run_after=2023-01-25T12:00:00+00:00
[2023-01-25T20:31:18.707+0100] {processor.py:175} INFO - Processing /home/manu/airflow/dags/hello_world.py took 0.110 seconds
[2023-01-25T20:31:51.428+0100] {processor.py:153} INFO - Started process (PID=13750) to work on /home/manu/airflow/dags/hello_world.py
[2023-01-25T20:31:51.429+0100] {processor.py:743} INFO - Processing file /home/manu/airflow/dags/hello_world.py for tasks to queue
[2023-01-25T20:31:51.429+0100] {logging_mixin.py:137} INFO - [2023-01-25T20:31:51.429+0100] {dagbag.py:538} INFO - Filling up the DagBag from /home/manu/airflow/dags/hello_world.py
[2023-01-25T20:31:51.444+0100] {processor.py:753} INFO - DAG(s) dict_keys(['hello_world']) retrieved from /home/manu/airflow/dags/hello_world.py
[2023-01-25T20:31:51.457+0100] {logging_mixin.py:137} INFO - [2023-01-25T20:31:51.457+0100] {dag.py:2690} INFO - Sync 1 DAGs
[2023-01-25T20:31:51.474+0100] {logging_mixin.py:137} INFO - [2023-01-25T20:31:51.474+0100] {dag.py:3437} INFO - Setting next_dagrun for hello_world to 2023-01-24T12:00:00+00:00, run_after=2023-01-25T12:00:00+00:00
[2023-01-25T20:31:51.496+0100] {processor.py:175} INFO - Processing /home/manu/airflow/dags/hello_world.py took 0.071 seconds
[2023-01-25T20:32:23.049+0100] {processor.py:153} INFO - Started process (PID=13931) to work on /home/manu/airflow/dags/hello_world.py
[2023-01-25T20:32:23.050+0100] {processor.py:743} INFO - Processing file /home/manu/airflow/dags/hello_world.py for tasks to queue
[2023-01-25T20:32:23.051+0100] {logging_mixin.py:137} INFO - [2023-01-25T20:32:23.051+0100] {dagbag.py:538} INFO - Filling up the DagBag from /home/manu/airflow/dags/hello_world.py
[2023-01-25T20:32:23.065+0100] {processor.py:753} INFO - DAG(s) dict_keys(['hello_world']) retrieved from /home/manu/airflow/dags/hello_world.py
[2023-01-25T20:32:23.079+0100] {logging_mixin.py:137} INFO - [2023-01-25T20:32:23.079+0100] {dag.py:2690} INFO - Sync 1 DAGs
[2023-01-25T20:32:23.099+0100] {logging_mixin.py:137} INFO - [2023-01-25T20:32:23.099+0100] {dag.py:3437} INFO - Setting next_dagrun for hello_world to 2023-01-24T12:00:00+00:00, run_after=2023-01-25T12:00:00+00:00
[2023-01-25T20:32:23.124+0100] {processor.py:175} INFO - Processing /home/manu/airflow/dags/hello_world.py took 0.079 seconds
[2023-01-25T20:32:54.624+0100] {processor.py:153} INFO - Started process (PID=13990) to work on /home/manu/airflow/dags/hello_world.py
[2023-01-25T20:32:54.625+0100] {processor.py:743} INFO - Processing file /home/manu/airflow/dags/hello_world.py for tasks to queue
[2023-01-25T20:32:54.625+0100] {logging_mixin.py:137} INFO - [2023-01-25T20:32:54.625+0100] {dagbag.py:538} INFO - Filling up the DagBag from /home/manu/airflow/dags/hello_world.py
[2023-01-25T20:32:54.638+0100] {processor.py:753} INFO - DAG(s) dict_keys(['hello_world']) retrieved from /home/manu/airflow/dags/hello_world.py
[2023-01-25T20:32:54.651+0100] {logging_mixin.py:137} INFO - [2023-01-25T20:32:54.651+0100] {dag.py:2690} INFO - Sync 1 DAGs
[2023-01-25T20:32:54.668+0100] {logging_mixin.py:137} INFO - [2023-01-25T20:32:54.668+0100] {dag.py:3437} INFO - Setting next_dagrun for hello_world to 2023-01-24T12:00:00+00:00, run_after=2023-01-25T12:00:00+00:00
[2023-01-25T20:32:54.691+0100] {processor.py:175} INFO - Processing /home/manu/airflow/dags/hello_world.py took 0.070 seconds
[2023-01-25T20:33:26.324+0100] {processor.py:153} INFO - Started process (PID=14058) to work on /home/manu/airflow/dags/hello_world.py
[2023-01-25T20:33:26.324+0100] {processor.py:743} INFO - Processing file /home/manu/airflow/dags/hello_world.py for tasks to queue
[2023-01-25T20:33:26.325+0100] {logging_mixin.py:137} INFO - [2023-01-25T20:33:26.325+0100] {dagbag.py:538} INFO - Filling up the DagBag from /home/manu/airflow/dags/hello_world.py
[2023-01-25T20:33:26.339+0100] {processor.py:753} INFO - DAG(s) dict_keys(['hello_world']) retrieved from /home/manu/airflow/dags/hello_world.py
[2023-01-25T20:33:26.353+0100] {logging_mixin.py:137} INFO - [2023-01-25T20:33:26.353+0100] {dag.py:2690} INFO - Sync 1 DAGs
[2023-01-25T20:33:26.372+0100] {logging_mixin.py:137} INFO - [2023-01-25T20:33:26.372+0100] {dag.py:3437} INFO - Setting next_dagrun for hello_world to 2023-01-24T12:00:00+00:00, run_after=2023-01-25T12:00:00+00:00
[2023-01-25T20:33:26.475+0100] {processor.py:175} INFO - Processing /home/manu/airflow/dags/hello_world.py took 0.154 seconds
[2023-01-25T20:33:58.741+0100] {processor.py:153} INFO - Started process (PID=14131) to work on /home/manu/airflow/dags/hello_world.py
[2023-01-25T20:33:58.744+0100] {processor.py:743} INFO - Processing file /home/manu/airflow/dags/hello_world.py for tasks to queue
[2023-01-25T20:33:58.745+0100] {logging_mixin.py:137} INFO - [2023-01-25T20:33:58.745+0100] {dagbag.py:538} INFO - Filling up the DagBag from /home/manu/airflow/dags/hello_world.py
[2023-01-25T20:33:58.767+0100] {processor.py:753} INFO - DAG(s) dict_keys(['hello_world']) retrieved from /home/manu/airflow/dags/hello_world.py
[2023-01-25T20:33:58.790+0100] {logging_mixin.py:137} INFO - [2023-01-25T20:33:58.790+0100] {dag.py:2690} INFO - Sync 1 DAGs
[2023-01-25T20:33:58.904+0100] {logging_mixin.py:137} INFO - [2023-01-25T20:33:58.904+0100] {dag.py:3437} INFO - Setting next_dagrun for hello_world to 2023-01-24T12:00:00+00:00, run_after=2023-01-25T12:00:00+00:00
[2023-01-25T20:33:58.930+0100] {processor.py:175} INFO - Processing /home/manu/airflow/dags/hello_world.py took 0.195 seconds
[2023-01-25T20:34:30.488+0100] {processor.py:153} INFO - Started process (PID=14160) to work on /home/manu/airflow/dags/hello_world.py
[2023-01-25T20:34:30.489+0100] {processor.py:743} INFO - Processing file /home/manu/airflow/dags/hello_world.py for tasks to queue
[2023-01-25T20:34:30.490+0100] {logging_mixin.py:137} INFO - [2023-01-25T20:34:30.489+0100] {dagbag.py:538} INFO - Filling up the DagBag from /home/manu/airflow/dags/hello_world.py
[2023-01-25T20:34:30.504+0100] {processor.py:753} INFO - DAG(s) dict_keys(['hello_world']) retrieved from /home/manu/airflow/dags/hello_world.py
[2023-01-25T20:34:30.519+0100] {logging_mixin.py:137} INFO - [2023-01-25T20:34:30.518+0100] {dag.py:2690} INFO - Sync 1 DAGs
[2023-01-25T20:34:30.616+0100] {logging_mixin.py:137} INFO - [2023-01-25T20:34:30.616+0100] {dag.py:3437} INFO - Setting next_dagrun for hello_world to 2023-01-24T12:00:00+00:00, run_after=2023-01-25T12:00:00+00:00
[2023-01-25T20:34:30.638+0100] {processor.py:175} INFO - Processing /home/manu/airflow/dags/hello_world.py took 0.152 seconds
[2023-01-25T20:35:02.107+0100] {processor.py:153} INFO - Started process (PID=14190) to work on /home/manu/airflow/dags/hello_world.py
[2023-01-25T20:35:02.108+0100] {processor.py:743} INFO - Processing file /home/manu/airflow/dags/hello_world.py for tasks to queue
[2023-01-25T20:35:02.109+0100] {logging_mixin.py:137} INFO - [2023-01-25T20:35:02.109+0100] {dagbag.py:538} INFO - Filling up the DagBag from /home/manu/airflow/dags/hello_world.py
[2023-01-25T20:35:02.123+0100] {processor.py:753} INFO - DAG(s) dict_keys(['hello_world']) retrieved from /home/manu/airflow/dags/hello_world.py
[2023-01-25T20:35:02.230+0100] {logging_mixin.py:137} INFO - [2023-01-25T20:35:02.230+0100] {dag.py:2690} INFO - Sync 1 DAGs
[2023-01-25T20:35:02.249+0100] {logging_mixin.py:137} INFO - [2023-01-25T20:35:02.249+0100] {dag.py:3437} INFO - Setting next_dagrun for hello_world to 2023-01-24T12:00:00+00:00, run_after=2023-01-25T12:00:00+00:00
[2023-01-25T20:35:02.275+0100] {processor.py:175} INFO - Processing /home/manu/airflow/dags/hello_world.py took 0.171 seconds
[2023-01-25T20:35:33.350+0100] {processor.py:153} INFO - Started process (PID=14294) to work on /home/manu/airflow/dags/hello_world.py
[2023-01-25T20:35:33.352+0100] {processor.py:743} INFO - Processing file /home/manu/airflow/dags/hello_world.py for tasks to queue
[2023-01-25T20:35:33.352+0100] {logging_mixin.py:137} INFO - [2023-01-25T20:35:33.352+0100] {dagbag.py:538} INFO - Filling up the DagBag from /home/manu/airflow/dags/hello_world.py
[2023-01-25T20:35:33.467+0100] {processor.py:753} INFO - DAG(s) dict_keys(['hello_world']) retrieved from /home/manu/airflow/dags/hello_world.py
[2023-01-25T20:35:33.481+0100] {logging_mixin.py:137} INFO - [2023-01-25T20:35:33.480+0100] {dag.py:2690} INFO - Sync 1 DAGs
[2023-01-25T20:35:33.500+0100] {logging_mixin.py:137} INFO - [2023-01-25T20:35:33.500+0100] {dag.py:3437} INFO - Setting next_dagrun for hello_world to 2023-01-24T12:00:00+00:00, run_after=2023-01-25T12:00:00+00:00
[2023-01-25T20:35:33.522+0100] {processor.py:175} INFO - Processing /home/manu/airflow/dags/hello_world.py took 0.175 seconds
[2023-01-25T20:36:04.282+0100] {processor.py:153} INFO - Started process (PID=14329) to work on /home/manu/airflow/dags/hello_world.py
[2023-01-25T20:36:04.284+0100] {processor.py:743} INFO - Processing file /home/manu/airflow/dags/hello_world.py for tasks to queue
[2023-01-25T20:36:04.284+0100] {logging_mixin.py:137} INFO - [2023-01-25T20:36:04.284+0100] {dagbag.py:538} INFO - Filling up the DagBag from /home/manu/airflow/dags/hello_world.py
[2023-01-25T20:36:04.297+0100] {processor.py:753} INFO - DAG(s) dict_keys(['hello_world']) retrieved from /home/manu/airflow/dags/hello_world.py
[2023-01-25T20:36:04.310+0100] {logging_mixin.py:137} INFO - [2023-01-25T20:36:04.310+0100] {dag.py:2690} INFO - Sync 1 DAGs
[2023-01-25T20:36:04.328+0100] {logging_mixin.py:137} INFO - [2023-01-25T20:36:04.328+0100] {dag.py:3437} INFO - Setting next_dagrun for hello_world to 2023-01-24T12:00:00+00:00, run_after=2023-01-25T12:00:00+00:00
[2023-01-25T20:36:04.349+0100] {processor.py:175} INFO - Processing /home/manu/airflow/dags/hello_world.py took 0.069 seconds
[2023-01-25T20:36:36.447+0100] {processor.py:153} INFO - Started process (PID=14362) to work on /home/manu/airflow/dags/hello_world.py
[2023-01-25T20:36:36.448+0100] {processor.py:743} INFO - Processing file /home/manu/airflow/dags/hello_world.py for tasks to queue
[2023-01-25T20:36:36.449+0100] {logging_mixin.py:137} INFO - [2023-01-25T20:36:36.449+0100] {dagbag.py:538} INFO - Filling up the DagBag from /home/manu/airflow/dags/hello_world.py
[2023-01-25T20:36:36.462+0100] {processor.py:753} INFO - DAG(s) dict_keys(['hello_world']) retrieved from /home/manu/airflow/dags/hello_world.py
[2023-01-25T20:36:36.475+0100] {logging_mixin.py:137} INFO - [2023-01-25T20:36:36.475+0100] {dag.py:2690} INFO - Sync 1 DAGs
[2023-01-25T20:36:36.493+0100] {logging_mixin.py:137} INFO - [2023-01-25T20:36:36.493+0100] {dag.py:3437} INFO - Setting next_dagrun for hello_world to 2023-01-24T12:00:00+00:00, run_after=2023-01-25T12:00:00+00:00
[2023-01-25T20:36:36.514+0100] {processor.py:175} INFO - Processing /home/manu/airflow/dags/hello_world.py took 0.069 seconds
[2023-01-25T20:37:08.905+0100] {processor.py:153} INFO - Started process (PID=14398) to work on /home/manu/airflow/dags/hello_world.py
[2023-01-25T20:37:08.906+0100] {processor.py:743} INFO - Processing file /home/manu/airflow/dags/hello_world.py for tasks to queue
[2023-01-25T20:37:08.907+0100] {logging_mixin.py:137} INFO - [2023-01-25T20:37:08.907+0100] {dagbag.py:538} INFO - Filling up the DagBag from /home/manu/airflow/dags/hello_world.py
[2023-01-25T20:37:08.923+0100] {processor.py:753} INFO - DAG(s) dict_keys(['hello_world']) retrieved from /home/manu/airflow/dags/hello_world.py
[2023-01-25T20:37:08.937+0100] {logging_mixin.py:137} INFO - [2023-01-25T20:37:08.937+0100] {dag.py:2690} INFO - Sync 1 DAGs
[2023-01-25T20:37:08.957+0100] {logging_mixin.py:137} INFO - [2023-01-25T20:37:08.957+0100] {dag.py:3437} INFO - Setting next_dagrun for hello_world to 2023-01-24T12:00:00+00:00, run_after=2023-01-25T12:00:00+00:00
[2023-01-25T20:37:09.065+0100] {processor.py:175} INFO - Processing /home/manu/airflow/dags/hello_world.py took 0.164 seconds
[2023-01-25T20:37:48.814+0100] {processor.py:153} INFO - Started process (PID=14457) to work on /home/manu/airflow/dags/hello_world.py
[2023-01-25T20:37:48.815+0100] {processor.py:743} INFO - Processing file /home/manu/airflow/dags/hello_world.py for tasks to queue
[2023-01-25T20:37:48.816+0100] {logging_mixin.py:137} INFO - [2023-01-25T20:37:48.816+0100] {dagbag.py:538} INFO - Filling up the DagBag from /home/manu/airflow/dags/hello_world.py
[2023-01-25T20:37:48.829+0100] {processor.py:753} INFO - DAG(s) dict_keys(['hello_world']) retrieved from /home/manu/airflow/dags/hello_world.py
[2023-01-25T20:37:48.847+0100] {logging_mixin.py:137} INFO - [2023-01-25T20:37:48.847+0100] {dag.py:2690} INFO - Sync 1 DAGs
[2023-01-25T20:37:48.867+0100] {logging_mixin.py:137} INFO - [2023-01-25T20:37:48.867+0100] {dag.py:3437} INFO - Setting next_dagrun for hello_world to 2023-01-24T12:00:00+00:00, run_after=2023-01-25T12:00:00+00:00
[2023-01-25T20:37:48.892+0100] {processor.py:175} INFO - Processing /home/manu/airflow/dags/hello_world.py took 0.081 seconds
[2023-01-25T20:38:23.002+0100] {processor.py:153} INFO - Started process (PID=14512) to work on /home/manu/airflow/dags/hello_world.py
[2023-01-25T20:38:23.003+0100] {processor.py:743} INFO - Processing file /home/manu/airflow/dags/hello_world.py for tasks to queue
[2023-01-25T20:38:23.004+0100] {logging_mixin.py:137} INFO - [2023-01-25T20:38:23.004+0100] {dagbag.py:538} INFO - Filling up the DagBag from /home/manu/airflow/dags/hello_world.py
[2023-01-25T20:38:23.020+0100] {processor.py:753} INFO - DAG(s) dict_keys(['hello_world']) retrieved from /home/manu/airflow/dags/hello_world.py
[2023-01-25T20:38:23.035+0100] {logging_mixin.py:137} INFO - [2023-01-25T20:38:23.035+0100] {dag.py:2690} INFO - Sync 1 DAGs
[2023-01-25T20:38:23.055+0100] {logging_mixin.py:137} INFO - [2023-01-25T20:38:23.054+0100] {dag.py:3437} INFO - Setting next_dagrun for hello_world to 2023-01-24T12:00:00+00:00, run_after=2023-01-25T12:00:00+00:00
[2023-01-25T20:38:23.078+0100] {processor.py:175} INFO - Processing /home/manu/airflow/dags/hello_world.py took 0.080 seconds
[2023-01-25T20:38:53.763+0100] {processor.py:153} INFO - Started process (PID=14565) to work on /home/manu/airflow/dags/hello_world.py
[2023-01-25T20:38:53.765+0100] {processor.py:743} INFO - Processing file /home/manu/airflow/dags/hello_world.py for tasks to queue
[2023-01-25T20:38:53.765+0100] {logging_mixin.py:137} INFO - [2023-01-25T20:38:53.765+0100] {dagbag.py:538} INFO - Filling up the DagBag from /home/manu/airflow/dags/hello_world.py
[2023-01-25T20:38:53.784+0100] {processor.py:753} INFO - DAG(s) dict_keys(['hello_world']) retrieved from /home/manu/airflow/dags/hello_world.py
[2023-01-25T20:38:53.800+0100] {logging_mixin.py:137} INFO - [2023-01-25T20:38:53.800+0100] {dag.py:2690} INFO - Sync 1 DAGs
[2023-01-25T20:38:53.819+0100] {logging_mixin.py:137} INFO - [2023-01-25T20:38:53.819+0100] {dag.py:3437} INFO - Setting next_dagrun for hello_world to 2023-01-24T12:00:00+00:00, run_after=2023-01-25T12:00:00+00:00
[2023-01-25T20:38:53.844+0100] {processor.py:175} INFO - Processing /home/manu/airflow/dags/hello_world.py took 0.084 seconds
[2023-01-25T20:39:24.566+0100] {processor.py:153} INFO - Started process (PID=14597) to work on /home/manu/airflow/dags/hello_world.py
[2023-01-25T20:39:24.567+0100] {processor.py:743} INFO - Processing file /home/manu/airflow/dags/hello_world.py for tasks to queue
[2023-01-25T20:39:24.568+0100] {logging_mixin.py:137} INFO - [2023-01-25T20:39:24.568+0100] {dagbag.py:538} INFO - Filling up the DagBag from /home/manu/airflow/dags/hello_world.py
[2023-01-25T20:39:24.583+0100] {processor.py:753} INFO - DAG(s) dict_keys(['hello_world']) retrieved from /home/manu/airflow/dags/hello_world.py
[2023-01-25T20:39:24.597+0100] {logging_mixin.py:137} INFO - [2023-01-25T20:39:24.597+0100] {dag.py:2690} INFO - Sync 1 DAGs
[2023-01-25T20:39:24.614+0100] {logging_mixin.py:137} INFO - [2023-01-25T20:39:24.614+0100] {dag.py:3437} INFO - Setting next_dagrun for hello_world to 2023-01-24T12:00:00+00:00, run_after=2023-01-25T12:00:00+00:00
[2023-01-25T20:39:24.638+0100] {processor.py:175} INFO - Processing /home/manu/airflow/dags/hello_world.py took 0.074 seconds
[2023-01-25T20:39:56.629+0100] {processor.py:153} INFO - Started process (PID=14633) to work on /home/manu/airflow/dags/hello_world.py
[2023-01-25T20:39:56.630+0100] {processor.py:743} INFO - Processing file /home/manu/airflow/dags/hello_world.py for tasks to queue
[2023-01-25T20:39:56.631+0100] {logging_mixin.py:137} INFO - [2023-01-25T20:39:56.631+0100] {dagbag.py:538} INFO - Filling up the DagBag from /home/manu/airflow/dags/hello_world.py
[2023-01-25T20:39:56.646+0100] {processor.py:753} INFO - DAG(s) dict_keys(['hello_world']) retrieved from /home/manu/airflow/dags/hello_world.py
[2023-01-25T20:39:56.661+0100] {logging_mixin.py:137} INFO - [2023-01-25T20:39:56.661+0100] {dag.py:2690} INFO - Sync 1 DAGs
[2023-01-25T20:39:56.680+0100] {logging_mixin.py:137} INFO - [2023-01-25T20:39:56.680+0100] {dag.py:3437} INFO - Setting next_dagrun for hello_world to 2023-01-24T12:00:00+00:00, run_after=2023-01-25T12:00:00+00:00
[2023-01-25T20:39:56.704+0100] {processor.py:175} INFO - Processing /home/manu/airflow/dags/hello_world.py took 0.078 seconds
[2023-01-25T20:40:28.838+0100] {processor.py:153} INFO - Started process (PID=14677) to work on /home/manu/airflow/dags/hello_world.py
[2023-01-25T20:40:28.840+0100] {processor.py:743} INFO - Processing file /home/manu/airflow/dags/hello_world.py for tasks to queue
[2023-01-25T20:40:28.841+0100] {logging_mixin.py:137} INFO - [2023-01-25T20:40:28.841+0100] {dagbag.py:538} INFO - Filling up the DagBag from /home/manu/airflow/dags/hello_world.py
[2023-01-25T20:40:28.860+0100] {processor.py:753} INFO - DAG(s) dict_keys(['hello_world']) retrieved from /home/manu/airflow/dags/hello_world.py
[2023-01-25T20:40:28.879+0100] {logging_mixin.py:137} INFO - [2023-01-25T20:40:28.878+0100] {dag.py:2690} INFO - Sync 1 DAGs
[2023-01-25T20:40:28.908+0100] {logging_mixin.py:137} INFO - [2023-01-25T20:40:28.908+0100] {dag.py:3437} INFO - Setting next_dagrun for hello_world to 2023-01-24T12:00:00+00:00, run_after=2023-01-25T12:00:00+00:00
[2023-01-25T20:40:28.936+0100] {processor.py:175} INFO - Processing /home/manu/airflow/dags/hello_world.py took 0.101 seconds
[2023-01-25T20:41:00.938+0100] {processor.py:153} INFO - Started process (PID=14711) to work on /home/manu/airflow/dags/hello_world.py
[2023-01-25T20:41:00.940+0100] {processor.py:743} INFO - Processing file /home/manu/airflow/dags/hello_world.py for tasks to queue
[2023-01-25T20:41:00.941+0100] {logging_mixin.py:137} INFO - [2023-01-25T20:41:00.941+0100] {dagbag.py:538} INFO - Filling up the DagBag from /home/manu/airflow/dags/hello_world.py
[2023-01-25T20:41:00.957+0100] {processor.py:753} INFO - DAG(s) dict_keys(['hello_world']) retrieved from /home/manu/airflow/dags/hello_world.py
[2023-01-25T20:41:00.974+0100] {logging_mixin.py:137} INFO - [2023-01-25T20:41:00.974+0100] {dag.py:2690} INFO - Sync 1 DAGs
[2023-01-25T20:41:00.994+0100] {logging_mixin.py:137} INFO - [2023-01-25T20:41:00.994+0100] {dag.py:3437} INFO - Setting next_dagrun for hello_world to 2023-01-24T12:00:00+00:00, run_after=2023-01-25T12:00:00+00:00
[2023-01-25T20:41:01.023+0100] {processor.py:175} INFO - Processing /home/manu/airflow/dags/hello_world.py took 0.089 seconds
[2023-01-25T20:41:32.506+0100] {processor.py:153} INFO - Started process (PID=14754) to work on /home/manu/airflow/dags/hello_world.py
[2023-01-25T20:41:32.507+0100] {processor.py:743} INFO - Processing file /home/manu/airflow/dags/hello_world.py for tasks to queue
[2023-01-25T20:41:32.508+0100] {logging_mixin.py:137} INFO - [2023-01-25T20:41:32.508+0100] {dagbag.py:538} INFO - Filling up the DagBag from /home/manu/airflow/dags/hello_world.py
[2023-01-25T20:41:32.526+0100] {processor.py:753} INFO - DAG(s) dict_keys(['hello_world']) retrieved from /home/manu/airflow/dags/hello_world.py
[2023-01-25T20:41:32.543+0100] {logging_mixin.py:137} INFO - [2023-01-25T20:41:32.543+0100] {dag.py:2690} INFO - Sync 1 DAGs
[2023-01-25T20:41:32.571+0100] {logging_mixin.py:137} INFO - [2023-01-25T20:41:32.571+0100] {dag.py:3437} INFO - Setting next_dagrun for hello_world to 2023-01-24T12:00:00+00:00, run_after=2023-01-25T12:00:00+00:00
[2023-01-25T20:41:32.595+0100] {processor.py:175} INFO - Processing /home/manu/airflow/dags/hello_world.py took 0.094 seconds
[2023-01-25T20:42:04.058+0100] {processor.py:153} INFO - Started process (PID=14787) to work on /home/manu/airflow/dags/hello_world.py
[2023-01-25T20:42:04.058+0100] {processor.py:743} INFO - Processing file /home/manu/airflow/dags/hello_world.py for tasks to queue
[2023-01-25T20:42:04.059+0100] {logging_mixin.py:137} INFO - [2023-01-25T20:42:04.059+0100] {dagbag.py:538} INFO - Filling up the DagBag from /home/manu/airflow/dags/hello_world.py
[2023-01-25T20:42:04.076+0100] {processor.py:753} INFO - DAG(s) dict_keys(['hello_world']) retrieved from /home/manu/airflow/dags/hello_world.py
[2023-01-25T20:42:04.093+0100] {logging_mixin.py:137} INFO - [2023-01-25T20:42:04.093+0100] {dag.py:2690} INFO - Sync 1 DAGs
[2023-01-25T20:42:04.115+0100] {logging_mixin.py:137} INFO - [2023-01-25T20:42:04.115+0100] {dag.py:3437} INFO - Setting next_dagrun for hello_world to 2023-01-24T12:00:00+00:00, run_after=2023-01-25T12:00:00+00:00
[2023-01-25T20:42:04.145+0100] {processor.py:175} INFO - Processing /home/manu/airflow/dags/hello_world.py took 0.092 seconds
[2023-01-25T20:42:34.772+0100] {processor.py:153} INFO - Started process (PID=14826) to work on /home/manu/airflow/dags/hello_world.py
[2023-01-25T20:42:34.773+0100] {processor.py:743} INFO - Processing file /home/manu/airflow/dags/hello_world.py for tasks to queue
[2023-01-25T20:42:34.774+0100] {logging_mixin.py:137} INFO - [2023-01-25T20:42:34.773+0100] {dagbag.py:538} INFO - Filling up the DagBag from /home/manu/airflow/dags/hello_world.py
[2023-01-25T20:42:34.790+0100] {processor.py:753} INFO - DAG(s) dict_keys(['hello_world']) retrieved from /home/manu/airflow/dags/hello_world.py
[2023-01-25T20:42:34.808+0100] {logging_mixin.py:137} INFO - [2023-01-25T20:42:34.808+0100] {dag.py:2690} INFO - Sync 1 DAGs
[2023-01-25T20:42:34.830+0100] {logging_mixin.py:137} INFO - [2023-01-25T20:42:34.829+0100] {dag.py:3437} INFO - Setting next_dagrun for hello_world to 2023-01-24T12:00:00+00:00, run_after=2023-01-25T12:00:00+00:00
[2023-01-25T20:42:34.861+0100] {processor.py:175} INFO - Processing /home/manu/airflow/dags/hello_world.py took 0.092 seconds
[2023-01-25T20:43:06.213+0100] {processor.py:153} INFO - Started process (PID=14881) to work on /home/manu/airflow/dags/hello_world.py
[2023-01-25T20:43:06.214+0100] {processor.py:743} INFO - Processing file /home/manu/airflow/dags/hello_world.py for tasks to queue
[2023-01-25T20:43:06.214+0100] {logging_mixin.py:137} INFO - [2023-01-25T20:43:06.214+0100] {dagbag.py:538} INFO - Filling up the DagBag from /home/manu/airflow/dags/hello_world.py
[2023-01-25T20:43:06.231+0100] {processor.py:753} INFO - DAG(s) dict_keys(['hello_world']) retrieved from /home/manu/airflow/dags/hello_world.py
[2023-01-25T20:43:06.247+0100] {logging_mixin.py:137} INFO - [2023-01-25T20:43:06.247+0100] {dag.py:2690} INFO - Sync 1 DAGs
[2023-01-25T20:43:06.269+0100] {logging_mixin.py:137} INFO - [2023-01-25T20:43:06.269+0100] {dag.py:3437} INFO - Setting next_dagrun for hello_world to 2023-01-24T12:00:00+00:00, run_after=2023-01-25T12:00:00+00:00
[2023-01-25T20:43:06.296+0100] {processor.py:175} INFO - Processing /home/manu/airflow/dags/hello_world.py took 0.086 seconds
[2023-01-25T20:43:37.737+0100] {processor.py:153} INFO - Started process (PID=14915) to work on /home/manu/airflow/dags/hello_world.py
[2023-01-25T20:43:37.738+0100] {processor.py:743} INFO - Processing file /home/manu/airflow/dags/hello_world.py for tasks to queue
[2023-01-25T20:43:37.739+0100] {logging_mixin.py:137} INFO - [2023-01-25T20:43:37.739+0100] {dagbag.py:538} INFO - Filling up the DagBag from /home/manu/airflow/dags/hello_world.py
[2023-01-25T20:43:37.757+0100] {processor.py:753} INFO - DAG(s) dict_keys(['hello_world']) retrieved from /home/manu/airflow/dags/hello_world.py
[2023-01-25T20:43:37.774+0100] {logging_mixin.py:137} INFO - [2023-01-25T20:43:37.774+0100] {dag.py:2690} INFO - Sync 1 DAGs
[2023-01-25T20:43:37.797+0100] {logging_mixin.py:137} INFO - [2023-01-25T20:43:37.796+0100] {dag.py:3437} INFO - Setting next_dagrun for hello_world to 2023-01-24T12:00:00+00:00, run_after=2023-01-25T12:00:00+00:00
[2023-01-25T20:43:37.831+0100] {processor.py:175} INFO - Processing /home/manu/airflow/dags/hello_world.py took 0.101 seconds
[2023-01-25T20:44:09.270+0100] {processor.py:153} INFO - Started process (PID=14948) to work on /home/manu/airflow/dags/hello_world.py
[2023-01-25T20:44:09.272+0100] {processor.py:743} INFO - Processing file /home/manu/airflow/dags/hello_world.py for tasks to queue
[2023-01-25T20:44:09.272+0100] {logging_mixin.py:137} INFO - [2023-01-25T20:44:09.272+0100] {dagbag.py:538} INFO - Filling up the DagBag from /home/manu/airflow/dags/hello_world.py
[2023-01-25T20:44:09.287+0100] {processor.py:753} INFO - DAG(s) dict_keys(['hello_world']) retrieved from /home/manu/airflow/dags/hello_world.py
[2023-01-25T20:44:09.303+0100] {logging_mixin.py:137} INFO - [2023-01-25T20:44:09.303+0100] {dag.py:2690} INFO - Sync 1 DAGs
[2023-01-25T20:44:09.323+0100] {logging_mixin.py:137} INFO - [2023-01-25T20:44:09.323+0100] {dag.py:3437} INFO - Setting next_dagrun for hello_world to 2023-01-24T12:00:00+00:00, run_after=2023-01-25T12:00:00+00:00
[2023-01-25T20:44:09.348+0100] {processor.py:175} INFO - Processing /home/manu/airflow/dags/hello_world.py took 0.081 seconds
[2023-01-25T20:44:40.371+0100] {processor.py:153} INFO - Started process (PID=14982) to work on /home/manu/airflow/dags/hello_world.py
[2023-01-25T20:44:40.372+0100] {processor.py:743} INFO - Processing file /home/manu/airflow/dags/hello_world.py for tasks to queue
[2023-01-25T20:44:40.373+0100] {logging_mixin.py:137} INFO - [2023-01-25T20:44:40.373+0100] {dagbag.py:538} INFO - Filling up the DagBag from /home/manu/airflow/dags/hello_world.py
[2023-01-25T20:44:40.392+0100] {processor.py:753} INFO - DAG(s) dict_keys(['hello_world']) retrieved from /home/manu/airflow/dags/hello_world.py
[2023-01-25T20:44:40.412+0100] {logging_mixin.py:137} INFO - [2023-01-25T20:44:40.412+0100] {dag.py:2690} INFO - Sync 1 DAGs
[2023-01-25T20:44:40.442+0100] {logging_mixin.py:137} INFO - [2023-01-25T20:44:40.442+0100] {dag.py:3437} INFO - Setting next_dagrun for hello_world to 2023-01-24T12:00:00+00:00, run_after=2023-01-25T12:00:00+00:00
[2023-01-25T20:44:40.475+0100] {processor.py:175} INFO - Processing /home/manu/airflow/dags/hello_world.py took 0.108 seconds
[2023-01-25T20:45:11.826+0100] {processor.py:153} INFO - Started process (PID=15023) to work on /home/manu/airflow/dags/hello_world.py
[2023-01-25T20:45:11.828+0100] {processor.py:743} INFO - Processing file /home/manu/airflow/dags/hello_world.py for tasks to queue
[2023-01-25T20:45:11.829+0100] {logging_mixin.py:137} INFO - [2023-01-25T20:45:11.829+0100] {dagbag.py:538} INFO - Filling up the DagBag from /home/manu/airflow/dags/hello_world.py
[2023-01-25T20:45:11.846+0100] {processor.py:753} INFO - DAG(s) dict_keys(['hello_world']) retrieved from /home/manu/airflow/dags/hello_world.py
[2023-01-25T20:45:11.862+0100] {logging_mixin.py:137} INFO - [2023-01-25T20:45:11.862+0100] {dag.py:2690} INFO - Sync 1 DAGs
[2023-01-25T20:45:11.886+0100] {logging_mixin.py:137} INFO - [2023-01-25T20:45:11.886+0100] {dag.py:3437} INFO - Setting next_dagrun for hello_world to 2023-01-24T12:00:00+00:00, run_after=2023-01-25T12:00:00+00:00
[2023-01-25T20:45:11.910+0100] {processor.py:175} INFO - Processing /home/manu/airflow/dags/hello_world.py took 0.086 seconds
[2023-01-25T20:45:42.650+0100] {processor.py:153} INFO - Started process (PID=15058) to work on /home/manu/airflow/dags/hello_world.py
[2023-01-25T20:45:42.651+0100] {processor.py:743} INFO - Processing file /home/manu/airflow/dags/hello_world.py for tasks to queue
[2023-01-25T20:45:42.652+0100] {logging_mixin.py:137} INFO - [2023-01-25T20:45:42.652+0100] {dagbag.py:538} INFO - Filling up the DagBag from /home/manu/airflow/dags/hello_world.py
[2023-01-25T20:45:42.669+0100] {processor.py:753} INFO - DAG(s) dict_keys(['hello_world']) retrieved from /home/manu/airflow/dags/hello_world.py
[2023-01-25T20:45:42.690+0100] {logging_mixin.py:137} INFO - [2023-01-25T20:45:42.690+0100] {dag.py:2690} INFO - Sync 1 DAGs
[2023-01-25T20:45:42.730+0100] {logging_mixin.py:137} INFO - [2023-01-25T20:45:42.729+0100] {dag.py:3437} INFO - Setting next_dagrun for hello_world to 2023-01-24T12:00:00+00:00, run_after=2023-01-25T12:00:00+00:00
[2023-01-25T20:45:42.757+0100] {processor.py:175} INFO - Processing /home/manu/airflow/dags/hello_world.py took 0.111 seconds
[2023-01-25T20:46:14.394+0100] {processor.py:153} INFO - Started process (PID=15099) to work on /home/manu/airflow/dags/hello_world.py
[2023-01-25T20:46:14.395+0100] {processor.py:743} INFO - Processing file /home/manu/airflow/dags/hello_world.py for tasks to queue
[2023-01-25T20:46:14.398+0100] {logging_mixin.py:137} INFO - [2023-01-25T20:46:14.397+0100] {dagbag.py:538} INFO - Filling up the DagBag from /home/manu/airflow/dags/hello_world.py
[2023-01-25T20:46:14.414+0100] {processor.py:753} INFO - DAG(s) dict_keys(['hello_world']) retrieved from /home/manu/airflow/dags/hello_world.py
[2023-01-25T20:46:14.429+0100] {logging_mixin.py:137} INFO - [2023-01-25T20:46:14.429+0100] {dag.py:2690} INFO - Sync 1 DAGs
[2023-01-25T20:46:14.455+0100] {logging_mixin.py:137} INFO - [2023-01-25T20:46:14.455+0100] {dag.py:3437} INFO - Setting next_dagrun for hello_world to 2023-01-24T12:00:00+00:00, run_after=2023-01-25T12:00:00+00:00
[2023-01-25T20:46:14.478+0100] {processor.py:175} INFO - Processing /home/manu/airflow/dags/hello_world.py took 0.087 seconds
[2023-01-25T20:46:45.964+0100] {processor.py:153} INFO - Started process (PID=15134) to work on /home/manu/airflow/dags/hello_world.py
[2023-01-25T20:46:45.965+0100] {processor.py:743} INFO - Processing file /home/manu/airflow/dags/hello_world.py for tasks to queue
[2023-01-25T20:46:45.966+0100] {logging_mixin.py:137} INFO - [2023-01-25T20:46:45.966+0100] {dagbag.py:538} INFO - Filling up the DagBag from /home/manu/airflow/dags/hello_world.py
[2023-01-25T20:46:45.982+0100] {processor.py:753} INFO - DAG(s) dict_keys(['hello_world']) retrieved from /home/manu/airflow/dags/hello_world.py
[2023-01-25T20:46:46.000+0100] {logging_mixin.py:137} INFO - [2023-01-25T20:46:46.000+0100] {dag.py:2690} INFO - Sync 1 DAGs
[2023-01-25T20:46:46.023+0100] {logging_mixin.py:137} INFO - [2023-01-25T20:46:46.022+0100] {dag.py:3437} INFO - Setting next_dagrun for hello_world to 2023-01-24T12:00:00+00:00, run_after=2023-01-25T12:00:00+00:00
[2023-01-25T20:46:46.053+0100] {processor.py:175} INFO - Processing /home/manu/airflow/dags/hello_world.py took 0.093 seconds
[2023-01-25T20:47:18.619+0100] {processor.py:153} INFO - Started process (PID=15245) to work on /home/manu/airflow/dags/hello_world.py
[2023-01-25T20:47:18.621+0100] {processor.py:743} INFO - Processing file /home/manu/airflow/dags/hello_world.py for tasks to queue
[2023-01-25T20:47:18.622+0100] {logging_mixin.py:137} INFO - [2023-01-25T20:47:18.622+0100] {dagbag.py:538} INFO - Filling up the DagBag from /home/manu/airflow/dags/hello_world.py
[2023-01-25T20:47:18.644+0100] {processor.py:753} INFO - DAG(s) dict_keys(['hello_world']) retrieved from /home/manu/airflow/dags/hello_world.py
[2023-01-25T20:47:18.668+0100] {logging_mixin.py:137} INFO - [2023-01-25T20:47:18.668+0100] {dag.py:2690} INFO - Sync 1 DAGs
[2023-01-25T20:47:18.702+0100] {logging_mixin.py:137} INFO - [2023-01-25T20:47:18.701+0100] {dag.py:3437} INFO - Setting next_dagrun for hello_world to 2023-01-24T12:00:00+00:00, run_after=2023-01-25T12:00:00+00:00
[2023-01-25T20:47:18.729+0100] {processor.py:175} INFO - Processing /home/manu/airflow/dags/hello_world.py took 0.114 seconds
[2023-01-25T20:47:51.220+0100] {processor.py:153} INFO - Started process (PID=15282) to work on /home/manu/airflow/dags/hello_world.py
[2023-01-25T20:47:51.222+0100] {processor.py:743} INFO - Processing file /home/manu/airflow/dags/hello_world.py for tasks to queue
[2023-01-25T20:47:51.223+0100] {logging_mixin.py:137} INFO - [2023-01-25T20:47:51.223+0100] {dagbag.py:538} INFO - Filling up the DagBag from /home/manu/airflow/dags/hello_world.py
[2023-01-25T20:47:51.239+0100] {processor.py:753} INFO - DAG(s) dict_keys(['hello_world']) retrieved from /home/manu/airflow/dags/hello_world.py
[2023-01-25T20:47:51.255+0100] {logging_mixin.py:137} INFO - [2023-01-25T20:47:51.254+0100] {dag.py:2690} INFO - Sync 1 DAGs
[2023-01-25T20:47:51.277+0100] {logging_mixin.py:137} INFO - [2023-01-25T20:47:51.277+0100] {dag.py:3437} INFO - Setting next_dagrun for hello_world to 2023-01-24T12:00:00+00:00, run_after=2023-01-25T12:00:00+00:00
[2023-01-25T20:47:51.304+0100] {processor.py:175} INFO - Processing /home/manu/airflow/dags/hello_world.py took 0.086 seconds
[2023-01-25T20:48:22.813+0100] {processor.py:153} INFO - Started process (PID=15313) to work on /home/manu/airflow/dags/hello_world.py
[2023-01-25T20:48:22.815+0100] {processor.py:743} INFO - Processing file /home/manu/airflow/dags/hello_world.py for tasks to queue
[2023-01-25T20:48:22.816+0100] {logging_mixin.py:137} INFO - [2023-01-25T20:48:22.816+0100] {dagbag.py:538} INFO - Filling up the DagBag from /home/manu/airflow/dags/hello_world.py
[2023-01-25T20:48:22.833+0100] {processor.py:753} INFO - DAG(s) dict_keys(['hello_world']) retrieved from /home/manu/airflow/dags/hello_world.py
[2023-01-25T20:48:22.850+0100] {logging_mixin.py:137} INFO - [2023-01-25T20:48:22.850+0100] {dag.py:2690} INFO - Sync 1 DAGs
[2023-01-25T20:48:22.874+0100] {logging_mixin.py:137} INFO - [2023-01-25T20:48:22.874+0100] {dag.py:3437} INFO - Setting next_dagrun for hello_world to 2023-01-24T12:00:00+00:00, run_after=2023-01-25T12:00:00+00:00
[2023-01-25T20:48:22.906+0100] {processor.py:175} INFO - Processing /home/manu/airflow/dags/hello_world.py took 0.096 seconds
[2023-01-25T20:48:54.516+0100] {processor.py:153} INFO - Started process (PID=15348) to work on /home/manu/airflow/dags/hello_world.py
[2023-01-25T20:48:54.517+0100] {processor.py:743} INFO - Processing file /home/manu/airflow/dags/hello_world.py for tasks to queue
[2023-01-25T20:48:54.518+0100] {logging_mixin.py:137} INFO - [2023-01-25T20:48:54.518+0100] {dagbag.py:538} INFO - Filling up the DagBag from /home/manu/airflow/dags/hello_world.py
[2023-01-25T20:48:54.536+0100] {processor.py:753} INFO - DAG(s) dict_keys(['hello_world']) retrieved from /home/manu/airflow/dags/hello_world.py
[2023-01-25T20:48:54.553+0100] {logging_mixin.py:137} INFO - [2023-01-25T20:48:54.553+0100] {dag.py:2690} INFO - Sync 1 DAGs
[2023-01-25T20:48:54.575+0100] {logging_mixin.py:137} INFO - [2023-01-25T20:48:54.575+0100] {dag.py:3437} INFO - Setting next_dagrun for hello_world to 2023-01-24T12:00:00+00:00, run_after=2023-01-25T12:00:00+00:00
[2023-01-25T20:48:54.603+0100] {processor.py:175} INFO - Processing /home/manu/airflow/dags/hello_world.py took 0.090 seconds
[2023-01-25T20:49:25.512+0100] {processor.py:153} INFO - Started process (PID=15379) to work on /home/manu/airflow/dags/hello_world.py
[2023-01-25T20:49:25.514+0100] {processor.py:743} INFO - Processing file /home/manu/airflow/dags/hello_world.py for tasks to queue
[2023-01-25T20:49:25.515+0100] {logging_mixin.py:137} INFO - [2023-01-25T20:49:25.515+0100] {dagbag.py:538} INFO - Filling up the DagBag from /home/manu/airflow/dags/hello_world.py
[2023-01-25T20:49:25.533+0100] {processor.py:753} INFO - DAG(s) dict_keys(['hello_world']) retrieved from /home/manu/airflow/dags/hello_world.py
[2023-01-25T20:49:25.550+0100] {logging_mixin.py:137} INFO - [2023-01-25T20:49:25.550+0100] {dag.py:2690} INFO - Sync 1 DAGs
[2023-01-25T20:49:25.572+0100] {logging_mixin.py:137} INFO - [2023-01-25T20:49:25.572+0100] {dag.py:3437} INFO - Setting next_dagrun for hello_world to 2023-01-24T12:00:00+00:00, run_after=2023-01-25T12:00:00+00:00
[2023-01-25T20:49:25.602+0100] {processor.py:175} INFO - Processing /home/manu/airflow/dags/hello_world.py took 0.093 seconds
[2023-01-25T20:49:57.617+0100] {processor.py:153} INFO - Started process (PID=15415) to work on /home/manu/airflow/dags/hello_world.py
[2023-01-25T20:49:57.619+0100] {processor.py:743} INFO - Processing file /home/manu/airflow/dags/hello_world.py for tasks to queue
[2023-01-25T20:49:57.620+0100] {logging_mixin.py:137} INFO - [2023-01-25T20:49:57.619+0100] {dagbag.py:538} INFO - Filling up the DagBag from /home/manu/airflow/dags/hello_world.py
[2023-01-25T20:49:57.637+0100] {processor.py:753} INFO - DAG(s) dict_keys(['hello_world']) retrieved from /home/manu/airflow/dags/hello_world.py
[2023-01-25T20:49:57.654+0100] {logging_mixin.py:137} INFO - [2023-01-25T20:49:57.654+0100] {dag.py:2690} INFO - Sync 1 DAGs
[2023-01-25T20:49:57.681+0100] {logging_mixin.py:137} INFO - [2023-01-25T20:49:57.681+0100] {dag.py:3437} INFO - Setting next_dagrun for hello_world to 2023-01-24T12:00:00+00:00, run_after=2023-01-25T12:00:00+00:00
[2023-01-25T20:49:57.708+0100] {processor.py:175} INFO - Processing /home/manu/airflow/dags/hello_world.py took 0.094 seconds
[2023-01-25T20:50:29.175+0100] {processor.py:153} INFO - Started process (PID=15449) to work on /home/manu/airflow/dags/hello_world.py
[2023-01-25T20:50:29.176+0100] {processor.py:743} INFO - Processing file /home/manu/airflow/dags/hello_world.py for tasks to queue
[2023-01-25T20:50:29.176+0100] {logging_mixin.py:137} INFO - [2023-01-25T20:50:29.176+0100] {dagbag.py:538} INFO - Filling up the DagBag from /home/manu/airflow/dags/hello_world.py
[2023-01-25T20:50:29.193+0100] {processor.py:753} INFO - DAG(s) dict_keys(['hello_world']) retrieved from /home/manu/airflow/dags/hello_world.py
[2023-01-25T20:50:29.213+0100] {logging_mixin.py:137} INFO - [2023-01-25T20:50:29.212+0100] {dag.py:2690} INFO - Sync 1 DAGs
[2023-01-25T20:50:29.235+0100] {logging_mixin.py:137} INFO - [2023-01-25T20:50:29.235+0100] {dag.py:3437} INFO - Setting next_dagrun for hello_world to 2023-01-24T12:00:00+00:00, run_after=2023-01-25T12:00:00+00:00
[2023-01-25T20:50:29.259+0100] {processor.py:175} INFO - Processing /home/manu/airflow/dags/hello_world.py took 0.087 seconds
[2023-01-25T20:50:59.703+0100] {processor.py:153} INFO - Started process (PID=15482) to work on /home/manu/airflow/dags/hello_world.py
[2023-01-25T20:50:59.705+0100] {processor.py:743} INFO - Processing file /home/manu/airflow/dags/hello_world.py for tasks to queue
[2023-01-25T20:50:59.705+0100] {logging_mixin.py:137} INFO - [2023-01-25T20:50:59.705+0100] {dagbag.py:538} INFO - Filling up the DagBag from /home/manu/airflow/dags/hello_world.py
[2023-01-25T20:50:59.722+0100] {processor.py:753} INFO - DAG(s) dict_keys(['hello_world']) retrieved from /home/manu/airflow/dags/hello_world.py
[2023-01-25T20:50:59.738+0100] {logging_mixin.py:137} INFO - [2023-01-25T20:50:59.738+0100] {dag.py:2690} INFO - Sync 1 DAGs
[2023-01-25T20:50:59.763+0100] {logging_mixin.py:137} INFO - [2023-01-25T20:50:59.763+0100] {dag.py:3437} INFO - Setting next_dagrun for hello_world to 2023-01-24T12:00:00+00:00, run_after=2023-01-25T12:00:00+00:00
[2023-01-25T20:50:59.890+0100] {processor.py:175} INFO - Processing /home/manu/airflow/dags/hello_world.py took 0.190 seconds
[2023-01-25T20:51:31.672+0100] {processor.py:153} INFO - Started process (PID=15512) to work on /home/manu/airflow/dags/hello_world.py
[2023-01-25T20:51:31.673+0100] {processor.py:743} INFO - Processing file /home/manu/airflow/dags/hello_world.py for tasks to queue
[2023-01-25T20:51:31.674+0100] {logging_mixin.py:137} INFO - [2023-01-25T20:51:31.674+0100] {dagbag.py:538} INFO - Filling up the DagBag from /home/manu/airflow/dags/hello_world.py
[2023-01-25T20:51:31.690+0100] {processor.py:753} INFO - DAG(s) dict_keys(['hello_world']) retrieved from /home/manu/airflow/dags/hello_world.py
[2023-01-25T20:51:31.707+0100] {logging_mixin.py:137} INFO - [2023-01-25T20:51:31.707+0100] {dag.py:2690} INFO - Sync 1 DAGs
[2023-01-25T20:51:31.732+0100] {logging_mixin.py:137} INFO - [2023-01-25T20:51:31.732+0100] {dag.py:3437} INFO - Setting next_dagrun for hello_world to 2023-01-24T12:00:00+00:00, run_after=2023-01-25T12:00:00+00:00
[2023-01-25T20:51:31.856+0100] {processor.py:175} INFO - Processing /home/manu/airflow/dags/hello_world.py took 0.187 seconds
[2023-01-25T20:52:03.409+0100] {processor.py:153} INFO - Started process (PID=15544) to work on /home/manu/airflow/dags/hello_world.py
[2023-01-25T20:52:03.411+0100] {processor.py:743} INFO - Processing file /home/manu/airflow/dags/hello_world.py for tasks to queue
[2023-01-25T20:52:03.413+0100] {logging_mixin.py:137} INFO - [2023-01-25T20:52:03.412+0100] {dagbag.py:538} INFO - Filling up the DagBag from /home/manu/airflow/dags/hello_world.py
[2023-01-25T20:52:03.430+0100] {processor.py:753} INFO - DAG(s) dict_keys(['hello_world']) retrieved from /home/manu/airflow/dags/hello_world.py
[2023-01-25T20:52:03.447+0100] {logging_mixin.py:137} INFO - [2023-01-25T20:52:03.447+0100] {dag.py:2690} INFO - Sync 1 DAGs
[2023-01-25T20:52:03.590+0100] {logging_mixin.py:137} INFO - [2023-01-25T20:52:03.590+0100] {dag.py:3437} INFO - Setting next_dagrun for hello_world to 2023-01-24T12:00:00+00:00, run_after=2023-01-25T12:00:00+00:00
[2023-01-25T20:52:03.619+0100] {processor.py:175} INFO - Processing /home/manu/airflow/dags/hello_world.py took 0.212 seconds
[2023-01-25T20:52:35.456+0100] {processor.py:153} INFO - Started process (PID=15574) to work on /home/manu/airflow/dags/hello_world.py
[2023-01-25T20:52:35.457+0100] {processor.py:743} INFO - Processing file /home/manu/airflow/dags/hello_world.py for tasks to queue
[2023-01-25T20:52:35.458+0100] {logging_mixin.py:137} INFO - [2023-01-25T20:52:35.458+0100] {dagbag.py:538} INFO - Filling up the DagBag from /home/manu/airflow/dags/hello_world.py
[2023-01-25T20:52:35.474+0100] {processor.py:753} INFO - DAG(s) dict_keys(['hello_world']) retrieved from /home/manu/airflow/dags/hello_world.py
[2023-01-25T20:52:35.492+0100] {logging_mixin.py:137} INFO - [2023-01-25T20:52:35.491+0100] {dag.py:2690} INFO - Sync 1 DAGs
[2023-01-25T20:52:35.609+0100] {logging_mixin.py:137} INFO - [2023-01-25T20:52:35.609+0100] {dag.py:3437} INFO - Setting next_dagrun for hello_world to 2023-01-24T12:00:00+00:00, run_after=2023-01-25T12:00:00+00:00
[2023-01-25T20:52:35.638+0100] {processor.py:175} INFO - Processing /home/manu/airflow/dags/hello_world.py took 0.184 seconds
[2023-01-25T20:53:06.924+0100] {processor.py:153} INFO - Started process (PID=15609) to work on /home/manu/airflow/dags/hello_world.py
[2023-01-25T20:53:06.925+0100] {processor.py:743} INFO - Processing file /home/manu/airflow/dags/hello_world.py for tasks to queue
[2023-01-25T20:53:06.928+0100] {logging_mixin.py:137} INFO - [2023-01-25T20:53:06.927+0100] {dagbag.py:538} INFO - Filling up the DagBag from /home/manu/airflow/dags/hello_world.py
[2023-01-25T20:53:06.945+0100] {processor.py:753} INFO - DAG(s) dict_keys(['hello_world']) retrieved from /home/manu/airflow/dags/hello_world.py
[2023-01-25T20:53:07.071+0100] {logging_mixin.py:137} INFO - [2023-01-25T20:53:07.070+0100] {dag.py:2690} INFO - Sync 1 DAGs
[2023-01-25T20:53:07.094+0100] {logging_mixin.py:137} INFO - [2023-01-25T20:53:07.093+0100] {dag.py:3437} INFO - Setting next_dagrun for hello_world to 2023-01-24T12:00:00+00:00, run_after=2023-01-25T12:00:00+00:00
[2023-01-25T20:53:07.121+0100] {processor.py:175} INFO - Processing /home/manu/airflow/dags/hello_world.py took 0.199 seconds
[2023-01-25T20:53:38.849+0100] {processor.py:153} INFO - Started process (PID=15640) to work on /home/manu/airflow/dags/hello_world.py
[2023-01-25T20:53:38.851+0100] {processor.py:743} INFO - Processing file /home/manu/airflow/dags/hello_world.py for tasks to queue
[2023-01-25T20:53:38.851+0100] {logging_mixin.py:137} INFO - [2023-01-25T20:53:38.851+0100] {dagbag.py:538} INFO - Filling up the DagBag from /home/manu/airflow/dags/hello_world.py
[2023-01-25T20:53:38.868+0100] {processor.py:753} INFO - DAG(s) dict_keys(['hello_world']) retrieved from /home/manu/airflow/dags/hello_world.py
[2023-01-25T20:53:38.885+0100] {logging_mixin.py:137} INFO - [2023-01-25T20:53:38.884+0100] {dag.py:2690} INFO - Sync 1 DAGs
[2023-01-25T20:53:38.909+0100] {logging_mixin.py:137} INFO - [2023-01-25T20:53:38.908+0100] {dag.py:3437} INFO - Setting next_dagrun for hello_world to 2023-01-24T12:00:00+00:00, run_after=2023-01-25T12:00:00+00:00
[2023-01-25T20:53:38.938+0100] {processor.py:175} INFO - Processing /home/manu/airflow/dags/hello_world.py took 0.092 seconds
[2023-01-25T20:54:10.401+0100] {processor.py:153} INFO - Started process (PID=15674) to work on /home/manu/airflow/dags/hello_world.py
[2023-01-25T20:54:10.402+0100] {processor.py:743} INFO - Processing file /home/manu/airflow/dags/hello_world.py for tasks to queue
[2023-01-25T20:54:10.402+0100] {logging_mixin.py:137} INFO - [2023-01-25T20:54:10.402+0100] {dagbag.py:538} INFO - Filling up the DagBag from /home/manu/airflow/dags/hello_world.py
[2023-01-25T20:54:10.419+0100] {processor.py:753} INFO - DAG(s) dict_keys(['hello_world']) retrieved from /home/manu/airflow/dags/hello_world.py
[2023-01-25T20:54:10.436+0100] {logging_mixin.py:137} INFO - [2023-01-25T20:54:10.435+0100] {dag.py:2690} INFO - Sync 1 DAGs
[2023-01-25T20:54:10.456+0100] {logging_mixin.py:137} INFO - [2023-01-25T20:54:10.456+0100] {dag.py:3437} INFO - Setting next_dagrun for hello_world to 2023-01-24T12:00:00+00:00, run_after=2023-01-25T12:00:00+00:00
[2023-01-25T20:54:10.488+0100] {processor.py:175} INFO - Processing /home/manu/airflow/dags/hello_world.py took 0.089 seconds
[2023-01-25T20:54:41.330+0100] {processor.py:153} INFO - Started process (PID=15708) to work on /home/manu/airflow/dags/hello_world.py
[2023-01-25T20:54:41.331+0100] {processor.py:743} INFO - Processing file /home/manu/airflow/dags/hello_world.py for tasks to queue
[2023-01-25T20:54:41.331+0100] {logging_mixin.py:137} INFO - [2023-01-25T20:54:41.331+0100] {dagbag.py:538} INFO - Filling up the DagBag from /home/manu/airflow/dags/hello_world.py
[2023-01-25T20:54:41.347+0100] {processor.py:753} INFO - DAG(s) dict_keys(['hello_world']) retrieved from /home/manu/airflow/dags/hello_world.py
[2023-01-25T20:54:41.363+0100] {logging_mixin.py:137} INFO - [2023-01-25T20:54:41.363+0100] {dag.py:2690} INFO - Sync 1 DAGs
[2023-01-25T20:54:41.385+0100] {logging_mixin.py:137} INFO - [2023-01-25T20:54:41.385+0100] {dag.py:3437} INFO - Setting next_dagrun for hello_world to 2023-01-24T12:00:00+00:00, run_after=2023-01-25T12:00:00+00:00
[2023-01-25T20:54:41.416+0100] {processor.py:175} INFO - Processing /home/manu/airflow/dags/hello_world.py took 0.089 seconds
[2023-01-25T20:55:14.561+0100] {processor.py:153} INFO - Started process (PID=15739) to work on /home/manu/airflow/dags/hello_world.py
[2023-01-25T20:55:14.563+0100] {processor.py:743} INFO - Processing file /home/manu/airflow/dags/hello_world.py for tasks to queue
[2023-01-25T20:55:14.564+0100] {logging_mixin.py:137} INFO - [2023-01-25T20:55:14.564+0100] {dagbag.py:538} INFO - Filling up the DagBag from /home/manu/airflow/dags/hello_world.py
[2023-01-25T20:55:14.581+0100] {processor.py:753} INFO - DAG(s) dict_keys(['hello_world']) retrieved from /home/manu/airflow/dags/hello_world.py
[2023-01-25T20:55:14.598+0100] {logging_mixin.py:137} INFO - [2023-01-25T20:55:14.598+0100] {dag.py:2690} INFO - Sync 1 DAGs
[2023-01-25T20:55:14.625+0100] {logging_mixin.py:137} INFO - [2023-01-25T20:55:14.624+0100] {dag.py:3437} INFO - Setting next_dagrun for hello_world to 2023-01-24T12:00:00+00:00, run_after=2023-01-25T12:00:00+00:00
[2023-01-25T20:55:14.755+0100] {processor.py:175} INFO - Processing /home/manu/airflow/dags/hello_world.py took 0.199 seconds
[2023-01-25T20:55:45.862+0100] {processor.py:153} INFO - Started process (PID=15770) to work on /home/manu/airflow/dags/hello_world.py
[2023-01-25T20:55:45.863+0100] {processor.py:743} INFO - Processing file /home/manu/airflow/dags/hello_world.py for tasks to queue
[2023-01-25T20:55:45.864+0100] {logging_mixin.py:137} INFO - [2023-01-25T20:55:45.864+0100] {dagbag.py:538} INFO - Filling up the DagBag from /home/manu/airflow/dags/hello_world.py
[2023-01-25T20:55:45.880+0100] {processor.py:753} INFO - DAG(s) dict_keys(['hello_world']) retrieved from /home/manu/airflow/dags/hello_world.py
[2023-01-25T20:55:45.896+0100] {logging_mixin.py:137} INFO - [2023-01-25T20:55:45.895+0100] {dag.py:2690} INFO - Sync 1 DAGs
[2023-01-25T20:55:46.014+0100] {logging_mixin.py:137} INFO - [2023-01-25T20:55:46.013+0100] {dag.py:3437} INFO - Setting next_dagrun for hello_world to 2023-01-24T12:00:00+00:00, run_after=2023-01-25T12:00:00+00:00
[2023-01-25T20:55:46.039+0100] {processor.py:175} INFO - Processing /home/manu/airflow/dags/hello_world.py took 0.180 seconds
[2023-01-25T20:56:17.676+0100] {processor.py:153} INFO - Started process (PID=15799) to work on /home/manu/airflow/dags/hello_world.py
[2023-01-25T20:56:17.678+0100] {processor.py:743} INFO - Processing file /home/manu/airflow/dags/hello_world.py for tasks to queue
[2023-01-25T20:56:17.679+0100] {logging_mixin.py:137} INFO - [2023-01-25T20:56:17.679+0100] {dagbag.py:538} INFO - Filling up the DagBag from /home/manu/airflow/dags/hello_world.py
[2023-01-25T20:56:17.695+0100] {processor.py:753} INFO - DAG(s) dict_keys(['hello_world']) retrieved from /home/manu/airflow/dags/hello_world.py
[2023-01-25T20:56:17.712+0100] {logging_mixin.py:137} INFO - [2023-01-25T20:56:17.712+0100] {dag.py:2690} INFO - Sync 1 DAGs
[2023-01-25T20:56:17.834+0100] {logging_mixin.py:137} INFO - [2023-01-25T20:56:17.834+0100] {dag.py:3437} INFO - Setting next_dagrun for hello_world to 2023-01-24T12:00:00+00:00, run_after=2023-01-25T12:00:00+00:00
[2023-01-25T20:56:17.863+0100] {processor.py:175} INFO - Processing /home/manu/airflow/dags/hello_world.py took 0.191 seconds
[2023-01-25T20:56:49.466+0100] {processor.py:153} INFO - Started process (PID=15832) to work on /home/manu/airflow/dags/hello_world.py
[2023-01-25T20:56:49.467+0100] {processor.py:743} INFO - Processing file /home/manu/airflow/dags/hello_world.py for tasks to queue
[2023-01-25T20:56:49.468+0100] {logging_mixin.py:137} INFO - [2023-01-25T20:56:49.468+0100] {dagbag.py:538} INFO - Filling up the DagBag from /home/manu/airflow/dags/hello_world.py
[2023-01-25T20:56:49.485+0100] {processor.py:753} INFO - DAG(s) dict_keys(['hello_world']) retrieved from /home/manu/airflow/dags/hello_world.py
[2023-01-25T20:56:49.501+0100] {logging_mixin.py:137} INFO - [2023-01-25T20:56:49.501+0100] {dag.py:2690} INFO - Sync 1 DAGs
[2023-01-25T20:56:49.625+0100] {logging_mixin.py:137} INFO - [2023-01-25T20:56:49.624+0100] {dag.py:3437} INFO - Setting next_dagrun for hello_world to 2023-01-24T12:00:00+00:00, run_after=2023-01-25T12:00:00+00:00
[2023-01-25T20:56:49.650+0100] {processor.py:175} INFO - Processing /home/manu/airflow/dags/hello_world.py took 0.187 seconds
[2023-01-25T20:57:22.090+0100] {processor.py:153} INFO - Started process (PID=15944) to work on /home/manu/airflow/dags/hello_world.py
[2023-01-25T20:57:22.092+0100] {processor.py:743} INFO - Processing file /home/manu/airflow/dags/hello_world.py for tasks to queue
[2023-01-25T20:57:22.093+0100] {logging_mixin.py:137} INFO - [2023-01-25T20:57:22.093+0100] {dagbag.py:538} INFO - Filling up the DagBag from /home/manu/airflow/dags/hello_world.py
[2023-01-25T20:57:22.112+0100] {processor.py:753} INFO - DAG(s) dict_keys(['hello_world']) retrieved from /home/manu/airflow/dags/hello_world.py
[2023-01-25T20:57:22.230+0100] {logging_mixin.py:137} INFO - [2023-01-25T20:57:22.230+0100] {dag.py:2690} INFO - Sync 1 DAGs
[2023-01-25T20:57:22.249+0100] {logging_mixin.py:137} INFO - [2023-01-25T20:57:22.249+0100] {dag.py:3437} INFO - Setting next_dagrun for hello_world to 2023-01-24T12:00:00+00:00, run_after=2023-01-25T12:00:00+00:00
[2023-01-25T20:57:22.279+0100] {processor.py:175} INFO - Processing /home/manu/airflow/dags/hello_world.py took 0.192 seconds
[2023-01-25T20:57:53.760+0100] {processor.py:153} INFO - Started process (PID=15978) to work on /home/manu/airflow/dags/hello_world.py
[2023-01-25T20:57:53.762+0100] {processor.py:743} INFO - Processing file /home/manu/airflow/dags/hello_world.py for tasks to queue
[2023-01-25T20:57:53.763+0100] {logging_mixin.py:137} INFO - [2023-01-25T20:57:53.763+0100] {dagbag.py:538} INFO - Filling up the DagBag from /home/manu/airflow/dags/hello_world.py
[2023-01-25T20:57:53.781+0100] {processor.py:753} INFO - DAG(s) dict_keys(['hello_world']) retrieved from /home/manu/airflow/dags/hello_world.py
[2023-01-25T20:57:53.797+0100] {logging_mixin.py:137} INFO - [2023-01-25T20:57:53.797+0100] {dag.py:2690} INFO - Sync 1 DAGs
[2023-01-25T20:57:53.820+0100] {logging_mixin.py:137} INFO - [2023-01-25T20:57:53.820+0100] {dag.py:3437} INFO - Setting next_dagrun for hello_world to 2023-01-24T12:00:00+00:00, run_after=2023-01-25T12:00:00+00:00
[2023-01-25T20:57:53.851+0100] {processor.py:175} INFO - Processing /home/manu/airflow/dags/hello_world.py took 0.097 seconds
[2023-01-25T20:58:26.097+0100] {processor.py:153} INFO - Started process (PID=16011) to work on /home/manu/airflow/dags/hello_world.py
[2023-01-25T20:58:26.099+0100] {processor.py:743} INFO - Processing file /home/manu/airflow/dags/hello_world.py for tasks to queue
[2023-01-25T20:58:26.101+0100] {logging_mixin.py:137} INFO - [2023-01-25T20:58:26.100+0100] {dagbag.py:538} INFO - Filling up the DagBag from /home/manu/airflow/dags/hello_world.py
[2023-01-25T20:58:26.119+0100] {processor.py:753} INFO - DAG(s) dict_keys(['hello_world']) retrieved from /home/manu/airflow/dags/hello_world.py
[2023-01-25T20:58:26.136+0100] {logging_mixin.py:137} INFO - [2023-01-25T20:58:26.136+0100] {dag.py:2690} INFO - Sync 1 DAGs
[2023-01-25T20:58:26.159+0100] {logging_mixin.py:137} INFO - [2023-01-25T20:58:26.159+0100] {dag.py:3437} INFO - Setting next_dagrun for hello_world to 2023-01-24T12:00:00+00:00, run_after=2023-01-25T12:00:00+00:00
[2023-01-25T20:58:26.183+0100] {processor.py:175} INFO - Processing /home/manu/airflow/dags/hello_world.py took 0.088 seconds
[2023-01-25T20:58:58.234+0100] {processor.py:153} INFO - Started process (PID=16046) to work on /home/manu/airflow/dags/hello_world.py
[2023-01-25T20:58:58.235+0100] {processor.py:743} INFO - Processing file /home/manu/airflow/dags/hello_world.py for tasks to queue
[2023-01-25T20:58:58.235+0100] {logging_mixin.py:137} INFO - [2023-01-25T20:58:58.235+0100] {dagbag.py:538} INFO - Filling up the DagBag from /home/manu/airflow/dags/hello_world.py
[2023-01-25T20:58:58.252+0100] {processor.py:753} INFO - DAG(s) dict_keys(['hello_world']) retrieved from /home/manu/airflow/dags/hello_world.py
[2023-01-25T20:58:58.269+0100] {logging_mixin.py:137} INFO - [2023-01-25T20:58:58.269+0100] {dag.py:2690} INFO - Sync 1 DAGs
[2023-01-25T20:58:58.295+0100] {logging_mixin.py:137} INFO - [2023-01-25T20:58:58.294+0100] {dag.py:3437} INFO - Setting next_dagrun for hello_world to 2023-01-24T12:00:00+00:00, run_after=2023-01-25T12:00:00+00:00
[2023-01-25T20:58:58.419+0100] {processor.py:175} INFO - Processing /home/manu/airflow/dags/hello_world.py took 0.188 seconds
[2023-01-25T20:59:30.058+0100] {processor.py:153} INFO - Started process (PID=16082) to work on /home/manu/airflow/dags/hello_world.py
[2023-01-25T20:59:30.060+0100] {processor.py:743} INFO - Processing file /home/manu/airflow/dags/hello_world.py for tasks to queue
[2023-01-25T20:59:30.061+0100] {logging_mixin.py:137} INFO - [2023-01-25T20:59:30.061+0100] {dagbag.py:538} INFO - Filling up the DagBag from /home/manu/airflow/dags/hello_world.py
[2023-01-25T20:59:30.062+0100] {processor.py:755} WARNING - No viable dags retrieved from /home/manu/airflow/dags/hello_world.py
[2023-01-25T20:59:30.073+0100] {processor.py:175} INFO - Processing /home/manu/airflow/dags/hello_world.py took 0.020 seconds
