[2023-01-19T20:21:28.549+0000] {processor.py:153} INFO - Started process (PID=55) to work on /opt/airflow/dags/hello_world.py
[2023-01-19T20:21:28.550+0000] {processor.py:743} INFO - Processing file /opt/airflow/dags/hello_world.py for tasks to queue
[2023-01-19T20:21:28.553+0000] {logging_mixin.py:137} INFO - [2023-01-19T20:21:28.552+0000] {dagbag.py:538} INFO - Filling up the DagBag from /opt/airflow/dags/hello_world.py
[2023-01-19T20:21:28.579+0000] {logging_mixin.py:137} INFO - [2023-01-19T20:21:28.578+0000] {dagbag.py:343} ERROR - Failed to import: /opt/airflow/dags/hello_world.py
Traceback (most recent call last):
  File "/home/airflow/.local/lib/python3.7/site-packages/airflow/models/dagbag.py", line 339, in parse
    loader.exec_module(new_module)
  File "<frozen importlib._bootstrap_external>", line 728, in exec_module
  File "<frozen importlib._bootstrap>", line 219, in _call_with_frames_removed
  File "/opt/airflow/dags/hello_world.py", line 5, in <module>
    from airflow.operators import MultiplyBy5Operator
ImportError: cannot import name 'MultiplyBy5Operator' from 'airflow.operators' (/home/airflow/.local/lib/python3.7/site-packages/airflow/operators/__init__.py)
[2023-01-19T20:21:28.580+0000] {processor.py:755} WARNING - No viable dags retrieved from /opt/airflow/dags/hello_world.py
[2023-01-19T20:21:28.620+0000] {processor.py:175} INFO - Processing /opt/airflow/dags/hello_world.py took 0.077 seconds
[2023-01-19T20:21:58.700+0000] {processor.py:153} INFO - Started process (PID=126) to work on /opt/airflow/dags/hello_world.py
[2023-01-19T20:21:58.702+0000] {processor.py:743} INFO - Processing file /opt/airflow/dags/hello_world.py for tasks to queue
[2023-01-19T20:21:58.702+0000] {logging_mixin.py:137} INFO - [2023-01-19T20:21:58.702+0000] {dagbag.py:538} INFO - Filling up the DagBag from /opt/airflow/dags/hello_world.py
[2023-01-19T20:21:58.710+0000] {logging_mixin.py:137} INFO - [2023-01-19T20:21:58.709+0000] {dagbag.py:343} ERROR - Failed to import: /opt/airflow/dags/hello_world.py
Traceback (most recent call last):
  File "/home/airflow/.local/lib/python3.7/site-packages/airflow/models/dagbag.py", line 339, in parse
    loader.exec_module(new_module)
  File "<frozen importlib._bootstrap_external>", line 728, in exec_module
  File "<frozen importlib._bootstrap>", line 219, in _call_with_frames_removed
  File "/opt/airflow/dags/hello_world.py", line 5, in <module>
    from airflow.operators import MultiplyBy5Operator
ImportError: cannot import name 'MultiplyBy5Operator' from 'airflow.operators' (/home/airflow/.local/lib/python3.7/site-packages/airflow/operators/__init__.py)
[2023-01-19T20:21:58.710+0000] {processor.py:755} WARNING - No viable dags retrieved from /opt/airflow/dags/hello_world.py
[2023-01-19T20:21:58.737+0000] {processor.py:175} INFO - Processing /opt/airflow/dags/hello_world.py took 0.040 seconds
[2023-01-19T20:22:44.932+0000] {processor.py:153} INFO - Started process (PID=38) to work on /opt/airflow/dags/hello_world.py
[2023-01-19T20:22:44.933+0000] {processor.py:743} INFO - Processing file /opt/airflow/dags/hello_world.py for tasks to queue
[2023-01-19T20:22:44.934+0000] {logging_mixin.py:137} INFO - [2023-01-19T20:22:44.934+0000] {dagbag.py:538} INFO - Filling up the DagBag from /opt/airflow/dags/hello_world.py
[2023-01-19T20:22:44.944+0000] {logging_mixin.py:137} INFO - [2023-01-19T20:22:44.942+0000] {dagbag.py:343} ERROR - Failed to import: /opt/airflow/dags/hello_world.py
Traceback (most recent call last):
  File "/home/airflow/.local/lib/python3.7/site-packages/airflow/models/dagbag.py", line 339, in parse
    loader.exec_module(new_module)
  File "<frozen importlib._bootstrap_external>", line 728, in exec_module
  File "<frozen importlib._bootstrap>", line 219, in _call_with_frames_removed
  File "/opt/airflow/dags/hello_world.py", line 5, in <module>
    from airflow.operators import MultiplyBy5Operator
ImportError: cannot import name 'MultiplyBy5Operator' from 'airflow.operators' (/home/airflow/.local/lib/python3.7/site-packages/airflow/operators/__init__.py)
[2023-01-19T20:22:44.944+0000] {processor.py:755} WARNING - No viable dags retrieved from /opt/airflow/dags/hello_world.py
[2023-01-19T20:22:44.975+0000] {processor.py:175} INFO - Processing /opt/airflow/dags/hello_world.py took 0.048 seconds
[2023-01-19T20:23:15.755+0000] {processor.py:153} INFO - Started process (PID=127) to work on /opt/airflow/dags/hello_world.py
[2023-01-19T20:23:15.758+0000] {processor.py:743} INFO - Processing file /opt/airflow/dags/hello_world.py for tasks to queue
[2023-01-19T20:23:15.759+0000] {logging_mixin.py:137} INFO - [2023-01-19T20:23:15.758+0000] {dagbag.py:538} INFO - Filling up the DagBag from /opt/airflow/dags/hello_world.py
[2023-01-19T20:23:15.769+0000] {logging_mixin.py:137} INFO - [2023-01-19T20:23:15.768+0000] {dagbag.py:343} ERROR - Failed to import: /opt/airflow/dags/hello_world.py
Traceback (most recent call last):
  File "/home/airflow/.local/lib/python3.7/site-packages/airflow/models/dagbag.py", line 339, in parse
    loader.exec_module(new_module)
  File "<frozen importlib._bootstrap_external>", line 728, in exec_module
  File "<frozen importlib._bootstrap>", line 219, in _call_with_frames_removed
  File "/opt/airflow/dags/hello_world.py", line 5, in <module>
    from airflow.operators import MultiplyBy5Operator
ImportError: cannot import name 'MultiplyBy5Operator' from 'airflow.operators' (/home/airflow/.local/lib/python3.7/site-packages/airflow/operators/__init__.py)
[2023-01-19T20:23:15.770+0000] {processor.py:755} WARNING - No viable dags retrieved from /opt/airflow/dags/hello_world.py
[2023-01-19T20:23:15.802+0000] {processor.py:175} INFO - Processing /opt/airflow/dags/hello_world.py took 0.052 seconds
[2023-01-19T20:23:46.434+0000] {processor.py:153} INFO - Started process (PID=199) to work on /opt/airflow/dags/hello_world.py
[2023-01-19T20:23:46.435+0000] {processor.py:743} INFO - Processing file /opt/airflow/dags/hello_world.py for tasks to queue
[2023-01-19T20:23:46.437+0000] {logging_mixin.py:137} INFO - [2023-01-19T20:23:46.436+0000] {dagbag.py:538} INFO - Filling up the DagBag from /opt/airflow/dags/hello_world.py
[2023-01-19T20:23:46.447+0000] {logging_mixin.py:137} INFO - [2023-01-19T20:23:46.446+0000] {dagbag.py:343} ERROR - Failed to import: /opt/airflow/dags/hello_world.py
Traceback (most recent call last):
  File "/home/airflow/.local/lib/python3.7/site-packages/airflow/models/dagbag.py", line 339, in parse
    loader.exec_module(new_module)
  File "<frozen importlib._bootstrap_external>", line 728, in exec_module
  File "<frozen importlib._bootstrap>", line 219, in _call_with_frames_removed
  File "/opt/airflow/dags/hello_world.py", line 5, in <module>
    from airflow.operators import MultiplyBy5Operator
ImportError: cannot import name 'MultiplyBy5Operator' from 'airflow.operators' (/home/airflow/.local/lib/python3.7/site-packages/airflow/operators/__init__.py)
[2023-01-19T20:23:46.447+0000] {processor.py:755} WARNING - No viable dags retrieved from /opt/airflow/dags/hello_world.py
[2023-01-19T20:23:46.476+0000] {processor.py:175} INFO - Processing /opt/airflow/dags/hello_world.py took 0.045 seconds
[2023-01-19T20:24:16.812+0000] {processor.py:153} INFO - Started process (PID=272) to work on /opt/airflow/dags/hello_world.py
[2023-01-19T20:24:16.813+0000] {processor.py:743} INFO - Processing file /opt/airflow/dags/hello_world.py for tasks to queue
[2023-01-19T20:24:16.814+0000] {logging_mixin.py:137} INFO - [2023-01-19T20:24:16.814+0000] {dagbag.py:538} INFO - Filling up the DagBag from /opt/airflow/dags/hello_world.py
[2023-01-19T20:24:16.823+0000] {logging_mixin.py:137} INFO - [2023-01-19T20:24:16.822+0000] {dagbag.py:343} ERROR - Failed to import: /opt/airflow/dags/hello_world.py
Traceback (most recent call last):
  File "/home/airflow/.local/lib/python3.7/site-packages/airflow/models/dagbag.py", line 339, in parse
    loader.exec_module(new_module)
  File "<frozen importlib._bootstrap_external>", line 728, in exec_module
  File "<frozen importlib._bootstrap>", line 219, in _call_with_frames_removed
  File "/opt/airflow/dags/hello_world.py", line 5, in <module>
    from airflow.operators import MultiplyBy5Operator
ImportError: cannot import name 'MultiplyBy5Operator' from 'airflow.operators' (/home/airflow/.local/lib/python3.7/site-packages/airflow/operators/__init__.py)
[2023-01-19T20:24:16.823+0000] {processor.py:755} WARNING - No viable dags retrieved from /opt/airflow/dags/hello_world.py
[2023-01-19T20:24:16.848+0000] {processor.py:175} INFO - Processing /opt/airflow/dags/hello_world.py took 0.041 seconds
[2023-01-19T20:24:47.233+0000] {processor.py:153} INFO - Started process (PID=360) to work on /opt/airflow/dags/hello_world.py
[2023-01-19T20:24:47.238+0000] {processor.py:743} INFO - Processing file /opt/airflow/dags/hello_world.py for tasks to queue
[2023-01-19T20:24:47.239+0000] {logging_mixin.py:137} INFO - [2023-01-19T20:24:47.239+0000] {dagbag.py:538} INFO - Filling up the DagBag from /opt/airflow/dags/hello_world.py
[2023-01-19T20:24:47.253+0000] {logging_mixin.py:137} INFO - [2023-01-19T20:24:47.251+0000] {dagbag.py:343} ERROR - Failed to import: /opt/airflow/dags/hello_world.py
Traceback (most recent call last):
  File "/home/airflow/.local/lib/python3.7/site-packages/airflow/models/dagbag.py", line 339, in parse
    loader.exec_module(new_module)
  File "<frozen importlib._bootstrap_external>", line 728, in exec_module
  File "<frozen importlib._bootstrap>", line 219, in _call_with_frames_removed
  File "/opt/airflow/dags/hello_world.py", line 5, in <module>
    from airflow.operators import MultiplyBy5Operator
ImportError: cannot import name 'MultiplyBy5Operator' from 'airflow.operators' (/home/airflow/.local/lib/python3.7/site-packages/airflow/operators/__init__.py)
[2023-01-19T20:24:47.254+0000] {processor.py:755} WARNING - No viable dags retrieved from /opt/airflow/dags/hello_world.py
[2023-01-19T20:24:47.283+0000] {processor.py:175} INFO - Processing /opt/airflow/dags/hello_world.py took 0.066 seconds
[2023-01-19T20:25:17.433+0000] {processor.py:153} INFO - Started process (PID=431) to work on /opt/airflow/dags/hello_world.py
[2023-01-19T20:25:17.434+0000] {processor.py:743} INFO - Processing file /opt/airflow/dags/hello_world.py for tasks to queue
[2023-01-19T20:25:17.435+0000] {logging_mixin.py:137} INFO - [2023-01-19T20:25:17.435+0000] {dagbag.py:538} INFO - Filling up the DagBag from /opt/airflow/dags/hello_world.py
[2023-01-19T20:25:17.444+0000] {logging_mixin.py:137} INFO - [2023-01-19T20:25:17.443+0000] {dagbag.py:343} ERROR - Failed to import: /opt/airflow/dags/hello_world.py
Traceback (most recent call last):
  File "/home/airflow/.local/lib/python3.7/site-packages/airflow/models/dagbag.py", line 339, in parse
    loader.exec_module(new_module)
  File "<frozen importlib._bootstrap_external>", line 728, in exec_module
  File "<frozen importlib._bootstrap>", line 219, in _call_with_frames_removed
  File "/opt/airflow/dags/hello_world.py", line 5, in <module>
    from airflow.operators import MultiplyBy5Operator
ImportError: cannot import name 'MultiplyBy5Operator' from 'airflow.operators' (/home/airflow/.local/lib/python3.7/site-packages/airflow/operators/__init__.py)
[2023-01-19T20:25:17.445+0000] {processor.py:755} WARNING - No viable dags retrieved from /opt/airflow/dags/hello_world.py
[2023-01-19T20:25:17.491+0000] {processor.py:175} INFO - Processing /opt/airflow/dags/hello_world.py took 0.062 seconds
[2023-01-19T20:25:47.703+0000] {processor.py:153} INFO - Started process (PID=503) to work on /opt/airflow/dags/hello_world.py
[2023-01-19T20:25:47.704+0000] {processor.py:743} INFO - Processing file /opt/airflow/dags/hello_world.py for tasks to queue
[2023-01-19T20:25:47.706+0000] {logging_mixin.py:137} INFO - [2023-01-19T20:25:47.705+0000] {dagbag.py:538} INFO - Filling up the DagBag from /opt/airflow/dags/hello_world.py
[2023-01-19T20:25:47.719+0000] {logging_mixin.py:137} INFO - [2023-01-19T20:25:47.718+0000] {dagbag.py:343} ERROR - Failed to import: /opt/airflow/dags/hello_world.py
Traceback (most recent call last):
  File "/home/airflow/.local/lib/python3.7/site-packages/airflow/models/dagbag.py", line 339, in parse
    loader.exec_module(new_module)
  File "<frozen importlib._bootstrap_external>", line 728, in exec_module
  File "<frozen importlib._bootstrap>", line 219, in _call_with_frames_removed
  File "/opt/airflow/dags/hello_world.py", line 5, in <module>
    from airflow.operators import MultiplyBy5Operator
ImportError: cannot import name 'MultiplyBy5Operator' from 'airflow.operators' (/home/airflow/.local/lib/python3.7/site-packages/airflow/operators/__init__.py)
[2023-01-19T20:25:47.720+0000] {processor.py:755} WARNING - No viable dags retrieved from /opt/airflow/dags/hello_world.py
[2023-01-19T20:25:47.755+0000] {processor.py:175} INFO - Processing /opt/airflow/dags/hello_world.py took 0.057 seconds
[2023-01-19T20:27:34.913+0000] {processor.py:153} INFO - Started process (PID=55) to work on /opt/airflow/dags/hello_world.py
[2023-01-19T20:27:34.914+0000] {processor.py:743} INFO - Processing file /opt/airflow/dags/hello_world.py for tasks to queue
[2023-01-19T20:27:34.915+0000] {logging_mixin.py:137} INFO - [2023-01-19T20:27:34.915+0000] {dagbag.py:538} INFO - Filling up the DagBag from /opt/airflow/dags/hello_world.py
[2023-01-19T20:27:34.932+0000] {logging_mixin.py:137} INFO - [2023-01-19T20:27:34.931+0000] {dagbag.py:343} ERROR - Failed to import: /opt/airflow/dags/hello_world.py
Traceback (most recent call last):
  File "/home/airflow/.local/lib/python3.7/site-packages/airflow/models/dagbag.py", line 339, in parse
    loader.exec_module(new_module)
  File "<frozen importlib._bootstrap_external>", line 728, in exec_module
  File "<frozen importlib._bootstrap>", line 219, in _call_with_frames_removed
  File "/opt/airflow/dags/hello_world.py", line 5, in <module>
    from airflow.operators import MultiplyBy5Operator
ImportError: cannot import name 'MultiplyBy5Operator' from 'airflow.operators' (/home/airflow/.local/lib/python3.7/site-packages/airflow/operators/__init__.py)
[2023-01-19T20:27:34.932+0000] {processor.py:755} WARNING - No viable dags retrieved from /opt/airflow/dags/hello_world.py
[2023-01-19T20:27:34.959+0000] {processor.py:175} INFO - Processing /opt/airflow/dags/hello_world.py took 0.052 seconds
[2023-01-19T20:28:05.742+0000] {processor.py:153} INFO - Started process (PID=127) to work on /opt/airflow/dags/hello_world.py
[2023-01-19T20:28:05.743+0000] {processor.py:743} INFO - Processing file /opt/airflow/dags/hello_world.py for tasks to queue
[2023-01-19T20:28:05.744+0000] {logging_mixin.py:137} INFO - [2023-01-19T20:28:05.744+0000] {dagbag.py:538} INFO - Filling up the DagBag from /opt/airflow/dags/hello_world.py
[2023-01-19T20:28:05.754+0000] {logging_mixin.py:137} INFO - [2023-01-19T20:28:05.753+0000] {dagbag.py:343} ERROR - Failed to import: /opt/airflow/dags/hello_world.py
Traceback (most recent call last):
  File "/home/airflow/.local/lib/python3.7/site-packages/airflow/models/dagbag.py", line 339, in parse
    loader.exec_module(new_module)
  File "<frozen importlib._bootstrap_external>", line 728, in exec_module
  File "<frozen importlib._bootstrap>", line 219, in _call_with_frames_removed
  File "/opt/airflow/dags/hello_world.py", line 5, in <module>
    from airflow.operators import MultiplyBy5Operator
ImportError: cannot import name 'MultiplyBy5Operator' from 'airflow.operators' (/home/airflow/.local/lib/python3.7/site-packages/airflow/operators/__init__.py)
[2023-01-19T20:28:05.754+0000] {processor.py:755} WARNING - No viable dags retrieved from /opt/airflow/dags/hello_world.py
[2023-01-19T20:28:05.786+0000] {processor.py:175} INFO - Processing /opt/airflow/dags/hello_world.py took 0.049 seconds
[2023-01-19T20:28:36.274+0000] {processor.py:153} INFO - Started process (PID=199) to work on /opt/airflow/dags/hello_world.py
[2023-01-19T20:28:36.276+0000] {processor.py:743} INFO - Processing file /opt/airflow/dags/hello_world.py for tasks to queue
[2023-01-19T20:28:36.277+0000] {logging_mixin.py:137} INFO - [2023-01-19T20:28:36.276+0000] {dagbag.py:538} INFO - Filling up the DagBag from /opt/airflow/dags/hello_world.py
[2023-01-19T20:28:36.288+0000] {logging_mixin.py:137} INFO - [2023-01-19T20:28:36.287+0000] {dagbag.py:343} ERROR - Failed to import: /opt/airflow/dags/hello_world.py
Traceback (most recent call last):
  File "/home/airflow/.local/lib/python3.7/site-packages/airflow/models/dagbag.py", line 339, in parse
    loader.exec_module(new_module)
  File "<frozen importlib._bootstrap_external>", line 728, in exec_module
  File "<frozen importlib._bootstrap>", line 219, in _call_with_frames_removed
  File "/opt/airflow/dags/hello_world.py", line 5, in <module>
    from airflow.operators import MultiplyBy5Operator
ImportError: cannot import name 'MultiplyBy5Operator' from 'airflow.operators' (/home/airflow/.local/lib/python3.7/site-packages/airflow/operators/__init__.py)
[2023-01-19T20:28:36.288+0000] {processor.py:755} WARNING - No viable dags retrieved from /opt/airflow/dags/hello_world.py
[2023-01-19T20:28:36.319+0000] {processor.py:175} INFO - Processing /opt/airflow/dags/hello_world.py took 0.050 seconds
[2023-01-19T20:29:06.363+0000] {processor.py:153} INFO - Started process (PID=276) to work on /opt/airflow/dags/hello_world.py
[2023-01-19T20:29:06.365+0000] {processor.py:743} INFO - Processing file /opt/airflow/dags/hello_world.py for tasks to queue
[2023-01-19T20:29:06.367+0000] {logging_mixin.py:137} INFO - [2023-01-19T20:29:06.366+0000] {dagbag.py:538} INFO - Filling up the DagBag from /opt/airflow/dags/hello_world.py
[2023-01-19T20:29:06.380+0000] {logging_mixin.py:137} INFO - [2023-01-19T20:29:06.379+0000] {dagbag.py:343} ERROR - Failed to import: /opt/airflow/dags/hello_world.py
Traceback (most recent call last):
  File "/home/airflow/.local/lib/python3.7/site-packages/airflow/models/dagbag.py", line 339, in parse
    loader.exec_module(new_module)
  File "<frozen importlib._bootstrap_external>", line 728, in exec_module
  File "<frozen importlib._bootstrap>", line 219, in _call_with_frames_removed
  File "/opt/airflow/dags/hello_world.py", line 5, in <module>
    from airflow.operators import MultiplyBy5Operator
ImportError: cannot import name 'MultiplyBy5Operator' from 'airflow.operators' (/home/airflow/.local/lib/python3.7/site-packages/airflow/operators/__init__.py)
[2023-01-19T20:29:06.386+0000] {processor.py:755} WARNING - No viable dags retrieved from /opt/airflow/dags/hello_world.py
[2023-01-19T20:29:06.432+0000] {processor.py:175} INFO - Processing /opt/airflow/dags/hello_world.py took 0.076 seconds
[2023-01-19T20:29:08.632+0000] {processor.py:153} INFO - Started process (PID=290) to work on /opt/airflow/dags/hello_world.py
[2023-01-19T20:29:08.634+0000] {processor.py:743} INFO - Processing file /opt/airflow/dags/hello_world.py for tasks to queue
[2023-01-19T20:29:08.635+0000] {logging_mixin.py:137} INFO - [2023-01-19T20:29:08.635+0000] {dagbag.py:538} INFO - Filling up the DagBag from /opt/airflow/dags/hello_world.py
[2023-01-19T20:29:08.644+0000] {logging_mixin.py:137} INFO - [2023-01-19T20:29:08.642+0000] {dagbag.py:343} ERROR - Failed to import: /opt/airflow/dags/hello_world.py
Traceback (most recent call last):
  File "/home/airflow/.local/lib/python3.7/site-packages/airflow/models/dagbag.py", line 339, in parse
    loader.exec_module(new_module)
  File "<frozen importlib._bootstrap_external>", line 728, in exec_module
  File "<frozen importlib._bootstrap>", line 219, in _call_with_frames_removed
  File "/opt/airflow/dags/hello_world.py", line 5, in <module>
    from airflow.operators import MultiplyBy5Operator
ImportError: cannot import name 'MultiplyBy5Operator' from 'airflow.operators' (/home/airflow/.local/lib/python3.7/site-packages/airflow/operators/__init__.py)
[2023-01-19T20:29:08.644+0000] {processor.py:755} WARNING - No viable dags retrieved from /opt/airflow/dags/hello_world.py
[2023-01-19T20:29:08.673+0000] {processor.py:175} INFO - Processing /opt/airflow/dags/hello_world.py took 0.045 seconds
[2023-01-19T20:29:38.872+0000] {processor.py:153} INFO - Started process (PID=363) to work on /opt/airflow/dags/hello_world.py
[2023-01-19T20:29:38.873+0000] {processor.py:743} INFO - Processing file /opt/airflow/dags/hello_world.py for tasks to queue
[2023-01-19T20:29:38.874+0000] {logging_mixin.py:137} INFO - [2023-01-19T20:29:38.874+0000] {dagbag.py:538} INFO - Filling up the DagBag from /opt/airflow/dags/hello_world.py
[2023-01-19T20:29:38.884+0000] {logging_mixin.py:137} INFO - [2023-01-19T20:29:38.883+0000] {dagbag.py:343} ERROR - Failed to import: /opt/airflow/dags/hello_world.py
Traceback (most recent call last):
  File "/home/airflow/.local/lib/python3.7/site-packages/airflow/models/dagbag.py", line 339, in parse
    loader.exec_module(new_module)
  File "<frozen importlib._bootstrap_external>", line 728, in exec_module
  File "<frozen importlib._bootstrap>", line 219, in _call_with_frames_removed
  File "/opt/airflow/dags/hello_world.py", line 5, in <module>
    from airflow.operators import MultiplyBy5Operator
ImportError: cannot import name 'MultiplyBy5Operator' from 'airflow.operators' (/home/airflow/.local/lib/python3.7/site-packages/airflow/operators/__init__.py)
[2023-01-19T20:29:38.884+0000] {processor.py:755} WARNING - No viable dags retrieved from /opt/airflow/dags/hello_world.py
[2023-01-19T20:29:38.909+0000] {processor.py:175} INFO - Processing /opt/airflow/dags/hello_world.py took 0.041 seconds
[2023-01-19T20:30:09.734+0000] {processor.py:153} INFO - Started process (PID=435) to work on /opt/airflow/dags/hello_world.py
[2023-01-19T20:30:09.735+0000] {processor.py:743} INFO - Processing file /opt/airflow/dags/hello_world.py for tasks to queue
[2023-01-19T20:30:09.735+0000] {logging_mixin.py:137} INFO - [2023-01-19T20:30:09.735+0000] {dagbag.py:538} INFO - Filling up the DagBag from /opt/airflow/dags/hello_world.py
[2023-01-19T20:30:09.743+0000] {logging_mixin.py:137} INFO - [2023-01-19T20:30:09.742+0000] {dagbag.py:343} ERROR - Failed to import: /opt/airflow/dags/hello_world.py
Traceback (most recent call last):
  File "/home/airflow/.local/lib/python3.7/site-packages/airflow/models/dagbag.py", line 339, in parse
    loader.exec_module(new_module)
  File "<frozen importlib._bootstrap_external>", line 728, in exec_module
  File "<frozen importlib._bootstrap>", line 219, in _call_with_frames_removed
  File "/opt/airflow/dags/hello_world.py", line 5, in <module>
    from airflow.operators import MultiplyBy5Operator
ImportError: cannot import name 'MultiplyBy5Operator' from 'airflow.operators' (/home/airflow/.local/lib/python3.7/site-packages/airflow/operators/__init__.py)
[2023-01-19T20:30:09.744+0000] {processor.py:755} WARNING - No viable dags retrieved from /opt/airflow/dags/hello_world.py
[2023-01-19T20:30:09.769+0000] {processor.py:175} INFO - Processing /opt/airflow/dags/hello_world.py took 0.042 seconds
[2023-01-19T20:30:39.935+0000] {processor.py:153} INFO - Started process (PID=507) to work on /opt/airflow/dags/hello_world.py
[2023-01-19T20:30:39.936+0000] {processor.py:743} INFO - Processing file /opt/airflow/dags/hello_world.py for tasks to queue
[2023-01-19T20:30:39.938+0000] {logging_mixin.py:137} INFO - [2023-01-19T20:30:39.937+0000] {dagbag.py:538} INFO - Filling up the DagBag from /opt/airflow/dags/hello_world.py
[2023-01-19T20:30:39.969+0000] {logging_mixin.py:137} INFO - [2023-01-19T20:30:39.967+0000] {dagbag.py:343} ERROR - Failed to import: /opt/airflow/dags/hello_world.py
Traceback (most recent call last):
  File "/home/airflow/.local/lib/python3.7/site-packages/airflow/models/dagbag.py", line 339, in parse
    loader.exec_module(new_module)
  File "<frozen importlib._bootstrap_external>", line 728, in exec_module
  File "<frozen importlib._bootstrap>", line 219, in _call_with_frames_removed
  File "/opt/airflow/dags/hello_world.py", line 5, in <module>
    from airflow.operators import MultiplyBy5Operator
ImportError: cannot import name 'MultiplyBy5Operator' from 'airflow.operators' (/home/airflow/.local/lib/python3.7/site-packages/airflow/operators/__init__.py)
[2023-01-19T20:30:39.969+0000] {processor.py:755} WARNING - No viable dags retrieved from /opt/airflow/dags/hello_world.py
[2023-01-19T20:30:40.047+0000] {processor.py:175} INFO - Processing /opt/airflow/dags/hello_world.py took 0.122 seconds
[2023-01-19T20:31:10.219+0000] {processor.py:153} INFO - Started process (PID=595) to work on /opt/airflow/dags/hello_world.py
[2023-01-19T20:31:10.221+0000] {processor.py:743} INFO - Processing file /opt/airflow/dags/hello_world.py for tasks to queue
[2023-01-19T20:31:10.222+0000] {logging_mixin.py:137} INFO - [2023-01-19T20:31:10.221+0000] {dagbag.py:538} INFO - Filling up the DagBag from /opt/airflow/dags/hello_world.py
[2023-01-19T20:31:10.232+0000] {logging_mixin.py:137} INFO - [2023-01-19T20:31:10.230+0000] {dagbag.py:343} ERROR - Failed to import: /opt/airflow/dags/hello_world.py
Traceback (most recent call last):
  File "/home/airflow/.local/lib/python3.7/site-packages/airflow/models/dagbag.py", line 339, in parse
    loader.exec_module(new_module)
  File "<frozen importlib._bootstrap_external>", line 728, in exec_module
  File "<frozen importlib._bootstrap>", line 219, in _call_with_frames_removed
  File "/opt/airflow/dags/hello_world.py", line 5, in <module>
    from airflow.operators import MultiplyBy5Operator
ImportError: cannot import name 'MultiplyBy5Operator' from 'airflow.operators' (/home/airflow/.local/lib/python3.7/site-packages/airflow/operators/__init__.py)
[2023-01-19T20:31:10.232+0000] {processor.py:755} WARNING - No viable dags retrieved from /opt/airflow/dags/hello_world.py
[2023-01-19T20:31:10.259+0000] {processor.py:175} INFO - Processing /opt/airflow/dags/hello_world.py took 0.045 seconds
[2023-01-19T20:31:41.097+0000] {processor.py:153} INFO - Started process (PID=667) to work on /opt/airflow/dags/hello_world.py
[2023-01-19T20:31:41.098+0000] {processor.py:743} INFO - Processing file /opt/airflow/dags/hello_world.py for tasks to queue
[2023-01-19T20:31:41.099+0000] {logging_mixin.py:137} INFO - [2023-01-19T20:31:41.099+0000] {dagbag.py:538} INFO - Filling up the DagBag from /opt/airflow/dags/hello_world.py
[2023-01-19T20:31:41.107+0000] {logging_mixin.py:137} INFO - [2023-01-19T20:31:41.106+0000] {dagbag.py:343} ERROR - Failed to import: /opt/airflow/dags/hello_world.py
Traceback (most recent call last):
  File "/home/airflow/.local/lib/python3.7/site-packages/airflow/models/dagbag.py", line 339, in parse
    loader.exec_module(new_module)
  File "<frozen importlib._bootstrap_external>", line 728, in exec_module
  File "<frozen importlib._bootstrap>", line 219, in _call_with_frames_removed
  File "/opt/airflow/dags/hello_world.py", line 5, in <module>
    from airflow.operators import MultiplyBy5Operator
ImportError: cannot import name 'MultiplyBy5Operator' from 'airflow.operators' (/home/airflow/.local/lib/python3.7/site-packages/airflow/operators/__init__.py)
[2023-01-19T20:31:41.108+0000] {processor.py:755} WARNING - No viable dags retrieved from /opt/airflow/dags/hello_world.py
[2023-01-19T20:31:41.138+0000] {processor.py:175} INFO - Processing /opt/airflow/dags/hello_world.py took 0.045 seconds
[2023-01-19T20:31:50.041+0000] {processor.py:153} INFO - Started process (PID=720) to work on /opt/airflow/dags/hello_world.py
[2023-01-19T20:31:50.042+0000] {processor.py:743} INFO - Processing file /opt/airflow/dags/hello_world.py for tasks to queue
[2023-01-19T20:31:50.043+0000] {logging_mixin.py:137} INFO - [2023-01-19T20:31:50.043+0000] {dagbag.py:538} INFO - Filling up the DagBag from /opt/airflow/dags/hello_world.py
[2023-01-19T20:31:50.065+0000] {processor.py:753} INFO - DAG(s) dict_keys(['hello_world']) retrieved from /opt/airflow/dags/hello_world.py
[2023-01-19T20:31:50.249+0000] {logging_mixin.py:137} INFO - [2023-01-19T20:31:50.248+0000] {manager.py:504} INFO - Created Permission View: can delete on DAG:hello_world
[2023-01-19T20:31:50.275+0000] {logging_mixin.py:137} INFO - [2023-01-19T20:31:50.275+0000] {manager.py:504} INFO - Created Permission View: can edit on DAG:hello_world
[2023-01-19T20:31:50.291+0000] {logging_mixin.py:137} INFO - [2023-01-19T20:31:50.290+0000] {manager.py:504} INFO - Created Permission View: can read on DAG:hello_world
[2023-01-19T20:31:50.291+0000] {logging_mixin.py:137} INFO - [2023-01-19T20:31:50.291+0000] {dag.py:2676} INFO - Sync 1 DAGs
[2023-01-19T20:31:50.313+0000] {logging_mixin.py:137} INFO - [2023-01-19T20:31:50.313+0000] {dag.py:2697} INFO - Creating ORM DAG for hello_world
[2023-01-19T20:31:50.331+0000] {logging_mixin.py:137} INFO - [2023-01-19T20:31:50.330+0000] {dag.py:3427} INFO - Setting next_dagrun for hello_world to 2023-01-18T12:00:00+00:00, run_after=2023-01-19T12:00:00+00:00
[2023-01-19T20:31:50.361+0000] {processor.py:175} INFO - Processing /opt/airflow/dags/hello_world.py took 0.324 seconds
[2023-01-19T20:32:21.290+0000] {processor.py:153} INFO - Started process (PID=793) to work on /opt/airflow/dags/hello_world.py
[2023-01-19T20:32:21.292+0000] {processor.py:743} INFO - Processing file /opt/airflow/dags/hello_world.py for tasks to queue
[2023-01-19T20:32:21.293+0000] {logging_mixin.py:137} INFO - [2023-01-19T20:32:21.292+0000] {dagbag.py:538} INFO - Filling up the DagBag from /opt/airflow/dags/hello_world.py
[2023-01-19T20:32:21.319+0000] {processor.py:753} INFO - DAG(s) dict_keys(['hello_world']) retrieved from /opt/airflow/dags/hello_world.py
[2023-01-19T20:32:21.364+0000] {logging_mixin.py:137} INFO - [2023-01-19T20:32:21.364+0000] {dag.py:2676} INFO - Sync 1 DAGs
[2023-01-19T20:32:21.398+0000] {logging_mixin.py:137} INFO - [2023-01-19T20:32:21.398+0000] {dag.py:3427} INFO - Setting next_dagrun for hello_world to 2023-01-18T12:00:00+00:00, run_after=2023-01-19T12:00:00+00:00
[2023-01-19T20:32:21.423+0000] {processor.py:175} INFO - Processing /opt/airflow/dags/hello_world.py took 0.137 seconds
[2023-01-19T20:32:51.600+0000] {processor.py:153} INFO - Started process (PID=865) to work on /opt/airflow/dags/hello_world.py
[2023-01-19T20:32:51.601+0000] {processor.py:743} INFO - Processing file /opt/airflow/dags/hello_world.py for tasks to queue
[2023-01-19T20:32:51.602+0000] {logging_mixin.py:137} INFO - [2023-01-19T20:32:51.602+0000] {dagbag.py:538} INFO - Filling up the DagBag from /opt/airflow/dags/hello_world.py
[2023-01-19T20:32:51.623+0000] {processor.py:753} INFO - DAG(s) dict_keys(['hello_world']) retrieved from /opt/airflow/dags/hello_world.py
[2023-01-19T20:32:51.670+0000] {logging_mixin.py:137} INFO - [2023-01-19T20:32:51.670+0000] {dag.py:2676} INFO - Sync 1 DAGs
[2023-01-19T20:32:51.706+0000] {logging_mixin.py:137} INFO - [2023-01-19T20:32:51.706+0000] {dag.py:3427} INFO - Setting next_dagrun for hello_world to 2023-01-18T12:00:00+00:00, run_after=2023-01-19T12:00:00+00:00
[2023-01-19T20:32:51.730+0000] {processor.py:175} INFO - Processing /opt/airflow/dags/hello_world.py took 0.134 seconds
[2023-01-19T20:33:21.867+0000] {processor.py:153} INFO - Started process (PID=946) to work on /opt/airflow/dags/hello_world.py
[2023-01-19T20:33:21.869+0000] {processor.py:743} INFO - Processing file /opt/airflow/dags/hello_world.py for tasks to queue
[2023-01-19T20:33:21.869+0000] {logging_mixin.py:137} INFO - [2023-01-19T20:33:21.869+0000] {dagbag.py:538} INFO - Filling up the DagBag from /opt/airflow/dags/hello_world.py
[2023-01-19T20:33:21.893+0000] {processor.py:753} INFO - DAG(s) dict_keys(['hello_world']) retrieved from /opt/airflow/dags/hello_world.py
[2023-01-19T20:33:21.950+0000] {logging_mixin.py:137} INFO - [2023-01-19T20:33:21.950+0000] {dag.py:2676} INFO - Sync 1 DAGs
[2023-01-19T20:33:21.994+0000] {logging_mixin.py:137} INFO - [2023-01-19T20:33:21.994+0000] {dag.py:3427} INFO - Setting next_dagrun for hello_world to 2023-01-18T12:00:00+00:00, run_after=2023-01-19T12:00:00+00:00
[2023-01-19T20:33:22.021+0000] {processor.py:175} INFO - Processing /opt/airflow/dags/hello_world.py took 0.158 seconds
[2023-01-19T20:33:52.262+0000] {processor.py:153} INFO - Started process (PID=1025) to work on /opt/airflow/dags/hello_world.py
[2023-01-19T20:33:52.263+0000] {processor.py:743} INFO - Processing file /opt/airflow/dags/hello_world.py for tasks to queue
[2023-01-19T20:33:52.264+0000] {logging_mixin.py:137} INFO - [2023-01-19T20:33:52.264+0000] {dagbag.py:538} INFO - Filling up the DagBag from /opt/airflow/dags/hello_world.py
[2023-01-19T20:33:52.284+0000] {processor.py:753} INFO - DAG(s) dict_keys(['hello_world']) retrieved from /opt/airflow/dags/hello_world.py
[2023-01-19T20:33:52.326+0000] {logging_mixin.py:137} INFO - [2023-01-19T20:33:52.326+0000] {dag.py:2676} INFO - Sync 1 DAGs
[2023-01-19T20:33:52.359+0000] {logging_mixin.py:137} INFO - [2023-01-19T20:33:52.359+0000] {dag.py:3427} INFO - Setting next_dagrun for hello_world to 2023-01-18T12:00:00+00:00, run_after=2023-01-19T12:00:00+00:00
[2023-01-19T20:33:52.383+0000] {processor.py:175} INFO - Processing /opt/airflow/dags/hello_world.py took 0.125 seconds
[2023-01-19T20:34:22.545+0000] {processor.py:153} INFO - Started process (PID=1097) to work on /opt/airflow/dags/hello_world.py
[2023-01-19T20:34:22.546+0000] {processor.py:743} INFO - Processing file /opt/airflow/dags/hello_world.py for tasks to queue
[2023-01-19T20:34:22.547+0000] {logging_mixin.py:137} INFO - [2023-01-19T20:34:22.547+0000] {dagbag.py:538} INFO - Filling up the DagBag from /opt/airflow/dags/hello_world.py
[2023-01-19T20:34:22.566+0000] {processor.py:753} INFO - DAG(s) dict_keys(['hello_world']) retrieved from /opt/airflow/dags/hello_world.py
[2023-01-19T20:34:22.609+0000] {logging_mixin.py:137} INFO - [2023-01-19T20:34:22.609+0000] {dag.py:2676} INFO - Sync 1 DAGs
[2023-01-19T20:34:22.642+0000] {logging_mixin.py:137} INFO - [2023-01-19T20:34:22.642+0000] {dag.py:3427} INFO - Setting next_dagrun for hello_world to 2023-01-18T12:00:00+00:00, run_after=2023-01-19T12:00:00+00:00
[2023-01-19T20:34:22.667+0000] {processor.py:175} INFO - Processing /opt/airflow/dags/hello_world.py took 0.126 seconds
[2023-01-19T20:34:53.370+0000] {processor.py:153} INFO - Started process (PID=1169) to work on /opt/airflow/dags/hello_world.py
[2023-01-19T20:34:53.371+0000] {processor.py:743} INFO - Processing file /opt/airflow/dags/hello_world.py for tasks to queue
[2023-01-19T20:34:53.372+0000] {logging_mixin.py:137} INFO - [2023-01-19T20:34:53.372+0000] {dagbag.py:538} INFO - Filling up the DagBag from /opt/airflow/dags/hello_world.py
[2023-01-19T20:34:53.395+0000] {processor.py:753} INFO - DAG(s) dict_keys(['hello_world']) retrieved from /opt/airflow/dags/hello_world.py
[2023-01-19T20:34:53.448+0000] {logging_mixin.py:137} INFO - [2023-01-19T20:34:53.447+0000] {dag.py:2676} INFO - Sync 1 DAGs
[2023-01-19T20:34:53.485+0000] {logging_mixin.py:137} INFO - [2023-01-19T20:34:53.485+0000] {dag.py:3427} INFO - Setting next_dagrun for hello_world to 2023-01-18T12:00:00+00:00, run_after=2023-01-19T12:00:00+00:00
[2023-01-19T20:34:53.513+0000] {processor.py:175} INFO - Processing /opt/airflow/dags/hello_world.py took 0.148 seconds
[2023-01-19T20:35:23.910+0000] {processor.py:153} INFO - Started process (PID=1257) to work on /opt/airflow/dags/hello_world.py
[2023-01-19T20:35:23.912+0000] {processor.py:743} INFO - Processing file /opt/airflow/dags/hello_world.py for tasks to queue
[2023-01-19T20:35:23.912+0000] {logging_mixin.py:137} INFO - [2023-01-19T20:35:23.912+0000] {dagbag.py:538} INFO - Filling up the DagBag from /opt/airflow/dags/hello_world.py
[2023-01-19T20:35:23.932+0000] {processor.py:753} INFO - DAG(s) dict_keys(['hello_world']) retrieved from /opt/airflow/dags/hello_world.py
[2023-01-19T20:35:23.980+0000] {logging_mixin.py:137} INFO - [2023-01-19T20:35:23.979+0000] {dag.py:2676} INFO - Sync 1 DAGs
[2023-01-19T20:35:24.013+0000] {logging_mixin.py:137} INFO - [2023-01-19T20:35:24.013+0000] {dag.py:3427} INFO - Setting next_dagrun for hello_world to 2023-01-18T12:00:00+00:00, run_after=2023-01-19T12:00:00+00:00
[2023-01-19T20:35:24.037+0000] {processor.py:175} INFO - Processing /opt/airflow/dags/hello_world.py took 0.131 seconds
[2023-01-19T20:35:54.981+0000] {processor.py:153} INFO - Started process (PID=1329) to work on /opt/airflow/dags/hello_world.py
[2023-01-19T20:35:54.982+0000] {processor.py:743} INFO - Processing file /opt/airflow/dags/hello_world.py for tasks to queue
[2023-01-19T20:35:54.983+0000] {logging_mixin.py:137} INFO - [2023-01-19T20:35:54.983+0000] {dagbag.py:538} INFO - Filling up the DagBag from /opt/airflow/dags/hello_world.py
[2023-01-19T20:35:55.005+0000] {processor.py:753} INFO - DAG(s) dict_keys(['hello_world']) retrieved from /opt/airflow/dags/hello_world.py
[2023-01-19T20:35:55.058+0000] {logging_mixin.py:137} INFO - [2023-01-19T20:35:55.057+0000] {dag.py:2676} INFO - Sync 1 DAGs
[2023-01-19T20:35:55.106+0000] {logging_mixin.py:137} INFO - [2023-01-19T20:35:55.106+0000] {dag.py:3427} INFO - Setting next_dagrun for hello_world to 2023-01-18T12:00:00+00:00, run_after=2023-01-19T12:00:00+00:00
[2023-01-19T20:35:55.148+0000] {processor.py:175} INFO - Processing /opt/airflow/dags/hello_world.py took 0.172 seconds
[2023-01-19T20:36:25.646+0000] {processor.py:153} INFO - Started process (PID=1402) to work on /opt/airflow/dags/hello_world.py
[2023-01-19T20:36:25.647+0000] {processor.py:743} INFO - Processing file /opt/airflow/dags/hello_world.py for tasks to queue
[2023-01-19T20:36:25.648+0000] {logging_mixin.py:137} INFO - [2023-01-19T20:36:25.648+0000] {dagbag.py:538} INFO - Filling up the DagBag from /opt/airflow/dags/hello_world.py
[2023-01-19T20:36:25.669+0000] {processor.py:753} INFO - DAG(s) dict_keys(['hello_world']) retrieved from /opt/airflow/dags/hello_world.py
[2023-01-19T20:36:25.721+0000] {logging_mixin.py:137} INFO - [2023-01-19T20:36:25.721+0000] {dag.py:2676} INFO - Sync 1 DAGs
[2023-01-19T20:36:25.759+0000] {logging_mixin.py:137} INFO - [2023-01-19T20:36:25.759+0000] {dag.py:3427} INFO - Setting next_dagrun for hello_world to 2023-01-18T12:00:00+00:00, run_after=2023-01-19T12:00:00+00:00
[2023-01-19T20:36:25.784+0000] {processor.py:175} INFO - Processing /opt/airflow/dags/hello_world.py took 0.142 seconds
[2023-01-19T20:36:56.595+0000] {processor.py:153} INFO - Started process (PID=1490) to work on /opt/airflow/dags/hello_world.py
[2023-01-19T20:36:56.597+0000] {processor.py:743} INFO - Processing file /opt/airflow/dags/hello_world.py for tasks to queue
[2023-01-19T20:36:56.598+0000] {logging_mixin.py:137} INFO - [2023-01-19T20:36:56.597+0000] {dagbag.py:538} INFO - Filling up the DagBag from /opt/airflow/dags/hello_world.py
[2023-01-19T20:36:56.617+0000] {processor.py:753} INFO - DAG(s) dict_keys(['hello_world']) retrieved from /opt/airflow/dags/hello_world.py
[2023-01-19T20:36:56.668+0000] {logging_mixin.py:137} INFO - [2023-01-19T20:36:56.668+0000] {dag.py:2676} INFO - Sync 1 DAGs
[2023-01-19T20:36:56.704+0000] {logging_mixin.py:137} INFO - [2023-01-19T20:36:56.704+0000] {dag.py:3427} INFO - Setting next_dagrun for hello_world to 2023-01-18T12:00:00+00:00, run_after=2023-01-19T12:00:00+00:00
[2023-01-19T20:36:56.729+0000] {processor.py:175} INFO - Processing /opt/airflow/dags/hello_world.py took 0.137 seconds
[2023-01-19T20:37:26.887+0000] {processor.py:153} INFO - Started process (PID=1562) to work on /opt/airflow/dags/hello_world.py
[2023-01-19T20:37:26.888+0000] {processor.py:743} INFO - Processing file /opt/airflow/dags/hello_world.py for tasks to queue
[2023-01-19T20:37:26.890+0000] {logging_mixin.py:137} INFO - [2023-01-19T20:37:26.890+0000] {dagbag.py:538} INFO - Filling up the DagBag from /opt/airflow/dags/hello_world.py
[2023-01-19T20:37:26.912+0000] {processor.py:753} INFO - DAG(s) dict_keys(['hello_world']) retrieved from /opt/airflow/dags/hello_world.py
[2023-01-19T20:37:26.961+0000] {logging_mixin.py:137} INFO - [2023-01-19T20:37:26.961+0000] {dag.py:2676} INFO - Sync 1 DAGs
[2023-01-19T20:37:27.000+0000] {logging_mixin.py:137} INFO - [2023-01-19T20:37:27.000+0000] {dag.py:3427} INFO - Setting next_dagrun for hello_world to 2023-01-18T12:00:00+00:00, run_after=2023-01-19T12:00:00+00:00
[2023-01-19T20:37:27.030+0000] {processor.py:175} INFO - Processing /opt/airflow/dags/hello_world.py took 0.146 seconds
[2023-01-19T20:37:57.669+0000] {processor.py:153} INFO - Started process (PID=1634) to work on /opt/airflow/dags/hello_world.py
[2023-01-19T20:37:57.670+0000] {processor.py:743} INFO - Processing file /opt/airflow/dags/hello_world.py for tasks to queue
[2023-01-19T20:37:57.671+0000] {logging_mixin.py:137} INFO - [2023-01-19T20:37:57.671+0000] {dagbag.py:538} INFO - Filling up the DagBag from /opt/airflow/dags/hello_world.py
[2023-01-19T20:37:57.691+0000] {processor.py:753} INFO - DAG(s) dict_keys(['hello_world']) retrieved from /opt/airflow/dags/hello_world.py
[2023-01-19T20:37:57.734+0000] {logging_mixin.py:137} INFO - [2023-01-19T20:37:57.734+0000] {dag.py:2676} INFO - Sync 1 DAGs
[2023-01-19T20:37:57.768+0000] {logging_mixin.py:137} INFO - [2023-01-19T20:37:57.768+0000] {dag.py:3427} INFO - Setting next_dagrun for hello_world to 2023-01-18T12:00:00+00:00, run_after=2023-01-19T12:00:00+00:00
[2023-01-19T20:37:57.794+0000] {processor.py:175} INFO - Processing /opt/airflow/dags/hello_world.py took 0.129 seconds
[2023-01-19T20:38:28.193+0000] {processor.py:153} INFO - Started process (PID=1722) to work on /opt/airflow/dags/hello_world.py
[2023-01-19T20:38:28.194+0000] {processor.py:743} INFO - Processing file /opt/airflow/dags/hello_world.py for tasks to queue
[2023-01-19T20:38:28.196+0000] {logging_mixin.py:137} INFO - [2023-01-19T20:38:28.195+0000] {dagbag.py:538} INFO - Filling up the DagBag from /opt/airflow/dags/hello_world.py
[2023-01-19T20:38:28.223+0000] {processor.py:753} INFO - DAG(s) dict_keys(['hello_world']) retrieved from /opt/airflow/dags/hello_world.py
[2023-01-19T20:38:28.270+0000] {logging_mixin.py:137} INFO - [2023-01-19T20:38:28.269+0000] {dag.py:2676} INFO - Sync 1 DAGs
[2023-01-19T20:38:28.307+0000] {logging_mixin.py:137} INFO - [2023-01-19T20:38:28.307+0000] {dag.py:3427} INFO - Setting next_dagrun for hello_world to 2023-01-18T12:00:00+00:00, run_after=2023-01-19T12:00:00+00:00
[2023-01-19T20:38:28.333+0000] {processor.py:175} INFO - Processing /opt/airflow/dags/hello_world.py took 0.145 seconds
[2023-01-19T20:38:59.224+0000] {processor.py:153} INFO - Started process (PID=1794) to work on /opt/airflow/dags/hello_world.py
[2023-01-19T20:38:59.225+0000] {processor.py:743} INFO - Processing file /opt/airflow/dags/hello_world.py for tasks to queue
[2023-01-19T20:38:59.226+0000] {logging_mixin.py:137} INFO - [2023-01-19T20:38:59.226+0000] {dagbag.py:538} INFO - Filling up the DagBag from /opt/airflow/dags/hello_world.py
[2023-01-19T20:38:59.248+0000] {processor.py:753} INFO - DAG(s) dict_keys(['hello_world']) retrieved from /opt/airflow/dags/hello_world.py
[2023-01-19T20:38:59.290+0000] {logging_mixin.py:137} INFO - [2023-01-19T20:38:59.290+0000] {dag.py:2676} INFO - Sync 1 DAGs
[2023-01-19T20:38:59.326+0000] {logging_mixin.py:137} INFO - [2023-01-19T20:38:59.325+0000] {dag.py:3427} INFO - Setting next_dagrun for hello_world to 2023-01-18T12:00:00+00:00, run_after=2023-01-19T12:00:00+00:00
[2023-01-19T20:38:59.353+0000] {processor.py:175} INFO - Processing /opt/airflow/dags/hello_world.py took 0.134 seconds
[2023-01-19T20:39:29.527+0000] {processor.py:153} INFO - Started process (PID=1866) to work on /opt/airflow/dags/hello_world.py
[2023-01-19T20:39:29.528+0000] {processor.py:743} INFO - Processing file /opt/airflow/dags/hello_world.py for tasks to queue
[2023-01-19T20:39:29.529+0000] {logging_mixin.py:137} INFO - [2023-01-19T20:39:29.529+0000] {dagbag.py:538} INFO - Filling up the DagBag from /opt/airflow/dags/hello_world.py
[2023-01-19T20:39:29.550+0000] {processor.py:753} INFO - DAG(s) dict_keys(['hello_world']) retrieved from /opt/airflow/dags/hello_world.py
[2023-01-19T20:39:29.600+0000] {logging_mixin.py:137} INFO - [2023-01-19T20:39:29.600+0000] {dag.py:2676} INFO - Sync 1 DAGs
[2023-01-19T20:39:29.633+0000] {logging_mixin.py:137} INFO - [2023-01-19T20:39:29.632+0000] {dag.py:3427} INFO - Setting next_dagrun for hello_world to 2023-01-18T12:00:00+00:00, run_after=2023-01-19T12:00:00+00:00
[2023-01-19T20:39:29.657+0000] {processor.py:175} INFO - Processing /opt/airflow/dags/hello_world.py took 0.134 seconds
[2023-01-19T20:39:59.872+0000] {processor.py:153} INFO - Started process (PID=1954) to work on /opt/airflow/dags/hello_world.py
[2023-01-19T20:39:59.873+0000] {processor.py:743} INFO - Processing file /opt/airflow/dags/hello_world.py for tasks to queue
[2023-01-19T20:39:59.874+0000] {logging_mixin.py:137} INFO - [2023-01-19T20:39:59.874+0000] {dagbag.py:538} INFO - Filling up the DagBag from /opt/airflow/dags/hello_world.py
[2023-01-19T20:39:59.903+0000] {processor.py:753} INFO - DAG(s) dict_keys(['hello_world']) retrieved from /opt/airflow/dags/hello_world.py
[2023-01-19T20:39:59.956+0000] {logging_mixin.py:137} INFO - [2023-01-19T20:39:59.955+0000] {dag.py:2676} INFO - Sync 1 DAGs
[2023-01-19T20:40:00.001+0000] {logging_mixin.py:137} INFO - [2023-01-19T20:40:00.001+0000] {dag.py:3427} INFO - Setting next_dagrun for hello_world to 2023-01-18T12:00:00+00:00, run_after=2023-01-19T12:00:00+00:00
[2023-01-19T20:40:00.028+0000] {processor.py:175} INFO - Processing /opt/airflow/dags/hello_world.py took 0.160 seconds
[2023-01-19T20:40:30.435+0000] {processor.py:153} INFO - Started process (PID=2027) to work on /opt/airflow/dags/hello_world.py
[2023-01-19T20:40:30.437+0000] {processor.py:743} INFO - Processing file /opt/airflow/dags/hello_world.py for tasks to queue
[2023-01-19T20:40:30.438+0000] {logging_mixin.py:137} INFO - [2023-01-19T20:40:30.437+0000] {dagbag.py:538} INFO - Filling up the DagBag from /opt/airflow/dags/hello_world.py
[2023-01-19T20:40:30.461+0000] {processor.py:753} INFO - DAG(s) dict_keys(['hello_world']) retrieved from /opt/airflow/dags/hello_world.py
[2023-01-19T20:40:30.512+0000] {logging_mixin.py:137} INFO - [2023-01-19T20:40:30.512+0000] {dag.py:2676} INFO - Sync 1 DAGs
[2023-01-19T20:40:30.549+0000] {logging_mixin.py:137} INFO - [2023-01-19T20:40:30.549+0000] {dag.py:3427} INFO - Setting next_dagrun for hello_world to 2023-01-18T12:00:00+00:00, run_after=2023-01-19T12:00:00+00:00
[2023-01-19T20:40:30.574+0000] {processor.py:175} INFO - Processing /opt/airflow/dags/hello_world.py took 0.143 seconds
[2023-01-19T20:41:00.693+0000] {processor.py:153} INFO - Started process (PID=2099) to work on /opt/airflow/dags/hello_world.py
[2023-01-19T20:41:00.694+0000] {processor.py:743} INFO - Processing file /opt/airflow/dags/hello_world.py for tasks to queue
[2023-01-19T20:41:00.695+0000] {logging_mixin.py:137} INFO - [2023-01-19T20:41:00.695+0000] {dagbag.py:538} INFO - Filling up the DagBag from /opt/airflow/dags/hello_world.py
[2023-01-19T20:41:00.720+0000] {processor.py:753} INFO - DAG(s) dict_keys(['hello_world']) retrieved from /opt/airflow/dags/hello_world.py
[2023-01-19T20:41:00.773+0000] {logging_mixin.py:137} INFO - [2023-01-19T20:41:00.772+0000] {dag.py:2676} INFO - Sync 1 DAGs
[2023-01-19T20:41:00.820+0000] {logging_mixin.py:137} INFO - [2023-01-19T20:41:00.820+0000] {dag.py:3427} INFO - Setting next_dagrun for hello_world to 2023-01-18T12:00:00+00:00, run_after=2023-01-19T12:00:00+00:00
[2023-01-19T20:41:00.849+0000] {processor.py:175} INFO - Processing /opt/airflow/dags/hello_world.py took 0.161 seconds
[2023-01-19T20:41:30.917+0000] {processor.py:153} INFO - Started process (PID=2171) to work on /opt/airflow/dags/hello_world.py
[2023-01-19T20:41:30.919+0000] {processor.py:743} INFO - Processing file /opt/airflow/dags/hello_world.py for tasks to queue
[2023-01-19T20:41:30.920+0000] {logging_mixin.py:137} INFO - [2023-01-19T20:41:30.920+0000] {dagbag.py:538} INFO - Filling up the DagBag from /opt/airflow/dags/hello_world.py
[2023-01-19T20:41:30.948+0000] {processor.py:753} INFO - DAG(s) dict_keys(['hello_world']) retrieved from /opt/airflow/dags/hello_world.py
[2023-01-19T20:41:30.998+0000] {logging_mixin.py:137} INFO - [2023-01-19T20:41:30.998+0000] {dag.py:2676} INFO - Sync 1 DAGs
[2023-01-19T20:41:31.032+0000] {logging_mixin.py:137} INFO - [2023-01-19T20:41:31.032+0000] {dag.py:3427} INFO - Setting next_dagrun for hello_world to 2023-01-18T12:00:00+00:00, run_after=2023-01-19T12:00:00+00:00
[2023-01-19T20:41:31.056+0000] {processor.py:175} INFO - Processing /opt/airflow/dags/hello_world.py took 0.144 seconds
[2023-01-19T20:42:01.928+0000] {processor.py:153} INFO - Started process (PID=2259) to work on /opt/airflow/dags/hello_world.py
[2023-01-19T20:42:01.930+0000] {processor.py:743} INFO - Processing file /opt/airflow/dags/hello_world.py for tasks to queue
[2023-01-19T20:42:01.932+0000] {logging_mixin.py:137} INFO - [2023-01-19T20:42:01.931+0000] {dagbag.py:538} INFO - Filling up the DagBag from /opt/airflow/dags/hello_world.py
[2023-01-19T20:42:01.966+0000] {processor.py:753} INFO - DAG(s) dict_keys(['hello_world']) retrieved from /opt/airflow/dags/hello_world.py
[2023-01-19T20:42:02.022+0000] {logging_mixin.py:137} INFO - [2023-01-19T20:42:02.021+0000] {dag.py:2676} INFO - Sync 1 DAGs
[2023-01-19T20:42:02.057+0000] {logging_mixin.py:137} INFO - [2023-01-19T20:42:02.057+0000] {dag.py:3427} INFO - Setting next_dagrun for hello_world to 2023-01-18T12:00:00+00:00, run_after=2023-01-19T12:00:00+00:00
[2023-01-19T20:42:02.084+0000] {processor.py:175} INFO - Processing /opt/airflow/dags/hello_world.py took 0.169 seconds
[2023-01-19T20:42:32.533+0000] {processor.py:153} INFO - Started process (PID=2331) to work on /opt/airflow/dags/hello_world.py
[2023-01-19T20:42:32.535+0000] {processor.py:743} INFO - Processing file /opt/airflow/dags/hello_world.py for tasks to queue
[2023-01-19T20:42:32.536+0000] {logging_mixin.py:137} INFO - [2023-01-19T20:42:32.535+0000] {dagbag.py:538} INFO - Filling up the DagBag from /opt/airflow/dags/hello_world.py
[2023-01-19T20:42:32.558+0000] {processor.py:753} INFO - DAG(s) dict_keys(['hello_world']) retrieved from /opt/airflow/dags/hello_world.py
[2023-01-19T20:42:32.604+0000] {logging_mixin.py:137} INFO - [2023-01-19T20:42:32.604+0000] {dag.py:2676} INFO - Sync 1 DAGs
[2023-01-19T20:42:32.643+0000] {logging_mixin.py:137} INFO - [2023-01-19T20:42:32.643+0000] {dag.py:3427} INFO - Setting next_dagrun for hello_world to 2023-01-18T12:00:00+00:00, run_after=2023-01-19T12:00:00+00:00
[2023-01-19T20:42:32.669+0000] {processor.py:175} INFO - Processing /opt/airflow/dags/hello_world.py took 0.140 seconds
[2023-01-19T20:43:03.239+0000] {processor.py:153} INFO - Started process (PID=2403) to work on /opt/airflow/dags/hello_world.py
[2023-01-19T20:43:03.241+0000] {processor.py:743} INFO - Processing file /opt/airflow/dags/hello_world.py for tasks to queue
[2023-01-19T20:43:03.241+0000] {logging_mixin.py:137} INFO - [2023-01-19T20:43:03.241+0000] {dagbag.py:538} INFO - Filling up the DagBag from /opt/airflow/dags/hello_world.py
[2023-01-19T20:43:03.265+0000] {processor.py:753} INFO - DAG(s) dict_keys(['hello_world']) retrieved from /opt/airflow/dags/hello_world.py
[2023-01-19T20:43:03.329+0000] {logging_mixin.py:137} INFO - [2023-01-19T20:43:03.328+0000] {dag.py:2676} INFO - Sync 1 DAGs
[2023-01-19T20:43:03.364+0000] {logging_mixin.py:137} INFO - [2023-01-19T20:43:03.364+0000] {dag.py:3427} INFO - Setting next_dagrun for hello_world to 2023-01-18T12:00:00+00:00, run_after=2023-01-19T12:00:00+00:00
[2023-01-19T20:43:03.390+0000] {processor.py:175} INFO - Processing /opt/airflow/dags/hello_world.py took 0.155 seconds
[2023-01-19T20:43:33.614+0000] {processor.py:153} INFO - Started process (PID=2493) to work on /opt/airflow/dags/hello_world.py
[2023-01-19T20:43:33.615+0000] {processor.py:743} INFO - Processing file /opt/airflow/dags/hello_world.py for tasks to queue
[2023-01-19T20:43:33.616+0000] {logging_mixin.py:137} INFO - [2023-01-19T20:43:33.616+0000] {dagbag.py:538} INFO - Filling up the DagBag from /opt/airflow/dags/hello_world.py
[2023-01-19T20:43:33.639+0000] {processor.py:753} INFO - DAG(s) dict_keys(['hello_world']) retrieved from /opt/airflow/dags/hello_world.py
[2023-01-19T20:43:33.686+0000] {logging_mixin.py:137} INFO - [2023-01-19T20:43:33.685+0000] {dag.py:2676} INFO - Sync 1 DAGs
[2023-01-19T20:43:33.730+0000] {logging_mixin.py:137} INFO - [2023-01-19T20:43:33.729+0000] {dag.py:3427} INFO - Setting next_dagrun for hello_world to 2023-01-18T12:00:00+00:00, run_after=2023-01-19T12:00:00+00:00
[2023-01-19T20:43:33.756+0000] {processor.py:175} INFO - Processing /opt/airflow/dags/hello_world.py took 0.149 seconds
[2023-01-19T20:44:04.289+0000] {processor.py:153} INFO - Started process (PID=2565) to work on /opt/airflow/dags/hello_world.py
[2023-01-19T20:44:04.290+0000] {processor.py:743} INFO - Processing file /opt/airflow/dags/hello_world.py for tasks to queue
[2023-01-19T20:44:04.291+0000] {logging_mixin.py:137} INFO - [2023-01-19T20:44:04.291+0000] {dagbag.py:538} INFO - Filling up the DagBag from /opt/airflow/dags/hello_world.py
[2023-01-19T20:44:04.311+0000] {processor.py:753} INFO - DAG(s) dict_keys(['hello_world']) retrieved from /opt/airflow/dags/hello_world.py
[2023-01-19T20:44:04.355+0000] {logging_mixin.py:137} INFO - [2023-01-19T20:44:04.355+0000] {dag.py:2676} INFO - Sync 1 DAGs
[2023-01-19T20:44:04.389+0000] {logging_mixin.py:137} INFO - [2023-01-19T20:44:04.389+0000] {dag.py:3427} INFO - Setting next_dagrun for hello_world to 2023-01-18T12:00:00+00:00, run_after=2023-01-19T12:00:00+00:00
[2023-01-19T20:44:04.415+0000] {processor.py:175} INFO - Processing /opt/airflow/dags/hello_world.py took 0.131 seconds
[2023-01-19T20:44:34.830+0000] {processor.py:153} INFO - Started process (PID=2637) to work on /opt/airflow/dags/hello_world.py
[2023-01-19T20:44:34.831+0000] {processor.py:743} INFO - Processing file /opt/airflow/dags/hello_world.py for tasks to queue
[2023-01-19T20:44:34.832+0000] {logging_mixin.py:137} INFO - [2023-01-19T20:44:34.831+0000] {dagbag.py:538} INFO - Filling up the DagBag from /opt/airflow/dags/hello_world.py
[2023-01-19T20:44:34.852+0000] {processor.py:753} INFO - DAG(s) dict_keys(['hello_world']) retrieved from /opt/airflow/dags/hello_world.py
[2023-01-19T20:44:34.896+0000] {logging_mixin.py:137} INFO - [2023-01-19T20:44:34.896+0000] {dag.py:2676} INFO - Sync 1 DAGs
[2023-01-19T20:44:34.933+0000] {logging_mixin.py:137} INFO - [2023-01-19T20:44:34.932+0000] {dag.py:3427} INFO - Setting next_dagrun for hello_world to 2023-01-18T12:00:00+00:00, run_after=2023-01-19T12:00:00+00:00
[2023-01-19T20:44:34.960+0000] {processor.py:175} INFO - Processing /opt/airflow/dags/hello_world.py took 0.133 seconds
[2023-01-19T20:45:05.310+0000] {processor.py:153} INFO - Started process (PID=2726) to work on /opt/airflow/dags/hello_world.py
[2023-01-19T20:45:05.311+0000] {processor.py:743} INFO - Processing file /opt/airflow/dags/hello_world.py for tasks to queue
[2023-01-19T20:45:05.312+0000] {logging_mixin.py:137} INFO - [2023-01-19T20:45:05.312+0000] {dagbag.py:538} INFO - Filling up the DagBag from /opt/airflow/dags/hello_world.py
[2023-01-19T20:45:05.333+0000] {processor.py:753} INFO - DAG(s) dict_keys(['hello_world']) retrieved from /opt/airflow/dags/hello_world.py
[2023-01-19T20:45:05.385+0000] {logging_mixin.py:137} INFO - [2023-01-19T20:45:05.384+0000] {dag.py:2676} INFO - Sync 1 DAGs
[2023-01-19T20:45:05.424+0000] {logging_mixin.py:137} INFO - [2023-01-19T20:45:05.424+0000] {dag.py:3427} INFO - Setting next_dagrun for hello_world to 2023-01-18T12:00:00+00:00, run_after=2023-01-19T12:00:00+00:00
[2023-01-19T20:45:05.450+0000] {processor.py:175} INFO - Processing /opt/airflow/dags/hello_world.py took 0.144 seconds
[2023-01-19T20:45:35.945+0000] {processor.py:153} INFO - Started process (PID=2798) to work on /opt/airflow/dags/hello_world.py
[2023-01-19T20:45:35.946+0000] {processor.py:743} INFO - Processing file /opt/airflow/dags/hello_world.py for tasks to queue
[2023-01-19T20:45:35.947+0000] {logging_mixin.py:137} INFO - [2023-01-19T20:45:35.947+0000] {dagbag.py:538} INFO - Filling up the DagBag from /opt/airflow/dags/hello_world.py
[2023-01-19T20:45:35.966+0000] {processor.py:753} INFO - DAG(s) dict_keys(['hello_world']) retrieved from /opt/airflow/dags/hello_world.py
[2023-01-19T20:45:36.010+0000] {logging_mixin.py:137} INFO - [2023-01-19T20:45:36.010+0000] {dag.py:2676} INFO - Sync 1 DAGs
[2023-01-19T20:45:36.043+0000] {logging_mixin.py:137} INFO - [2023-01-19T20:45:36.043+0000] {dag.py:3427} INFO - Setting next_dagrun for hello_world to 2023-01-18T12:00:00+00:00, run_after=2023-01-19T12:00:00+00:00
[2023-01-19T20:45:36.068+0000] {processor.py:175} INFO - Processing /opt/airflow/dags/hello_world.py took 0.126 seconds
[2023-01-19T20:46:06.604+0000] {processor.py:153} INFO - Started process (PID=2870) to work on /opt/airflow/dags/hello_world.py
[2023-01-19T20:46:06.606+0000] {processor.py:743} INFO - Processing file /opt/airflow/dags/hello_world.py for tasks to queue
[2023-01-19T20:46:06.607+0000] {logging_mixin.py:137} INFO - [2023-01-19T20:46:06.607+0000] {dagbag.py:538} INFO - Filling up the DagBag from /opt/airflow/dags/hello_world.py
[2023-01-19T20:46:06.647+0000] {processor.py:753} INFO - DAG(s) dict_keys(['hello_world']) retrieved from /opt/airflow/dags/hello_world.py
[2023-01-19T20:46:06.697+0000] {logging_mixin.py:137} INFO - [2023-01-19T20:46:06.697+0000] {dag.py:2676} INFO - Sync 1 DAGs
[2023-01-19T20:46:06.733+0000] {logging_mixin.py:137} INFO - [2023-01-19T20:46:06.733+0000] {dag.py:3427} INFO - Setting next_dagrun for hello_world to 2023-01-18T12:00:00+00:00, run_after=2023-01-19T12:00:00+00:00
[2023-01-19T20:46:06.758+0000] {processor.py:175} INFO - Processing /opt/airflow/dags/hello_world.py took 0.160 seconds
[2023-01-19T20:46:37.133+0000] {processor.py:153} INFO - Started process (PID=2958) to work on /opt/airflow/dags/hello_world.py
[2023-01-19T20:46:37.135+0000] {processor.py:743} INFO - Processing file /opt/airflow/dags/hello_world.py for tasks to queue
[2023-01-19T20:46:37.136+0000] {logging_mixin.py:137} INFO - [2023-01-19T20:46:37.136+0000] {dagbag.py:538} INFO - Filling up the DagBag from /opt/airflow/dags/hello_world.py
[2023-01-19T20:46:37.179+0000] {processor.py:753} INFO - DAG(s) dict_keys(['hello_world']) retrieved from /opt/airflow/dags/hello_world.py
[2023-01-19T20:46:37.299+0000] {logging_mixin.py:137} INFO - [2023-01-19T20:46:37.299+0000] {dag.py:2676} INFO - Sync 1 DAGs
[2023-01-19T20:46:37.387+0000] {logging_mixin.py:137} INFO - [2023-01-19T20:46:37.387+0000] {dag.py:3427} INFO - Setting next_dagrun for hello_world to 2023-01-18T12:00:00+00:00, run_after=2023-01-19T12:00:00+00:00
[2023-01-19T20:46:37.431+0000] {processor.py:175} INFO - Processing /opt/airflow/dags/hello_world.py took 0.304 seconds
[2023-01-19T20:47:07.944+0000] {processor.py:153} INFO - Started process (PID=3030) to work on /opt/airflow/dags/hello_world.py
[2023-01-19T20:47:07.946+0000] {processor.py:743} INFO - Processing file /opt/airflow/dags/hello_world.py for tasks to queue
[2023-01-19T20:47:07.947+0000] {logging_mixin.py:137} INFO - [2023-01-19T20:47:07.947+0000] {dagbag.py:538} INFO - Filling up the DagBag from /opt/airflow/dags/hello_world.py
[2023-01-19T20:47:08.005+0000] {processor.py:753} INFO - DAG(s) dict_keys(['hello_world']) retrieved from /opt/airflow/dags/hello_world.py
[2023-01-19T20:47:08.132+0000] {logging_mixin.py:137} INFO - [2023-01-19T20:47:08.131+0000] {dag.py:2676} INFO - Sync 1 DAGs
[2023-01-19T20:47:08.227+0000] {logging_mixin.py:137} INFO - [2023-01-19T20:47:08.226+0000] {dag.py:3427} INFO - Setting next_dagrun for hello_world to 2023-01-18T12:00:00+00:00, run_after=2023-01-19T12:00:00+00:00
[2023-01-19T20:47:08.287+0000] {processor.py:175} INFO - Processing /opt/airflow/dags/hello_world.py took 0.356 seconds
