[2023-01-19T20:21:28.536+0000] {processor.py:153} INFO - Started process (PID=54) to work on /opt/airflow/dags/my_dag.py
[2023-01-19T20:21:28.537+0000] {processor.py:743} INFO - Processing file /opt/airflow/dags/my_dag.py for tasks to queue
[2023-01-19T20:21:28.539+0000] {logging_mixin.py:137} INFO - [2023-01-19T20:21:28.538+0000] {dagbag.py:538} INFO - Filling up the DagBag from /opt/airflow/dags/my_dag.py
[2023-01-19T20:21:28.648+0000] {processor.py:753} INFO - DAG(s) dict_keys(['my_dag']) retrieved from /opt/airflow/dags/my_dag.py
[2023-01-19T20:21:28.952+0000] {logging_mixin.py:137} INFO - [2023-01-19T20:21:28.952+0000] {manager.py:504} INFO - Created Permission View: can edit on DAG:my_dag
[2023-01-19T20:21:28.966+0000] {logging_mixin.py:137} INFO - [2023-01-19T20:21:28.966+0000] {manager.py:504} INFO - Created Permission View: can delete on DAG:my_dag
[2023-01-19T20:21:28.977+0000] {logging_mixin.py:137} INFO - [2023-01-19T20:21:28.977+0000] {manager.py:504} INFO - Created Permission View: can read on DAG:my_dag
[2023-01-19T20:21:28.977+0000] {logging_mixin.py:137} INFO - [2023-01-19T20:21:28.977+0000] {dag.py:2676} INFO - Sync 1 DAGs
[2023-01-19T20:21:28.995+0000] {logging_mixin.py:137} INFO - [2023-01-19T20:21:28.994+0000] {dag.py:2697} INFO - Creating ORM DAG for my_dag
[2023-01-19T20:21:29.012+0000] {logging_mixin.py:137} INFO - [2023-01-19T20:21:29.012+0000] {dag.py:3427} INFO - Setting next_dagrun for my_dag to 2023-01-18T00:00:00+00:00, run_after=2023-01-19T00:00:00+00:00
[2023-01-19T20:21:29.038+0000] {processor.py:175} INFO - Processing /opt/airflow/dags/my_dag.py took 0.509 seconds
[2023-01-19T20:21:59.727+0000] {processor.py:153} INFO - Started process (PID=127) to work on /opt/airflow/dags/my_dag.py
[2023-01-19T20:21:59.728+0000] {processor.py:743} INFO - Processing file /opt/airflow/dags/my_dag.py for tasks to queue
[2023-01-19T20:21:59.729+0000] {logging_mixin.py:137} INFO - [2023-01-19T20:21:59.729+0000] {dagbag.py:538} INFO - Filling up the DagBag from /opt/airflow/dags/my_dag.py
[2023-01-19T20:21:59.753+0000] {processor.py:753} INFO - DAG(s) dict_keys(['my_dag']) retrieved from /opt/airflow/dags/my_dag.py
[2023-01-19T20:21:59.801+0000] {logging_mixin.py:137} INFO - [2023-01-19T20:21:59.801+0000] {dag.py:2676} INFO - Sync 1 DAGs
[2023-01-19T20:21:59.836+0000] {logging_mixin.py:137} INFO - [2023-01-19T20:21:59.836+0000] {dag.py:3427} INFO - Setting next_dagrun for my_dag to 2023-01-18T00:00:00+00:00, run_after=2023-01-19T00:00:00+00:00
[2023-01-19T20:21:59.863+0000] {processor.py:175} INFO - Processing /opt/airflow/dags/my_dag.py took 0.140 seconds
[2023-01-19T20:22:44.926+0000] {processor.py:153} INFO - Started process (PID=37) to work on /opt/airflow/dags/my_dag.py
[2023-01-19T20:22:44.928+0000] {processor.py:743} INFO - Processing file /opt/airflow/dags/my_dag.py for tasks to queue
[2023-01-19T20:22:44.929+0000] {logging_mixin.py:137} INFO - [2023-01-19T20:22:44.929+0000] {dagbag.py:538} INFO - Filling up the DagBag from /opt/airflow/dags/my_dag.py
[2023-01-19T20:22:44.967+0000] {processor.py:753} INFO - DAG(s) dict_keys(['my_dag']) retrieved from /opt/airflow/dags/my_dag.py
[2023-01-19T20:22:45.032+0000] {logging_mixin.py:137} INFO - [2023-01-19T20:22:45.031+0000] {dag.py:2676} INFO - Sync 1 DAGs
[2023-01-19T20:22:45.081+0000] {logging_mixin.py:137} INFO - [2023-01-19T20:22:45.081+0000] {dag.py:3427} INFO - Setting next_dagrun for my_dag to 2023-01-18T00:00:00+00:00, run_after=2023-01-19T00:00:00+00:00
[2023-01-19T20:22:45.118+0000] {processor.py:175} INFO - Processing /opt/airflow/dags/my_dag.py took 0.197 seconds
[2023-01-19T20:23:15.747+0000] {processor.py:153} INFO - Started process (PID=126) to work on /opt/airflow/dags/my_dag.py
[2023-01-19T20:23:15.748+0000] {processor.py:743} INFO - Processing file /opt/airflow/dags/my_dag.py for tasks to queue
[2023-01-19T20:23:15.750+0000] {logging_mixin.py:137} INFO - [2023-01-19T20:23:15.749+0000] {dagbag.py:538} INFO - Filling up the DagBag from /opt/airflow/dags/my_dag.py
[2023-01-19T20:23:15.782+0000] {processor.py:753} INFO - DAG(s) dict_keys(['my_dag']) retrieved from /opt/airflow/dags/my_dag.py
[2023-01-19T20:23:15.844+0000] {logging_mixin.py:137} INFO - [2023-01-19T20:23:15.844+0000] {dag.py:2676} INFO - Sync 1 DAGs
[2023-01-19T20:23:15.891+0000] {logging_mixin.py:137} INFO - [2023-01-19T20:23:15.890+0000] {dag.py:3427} INFO - Setting next_dagrun for my_dag to 2023-01-18T00:00:00+00:00, run_after=2023-01-19T00:00:00+00:00
[2023-01-19T20:23:15.921+0000] {processor.py:175} INFO - Processing /opt/airflow/dags/my_dag.py took 0.178 seconds
[2023-01-19T20:23:46.430+0000] {processor.py:153} INFO - Started process (PID=198) to work on /opt/airflow/dags/my_dag.py
[2023-01-19T20:23:46.431+0000] {processor.py:743} INFO - Processing file /opt/airflow/dags/my_dag.py for tasks to queue
[2023-01-19T20:23:46.432+0000] {logging_mixin.py:137} INFO - [2023-01-19T20:23:46.432+0000] {dagbag.py:538} INFO - Filling up the DagBag from /opt/airflow/dags/my_dag.py
[2023-01-19T20:23:46.461+0000] {processor.py:753} INFO - DAG(s) dict_keys(['my_dag']) retrieved from /opt/airflow/dags/my_dag.py
[2023-01-19T20:23:46.519+0000] {logging_mixin.py:137} INFO - [2023-01-19T20:23:46.519+0000] {dag.py:2676} INFO - Sync 1 DAGs
[2023-01-19T20:23:46.568+0000] {logging_mixin.py:137} INFO - [2023-01-19T20:23:46.567+0000] {dag.py:3427} INFO - Setting next_dagrun for my_dag to 2023-01-18T00:00:00+00:00, run_after=2023-01-19T00:00:00+00:00
[2023-01-19T20:23:46.595+0000] {processor.py:175} INFO - Processing /opt/airflow/dags/my_dag.py took 0.170 seconds
[2023-01-19T20:24:16.805+0000] {processor.py:153} INFO - Started process (PID=271) to work on /opt/airflow/dags/my_dag.py
[2023-01-19T20:24:16.807+0000] {processor.py:743} INFO - Processing file /opt/airflow/dags/my_dag.py for tasks to queue
[2023-01-19T20:24:16.808+0000] {logging_mixin.py:137} INFO - [2023-01-19T20:24:16.807+0000] {dagbag.py:538} INFO - Filling up the DagBag from /opt/airflow/dags/my_dag.py
[2023-01-19T20:24:16.831+0000] {processor.py:753} INFO - DAG(s) dict_keys(['my_dag']) retrieved from /opt/airflow/dags/my_dag.py
[2023-01-19T20:24:16.883+0000] {logging_mixin.py:137} INFO - [2023-01-19T20:24:16.882+0000] {dag.py:2676} INFO - Sync 1 DAGs
[2023-01-19T20:24:16.919+0000] {logging_mixin.py:137} INFO - [2023-01-19T20:24:16.919+0000] {dag.py:3427} INFO - Setting next_dagrun for my_dag to 2023-01-18T00:00:00+00:00, run_after=2023-01-19T00:00:00+00:00
[2023-01-19T20:24:16.947+0000] {processor.py:175} INFO - Processing /opt/airflow/dags/my_dag.py took 0.145 seconds
[2023-01-19T20:24:47.245+0000] {processor.py:153} INFO - Started process (PID=359) to work on /opt/airflow/dags/my_dag.py
[2023-01-19T20:24:47.246+0000] {processor.py:743} INFO - Processing file /opt/airflow/dags/my_dag.py for tasks to queue
[2023-01-19T20:24:47.247+0000] {logging_mixin.py:137} INFO - [2023-01-19T20:24:47.247+0000] {dagbag.py:538} INFO - Filling up the DagBag from /opt/airflow/dags/my_dag.py
[2023-01-19T20:24:47.276+0000] {processor.py:753} INFO - DAG(s) dict_keys(['my_dag']) retrieved from /opt/airflow/dags/my_dag.py
[2023-01-19T20:24:47.336+0000] {logging_mixin.py:137} INFO - [2023-01-19T20:24:47.336+0000] {dag.py:2676} INFO - Sync 1 DAGs
[2023-01-19T20:24:47.388+0000] {logging_mixin.py:137} INFO - [2023-01-19T20:24:47.388+0000] {dag.py:3427} INFO - Setting next_dagrun for my_dag to 2023-01-18T00:00:00+00:00, run_after=2023-01-19T00:00:00+00:00
[2023-01-19T20:24:47.418+0000] {processor.py:175} INFO - Processing /opt/airflow/dags/my_dag.py took 0.197 seconds
[2023-01-19T20:25:17.524+0000] {processor.py:153} INFO - Started process (PID=432) to work on /opt/airflow/dags/my_dag.py
[2023-01-19T20:25:17.525+0000] {processor.py:743} INFO - Processing file /opt/airflow/dags/my_dag.py for tasks to queue
[2023-01-19T20:25:17.527+0000] {logging_mixin.py:137} INFO - [2023-01-19T20:25:17.526+0000] {dagbag.py:538} INFO - Filling up the DagBag from /opt/airflow/dags/my_dag.py
[2023-01-19T20:25:17.552+0000] {processor.py:753} INFO - DAG(s) dict_keys(['my_dag']) retrieved from /opt/airflow/dags/my_dag.py
[2023-01-19T20:25:17.616+0000] {logging_mixin.py:137} INFO - [2023-01-19T20:25:17.615+0000] {dag.py:2676} INFO - Sync 1 DAGs
[2023-01-19T20:25:17.662+0000] {logging_mixin.py:137} INFO - [2023-01-19T20:25:17.662+0000] {dag.py:3427} INFO - Setting next_dagrun for my_dag to 2023-01-18T00:00:00+00:00, run_after=2023-01-19T00:00:00+00:00
[2023-01-19T20:25:17.690+0000] {processor.py:175} INFO - Processing /opt/airflow/dags/my_dag.py took 0.173 seconds
[2023-01-19T20:25:47.782+0000] {processor.py:153} INFO - Started process (PID=504) to work on /opt/airflow/dags/my_dag.py
[2023-01-19T20:25:47.784+0000] {processor.py:743} INFO - Processing file /opt/airflow/dags/my_dag.py for tasks to queue
[2023-01-19T20:25:47.785+0000] {logging_mixin.py:137} INFO - [2023-01-19T20:25:47.785+0000] {dagbag.py:538} INFO - Filling up the DagBag from /opt/airflow/dags/my_dag.py
[2023-01-19T20:25:47.814+0000] {processor.py:753} INFO - DAG(s) dict_keys(['my_dag']) retrieved from /opt/airflow/dags/my_dag.py
[2023-01-19T20:25:47.940+0000] {logging_mixin.py:137} INFO - [2023-01-19T20:25:47.940+0000] {dag.py:2676} INFO - Sync 1 DAGs
[2023-01-19T20:25:47.977+0000] {logging_mixin.py:137} INFO - [2023-01-19T20:25:47.976+0000] {dag.py:3427} INFO - Setting next_dagrun for my_dag to 2023-01-18T00:00:00+00:00, run_after=2023-01-19T00:00:00+00:00
[2023-01-19T20:25:48.007+0000] {processor.py:175} INFO - Processing /opt/airflow/dags/my_dag.py took 0.229 seconds
[2023-01-19T20:27:34.906+0000] {processor.py:153} INFO - Started process (PID=54) to work on /opt/airflow/dags/my_dag.py
[2023-01-19T20:27:34.908+0000] {processor.py:743} INFO - Processing file /opt/airflow/dags/my_dag.py for tasks to queue
[2023-01-19T20:27:34.909+0000] {logging_mixin.py:137} INFO - [2023-01-19T20:27:34.909+0000] {dagbag.py:538} INFO - Filling up the DagBag from /opt/airflow/dags/my_dag.py
[2023-01-19T20:27:34.969+0000] {processor.py:753} INFO - DAG(s) dict_keys(['my_dag']) retrieved from /opt/airflow/dags/my_dag.py
[2023-01-19T20:27:35.257+0000] {logging_mixin.py:137} INFO - [2023-01-19T20:27:35.256+0000] {manager.py:504} INFO - Created Permission View: can delete on DAG:my_dag
[2023-01-19T20:27:35.268+0000] {logging_mixin.py:137} INFO - [2023-01-19T20:27:35.268+0000] {manager.py:504} INFO - Created Permission View: can edit on DAG:my_dag
[2023-01-19T20:27:35.282+0000] {logging_mixin.py:137} INFO - [2023-01-19T20:27:35.282+0000] {manager.py:504} INFO - Created Permission View: can read on DAG:my_dag
[2023-01-19T20:27:35.283+0000] {logging_mixin.py:137} INFO - [2023-01-19T20:27:35.283+0000] {dag.py:2676} INFO - Sync 1 DAGs
[2023-01-19T20:27:35.305+0000] {logging_mixin.py:137} INFO - [2023-01-19T20:27:35.305+0000] {dag.py:2697} INFO - Creating ORM DAG for my_dag
[2023-01-19T20:27:35.330+0000] {logging_mixin.py:137} INFO - [2023-01-19T20:27:35.330+0000] {dag.py:3427} INFO - Setting next_dagrun for my_dag to 2023-01-18T00:00:00+00:00, run_after=2023-01-19T00:00:00+00:00
[2023-01-19T20:27:35.357+0000] {processor.py:175} INFO - Processing /opt/airflow/dags/my_dag.py took 0.456 seconds
[2023-01-19T20:28:05.736+0000] {processor.py:153} INFO - Started process (PID=126) to work on /opt/airflow/dags/my_dag.py
[2023-01-19T20:28:05.737+0000] {processor.py:743} INFO - Processing file /opt/airflow/dags/my_dag.py for tasks to queue
[2023-01-19T20:28:05.738+0000] {logging_mixin.py:137} INFO - [2023-01-19T20:28:05.738+0000] {dagbag.py:538} INFO - Filling up the DagBag from /opt/airflow/dags/my_dag.py
[2023-01-19T20:28:05.768+0000] {processor.py:753} INFO - DAG(s) dict_keys(['my_dag']) retrieved from /opt/airflow/dags/my_dag.py
[2023-01-19T20:28:05.823+0000] {logging_mixin.py:137} INFO - [2023-01-19T20:28:05.823+0000] {dag.py:2676} INFO - Sync 1 DAGs
[2023-01-19T20:28:05.863+0000] {logging_mixin.py:137} INFO - [2023-01-19T20:28:05.862+0000] {dag.py:3427} INFO - Setting next_dagrun for my_dag to 2023-01-18T00:00:00+00:00, run_after=2023-01-19T00:00:00+00:00
[2023-01-19T20:28:05.890+0000] {processor.py:175} INFO - Processing /opt/airflow/dags/my_dag.py took 0.159 seconds
[2023-01-19T20:28:36.268+0000] {processor.py:153} INFO - Started process (PID=198) to work on /opt/airflow/dags/my_dag.py
[2023-01-19T20:28:36.271+0000] {processor.py:743} INFO - Processing file /opt/airflow/dags/my_dag.py for tasks to queue
[2023-01-19T20:28:36.272+0000] {logging_mixin.py:137} INFO - [2023-01-19T20:28:36.272+0000] {dagbag.py:538} INFO - Filling up the DagBag from /opt/airflow/dags/my_dag.py
[2023-01-19T20:28:36.299+0000] {processor.py:753} INFO - DAG(s) dict_keys(['my_dag']) retrieved from /opt/airflow/dags/my_dag.py
[2023-01-19T20:28:36.368+0000] {logging_mixin.py:137} INFO - [2023-01-19T20:28:36.368+0000] {dag.py:2676} INFO - Sync 1 DAGs
[2023-01-19T20:28:36.419+0000] {logging_mixin.py:137} INFO - [2023-01-19T20:28:36.419+0000] {dag.py:3427} INFO - Setting next_dagrun for my_dag to 2023-01-18T00:00:00+00:00, run_after=2023-01-19T00:00:00+00:00
[2023-01-19T20:28:36.451+0000] {processor.py:175} INFO - Processing /opt/airflow/dags/my_dag.py took 0.190 seconds
[2023-01-19T20:29:07.420+0000] {processor.py:153} INFO - Started process (PID=280) to work on /opt/airflow/dags/my_dag.py
[2023-01-19T20:29:07.421+0000] {processor.py:743} INFO - Processing file /opt/airflow/dags/my_dag.py for tasks to queue
[2023-01-19T20:29:07.423+0000] {logging_mixin.py:137} INFO - [2023-01-19T20:29:07.422+0000] {dagbag.py:538} INFO - Filling up the DagBag from /opt/airflow/dags/my_dag.py
[2023-01-19T20:29:07.449+0000] {processor.py:753} INFO - DAG(s) dict_keys(['my_dag']) retrieved from /opt/airflow/dags/my_dag.py
[2023-01-19T20:29:07.517+0000] {logging_mixin.py:137} INFO - [2023-01-19T20:29:07.516+0000] {dag.py:2676} INFO - Sync 1 DAGs
[2023-01-19T20:29:07.553+0000] {logging_mixin.py:137} INFO - [2023-01-19T20:29:07.553+0000] {dag.py:3427} INFO - Setting next_dagrun for my_dag to 2023-01-18T00:00:00+00:00, run_after=2023-01-19T00:00:00+00:00
[2023-01-19T20:29:07.580+0000] {processor.py:175} INFO - Processing /opt/airflow/dags/my_dag.py took 0.165 seconds
[2023-01-19T20:29:37.665+0000] {processor.py:153} INFO - Started process (PID=360) to work on /opt/airflow/dags/my_dag.py
[2023-01-19T20:29:37.666+0000] {processor.py:743} INFO - Processing file /opt/airflow/dags/my_dag.py for tasks to queue
[2023-01-19T20:29:37.667+0000] {logging_mixin.py:137} INFO - [2023-01-19T20:29:37.667+0000] {dagbag.py:538} INFO - Filling up the DagBag from /opt/airflow/dags/my_dag.py
[2023-01-19T20:29:37.693+0000] {processor.py:753} INFO - DAG(s) dict_keys(['my_dag']) retrieved from /opt/airflow/dags/my_dag.py
[2023-01-19T20:29:37.741+0000] {logging_mixin.py:137} INFO - [2023-01-19T20:29:37.741+0000] {dag.py:2676} INFO - Sync 1 DAGs
[2023-01-19T20:29:37.775+0000] {logging_mixin.py:137} INFO - [2023-01-19T20:29:37.774+0000] {dag.py:3427} INFO - Setting next_dagrun for my_dag to 2023-01-18T00:00:00+00:00, run_after=2023-01-19T00:00:00+00:00
[2023-01-19T20:29:37.803+0000] {processor.py:175} INFO - Processing /opt/airflow/dags/my_dag.py took 0.142 seconds
[2023-01-19T20:30:08.442+0000] {processor.py:153} INFO - Started process (PID=432) to work on /opt/airflow/dags/my_dag.py
[2023-01-19T20:30:08.446+0000] {processor.py:743} INFO - Processing file /opt/airflow/dags/my_dag.py for tasks to queue
[2023-01-19T20:30:08.448+0000] {logging_mixin.py:137} INFO - [2023-01-19T20:30:08.447+0000] {dagbag.py:538} INFO - Filling up the DagBag from /opt/airflow/dags/my_dag.py
[2023-01-19T20:30:08.499+0000] {processor.py:753} INFO - DAG(s) dict_keys(['my_dag']) retrieved from /opt/airflow/dags/my_dag.py
[2023-01-19T20:30:08.584+0000] {logging_mixin.py:137} INFO - [2023-01-19T20:30:08.584+0000] {dag.py:2676} INFO - Sync 1 DAGs
[2023-01-19T20:30:08.623+0000] {logging_mixin.py:137} INFO - [2023-01-19T20:30:08.623+0000] {dag.py:3427} INFO - Setting next_dagrun for my_dag to 2023-01-18T00:00:00+00:00, run_after=2023-01-19T00:00:00+00:00
[2023-01-19T20:30:08.654+0000] {processor.py:175} INFO - Processing /opt/airflow/dags/my_dag.py took 0.223 seconds
[2023-01-19T20:30:38.732+0000] {processor.py:153} INFO - Started process (PID=504) to work on /opt/airflow/dags/my_dag.py
[2023-01-19T20:30:38.734+0000] {processor.py:743} INFO - Processing file /opt/airflow/dags/my_dag.py for tasks to queue
[2023-01-19T20:30:38.734+0000] {logging_mixin.py:137} INFO - [2023-01-19T20:30:38.734+0000] {dagbag.py:538} INFO - Filling up the DagBag from /opt/airflow/dags/my_dag.py
[2023-01-19T20:30:38.760+0000] {processor.py:753} INFO - DAG(s) dict_keys(['my_dag']) retrieved from /opt/airflow/dags/my_dag.py
[2023-01-19T20:30:38.819+0000] {logging_mixin.py:137} INFO - [2023-01-19T20:30:38.819+0000] {dag.py:2676} INFO - Sync 1 DAGs
[2023-01-19T20:30:38.857+0000] {logging_mixin.py:137} INFO - [2023-01-19T20:30:38.857+0000] {dag.py:3427} INFO - Setting next_dagrun for my_dag to 2023-01-18T00:00:00+00:00, run_after=2023-01-19T00:00:00+00:00
[2023-01-19T20:30:38.882+0000] {processor.py:175} INFO - Processing /opt/airflow/dags/my_dag.py took 0.156 seconds
[2023-01-19T20:31:08.962+0000] {processor.py:153} INFO - Started process (PID=592) to work on /opt/airflow/dags/my_dag.py
[2023-01-19T20:31:08.963+0000] {processor.py:743} INFO - Processing file /opt/airflow/dags/my_dag.py for tasks to queue
[2023-01-19T20:31:08.964+0000] {logging_mixin.py:137} INFO - [2023-01-19T20:31:08.964+0000] {dagbag.py:538} INFO - Filling up the DagBag from /opt/airflow/dags/my_dag.py
[2023-01-19T20:31:08.995+0000] {processor.py:753} INFO - DAG(s) dict_keys(['my_dag']) retrieved from /opt/airflow/dags/my_dag.py
[2023-01-19T20:31:09.049+0000] {logging_mixin.py:137} INFO - [2023-01-19T20:31:09.049+0000] {dag.py:2676} INFO - Sync 1 DAGs
[2023-01-19T20:31:09.095+0000] {logging_mixin.py:137} INFO - [2023-01-19T20:31:09.095+0000] {dag.py:3427} INFO - Setting next_dagrun for my_dag to 2023-01-18T00:00:00+00:00, run_after=2023-01-19T00:00:00+00:00
[2023-01-19T20:31:09.125+0000] {processor.py:175} INFO - Processing /opt/airflow/dags/my_dag.py took 0.166 seconds
[2023-01-19T20:31:39.897+0000] {processor.py:153} INFO - Started process (PID=664) to work on /opt/airflow/dags/my_dag.py
[2023-01-19T20:31:39.899+0000] {processor.py:743} INFO - Processing file /opt/airflow/dags/my_dag.py for tasks to queue
[2023-01-19T20:31:39.899+0000] {logging_mixin.py:137} INFO - [2023-01-19T20:31:39.899+0000] {dagbag.py:538} INFO - Filling up the DagBag from /opt/airflow/dags/my_dag.py
[2023-01-19T20:31:39.923+0000] {processor.py:753} INFO - DAG(s) dict_keys(['my_dag']) retrieved from /opt/airflow/dags/my_dag.py
[2023-01-19T20:31:39.972+0000] {logging_mixin.py:137} INFO - [2023-01-19T20:31:39.971+0000] {dag.py:2676} INFO - Sync 1 DAGs
[2023-01-19T20:31:40.007+0000] {logging_mixin.py:137} INFO - [2023-01-19T20:31:40.006+0000] {dag.py:3427} INFO - Setting next_dagrun for my_dag to 2023-01-18T00:00:00+00:00, run_after=2023-01-19T00:00:00+00:00
[2023-01-19T20:31:40.031+0000] {processor.py:175} INFO - Processing /opt/airflow/dags/my_dag.py took 0.137 seconds
[2023-01-19T20:32:10.280+0000] {processor.py:153} INFO - Started process (PID=738) to work on /opt/airflow/dags/my_dag.py
[2023-01-19T20:32:10.281+0000] {processor.py:743} INFO - Processing file /opt/airflow/dags/my_dag.py for tasks to queue
[2023-01-19T20:32:10.282+0000] {logging_mixin.py:137} INFO - [2023-01-19T20:32:10.282+0000] {dagbag.py:538} INFO - Filling up the DagBag from /opt/airflow/dags/my_dag.py
[2023-01-19T20:32:10.315+0000] {processor.py:753} INFO - DAG(s) dict_keys(['my_dag']) retrieved from /opt/airflow/dags/my_dag.py
[2023-01-19T20:32:10.366+0000] {logging_mixin.py:137} INFO - [2023-01-19T20:32:10.366+0000] {dag.py:2676} INFO - Sync 1 DAGs
[2023-01-19T20:32:10.401+0000] {logging_mixin.py:137} INFO - [2023-01-19T20:32:10.401+0000] {dag.py:3427} INFO - Setting next_dagrun for my_dag to 2023-01-18T00:00:00+00:00, run_after=2023-01-19T00:00:00+00:00
[2023-01-19T20:32:10.428+0000] {processor.py:175} INFO - Processing /opt/airflow/dags/my_dag.py took 0.153 seconds
[2023-01-19T20:32:40.454+0000] {processor.py:153} INFO - Started process (PID=819) to work on /opt/airflow/dags/my_dag.py
[2023-01-19T20:32:40.455+0000] {processor.py:743} INFO - Processing file /opt/airflow/dags/my_dag.py for tasks to queue
[2023-01-19T20:32:40.456+0000] {logging_mixin.py:137} INFO - [2023-01-19T20:32:40.456+0000] {dagbag.py:538} INFO - Filling up the DagBag from /opt/airflow/dags/my_dag.py
[2023-01-19T20:32:40.486+0000] {processor.py:753} INFO - DAG(s) dict_keys(['my_dag']) retrieved from /opt/airflow/dags/my_dag.py
[2023-01-19T20:32:40.534+0000] {logging_mixin.py:137} INFO - [2023-01-19T20:32:40.534+0000] {dag.py:2676} INFO - Sync 1 DAGs
[2023-01-19T20:32:40.574+0000] {logging_mixin.py:137} INFO - [2023-01-19T20:32:40.574+0000] {dag.py:3427} INFO - Setting next_dagrun for my_dag to 2023-01-18T00:00:00+00:00, run_after=2023-01-19T00:00:00+00:00
[2023-01-19T20:32:40.600+0000] {processor.py:175} INFO - Processing /opt/airflow/dags/my_dag.py took 0.151 seconds
[2023-01-19T20:33:10.732+0000] {processor.py:153} INFO - Started process (PID=898) to work on /opt/airflow/dags/my_dag.py
[2023-01-19T20:33:10.734+0000] {processor.py:743} INFO - Processing file /opt/airflow/dags/my_dag.py for tasks to queue
[2023-01-19T20:33:10.735+0000] {logging_mixin.py:137} INFO - [2023-01-19T20:33:10.734+0000] {dagbag.py:538} INFO - Filling up the DagBag from /opt/airflow/dags/my_dag.py
[2023-01-19T20:33:10.770+0000] {processor.py:753} INFO - DAG(s) dict_keys(['my_dag']) retrieved from /opt/airflow/dags/my_dag.py
[2023-01-19T20:33:10.843+0000] {logging_mixin.py:137} INFO - [2023-01-19T20:33:10.842+0000] {dag.py:2676} INFO - Sync 1 DAGs
[2023-01-19T20:33:10.891+0000] {logging_mixin.py:137} INFO - [2023-01-19T20:33:10.891+0000] {dag.py:3427} INFO - Setting next_dagrun for my_dag to 2023-01-18T00:00:00+00:00, run_after=2023-01-19T00:00:00+00:00
[2023-01-19T20:33:10.927+0000] {processor.py:175} INFO - Processing /opt/airflow/dags/my_dag.py took 0.202 seconds
[2023-01-19T20:33:41.142+0000] {processor.py:153} INFO - Started process (PID=970) to work on /opt/airflow/dags/my_dag.py
[2023-01-19T20:33:41.144+0000] {processor.py:743} INFO - Processing file /opt/airflow/dags/my_dag.py for tasks to queue
[2023-01-19T20:33:41.145+0000] {logging_mixin.py:137} INFO - [2023-01-19T20:33:41.144+0000] {dagbag.py:538} INFO - Filling up the DagBag from /opt/airflow/dags/my_dag.py
[2023-01-19T20:33:41.167+0000] {processor.py:753} INFO - DAG(s) dict_keys(['my_dag']) retrieved from /opt/airflow/dags/my_dag.py
[2023-01-19T20:33:41.219+0000] {logging_mixin.py:137} INFO - [2023-01-19T20:33:41.219+0000] {dag.py:2676} INFO - Sync 1 DAGs
[2023-01-19T20:33:41.254+0000] {logging_mixin.py:137} INFO - [2023-01-19T20:33:41.253+0000] {dag.py:3427} INFO - Setting next_dagrun for my_dag to 2023-01-18T00:00:00+00:00, run_after=2023-01-19T00:00:00+00:00
[2023-01-19T20:33:41.282+0000] {processor.py:175} INFO - Processing /opt/airflow/dags/my_dag.py took 0.144 seconds
[2023-01-19T20:34:11.376+0000] {processor.py:153} INFO - Started process (PID=1042) to work on /opt/airflow/dags/my_dag.py
[2023-01-19T20:34:11.377+0000] {processor.py:743} INFO - Processing file /opt/airflow/dags/my_dag.py for tasks to queue
[2023-01-19T20:34:11.377+0000] {logging_mixin.py:137} INFO - [2023-01-19T20:34:11.377+0000] {dagbag.py:538} INFO - Filling up the DagBag from /opt/airflow/dags/my_dag.py
[2023-01-19T20:34:11.400+0000] {processor.py:753} INFO - DAG(s) dict_keys(['my_dag']) retrieved from /opt/airflow/dags/my_dag.py
[2023-01-19T20:34:11.449+0000] {logging_mixin.py:137} INFO - [2023-01-19T20:34:11.449+0000] {dag.py:2676} INFO - Sync 1 DAGs
[2023-01-19T20:34:11.484+0000] {logging_mixin.py:137} INFO - [2023-01-19T20:34:11.484+0000] {dag.py:3427} INFO - Setting next_dagrun for my_dag to 2023-01-18T00:00:00+00:00, run_after=2023-01-19T00:00:00+00:00
[2023-01-19T20:34:11.510+0000] {processor.py:175} INFO - Processing /opt/airflow/dags/my_dag.py took 0.138 seconds
[2023-01-19T20:34:41.788+0000] {processor.py:153} INFO - Started process (PID=1123) to work on /opt/airflow/dags/my_dag.py
[2023-01-19T20:34:41.789+0000] {processor.py:743} INFO - Processing file /opt/airflow/dags/my_dag.py for tasks to queue
[2023-01-19T20:34:41.790+0000] {logging_mixin.py:137} INFO - [2023-01-19T20:34:41.790+0000] {dagbag.py:538} INFO - Filling up the DagBag from /opt/airflow/dags/my_dag.py
[2023-01-19T20:34:41.815+0000] {processor.py:753} INFO - DAG(s) dict_keys(['my_dag']) retrieved from /opt/airflow/dags/my_dag.py
[2023-01-19T20:34:41.864+0000] {logging_mixin.py:137} INFO - [2023-01-19T20:34:41.864+0000] {dag.py:2676} INFO - Sync 1 DAGs
[2023-01-19T20:34:41.903+0000] {logging_mixin.py:137} INFO - [2023-01-19T20:34:41.903+0000] {dag.py:3427} INFO - Setting next_dagrun for my_dag to 2023-01-18T00:00:00+00:00, run_after=2023-01-19T00:00:00+00:00
[2023-01-19T20:34:41.930+0000] {processor.py:175} INFO - Processing /opt/airflow/dags/my_dag.py took 0.146 seconds
[2023-01-19T20:35:12.555+0000] {processor.py:153} INFO - Started process (PID=1202) to work on /opt/airflow/dags/my_dag.py
[2023-01-19T20:35:12.557+0000] {processor.py:743} INFO - Processing file /opt/airflow/dags/my_dag.py for tasks to queue
[2023-01-19T20:35:12.558+0000] {logging_mixin.py:137} INFO - [2023-01-19T20:35:12.557+0000] {dagbag.py:538} INFO - Filling up the DagBag from /opt/airflow/dags/my_dag.py
[2023-01-19T20:35:12.581+0000] {processor.py:753} INFO - DAG(s) dict_keys(['my_dag']) retrieved from /opt/airflow/dags/my_dag.py
[2023-01-19T20:35:12.629+0000] {logging_mixin.py:137} INFO - [2023-01-19T20:35:12.629+0000] {dag.py:2676} INFO - Sync 1 DAGs
[2023-01-19T20:35:12.664+0000] {logging_mixin.py:137} INFO - [2023-01-19T20:35:12.663+0000] {dag.py:3427} INFO - Setting next_dagrun for my_dag to 2023-01-18T00:00:00+00:00, run_after=2023-01-19T00:00:00+00:00
[2023-01-19T20:35:12.689+0000] {processor.py:175} INFO - Processing /opt/airflow/dags/my_dag.py took 0.138 seconds
[2023-01-19T20:35:43.137+0000] {processor.py:153} INFO - Started process (PID=1274) to work on /opt/airflow/dags/my_dag.py
[2023-01-19T20:35:43.139+0000] {processor.py:743} INFO - Processing file /opt/airflow/dags/my_dag.py for tasks to queue
[2023-01-19T20:35:43.140+0000] {logging_mixin.py:137} INFO - [2023-01-19T20:35:43.140+0000] {dagbag.py:538} INFO - Filling up the DagBag from /opt/airflow/dags/my_dag.py
[2023-01-19T20:35:43.168+0000] {processor.py:753} INFO - DAG(s) dict_keys(['my_dag']) retrieved from /opt/airflow/dags/my_dag.py
[2023-01-19T20:35:43.220+0000] {logging_mixin.py:137} INFO - [2023-01-19T20:35:43.220+0000] {dag.py:2676} INFO - Sync 1 DAGs
[2023-01-19T20:35:43.258+0000] {logging_mixin.py:137} INFO - [2023-01-19T20:35:43.257+0000] {dag.py:3427} INFO - Setting next_dagrun for my_dag to 2023-01-18T00:00:00+00:00, run_after=2023-01-19T00:00:00+00:00
[2023-01-19T20:35:43.284+0000] {processor.py:175} INFO - Processing /opt/airflow/dags/my_dag.py took 0.151 seconds
[2023-01-19T20:36:14.094+0000] {processor.py:153} INFO - Started process (PID=1363) to work on /opt/airflow/dags/my_dag.py
[2023-01-19T20:36:14.095+0000] {processor.py:743} INFO - Processing file /opt/airflow/dags/my_dag.py for tasks to queue
[2023-01-19T20:36:14.096+0000] {logging_mixin.py:137} INFO - [2023-01-19T20:36:14.096+0000] {dagbag.py:538} INFO - Filling up the DagBag from /opt/airflow/dags/my_dag.py
[2023-01-19T20:36:14.122+0000] {processor.py:753} INFO - DAG(s) dict_keys(['my_dag']) retrieved from /opt/airflow/dags/my_dag.py
[2023-01-19T20:36:14.179+0000] {logging_mixin.py:137} INFO - [2023-01-19T20:36:14.179+0000] {dag.py:2676} INFO - Sync 1 DAGs
[2023-01-19T20:36:14.217+0000] {logging_mixin.py:137} INFO - [2023-01-19T20:36:14.217+0000] {dag.py:3427} INFO - Setting next_dagrun for my_dag to 2023-01-18T00:00:00+00:00, run_after=2023-01-19T00:00:00+00:00
[2023-01-19T20:36:14.247+0000] {processor.py:175} INFO - Processing /opt/airflow/dags/my_dag.py took 0.158 seconds
[2023-01-19T20:36:44.779+0000] {processor.py:153} INFO - Started process (PID=1435) to work on /opt/airflow/dags/my_dag.py
[2023-01-19T20:36:44.780+0000] {processor.py:743} INFO - Processing file /opt/airflow/dags/my_dag.py for tasks to queue
[2023-01-19T20:36:44.781+0000] {logging_mixin.py:137} INFO - [2023-01-19T20:36:44.781+0000] {dagbag.py:538} INFO - Filling up the DagBag from /opt/airflow/dags/my_dag.py
[2023-01-19T20:36:44.804+0000] {processor.py:753} INFO - DAG(s) dict_keys(['my_dag']) retrieved from /opt/airflow/dags/my_dag.py
[2023-01-19T20:36:44.854+0000] {logging_mixin.py:137} INFO - [2023-01-19T20:36:44.854+0000] {dag.py:2676} INFO - Sync 1 DAGs
[2023-01-19T20:36:44.893+0000] {logging_mixin.py:137} INFO - [2023-01-19T20:36:44.892+0000] {dag.py:3427} INFO - Setting next_dagrun for my_dag to 2023-01-18T00:00:00+00:00, run_after=2023-01-19T00:00:00+00:00
[2023-01-19T20:36:44.921+0000] {processor.py:175} INFO - Processing /opt/airflow/dags/my_dag.py took 0.146 seconds
[2023-01-19T20:37:15.776+0000] {processor.py:153} INFO - Started process (PID=1507) to work on /opt/airflow/dags/my_dag.py
[2023-01-19T20:37:15.777+0000] {processor.py:743} INFO - Processing file /opt/airflow/dags/my_dag.py for tasks to queue
[2023-01-19T20:37:15.777+0000] {logging_mixin.py:137} INFO - [2023-01-19T20:37:15.777+0000] {dagbag.py:538} INFO - Filling up the DagBag from /opt/airflow/dags/my_dag.py
[2023-01-19T20:37:15.808+0000] {processor.py:753} INFO - DAG(s) dict_keys(['my_dag']) retrieved from /opt/airflow/dags/my_dag.py
[2023-01-19T20:37:15.903+0000] {logging_mixin.py:137} INFO - [2023-01-19T20:37:15.903+0000] {dag.py:2676} INFO - Sync 1 DAGs
[2023-01-19T20:37:15.945+0000] {logging_mixin.py:137} INFO - [2023-01-19T20:37:15.945+0000] {dag.py:3427} INFO - Setting next_dagrun for my_dag to 2023-01-18T00:00:00+00:00, run_after=2023-01-19T00:00:00+00:00
[2023-01-19T20:37:15.971+0000] {processor.py:175} INFO - Processing /opt/airflow/dags/my_dag.py took 0.200 seconds
[2023-01-19T20:37:46.097+0000] {processor.py:153} INFO - Started process (PID=1588) to work on /opt/airflow/dags/my_dag.py
[2023-01-19T20:37:46.098+0000] {processor.py:743} INFO - Processing file /opt/airflow/dags/my_dag.py for tasks to queue
[2023-01-19T20:37:46.099+0000] {logging_mixin.py:137} INFO - [2023-01-19T20:37:46.099+0000] {dagbag.py:538} INFO - Filling up the DagBag from /opt/airflow/dags/my_dag.py
[2023-01-19T20:37:46.125+0000] {processor.py:753} INFO - DAG(s) dict_keys(['my_dag']) retrieved from /opt/airflow/dags/my_dag.py
[2023-01-19T20:37:46.212+0000] {logging_mixin.py:137} INFO - [2023-01-19T20:37:46.212+0000] {dag.py:2676} INFO - Sync 1 DAGs
[2023-01-19T20:37:46.264+0000] {logging_mixin.py:137} INFO - [2023-01-19T20:37:46.264+0000] {dag.py:3427} INFO - Setting next_dagrun for my_dag to 2023-01-18T00:00:00+00:00, run_after=2023-01-19T00:00:00+00:00
[2023-01-19T20:37:46.293+0000] {processor.py:175} INFO - Processing /opt/airflow/dags/my_dag.py took 0.202 seconds
[2023-01-19T20:38:16.786+0000] {processor.py:153} INFO - Started process (PID=1667) to work on /opt/airflow/dags/my_dag.py
[2023-01-19T20:38:16.787+0000] {processor.py:743} INFO - Processing file /opt/airflow/dags/my_dag.py for tasks to queue
[2023-01-19T20:38:16.788+0000] {logging_mixin.py:137} INFO - [2023-01-19T20:38:16.788+0000] {dagbag.py:538} INFO - Filling up the DagBag from /opt/airflow/dags/my_dag.py
[2023-01-19T20:38:16.812+0000] {processor.py:753} INFO - DAG(s) dict_keys(['my_dag']) retrieved from /opt/airflow/dags/my_dag.py
[2023-01-19T20:38:16.861+0000] {logging_mixin.py:137} INFO - [2023-01-19T20:38:16.861+0000] {dag.py:2676} INFO - Sync 1 DAGs
[2023-01-19T20:38:16.898+0000] {logging_mixin.py:137} INFO - [2023-01-19T20:38:16.898+0000] {dag.py:3427} INFO - Setting next_dagrun for my_dag to 2023-01-18T00:00:00+00:00, run_after=2023-01-19T00:00:00+00:00
[2023-01-19T20:38:16.925+0000] {processor.py:175} INFO - Processing /opt/airflow/dags/my_dag.py took 0.143 seconds
[2023-01-19T20:38:47.346+0000] {processor.py:153} INFO - Started process (PID=1739) to work on /opt/airflow/dags/my_dag.py
[2023-01-19T20:38:47.347+0000] {processor.py:743} INFO - Processing file /opt/airflow/dags/my_dag.py for tasks to queue
[2023-01-19T20:38:47.348+0000] {logging_mixin.py:137} INFO - [2023-01-19T20:38:47.348+0000] {dagbag.py:538} INFO - Filling up the DagBag from /opt/airflow/dags/my_dag.py
[2023-01-19T20:38:47.372+0000] {processor.py:753} INFO - DAG(s) dict_keys(['my_dag']) retrieved from /opt/airflow/dags/my_dag.py
[2023-01-19T20:38:47.422+0000] {logging_mixin.py:137} INFO - [2023-01-19T20:38:47.422+0000] {dag.py:2676} INFO - Sync 1 DAGs
[2023-01-19T20:38:47.461+0000] {logging_mixin.py:137} INFO - [2023-01-19T20:38:47.461+0000] {dag.py:3427} INFO - Setting next_dagrun for my_dag to 2023-01-18T00:00:00+00:00, run_after=2023-01-19T00:00:00+00:00
[2023-01-19T20:38:47.486+0000] {processor.py:175} INFO - Processing /opt/airflow/dags/my_dag.py took 0.144 seconds
[2023-01-19T20:39:18.374+0000] {processor.py:153} INFO - Started process (PID=1820) to work on /opt/airflow/dags/my_dag.py
[2023-01-19T20:39:18.376+0000] {processor.py:743} INFO - Processing file /opt/airflow/dags/my_dag.py for tasks to queue
[2023-01-19T20:39:18.376+0000] {logging_mixin.py:137} INFO - [2023-01-19T20:39:18.376+0000] {dagbag.py:538} INFO - Filling up the DagBag from /opt/airflow/dags/my_dag.py
[2023-01-19T20:39:18.403+0000] {processor.py:753} INFO - DAG(s) dict_keys(['my_dag']) retrieved from /opt/airflow/dags/my_dag.py
[2023-01-19T20:39:18.461+0000] {logging_mixin.py:137} INFO - [2023-01-19T20:39:18.461+0000] {dag.py:2676} INFO - Sync 1 DAGs
[2023-01-19T20:39:18.509+0000] {logging_mixin.py:137} INFO - [2023-01-19T20:39:18.509+0000] {dag.py:3427} INFO - Setting next_dagrun for my_dag to 2023-01-18T00:00:00+00:00, run_after=2023-01-19T00:00:00+00:00
[2023-01-19T20:39:18.540+0000] {processor.py:175} INFO - Processing /opt/airflow/dags/my_dag.py took 0.169 seconds
[2023-01-19T20:39:48.682+0000] {processor.py:153} INFO - Started process (PID=1899) to work on /opt/airflow/dags/my_dag.py
[2023-01-19T20:39:48.684+0000] {processor.py:743} INFO - Processing file /opt/airflow/dags/my_dag.py for tasks to queue
[2023-01-19T20:39:48.685+0000] {logging_mixin.py:137} INFO - [2023-01-19T20:39:48.685+0000] {dagbag.py:538} INFO - Filling up the DagBag from /opt/airflow/dags/my_dag.py
[2023-01-19T20:39:48.709+0000] {processor.py:753} INFO - DAG(s) dict_keys(['my_dag']) retrieved from /opt/airflow/dags/my_dag.py
[2023-01-19T20:39:48.757+0000] {logging_mixin.py:137} INFO - [2023-01-19T20:39:48.757+0000] {dag.py:2676} INFO - Sync 1 DAGs
[2023-01-19T20:39:48.791+0000] {logging_mixin.py:137} INFO - [2023-01-19T20:39:48.791+0000] {dag.py:3427} INFO - Setting next_dagrun for my_dag to 2023-01-18T00:00:00+00:00, run_after=2023-01-19T00:00:00+00:00
[2023-01-19T20:39:48.816+0000] {processor.py:175} INFO - Processing /opt/airflow/dags/my_dag.py took 0.138 seconds
[2023-01-19T20:40:19.019+0000] {processor.py:153} INFO - Started process (PID=1971) to work on /opt/airflow/dags/my_dag.py
[2023-01-19T20:40:19.020+0000] {processor.py:743} INFO - Processing file /opt/airflow/dags/my_dag.py for tasks to queue
[2023-01-19T20:40:19.021+0000] {logging_mixin.py:137} INFO - [2023-01-19T20:40:19.021+0000] {dagbag.py:538} INFO - Filling up the DagBag from /opt/airflow/dags/my_dag.py
[2023-01-19T20:40:19.046+0000] {processor.py:753} INFO - DAG(s) dict_keys(['my_dag']) retrieved from /opt/airflow/dags/my_dag.py
[2023-01-19T20:40:19.095+0000] {logging_mixin.py:137} INFO - [2023-01-19T20:40:19.095+0000] {dag.py:2676} INFO - Sync 1 DAGs
[2023-01-19T20:40:19.131+0000] {logging_mixin.py:137} INFO - [2023-01-19T20:40:19.131+0000] {dag.py:3427} INFO - Setting next_dagrun for my_dag to 2023-01-18T00:00:00+00:00, run_after=2023-01-19T00:00:00+00:00
[2023-01-19T20:40:19.159+0000] {processor.py:175} INFO - Processing /opt/airflow/dags/my_dag.py took 0.144 seconds
[2023-01-19T20:40:49.560+0000] {processor.py:153} INFO - Started process (PID=2044) to work on /opt/airflow/dags/my_dag.py
[2023-01-19T20:40:49.561+0000] {processor.py:743} INFO - Processing file /opt/airflow/dags/my_dag.py for tasks to queue
[2023-01-19T20:40:49.563+0000] {logging_mixin.py:137} INFO - [2023-01-19T20:40:49.562+0000] {dagbag.py:538} INFO - Filling up the DagBag from /opt/airflow/dags/my_dag.py
[2023-01-19T20:40:49.588+0000] {processor.py:753} INFO - DAG(s) dict_keys(['my_dag']) retrieved from /opt/airflow/dags/my_dag.py
[2023-01-19T20:40:49.647+0000] {logging_mixin.py:137} INFO - [2023-01-19T20:40:49.647+0000] {dag.py:2676} INFO - Sync 1 DAGs
[2023-01-19T20:40:49.695+0000] {logging_mixin.py:137} INFO - [2023-01-19T20:40:49.695+0000] {dag.py:3427} INFO - Setting next_dagrun for my_dag to 2023-01-18T00:00:00+00:00, run_after=2023-01-19T00:00:00+00:00
[2023-01-19T20:40:49.720+0000] {processor.py:175} INFO - Processing /opt/airflow/dags/my_dag.py took 0.164 seconds
[2023-01-19T20:41:19.831+0000] {processor.py:153} INFO - Started process (PID=2132) to work on /opt/airflow/dags/my_dag.py
[2023-01-19T20:41:19.832+0000] {processor.py:743} INFO - Processing file /opt/airflow/dags/my_dag.py for tasks to queue
[2023-01-19T20:41:19.833+0000] {logging_mixin.py:137} INFO - [2023-01-19T20:41:19.833+0000] {dagbag.py:538} INFO - Filling up the DagBag from /opt/airflow/dags/my_dag.py
[2023-01-19T20:41:19.864+0000] {processor.py:753} INFO - DAG(s) dict_keys(['my_dag']) retrieved from /opt/airflow/dags/my_dag.py
[2023-01-19T20:41:19.918+0000] {logging_mixin.py:137} INFO - [2023-01-19T20:41:19.918+0000] {dag.py:2676} INFO - Sync 1 DAGs
[2023-01-19T20:41:19.963+0000] {logging_mixin.py:137} INFO - [2023-01-19T20:41:19.962+0000] {dag.py:3427} INFO - Setting next_dagrun for my_dag to 2023-01-18T00:00:00+00:00, run_after=2023-01-19T00:00:00+00:00
[2023-01-19T20:41:19.994+0000] {processor.py:175} INFO - Processing /opt/airflow/dags/my_dag.py took 0.169 seconds
[2023-01-19T20:41:50.102+0000] {processor.py:153} INFO - Started process (PID=2204) to work on /opt/airflow/dags/my_dag.py
[2023-01-19T20:41:50.103+0000] {processor.py:743} INFO - Processing file /opt/airflow/dags/my_dag.py for tasks to queue
[2023-01-19T20:41:50.104+0000] {logging_mixin.py:137} INFO - [2023-01-19T20:41:50.104+0000] {dagbag.py:538} INFO - Filling up the DagBag from /opt/airflow/dags/my_dag.py
[2023-01-19T20:41:50.128+0000] {processor.py:753} INFO - DAG(s) dict_keys(['my_dag']) retrieved from /opt/airflow/dags/my_dag.py
[2023-01-19T20:41:50.176+0000] {logging_mixin.py:137} INFO - [2023-01-19T20:41:50.176+0000] {dag.py:2676} INFO - Sync 1 DAGs
[2023-01-19T20:41:50.215+0000] {logging_mixin.py:137} INFO - [2023-01-19T20:41:50.215+0000] {dag.py:3427} INFO - Setting next_dagrun for my_dag to 2023-01-18T00:00:00+00:00, run_after=2023-01-19T00:00:00+00:00
[2023-01-19T20:41:50.242+0000] {processor.py:175} INFO - Processing /opt/airflow/dags/my_dag.py took 0.144 seconds
[2023-01-19T20:42:21.159+0000] {processor.py:153} INFO - Started process (PID=2276) to work on /opt/airflow/dags/my_dag.py
[2023-01-19T20:42:21.160+0000] {processor.py:743} INFO - Processing file /opt/airflow/dags/my_dag.py for tasks to queue
[2023-01-19T20:42:21.161+0000] {logging_mixin.py:137} INFO - [2023-01-19T20:42:21.160+0000] {dagbag.py:538} INFO - Filling up the DagBag from /opt/airflow/dags/my_dag.py
[2023-01-19T20:42:21.195+0000] {processor.py:753} INFO - DAG(s) dict_keys(['my_dag']) retrieved from /opt/airflow/dags/my_dag.py
[2023-01-19T20:42:21.248+0000] {logging_mixin.py:137} INFO - [2023-01-19T20:42:21.248+0000] {dag.py:2676} INFO - Sync 1 DAGs
[2023-01-19T20:42:21.288+0000] {logging_mixin.py:137} INFO - [2023-01-19T20:42:21.288+0000] {dag.py:3427} INFO - Setting next_dagrun for my_dag to 2023-01-18T00:00:00+00:00, run_after=2023-01-19T00:00:00+00:00
[2023-01-19T20:42:21.314+0000] {processor.py:175} INFO - Processing /opt/airflow/dags/my_dag.py took 0.159 seconds
[2023-01-19T20:42:51.697+0000] {processor.py:153} INFO - Started process (PID=2355) to work on /opt/airflow/dags/my_dag.py
[2023-01-19T20:42:51.699+0000] {processor.py:743} INFO - Processing file /opt/airflow/dags/my_dag.py for tasks to queue
[2023-01-19T20:42:51.700+0000] {logging_mixin.py:137} INFO - [2023-01-19T20:42:51.700+0000] {dagbag.py:538} INFO - Filling up the DagBag from /opt/airflow/dags/my_dag.py
[2023-01-19T20:42:51.726+0000] {processor.py:753} INFO - DAG(s) dict_keys(['my_dag']) retrieved from /opt/airflow/dags/my_dag.py
[2023-01-19T20:42:51.777+0000] {logging_mixin.py:137} INFO - [2023-01-19T20:42:51.776+0000] {dag.py:2676} INFO - Sync 1 DAGs
[2023-01-19T20:42:51.819+0000] {logging_mixin.py:137} INFO - [2023-01-19T20:42:51.819+0000] {dag.py:3427} INFO - Setting next_dagrun for my_dag to 2023-01-18T00:00:00+00:00, run_after=2023-01-19T00:00:00+00:00
[2023-01-19T20:42:51.847+0000] {processor.py:175} INFO - Processing /opt/airflow/dags/my_dag.py took 0.155 seconds
[2023-01-19T20:43:22.419+0000] {processor.py:153} INFO - Started process (PID=2437) to work on /opt/airflow/dags/my_dag.py
[2023-01-19T20:43:22.421+0000] {processor.py:743} INFO - Processing file /opt/airflow/dags/my_dag.py for tasks to queue
[2023-01-19T20:43:22.421+0000] {logging_mixin.py:137} INFO - [2023-01-19T20:43:22.421+0000] {dagbag.py:538} INFO - Filling up the DagBag from /opt/airflow/dags/my_dag.py
[2023-01-19T20:43:22.448+0000] {processor.py:753} INFO - DAG(s) dict_keys(['my_dag']) retrieved from /opt/airflow/dags/my_dag.py
[2023-01-19T20:43:22.496+0000] {logging_mixin.py:137} INFO - [2023-01-19T20:43:22.496+0000] {dag.py:2676} INFO - Sync 1 DAGs
[2023-01-19T20:43:22.530+0000] {logging_mixin.py:137} INFO - [2023-01-19T20:43:22.530+0000] {dag.py:3427} INFO - Setting next_dagrun for my_dag to 2023-01-18T00:00:00+00:00, run_after=2023-01-19T00:00:00+00:00
[2023-01-19T20:43:22.555+0000] {processor.py:175} INFO - Processing /opt/airflow/dags/my_dag.py took 0.140 seconds
[2023-01-19T20:43:52.770+0000] {processor.py:153} INFO - Started process (PID=2510) to work on /opt/airflow/dags/my_dag.py
[2023-01-19T20:43:52.772+0000] {processor.py:743} INFO - Processing file /opt/airflow/dags/my_dag.py for tasks to queue
[2023-01-19T20:43:52.772+0000] {logging_mixin.py:137} INFO - [2023-01-19T20:43:52.772+0000] {dagbag.py:538} INFO - Filling up the DagBag from /opt/airflow/dags/my_dag.py
[2023-01-19T20:43:52.799+0000] {processor.py:753} INFO - DAG(s) dict_keys(['my_dag']) retrieved from /opt/airflow/dags/my_dag.py
[2023-01-19T20:43:52.850+0000] {logging_mixin.py:137} INFO - [2023-01-19T20:43:52.850+0000] {dag.py:2676} INFO - Sync 1 DAGs
[2023-01-19T20:43:52.887+0000] {logging_mixin.py:137} INFO - [2023-01-19T20:43:52.886+0000] {dag.py:3427} INFO - Setting next_dagrun for my_dag to 2023-01-18T00:00:00+00:00, run_after=2023-01-19T00:00:00+00:00
[2023-01-19T20:43:52.913+0000] {processor.py:175} INFO - Processing /opt/airflow/dags/my_dag.py took 0.147 seconds
[2023-01-19T20:44:23.562+0000] {processor.py:153} INFO - Started process (PID=2582) to work on /opt/airflow/dags/my_dag.py
[2023-01-19T20:44:23.563+0000] {processor.py:743} INFO - Processing file /opt/airflow/dags/my_dag.py for tasks to queue
[2023-01-19T20:44:23.564+0000] {logging_mixin.py:137} INFO - [2023-01-19T20:44:23.564+0000] {dagbag.py:538} INFO - Filling up the DagBag from /opt/airflow/dags/my_dag.py
[2023-01-19T20:44:23.594+0000] {processor.py:753} INFO - DAG(s) dict_keys(['my_dag']) retrieved from /opt/airflow/dags/my_dag.py
[2023-01-19T20:44:23.652+0000] {logging_mixin.py:137} INFO - [2023-01-19T20:44:23.652+0000] {dag.py:2676} INFO - Sync 1 DAGs
[2023-01-19T20:44:23.692+0000] {logging_mixin.py:137} INFO - [2023-01-19T20:44:23.692+0000] {dag.py:3427} INFO - Setting next_dagrun for my_dag to 2023-01-18T00:00:00+00:00, run_after=2023-01-19T00:00:00+00:00
[2023-01-19T20:44:23.720+0000] {processor.py:175} INFO - Processing /opt/airflow/dags/my_dag.py took 0.163 seconds
[2023-01-19T20:44:54.049+0000] {processor.py:153} INFO - Started process (PID=2671) to work on /opt/airflow/dags/my_dag.py
[2023-01-19T20:44:54.050+0000] {processor.py:743} INFO - Processing file /opt/airflow/dags/my_dag.py for tasks to queue
[2023-01-19T20:44:54.051+0000] {logging_mixin.py:137} INFO - [2023-01-19T20:44:54.050+0000] {dagbag.py:538} INFO - Filling up the DagBag from /opt/airflow/dags/my_dag.py
[2023-01-19T20:44:54.074+0000] {processor.py:753} INFO - DAG(s) dict_keys(['my_dag']) retrieved from /opt/airflow/dags/my_dag.py
[2023-01-19T20:44:54.123+0000] {logging_mixin.py:137} INFO - [2023-01-19T20:44:54.123+0000] {dag.py:2676} INFO - Sync 1 DAGs
[2023-01-19T20:44:54.157+0000] {logging_mixin.py:137} INFO - [2023-01-19T20:44:54.157+0000] {dag.py:3427} INFO - Setting next_dagrun for my_dag to 2023-01-18T00:00:00+00:00, run_after=2023-01-19T00:00:00+00:00
[2023-01-19T20:44:54.183+0000] {processor.py:175} INFO - Processing /opt/airflow/dags/my_dag.py took 0.138 seconds
[2023-01-19T20:45:24.570+0000] {processor.py:153} INFO - Started process (PID=2743) to work on /opt/airflow/dags/my_dag.py
[2023-01-19T20:45:24.571+0000] {processor.py:743} INFO - Processing file /opt/airflow/dags/my_dag.py for tasks to queue
[2023-01-19T20:45:24.572+0000] {logging_mixin.py:137} INFO - [2023-01-19T20:45:24.572+0000] {dagbag.py:538} INFO - Filling up the DagBag from /opt/airflow/dags/my_dag.py
[2023-01-19T20:45:24.596+0000] {processor.py:753} INFO - DAG(s) dict_keys(['my_dag']) retrieved from /opt/airflow/dags/my_dag.py
[2023-01-19T20:45:24.654+0000] {logging_mixin.py:137} INFO - [2023-01-19T20:45:24.654+0000] {dag.py:2676} INFO - Sync 1 DAGs
[2023-01-19T20:45:24.691+0000] {logging_mixin.py:137} INFO - [2023-01-19T20:45:24.691+0000] {dag.py:3427} INFO - Setting next_dagrun for my_dag to 2023-01-18T00:00:00+00:00, run_after=2023-01-19T00:00:00+00:00
[2023-01-19T20:45:24.722+0000] {processor.py:175} INFO - Processing /opt/airflow/dags/my_dag.py took 0.155 seconds
[2023-01-19T20:45:55.129+0000] {processor.py:153} INFO - Started process (PID=2815) to work on /opt/airflow/dags/my_dag.py
[2023-01-19T20:45:55.130+0000] {processor.py:743} INFO - Processing file /opt/airflow/dags/my_dag.py for tasks to queue
[2023-01-19T20:45:55.131+0000] {logging_mixin.py:137} INFO - [2023-01-19T20:45:55.131+0000] {dagbag.py:538} INFO - Filling up the DagBag from /opt/airflow/dags/my_dag.py
[2023-01-19T20:45:55.153+0000] {processor.py:753} INFO - DAG(s) dict_keys(['my_dag']) retrieved from /opt/airflow/dags/my_dag.py
[2023-01-19T20:45:55.200+0000] {logging_mixin.py:137} INFO - [2023-01-19T20:45:55.200+0000] {dag.py:2676} INFO - Sync 1 DAGs
[2023-01-19T20:45:55.236+0000] {logging_mixin.py:137} INFO - [2023-01-19T20:45:55.236+0000] {dag.py:3427} INFO - Setting next_dagrun for my_dag to 2023-01-18T00:00:00+00:00, run_after=2023-01-19T00:00:00+00:00
[2023-01-19T20:45:55.270+0000] {processor.py:175} INFO - Processing /opt/airflow/dags/my_dag.py took 0.146 seconds
[2023-01-19T20:46:25.751+0000] {processor.py:153} INFO - Started process (PID=2903) to work on /opt/airflow/dags/my_dag.py
[2023-01-19T20:46:25.753+0000] {processor.py:743} INFO - Processing file /opt/airflow/dags/my_dag.py for tasks to queue
[2023-01-19T20:46:25.753+0000] {logging_mixin.py:137} INFO - [2023-01-19T20:46:25.753+0000] {dagbag.py:538} INFO - Filling up the DagBag from /opt/airflow/dags/my_dag.py
[2023-01-19T20:46:25.781+0000] {processor.py:753} INFO - DAG(s) dict_keys(['my_dag']) retrieved from /opt/airflow/dags/my_dag.py
[2023-01-19T20:46:25.829+0000] {logging_mixin.py:137} INFO - [2023-01-19T20:46:25.829+0000] {dag.py:2676} INFO - Sync 1 DAGs
[2023-01-19T20:46:25.865+0000] {logging_mixin.py:137} INFO - [2023-01-19T20:46:25.865+0000] {dag.py:3427} INFO - Setting next_dagrun for my_dag to 2023-01-18T00:00:00+00:00, run_after=2023-01-19T00:00:00+00:00
[2023-01-19T20:46:25.889+0000] {processor.py:175} INFO - Processing /opt/airflow/dags/my_dag.py took 0.142 seconds
[2023-01-19T20:46:56.328+0000] {processor.py:153} INFO - Started process (PID=2975) to work on /opt/airflow/dags/my_dag.py
[2023-01-19T20:46:56.329+0000] {processor.py:743} INFO - Processing file /opt/airflow/dags/my_dag.py for tasks to queue
[2023-01-19T20:46:56.330+0000] {logging_mixin.py:137} INFO - [2023-01-19T20:46:56.330+0000] {dagbag.py:538} INFO - Filling up the DagBag from /opt/airflow/dags/my_dag.py
[2023-01-19T20:46:56.368+0000] {processor.py:753} INFO - DAG(s) dict_keys(['my_dag']) retrieved from /opt/airflow/dags/my_dag.py
[2023-01-19T20:46:56.444+0000] {logging_mixin.py:137} INFO - [2023-01-19T20:46:56.443+0000] {dag.py:2676} INFO - Sync 1 DAGs
[2023-01-19T20:46:56.493+0000] {logging_mixin.py:137} INFO - [2023-01-19T20:46:56.492+0000] {dag.py:3427} INFO - Setting next_dagrun for my_dag to 2023-01-18T00:00:00+00:00, run_after=2023-01-19T00:00:00+00:00
[2023-01-19T20:46:56.521+0000] {processor.py:175} INFO - Processing /opt/airflow/dags/my_dag.py took 0.199 seconds
