[2023-01-27T03:12:53.455+0100] {taskinstance.py:1083} INFO - Dependencies all met for <TaskInstance: hdfs_spark_dag.upload_metadata manual__2023-01-27T02:12:50.113246+00:00 [queued]>
[2023-01-27T03:12:53.463+0100] {taskinstance.py:1083} INFO - Dependencies all met for <TaskInstance: hdfs_spark_dag.upload_metadata manual__2023-01-27T02:12:50.113246+00:00 [queued]>
[2023-01-27T03:12:53.463+0100] {taskinstance.py:1279} INFO - 
--------------------------------------------------------------------------------
[2023-01-27T03:12:53.463+0100] {taskinstance.py:1280} INFO - Starting attempt 1 of 1
[2023-01-27T03:12:53.463+0100] {taskinstance.py:1281} INFO - 
--------------------------------------------------------------------------------
[2023-01-27T03:12:53.479+0100] {taskinstance.py:1300} INFO - Executing <Task(BashOperator): upload_metadata> on 2023-01-27 02:12:50.113246+00:00
[2023-01-27T03:12:53.482+0100] {standard_task_runner.py:55} INFO - Started process 12332 to run task
[2023-01-27T03:12:53.485+0100] {standard_task_runner.py:82} INFO - Running: ['airflow', 'tasks', 'run', 'hdfs_spark_dag', 'upload_metadata', 'manual__2023-01-27T02:12:50.113246+00:00', '--job-id', '160', '--raw', '--subdir', 'DAGS_FOLDER/hdfs_spark_dag.py', '--cfg-path', '/tmp/tmpwe_74k5z']
[2023-01-27T03:12:53.486+0100] {standard_task_runner.py:83} INFO - Job 160: Subtask upload_metadata
[2023-01-27T03:12:53.528+0100] {task_command.py:388} INFO - Running <TaskInstance: hdfs_spark_dag.upload_metadata manual__2023-01-27T02:12:50.113246+00:00 [running]> on host LAPTOP-J6R38EUB.localdomain
[2023-01-27T03:12:53.574+0100] {taskinstance.py:1507} INFO - Exporting the following env vars:
AIRFLOW_CTX_DAG_OWNER=airflow
AIRFLOW_CTX_DAG_ID=hdfs_spark_dag
AIRFLOW_CTX_TASK_ID=upload_metadata
AIRFLOW_CTX_EXECUTION_DATE=2023-01-27T02:12:50.113246+00:00
AIRFLOW_CTX_TRY_NUMBER=1
AIRFLOW_CTX_DAG_RUN_ID=manual__2023-01-27T02:12:50.113246+00:00
[2023-01-27T03:12:53.575+0100] {subprocess.py:63} INFO - Tmp dir root location: 
 /tmp
[2023-01-27T03:12:53.575+0100] {subprocess.py:75} INFO - Running command: ['/usr/bin/bash', '-c', '\n        cp /home/manu/airflow/dags/data/metadata.txt /home/manu/data/ &&\n        sudo docker exec -it docker-hadoop_namenode_1 sh -c "hadoop fs -put -f /hadoop/data/metadata.txt /metadata/" &&\n        rm /home/manu/data/metadata.txt \n    ']
[2023-01-27T03:12:53.579+0100] {subprocess.py:86} INFO - Output:
[2023-01-27T03:12:55.665+0100] {subprocess.py:97} INFO - Command exited with return code 0
[2023-01-27T03:12:55.688+0100] {taskinstance.py:1318} INFO - Marking task as SUCCESS. dag_id=hdfs_spark_dag, task_id=upload_metadata, execution_date=20230127T021250, start_date=20230127T021253, end_date=20230127T021255
[2023-01-27T03:12:55.707+0100] {local_task_job.py:208} INFO - Task exited with return code 0
[2023-01-27T03:12:55.730+0100] {taskinstance.py:2578} INFO - 1 downstream tasks scheduled from follow-on schedule check
