[2023-01-27T03:09:48.665+0100] {taskinstance.py:1083} INFO - Dependencies all met for <TaskInstance: hdfs_spark_dag.upload_metadata manual__2023-01-27T02:09:46.219177+00:00 [queued]>
[2023-01-27T03:09:48.678+0100] {taskinstance.py:1083} INFO - Dependencies all met for <TaskInstance: hdfs_spark_dag.upload_metadata manual__2023-01-27T02:09:46.219177+00:00 [queued]>
[2023-01-27T03:09:48.678+0100] {taskinstance.py:1279} INFO - 
--------------------------------------------------------------------------------
[2023-01-27T03:09:48.678+0100] {taskinstance.py:1280} INFO - Starting attempt 1 of 1
[2023-01-27T03:09:48.679+0100] {taskinstance.py:1281} INFO - 
--------------------------------------------------------------------------------
[2023-01-27T03:09:48.695+0100] {taskinstance.py:1300} INFO - Executing <Task(BashOperator): upload_metadata> on 2023-01-27 02:09:46.219177+00:00
[2023-01-27T03:09:48.698+0100] {standard_task_runner.py:55} INFO - Started process 11701 to run task
[2023-01-27T03:09:48.700+0100] {standard_task_runner.py:82} INFO - Running: ['airflow', 'tasks', 'run', 'hdfs_spark_dag', 'upload_metadata', 'manual__2023-01-27T02:09:46.219177+00:00', '--job-id', '167', '--raw', '--subdir', 'DAGS_FOLDER/hdfs_spark_dag.py', '--cfg-path', '/tmp/tmp5zfx16m9']
[2023-01-27T03:09:48.701+0100] {standard_task_runner.py:83} INFO - Job 167: Subtask upload_metadata
[2023-01-27T03:09:48.750+0100] {task_command.py:388} INFO - Running <TaskInstance: hdfs_spark_dag.upload_metadata manual__2023-01-27T02:09:46.219177+00:00 [running]> on host LAPTOP-J6R38EUB.localdomain
[2023-01-27T03:09:48.811+0100] {taskinstance.py:1507} INFO - Exporting the following env vars:
AIRFLOW_CTX_DAG_OWNER=airflow
AIRFLOW_CTX_DAG_ID=hdfs_spark_dag
AIRFLOW_CTX_TASK_ID=upload_metadata
AIRFLOW_CTX_EXECUTION_DATE=2023-01-27T02:09:46.219177+00:00
AIRFLOW_CTX_TRY_NUMBER=1
AIRFLOW_CTX_DAG_RUN_ID=manual__2023-01-27T02:09:46.219177+00:00
[2023-01-27T03:09:48.812+0100] {subprocess.py:63} INFO - Tmp dir root location: 
 /tmp
[2023-01-27T03:09:48.812+0100] {subprocess.py:75} INFO - Running command: ['/usr/bin/bash', '-c', '\n        cp /home/manu/airflow/dags/data/metadata.txt /home/manu/data/ &&\n        sudo docker exec -it docker-hadoop_namenode_1 sh -c "hadoop fs -put -f /hadoop/data/metadata.txt /metadata/" &&\n        rm /home/manu/data/metadata.txt \n    ']
[2023-01-27T03:09:48.816+0100] {subprocess.py:86} INFO - Output:
[2023-01-27T03:09:51.233+0100] {subprocess.py:97} INFO - Command exited with return code 0
[2023-01-27T03:09:51.262+0100] {taskinstance.py:1318} INFO - Marking task as SUCCESS. dag_id=hdfs_spark_dag, task_id=upload_metadata, execution_date=20230127T020946, start_date=20230127T020948, end_date=20230127T020951
[2023-01-27T03:09:51.326+0100] {local_task_job.py:208} INFO - Task exited with return code 0
[2023-01-27T03:09:51.348+0100] {taskinstance.py:2578} INFO - 1 downstream tasks scheduled from follow-on schedule check
