[2023-01-23T13:44:30.173+0100] {processor.py:153} INFO - Started process (PID=30340) to work on /home/manu/airflow/dags/hdfs_first_version.py
[2023-01-23T13:44:30.173+0100] {processor.py:743} INFO - Processing file /home/manu/airflow/dags/hdfs_first_version.py for tasks to queue
[2023-01-23T13:44:30.174+0100] {logging_mixin.py:137} INFO - [2023-01-23T13:44:30.174+0100] {dagbag.py:538} INFO - Filling up the DagBag from /home/manu/airflow/dags/hdfs_first_version.py
[2023-01-23T13:44:30.188+0100] {processor.py:753} INFO - DAG(s) dict_keys(['upload_metadata']) retrieved from /home/manu/airflow/dags/hdfs_first_version.py
[2023-01-23T13:44:30.283+0100] {logging_mixin.py:137} INFO - [2023-01-23T13:44:30.283+0100] {manager.py:504} INFO - Created Permission View: can edit on DAG:upload_metadata
[2023-01-23T13:44:30.295+0100] {logging_mixin.py:137} INFO - [2023-01-23T13:44:30.295+0100] {manager.py:504} INFO - Created Permission View: can read on DAG:upload_metadata
[2023-01-23T13:44:30.306+0100] {logging_mixin.py:137} INFO - [2023-01-23T13:44:30.306+0100] {manager.py:504} INFO - Created Permission View: can delete on DAG:upload_metadata
[2023-01-23T13:44:30.306+0100] {logging_mixin.py:137} INFO - [2023-01-23T13:44:30.306+0100] {dag.py:2690} INFO - Sync 1 DAGs
[2023-01-23T13:44:30.316+0100] {logging_mixin.py:137} INFO - [2023-01-23T13:44:30.316+0100] {dag.py:2711} INFO - Creating ORM DAG for upload_metadata
[2023-01-23T13:44:30.324+0100] {logging_mixin.py:137} INFO - [2023-01-23T13:44:30.323+0100] {dag.py:3437} INFO - Setting next_dagrun for upload_metadata to 2022-01-01T00:00:00+00:00, run_after=2022-01-01T01:00:00+00:00
[2023-01-23T13:44:30.343+0100] {processor.py:175} INFO - Processing /home/manu/airflow/dags/hdfs_first_version.py took 0.174 seconds
[2023-01-23T13:44:47.456+0100] {processor.py:153} INFO - Started process (PID=30456) to work on /home/manu/airflow/dags/hdfs_first_version.py
[2023-01-23T13:44:47.457+0100] {processor.py:743} INFO - Processing file /home/manu/airflow/dags/hdfs_first_version.py for tasks to queue
[2023-01-23T13:44:47.458+0100] {logging_mixin.py:137} INFO - [2023-01-23T13:44:47.458+0100] {dagbag.py:538} INFO - Filling up the DagBag from /home/manu/airflow/dags/hdfs_first_version.py
[2023-01-23T13:44:47.473+0100] {processor.py:753} INFO - DAG(s) dict_keys(['upload_metadata']) retrieved from /home/manu/airflow/dags/hdfs_first_version.py
[2023-01-23T13:44:47.482+0100] {logging_mixin.py:137} INFO - [2023-01-23T13:44:47.481+0100] {dag.py:2690} INFO - Sync 1 DAGs
[2023-01-23T13:44:47.504+0100] {logging_mixin.py:137} INFO - [2023-01-23T13:44:47.504+0100] {dag.py:3437} INFO - Setting next_dagrun for upload_metadata to 2022-01-01T00:00:00+00:00, run_after=2022-01-01T01:00:00+00:00
[2023-01-23T13:44:47.529+0100] {processor.py:175} INFO - Processing /home/manu/airflow/dags/hdfs_first_version.py took 0.077 seconds
[2023-01-23T13:45:17.640+0100] {processor.py:153} INFO - Started process (PID=30587) to work on /home/manu/airflow/dags/hdfs_first_version.py
[2023-01-23T13:45:17.642+0100] {processor.py:743} INFO - Processing file /home/manu/airflow/dags/hdfs_first_version.py for tasks to queue
[2023-01-23T13:45:17.643+0100] {logging_mixin.py:137} INFO - [2023-01-23T13:45:17.643+0100] {dagbag.py:538} INFO - Filling up the DagBag from /home/manu/airflow/dags/hdfs_first_version.py
[2023-01-23T13:45:17.660+0100] {processor.py:753} INFO - DAG(s) dict_keys(['upload_metadata']) retrieved from /home/manu/airflow/dags/hdfs_first_version.py
[2023-01-23T13:45:17.675+0100] {logging_mixin.py:137} INFO - [2023-01-23T13:45:17.675+0100] {dag.py:2690} INFO - Sync 1 DAGs
[2023-01-23T13:45:17.694+0100] {logging_mixin.py:137} INFO - [2023-01-23T13:45:17.693+0100] {dag.py:3437} INFO - Setting next_dagrun for upload_metadata to 2022-01-01T00:00:00+00:00, run_after=2022-01-01T01:00:00+00:00
[2023-01-23T13:45:17.715+0100] {processor.py:175} INFO - Processing /home/manu/airflow/dags/hdfs_first_version.py took 0.078 seconds
[2023-01-23T13:45:48.024+0100] {processor.py:153} INFO - Started process (PID=30691) to work on /home/manu/airflow/dags/hdfs_first_version.py
[2023-01-23T13:45:48.026+0100] {processor.py:743} INFO - Processing file /home/manu/airflow/dags/hdfs_first_version.py for tasks to queue
[2023-01-23T13:45:48.027+0100] {logging_mixin.py:137} INFO - [2023-01-23T13:45:48.026+0100] {dagbag.py:538} INFO - Filling up the DagBag from /home/manu/airflow/dags/hdfs_first_version.py
[2023-01-23T13:45:48.041+0100] {processor.py:753} INFO - DAG(s) dict_keys(['upload_metadata']) retrieved from /home/manu/airflow/dags/hdfs_first_version.py
[2023-01-23T13:45:48.056+0100] {logging_mixin.py:137} INFO - [2023-01-23T13:45:48.055+0100] {dag.py:2690} INFO - Sync 1 DAGs
[2023-01-23T13:45:48.074+0100] {logging_mixin.py:137} INFO - [2023-01-23T13:45:48.074+0100] {dag.py:3437} INFO - Setting next_dagrun for upload_metadata to 2022-01-01T00:00:00+00:00, run_after=2022-01-01T01:00:00+00:00
[2023-01-23T13:45:48.097+0100] {processor.py:175} INFO - Processing /home/manu/airflow/dags/hdfs_first_version.py took 0.077 seconds
[2023-01-23T13:46:18.793+0100] {processor.py:153} INFO - Started process (PID=30820) to work on /home/manu/airflow/dags/hdfs_first_version.py
[2023-01-23T13:46:18.795+0100] {processor.py:743} INFO - Processing file /home/manu/airflow/dags/hdfs_first_version.py for tasks to queue
[2023-01-23T13:46:18.797+0100] {logging_mixin.py:137} INFO - [2023-01-23T13:46:18.796+0100] {dagbag.py:538} INFO - Filling up the DagBag from /home/manu/airflow/dags/hdfs_first_version.py
[2023-01-23T13:46:18.810+0100] {processor.py:753} INFO - DAG(s) dict_keys(['upload_metadata']) retrieved from /home/manu/airflow/dags/hdfs_first_version.py
[2023-01-23T13:46:18.829+0100] {logging_mixin.py:137} INFO - [2023-01-23T13:46:18.829+0100] {dag.py:2690} INFO - Sync 1 DAGs
[2023-01-23T13:46:18.851+0100] {logging_mixin.py:137} INFO - [2023-01-23T13:46:18.850+0100] {dag.py:3437} INFO - Setting next_dagrun for upload_metadata to 2022-01-01T00:00:00+00:00, run_after=2022-01-01T01:00:00+00:00
[2023-01-23T13:46:18.877+0100] {processor.py:175} INFO - Processing /home/manu/airflow/dags/hdfs_first_version.py took 0.086 seconds
[2023-01-23T13:46:49.013+0100] {processor.py:153} INFO - Started process (PID=30924) to work on /home/manu/airflow/dags/hdfs_first_version.py
[2023-01-23T13:46:49.015+0100] {processor.py:743} INFO - Processing file /home/manu/airflow/dags/hdfs_first_version.py for tasks to queue
[2023-01-23T13:46:49.016+0100] {logging_mixin.py:137} INFO - [2023-01-23T13:46:49.015+0100] {dagbag.py:538} INFO - Filling up the DagBag from /home/manu/airflow/dags/hdfs_first_version.py
[2023-01-23T13:46:49.035+0100] {processor.py:753} INFO - DAG(s) dict_keys(['upload_metadata']) retrieved from /home/manu/airflow/dags/hdfs_first_version.py
[2023-01-23T13:46:49.059+0100] {logging_mixin.py:137} INFO - [2023-01-23T13:46:49.059+0100] {dag.py:2690} INFO - Sync 1 DAGs
[2023-01-23T13:46:49.082+0100] {logging_mixin.py:137} INFO - [2023-01-23T13:46:49.082+0100] {dag.py:3437} INFO - Setting next_dagrun for upload_metadata to 2022-01-01T00:00:00+00:00, run_after=2022-01-01T01:00:00+00:00
[2023-01-23T13:46:49.119+0100] {processor.py:175} INFO - Processing /home/manu/airflow/dags/hdfs_first_version.py took 0.112 seconds
[2023-01-23T13:47:19.482+0100] {processor.py:153} INFO - Started process (PID=31030) to work on /home/manu/airflow/dags/hdfs_first_version.py
[2023-01-23T13:47:19.483+0100] {processor.py:743} INFO - Processing file /home/manu/airflow/dags/hdfs_first_version.py for tasks to queue
[2023-01-23T13:47:19.484+0100] {logging_mixin.py:137} INFO - [2023-01-23T13:47:19.484+0100] {dagbag.py:538} INFO - Filling up the DagBag from /home/manu/airflow/dags/hdfs_first_version.py
[2023-01-23T13:47:19.496+0100] {processor.py:753} INFO - DAG(s) dict_keys(['upload_metadata']) retrieved from /home/manu/airflow/dags/hdfs_first_version.py
[2023-01-23T13:47:19.510+0100] {logging_mixin.py:137} INFO - [2023-01-23T13:47:19.510+0100] {dag.py:2690} INFO - Sync 1 DAGs
[2023-01-23T13:47:19.527+0100] {logging_mixin.py:137} INFO - [2023-01-23T13:47:19.526+0100] {dag.py:3437} INFO - Setting next_dagrun for upload_metadata to 2022-01-01T00:00:00+00:00, run_after=2022-01-01T01:00:00+00:00
[2023-01-23T13:47:19.550+0100] {processor.py:175} INFO - Processing /home/manu/airflow/dags/hdfs_first_version.py took 0.071 seconds
[2023-01-23T13:47:49.847+0100] {processor.py:153} INFO - Started process (PID=31132) to work on /home/manu/airflow/dags/hdfs_first_version.py
[2023-01-23T13:47:49.849+0100] {processor.py:743} INFO - Processing file /home/manu/airflow/dags/hdfs_first_version.py for tasks to queue
[2023-01-23T13:47:49.850+0100] {logging_mixin.py:137} INFO - [2023-01-23T13:47:49.850+0100] {dagbag.py:538} INFO - Filling up the DagBag from /home/manu/airflow/dags/hdfs_first_version.py
[2023-01-23T13:47:49.862+0100] {processor.py:753} INFO - DAG(s) dict_keys(['upload_metadata']) retrieved from /home/manu/airflow/dags/hdfs_first_version.py
[2023-01-23T13:47:49.876+0100] {logging_mixin.py:137} INFO - [2023-01-23T13:47:49.876+0100] {dag.py:2690} INFO - Sync 1 DAGs
[2023-01-23T13:47:49.894+0100] {logging_mixin.py:137} INFO - [2023-01-23T13:47:49.894+0100] {dag.py:3437} INFO - Setting next_dagrun for upload_metadata to 2022-01-01T00:00:00+00:00, run_after=2022-01-01T01:00:00+00:00
[2023-01-23T13:47:49.916+0100] {processor.py:175} INFO - Processing /home/manu/airflow/dags/hdfs_first_version.py took 0.071 seconds
[2023-01-23T13:48:20.245+0100] {processor.py:153} INFO - Started process (PID=31237) to work on /home/manu/airflow/dags/hdfs_first_version.py
[2023-01-23T13:48:20.246+0100] {processor.py:743} INFO - Processing file /home/manu/airflow/dags/hdfs_first_version.py for tasks to queue
[2023-01-23T13:48:20.247+0100] {logging_mixin.py:137} INFO - [2023-01-23T13:48:20.247+0100] {dagbag.py:538} INFO - Filling up the DagBag from /home/manu/airflow/dags/hdfs_first_version.py
[2023-01-23T13:48:20.266+0100] {processor.py:753} INFO - DAG(s) dict_keys(['upload_metadata']) retrieved from /home/manu/airflow/dags/hdfs_first_version.py
[2023-01-23T13:48:20.286+0100] {logging_mixin.py:137} INFO - [2023-01-23T13:48:20.286+0100] {dag.py:2690} INFO - Sync 1 DAGs
[2023-01-23T13:48:20.308+0100] {logging_mixin.py:137} INFO - [2023-01-23T13:48:20.308+0100] {dag.py:3437} INFO - Setting next_dagrun for upload_metadata to 2022-01-01T00:00:00+00:00, run_after=2022-01-01T01:00:00+00:00
[2023-01-23T13:48:20.335+0100] {processor.py:175} INFO - Processing /home/manu/airflow/dags/hdfs_first_version.py took 0.093 seconds
[2023-01-23T13:48:50.401+0100] {processor.py:153} INFO - Started process (PID=31342) to work on /home/manu/airflow/dags/hdfs_first_version.py
[2023-01-23T13:48:50.402+0100] {processor.py:743} INFO - Processing file /home/manu/airflow/dags/hdfs_first_version.py for tasks to queue
[2023-01-23T13:48:50.403+0100] {logging_mixin.py:137} INFO - [2023-01-23T13:48:50.402+0100] {dagbag.py:538} INFO - Filling up the DagBag from /home/manu/airflow/dags/hdfs_first_version.py
[2023-01-23T13:48:50.416+0100] {processor.py:753} INFO - DAG(s) dict_keys(['upload_metadata']) retrieved from /home/manu/airflow/dags/hdfs_first_version.py
[2023-01-23T13:48:50.432+0100] {logging_mixin.py:137} INFO - [2023-01-23T13:48:50.432+0100] {dag.py:2690} INFO - Sync 1 DAGs
[2023-01-23T13:48:50.454+0100] {logging_mixin.py:137} INFO - [2023-01-23T13:48:50.453+0100] {dag.py:3437} INFO - Setting next_dagrun for upload_metadata to 2022-01-01T00:00:00+00:00, run_after=2022-01-01T01:00:00+00:00
[2023-01-23T13:48:50.479+0100] {processor.py:175} INFO - Processing /home/manu/airflow/dags/hdfs_first_version.py took 0.081 seconds
[2023-01-23T13:49:20.944+0100] {processor.py:153} INFO - Started process (PID=31448) to work on /home/manu/airflow/dags/hdfs_first_version.py
[2023-01-23T13:49:20.945+0100] {processor.py:743} INFO - Processing file /home/manu/airflow/dags/hdfs_first_version.py for tasks to queue
[2023-01-23T13:49:20.946+0100] {logging_mixin.py:137} INFO - [2023-01-23T13:49:20.946+0100] {dagbag.py:538} INFO - Filling up the DagBag from /home/manu/airflow/dags/hdfs_first_version.py
[2023-01-23T13:49:20.959+0100] {processor.py:753} INFO - DAG(s) dict_keys(['upload_metadata']) retrieved from /home/manu/airflow/dags/hdfs_first_version.py
[2023-01-23T13:49:20.974+0100] {logging_mixin.py:137} INFO - [2023-01-23T13:49:20.974+0100] {dag.py:2690} INFO - Sync 1 DAGs
[2023-01-23T13:49:20.991+0100] {logging_mixin.py:137} INFO - [2023-01-23T13:49:20.991+0100] {dag.py:3437} INFO - Setting next_dagrun for upload_metadata to 2022-01-01T00:00:00+00:00, run_after=2022-01-01T01:00:00+00:00
[2023-01-23T13:49:21.013+0100] {processor.py:175} INFO - Processing /home/manu/airflow/dags/hdfs_first_version.py took 0.071 seconds
[2023-01-23T13:49:51.319+0100] {processor.py:153} INFO - Started process (PID=31551) to work on /home/manu/airflow/dags/hdfs_first_version.py
[2023-01-23T13:49:51.321+0100] {processor.py:743} INFO - Processing file /home/manu/airflow/dags/hdfs_first_version.py for tasks to queue
[2023-01-23T13:49:51.323+0100] {logging_mixin.py:137} INFO - [2023-01-23T13:49:51.322+0100] {dagbag.py:538} INFO - Filling up the DagBag from /home/manu/airflow/dags/hdfs_first_version.py
[2023-01-23T13:49:51.335+0100] {processor.py:753} INFO - DAG(s) dict_keys(['upload_metadata']) retrieved from /home/manu/airflow/dags/hdfs_first_version.py
[2023-01-23T13:49:51.349+0100] {logging_mixin.py:137} INFO - [2023-01-23T13:49:51.349+0100] {dag.py:2690} INFO - Sync 1 DAGs
[2023-01-23T13:49:51.367+0100] {logging_mixin.py:137} INFO - [2023-01-23T13:49:51.367+0100] {dag.py:3437} INFO - Setting next_dagrun for upload_metadata to 2022-01-01T00:00:00+00:00, run_after=2022-01-01T01:00:00+00:00
[2023-01-23T13:49:51.389+0100] {processor.py:175} INFO - Processing /home/manu/airflow/dags/hdfs_first_version.py took 0.073 seconds
[2023-01-23T13:50:21.686+0100] {processor.py:153} INFO - Started process (PID=31656) to work on /home/manu/airflow/dags/hdfs_first_version.py
[2023-01-23T13:50:21.687+0100] {processor.py:743} INFO - Processing file /home/manu/airflow/dags/hdfs_first_version.py for tasks to queue
[2023-01-23T13:50:21.688+0100] {logging_mixin.py:137} INFO - [2023-01-23T13:50:21.688+0100] {dagbag.py:538} INFO - Filling up the DagBag from /home/manu/airflow/dags/hdfs_first_version.py
[2023-01-23T13:50:21.700+0100] {processor.py:753} INFO - DAG(s) dict_keys(['upload_metadata']) retrieved from /home/manu/airflow/dags/hdfs_first_version.py
[2023-01-23T13:50:21.715+0100] {logging_mixin.py:137} INFO - [2023-01-23T13:50:21.715+0100] {dag.py:2690} INFO - Sync 1 DAGs
[2023-01-23T13:50:21.732+0100] {logging_mixin.py:137} INFO - [2023-01-23T13:50:21.732+0100] {dag.py:3437} INFO - Setting next_dagrun for upload_metadata to 2022-01-01T00:00:00+00:00, run_after=2022-01-01T01:00:00+00:00
[2023-01-23T13:50:21.757+0100] {processor.py:175} INFO - Processing /home/manu/airflow/dags/hdfs_first_version.py took 0.074 seconds
[2023-01-23T13:50:52.049+0100] {processor.py:153} INFO - Started process (PID=31760) to work on /home/manu/airflow/dags/hdfs_first_version.py
[2023-01-23T13:50:52.051+0100] {processor.py:743} INFO - Processing file /home/manu/airflow/dags/hdfs_first_version.py for tasks to queue
[2023-01-23T13:50:52.051+0100] {logging_mixin.py:137} INFO - [2023-01-23T13:50:52.051+0100] {dagbag.py:538} INFO - Filling up the DagBag from /home/manu/airflow/dags/hdfs_first_version.py
[2023-01-23T13:50:52.065+0100] {processor.py:753} INFO - DAG(s) dict_keys(['upload_metadata']) retrieved from /home/manu/airflow/dags/hdfs_first_version.py
[2023-01-23T13:50:52.079+0100] {logging_mixin.py:137} INFO - [2023-01-23T13:50:52.079+0100] {dag.py:2690} INFO - Sync 1 DAGs
[2023-01-23T13:50:52.097+0100] {logging_mixin.py:137} INFO - [2023-01-23T13:50:52.097+0100] {dag.py:3437} INFO - Setting next_dagrun for upload_metadata to 2022-01-01T00:00:00+00:00, run_after=2022-01-01T01:00:00+00:00
[2023-01-23T13:50:52.121+0100] {processor.py:175} INFO - Processing /home/manu/airflow/dags/hdfs_first_version.py took 0.075 seconds
[2023-01-23T13:51:22.427+0100] {processor.py:153} INFO - Started process (PID=31868) to work on /home/manu/airflow/dags/hdfs_first_version.py
[2023-01-23T13:51:22.428+0100] {processor.py:743} INFO - Processing file /home/manu/airflow/dags/hdfs_first_version.py for tasks to queue
[2023-01-23T13:51:22.429+0100] {logging_mixin.py:137} INFO - [2023-01-23T13:51:22.429+0100] {dagbag.py:538} INFO - Filling up the DagBag from /home/manu/airflow/dags/hdfs_first_version.py
[2023-01-23T13:51:22.442+0100] {processor.py:753} INFO - DAG(s) dict_keys(['upload_metadata']) retrieved from /home/manu/airflow/dags/hdfs_first_version.py
[2023-01-23T13:51:22.456+0100] {logging_mixin.py:137} INFO - [2023-01-23T13:51:22.456+0100] {dag.py:2690} INFO - Sync 1 DAGs
[2023-01-23T13:51:22.475+0100] {logging_mixin.py:137} INFO - [2023-01-23T13:51:22.475+0100] {dag.py:3437} INFO - Setting next_dagrun for upload_metadata to 2022-01-01T00:00:00+00:00, run_after=2022-01-01T01:00:00+00:00
[2023-01-23T13:51:22.497+0100] {processor.py:175} INFO - Processing /home/manu/airflow/dags/hdfs_first_version.py took 0.073 seconds
[2023-01-23T13:51:52.797+0100] {processor.py:153} INFO - Started process (PID=31970) to work on /home/manu/airflow/dags/hdfs_first_version.py
[2023-01-23T13:51:52.799+0100] {processor.py:743} INFO - Processing file /home/manu/airflow/dags/hdfs_first_version.py for tasks to queue
[2023-01-23T13:51:52.800+0100] {logging_mixin.py:137} INFO - [2023-01-23T13:51:52.799+0100] {dagbag.py:538} INFO - Filling up the DagBag from /home/manu/airflow/dags/hdfs_first_version.py
[2023-01-23T13:51:52.812+0100] {processor.py:753} INFO - DAG(s) dict_keys(['upload_metadata']) retrieved from /home/manu/airflow/dags/hdfs_first_version.py
[2023-01-23T13:51:52.827+0100] {logging_mixin.py:137} INFO - [2023-01-23T13:51:52.827+0100] {dag.py:2690} INFO - Sync 1 DAGs
[2023-01-23T13:51:52.844+0100] {logging_mixin.py:137} INFO - [2023-01-23T13:51:52.844+0100] {dag.py:3437} INFO - Setting next_dagrun for upload_metadata to 2022-01-01T00:00:00+00:00, run_after=2022-01-01T01:00:00+00:00
[2023-01-23T13:51:52.868+0100] {processor.py:175} INFO - Processing /home/manu/airflow/dags/hdfs_first_version.py took 0.073 seconds
[2023-01-23T13:52:23.109+0100] {processor.py:153} INFO - Started process (PID=32075) to work on /home/manu/airflow/dags/hdfs_first_version.py
[2023-01-23T13:52:23.109+0100] {processor.py:743} INFO - Processing file /home/manu/airflow/dags/hdfs_first_version.py for tasks to queue
[2023-01-23T13:52:23.110+0100] {logging_mixin.py:137} INFO - [2023-01-23T13:52:23.110+0100] {dagbag.py:538} INFO - Filling up the DagBag from /home/manu/airflow/dags/hdfs_first_version.py
[2023-01-23T13:52:23.122+0100] {processor.py:753} INFO - DAG(s) dict_keys(['upload_metadata']) retrieved from /home/manu/airflow/dags/hdfs_first_version.py
[2023-01-23T13:52:23.135+0100] {logging_mixin.py:137} INFO - [2023-01-23T13:52:23.135+0100] {dag.py:2690} INFO - Sync 1 DAGs
[2023-01-23T13:52:23.153+0100] {logging_mixin.py:137} INFO - [2023-01-23T13:52:23.153+0100] {dag.py:3437} INFO - Setting next_dagrun for upload_metadata to 2022-01-01T00:00:00+00:00, run_after=2022-01-01T01:00:00+00:00
[2023-01-23T13:52:23.178+0100] {processor.py:175} INFO - Processing /home/manu/airflow/dags/hdfs_first_version.py took 0.072 seconds
[2023-01-23T13:52:53.484+0100] {processor.py:153} INFO - Started process (PID=1007) to work on /home/manu/airflow/dags/hdfs_first_version.py
[2023-01-23T13:52:53.485+0100] {processor.py:743} INFO - Processing file /home/manu/airflow/dags/hdfs_first_version.py for tasks to queue
[2023-01-23T13:52:53.486+0100] {logging_mixin.py:137} INFO - [2023-01-23T13:52:53.486+0100] {dagbag.py:538} INFO - Filling up the DagBag from /home/manu/airflow/dags/hdfs_first_version.py
[2023-01-23T13:52:53.499+0100] {processor.py:753} INFO - DAG(s) dict_keys(['upload_metadata']) retrieved from /home/manu/airflow/dags/hdfs_first_version.py
[2023-01-23T13:52:53.512+0100] {logging_mixin.py:137} INFO - [2023-01-23T13:52:53.512+0100] {dag.py:2690} INFO - Sync 1 DAGs
[2023-01-23T13:52:53.530+0100] {logging_mixin.py:137} INFO - [2023-01-23T13:52:53.529+0100] {dag.py:3437} INFO - Setting next_dagrun for upload_metadata to 2022-01-01T00:00:00+00:00, run_after=2022-01-01T01:00:00+00:00
[2023-01-23T13:52:53.552+0100] {processor.py:175} INFO - Processing /home/manu/airflow/dags/hdfs_first_version.py took 0.072 seconds
[2023-01-23T13:53:23.885+0100] {processor.py:153} INFO - Started process (PID=1537) to work on /home/manu/airflow/dags/hdfs_first_version.py
[2023-01-23T13:53:23.886+0100] {processor.py:743} INFO - Processing file /home/manu/airflow/dags/hdfs_first_version.py for tasks to queue
[2023-01-23T13:53:23.887+0100] {logging_mixin.py:137} INFO - [2023-01-23T13:53:23.887+0100] {dagbag.py:538} INFO - Filling up the DagBag from /home/manu/airflow/dags/hdfs_first_version.py
[2023-01-23T13:53:23.900+0100] {processor.py:753} INFO - DAG(s) dict_keys(['upload_metadata']) retrieved from /home/manu/airflow/dags/hdfs_first_version.py
[2023-01-23T13:53:23.915+0100] {logging_mixin.py:137} INFO - [2023-01-23T13:53:23.915+0100] {dag.py:2690} INFO - Sync 1 DAGs
[2023-01-23T13:53:23.932+0100] {logging_mixin.py:137} INFO - [2023-01-23T13:53:23.932+0100] {dag.py:3437} INFO - Setting next_dagrun for upload_metadata to 2022-01-01T00:00:00+00:00, run_after=2022-01-01T01:00:00+00:00
[2023-01-23T13:53:23.954+0100] {processor.py:175} INFO - Processing /home/manu/airflow/dags/hdfs_first_version.py took 0.073 seconds
[2023-01-23T13:53:54.265+0100] {processor.py:153} INFO - Started process (PID=1640) to work on /home/manu/airflow/dags/hdfs_first_version.py
[2023-01-23T13:53:54.267+0100] {processor.py:743} INFO - Processing file /home/manu/airflow/dags/hdfs_first_version.py for tasks to queue
[2023-01-23T13:53:54.268+0100] {logging_mixin.py:137} INFO - [2023-01-23T13:53:54.268+0100] {dagbag.py:538} INFO - Filling up the DagBag from /home/manu/airflow/dags/hdfs_first_version.py
[2023-01-23T13:53:54.279+0100] {processor.py:753} INFO - DAG(s) dict_keys(['upload_metadata']) retrieved from /home/manu/airflow/dags/hdfs_first_version.py
[2023-01-23T13:53:54.295+0100] {logging_mixin.py:137} INFO - [2023-01-23T13:53:54.295+0100] {dag.py:2690} INFO - Sync 1 DAGs
[2023-01-23T13:53:54.316+0100] {logging_mixin.py:137} INFO - [2023-01-23T13:53:54.316+0100] {dag.py:3437} INFO - Setting next_dagrun for upload_metadata to 2022-01-01T00:00:00+00:00, run_after=2022-01-01T01:00:00+00:00
[2023-01-23T13:53:54.339+0100] {processor.py:175} INFO - Processing /home/manu/airflow/dags/hdfs_first_version.py took 0.077 seconds
[2023-01-23T13:54:24.634+0100] {processor.py:153} INFO - Started process (PID=1744) to work on /home/manu/airflow/dags/hdfs_first_version.py
[2023-01-23T13:54:24.635+0100] {processor.py:743} INFO - Processing file /home/manu/airflow/dags/hdfs_first_version.py for tasks to queue
[2023-01-23T13:54:24.636+0100] {logging_mixin.py:137} INFO - [2023-01-23T13:54:24.636+0100] {dagbag.py:538} INFO - Filling up the DagBag from /home/manu/airflow/dags/hdfs_first_version.py
[2023-01-23T13:54:24.649+0100] {processor.py:753} INFO - DAG(s) dict_keys(['upload_metadata']) retrieved from /home/manu/airflow/dags/hdfs_first_version.py
[2023-01-23T13:54:24.662+0100] {logging_mixin.py:137} INFO - [2023-01-23T13:54:24.662+0100] {dag.py:2690} INFO - Sync 1 DAGs
[2023-01-23T13:54:24.678+0100] {logging_mixin.py:137} INFO - [2023-01-23T13:54:24.678+0100] {dag.py:3437} INFO - Setting next_dagrun for upload_metadata to 2022-01-01T00:00:00+00:00, run_after=2022-01-01T01:00:00+00:00
[2023-01-23T13:54:24.701+0100] {processor.py:175} INFO - Processing /home/manu/airflow/dags/hdfs_first_version.py took 0.069 seconds
[2023-01-23T13:54:55.003+0100] {processor.py:153} INFO - Started process (PID=1851) to work on /home/manu/airflow/dags/hdfs_first_version.py
[2023-01-23T13:54:55.005+0100] {processor.py:743} INFO - Processing file /home/manu/airflow/dags/hdfs_first_version.py for tasks to queue
[2023-01-23T13:54:55.006+0100] {logging_mixin.py:137} INFO - [2023-01-23T13:54:55.006+0100] {dagbag.py:538} INFO - Filling up the DagBag from /home/manu/airflow/dags/hdfs_first_version.py
[2023-01-23T13:54:55.018+0100] {processor.py:753} INFO - DAG(s) dict_keys(['upload_metadata']) retrieved from /home/manu/airflow/dags/hdfs_first_version.py
[2023-01-23T13:54:55.031+0100] {logging_mixin.py:137} INFO - [2023-01-23T13:54:55.031+0100] {dag.py:2690} INFO - Sync 1 DAGs
[2023-01-23T13:54:55.047+0100] {logging_mixin.py:137} INFO - [2023-01-23T13:54:55.047+0100] {dag.py:3437} INFO - Setting next_dagrun for upload_metadata to 2022-01-01T00:00:00+00:00, run_after=2022-01-01T01:00:00+00:00
[2023-01-23T13:54:55.079+0100] {processor.py:175} INFO - Processing /home/manu/airflow/dags/hdfs_first_version.py took 0.078 seconds
[2023-01-23T13:55:25.366+0100] {processor.py:153} INFO - Started process (PID=1955) to work on /home/manu/airflow/dags/hdfs_first_version.py
[2023-01-23T13:55:25.367+0100] {processor.py:743} INFO - Processing file /home/manu/airflow/dags/hdfs_first_version.py for tasks to queue
[2023-01-23T13:55:25.368+0100] {logging_mixin.py:137} INFO - [2023-01-23T13:55:25.368+0100] {dagbag.py:538} INFO - Filling up the DagBag from /home/manu/airflow/dags/hdfs_first_version.py
[2023-01-23T13:55:25.379+0100] {processor.py:753} INFO - DAG(s) dict_keys(['upload_metadata']) retrieved from /home/manu/airflow/dags/hdfs_first_version.py
[2023-01-23T13:55:25.392+0100] {logging_mixin.py:137} INFO - [2023-01-23T13:55:25.392+0100] {dag.py:2690} INFO - Sync 1 DAGs
[2023-01-23T13:55:25.408+0100] {logging_mixin.py:137} INFO - [2023-01-23T13:55:25.408+0100] {dag.py:3437} INFO - Setting next_dagrun for upload_metadata to 2022-01-01T00:00:00+00:00, run_after=2022-01-01T01:00:00+00:00
[2023-01-23T13:55:25.429+0100] {processor.py:175} INFO - Processing /home/manu/airflow/dags/hdfs_first_version.py took 0.067 seconds
[2023-01-23T13:55:55.710+0100] {processor.py:153} INFO - Started process (PID=2060) to work on /home/manu/airflow/dags/hdfs_first_version.py
[2023-01-23T13:55:55.712+0100] {processor.py:743} INFO - Processing file /home/manu/airflow/dags/hdfs_first_version.py for tasks to queue
[2023-01-23T13:55:55.713+0100] {logging_mixin.py:137} INFO - [2023-01-23T13:55:55.712+0100] {dagbag.py:538} INFO - Filling up the DagBag from /home/manu/airflow/dags/hdfs_first_version.py
[2023-01-23T13:55:55.724+0100] {processor.py:753} INFO - DAG(s) dict_keys(['upload_metadata']) retrieved from /home/manu/airflow/dags/hdfs_first_version.py
[2023-01-23T13:55:55.738+0100] {logging_mixin.py:137} INFO - [2023-01-23T13:55:55.737+0100] {dag.py:2690} INFO - Sync 1 DAGs
[2023-01-23T13:55:55.755+0100] {logging_mixin.py:137} INFO - [2023-01-23T13:55:55.755+0100] {dag.py:3437} INFO - Setting next_dagrun for upload_metadata to 2022-01-01T00:00:00+00:00, run_after=2022-01-01T01:00:00+00:00
[2023-01-23T13:55:55.776+0100] {processor.py:175} INFO - Processing /home/manu/airflow/dags/hdfs_first_version.py took 0.068 seconds
[2023-01-23T13:56:26.074+0100] {processor.py:153} INFO - Started process (PID=2163) to work on /home/manu/airflow/dags/hdfs_first_version.py
[2023-01-23T13:56:26.076+0100] {processor.py:743} INFO - Processing file /home/manu/airflow/dags/hdfs_first_version.py for tasks to queue
[2023-01-23T13:56:26.077+0100] {logging_mixin.py:137} INFO - [2023-01-23T13:56:26.077+0100] {dagbag.py:538} INFO - Filling up the DagBag from /home/manu/airflow/dags/hdfs_first_version.py
[2023-01-23T13:56:26.089+0100] {processor.py:753} INFO - DAG(s) dict_keys(['upload_metadata']) retrieved from /home/manu/airflow/dags/hdfs_first_version.py
[2023-01-23T13:56:26.102+0100] {logging_mixin.py:137} INFO - [2023-01-23T13:56:26.102+0100] {dag.py:2690} INFO - Sync 1 DAGs
[2023-01-23T13:56:26.119+0100] {logging_mixin.py:137} INFO - [2023-01-23T13:56:26.118+0100] {dag.py:3437} INFO - Setting next_dagrun for upload_metadata to 2022-01-01T00:00:00+00:00, run_after=2022-01-01T01:00:00+00:00
[2023-01-23T13:56:26.140+0100] {processor.py:175} INFO - Processing /home/manu/airflow/dags/hdfs_first_version.py took 0.068 seconds
[2023-01-23T13:56:56.440+0100] {processor.py:153} INFO - Started process (PID=2270) to work on /home/manu/airflow/dags/hdfs_first_version.py
[2023-01-23T13:56:56.441+0100] {processor.py:743} INFO - Processing file /home/manu/airflow/dags/hdfs_first_version.py for tasks to queue
[2023-01-23T13:56:56.442+0100] {logging_mixin.py:137} INFO - [2023-01-23T13:56:56.442+0100] {dagbag.py:538} INFO - Filling up the DagBag from /home/manu/airflow/dags/hdfs_first_version.py
[2023-01-23T13:56:56.454+0100] {processor.py:753} INFO - DAG(s) dict_keys(['upload_metadata']) retrieved from /home/manu/airflow/dags/hdfs_first_version.py
[2023-01-23T13:56:56.469+0100] {logging_mixin.py:137} INFO - [2023-01-23T13:56:56.468+0100] {dag.py:2690} INFO - Sync 1 DAGs
[2023-01-23T13:56:56.485+0100] {logging_mixin.py:137} INFO - [2023-01-23T13:56:56.485+0100] {dag.py:3437} INFO - Setting next_dagrun for upload_metadata to 2022-01-01T00:00:00+00:00, run_after=2022-01-01T01:00:00+00:00
[2023-01-23T13:56:56.507+0100] {processor.py:175} INFO - Processing /home/manu/airflow/dags/hdfs_first_version.py took 0.070 seconds
[2023-01-23T13:57:26.815+0100] {processor.py:153} INFO - Started process (PID=2373) to work on /home/manu/airflow/dags/hdfs_first_version.py
[2023-01-23T13:57:26.816+0100] {processor.py:743} INFO - Processing file /home/manu/airflow/dags/hdfs_first_version.py for tasks to queue
[2023-01-23T13:57:26.817+0100] {logging_mixin.py:137} INFO - [2023-01-23T13:57:26.817+0100] {dagbag.py:538} INFO - Filling up the DagBag from /home/manu/airflow/dags/hdfs_first_version.py
[2023-01-23T13:57:26.829+0100] {processor.py:753} INFO - DAG(s) dict_keys(['upload_metadata']) retrieved from /home/manu/airflow/dags/hdfs_first_version.py
[2023-01-23T13:57:26.842+0100] {logging_mixin.py:137} INFO - [2023-01-23T13:57:26.842+0100] {dag.py:2690} INFO - Sync 1 DAGs
[2023-01-23T13:57:26.861+0100] {logging_mixin.py:137} INFO - [2023-01-23T13:57:26.861+0100] {dag.py:3437} INFO - Setting next_dagrun for upload_metadata to 2022-01-01T00:00:00+00:00, run_after=2022-01-01T01:00:00+00:00
[2023-01-23T13:57:26.882+0100] {processor.py:175} INFO - Processing /home/manu/airflow/dags/hdfs_first_version.py took 0.070 seconds
[2023-01-23T13:57:57.174+0100] {processor.py:153} INFO - Started process (PID=2478) to work on /home/manu/airflow/dags/hdfs_first_version.py
[2023-01-23T13:57:57.176+0100] {processor.py:743} INFO - Processing file /home/manu/airflow/dags/hdfs_first_version.py for tasks to queue
[2023-01-23T13:57:57.177+0100] {logging_mixin.py:137} INFO - [2023-01-23T13:57:57.177+0100] {dagbag.py:538} INFO - Filling up the DagBag from /home/manu/airflow/dags/hdfs_first_version.py
[2023-01-23T13:57:57.189+0100] {processor.py:753} INFO - DAG(s) dict_keys(['upload_metadata']) retrieved from /home/manu/airflow/dags/hdfs_first_version.py
[2023-01-23T13:57:57.203+0100] {logging_mixin.py:137} INFO - [2023-01-23T13:57:57.203+0100] {dag.py:2690} INFO - Sync 1 DAGs
[2023-01-23T13:57:57.221+0100] {logging_mixin.py:137} INFO - [2023-01-23T13:57:57.221+0100] {dag.py:3437} INFO - Setting next_dagrun for upload_metadata to 2022-01-01T00:00:00+00:00, run_after=2022-01-01T01:00:00+00:00
[2023-01-23T13:57:57.245+0100] {processor.py:175} INFO - Processing /home/manu/airflow/dags/hdfs_first_version.py took 0.074 seconds
[2023-01-23T13:58:27.539+0100] {processor.py:153} INFO - Started process (PID=2582) to work on /home/manu/airflow/dags/hdfs_first_version.py
[2023-01-23T13:58:27.540+0100] {processor.py:743} INFO - Processing file /home/manu/airflow/dags/hdfs_first_version.py for tasks to queue
[2023-01-23T13:58:27.542+0100] {logging_mixin.py:137} INFO - [2023-01-23T13:58:27.541+0100] {dagbag.py:538} INFO - Filling up the DagBag from /home/manu/airflow/dags/hdfs_first_version.py
[2023-01-23T13:58:27.555+0100] {processor.py:753} INFO - DAG(s) dict_keys(['upload_metadata']) retrieved from /home/manu/airflow/dags/hdfs_first_version.py
[2023-01-23T13:58:27.570+0100] {logging_mixin.py:137} INFO - [2023-01-23T13:58:27.570+0100] {dag.py:2690} INFO - Sync 1 DAGs
[2023-01-23T13:58:27.588+0100] {logging_mixin.py:137} INFO - [2023-01-23T13:58:27.588+0100] {dag.py:3437} INFO - Setting next_dagrun for upload_metadata to 2022-01-01T00:00:00+00:00, run_after=2022-01-01T01:00:00+00:00
[2023-01-23T13:58:27.611+0100] {processor.py:175} INFO - Processing /home/manu/airflow/dags/hdfs_first_version.py took 0.075 seconds
[2023-01-23T13:58:57.900+0100] {processor.py:153} INFO - Started process (PID=2687) to work on /home/manu/airflow/dags/hdfs_first_version.py
[2023-01-23T13:58:57.901+0100] {processor.py:743} INFO - Processing file /home/manu/airflow/dags/hdfs_first_version.py for tasks to queue
[2023-01-23T13:58:57.901+0100] {logging_mixin.py:137} INFO - [2023-01-23T13:58:57.901+0100] {dagbag.py:538} INFO - Filling up the DagBag from /home/manu/airflow/dags/hdfs_first_version.py
[2023-01-23T13:58:57.915+0100] {processor.py:753} INFO - DAG(s) dict_keys(['upload_metadata']) retrieved from /home/manu/airflow/dags/hdfs_first_version.py
[2023-01-23T13:58:57.931+0100] {logging_mixin.py:137} INFO - [2023-01-23T13:58:57.931+0100] {dag.py:2690} INFO - Sync 1 DAGs
[2023-01-23T13:58:57.950+0100] {logging_mixin.py:137} INFO - [2023-01-23T13:58:57.949+0100] {dag.py:3437} INFO - Setting next_dagrun for upload_metadata to 2022-01-01T00:00:00+00:00, run_after=2022-01-01T01:00:00+00:00
[2023-01-23T13:58:58.068+0100] {processor.py:175} INFO - Processing /home/manu/airflow/dags/hdfs_first_version.py took 0.171 seconds
[2023-01-23T13:59:28.364+0100] {processor.py:153} INFO - Started process (PID=2791) to work on /home/manu/airflow/dags/hdfs_first_version.py
[2023-01-23T13:59:28.365+0100] {processor.py:743} INFO - Processing file /home/manu/airflow/dags/hdfs_first_version.py for tasks to queue
[2023-01-23T13:59:28.366+0100] {logging_mixin.py:137} INFO - [2023-01-23T13:59:28.366+0100] {dagbag.py:538} INFO - Filling up the DagBag from /home/manu/airflow/dags/hdfs_first_version.py
[2023-01-23T13:59:28.381+0100] {processor.py:753} INFO - DAG(s) dict_keys(['upload_metadata']) retrieved from /home/manu/airflow/dags/hdfs_first_version.py
[2023-01-23T13:59:28.396+0100] {logging_mixin.py:137} INFO - [2023-01-23T13:59:28.396+0100] {dag.py:2690} INFO - Sync 1 DAGs
[2023-01-23T13:59:28.415+0100] {logging_mixin.py:137} INFO - [2023-01-23T13:59:28.415+0100] {dag.py:3437} INFO - Setting next_dagrun for upload_metadata to 2022-01-01T00:00:00+00:00, run_after=2022-01-01T01:00:00+00:00
[2023-01-23T13:59:28.526+0100] {processor.py:175} INFO - Processing /home/manu/airflow/dags/hdfs_first_version.py took 0.165 seconds
[2023-01-23T13:59:58.844+0100] {processor.py:153} INFO - Started process (PID=2896) to work on /home/manu/airflow/dags/hdfs_first_version.py
[2023-01-23T13:59:58.846+0100] {processor.py:743} INFO - Processing file /home/manu/airflow/dags/hdfs_first_version.py for tasks to queue
[2023-01-23T13:59:58.847+0100] {logging_mixin.py:137} INFO - [2023-01-23T13:59:58.846+0100] {dagbag.py:538} INFO - Filling up the DagBag from /home/manu/airflow/dags/hdfs_first_version.py
[2023-01-23T13:59:58.859+0100] {processor.py:753} INFO - DAG(s) dict_keys(['upload_metadata']) retrieved from /home/manu/airflow/dags/hdfs_first_version.py
[2023-01-23T13:59:58.875+0100] {logging_mixin.py:137} INFO - [2023-01-23T13:59:58.875+0100] {dag.py:2690} INFO - Sync 1 DAGs
[2023-01-23T13:59:58.984+0100] {logging_mixin.py:137} INFO - [2023-01-23T13:59:58.984+0100] {dag.py:3437} INFO - Setting next_dagrun for upload_metadata to 2022-01-01T00:00:00+00:00, run_after=2022-01-01T01:00:00+00:00
[2023-01-23T13:59:59.005+0100] {processor.py:175} INFO - Processing /home/manu/airflow/dags/hdfs_first_version.py took 0.164 seconds
[2023-01-23T14:00:29.324+0100] {processor.py:153} INFO - Started process (PID=2999) to work on /home/manu/airflow/dags/hdfs_first_version.py
[2023-01-23T14:00:29.325+0100] {processor.py:743} INFO - Processing file /home/manu/airflow/dags/hdfs_first_version.py for tasks to queue
[2023-01-23T14:00:29.326+0100] {logging_mixin.py:137} INFO - [2023-01-23T14:00:29.325+0100] {dagbag.py:538} INFO - Filling up the DagBag from /home/manu/airflow/dags/hdfs_first_version.py
[2023-01-23T14:00:29.337+0100] {processor.py:753} INFO - DAG(s) dict_keys(['upload_metadata']) retrieved from /home/manu/airflow/dags/hdfs_first_version.py
[2023-01-23T14:00:29.351+0100] {logging_mixin.py:137} INFO - [2023-01-23T14:00:29.351+0100] {dag.py:2690} INFO - Sync 1 DAGs
[2023-01-23T14:00:29.447+0100] {logging_mixin.py:137} INFO - [2023-01-23T14:00:29.447+0100] {dag.py:3437} INFO - Setting next_dagrun for upload_metadata to 2022-01-01T00:00:00+00:00, run_after=2022-01-01T01:00:00+00:00
[2023-01-23T14:00:29.467+0100] {processor.py:175} INFO - Processing /home/manu/airflow/dags/hdfs_first_version.py took 0.146 seconds
